[2025-02-01T07:36:58.346+0000] {processor.py:186} INFO - Started process (PID=148) to work on /home/airflow/.local/lib/python3.12/site-packages/airflow/example_dags/example_python_decorator.py
[2025-02-01T07:36:58.348+0000] {processor.py:914} INFO - Processing file /home/airflow/.local/lib/python3.12/site-packages/airflow/example_dags/example_python_decorator.py for tasks to queue
[2025-02-01T07:36:58.353+0000] {logging_mixin.py:190} INFO - [2025-02-01T07:36:58.353+0000] {dagbag.py:588} INFO - Filling up the DagBag from /home/airflow/.local/lib/python3.12/site-packages/airflow/example_dags/example_python_decorator.py
[2025-02-01T07:36:58.390+0000] {processor.py:925} INFO - DAG(s) 'example_python_decorator' retrieved from /home/airflow/.local/lib/python3.12/site-packages/airflow/example_dags/example_python_decorator.py
[2025-02-01T07:36:58.560+0000] {logging_mixin.py:190} INFO - [2025-02-01T07:36:58.560+0000] {dag.py:3239} INFO - Sync 1 DAGs
[2025-02-01T07:36:58.579+0000] {logging_mixin.py:190} INFO - [2025-02-01T07:36:58.579+0000] {dag.py:4180} INFO - Setting next_dagrun for example_python_decorator to None, run_after=None
[2025-02-01T07:36:58.606+0000] {processor.py:208} INFO - Processing /home/airflow/.local/lib/python3.12/site-packages/airflow/example_dags/example_python_decorator.py took 0.273 seconds
[2025-02-01T07:37:29.505+0000] {processor.py:186} INFO - Started process (PID=218) to work on /home/airflow/.local/lib/python3.12/site-packages/airflow/example_dags/example_python_decorator.py
[2025-02-01T07:37:29.507+0000] {processor.py:914} INFO - Processing file /home/airflow/.local/lib/python3.12/site-packages/airflow/example_dags/example_python_decorator.py for tasks to queue
[2025-02-01T07:37:29.510+0000] {logging_mixin.py:190} INFO - [2025-02-01T07:37:29.510+0000] {dagbag.py:588} INFO - Filling up the DagBag from /home/airflow/.local/lib/python3.12/site-packages/airflow/example_dags/example_python_decorator.py
[2025-02-01T07:37:29.539+0000] {processor.py:925} INFO - DAG(s) 'example_python_decorator' retrieved from /home/airflow/.local/lib/python3.12/site-packages/airflow/example_dags/example_python_decorator.py
[2025-02-01T07:37:29.574+0000] {logging_mixin.py:190} INFO - [2025-02-01T07:37:29.574+0000] {dag.py:3239} INFO - Sync 1 DAGs
[2025-02-01T07:37:29.596+0000] {logging_mixin.py:190} INFO - [2025-02-01T07:37:29.596+0000] {dag.py:4180} INFO - Setting next_dagrun for example_python_decorator to None, run_after=None
[2025-02-01T07:37:29.633+0000] {processor.py:208} INFO - Processing /home/airflow/.local/lib/python3.12/site-packages/airflow/example_dags/example_python_decorator.py took 0.137 seconds
[2025-02-01T07:37:59.973+0000] {processor.py:186} INFO - Started process (PID=284) to work on /home/airflow/.local/lib/python3.12/site-packages/airflow/example_dags/example_python_decorator.py
[2025-02-01T07:37:59.974+0000] {processor.py:914} INFO - Processing file /home/airflow/.local/lib/python3.12/site-packages/airflow/example_dags/example_python_decorator.py for tasks to queue
[2025-02-01T07:37:59.978+0000] {logging_mixin.py:190} INFO - [2025-02-01T07:37:59.978+0000] {dagbag.py:588} INFO - Filling up the DagBag from /home/airflow/.local/lib/python3.12/site-packages/airflow/example_dags/example_python_decorator.py
[2025-02-01T07:38:00.000+0000] {processor.py:925} INFO - DAG(s) 'example_python_decorator' retrieved from /home/airflow/.local/lib/python3.12/site-packages/airflow/example_dags/example_python_decorator.py
[2025-02-01T07:38:00.042+0000] {logging_mixin.py:190} INFO - [2025-02-01T07:38:00.042+0000] {dag.py:3239} INFO - Sync 1 DAGs
[2025-02-01T07:38:00.064+0000] {logging_mixin.py:190} INFO - [2025-02-01T07:38:00.063+0000] {dag.py:4180} INFO - Setting next_dagrun for example_python_decorator to None, run_after=None
[2025-02-01T07:38:00.101+0000] {processor.py:208} INFO - Processing /home/airflow/.local/lib/python3.12/site-packages/airflow/example_dags/example_python_decorator.py took 0.138 seconds
[2025-02-01T07:38:30.706+0000] {processor.py:186} INFO - Started process (PID=350) to work on /home/airflow/.local/lib/python3.12/site-packages/airflow/example_dags/example_python_decorator.py
[2025-02-01T07:38:30.708+0000] {processor.py:914} INFO - Processing file /home/airflow/.local/lib/python3.12/site-packages/airflow/example_dags/example_python_decorator.py for tasks to queue
[2025-02-01T07:38:30.711+0000] {logging_mixin.py:190} INFO - [2025-02-01T07:38:30.711+0000] {dagbag.py:588} INFO - Filling up the DagBag from /home/airflow/.local/lib/python3.12/site-packages/airflow/example_dags/example_python_decorator.py
[2025-02-01T07:38:30.731+0000] {processor.py:925} INFO - DAG(s) 'example_python_decorator' retrieved from /home/airflow/.local/lib/python3.12/site-packages/airflow/example_dags/example_python_decorator.py
[2025-02-01T07:38:30.757+0000] {logging_mixin.py:190} INFO - [2025-02-01T07:38:30.757+0000] {dag.py:3239} INFO - Sync 1 DAGs
[2025-02-01T07:38:30.777+0000] {logging_mixin.py:190} INFO - [2025-02-01T07:38:30.777+0000] {dag.py:4180} INFO - Setting next_dagrun for example_python_decorator to None, run_after=None
[2025-02-01T07:38:30.814+0000] {processor.py:208} INFO - Processing /home/airflow/.local/lib/python3.12/site-packages/airflow/example_dags/example_python_decorator.py took 0.119 seconds
[2025-02-01T07:39:02.657+0000] {processor.py:186} INFO - Started process (PID=416) to work on /home/airflow/.local/lib/python3.12/site-packages/airflow/example_dags/example_python_decorator.py
[2025-02-01T07:39:02.659+0000] {processor.py:914} INFO - Processing file /home/airflow/.local/lib/python3.12/site-packages/airflow/example_dags/example_python_decorator.py for tasks to queue
[2025-02-01T07:39:02.662+0000] {logging_mixin.py:190} INFO - [2025-02-01T07:39:02.662+0000] {dagbag.py:588} INFO - Filling up the DagBag from /home/airflow/.local/lib/python3.12/site-packages/airflow/example_dags/example_python_decorator.py
[2025-02-01T07:39:02.682+0000] {processor.py:925} INFO - DAG(s) 'example_python_decorator' retrieved from /home/airflow/.local/lib/python3.12/site-packages/airflow/example_dags/example_python_decorator.py
[2025-02-01T07:39:02.715+0000] {logging_mixin.py:190} INFO - [2025-02-01T07:39:02.715+0000] {dag.py:3239} INFO - Sync 1 DAGs
[2025-02-01T07:39:02.739+0000] {logging_mixin.py:190} INFO - [2025-02-01T07:39:02.738+0000] {dag.py:4180} INFO - Setting next_dagrun for example_python_decorator to None, run_after=None
[2025-02-01T07:39:02.769+0000] {processor.py:208} INFO - Processing /home/airflow/.local/lib/python3.12/site-packages/airflow/example_dags/example_python_decorator.py took 0.121 seconds
[2025-02-01T07:39:35.088+0000] {processor.py:186} INFO - Started process (PID=488) to work on /home/airflow/.local/lib/python3.12/site-packages/airflow/example_dags/example_python_decorator.py
[2025-02-01T07:39:35.089+0000] {processor.py:914} INFO - Processing file /home/airflow/.local/lib/python3.12/site-packages/airflow/example_dags/example_python_decorator.py for tasks to queue
[2025-02-01T07:39:35.092+0000] {logging_mixin.py:190} INFO - [2025-02-01T07:39:35.091+0000] {dagbag.py:588} INFO - Filling up the DagBag from /home/airflow/.local/lib/python3.12/site-packages/airflow/example_dags/example_python_decorator.py
[2025-02-01T07:39:35.110+0000] {processor.py:925} INFO - DAG(s) 'example_python_decorator' retrieved from /home/airflow/.local/lib/python3.12/site-packages/airflow/example_dags/example_python_decorator.py
[2025-02-01T07:39:35.138+0000] {logging_mixin.py:190} INFO - [2025-02-01T07:39:35.137+0000] {dag.py:3239} INFO - Sync 1 DAGs
[2025-02-01T07:39:35.155+0000] {logging_mixin.py:190} INFO - [2025-02-01T07:39:35.155+0000] {dag.py:4180} INFO - Setting next_dagrun for example_python_decorator to None, run_after=None
[2025-02-01T07:39:35.181+0000] {processor.py:208} INFO - Processing /home/airflow/.local/lib/python3.12/site-packages/airflow/example_dags/example_python_decorator.py took 0.103 seconds
[2025-02-01T07:40:05.983+0000] {processor.py:186} INFO - Started process (PID=554) to work on /home/airflow/.local/lib/python3.12/site-packages/airflow/example_dags/example_python_decorator.py
[2025-02-01T07:40:05.984+0000] {processor.py:914} INFO - Processing file /home/airflow/.local/lib/python3.12/site-packages/airflow/example_dags/example_python_decorator.py for tasks to queue
[2025-02-01T07:40:05.988+0000] {logging_mixin.py:190} INFO - [2025-02-01T07:40:05.987+0000] {dagbag.py:588} INFO - Filling up the DagBag from /home/airflow/.local/lib/python3.12/site-packages/airflow/example_dags/example_python_decorator.py
[2025-02-01T07:40:06.009+0000] {processor.py:925} INFO - DAG(s) 'example_python_decorator' retrieved from /home/airflow/.local/lib/python3.12/site-packages/airflow/example_dags/example_python_decorator.py
[2025-02-01T07:40:06.040+0000] {logging_mixin.py:190} INFO - [2025-02-01T07:40:06.040+0000] {dag.py:3239} INFO - Sync 1 DAGs
[2025-02-01T07:40:06.061+0000] {logging_mixin.py:190} INFO - [2025-02-01T07:40:06.060+0000] {dag.py:4180} INFO - Setting next_dagrun for example_python_decorator to None, run_after=None
[2025-02-01T07:40:06.086+0000] {processor.py:208} INFO - Processing /home/airflow/.local/lib/python3.12/site-packages/airflow/example_dags/example_python_decorator.py took 0.112 seconds
[2025-02-01T07:40:36.815+0000] {processor.py:186} INFO - Started process (PID=620) to work on /home/airflow/.local/lib/python3.12/site-packages/airflow/example_dags/example_python_decorator.py
[2025-02-01T07:40:36.822+0000] {processor.py:914} INFO - Processing file /home/airflow/.local/lib/python3.12/site-packages/airflow/example_dags/example_python_decorator.py for tasks to queue
[2025-02-01T07:40:36.826+0000] {logging_mixin.py:190} INFO - [2025-02-01T07:40:36.825+0000] {dagbag.py:588} INFO - Filling up the DagBag from /home/airflow/.local/lib/python3.12/site-packages/airflow/example_dags/example_python_decorator.py
[2025-02-01T07:40:36.850+0000] {processor.py:925} INFO - DAG(s) 'example_python_decorator' retrieved from /home/airflow/.local/lib/python3.12/site-packages/airflow/example_dags/example_python_decorator.py
[2025-02-01T07:40:36.885+0000] {logging_mixin.py:190} INFO - [2025-02-01T07:40:36.885+0000] {dag.py:3239} INFO - Sync 1 DAGs
[2025-02-01T07:40:36.911+0000] {logging_mixin.py:190} INFO - [2025-02-01T07:40:36.910+0000] {dag.py:4180} INFO - Setting next_dagrun for example_python_decorator to None, run_after=None
[2025-02-01T07:40:36.950+0000] {processor.py:208} INFO - Processing /home/airflow/.local/lib/python3.12/site-packages/airflow/example_dags/example_python_decorator.py took 0.160 seconds
[2025-02-01T07:41:07.654+0000] {processor.py:186} INFO - Started process (PID=685) to work on /home/airflow/.local/lib/python3.12/site-packages/airflow/example_dags/example_python_decorator.py
[2025-02-01T07:41:07.655+0000] {processor.py:914} INFO - Processing file /home/airflow/.local/lib/python3.12/site-packages/airflow/example_dags/example_python_decorator.py for tasks to queue
[2025-02-01T07:41:07.658+0000] {logging_mixin.py:190} INFO - [2025-02-01T07:41:07.658+0000] {dagbag.py:588} INFO - Filling up the DagBag from /home/airflow/.local/lib/python3.12/site-packages/airflow/example_dags/example_python_decorator.py
[2025-02-01T07:41:07.679+0000] {processor.py:925} INFO - DAG(s) 'example_python_decorator' retrieved from /home/airflow/.local/lib/python3.12/site-packages/airflow/example_dags/example_python_decorator.py
[2025-02-01T07:41:07.711+0000] {logging_mixin.py:190} INFO - [2025-02-01T07:41:07.711+0000] {dag.py:3239} INFO - Sync 1 DAGs
[2025-02-01T07:41:07.738+0000] {logging_mixin.py:190} INFO - [2025-02-01T07:41:07.734+0000] {dag.py:4180} INFO - Setting next_dagrun for example_python_decorator to None, run_after=None
[2025-02-01T07:41:07.769+0000] {processor.py:208} INFO - Processing /home/airflow/.local/lib/python3.12/site-packages/airflow/example_dags/example_python_decorator.py took 0.124 seconds
[2025-02-01T07:41:39.334+0000] {processor.py:186} INFO - Started process (PID=751) to work on /home/airflow/.local/lib/python3.12/site-packages/airflow/example_dags/example_python_decorator.py
[2025-02-01T07:41:39.335+0000] {processor.py:914} INFO - Processing file /home/airflow/.local/lib/python3.12/site-packages/airflow/example_dags/example_python_decorator.py for tasks to queue
[2025-02-01T07:41:39.339+0000] {logging_mixin.py:190} INFO - [2025-02-01T07:41:39.338+0000] {dagbag.py:588} INFO - Filling up the DagBag from /home/airflow/.local/lib/python3.12/site-packages/airflow/example_dags/example_python_decorator.py
[2025-02-01T07:41:39.373+0000] {processor.py:925} INFO - DAG(s) 'example_python_decorator' retrieved from /home/airflow/.local/lib/python3.12/site-packages/airflow/example_dags/example_python_decorator.py
[2025-02-01T07:41:39.406+0000] {logging_mixin.py:190} INFO - [2025-02-01T07:41:39.406+0000] {dag.py:3239} INFO - Sync 1 DAGs
[2025-02-01T07:41:39.424+0000] {logging_mixin.py:190} INFO - [2025-02-01T07:41:39.424+0000] {dag.py:4180} INFO - Setting next_dagrun for example_python_decorator to None, run_after=None
[2025-02-01T07:41:39.454+0000] {processor.py:208} INFO - Processing /home/airflow/.local/lib/python3.12/site-packages/airflow/example_dags/example_python_decorator.py took 0.132 seconds
[2025-02-01T07:42:10.853+0000] {processor.py:186} INFO - Started process (PID=817) to work on /home/airflow/.local/lib/python3.12/site-packages/airflow/example_dags/example_python_decorator.py
[2025-02-01T07:42:10.855+0000] {processor.py:914} INFO - Processing file /home/airflow/.local/lib/python3.12/site-packages/airflow/example_dags/example_python_decorator.py for tasks to queue
[2025-02-01T07:42:10.858+0000] {logging_mixin.py:190} INFO - [2025-02-01T07:42:10.858+0000] {dagbag.py:588} INFO - Filling up the DagBag from /home/airflow/.local/lib/python3.12/site-packages/airflow/example_dags/example_python_decorator.py
[2025-02-01T07:42:10.887+0000] {processor.py:925} INFO - DAG(s) 'example_python_decorator' retrieved from /home/airflow/.local/lib/python3.12/site-packages/airflow/example_dags/example_python_decorator.py
[2025-02-01T07:42:10.920+0000] {logging_mixin.py:190} INFO - [2025-02-01T07:42:10.920+0000] {dag.py:3239} INFO - Sync 1 DAGs
[2025-02-01T07:42:10.941+0000] {logging_mixin.py:190} INFO - [2025-02-01T07:42:10.941+0000] {dag.py:4180} INFO - Setting next_dagrun for example_python_decorator to None, run_after=None
[2025-02-01T07:42:10.971+0000] {processor.py:208} INFO - Processing /home/airflow/.local/lib/python3.12/site-packages/airflow/example_dags/example_python_decorator.py took 0.130 seconds
[2025-02-01T07:42:42.442+0000] {processor.py:186} INFO - Started process (PID=883) to work on /home/airflow/.local/lib/python3.12/site-packages/airflow/example_dags/example_python_decorator.py
[2025-02-01T07:42:42.443+0000] {processor.py:914} INFO - Processing file /home/airflow/.local/lib/python3.12/site-packages/airflow/example_dags/example_python_decorator.py for tasks to queue
[2025-02-01T07:42:42.446+0000] {logging_mixin.py:190} INFO - [2025-02-01T07:42:42.446+0000] {dagbag.py:588} INFO - Filling up the DagBag from /home/airflow/.local/lib/python3.12/site-packages/airflow/example_dags/example_python_decorator.py
[2025-02-01T07:42:42.464+0000] {processor.py:925} INFO - DAG(s) 'example_python_decorator' retrieved from /home/airflow/.local/lib/python3.12/site-packages/airflow/example_dags/example_python_decorator.py
[2025-02-01T07:42:42.490+0000] {logging_mixin.py:190} INFO - [2025-02-01T07:42:42.489+0000] {dag.py:3239} INFO - Sync 1 DAGs
[2025-02-01T07:42:42.510+0000] {logging_mixin.py:190} INFO - [2025-02-01T07:42:42.509+0000] {dag.py:4180} INFO - Setting next_dagrun for example_python_decorator to None, run_after=None
[2025-02-01T07:42:42.534+0000] {processor.py:208} INFO - Processing /home/airflow/.local/lib/python3.12/site-packages/airflow/example_dags/example_python_decorator.py took 0.100 seconds
[2025-02-01T07:43:13.632+0000] {processor.py:186} INFO - Started process (PID=949) to work on /home/airflow/.local/lib/python3.12/site-packages/airflow/example_dags/example_python_decorator.py
[2025-02-01T07:43:13.633+0000] {processor.py:914} INFO - Processing file /home/airflow/.local/lib/python3.12/site-packages/airflow/example_dags/example_python_decorator.py for tasks to queue
[2025-02-01T07:43:13.636+0000] {logging_mixin.py:190} INFO - [2025-02-01T07:43:13.636+0000] {dagbag.py:588} INFO - Filling up the DagBag from /home/airflow/.local/lib/python3.12/site-packages/airflow/example_dags/example_python_decorator.py
[2025-02-01T07:43:13.663+0000] {processor.py:925} INFO - DAG(s) 'example_python_decorator' retrieved from /home/airflow/.local/lib/python3.12/site-packages/airflow/example_dags/example_python_decorator.py
[2025-02-01T07:43:13.692+0000] {logging_mixin.py:190} INFO - [2025-02-01T07:43:13.692+0000] {dag.py:3239} INFO - Sync 1 DAGs
[2025-02-01T07:43:13.711+0000] {logging_mixin.py:190} INFO - [2025-02-01T07:43:13.711+0000] {dag.py:4180} INFO - Setting next_dagrun for example_python_decorator to None, run_after=None
[2025-02-01T07:43:13.739+0000] {processor.py:208} INFO - Processing /home/airflow/.local/lib/python3.12/site-packages/airflow/example_dags/example_python_decorator.py took 0.118 seconds
[2025-02-01T07:43:44.948+0000] {processor.py:186} INFO - Started process (PID=1015) to work on /home/airflow/.local/lib/python3.12/site-packages/airflow/example_dags/example_python_decorator.py
[2025-02-01T07:43:44.950+0000] {processor.py:914} INFO - Processing file /home/airflow/.local/lib/python3.12/site-packages/airflow/example_dags/example_python_decorator.py for tasks to queue
[2025-02-01T07:43:44.953+0000] {logging_mixin.py:190} INFO - [2025-02-01T07:43:44.952+0000] {dagbag.py:588} INFO - Filling up the DagBag from /home/airflow/.local/lib/python3.12/site-packages/airflow/example_dags/example_python_decorator.py
[2025-02-01T07:43:44.974+0000] {processor.py:925} INFO - DAG(s) 'example_python_decorator' retrieved from /home/airflow/.local/lib/python3.12/site-packages/airflow/example_dags/example_python_decorator.py
[2025-02-01T07:43:45.005+0000] {logging_mixin.py:190} INFO - [2025-02-01T07:43:45.005+0000] {dag.py:3239} INFO - Sync 1 DAGs
[2025-02-01T07:43:45.025+0000] {logging_mixin.py:190} INFO - [2025-02-01T07:43:45.025+0000] {dag.py:4180} INFO - Setting next_dagrun for example_python_decorator to None, run_after=None
[2025-02-01T07:43:45.052+0000] {processor.py:208} INFO - Processing /home/airflow/.local/lib/python3.12/site-packages/airflow/example_dags/example_python_decorator.py took 0.112 seconds
[2025-02-01T07:44:17.621+0000] {processor.py:186} INFO - Started process (PID=1081) to work on /home/airflow/.local/lib/python3.12/site-packages/airflow/example_dags/example_python_decorator.py
[2025-02-01T07:44:17.622+0000] {processor.py:914} INFO - Processing file /home/airflow/.local/lib/python3.12/site-packages/airflow/example_dags/example_python_decorator.py for tasks to queue
[2025-02-01T07:44:17.626+0000] {logging_mixin.py:190} INFO - [2025-02-01T07:44:17.625+0000] {dagbag.py:588} INFO - Filling up the DagBag from /home/airflow/.local/lib/python3.12/site-packages/airflow/example_dags/example_python_decorator.py
[2025-02-01T07:44:17.653+0000] {processor.py:925} INFO - DAG(s) 'example_python_decorator' retrieved from /home/airflow/.local/lib/python3.12/site-packages/airflow/example_dags/example_python_decorator.py
[2025-02-01T07:44:17.682+0000] {logging_mixin.py:190} INFO - [2025-02-01T07:44:17.682+0000] {dag.py:3239} INFO - Sync 1 DAGs
[2025-02-01T07:44:17.700+0000] {logging_mixin.py:190} INFO - [2025-02-01T07:44:17.700+0000] {dag.py:4180} INFO - Setting next_dagrun for example_python_decorator to None, run_after=None
[2025-02-01T07:44:17.722+0000] {processor.py:208} INFO - Processing /home/airflow/.local/lib/python3.12/site-packages/airflow/example_dags/example_python_decorator.py took 0.114 seconds
[2025-02-01T07:44:48.713+0000] {processor.py:186} INFO - Started process (PID=1147) to work on /home/airflow/.local/lib/python3.12/site-packages/airflow/example_dags/example_python_decorator.py
[2025-02-01T07:44:48.714+0000] {processor.py:914} INFO - Processing file /home/airflow/.local/lib/python3.12/site-packages/airflow/example_dags/example_python_decorator.py for tasks to queue
[2025-02-01T07:44:48.718+0000] {logging_mixin.py:190} INFO - [2025-02-01T07:44:48.717+0000] {dagbag.py:588} INFO - Filling up the DagBag from /home/airflow/.local/lib/python3.12/site-packages/airflow/example_dags/example_python_decorator.py
[2025-02-01T07:44:48.739+0000] {processor.py:925} INFO - DAG(s) 'example_python_decorator' retrieved from /home/airflow/.local/lib/python3.12/site-packages/airflow/example_dags/example_python_decorator.py
[2025-02-01T07:44:48.769+0000] {logging_mixin.py:190} INFO - [2025-02-01T07:44:48.769+0000] {dag.py:3239} INFO - Sync 1 DAGs
[2025-02-01T07:44:48.794+0000] {logging_mixin.py:190} INFO - [2025-02-01T07:44:48.793+0000] {dag.py:4180} INFO - Setting next_dagrun for example_python_decorator to None, run_after=None
[2025-02-01T07:44:48.826+0000] {processor.py:208} INFO - Processing /home/airflow/.local/lib/python3.12/site-packages/airflow/example_dags/example_python_decorator.py took 0.123 seconds
[2025-02-01T07:45:20.325+0000] {processor.py:186} INFO - Started process (PID=1213) to work on /home/airflow/.local/lib/python3.12/site-packages/airflow/example_dags/example_python_decorator.py
[2025-02-01T07:45:20.327+0000] {processor.py:914} INFO - Processing file /home/airflow/.local/lib/python3.12/site-packages/airflow/example_dags/example_python_decorator.py for tasks to queue
[2025-02-01T07:45:20.330+0000] {logging_mixin.py:190} INFO - [2025-02-01T07:45:20.330+0000] {dagbag.py:588} INFO - Filling up the DagBag from /home/airflow/.local/lib/python3.12/site-packages/airflow/example_dags/example_python_decorator.py
[2025-02-01T07:45:20.353+0000] {processor.py:925} INFO - DAG(s) 'example_python_decorator' retrieved from /home/airflow/.local/lib/python3.12/site-packages/airflow/example_dags/example_python_decorator.py
[2025-02-01T07:45:20.383+0000] {logging_mixin.py:190} INFO - [2025-02-01T07:45:20.382+0000] {dag.py:3239} INFO - Sync 1 DAGs
[2025-02-01T07:45:20.414+0000] {logging_mixin.py:190} INFO - [2025-02-01T07:45:20.413+0000] {dag.py:4180} INFO - Setting next_dagrun for example_python_decorator to None, run_after=None
[2025-02-01T07:45:20.452+0000] {processor.py:208} INFO - Processing /home/airflow/.local/lib/python3.12/site-packages/airflow/example_dags/example_python_decorator.py took 0.139 seconds
[2025-02-01T07:45:51.989+0000] {processor.py:186} INFO - Started process (PID=1279) to work on /home/airflow/.local/lib/python3.12/site-packages/airflow/example_dags/example_python_decorator.py
[2025-02-01T07:45:51.990+0000] {processor.py:914} INFO - Processing file /home/airflow/.local/lib/python3.12/site-packages/airflow/example_dags/example_python_decorator.py for tasks to queue
[2025-02-01T07:45:51.995+0000] {logging_mixin.py:190} INFO - [2025-02-01T07:45:51.995+0000] {dagbag.py:588} INFO - Filling up the DagBag from /home/airflow/.local/lib/python3.12/site-packages/airflow/example_dags/example_python_decorator.py
[2025-02-01T07:45:52.023+0000] {processor.py:925} INFO - DAG(s) 'example_python_decorator' retrieved from /home/airflow/.local/lib/python3.12/site-packages/airflow/example_dags/example_python_decorator.py
[2025-02-01T07:45:52.057+0000] {logging_mixin.py:190} INFO - [2025-02-01T07:45:52.057+0000] {dag.py:3239} INFO - Sync 1 DAGs
[2025-02-01T07:45:52.106+0000] {logging_mixin.py:190} INFO - [2025-02-01T07:45:52.106+0000] {dag.py:4180} INFO - Setting next_dagrun for example_python_decorator to None, run_after=None
[2025-02-01T07:45:52.146+0000] {processor.py:208} INFO - Processing /home/airflow/.local/lib/python3.12/site-packages/airflow/example_dags/example_python_decorator.py took 0.168 seconds
[2025-02-01T07:46:22.531+0000] {processor.py:186} INFO - Started process (PID=1345) to work on /home/airflow/.local/lib/python3.12/site-packages/airflow/example_dags/example_python_decorator.py
[2025-02-01T07:46:22.532+0000] {processor.py:914} INFO - Processing file /home/airflow/.local/lib/python3.12/site-packages/airflow/example_dags/example_python_decorator.py for tasks to queue
[2025-02-01T07:46:22.535+0000] {logging_mixin.py:190} INFO - [2025-02-01T07:46:22.534+0000] {dagbag.py:588} INFO - Filling up the DagBag from /home/airflow/.local/lib/python3.12/site-packages/airflow/example_dags/example_python_decorator.py
[2025-02-01T07:46:22.554+0000] {processor.py:925} INFO - DAG(s) 'example_python_decorator' retrieved from /home/airflow/.local/lib/python3.12/site-packages/airflow/example_dags/example_python_decorator.py
[2025-02-01T07:46:22.591+0000] {logging_mixin.py:190} INFO - [2025-02-01T07:46:22.590+0000] {dag.py:3239} INFO - Sync 1 DAGs
[2025-02-01T07:46:22.609+0000] {logging_mixin.py:190} INFO - [2025-02-01T07:46:22.608+0000] {dag.py:4180} INFO - Setting next_dagrun for example_python_decorator to None, run_after=None
[2025-02-01T07:46:22.643+0000] {processor.py:208} INFO - Processing /home/airflow/.local/lib/python3.12/site-packages/airflow/example_dags/example_python_decorator.py took 0.123 seconds
[2025-02-01T07:46:53.929+0000] {processor.py:186} INFO - Started process (PID=1411) to work on /home/airflow/.local/lib/python3.12/site-packages/airflow/example_dags/example_python_decorator.py
[2025-02-01T07:46:53.930+0000] {processor.py:914} INFO - Processing file /home/airflow/.local/lib/python3.12/site-packages/airflow/example_dags/example_python_decorator.py for tasks to queue
[2025-02-01T07:46:53.933+0000] {logging_mixin.py:190} INFO - [2025-02-01T07:46:53.933+0000] {dagbag.py:588} INFO - Filling up the DagBag from /home/airflow/.local/lib/python3.12/site-packages/airflow/example_dags/example_python_decorator.py
[2025-02-01T07:46:53.955+0000] {processor.py:925} INFO - DAG(s) 'example_python_decorator' retrieved from /home/airflow/.local/lib/python3.12/site-packages/airflow/example_dags/example_python_decorator.py
[2025-02-01T07:46:53.985+0000] {logging_mixin.py:190} INFO - [2025-02-01T07:46:53.984+0000] {dag.py:3239} INFO - Sync 1 DAGs
[2025-02-01T07:46:54.007+0000] {logging_mixin.py:190} INFO - [2025-02-01T07:46:54.007+0000] {dag.py:4180} INFO - Setting next_dagrun for example_python_decorator to None, run_after=None
[2025-02-01T07:46:54.037+0000] {processor.py:208} INFO - Processing /home/airflow/.local/lib/python3.12/site-packages/airflow/example_dags/example_python_decorator.py took 0.118 seconds
[2025-02-01T07:47:25.925+0000] {processor.py:186} INFO - Started process (PID=1477) to work on /home/airflow/.local/lib/python3.12/site-packages/airflow/example_dags/example_python_decorator.py
[2025-02-01T07:47:25.926+0000] {processor.py:914} INFO - Processing file /home/airflow/.local/lib/python3.12/site-packages/airflow/example_dags/example_python_decorator.py for tasks to queue
[2025-02-01T07:47:25.930+0000] {logging_mixin.py:190} INFO - [2025-02-01T07:47:25.929+0000] {dagbag.py:588} INFO - Filling up the DagBag from /home/airflow/.local/lib/python3.12/site-packages/airflow/example_dags/example_python_decorator.py
[2025-02-01T07:47:25.953+0000] {processor.py:925} INFO - DAG(s) 'example_python_decorator' retrieved from /home/airflow/.local/lib/python3.12/site-packages/airflow/example_dags/example_python_decorator.py
[2025-02-01T07:47:25.983+0000] {logging_mixin.py:190} INFO - [2025-02-01T07:47:25.982+0000] {dag.py:3239} INFO - Sync 1 DAGs
[2025-02-01T07:47:26.000+0000] {logging_mixin.py:190} INFO - [2025-02-01T07:47:26.000+0000] {dag.py:4180} INFO - Setting next_dagrun for example_python_decorator to None, run_after=None
[2025-02-01T07:47:26.028+0000] {processor.py:208} INFO - Processing /home/airflow/.local/lib/python3.12/site-packages/airflow/example_dags/example_python_decorator.py took 0.114 seconds
[2025-02-01T07:47:57.558+0000] {processor.py:186} INFO - Started process (PID=1543) to work on /home/airflow/.local/lib/python3.12/site-packages/airflow/example_dags/example_python_decorator.py
[2025-02-01T07:47:57.560+0000] {processor.py:914} INFO - Processing file /home/airflow/.local/lib/python3.12/site-packages/airflow/example_dags/example_python_decorator.py for tasks to queue
[2025-02-01T07:47:57.563+0000] {logging_mixin.py:190} INFO - [2025-02-01T07:47:57.563+0000] {dagbag.py:588} INFO - Filling up the DagBag from /home/airflow/.local/lib/python3.12/site-packages/airflow/example_dags/example_python_decorator.py
[2025-02-01T07:47:57.582+0000] {processor.py:925} INFO - DAG(s) 'example_python_decorator' retrieved from /home/airflow/.local/lib/python3.12/site-packages/airflow/example_dags/example_python_decorator.py
[2025-02-01T07:47:57.609+0000] {logging_mixin.py:190} INFO - [2025-02-01T07:47:57.609+0000] {dag.py:3239} INFO - Sync 1 DAGs
[2025-02-01T07:47:57.628+0000] {logging_mixin.py:190} INFO - [2025-02-01T07:47:57.627+0000] {dag.py:4180} INFO - Setting next_dagrun for example_python_decorator to None, run_after=None
[2025-02-01T07:47:57.657+0000] {processor.py:208} INFO - Processing /home/airflow/.local/lib/python3.12/site-packages/airflow/example_dags/example_python_decorator.py took 0.109 seconds
[2025-02-01T07:48:27.943+0000] {processor.py:186} INFO - Started process (PID=1609) to work on /home/airflow/.local/lib/python3.12/site-packages/airflow/example_dags/example_python_decorator.py
[2025-02-01T07:48:27.945+0000] {processor.py:914} INFO - Processing file /home/airflow/.local/lib/python3.12/site-packages/airflow/example_dags/example_python_decorator.py for tasks to queue
[2025-02-01T07:48:27.947+0000] {logging_mixin.py:190} INFO - [2025-02-01T07:48:27.947+0000] {dagbag.py:588} INFO - Filling up the DagBag from /home/airflow/.local/lib/python3.12/site-packages/airflow/example_dags/example_python_decorator.py
[2025-02-01T07:48:27.971+0000] {processor.py:925} INFO - DAG(s) 'example_python_decorator' retrieved from /home/airflow/.local/lib/python3.12/site-packages/airflow/example_dags/example_python_decorator.py
[2025-02-01T07:48:28.001+0000] {logging_mixin.py:190} INFO - [2025-02-01T07:48:28.000+0000] {dag.py:3239} INFO - Sync 1 DAGs
[2025-02-01T07:48:28.020+0000] {logging_mixin.py:190} INFO - [2025-02-01T07:48:28.019+0000] {dag.py:4180} INFO - Setting next_dagrun for example_python_decorator to None, run_after=None
[2025-02-01T07:48:28.042+0000] {processor.py:208} INFO - Processing /home/airflow/.local/lib/python3.12/site-packages/airflow/example_dags/example_python_decorator.py took 0.109 seconds
[2025-02-01T07:48:59.428+0000] {processor.py:186} INFO - Started process (PID=1675) to work on /home/airflow/.local/lib/python3.12/site-packages/airflow/example_dags/example_python_decorator.py
[2025-02-01T07:48:59.429+0000] {processor.py:914} INFO - Processing file /home/airflow/.local/lib/python3.12/site-packages/airflow/example_dags/example_python_decorator.py for tasks to queue
[2025-02-01T07:48:59.432+0000] {logging_mixin.py:190} INFO - [2025-02-01T07:48:59.432+0000] {dagbag.py:588} INFO - Filling up the DagBag from /home/airflow/.local/lib/python3.12/site-packages/airflow/example_dags/example_python_decorator.py
[2025-02-01T07:48:59.453+0000] {processor.py:925} INFO - DAG(s) 'example_python_decorator' retrieved from /home/airflow/.local/lib/python3.12/site-packages/airflow/example_dags/example_python_decorator.py
[2025-02-01T07:48:59.483+0000] {logging_mixin.py:190} INFO - [2025-02-01T07:48:59.483+0000] {dag.py:3239} INFO - Sync 1 DAGs
[2025-02-01T07:48:59.513+0000] {logging_mixin.py:190} INFO - [2025-02-01T07:48:59.512+0000] {dag.py:4180} INFO - Setting next_dagrun for example_python_decorator to None, run_after=None
[2025-02-01T07:48:59.545+0000] {processor.py:208} INFO - Processing /home/airflow/.local/lib/python3.12/site-packages/airflow/example_dags/example_python_decorator.py took 0.127 seconds
[2025-02-01T07:49:31.021+0000] {processor.py:186} INFO - Started process (PID=1741) to work on /home/airflow/.local/lib/python3.12/site-packages/airflow/example_dags/example_python_decorator.py
[2025-02-01T07:49:31.023+0000] {processor.py:914} INFO - Processing file /home/airflow/.local/lib/python3.12/site-packages/airflow/example_dags/example_python_decorator.py for tasks to queue
[2025-02-01T07:49:31.026+0000] {logging_mixin.py:190} INFO - [2025-02-01T07:49:31.025+0000] {dagbag.py:588} INFO - Filling up the DagBag from /home/airflow/.local/lib/python3.12/site-packages/airflow/example_dags/example_python_decorator.py
[2025-02-01T07:49:31.048+0000] {processor.py:925} INFO - DAG(s) 'example_python_decorator' retrieved from /home/airflow/.local/lib/python3.12/site-packages/airflow/example_dags/example_python_decorator.py
[2025-02-01T07:49:31.077+0000] {logging_mixin.py:190} INFO - [2025-02-01T07:49:31.077+0000] {dag.py:3239} INFO - Sync 1 DAGs
[2025-02-01T07:49:31.097+0000] {logging_mixin.py:190} INFO - [2025-02-01T07:49:31.097+0000] {dag.py:4180} INFO - Setting next_dagrun for example_python_decorator to None, run_after=None
[2025-02-01T07:49:31.120+0000] {processor.py:208} INFO - Processing /home/airflow/.local/lib/python3.12/site-packages/airflow/example_dags/example_python_decorator.py took 0.107 seconds
[2025-02-01T07:50:02.295+0000] {processor.py:186} INFO - Started process (PID=1807) to work on /home/airflow/.local/lib/python3.12/site-packages/airflow/example_dags/example_python_decorator.py
[2025-02-01T07:50:02.296+0000] {processor.py:914} INFO - Processing file /home/airflow/.local/lib/python3.12/site-packages/airflow/example_dags/example_python_decorator.py for tasks to queue
[2025-02-01T07:50:02.299+0000] {logging_mixin.py:190} INFO - [2025-02-01T07:50:02.298+0000] {dagbag.py:588} INFO - Filling up the DagBag from /home/airflow/.local/lib/python3.12/site-packages/airflow/example_dags/example_python_decorator.py
[2025-02-01T07:50:02.318+0000] {processor.py:925} INFO - DAG(s) 'example_python_decorator' retrieved from /home/airflow/.local/lib/python3.12/site-packages/airflow/example_dags/example_python_decorator.py
[2025-02-01T07:50:02.348+0000] {logging_mixin.py:190} INFO - [2025-02-01T07:50:02.347+0000] {dag.py:3239} INFO - Sync 1 DAGs
[2025-02-01T07:50:02.368+0000] {logging_mixin.py:190} INFO - [2025-02-01T07:50:02.368+0000] {dag.py:4180} INFO - Setting next_dagrun for example_python_decorator to None, run_after=None
[2025-02-01T07:50:02.391+0000] {processor.py:208} INFO - Processing /home/airflow/.local/lib/python3.12/site-packages/airflow/example_dags/example_python_decorator.py took 0.106 seconds
[2025-02-01T07:50:34.413+0000] {processor.py:186} INFO - Started process (PID=1877) to work on /home/airflow/.local/lib/python3.12/site-packages/airflow/example_dags/example_python_decorator.py
[2025-02-01T07:50:34.415+0000] {processor.py:914} INFO - Processing file /home/airflow/.local/lib/python3.12/site-packages/airflow/example_dags/example_python_decorator.py for tasks to queue
[2025-02-01T07:50:34.421+0000] {logging_mixin.py:190} INFO - [2025-02-01T07:50:34.420+0000] {dagbag.py:588} INFO - Filling up the DagBag from /home/airflow/.local/lib/python3.12/site-packages/airflow/example_dags/example_python_decorator.py
[2025-02-01T07:50:34.443+0000] {processor.py:925} INFO - DAG(s) 'example_python_decorator' retrieved from /home/airflow/.local/lib/python3.12/site-packages/airflow/example_dags/example_python_decorator.py
[2025-02-01T07:50:34.471+0000] {logging_mixin.py:190} INFO - [2025-02-01T07:50:34.471+0000] {dag.py:3239} INFO - Sync 1 DAGs
[2025-02-01T07:50:34.489+0000] {logging_mixin.py:190} INFO - [2025-02-01T07:50:34.489+0000] {dag.py:4180} INFO - Setting next_dagrun for example_python_decorator to None, run_after=None
[2025-02-01T07:50:34.523+0000] {processor.py:208} INFO - Processing /home/airflow/.local/lib/python3.12/site-packages/airflow/example_dags/example_python_decorator.py took 0.121 seconds
[2025-02-01T07:51:05.763+0000] {processor.py:186} INFO - Started process (PID=1951) to work on /home/airflow/.local/lib/python3.12/site-packages/airflow/example_dags/example_python_decorator.py
[2025-02-01T07:51:05.764+0000] {processor.py:914} INFO - Processing file /home/airflow/.local/lib/python3.12/site-packages/airflow/example_dags/example_python_decorator.py for tasks to queue
[2025-02-01T07:51:05.768+0000] {logging_mixin.py:190} INFO - [2025-02-01T07:51:05.767+0000] {dagbag.py:588} INFO - Filling up the DagBag from /home/airflow/.local/lib/python3.12/site-packages/airflow/example_dags/example_python_decorator.py
[2025-02-01T07:51:05.788+0000] {processor.py:925} INFO - DAG(s) 'example_python_decorator' retrieved from /home/airflow/.local/lib/python3.12/site-packages/airflow/example_dags/example_python_decorator.py
[2025-02-01T07:51:05.820+0000] {logging_mixin.py:190} INFO - [2025-02-01T07:51:05.819+0000] {dag.py:3239} INFO - Sync 1 DAGs
[2025-02-01T07:51:05.837+0000] {logging_mixin.py:190} INFO - [2025-02-01T07:51:05.837+0000] {dag.py:4180} INFO - Setting next_dagrun for example_python_decorator to None, run_after=None
[2025-02-01T07:51:05.870+0000] {processor.py:208} INFO - Processing /home/airflow/.local/lib/python3.12/site-packages/airflow/example_dags/example_python_decorator.py took 0.117 seconds
[2025-02-01T07:51:36.748+0000] {processor.py:186} INFO - Started process (PID=2017) to work on /home/airflow/.local/lib/python3.12/site-packages/airflow/example_dags/example_python_decorator.py
[2025-02-01T07:51:36.750+0000] {processor.py:914} INFO - Processing file /home/airflow/.local/lib/python3.12/site-packages/airflow/example_dags/example_python_decorator.py for tasks to queue
[2025-02-01T07:51:36.755+0000] {logging_mixin.py:190} INFO - [2025-02-01T07:51:36.754+0000] {dagbag.py:588} INFO - Filling up the DagBag from /home/airflow/.local/lib/python3.12/site-packages/airflow/example_dags/example_python_decorator.py
[2025-02-01T07:51:36.781+0000] {processor.py:925} INFO - DAG(s) 'example_python_decorator' retrieved from /home/airflow/.local/lib/python3.12/site-packages/airflow/example_dags/example_python_decorator.py
[2025-02-01T07:51:36.810+0000] {logging_mixin.py:190} INFO - [2025-02-01T07:51:36.810+0000] {dag.py:3239} INFO - Sync 1 DAGs
[2025-02-01T07:51:36.831+0000] {logging_mixin.py:190} INFO - [2025-02-01T07:51:36.831+0000] {dag.py:4180} INFO - Setting next_dagrun for example_python_decorator to None, run_after=None
[2025-02-01T07:51:36.861+0000] {processor.py:208} INFO - Processing /home/airflow/.local/lib/python3.12/site-packages/airflow/example_dags/example_python_decorator.py took 0.124 seconds
[2025-02-01T07:52:08.974+0000] {processor.py:186} INFO - Started process (PID=2083) to work on /home/airflow/.local/lib/python3.12/site-packages/airflow/example_dags/example_python_decorator.py
[2025-02-01T07:52:08.976+0000] {processor.py:914} INFO - Processing file /home/airflow/.local/lib/python3.12/site-packages/airflow/example_dags/example_python_decorator.py for tasks to queue
[2025-02-01T07:52:08.982+0000] {logging_mixin.py:190} INFO - [2025-02-01T07:52:08.982+0000] {dagbag.py:588} INFO - Filling up the DagBag from /home/airflow/.local/lib/python3.12/site-packages/airflow/example_dags/example_python_decorator.py
[2025-02-01T07:52:09.010+0000] {processor.py:925} INFO - DAG(s) 'example_python_decorator' retrieved from /home/airflow/.local/lib/python3.12/site-packages/airflow/example_dags/example_python_decorator.py
[2025-02-01T07:52:09.041+0000] {logging_mixin.py:190} INFO - [2025-02-01T07:52:09.041+0000] {dag.py:3239} INFO - Sync 1 DAGs
[2025-02-01T07:52:09.060+0000] {logging_mixin.py:190} INFO - [2025-02-01T07:52:09.060+0000] {dag.py:4180} INFO - Setting next_dagrun for example_python_decorator to None, run_after=None
[2025-02-01T07:52:09.090+0000] {processor.py:208} INFO - Processing /home/airflow/.local/lib/python3.12/site-packages/airflow/example_dags/example_python_decorator.py took 0.130 seconds
[2025-02-01T07:52:41.452+0000] {processor.py:186} INFO - Started process (PID=2149) to work on /home/airflow/.local/lib/python3.12/site-packages/airflow/example_dags/example_python_decorator.py
[2025-02-01T07:52:41.455+0000] {processor.py:914} INFO - Processing file /home/airflow/.local/lib/python3.12/site-packages/airflow/example_dags/example_python_decorator.py for tasks to queue
[2025-02-01T07:52:41.459+0000] {logging_mixin.py:190} INFO - [2025-02-01T07:52:41.459+0000] {dagbag.py:588} INFO - Filling up the DagBag from /home/airflow/.local/lib/python3.12/site-packages/airflow/example_dags/example_python_decorator.py
[2025-02-01T07:52:41.488+0000] {processor.py:925} INFO - DAG(s) 'example_python_decorator' retrieved from /home/airflow/.local/lib/python3.12/site-packages/airflow/example_dags/example_python_decorator.py
[2025-02-01T07:52:41.519+0000] {logging_mixin.py:190} INFO - [2025-02-01T07:52:41.519+0000] {dag.py:3239} INFO - Sync 1 DAGs
[2025-02-01T07:52:41.541+0000] {logging_mixin.py:190} INFO - [2025-02-01T07:52:41.541+0000] {dag.py:4180} INFO - Setting next_dagrun for example_python_decorator to None, run_after=None
[2025-02-01T07:52:41.567+0000] {processor.py:208} INFO - Processing /home/airflow/.local/lib/python3.12/site-packages/airflow/example_dags/example_python_decorator.py took 0.127 seconds
