[2025-02-01T07:36:57.418+0000] {processor.py:186} INFO - Started process (PID=140) to work on /home/airflow/.local/lib/python3.12/site-packages/airflow/example_dags/example_latest_only.py
[2025-02-01T07:36:57.420+0000] {processor.py:914} INFO - Processing file /home/airflow/.local/lib/python3.12/site-packages/airflow/example_dags/example_latest_only.py for tasks to queue
[2025-02-01T07:36:57.424+0000] {logging_mixin.py:190} INFO - [2025-02-01T07:36:57.423+0000] {dagbag.py:588} INFO - Filling up the DagBag from /home/airflow/.local/lib/python3.12/site-packages/airflow/example_dags/example_latest_only.py
[2025-02-01T07:36:57.446+0000] {processor.py:925} INFO - DAG(s) 'latest_only' retrieved from /home/airflow/.local/lib/python3.12/site-packages/airflow/example_dags/example_latest_only.py
[2025-02-01T07:36:57.477+0000] {logging_mixin.py:190} INFO - [2025-02-01T07:36:57.477+0000] {dag.py:3239} INFO - Sync 1 DAGs
[2025-02-01T07:36:57.516+0000] {logging_mixin.py:190} INFO - [2025-02-01T07:36:57.516+0000] {dag.py:4180} INFO - Setting next_dagrun for latest_only to 2025-02-01 00:00:00+00:00, run_after=2025-02-01 04:00:00+00:00
[2025-02-01T07:36:57.546+0000] {processor.py:208} INFO - Processing /home/airflow/.local/lib/python3.12/site-packages/airflow/example_dags/example_latest_only.py took 0.138 seconds
[2025-02-01T07:37:28.374+0000] {processor.py:186} INFO - Started process (PID=210) to work on /home/airflow/.local/lib/python3.12/site-packages/airflow/example_dags/example_latest_only.py
[2025-02-01T07:37:28.376+0000] {processor.py:914} INFO - Processing file /home/airflow/.local/lib/python3.12/site-packages/airflow/example_dags/example_latest_only.py for tasks to queue
[2025-02-01T07:37:28.379+0000] {logging_mixin.py:190} INFO - [2025-02-01T07:37:28.379+0000] {dagbag.py:588} INFO - Filling up the DagBag from /home/airflow/.local/lib/python3.12/site-packages/airflow/example_dags/example_latest_only.py
[2025-02-01T07:37:28.392+0000] {processor.py:925} INFO - DAG(s) 'latest_only' retrieved from /home/airflow/.local/lib/python3.12/site-packages/airflow/example_dags/example_latest_only.py
[2025-02-01T07:37:28.429+0000] {logging_mixin.py:190} INFO - [2025-02-01T07:37:28.429+0000] {dag.py:3239} INFO - Sync 1 DAGs
[2025-02-01T07:37:28.484+0000] {logging_mixin.py:190} INFO - [2025-02-01T07:37:28.483+0000] {dag.py:4180} INFO - Setting next_dagrun for latest_only to 2025-02-01 00:00:00+00:00, run_after=2025-02-01 04:00:00+00:00
[2025-02-01T07:37:28.526+0000] {processor.py:208} INFO - Processing /home/airflow/.local/lib/python3.12/site-packages/airflow/example_dags/example_latest_only.py took 0.165 seconds
[2025-02-01T07:37:59.298+0000] {processor.py:186} INFO - Started process (PID=276) to work on /home/airflow/.local/lib/python3.12/site-packages/airflow/example_dags/example_latest_only.py
[2025-02-01T07:37:59.299+0000] {processor.py:914} INFO - Processing file /home/airflow/.local/lib/python3.12/site-packages/airflow/example_dags/example_latest_only.py for tasks to queue
[2025-02-01T07:37:59.303+0000] {logging_mixin.py:190} INFO - [2025-02-01T07:37:59.302+0000] {dagbag.py:588} INFO - Filling up the DagBag from /home/airflow/.local/lib/python3.12/site-packages/airflow/example_dags/example_latest_only.py
[2025-02-01T07:37:59.314+0000] {processor.py:925} INFO - DAG(s) 'latest_only' retrieved from /home/airflow/.local/lib/python3.12/site-packages/airflow/example_dags/example_latest_only.py
[2025-02-01T07:37:59.340+0000] {logging_mixin.py:190} INFO - [2025-02-01T07:37:59.339+0000] {dag.py:3239} INFO - Sync 1 DAGs
[2025-02-01T07:37:59.375+0000] {logging_mixin.py:190} INFO - [2025-02-01T07:37:59.374+0000] {dag.py:4180} INFO - Setting next_dagrun for latest_only to 2025-02-01 00:00:00+00:00, run_after=2025-02-01 04:00:00+00:00
[2025-02-01T07:37:59.430+0000] {processor.py:208} INFO - Processing /home/airflow/.local/lib/python3.12/site-packages/airflow/example_dags/example_latest_only.py took 0.144 seconds
[2025-02-01T07:38:29.848+0000] {processor.py:186} INFO - Started process (PID=342) to work on /home/airflow/.local/lib/python3.12/site-packages/airflow/example_dags/example_latest_only.py
[2025-02-01T07:38:29.850+0000] {processor.py:914} INFO - Processing file /home/airflow/.local/lib/python3.12/site-packages/airflow/example_dags/example_latest_only.py for tasks to queue
[2025-02-01T07:38:29.854+0000] {logging_mixin.py:190} INFO - [2025-02-01T07:38:29.854+0000] {dagbag.py:588} INFO - Filling up the DagBag from /home/airflow/.local/lib/python3.12/site-packages/airflow/example_dags/example_latest_only.py
[2025-02-01T07:38:29.878+0000] {processor.py:925} INFO - DAG(s) 'latest_only' retrieved from /home/airflow/.local/lib/python3.12/site-packages/airflow/example_dags/example_latest_only.py
[2025-02-01T07:38:29.915+0000] {logging_mixin.py:190} INFO - [2025-02-01T07:38:29.915+0000] {dag.py:3239} INFO - Sync 1 DAGs
[2025-02-01T07:38:29.962+0000] {logging_mixin.py:190} INFO - [2025-02-01T07:38:29.962+0000] {dag.py:4180} INFO - Setting next_dagrun for latest_only to 2025-02-01 00:00:00+00:00, run_after=2025-02-01 04:00:00+00:00
[2025-02-01T07:38:29.995+0000] {processor.py:208} INFO - Processing /home/airflow/.local/lib/python3.12/site-packages/airflow/example_dags/example_latest_only.py took 0.156 seconds
[2025-02-01T07:39:01.979+0000] {processor.py:186} INFO - Started process (PID=408) to work on /home/airflow/.local/lib/python3.12/site-packages/airflow/example_dags/example_latest_only.py
[2025-02-01T07:39:01.981+0000] {processor.py:914} INFO - Processing file /home/airflow/.local/lib/python3.12/site-packages/airflow/example_dags/example_latest_only.py for tasks to queue
[2025-02-01T07:39:01.984+0000] {logging_mixin.py:190} INFO - [2025-02-01T07:39:01.984+0000] {dagbag.py:588} INFO - Filling up the DagBag from /home/airflow/.local/lib/python3.12/site-packages/airflow/example_dags/example_latest_only.py
[2025-02-01T07:39:01.999+0000] {processor.py:925} INFO - DAG(s) 'latest_only' retrieved from /home/airflow/.local/lib/python3.12/site-packages/airflow/example_dags/example_latest_only.py
[2025-02-01T07:39:02.029+0000] {logging_mixin.py:190} INFO - [2025-02-01T07:39:02.029+0000] {dag.py:3239} INFO - Sync 1 DAGs
[2025-02-01T07:39:02.071+0000] {logging_mixin.py:190} INFO - [2025-02-01T07:39:02.071+0000] {dag.py:4180} INFO - Setting next_dagrun for latest_only to 2025-02-01 00:00:00+00:00, run_after=2025-02-01 04:00:00+00:00
[2025-02-01T07:39:02.099+0000] {processor.py:208} INFO - Processing /home/airflow/.local/lib/python3.12/site-packages/airflow/example_dags/example_latest_only.py took 0.130 seconds
[2025-02-01T07:39:33.971+0000] {processor.py:186} INFO - Started process (PID=474) to work on /home/airflow/.local/lib/python3.12/site-packages/airflow/example_dags/example_latest_only.py
[2025-02-01T07:39:33.973+0000] {processor.py:914} INFO - Processing file /home/airflow/.local/lib/python3.12/site-packages/airflow/example_dags/example_latest_only.py for tasks to queue
[2025-02-01T07:39:33.976+0000] {logging_mixin.py:190} INFO - [2025-02-01T07:39:33.976+0000] {dagbag.py:588} INFO - Filling up the DagBag from /home/airflow/.local/lib/python3.12/site-packages/airflow/example_dags/example_latest_only.py
[2025-02-01T07:39:33.986+0000] {processor.py:925} INFO - DAG(s) 'latest_only' retrieved from /home/airflow/.local/lib/python3.12/site-packages/airflow/example_dags/example_latest_only.py
[2025-02-01T07:39:34.009+0000] {logging_mixin.py:190} INFO - [2025-02-01T07:39:34.009+0000] {dag.py:3239} INFO - Sync 1 DAGs
[2025-02-01T07:39:34.042+0000] {logging_mixin.py:190} INFO - [2025-02-01T07:39:34.042+0000] {dag.py:4180} INFO - Setting next_dagrun for latest_only to 2025-02-01 00:00:00+00:00, run_after=2025-02-01 04:00:00+00:00
[2025-02-01T07:39:34.067+0000] {processor.py:208} INFO - Processing /home/airflow/.local/lib/python3.12/site-packages/airflow/example_dags/example_latest_only.py took 0.104 seconds
[2025-02-01T07:40:04.825+0000] {processor.py:186} INFO - Started process (PID=546) to work on /home/airflow/.local/lib/python3.12/site-packages/airflow/example_dags/example_latest_only.py
[2025-02-01T07:40:04.826+0000] {processor.py:914} INFO - Processing file /home/airflow/.local/lib/python3.12/site-packages/airflow/example_dags/example_latest_only.py for tasks to queue
[2025-02-01T07:40:04.829+0000] {logging_mixin.py:190} INFO - [2025-02-01T07:40:04.829+0000] {dagbag.py:588} INFO - Filling up the DagBag from /home/airflow/.local/lib/python3.12/site-packages/airflow/example_dags/example_latest_only.py
[2025-02-01T07:40:04.844+0000] {processor.py:925} INFO - DAG(s) 'latest_only' retrieved from /home/airflow/.local/lib/python3.12/site-packages/airflow/example_dags/example_latest_only.py
[2025-02-01T07:40:04.869+0000] {logging_mixin.py:190} INFO - [2025-02-01T07:40:04.868+0000] {dag.py:3239} INFO - Sync 1 DAGs
[2025-02-01T07:40:04.918+0000] {logging_mixin.py:190} INFO - [2025-02-01T07:40:04.918+0000] {dag.py:4180} INFO - Setting next_dagrun for latest_only to 2025-02-01 00:00:00+00:00, run_after=2025-02-01 04:00:00+00:00
[2025-02-01T07:40:04.961+0000] {processor.py:208} INFO - Processing /home/airflow/.local/lib/python3.12/site-packages/airflow/example_dags/example_latest_only.py took 0.144 seconds
[2025-02-01T07:40:35.264+0000] {processor.py:186} INFO - Started process (PID=611) to work on /home/airflow/.local/lib/python3.12/site-packages/airflow/example_dags/example_latest_only.py
[2025-02-01T07:40:35.266+0000] {processor.py:914} INFO - Processing file /home/airflow/.local/lib/python3.12/site-packages/airflow/example_dags/example_latest_only.py for tasks to queue
[2025-02-01T07:40:35.268+0000] {logging_mixin.py:190} INFO - [2025-02-01T07:40:35.268+0000] {dagbag.py:588} INFO - Filling up the DagBag from /home/airflow/.local/lib/python3.12/site-packages/airflow/example_dags/example_latest_only.py
[2025-02-01T07:40:35.279+0000] {processor.py:925} INFO - DAG(s) 'latest_only' retrieved from /home/airflow/.local/lib/python3.12/site-packages/airflow/example_dags/example_latest_only.py
[2025-02-01T07:40:35.304+0000] {logging_mixin.py:190} INFO - [2025-02-01T07:40:35.303+0000] {dag.py:3239} INFO - Sync 1 DAGs
[2025-02-01T07:40:35.333+0000] {logging_mixin.py:190} INFO - [2025-02-01T07:40:35.333+0000] {dag.py:4180} INFO - Setting next_dagrun for latest_only to 2025-02-01 00:00:00+00:00, run_after=2025-02-01 04:00:00+00:00
[2025-02-01T07:40:35.361+0000] {processor.py:208} INFO - Processing /home/airflow/.local/lib/python3.12/site-packages/airflow/example_dags/example_latest_only.py took 0.106 seconds
[2025-02-01T07:41:06.662+0000] {processor.py:186} INFO - Started process (PID=677) to work on /home/airflow/.local/lib/python3.12/site-packages/airflow/example_dags/example_latest_only.py
[2025-02-01T07:41:06.663+0000] {processor.py:914} INFO - Processing file /home/airflow/.local/lib/python3.12/site-packages/airflow/example_dags/example_latest_only.py for tasks to queue
[2025-02-01T07:41:06.669+0000] {logging_mixin.py:190} INFO - [2025-02-01T07:41:06.668+0000] {dagbag.py:588} INFO - Filling up the DagBag from /home/airflow/.local/lib/python3.12/site-packages/airflow/example_dags/example_latest_only.py
[2025-02-01T07:41:06.680+0000] {processor.py:925} INFO - DAG(s) 'latest_only' retrieved from /home/airflow/.local/lib/python3.12/site-packages/airflow/example_dags/example_latest_only.py
[2025-02-01T07:41:06.726+0000] {logging_mixin.py:190} INFO - [2025-02-01T07:41:06.725+0000] {dag.py:3239} INFO - Sync 1 DAGs
[2025-02-01T07:41:06.780+0000] {logging_mixin.py:190} INFO - [2025-02-01T07:41:06.780+0000] {dag.py:4180} INFO - Setting next_dagrun for latest_only to 2025-02-01 00:00:00+00:00, run_after=2025-02-01 04:00:00+00:00
[2025-02-01T07:41:06.819+0000] {processor.py:208} INFO - Processing /home/airflow/.local/lib/python3.12/site-packages/airflow/example_dags/example_latest_only.py took 0.170 seconds
[2025-02-01T07:41:38.477+0000] {processor.py:186} INFO - Started process (PID=743) to work on /home/airflow/.local/lib/python3.12/site-packages/airflow/example_dags/example_latest_only.py
[2025-02-01T07:41:38.478+0000] {processor.py:914} INFO - Processing file /home/airflow/.local/lib/python3.12/site-packages/airflow/example_dags/example_latest_only.py for tasks to queue
[2025-02-01T07:41:38.481+0000] {logging_mixin.py:190} INFO - [2025-02-01T07:41:38.481+0000] {dagbag.py:588} INFO - Filling up the DagBag from /home/airflow/.local/lib/python3.12/site-packages/airflow/example_dags/example_latest_only.py
[2025-02-01T07:41:38.493+0000] {processor.py:925} INFO - DAG(s) 'latest_only' retrieved from /home/airflow/.local/lib/python3.12/site-packages/airflow/example_dags/example_latest_only.py
[2025-02-01T07:41:38.522+0000] {logging_mixin.py:190} INFO - [2025-02-01T07:41:38.522+0000] {dag.py:3239} INFO - Sync 1 DAGs
[2025-02-01T07:41:38.551+0000] {logging_mixin.py:190} INFO - [2025-02-01T07:41:38.551+0000] {dag.py:4180} INFO - Setting next_dagrun for latest_only to 2025-02-01 00:00:00+00:00, run_after=2025-02-01 04:00:00+00:00
[2025-02-01T07:41:38.590+0000] {processor.py:208} INFO - Processing /home/airflow/.local/lib/python3.12/site-packages/airflow/example_dags/example_latest_only.py took 0.122 seconds
[2025-02-01T07:42:10.274+0000] {processor.py:186} INFO - Started process (PID=809) to work on /home/airflow/.local/lib/python3.12/site-packages/airflow/example_dags/example_latest_only.py
[2025-02-01T07:42:10.275+0000] {processor.py:914} INFO - Processing file /home/airflow/.local/lib/python3.12/site-packages/airflow/example_dags/example_latest_only.py for tasks to queue
[2025-02-01T07:42:10.278+0000] {logging_mixin.py:190} INFO - [2025-02-01T07:42:10.278+0000] {dagbag.py:588} INFO - Filling up the DagBag from /home/airflow/.local/lib/python3.12/site-packages/airflow/example_dags/example_latest_only.py
[2025-02-01T07:42:10.287+0000] {processor.py:925} INFO - DAG(s) 'latest_only' retrieved from /home/airflow/.local/lib/python3.12/site-packages/airflow/example_dags/example_latest_only.py
[2025-02-01T07:42:10.315+0000] {logging_mixin.py:190} INFO - [2025-02-01T07:42:10.315+0000] {dag.py:3239} INFO - Sync 1 DAGs
[2025-02-01T07:42:10.343+0000] {logging_mixin.py:190} INFO - [2025-02-01T07:42:10.343+0000] {dag.py:4180} INFO - Setting next_dagrun for latest_only to 2025-02-01 00:00:00+00:00, run_after=2025-02-01 04:00:00+00:00
[2025-02-01T07:42:10.372+0000] {processor.py:208} INFO - Processing /home/airflow/.local/lib/python3.12/site-packages/airflow/example_dags/example_latest_only.py took 0.109 seconds
[2025-02-01T07:42:41.620+0000] {processor.py:186} INFO - Started process (PID=875) to work on /home/airflow/.local/lib/python3.12/site-packages/airflow/example_dags/example_latest_only.py
[2025-02-01T07:42:41.622+0000] {processor.py:914} INFO - Processing file /home/airflow/.local/lib/python3.12/site-packages/airflow/example_dags/example_latest_only.py for tasks to queue
[2025-02-01T07:42:41.625+0000] {logging_mixin.py:190} INFO - [2025-02-01T07:42:41.624+0000] {dagbag.py:588} INFO - Filling up the DagBag from /home/airflow/.local/lib/python3.12/site-packages/airflow/example_dags/example_latest_only.py
[2025-02-01T07:42:41.636+0000] {processor.py:925} INFO - DAG(s) 'latest_only' retrieved from /home/airflow/.local/lib/python3.12/site-packages/airflow/example_dags/example_latest_only.py
[2025-02-01T07:42:41.664+0000] {logging_mixin.py:190} INFO - [2025-02-01T07:42:41.664+0000] {dag.py:3239} INFO - Sync 1 DAGs
[2025-02-01T07:42:41.701+0000] {logging_mixin.py:190} INFO - [2025-02-01T07:42:41.701+0000] {dag.py:4180} INFO - Setting next_dagrun for latest_only to 2025-02-01 00:00:00+00:00, run_after=2025-02-01 04:00:00+00:00
[2025-02-01T07:42:41.735+0000] {processor.py:208} INFO - Processing /home/airflow/.local/lib/python3.12/site-packages/airflow/example_dags/example_latest_only.py took 0.123 seconds
[2025-02-01T07:43:12.769+0000] {processor.py:186} INFO - Started process (PID=941) to work on /home/airflow/.local/lib/python3.12/site-packages/airflow/example_dags/example_latest_only.py
[2025-02-01T07:43:12.772+0000] {processor.py:914} INFO - Processing file /home/airflow/.local/lib/python3.12/site-packages/airflow/example_dags/example_latest_only.py for tasks to queue
[2025-02-01T07:43:12.782+0000] {logging_mixin.py:190} INFO - [2025-02-01T07:43:12.782+0000] {dagbag.py:588} INFO - Filling up the DagBag from /home/airflow/.local/lib/python3.12/site-packages/airflow/example_dags/example_latest_only.py
[2025-02-01T07:43:12.800+0000] {processor.py:925} INFO - DAG(s) 'latest_only' retrieved from /home/airflow/.local/lib/python3.12/site-packages/airflow/example_dags/example_latest_only.py
[2025-02-01T07:43:12.841+0000] {logging_mixin.py:190} INFO - [2025-02-01T07:43:12.832+0000] {dag.py:3239} INFO - Sync 1 DAGs
[2025-02-01T07:43:12.897+0000] {logging_mixin.py:190} INFO - [2025-02-01T07:43:12.897+0000] {dag.py:4180} INFO - Setting next_dagrun for latest_only to 2025-02-01 00:00:00+00:00, run_after=2025-02-01 04:00:00+00:00
[2025-02-01T07:43:12.926+0000] {processor.py:208} INFO - Processing /home/airflow/.local/lib/python3.12/site-packages/airflow/example_dags/example_latest_only.py took 0.167 seconds
[2025-02-01T07:43:44.376+0000] {processor.py:186} INFO - Started process (PID=1007) to work on /home/airflow/.local/lib/python3.12/site-packages/airflow/example_dags/example_latest_only.py
[2025-02-01T07:43:44.378+0000] {processor.py:914} INFO - Processing file /home/airflow/.local/lib/python3.12/site-packages/airflow/example_dags/example_latest_only.py for tasks to queue
[2025-02-01T07:43:44.381+0000] {logging_mixin.py:190} INFO - [2025-02-01T07:43:44.380+0000] {dagbag.py:588} INFO - Filling up the DagBag from /home/airflow/.local/lib/python3.12/site-packages/airflow/example_dags/example_latest_only.py
[2025-02-01T07:43:44.393+0000] {processor.py:925} INFO - DAG(s) 'latest_only' retrieved from /home/airflow/.local/lib/python3.12/site-packages/airflow/example_dags/example_latest_only.py
[2025-02-01T07:43:44.417+0000] {logging_mixin.py:190} INFO - [2025-02-01T07:43:44.417+0000] {dag.py:3239} INFO - Sync 1 DAGs
[2025-02-01T07:43:44.448+0000] {logging_mixin.py:190} INFO - [2025-02-01T07:43:44.448+0000] {dag.py:4180} INFO - Setting next_dagrun for latest_only to 2025-02-01 00:00:00+00:00, run_after=2025-02-01 04:00:00+00:00
[2025-02-01T07:43:44.474+0000] {processor.py:208} INFO - Processing /home/airflow/.local/lib/python3.12/site-packages/airflow/example_dags/example_latest_only.py took 0.107 seconds
[2025-02-01T07:44:16.397+0000] {processor.py:186} INFO - Started process (PID=1073) to work on /home/airflow/.local/lib/python3.12/site-packages/airflow/example_dags/example_latest_only.py
[2025-02-01T07:44:16.399+0000] {processor.py:914} INFO - Processing file /home/airflow/.local/lib/python3.12/site-packages/airflow/example_dags/example_latest_only.py for tasks to queue
[2025-02-01T07:44:16.414+0000] {logging_mixin.py:190} INFO - [2025-02-01T07:44:16.413+0000] {dagbag.py:588} INFO - Filling up the DagBag from /home/airflow/.local/lib/python3.12/site-packages/airflow/example_dags/example_latest_only.py
[2025-02-01T07:44:16.432+0000] {processor.py:925} INFO - DAG(s) 'latest_only' retrieved from /home/airflow/.local/lib/python3.12/site-packages/airflow/example_dags/example_latest_only.py
[2025-02-01T07:44:16.466+0000] {logging_mixin.py:190} INFO - [2025-02-01T07:44:16.465+0000] {dag.py:3239} INFO - Sync 1 DAGs
[2025-02-01T07:44:16.497+0000] {logging_mixin.py:190} INFO - [2025-02-01T07:44:16.496+0000] {dag.py:4180} INFO - Setting next_dagrun for latest_only to 2025-02-01 00:00:00+00:00, run_after=2025-02-01 04:00:00+00:00
[2025-02-01T07:44:16.523+0000] {processor.py:208} INFO - Processing /home/airflow/.local/lib/python3.12/site-packages/airflow/example_dags/example_latest_only.py took 0.153 seconds
[2025-02-01T07:44:47.697+0000] {processor.py:186} INFO - Started process (PID=1139) to work on /home/airflow/.local/lib/python3.12/site-packages/airflow/example_dags/example_latest_only.py
[2025-02-01T07:44:47.700+0000] {processor.py:914} INFO - Processing file /home/airflow/.local/lib/python3.12/site-packages/airflow/example_dags/example_latest_only.py for tasks to queue
[2025-02-01T07:44:47.704+0000] {logging_mixin.py:190} INFO - [2025-02-01T07:44:47.703+0000] {dagbag.py:588} INFO - Filling up the DagBag from /home/airflow/.local/lib/python3.12/site-packages/airflow/example_dags/example_latest_only.py
[2025-02-01T07:44:47.716+0000] {processor.py:925} INFO - DAG(s) 'latest_only' retrieved from /home/airflow/.local/lib/python3.12/site-packages/airflow/example_dags/example_latest_only.py
[2025-02-01T07:44:47.749+0000] {logging_mixin.py:190} INFO - [2025-02-01T07:44:47.749+0000] {dag.py:3239} INFO - Sync 1 DAGs
[2025-02-01T07:44:47.804+0000] {logging_mixin.py:190} INFO - [2025-02-01T07:44:47.804+0000] {dag.py:4180} INFO - Setting next_dagrun for latest_only to 2025-02-01 00:00:00+00:00, run_after=2025-02-01 04:00:00+00:00
[2025-02-01T07:44:48.006+0000] {processor.py:208} INFO - Processing /home/airflow/.local/lib/python3.12/site-packages/airflow/example_dags/example_latest_only.py took 0.317 seconds
[2025-02-01T07:45:19.297+0000] {processor.py:186} INFO - Started process (PID=1205) to work on /home/airflow/.local/lib/python3.12/site-packages/airflow/example_dags/example_latest_only.py
[2025-02-01T07:45:19.299+0000] {processor.py:914} INFO - Processing file /home/airflow/.local/lib/python3.12/site-packages/airflow/example_dags/example_latest_only.py for tasks to queue
[2025-02-01T07:45:19.302+0000] {logging_mixin.py:190} INFO - [2025-02-01T07:45:19.302+0000] {dagbag.py:588} INFO - Filling up the DagBag from /home/airflow/.local/lib/python3.12/site-packages/airflow/example_dags/example_latest_only.py
[2025-02-01T07:45:19.317+0000] {processor.py:925} INFO - DAG(s) 'latest_only' retrieved from /home/airflow/.local/lib/python3.12/site-packages/airflow/example_dags/example_latest_only.py
[2025-02-01T07:45:19.344+0000] {logging_mixin.py:190} INFO - [2025-02-01T07:45:19.344+0000] {dag.py:3239} INFO - Sync 1 DAGs
[2025-02-01T07:45:19.375+0000] {logging_mixin.py:190} INFO - [2025-02-01T07:45:19.375+0000] {dag.py:4180} INFO - Setting next_dagrun for latest_only to 2025-02-01 00:00:00+00:00, run_after=2025-02-01 04:00:00+00:00
[2025-02-01T07:45:19.417+0000] {processor.py:208} INFO - Processing /home/airflow/.local/lib/python3.12/site-packages/airflow/example_dags/example_latest_only.py took 0.130 seconds
[2025-02-01T07:45:50.844+0000] {processor.py:186} INFO - Started process (PID=1271) to work on /home/airflow/.local/lib/python3.12/site-packages/airflow/example_dags/example_latest_only.py
[2025-02-01T07:45:50.850+0000] {processor.py:914} INFO - Processing file /home/airflow/.local/lib/python3.12/site-packages/airflow/example_dags/example_latest_only.py for tasks to queue
[2025-02-01T07:45:50.853+0000] {logging_mixin.py:190} INFO - [2025-02-01T07:45:50.853+0000] {dagbag.py:588} INFO - Filling up the DagBag from /home/airflow/.local/lib/python3.12/site-packages/airflow/example_dags/example_latest_only.py
[2025-02-01T07:45:50.875+0000] {processor.py:925} INFO - DAG(s) 'latest_only' retrieved from /home/airflow/.local/lib/python3.12/site-packages/airflow/example_dags/example_latest_only.py
[2025-02-01T07:45:50.927+0000] {logging_mixin.py:190} INFO - [2025-02-01T07:45:50.927+0000] {dag.py:3239} INFO - Sync 1 DAGs
[2025-02-01T07:45:51.053+0000] {logging_mixin.py:190} INFO - [2025-02-01T07:45:51.052+0000] {dag.py:4180} INFO - Setting next_dagrun for latest_only to 2025-02-01 00:00:00+00:00, run_after=2025-02-01 04:00:00+00:00
[2025-02-01T07:45:51.086+0000] {processor.py:208} INFO - Processing /home/airflow/.local/lib/python3.12/site-packages/airflow/example_dags/example_latest_only.py took 0.253 seconds
[2025-02-01T07:46:21.863+0000] {processor.py:186} INFO - Started process (PID=1337) to work on /home/airflow/.local/lib/python3.12/site-packages/airflow/example_dags/example_latest_only.py
[2025-02-01T07:46:21.866+0000] {processor.py:914} INFO - Processing file /home/airflow/.local/lib/python3.12/site-packages/airflow/example_dags/example_latest_only.py for tasks to queue
[2025-02-01T07:46:21.870+0000] {logging_mixin.py:190} INFO - [2025-02-01T07:46:21.870+0000] {dagbag.py:588} INFO - Filling up the DagBag from /home/airflow/.local/lib/python3.12/site-packages/airflow/example_dags/example_latest_only.py
[2025-02-01T07:46:21.881+0000] {processor.py:925} INFO - DAG(s) 'latest_only' retrieved from /home/airflow/.local/lib/python3.12/site-packages/airflow/example_dags/example_latest_only.py
[2025-02-01T07:46:21.905+0000] {logging_mixin.py:190} INFO - [2025-02-01T07:46:21.905+0000] {dag.py:3239} INFO - Sync 1 DAGs
[2025-02-01T07:46:21.938+0000] {logging_mixin.py:190} INFO - [2025-02-01T07:46:21.937+0000] {dag.py:4180} INFO - Setting next_dagrun for latest_only to 2025-02-01 00:00:00+00:00, run_after=2025-02-01 04:00:00+00:00
[2025-02-01T07:46:21.976+0000] {processor.py:208} INFO - Processing /home/airflow/.local/lib/python3.12/site-packages/airflow/example_dags/example_latest_only.py took 0.127 seconds
[2025-02-01T07:46:53.267+0000] {processor.py:186} INFO - Started process (PID=1403) to work on /home/airflow/.local/lib/python3.12/site-packages/airflow/example_dags/example_latest_only.py
[2025-02-01T07:46:53.268+0000] {processor.py:914} INFO - Processing file /home/airflow/.local/lib/python3.12/site-packages/airflow/example_dags/example_latest_only.py for tasks to queue
[2025-02-01T07:46:53.272+0000] {logging_mixin.py:190} INFO - [2025-02-01T07:46:53.272+0000] {dagbag.py:588} INFO - Filling up the DagBag from /home/airflow/.local/lib/python3.12/site-packages/airflow/example_dags/example_latest_only.py
[2025-02-01T07:46:53.284+0000] {processor.py:925} INFO - DAG(s) 'latest_only' retrieved from /home/airflow/.local/lib/python3.12/site-packages/airflow/example_dags/example_latest_only.py
[2025-02-01T07:46:53.313+0000] {logging_mixin.py:190} INFO - [2025-02-01T07:46:53.312+0000] {dag.py:3239} INFO - Sync 1 DAGs
[2025-02-01T07:46:53.351+0000] {logging_mixin.py:190} INFO - [2025-02-01T07:46:53.351+0000] {dag.py:4180} INFO - Setting next_dagrun for latest_only to 2025-02-01 00:00:00+00:00, run_after=2025-02-01 04:00:00+00:00
[2025-02-01T07:46:53.383+0000] {processor.py:208} INFO - Processing /home/airflow/.local/lib/python3.12/site-packages/airflow/example_dags/example_latest_only.py took 0.126 seconds
[2025-02-01T07:47:24.849+0000] {processor.py:186} INFO - Started process (PID=1469) to work on /home/airflow/.local/lib/python3.12/site-packages/airflow/example_dags/example_latest_only.py
[2025-02-01T07:47:24.850+0000] {processor.py:914} INFO - Processing file /home/airflow/.local/lib/python3.12/site-packages/airflow/example_dags/example_latest_only.py for tasks to queue
[2025-02-01T07:47:24.854+0000] {logging_mixin.py:190} INFO - [2025-02-01T07:47:24.854+0000] {dagbag.py:588} INFO - Filling up the DagBag from /home/airflow/.local/lib/python3.12/site-packages/airflow/example_dags/example_latest_only.py
[2025-02-01T07:47:24.866+0000] {processor.py:925} INFO - DAG(s) 'latest_only' retrieved from /home/airflow/.local/lib/python3.12/site-packages/airflow/example_dags/example_latest_only.py
[2025-02-01T07:47:24.893+0000] {logging_mixin.py:190} INFO - [2025-02-01T07:47:24.893+0000] {dag.py:3239} INFO - Sync 1 DAGs
[2025-02-01T07:47:24.927+0000] {logging_mixin.py:190} INFO - [2025-02-01T07:47:24.926+0000] {dag.py:4180} INFO - Setting next_dagrun for latest_only to 2025-02-01 00:00:00+00:00, run_after=2025-02-01 04:00:00+00:00
[2025-02-01T07:47:24.957+0000] {processor.py:208} INFO - Processing /home/airflow/.local/lib/python3.12/site-packages/airflow/example_dags/example_latest_only.py took 0.117 seconds
[2025-02-01T07:47:56.371+0000] {processor.py:186} INFO - Started process (PID=1535) to work on /home/airflow/.local/lib/python3.12/site-packages/airflow/example_dags/example_latest_only.py
[2025-02-01T07:47:56.373+0000] {processor.py:914} INFO - Processing file /home/airflow/.local/lib/python3.12/site-packages/airflow/example_dags/example_latest_only.py for tasks to queue
[2025-02-01T07:47:56.377+0000] {logging_mixin.py:190} INFO - [2025-02-01T07:47:56.377+0000] {dagbag.py:588} INFO - Filling up the DagBag from /home/airflow/.local/lib/python3.12/site-packages/airflow/example_dags/example_latest_only.py
[2025-02-01T07:47:56.396+0000] {processor.py:925} INFO - DAG(s) 'latest_only' retrieved from /home/airflow/.local/lib/python3.12/site-packages/airflow/example_dags/example_latest_only.py
[2025-02-01T07:47:56.428+0000] {logging_mixin.py:190} INFO - [2025-02-01T07:47:56.428+0000] {dag.py:3239} INFO - Sync 1 DAGs
[2025-02-01T07:47:56.465+0000] {logging_mixin.py:190} INFO - [2025-02-01T07:47:56.465+0000] {dag.py:4180} INFO - Setting next_dagrun for latest_only to 2025-02-01 00:00:00+00:00, run_after=2025-02-01 04:00:00+00:00
[2025-02-01T07:47:56.607+0000] {processor.py:208} INFO - Processing /home/airflow/.local/lib/python3.12/site-packages/airflow/example_dags/example_latest_only.py took 0.246 seconds
[2025-02-01T07:48:27.371+0000] {processor.py:186} INFO - Started process (PID=1601) to work on /home/airflow/.local/lib/python3.12/site-packages/airflow/example_dags/example_latest_only.py
[2025-02-01T07:48:27.372+0000] {processor.py:914} INFO - Processing file /home/airflow/.local/lib/python3.12/site-packages/airflow/example_dags/example_latest_only.py for tasks to queue
[2025-02-01T07:48:27.375+0000] {logging_mixin.py:190} INFO - [2025-02-01T07:48:27.375+0000] {dagbag.py:588} INFO - Filling up the DagBag from /home/airflow/.local/lib/python3.12/site-packages/airflow/example_dags/example_latest_only.py
[2025-02-01T07:48:27.386+0000] {processor.py:925} INFO - DAG(s) 'latest_only' retrieved from /home/airflow/.local/lib/python3.12/site-packages/airflow/example_dags/example_latest_only.py
[2025-02-01T07:48:27.410+0000] {logging_mixin.py:190} INFO - [2025-02-01T07:48:27.410+0000] {dag.py:3239} INFO - Sync 1 DAGs
[2025-02-01T07:48:27.440+0000] {logging_mixin.py:190} INFO - [2025-02-01T07:48:27.440+0000] {dag.py:4180} INFO - Setting next_dagrun for latest_only to 2025-02-01 00:00:00+00:00, run_after=2025-02-01 04:00:00+00:00
[2025-02-01T07:48:27.464+0000] {processor.py:208} INFO - Processing /home/airflow/.local/lib/python3.12/site-packages/airflow/example_dags/example_latest_only.py took 0.105 seconds
[2025-02-01T07:48:58.821+0000] {processor.py:186} INFO - Started process (PID=1667) to work on /home/airflow/.local/lib/python3.12/site-packages/airflow/example_dags/example_latest_only.py
[2025-02-01T07:48:58.823+0000] {processor.py:914} INFO - Processing file /home/airflow/.local/lib/python3.12/site-packages/airflow/example_dags/example_latest_only.py for tasks to queue
[2025-02-01T07:48:58.826+0000] {logging_mixin.py:190} INFO - [2025-02-01T07:48:58.825+0000] {dagbag.py:588} INFO - Filling up the DagBag from /home/airflow/.local/lib/python3.12/site-packages/airflow/example_dags/example_latest_only.py
[2025-02-01T07:48:58.836+0000] {processor.py:925} INFO - DAG(s) 'latest_only' retrieved from /home/airflow/.local/lib/python3.12/site-packages/airflow/example_dags/example_latest_only.py
[2025-02-01T07:48:58.864+0000] {logging_mixin.py:190} INFO - [2025-02-01T07:48:58.864+0000] {dag.py:3239} INFO - Sync 1 DAGs
[2025-02-01T07:48:58.901+0000] {logging_mixin.py:190} INFO - [2025-02-01T07:48:58.901+0000] {dag.py:4180} INFO - Setting next_dagrun for latest_only to 2025-02-01 00:00:00+00:00, run_after=2025-02-01 04:00:00+00:00
[2025-02-01T07:48:58.926+0000] {processor.py:208} INFO - Processing /home/airflow/.local/lib/python3.12/site-packages/airflow/example_dags/example_latest_only.py took 0.115 seconds
[2025-02-01T07:49:30.248+0000] {processor.py:186} INFO - Started process (PID=1733) to work on /home/airflow/.local/lib/python3.12/site-packages/airflow/example_dags/example_latest_only.py
[2025-02-01T07:49:30.249+0000] {processor.py:914} INFO - Processing file /home/airflow/.local/lib/python3.12/site-packages/airflow/example_dags/example_latest_only.py for tasks to queue
[2025-02-01T07:49:30.252+0000] {logging_mixin.py:190} INFO - [2025-02-01T07:49:30.252+0000] {dagbag.py:588} INFO - Filling up the DagBag from /home/airflow/.local/lib/python3.12/site-packages/airflow/example_dags/example_latest_only.py
[2025-02-01T07:49:30.261+0000] {processor.py:925} INFO - DAG(s) 'latest_only' retrieved from /home/airflow/.local/lib/python3.12/site-packages/airflow/example_dags/example_latest_only.py
[2025-02-01T07:49:30.285+0000] {logging_mixin.py:190} INFO - [2025-02-01T07:49:30.284+0000] {dag.py:3239} INFO - Sync 1 DAGs
[2025-02-01T07:49:30.319+0000] {logging_mixin.py:190} INFO - [2025-02-01T07:49:30.319+0000] {dag.py:4180} INFO - Setting next_dagrun for latest_only to 2025-02-01 00:00:00+00:00, run_after=2025-02-01 04:00:00+00:00
[2025-02-01T07:49:30.341+0000] {processor.py:208} INFO - Processing /home/airflow/.local/lib/python3.12/site-packages/airflow/example_dags/example_latest_only.py took 0.102 seconds
[2025-02-01T07:50:01.746+0000] {processor.py:186} INFO - Started process (PID=1799) to work on /home/airflow/.local/lib/python3.12/site-packages/airflow/example_dags/example_latest_only.py
[2025-02-01T07:50:01.747+0000] {processor.py:914} INFO - Processing file /home/airflow/.local/lib/python3.12/site-packages/airflow/example_dags/example_latest_only.py for tasks to queue
[2025-02-01T07:50:01.750+0000] {logging_mixin.py:190} INFO - [2025-02-01T07:50:01.750+0000] {dagbag.py:588} INFO - Filling up the DagBag from /home/airflow/.local/lib/python3.12/site-packages/airflow/example_dags/example_latest_only.py
[2025-02-01T07:50:01.761+0000] {processor.py:925} INFO - DAG(s) 'latest_only' retrieved from /home/airflow/.local/lib/python3.12/site-packages/airflow/example_dags/example_latest_only.py
[2025-02-01T07:50:01.783+0000] {logging_mixin.py:190} INFO - [2025-02-01T07:50:01.783+0000] {dag.py:3239} INFO - Sync 1 DAGs
[2025-02-01T07:50:01.811+0000] {logging_mixin.py:190} INFO - [2025-02-01T07:50:01.810+0000] {dag.py:4180} INFO - Setting next_dagrun for latest_only to 2025-02-01 00:00:00+00:00, run_after=2025-02-01 04:00:00+00:00
[2025-02-01T07:50:01.835+0000] {processor.py:208} INFO - Processing /home/airflow/.local/lib/python3.12/site-packages/airflow/example_dags/example_latest_only.py took 0.097 seconds
[2025-02-01T07:50:33.672+0000] {processor.py:186} INFO - Started process (PID=1869) to work on /home/airflow/.local/lib/python3.12/site-packages/airflow/example_dags/example_latest_only.py
[2025-02-01T07:50:33.673+0000] {processor.py:914} INFO - Processing file /home/airflow/.local/lib/python3.12/site-packages/airflow/example_dags/example_latest_only.py for tasks to queue
[2025-02-01T07:50:33.676+0000] {logging_mixin.py:190} INFO - [2025-02-01T07:50:33.675+0000] {dagbag.py:588} INFO - Filling up the DagBag from /home/airflow/.local/lib/python3.12/site-packages/airflow/example_dags/example_latest_only.py
[2025-02-01T07:50:33.685+0000] {processor.py:925} INFO - DAG(s) 'latest_only' retrieved from /home/airflow/.local/lib/python3.12/site-packages/airflow/example_dags/example_latest_only.py
[2025-02-01T07:50:33.710+0000] {logging_mixin.py:190} INFO - [2025-02-01T07:50:33.709+0000] {dag.py:3239} INFO - Sync 1 DAGs
[2025-02-01T07:50:33.738+0000] {logging_mixin.py:190} INFO - [2025-02-01T07:50:33.738+0000] {dag.py:4180} INFO - Setting next_dagrun for latest_only to 2025-02-01 00:00:00+00:00, run_after=2025-02-01 04:00:00+00:00
[2025-02-01T07:50:33.759+0000] {processor.py:208} INFO - Processing /home/airflow/.local/lib/python3.12/site-packages/airflow/example_dags/example_latest_only.py took 0.095 seconds
[2025-02-01T07:51:04.704+0000] {processor.py:186} INFO - Started process (PID=1935) to work on /home/airflow/.local/lib/python3.12/site-packages/airflow/example_dags/example_latest_only.py
[2025-02-01T07:51:04.705+0000] {processor.py:914} INFO - Processing file /home/airflow/.local/lib/python3.12/site-packages/airflow/example_dags/example_latest_only.py for tasks to queue
[2025-02-01T07:51:04.709+0000] {logging_mixin.py:190} INFO - [2025-02-01T07:51:04.708+0000] {dagbag.py:588} INFO - Filling up the DagBag from /home/airflow/.local/lib/python3.12/site-packages/airflow/example_dags/example_latest_only.py
[2025-02-01T07:51:04.718+0000] {processor.py:925} INFO - DAG(s) 'latest_only' retrieved from /home/airflow/.local/lib/python3.12/site-packages/airflow/example_dags/example_latest_only.py
[2025-02-01T07:51:04.741+0000] {logging_mixin.py:190} INFO - [2025-02-01T07:51:04.740+0000] {dag.py:3239} INFO - Sync 1 DAGs
[2025-02-01T07:51:04.771+0000] {logging_mixin.py:190} INFO - [2025-02-01T07:51:04.771+0000] {dag.py:4180} INFO - Setting next_dagrun for latest_only to 2025-02-01 00:00:00+00:00, run_after=2025-02-01 04:00:00+00:00
[2025-02-01T07:51:04.800+0000] {processor.py:208} INFO - Processing /home/airflow/.local/lib/python3.12/site-packages/airflow/example_dags/example_latest_only.py took 0.107 seconds
[2025-02-01T07:51:35.850+0000] {processor.py:186} INFO - Started process (PID=2007) to work on /home/airflow/.local/lib/python3.12/site-packages/airflow/example_dags/example_latest_only.py
[2025-02-01T07:51:35.851+0000] {processor.py:914} INFO - Processing file /home/airflow/.local/lib/python3.12/site-packages/airflow/example_dags/example_latest_only.py for tasks to queue
[2025-02-01T07:51:35.854+0000] {logging_mixin.py:190} INFO - [2025-02-01T07:51:35.854+0000] {dagbag.py:588} INFO - Filling up the DagBag from /home/airflow/.local/lib/python3.12/site-packages/airflow/example_dags/example_latest_only.py
[2025-02-01T07:51:35.865+0000] {processor.py:925} INFO - DAG(s) 'latest_only' retrieved from /home/airflow/.local/lib/python3.12/site-packages/airflow/example_dags/example_latest_only.py
[2025-02-01T07:51:35.891+0000] {logging_mixin.py:190} INFO - [2025-02-01T07:51:35.890+0000] {dag.py:3239} INFO - Sync 1 DAGs
[2025-02-01T07:51:35.921+0000] {logging_mixin.py:190} INFO - [2025-02-01T07:51:35.921+0000] {dag.py:4180} INFO - Setting next_dagrun for latest_only to 2025-02-01 00:00:00+00:00, run_after=2025-02-01 04:00:00+00:00
[2025-02-01T07:51:35.946+0000] {processor.py:208} INFO - Processing /home/airflow/.local/lib/python3.12/site-packages/airflow/example_dags/example_latest_only.py took 0.106 seconds
[2025-02-01T07:52:08.150+0000] {processor.py:186} INFO - Started process (PID=2073) to work on /home/airflow/.local/lib/python3.12/site-packages/airflow/example_dags/example_latest_only.py
[2025-02-01T07:52:08.152+0000] {processor.py:914} INFO - Processing file /home/airflow/.local/lib/python3.12/site-packages/airflow/example_dags/example_latest_only.py for tasks to queue
[2025-02-01T07:52:08.156+0000] {logging_mixin.py:190} INFO - [2025-02-01T07:52:08.156+0000] {dagbag.py:588} INFO - Filling up the DagBag from /home/airflow/.local/lib/python3.12/site-packages/airflow/example_dags/example_latest_only.py
[2025-02-01T07:52:08.166+0000] {processor.py:925} INFO - DAG(s) 'latest_only' retrieved from /home/airflow/.local/lib/python3.12/site-packages/airflow/example_dags/example_latest_only.py
[2025-02-01T07:52:08.193+0000] {logging_mixin.py:190} INFO - [2025-02-01T07:52:08.193+0000] {dag.py:3239} INFO - Sync 1 DAGs
[2025-02-01T07:52:08.231+0000] {logging_mixin.py:190} INFO - [2025-02-01T07:52:08.230+0000] {dag.py:4180} INFO - Setting next_dagrun for latest_only to 2025-02-01 00:00:00+00:00, run_after=2025-02-01 04:00:00+00:00
[2025-02-01T07:52:08.257+0000] {processor.py:208} INFO - Processing /home/airflow/.local/lib/python3.12/site-packages/airflow/example_dags/example_latest_only.py took 0.119 seconds
[2025-02-01T07:52:40.565+0000] {processor.py:186} INFO - Started process (PID=2141) to work on /home/airflow/.local/lib/python3.12/site-packages/airflow/example_dags/example_latest_only.py
[2025-02-01T07:52:40.567+0000] {processor.py:914} INFO - Processing file /home/airflow/.local/lib/python3.12/site-packages/airflow/example_dags/example_latest_only.py for tasks to queue
[2025-02-01T07:52:40.570+0000] {logging_mixin.py:190} INFO - [2025-02-01T07:52:40.570+0000] {dagbag.py:588} INFO - Filling up the DagBag from /home/airflow/.local/lib/python3.12/site-packages/airflow/example_dags/example_latest_only.py
[2025-02-01T07:52:40.580+0000] {processor.py:925} INFO - DAG(s) 'latest_only' retrieved from /home/airflow/.local/lib/python3.12/site-packages/airflow/example_dags/example_latest_only.py
[2025-02-01T07:52:40.605+0000] {logging_mixin.py:190} INFO - [2025-02-01T07:52:40.604+0000] {dag.py:3239} INFO - Sync 1 DAGs
[2025-02-01T07:52:40.648+0000] {logging_mixin.py:190} INFO - [2025-02-01T07:52:40.648+0000] {dag.py:4180} INFO - Setting next_dagrun for latest_only to 2025-02-01 00:00:00+00:00, run_after=2025-02-01 04:00:00+00:00
[2025-02-01T07:52:40.674+0000] {processor.py:208} INFO - Processing /home/airflow/.local/lib/python3.12/site-packages/airflow/example_dags/example_latest_only.py took 0.121 seconds
