[2025-02-01T07:36:55.285+0000] {processor.py:186} INFO - Started process (PID=126) to work on /home/airflow/.local/lib/python3.12/site-packages/airflow/example_dags/example_latest_only_with_trigger.py
[2025-02-01T07:36:55.288+0000] {processor.py:914} INFO - Processing file /home/airflow/.local/lib/python3.12/site-packages/airflow/example_dags/example_latest_only_with_trigger.py for tasks to queue
[2025-02-01T07:36:55.294+0000] {logging_mixin.py:190} INFO - [2025-02-01T07:36:55.294+0000] {dagbag.py:588} INFO - Filling up the DagBag from /home/airflow/.local/lib/python3.12/site-packages/airflow/example_dags/example_latest_only_with_trigger.py
[2025-02-01T07:36:55.317+0000] {processor.py:925} INFO - DAG(s) 'latest_only_with_trigger' retrieved from /home/airflow/.local/lib/python3.12/site-packages/airflow/example_dags/example_latest_only_with_trigger.py
[2025-02-01T07:36:55.448+0000] {logging_mixin.py:190} INFO - [2025-02-01T07:36:55.447+0000] {dag.py:3239} INFO - Sync 1 DAGs
[2025-02-01T07:36:55.509+0000] {logging_mixin.py:190} INFO - [2025-02-01T07:36:55.509+0000] {dag.py:4180} INFO - Setting next_dagrun for latest_only_with_trigger to 2025-02-01 00:00:00+00:00, run_after=2025-02-01 04:00:00+00:00
[2025-02-01T07:36:55.591+0000] {processor.py:208} INFO - Processing /home/airflow/.local/lib/python3.12/site-packages/airflow/example_dags/example_latest_only_with_trigger.py took 0.320 seconds
[2025-02-01T07:37:26.372+0000] {processor.py:186} INFO - Started process (PID=200) to work on /home/airflow/.local/lib/python3.12/site-packages/airflow/example_dags/example_latest_only_with_trigger.py
[2025-02-01T07:37:26.375+0000] {processor.py:914} INFO - Processing file /home/airflow/.local/lib/python3.12/site-packages/airflow/example_dags/example_latest_only_with_trigger.py for tasks to queue
[2025-02-01T07:37:26.385+0000] {logging_mixin.py:190} INFO - [2025-02-01T07:37:26.383+0000] {dagbag.py:588} INFO - Filling up the DagBag from /home/airflow/.local/lib/python3.12/site-packages/airflow/example_dags/example_latest_only_with_trigger.py
[2025-02-01T07:37:26.439+0000] {processor.py:925} INFO - DAG(s) 'latest_only_with_trigger' retrieved from /home/airflow/.local/lib/python3.12/site-packages/airflow/example_dags/example_latest_only_with_trigger.py
[2025-02-01T07:37:26.496+0000] {logging_mixin.py:190} INFO - [2025-02-01T07:37:26.496+0000] {dag.py:3239} INFO - Sync 1 DAGs
[2025-02-01T07:37:26.546+0000] {logging_mixin.py:190} INFO - [2025-02-01T07:37:26.546+0000] {dag.py:4180} INFO - Setting next_dagrun for latest_only_with_trigger to 2025-02-01 00:00:00+00:00, run_after=2025-02-01 04:00:00+00:00
[2025-02-01T07:37:26.591+0000] {processor.py:208} INFO - Processing /home/airflow/.local/lib/python3.12/site-packages/airflow/example_dags/example_latest_only_with_trigger.py took 0.231 seconds
[2025-02-01T07:37:57.002+0000] {processor.py:186} INFO - Started process (PID=266) to work on /home/airflow/.local/lib/python3.12/site-packages/airflow/example_dags/example_latest_only_with_trigger.py
[2025-02-01T07:37:57.003+0000] {processor.py:914} INFO - Processing file /home/airflow/.local/lib/python3.12/site-packages/airflow/example_dags/example_latest_only_with_trigger.py for tasks to queue
[2025-02-01T07:37:57.005+0000] {logging_mixin.py:190} INFO - [2025-02-01T07:37:57.005+0000] {dagbag.py:588} INFO - Filling up the DagBag from /home/airflow/.local/lib/python3.12/site-packages/airflow/example_dags/example_latest_only_with_trigger.py
[2025-02-01T07:37:57.015+0000] {processor.py:925} INFO - DAG(s) 'latest_only_with_trigger' retrieved from /home/airflow/.local/lib/python3.12/site-packages/airflow/example_dags/example_latest_only_with_trigger.py
[2025-02-01T07:37:57.041+0000] {logging_mixin.py:190} INFO - [2025-02-01T07:37:57.040+0000] {dag.py:3239} INFO - Sync 1 DAGs
[2025-02-01T07:37:57.080+0000] {logging_mixin.py:190} INFO - [2025-02-01T07:37:57.079+0000] {dag.py:4180} INFO - Setting next_dagrun for latest_only_with_trigger to 2025-02-01 00:00:00+00:00, run_after=2025-02-01 04:00:00+00:00
[2025-02-01T07:37:57.117+0000] {processor.py:208} INFO - Processing /home/airflow/.local/lib/python3.12/site-packages/airflow/example_dags/example_latest_only_with_trigger.py took 0.126 seconds
[2025-02-01T07:38:28.789+0000] {processor.py:186} INFO - Started process (PID=332) to work on /home/airflow/.local/lib/python3.12/site-packages/airflow/example_dags/example_latest_only_with_trigger.py
[2025-02-01T07:38:28.790+0000] {processor.py:914} INFO - Processing file /home/airflow/.local/lib/python3.12/site-packages/airflow/example_dags/example_latest_only_with_trigger.py for tasks to queue
[2025-02-01T07:38:28.793+0000] {logging_mixin.py:190} INFO - [2025-02-01T07:38:28.793+0000] {dagbag.py:588} INFO - Filling up the DagBag from /home/airflow/.local/lib/python3.12/site-packages/airflow/example_dags/example_latest_only_with_trigger.py
[2025-02-01T07:38:28.806+0000] {processor.py:925} INFO - DAG(s) 'latest_only_with_trigger' retrieved from /home/airflow/.local/lib/python3.12/site-packages/airflow/example_dags/example_latest_only_with_trigger.py
[2025-02-01T07:38:28.831+0000] {logging_mixin.py:190} INFO - [2025-02-01T07:38:28.831+0000] {dag.py:3239} INFO - Sync 1 DAGs
[2025-02-01T07:38:28.864+0000] {logging_mixin.py:190} INFO - [2025-02-01T07:38:28.864+0000] {dag.py:4180} INFO - Setting next_dagrun for latest_only_with_trigger to 2025-02-01 00:00:00+00:00, run_after=2025-02-01 04:00:00+00:00
[2025-02-01T07:38:28.893+0000] {processor.py:208} INFO - Processing /home/airflow/.local/lib/python3.12/site-packages/airflow/example_dags/example_latest_only_with_trigger.py took 0.114 seconds
[2025-02-01T07:39:00.951+0000] {processor.py:186} INFO - Started process (PID=398) to work on /home/airflow/.local/lib/python3.12/site-packages/airflow/example_dags/example_latest_only_with_trigger.py
[2025-02-01T07:39:00.952+0000] {processor.py:914} INFO - Processing file /home/airflow/.local/lib/python3.12/site-packages/airflow/example_dags/example_latest_only_with_trigger.py for tasks to queue
[2025-02-01T07:39:00.957+0000] {logging_mixin.py:190} INFO - [2025-02-01T07:39:00.956+0000] {dagbag.py:588} INFO - Filling up the DagBag from /home/airflow/.local/lib/python3.12/site-packages/airflow/example_dags/example_latest_only_with_trigger.py
[2025-02-01T07:39:00.969+0000] {processor.py:925} INFO - DAG(s) 'latest_only_with_trigger' retrieved from /home/airflow/.local/lib/python3.12/site-packages/airflow/example_dags/example_latest_only_with_trigger.py
[2025-02-01T07:39:00.997+0000] {logging_mixin.py:190} INFO - [2025-02-01T07:39:00.997+0000] {dag.py:3239} INFO - Sync 1 DAGs
[2025-02-01T07:39:01.029+0000] {logging_mixin.py:190} INFO - [2025-02-01T07:39:01.028+0000] {dag.py:4180} INFO - Setting next_dagrun for latest_only_with_trigger to 2025-02-01 00:00:00+00:00, run_after=2025-02-01 04:00:00+00:00
[2025-02-01T07:39:01.057+0000] {processor.py:208} INFO - Processing /home/airflow/.local/lib/python3.12/site-packages/airflow/example_dags/example_latest_only_with_trigger.py took 0.117 seconds
[2025-02-01T07:39:32.558+0000] {processor.py:186} INFO - Started process (PID=464) to work on /home/airflow/.local/lib/python3.12/site-packages/airflow/example_dags/example_latest_only_with_trigger.py
[2025-02-01T07:39:32.560+0000] {processor.py:914} INFO - Processing file /home/airflow/.local/lib/python3.12/site-packages/airflow/example_dags/example_latest_only_with_trigger.py for tasks to queue
[2025-02-01T07:39:32.563+0000] {logging_mixin.py:190} INFO - [2025-02-01T07:39:32.562+0000] {dagbag.py:588} INFO - Filling up the DagBag from /home/airflow/.local/lib/python3.12/site-packages/airflow/example_dags/example_latest_only_with_trigger.py
[2025-02-01T07:39:32.576+0000] {processor.py:925} INFO - DAG(s) 'latest_only_with_trigger' retrieved from /home/airflow/.local/lib/python3.12/site-packages/airflow/example_dags/example_latest_only_with_trigger.py
[2025-02-01T07:39:32.603+0000] {logging_mixin.py:190} INFO - [2025-02-01T07:39:32.603+0000] {dag.py:3239} INFO - Sync 1 DAGs
[2025-02-01T07:39:32.643+0000] {logging_mixin.py:190} INFO - [2025-02-01T07:39:32.643+0000] {dag.py:4180} INFO - Setting next_dagrun for latest_only_with_trigger to 2025-02-01 00:00:00+00:00, run_after=2025-02-01 04:00:00+00:00
[2025-02-01T07:39:32.676+0000] {processor.py:208} INFO - Processing /home/airflow/.local/lib/python3.12/site-packages/airflow/example_dags/example_latest_only_with_trigger.py took 0.127 seconds
[2025-02-01T07:40:03.288+0000] {processor.py:186} INFO - Started process (PID=529) to work on /home/airflow/.local/lib/python3.12/site-packages/airflow/example_dags/example_latest_only_with_trigger.py
[2025-02-01T07:40:03.290+0000] {processor.py:914} INFO - Processing file /home/airflow/.local/lib/python3.12/site-packages/airflow/example_dags/example_latest_only_with_trigger.py for tasks to queue
[2025-02-01T07:40:03.294+0000] {logging_mixin.py:190} INFO - [2025-02-01T07:40:03.294+0000] {dagbag.py:588} INFO - Filling up the DagBag from /home/airflow/.local/lib/python3.12/site-packages/airflow/example_dags/example_latest_only_with_trigger.py
[2025-02-01T07:40:03.306+0000] {processor.py:925} INFO - DAG(s) 'latest_only_with_trigger' retrieved from /home/airflow/.local/lib/python3.12/site-packages/airflow/example_dags/example_latest_only_with_trigger.py
[2025-02-01T07:40:03.332+0000] {logging_mixin.py:190} INFO - [2025-02-01T07:40:03.331+0000] {dag.py:3239} INFO - Sync 1 DAGs
[2025-02-01T07:40:03.362+0000] {logging_mixin.py:190} INFO - [2025-02-01T07:40:03.361+0000] {dag.py:4180} INFO - Setting next_dagrun for latest_only_with_trigger to 2025-02-01 00:00:00+00:00, run_after=2025-02-01 04:00:00+00:00
[2025-02-01T07:40:03.387+0000] {processor.py:208} INFO - Processing /home/airflow/.local/lib/python3.12/site-packages/airflow/example_dags/example_latest_only_with_trigger.py took 0.110 seconds
[2025-02-01T07:40:34.230+0000] {processor.py:186} INFO - Started process (PID=595) to work on /home/airflow/.local/lib/python3.12/site-packages/airflow/example_dags/example_latest_only_with_trigger.py
[2025-02-01T07:40:34.232+0000] {processor.py:914} INFO - Processing file /home/airflow/.local/lib/python3.12/site-packages/airflow/example_dags/example_latest_only_with_trigger.py for tasks to queue
[2025-02-01T07:40:34.238+0000] {logging_mixin.py:190} INFO - [2025-02-01T07:40:34.238+0000] {dagbag.py:588} INFO - Filling up the DagBag from /home/airflow/.local/lib/python3.12/site-packages/airflow/example_dags/example_latest_only_with_trigger.py
[2025-02-01T07:40:34.249+0000] {processor.py:925} INFO - DAG(s) 'latest_only_with_trigger' retrieved from /home/airflow/.local/lib/python3.12/site-packages/airflow/example_dags/example_latest_only_with_trigger.py
[2025-02-01T07:40:34.289+0000] {logging_mixin.py:190} INFO - [2025-02-01T07:40:34.289+0000] {dag.py:3239} INFO - Sync 1 DAGs
[2025-02-01T07:40:34.328+0000] {logging_mixin.py:190} INFO - [2025-02-01T07:40:34.328+0000] {dag.py:4180} INFO - Setting next_dagrun for latest_only_with_trigger to 2025-02-01 00:00:00+00:00, run_after=2025-02-01 04:00:00+00:00
[2025-02-01T07:40:34.361+0000] {processor.py:208} INFO - Processing /home/airflow/.local/lib/python3.12/site-packages/airflow/example_dags/example_latest_only_with_trigger.py took 0.144 seconds
[2025-02-01T07:41:05.697+0000] {processor.py:186} INFO - Started process (PID=667) to work on /home/airflow/.local/lib/python3.12/site-packages/airflow/example_dags/example_latest_only_with_trigger.py
[2025-02-01T07:41:05.698+0000] {processor.py:914} INFO - Processing file /home/airflow/.local/lib/python3.12/site-packages/airflow/example_dags/example_latest_only_with_trigger.py for tasks to queue
[2025-02-01T07:41:05.702+0000] {logging_mixin.py:190} INFO - [2025-02-01T07:41:05.701+0000] {dagbag.py:588} INFO - Filling up the DagBag from /home/airflow/.local/lib/python3.12/site-packages/airflow/example_dags/example_latest_only_with_trigger.py
[2025-02-01T07:41:05.712+0000] {processor.py:925} INFO - DAG(s) 'latest_only_with_trigger' retrieved from /home/airflow/.local/lib/python3.12/site-packages/airflow/example_dags/example_latest_only_with_trigger.py
[2025-02-01T07:41:05.748+0000] {logging_mixin.py:190} INFO - [2025-02-01T07:41:05.747+0000] {dag.py:3239} INFO - Sync 1 DAGs
[2025-02-01T07:41:05.778+0000] {logging_mixin.py:190} INFO - [2025-02-01T07:41:05.778+0000] {dag.py:4180} INFO - Setting next_dagrun for latest_only_with_trigger to 2025-02-01 00:00:00+00:00, run_after=2025-02-01 04:00:00+00:00
[2025-02-01T07:41:05.812+0000] {processor.py:208} INFO - Processing /home/airflow/.local/lib/python3.12/site-packages/airflow/example_dags/example_latest_only_with_trigger.py took 0.124 seconds
[2025-02-01T07:41:37.262+0000] {processor.py:186} INFO - Started process (PID=733) to work on /home/airflow/.local/lib/python3.12/site-packages/airflow/example_dags/example_latest_only_with_trigger.py
[2025-02-01T07:41:37.263+0000] {processor.py:914} INFO - Processing file /home/airflow/.local/lib/python3.12/site-packages/airflow/example_dags/example_latest_only_with_trigger.py for tasks to queue
[2025-02-01T07:41:37.269+0000] {logging_mixin.py:190} INFO - [2025-02-01T07:41:37.267+0000] {dagbag.py:588} INFO - Filling up the DagBag from /home/airflow/.local/lib/python3.12/site-packages/airflow/example_dags/example_latest_only_with_trigger.py
[2025-02-01T07:41:37.288+0000] {processor.py:925} INFO - DAG(s) 'latest_only_with_trigger' retrieved from /home/airflow/.local/lib/python3.12/site-packages/airflow/example_dags/example_latest_only_with_trigger.py
[2025-02-01T07:41:37.320+0000] {logging_mixin.py:190} INFO - [2025-02-01T07:41:37.320+0000] {dag.py:3239} INFO - Sync 1 DAGs
[2025-02-01T07:41:37.355+0000] {logging_mixin.py:190} INFO - [2025-02-01T07:41:37.354+0000] {dag.py:4180} INFO - Setting next_dagrun for latest_only_with_trigger to 2025-02-01 00:00:00+00:00, run_after=2025-02-01 04:00:00+00:00
[2025-02-01T07:41:37.381+0000] {processor.py:208} INFO - Processing /home/airflow/.local/lib/python3.12/site-packages/airflow/example_dags/example_latest_only_with_trigger.py took 0.129 seconds
[2025-02-01T07:42:09.117+0000] {processor.py:186} INFO - Started process (PID=799) to work on /home/airflow/.local/lib/python3.12/site-packages/airflow/example_dags/example_latest_only_with_trigger.py
[2025-02-01T07:42:09.118+0000] {processor.py:914} INFO - Processing file /home/airflow/.local/lib/python3.12/site-packages/airflow/example_dags/example_latest_only_with_trigger.py for tasks to queue
[2025-02-01T07:42:09.122+0000] {logging_mixin.py:190} INFO - [2025-02-01T07:42:09.122+0000] {dagbag.py:588} INFO - Filling up the DagBag from /home/airflow/.local/lib/python3.12/site-packages/airflow/example_dags/example_latest_only_with_trigger.py
[2025-02-01T07:42:09.133+0000] {processor.py:925} INFO - DAG(s) 'latest_only_with_trigger' retrieved from /home/airflow/.local/lib/python3.12/site-packages/airflow/example_dags/example_latest_only_with_trigger.py
[2025-02-01T07:42:09.163+0000] {logging_mixin.py:190} INFO - [2025-02-01T07:42:09.162+0000] {dag.py:3239} INFO - Sync 1 DAGs
[2025-02-01T07:42:09.213+0000] {logging_mixin.py:190} INFO - [2025-02-01T07:42:09.212+0000] {dag.py:4180} INFO - Setting next_dagrun for latest_only_with_trigger to 2025-02-01 00:00:00+00:00, run_after=2025-02-01 04:00:00+00:00
[2025-02-01T07:42:09.247+0000] {processor.py:208} INFO - Processing /home/airflow/.local/lib/python3.12/site-packages/airflow/example_dags/example_latest_only_with_trigger.py took 0.140 seconds
[2025-02-01T07:42:40.654+0000] {processor.py:186} INFO - Started process (PID=865) to work on /home/airflow/.local/lib/python3.12/site-packages/airflow/example_dags/example_latest_only_with_trigger.py
[2025-02-01T07:42:40.657+0000] {processor.py:914} INFO - Processing file /home/airflow/.local/lib/python3.12/site-packages/airflow/example_dags/example_latest_only_with_trigger.py for tasks to queue
[2025-02-01T07:42:40.661+0000] {logging_mixin.py:190} INFO - [2025-02-01T07:42:40.660+0000] {dagbag.py:588} INFO - Filling up the DagBag from /home/airflow/.local/lib/python3.12/site-packages/airflow/example_dags/example_latest_only_with_trigger.py
[2025-02-01T07:42:40.671+0000] {processor.py:925} INFO - DAG(s) 'latest_only_with_trigger' retrieved from /home/airflow/.local/lib/python3.12/site-packages/airflow/example_dags/example_latest_only_with_trigger.py
[2025-02-01T07:42:40.701+0000] {logging_mixin.py:190} INFO - [2025-02-01T07:42:40.700+0000] {dag.py:3239} INFO - Sync 1 DAGs
[2025-02-01T07:42:40.737+0000] {logging_mixin.py:190} INFO - [2025-02-01T07:42:40.737+0000] {dag.py:4180} INFO - Setting next_dagrun for latest_only_with_trigger to 2025-02-01 00:00:00+00:00, run_after=2025-02-01 04:00:00+00:00
[2025-02-01T07:42:40.792+0000] {processor.py:208} INFO - Processing /home/airflow/.local/lib/python3.12/site-packages/airflow/example_dags/example_latest_only_with_trigger.py took 0.147 seconds
[2025-02-01T07:43:11.906+0000] {processor.py:186} INFO - Started process (PID=931) to work on /home/airflow/.local/lib/python3.12/site-packages/airflow/example_dags/example_latest_only_with_trigger.py
[2025-02-01T07:43:11.908+0000] {processor.py:914} INFO - Processing file /home/airflow/.local/lib/python3.12/site-packages/airflow/example_dags/example_latest_only_with_trigger.py for tasks to queue
[2025-02-01T07:43:11.912+0000] {logging_mixin.py:190} INFO - [2025-02-01T07:43:11.912+0000] {dagbag.py:588} INFO - Filling up the DagBag from /home/airflow/.local/lib/python3.12/site-packages/airflow/example_dags/example_latest_only_with_trigger.py
[2025-02-01T07:43:11.922+0000] {processor.py:925} INFO - DAG(s) 'latest_only_with_trigger' retrieved from /home/airflow/.local/lib/python3.12/site-packages/airflow/example_dags/example_latest_only_with_trigger.py
[2025-02-01T07:43:11.946+0000] {logging_mixin.py:190} INFO - [2025-02-01T07:43:11.946+0000] {dag.py:3239} INFO - Sync 1 DAGs
[2025-02-01T07:43:11.982+0000] {logging_mixin.py:190} INFO - [2025-02-01T07:43:11.981+0000] {dag.py:4180} INFO - Setting next_dagrun for latest_only_with_trigger to 2025-02-01 00:00:00+00:00, run_after=2025-02-01 04:00:00+00:00
[2025-02-01T07:43:12.010+0000] {processor.py:208} INFO - Processing /home/airflow/.local/lib/python3.12/site-packages/airflow/example_dags/example_latest_only_with_trigger.py took 0.114 seconds
[2025-02-01T07:43:43.516+0000] {processor.py:186} INFO - Started process (PID=997) to work on /home/airflow/.local/lib/python3.12/site-packages/airflow/example_dags/example_latest_only_with_trigger.py
[2025-02-01T07:43:43.518+0000] {processor.py:914} INFO - Processing file /home/airflow/.local/lib/python3.12/site-packages/airflow/example_dags/example_latest_only_with_trigger.py for tasks to queue
[2025-02-01T07:43:43.521+0000] {logging_mixin.py:190} INFO - [2025-02-01T07:43:43.521+0000] {dagbag.py:588} INFO - Filling up the DagBag from /home/airflow/.local/lib/python3.12/site-packages/airflow/example_dags/example_latest_only_with_trigger.py
[2025-02-01T07:43:43.531+0000] {processor.py:925} INFO - DAG(s) 'latest_only_with_trigger' retrieved from /home/airflow/.local/lib/python3.12/site-packages/airflow/example_dags/example_latest_only_with_trigger.py
[2025-02-01T07:43:43.554+0000] {logging_mixin.py:190} INFO - [2025-02-01T07:43:43.553+0000] {dag.py:3239} INFO - Sync 1 DAGs
[2025-02-01T07:43:43.585+0000] {logging_mixin.py:190} INFO - [2025-02-01T07:43:43.584+0000] {dag.py:4180} INFO - Setting next_dagrun for latest_only_with_trigger to 2025-02-01 00:00:00+00:00, run_after=2025-02-01 04:00:00+00:00
[2025-02-01T07:43:43.607+0000] {processor.py:208} INFO - Processing /home/airflow/.local/lib/python3.12/site-packages/airflow/example_dags/example_latest_only_with_trigger.py took 0.099 seconds
[2025-02-01T07:44:15.350+0000] {processor.py:186} INFO - Started process (PID=1063) to work on /home/airflow/.local/lib/python3.12/site-packages/airflow/example_dags/example_latest_only_with_trigger.py
[2025-02-01T07:44:15.352+0000] {processor.py:914} INFO - Processing file /home/airflow/.local/lib/python3.12/site-packages/airflow/example_dags/example_latest_only_with_trigger.py for tasks to queue
[2025-02-01T07:44:15.355+0000] {logging_mixin.py:190} INFO - [2025-02-01T07:44:15.355+0000] {dagbag.py:588} INFO - Filling up the DagBag from /home/airflow/.local/lib/python3.12/site-packages/airflow/example_dags/example_latest_only_with_trigger.py
[2025-02-01T07:44:15.366+0000] {processor.py:925} INFO - DAG(s) 'latest_only_with_trigger' retrieved from /home/airflow/.local/lib/python3.12/site-packages/airflow/example_dags/example_latest_only_with_trigger.py
[2025-02-01T07:44:15.391+0000] {logging_mixin.py:190} INFO - [2025-02-01T07:44:15.391+0000] {dag.py:3239} INFO - Sync 1 DAGs
[2025-02-01T07:44:15.429+0000] {logging_mixin.py:190} INFO - [2025-02-01T07:44:15.429+0000] {dag.py:4180} INFO - Setting next_dagrun for latest_only_with_trigger to 2025-02-01 00:00:00+00:00, run_after=2025-02-01 04:00:00+00:00
[2025-02-01T07:44:15.453+0000] {processor.py:208} INFO - Processing /home/airflow/.local/lib/python3.12/site-packages/airflow/example_dags/example_latest_only_with_trigger.py took 0.114 seconds
[2025-02-01T07:44:46.559+0000] {processor.py:186} INFO - Started process (PID=1129) to work on /home/airflow/.local/lib/python3.12/site-packages/airflow/example_dags/example_latest_only_with_trigger.py
[2025-02-01T07:44:46.560+0000] {processor.py:914} INFO - Processing file /home/airflow/.local/lib/python3.12/site-packages/airflow/example_dags/example_latest_only_with_trigger.py for tasks to queue
[2025-02-01T07:44:46.564+0000] {logging_mixin.py:190} INFO - [2025-02-01T07:44:46.563+0000] {dagbag.py:588} INFO - Filling up the DagBag from /home/airflow/.local/lib/python3.12/site-packages/airflow/example_dags/example_latest_only_with_trigger.py
[2025-02-01T07:44:46.575+0000] {processor.py:925} INFO - DAG(s) 'latest_only_with_trigger' retrieved from /home/airflow/.local/lib/python3.12/site-packages/airflow/example_dags/example_latest_only_with_trigger.py
[2025-02-01T07:44:46.600+0000] {logging_mixin.py:190} INFO - [2025-02-01T07:44:46.599+0000] {dag.py:3239} INFO - Sync 1 DAGs
[2025-02-01T07:44:46.643+0000] {logging_mixin.py:190} INFO - [2025-02-01T07:44:46.643+0000] {dag.py:4180} INFO - Setting next_dagrun for latest_only_with_trigger to 2025-02-01 00:00:00+00:00, run_after=2025-02-01 04:00:00+00:00
[2025-02-01T07:44:46.677+0000] {processor.py:208} INFO - Processing /home/airflow/.local/lib/python3.12/site-packages/airflow/example_dags/example_latest_only_with_trigger.py took 0.129 seconds
[2025-02-01T07:45:18.166+0000] {processor.py:186} INFO - Started process (PID=1195) to work on /home/airflow/.local/lib/python3.12/site-packages/airflow/example_dags/example_latest_only_with_trigger.py
[2025-02-01T07:45:18.167+0000] {processor.py:914} INFO - Processing file /home/airflow/.local/lib/python3.12/site-packages/airflow/example_dags/example_latest_only_with_trigger.py for tasks to queue
[2025-02-01T07:45:18.170+0000] {logging_mixin.py:190} INFO - [2025-02-01T07:45:18.170+0000] {dagbag.py:588} INFO - Filling up the DagBag from /home/airflow/.local/lib/python3.12/site-packages/airflow/example_dags/example_latest_only_with_trigger.py
[2025-02-01T07:45:18.179+0000] {processor.py:925} INFO - DAG(s) 'latest_only_with_trigger' retrieved from /home/airflow/.local/lib/python3.12/site-packages/airflow/example_dags/example_latest_only_with_trigger.py
[2025-02-01T07:45:18.204+0000] {logging_mixin.py:190} INFO - [2025-02-01T07:45:18.204+0000] {dag.py:3239} INFO - Sync 1 DAGs
[2025-02-01T07:45:18.236+0000] {logging_mixin.py:190} INFO - [2025-02-01T07:45:18.235+0000] {dag.py:4180} INFO - Setting next_dagrun for latest_only_with_trigger to 2025-02-01 00:00:00+00:00, run_after=2025-02-01 04:00:00+00:00
[2025-02-01T07:45:18.260+0000] {processor.py:208} INFO - Processing /home/airflow/.local/lib/python3.12/site-packages/airflow/example_dags/example_latest_only_with_trigger.py took 0.103 seconds
[2025-02-01T07:45:49.443+0000] {processor.py:186} INFO - Started process (PID=1261) to work on /home/airflow/.local/lib/python3.12/site-packages/airflow/example_dags/example_latest_only_with_trigger.py
[2025-02-01T07:45:49.444+0000] {processor.py:914} INFO - Processing file /home/airflow/.local/lib/python3.12/site-packages/airflow/example_dags/example_latest_only_with_trigger.py for tasks to queue
[2025-02-01T07:45:49.447+0000] {logging_mixin.py:190} INFO - [2025-02-01T07:45:49.447+0000] {dagbag.py:588} INFO - Filling up the DagBag from /home/airflow/.local/lib/python3.12/site-packages/airflow/example_dags/example_latest_only_with_trigger.py
[2025-02-01T07:45:49.461+0000] {processor.py:925} INFO - DAG(s) 'latest_only_with_trigger' retrieved from /home/airflow/.local/lib/python3.12/site-packages/airflow/example_dags/example_latest_only_with_trigger.py
[2025-02-01T07:45:49.494+0000] {logging_mixin.py:190} INFO - [2025-02-01T07:45:49.494+0000] {dag.py:3239} INFO - Sync 1 DAGs
[2025-02-01T07:45:49.542+0000] {logging_mixin.py:190} INFO - [2025-02-01T07:45:49.542+0000] {dag.py:4180} INFO - Setting next_dagrun for latest_only_with_trigger to 2025-02-01 00:00:00+00:00, run_after=2025-02-01 04:00:00+00:00
[2025-02-01T07:45:49.575+0000] {processor.py:208} INFO - Processing /home/airflow/.local/lib/python3.12/site-packages/airflow/example_dags/example_latest_only_with_trigger.py took 0.143 seconds
[2025-02-01T07:46:20.502+0000] {processor.py:186} INFO - Started process (PID=1327) to work on /home/airflow/.local/lib/python3.12/site-packages/airflow/example_dags/example_latest_only_with_trigger.py
[2025-02-01T07:46:20.504+0000] {processor.py:914} INFO - Processing file /home/airflow/.local/lib/python3.12/site-packages/airflow/example_dags/example_latest_only_with_trigger.py for tasks to queue
[2025-02-01T07:46:20.507+0000] {logging_mixin.py:190} INFO - [2025-02-01T07:46:20.507+0000] {dagbag.py:588} INFO - Filling up the DagBag from /home/airflow/.local/lib/python3.12/site-packages/airflow/example_dags/example_latest_only_with_trigger.py
[2025-02-01T07:46:20.518+0000] {processor.py:925} INFO - DAG(s) 'latest_only_with_trigger' retrieved from /home/airflow/.local/lib/python3.12/site-packages/airflow/example_dags/example_latest_only_with_trigger.py
[2025-02-01T07:46:20.548+0000] {logging_mixin.py:190} INFO - [2025-02-01T07:46:20.548+0000] {dag.py:3239} INFO - Sync 1 DAGs
[2025-02-01T07:46:20.577+0000] {logging_mixin.py:190} INFO - [2025-02-01T07:46:20.577+0000] {dag.py:4180} INFO - Setting next_dagrun for latest_only_with_trigger to 2025-02-01 00:00:00+00:00, run_after=2025-02-01 04:00:00+00:00
[2025-02-01T07:46:20.607+0000] {processor.py:208} INFO - Processing /home/airflow/.local/lib/python3.12/site-packages/airflow/example_dags/example_latest_only_with_trigger.py took 0.113 seconds
[2025-02-01T07:46:52.306+0000] {processor.py:186} INFO - Started process (PID=1393) to work on /home/airflow/.local/lib/python3.12/site-packages/airflow/example_dags/example_latest_only_with_trigger.py
[2025-02-01T07:46:52.307+0000] {processor.py:914} INFO - Processing file /home/airflow/.local/lib/python3.12/site-packages/airflow/example_dags/example_latest_only_with_trigger.py for tasks to queue
[2025-02-01T07:46:52.311+0000] {logging_mixin.py:190} INFO - [2025-02-01T07:46:52.310+0000] {dagbag.py:588} INFO - Filling up the DagBag from /home/airflow/.local/lib/python3.12/site-packages/airflow/example_dags/example_latest_only_with_trigger.py
[2025-02-01T07:46:52.322+0000] {processor.py:925} INFO - DAG(s) 'latest_only_with_trigger' retrieved from /home/airflow/.local/lib/python3.12/site-packages/airflow/example_dags/example_latest_only_with_trigger.py
[2025-02-01T07:46:52.347+0000] {logging_mixin.py:190} INFO - [2025-02-01T07:46:52.346+0000] {dag.py:3239} INFO - Sync 1 DAGs
[2025-02-01T07:46:52.379+0000] {logging_mixin.py:190} INFO - [2025-02-01T07:46:52.379+0000] {dag.py:4180} INFO - Setting next_dagrun for latest_only_with_trigger to 2025-02-01 00:00:00+00:00, run_after=2025-02-01 04:00:00+00:00
[2025-02-01T07:46:52.407+0000] {processor.py:208} INFO - Processing /home/airflow/.local/lib/python3.12/site-packages/airflow/example_dags/example_latest_only_with_trigger.py took 0.110 seconds
[2025-02-01T07:47:23.719+0000] {processor.py:186} INFO - Started process (PID=1459) to work on /home/airflow/.local/lib/python3.12/site-packages/airflow/example_dags/example_latest_only_with_trigger.py
[2025-02-01T07:47:23.720+0000] {processor.py:914} INFO - Processing file /home/airflow/.local/lib/python3.12/site-packages/airflow/example_dags/example_latest_only_with_trigger.py for tasks to queue
[2025-02-01T07:47:23.725+0000] {logging_mixin.py:190} INFO - [2025-02-01T07:47:23.724+0000] {dagbag.py:588} INFO - Filling up the DagBag from /home/airflow/.local/lib/python3.12/site-packages/airflow/example_dags/example_latest_only_with_trigger.py
[2025-02-01T07:47:23.736+0000] {processor.py:925} INFO - DAG(s) 'latest_only_with_trigger' retrieved from /home/airflow/.local/lib/python3.12/site-packages/airflow/example_dags/example_latest_only_with_trigger.py
[2025-02-01T07:47:23.766+0000] {logging_mixin.py:190} INFO - [2025-02-01T07:47:23.765+0000] {dag.py:3239} INFO - Sync 1 DAGs
[2025-02-01T07:47:23.802+0000] {logging_mixin.py:190} INFO - [2025-02-01T07:47:23.802+0000] {dag.py:4180} INFO - Setting next_dagrun for latest_only_with_trigger to 2025-02-01 00:00:00+00:00, run_after=2025-02-01 04:00:00+00:00
[2025-02-01T07:47:23.836+0000] {processor.py:208} INFO - Processing /home/airflow/.local/lib/python3.12/site-packages/airflow/example_dags/example_latest_only_with_trigger.py took 0.130 seconds
[2025-02-01T07:47:55.280+0000] {processor.py:186} INFO - Started process (PID=1525) to work on /home/airflow/.local/lib/python3.12/site-packages/airflow/example_dags/example_latest_only_with_trigger.py
[2025-02-01T07:47:55.281+0000] {processor.py:914} INFO - Processing file /home/airflow/.local/lib/python3.12/site-packages/airflow/example_dags/example_latest_only_with_trigger.py for tasks to queue
[2025-02-01T07:47:55.284+0000] {logging_mixin.py:190} INFO - [2025-02-01T07:47:55.284+0000] {dagbag.py:588} INFO - Filling up the DagBag from /home/airflow/.local/lib/python3.12/site-packages/airflow/example_dags/example_latest_only_with_trigger.py
[2025-02-01T07:47:55.294+0000] {processor.py:925} INFO - DAG(s) 'latest_only_with_trigger' retrieved from /home/airflow/.local/lib/python3.12/site-packages/airflow/example_dags/example_latest_only_with_trigger.py
[2025-02-01T07:47:55.321+0000] {logging_mixin.py:190} INFO - [2025-02-01T07:47:55.321+0000] {dag.py:3239} INFO - Sync 1 DAGs
[2025-02-01T07:47:55.353+0000] {logging_mixin.py:190} INFO - [2025-02-01T07:47:55.352+0000] {dag.py:4180} INFO - Setting next_dagrun for latest_only_with_trigger to 2025-02-01 00:00:00+00:00, run_after=2025-02-01 04:00:00+00:00
[2025-02-01T07:47:55.381+0000] {processor.py:208} INFO - Processing /home/airflow/.local/lib/python3.12/site-packages/airflow/example_dags/example_latest_only_with_trigger.py took 0.114 seconds
[2025-02-01T07:48:26.311+0000] {processor.py:186} INFO - Started process (PID=1591) to work on /home/airflow/.local/lib/python3.12/site-packages/airflow/example_dags/example_latest_only_with_trigger.py
[2025-02-01T07:48:26.313+0000] {processor.py:914} INFO - Processing file /home/airflow/.local/lib/python3.12/site-packages/airflow/example_dags/example_latest_only_with_trigger.py for tasks to queue
[2025-02-01T07:48:26.316+0000] {logging_mixin.py:190} INFO - [2025-02-01T07:48:26.316+0000] {dagbag.py:588} INFO - Filling up the DagBag from /home/airflow/.local/lib/python3.12/site-packages/airflow/example_dags/example_latest_only_with_trigger.py
[2025-02-01T07:48:26.330+0000] {processor.py:925} INFO - DAG(s) 'latest_only_with_trigger' retrieved from /home/airflow/.local/lib/python3.12/site-packages/airflow/example_dags/example_latest_only_with_trigger.py
[2025-02-01T07:48:26.362+0000] {logging_mixin.py:190} INFO - [2025-02-01T07:48:26.361+0000] {dag.py:3239} INFO - Sync 1 DAGs
[2025-02-01T07:48:26.394+0000] {logging_mixin.py:190} INFO - [2025-02-01T07:48:26.394+0000] {dag.py:4180} INFO - Setting next_dagrun for latest_only_with_trigger to 2025-02-01 00:00:00+00:00, run_after=2025-02-01 04:00:00+00:00
[2025-02-01T07:48:26.435+0000] {processor.py:208} INFO - Processing /home/airflow/.local/lib/python3.12/site-packages/airflow/example_dags/example_latest_only_with_trigger.py took 0.136 seconds
[2025-02-01T07:48:57.917+0000] {processor.py:186} INFO - Started process (PID=1657) to work on /home/airflow/.local/lib/python3.12/site-packages/airflow/example_dags/example_latest_only_with_trigger.py
[2025-02-01T07:48:57.918+0000] {processor.py:914} INFO - Processing file /home/airflow/.local/lib/python3.12/site-packages/airflow/example_dags/example_latest_only_with_trigger.py for tasks to queue
[2025-02-01T07:48:57.921+0000] {logging_mixin.py:190} INFO - [2025-02-01T07:48:57.921+0000] {dagbag.py:588} INFO - Filling up the DagBag from /home/airflow/.local/lib/python3.12/site-packages/airflow/example_dags/example_latest_only_with_trigger.py
[2025-02-01T07:48:57.936+0000] {processor.py:925} INFO - DAG(s) 'latest_only_with_trigger' retrieved from /home/airflow/.local/lib/python3.12/site-packages/airflow/example_dags/example_latest_only_with_trigger.py
[2025-02-01T07:48:57.970+0000] {logging_mixin.py:190} INFO - [2025-02-01T07:48:57.969+0000] {dag.py:3239} INFO - Sync 1 DAGs
[2025-02-01T07:48:58.006+0000] {logging_mixin.py:190} INFO - [2025-02-01T07:48:58.006+0000] {dag.py:4180} INFO - Setting next_dagrun for latest_only_with_trigger to 2025-02-01 00:00:00+00:00, run_after=2025-02-01 04:00:00+00:00
[2025-02-01T07:48:58.038+0000] {processor.py:208} INFO - Processing /home/airflow/.local/lib/python3.12/site-packages/airflow/example_dags/example_latest_only_with_trigger.py took 0.131 seconds
[2025-02-01T07:49:29.058+0000] {processor.py:186} INFO - Started process (PID=1723) to work on /home/airflow/.local/lib/python3.12/site-packages/airflow/example_dags/example_latest_only_with_trigger.py
[2025-02-01T07:49:29.059+0000] {processor.py:914} INFO - Processing file /home/airflow/.local/lib/python3.12/site-packages/airflow/example_dags/example_latest_only_with_trigger.py for tasks to queue
[2025-02-01T07:49:29.062+0000] {logging_mixin.py:190} INFO - [2025-02-01T07:49:29.061+0000] {dagbag.py:588} INFO - Filling up the DagBag from /home/airflow/.local/lib/python3.12/site-packages/airflow/example_dags/example_latest_only_with_trigger.py
[2025-02-01T07:49:29.071+0000] {processor.py:925} INFO - DAG(s) 'latest_only_with_trigger' retrieved from /home/airflow/.local/lib/python3.12/site-packages/airflow/example_dags/example_latest_only_with_trigger.py
[2025-02-01T07:49:29.096+0000] {logging_mixin.py:190} INFO - [2025-02-01T07:49:29.096+0000] {dag.py:3239} INFO - Sync 1 DAGs
[2025-02-01T07:49:29.126+0000] {logging_mixin.py:190} INFO - [2025-02-01T07:49:29.126+0000] {dag.py:4180} INFO - Setting next_dagrun for latest_only_with_trigger to 2025-02-01 00:00:00+00:00, run_after=2025-02-01 04:00:00+00:00
[2025-02-01T07:49:29.149+0000] {processor.py:208} INFO - Processing /home/airflow/.local/lib/python3.12/site-packages/airflow/example_dags/example_latest_only_with_trigger.py took 0.101 seconds
[2025-02-01T07:50:00.896+0000] {processor.py:186} INFO - Started process (PID=1789) to work on /home/airflow/.local/lib/python3.12/site-packages/airflow/example_dags/example_latest_only_with_trigger.py
[2025-02-01T07:50:00.897+0000] {processor.py:914} INFO - Processing file /home/airflow/.local/lib/python3.12/site-packages/airflow/example_dags/example_latest_only_with_trigger.py for tasks to queue
[2025-02-01T07:50:00.901+0000] {logging_mixin.py:190} INFO - [2025-02-01T07:50:00.901+0000] {dagbag.py:588} INFO - Filling up the DagBag from /home/airflow/.local/lib/python3.12/site-packages/airflow/example_dags/example_latest_only_with_trigger.py
[2025-02-01T07:50:00.913+0000] {processor.py:925} INFO - DAG(s) 'latest_only_with_trigger' retrieved from /home/airflow/.local/lib/python3.12/site-packages/airflow/example_dags/example_latest_only_with_trigger.py
[2025-02-01T07:50:00.937+0000] {logging_mixin.py:190} INFO - [2025-02-01T07:50:00.937+0000] {dag.py:3239} INFO - Sync 1 DAGs
[2025-02-01T07:50:00.972+0000] {logging_mixin.py:190} INFO - [2025-02-01T07:50:00.972+0000] {dag.py:4180} INFO - Setting next_dagrun for latest_only_with_trigger to 2025-02-01 00:00:00+00:00, run_after=2025-02-01 04:00:00+00:00
[2025-02-01T07:50:00.996+0000] {processor.py:208} INFO - Processing /home/airflow/.local/lib/python3.12/site-packages/airflow/example_dags/example_latest_only_with_trigger.py took 0.113 seconds
[2025-02-01T07:50:32.421+0000] {processor.py:186} INFO - Started process (PID=1855) to work on /home/airflow/.local/lib/python3.12/site-packages/airflow/example_dags/example_latest_only_with_trigger.py
[2025-02-01T07:50:32.423+0000] {processor.py:914} INFO - Processing file /home/airflow/.local/lib/python3.12/site-packages/airflow/example_dags/example_latest_only_with_trigger.py for tasks to queue
[2025-02-01T07:50:32.427+0000] {logging_mixin.py:190} INFO - [2025-02-01T07:50:32.427+0000] {dagbag.py:588} INFO - Filling up the DagBag from /home/airflow/.local/lib/python3.12/site-packages/airflow/example_dags/example_latest_only_with_trigger.py
[2025-02-01T07:50:32.441+0000] {processor.py:925} INFO - DAG(s) 'latest_only_with_trigger' retrieved from /home/airflow/.local/lib/python3.12/site-packages/airflow/example_dags/example_latest_only_with_trigger.py
[2025-02-01T07:50:32.472+0000] {logging_mixin.py:190} INFO - [2025-02-01T07:50:32.472+0000] {dag.py:3239} INFO - Sync 1 DAGs
[2025-02-01T07:50:32.505+0000] {logging_mixin.py:190} INFO - [2025-02-01T07:50:32.505+0000] {dag.py:4180} INFO - Setting next_dagrun for latest_only_with_trigger to 2025-02-01 00:00:00+00:00, run_after=2025-02-01 04:00:00+00:00
[2025-02-01T07:50:32.534+0000] {processor.py:208} INFO - Processing /home/airflow/.local/lib/python3.12/site-packages/airflow/example_dags/example_latest_only_with_trigger.py took 0.122 seconds
[2025-02-01T07:51:03.913+0000] {processor.py:186} INFO - Started process (PID=1925) to work on /home/airflow/.local/lib/python3.12/site-packages/airflow/example_dags/example_latest_only_with_trigger.py
[2025-02-01T07:51:03.915+0000] {processor.py:914} INFO - Processing file /home/airflow/.local/lib/python3.12/site-packages/airflow/example_dags/example_latest_only_with_trigger.py for tasks to queue
[2025-02-01T07:51:03.919+0000] {logging_mixin.py:190} INFO - [2025-02-01T07:51:03.918+0000] {dagbag.py:588} INFO - Filling up the DagBag from /home/airflow/.local/lib/python3.12/site-packages/airflow/example_dags/example_latest_only_with_trigger.py
[2025-02-01T07:51:03.931+0000] {processor.py:925} INFO - DAG(s) 'latest_only_with_trigger' retrieved from /home/airflow/.local/lib/python3.12/site-packages/airflow/example_dags/example_latest_only_with_trigger.py
[2025-02-01T07:51:03.966+0000] {logging_mixin.py:190} INFO - [2025-02-01T07:51:03.960+0000] {dag.py:3239} INFO - Sync 1 DAGs
[2025-02-01T07:51:04.005+0000] {logging_mixin.py:190} INFO - [2025-02-01T07:51:04.005+0000] {dag.py:4180} INFO - Setting next_dagrun for latest_only_with_trigger to 2025-02-01 00:00:00+00:00, run_after=2025-02-01 04:00:00+00:00
[2025-02-01T07:51:04.050+0000] {processor.py:208} INFO - Processing /home/airflow/.local/lib/python3.12/site-packages/airflow/example_dags/example_latest_only_with_trigger.py took 0.146 seconds
[2025-02-01T07:51:35.075+0000] {processor.py:186} INFO - Started process (PID=1991) to work on /home/airflow/.local/lib/python3.12/site-packages/airflow/example_dags/example_latest_only_with_trigger.py
[2025-02-01T07:51:35.076+0000] {processor.py:914} INFO - Processing file /home/airflow/.local/lib/python3.12/site-packages/airflow/example_dags/example_latest_only_with_trigger.py for tasks to queue
[2025-02-01T07:51:35.080+0000] {logging_mixin.py:190} INFO - [2025-02-01T07:51:35.080+0000] {dagbag.py:588} INFO - Filling up the DagBag from /home/airflow/.local/lib/python3.12/site-packages/airflow/example_dags/example_latest_only_with_trigger.py
[2025-02-01T07:51:35.093+0000] {processor.py:925} INFO - DAG(s) 'latest_only_with_trigger' retrieved from /home/airflow/.local/lib/python3.12/site-packages/airflow/example_dags/example_latest_only_with_trigger.py
[2025-02-01T07:51:35.119+0000] {logging_mixin.py:190} INFO - [2025-02-01T07:51:35.118+0000] {dag.py:3239} INFO - Sync 1 DAGs
[2025-02-01T07:51:35.149+0000] {logging_mixin.py:190} INFO - [2025-02-01T07:51:35.149+0000] {dag.py:4180} INFO - Setting next_dagrun for latest_only_with_trigger to 2025-02-01 00:00:00+00:00, run_after=2025-02-01 04:00:00+00:00
[2025-02-01T07:51:35.174+0000] {processor.py:208} INFO - Processing /home/airflow/.local/lib/python3.12/site-packages/airflow/example_dags/example_latest_only_with_trigger.py took 0.108 seconds
[2025-02-01T07:52:07.108+0000] {processor.py:186} INFO - Started process (PID=2063) to work on /home/airflow/.local/lib/python3.12/site-packages/airflow/example_dags/example_latest_only_with_trigger.py
[2025-02-01T07:52:07.110+0000] {processor.py:914} INFO - Processing file /home/airflow/.local/lib/python3.12/site-packages/airflow/example_dags/example_latest_only_with_trigger.py for tasks to queue
[2025-02-01T07:52:07.119+0000] {logging_mixin.py:190} INFO - [2025-02-01T07:52:07.115+0000] {dagbag.py:588} INFO - Filling up the DagBag from /home/airflow/.local/lib/python3.12/site-packages/airflow/example_dags/example_latest_only_with_trigger.py
[2025-02-01T07:52:07.142+0000] {processor.py:925} INFO - DAG(s) 'latest_only_with_trigger' retrieved from /home/airflow/.local/lib/python3.12/site-packages/airflow/example_dags/example_latest_only_with_trigger.py
[2025-02-01T07:52:07.176+0000] {logging_mixin.py:190} INFO - [2025-02-01T07:52:07.176+0000] {dag.py:3239} INFO - Sync 1 DAGs
[2025-02-01T07:52:07.225+0000] {logging_mixin.py:190} INFO - [2025-02-01T07:52:07.224+0000] {dag.py:4180} INFO - Setting next_dagrun for latest_only_with_trigger to 2025-02-01 00:00:00+00:00, run_after=2025-02-01 04:00:00+00:00
[2025-02-01T07:52:07.266+0000] {processor.py:208} INFO - Processing /home/airflow/.local/lib/python3.12/site-packages/airflow/example_dags/example_latest_only_with_trigger.py took 0.173 seconds
[2025-02-01T07:52:39.258+0000] {processor.py:186} INFO - Started process (PID=2129) to work on /home/airflow/.local/lib/python3.12/site-packages/airflow/example_dags/example_latest_only_with_trigger.py
[2025-02-01T07:52:39.260+0000] {processor.py:914} INFO - Processing file /home/airflow/.local/lib/python3.12/site-packages/airflow/example_dags/example_latest_only_with_trigger.py for tasks to queue
[2025-02-01T07:52:39.263+0000] {logging_mixin.py:190} INFO - [2025-02-01T07:52:39.263+0000] {dagbag.py:588} INFO - Filling up the DagBag from /home/airflow/.local/lib/python3.12/site-packages/airflow/example_dags/example_latest_only_with_trigger.py
[2025-02-01T07:52:39.274+0000] {processor.py:925} INFO - DAG(s) 'latest_only_with_trigger' retrieved from /home/airflow/.local/lib/python3.12/site-packages/airflow/example_dags/example_latest_only_with_trigger.py
[2025-02-01T07:52:39.303+0000] {logging_mixin.py:190} INFO - [2025-02-01T07:52:39.303+0000] {dag.py:3239} INFO - Sync 1 DAGs
[2025-02-01T07:52:39.338+0000] {logging_mixin.py:190} INFO - [2025-02-01T07:52:39.338+0000] {dag.py:4180} INFO - Setting next_dagrun for latest_only_with_trigger to 2025-02-01 00:00:00+00:00, run_after=2025-02-01 04:00:00+00:00
[2025-02-01T07:52:39.365+0000] {processor.py:208} INFO - Processing /home/airflow/.local/lib/python3.12/site-packages/airflow/example_dags/example_latest_only_with_trigger.py took 0.117 seconds
