[2025-02-01T07:36:49.145+0000] {processor.py:186} INFO - Started process (PID=115) to work on /home/airflow/.local/lib/python3.12/site-packages/airflow/example_dags/example_outlet_event_extra.py
[2025-02-01T07:36:49.166+0000] {processor.py:914} INFO - Processing file /home/airflow/.local/lib/python3.12/site-packages/airflow/example_dags/example_outlet_event_extra.py for tasks to queue
[2025-02-01T07:36:49.230+0000] {logging_mixin.py:190} INFO - [2025-02-01T07:36:49.205+0000] {dagbag.py:588} INFO - Filling up the DagBag from /home/airflow/.local/lib/python3.12/site-packages/airflow/example_dags/example_outlet_event_extra.py
[2025-02-01T07:36:53.130+0000] {processor.py:925} INFO - DAG(s) 'dataset_with_extra_by_yield', 'dataset_with_extra_by_context', 'dataset_with_extra_from_classic_operator' retrieved from /home/airflow/.local/lib/python3.12/site-packages/airflow/example_dags/example_outlet_event_extra.py
[2025-02-01T07:36:53.241+0000] {logging_mixin.py:190} INFO - [2025-02-01T07:36:53.241+0000] {dag.py:3239} INFO - Sync 3 DAGs
[2025-02-01T07:36:53.297+0000] {logging_mixin.py:190} INFO - [2025-02-01T07:36:53.297+0000] {dag.py:4180} INFO - Setting next_dagrun for dataset_with_extra_by_context to 2025-01-31 00:00:00+00:00, run_after=2025-02-01 00:00:00+00:00
[2025-02-01T07:36:53.311+0000] {logging_mixin.py:190} INFO - [2025-02-01T07:36:53.311+0000] {dag.py:4180} INFO - Setting next_dagrun for dataset_with_extra_by_yield to 2025-01-31 00:00:00+00:00, run_after=2025-02-01 00:00:00+00:00
[2025-02-01T07:36:53.319+0000] {logging_mixin.py:190} INFO - [2025-02-01T07:36:53.318+0000] {dag.py:4180} INFO - Setting next_dagrun for dataset_with_extra_from_classic_operator to 2025-01-31 00:00:00+00:00, run_after=2025-02-01 00:00:00+00:00
[2025-02-01T07:36:53.367+0000] {processor.py:208} INFO - Processing /home/airflow/.local/lib/python3.12/site-packages/airflow/example_dags/example_outlet_event_extra.py took 4.260 seconds
[2025-02-01T07:37:23.531+0000] {processor.py:186} INFO - Started process (PID=190) to work on /home/airflow/.local/lib/python3.12/site-packages/airflow/example_dags/example_outlet_event_extra.py
[2025-02-01T07:37:23.532+0000] {processor.py:914} INFO - Processing file /home/airflow/.local/lib/python3.12/site-packages/airflow/example_dags/example_outlet_event_extra.py for tasks to queue
[2025-02-01T07:37:23.537+0000] {logging_mixin.py:190} INFO - [2025-02-01T07:37:23.537+0000] {dagbag.py:588} INFO - Filling up the DagBag from /home/airflow/.local/lib/python3.12/site-packages/airflow/example_dags/example_outlet_event_extra.py
[2025-02-01T07:37:24.501+0000] {processor.py:925} INFO - DAG(s) 'dataset_with_extra_by_yield', 'dataset_with_extra_by_context', 'dataset_with_extra_from_classic_operator' retrieved from /home/airflow/.local/lib/python3.12/site-packages/airflow/example_dags/example_outlet_event_extra.py
[2025-02-01T07:37:24.538+0000] {logging_mixin.py:190} INFO - [2025-02-01T07:37:24.538+0000] {dag.py:3239} INFO - Sync 3 DAGs
[2025-02-01T07:37:24.576+0000] {logging_mixin.py:190} INFO - [2025-02-01T07:37:24.576+0000] {dag.py:4180} INFO - Setting next_dagrun for dataset_with_extra_by_context to 2025-01-31 00:00:00+00:00, run_after=2025-02-01 00:00:00+00:00
[2025-02-01T07:37:24.585+0000] {logging_mixin.py:190} INFO - [2025-02-01T07:37:24.584+0000] {dag.py:4180} INFO - Setting next_dagrun for dataset_with_extra_by_yield to 2025-01-31 00:00:00+00:00, run_after=2025-02-01 00:00:00+00:00
[2025-02-01T07:37:24.590+0000] {logging_mixin.py:190} INFO - [2025-02-01T07:37:24.590+0000] {dag.py:4180} INFO - Setting next_dagrun for dataset_with_extra_from_classic_operator to 2025-01-31 00:00:00+00:00, run_after=2025-02-01 00:00:00+00:00
[2025-02-01T07:37:24.647+0000] {processor.py:208} INFO - Processing /home/airflow/.local/lib/python3.12/site-packages/airflow/example_dags/example_outlet_event_extra.py took 1.127 seconds
[2025-02-01T07:37:55.199+0000] {processor.py:186} INFO - Started process (PID=257) to work on /home/airflow/.local/lib/python3.12/site-packages/airflow/example_dags/example_outlet_event_extra.py
[2025-02-01T07:37:55.201+0000] {processor.py:914} INFO - Processing file /home/airflow/.local/lib/python3.12/site-packages/airflow/example_dags/example_outlet_event_extra.py for tasks to queue
[2025-02-01T07:37:55.206+0000] {logging_mixin.py:190} INFO - [2025-02-01T07:37:55.205+0000] {dagbag.py:588} INFO - Filling up the DagBag from /home/airflow/.local/lib/python3.12/site-packages/airflow/example_dags/example_outlet_event_extra.py
[2025-02-01T07:37:56.124+0000] {processor.py:925} INFO - DAG(s) 'dataset_with_extra_from_classic_operator', 'dataset_with_extra_by_context', 'dataset_with_extra_by_yield' retrieved from /home/airflow/.local/lib/python3.12/site-packages/airflow/example_dags/example_outlet_event_extra.py
[2025-02-01T07:37:56.177+0000] {logging_mixin.py:190} INFO - [2025-02-01T07:37:56.177+0000] {dag.py:3239} INFO - Sync 3 DAGs
[2025-02-01T07:37:56.214+0000] {logging_mixin.py:190} INFO - [2025-02-01T07:37:56.214+0000] {dag.py:4180} INFO - Setting next_dagrun for dataset_with_extra_by_context to 2025-01-31 00:00:00+00:00, run_after=2025-02-01 00:00:00+00:00
[2025-02-01T07:37:56.221+0000] {logging_mixin.py:190} INFO - [2025-02-01T07:37:56.220+0000] {dag.py:4180} INFO - Setting next_dagrun for dataset_with_extra_by_yield to 2025-01-31 00:00:00+00:00, run_after=2025-02-01 00:00:00+00:00
[2025-02-01T07:37:56.224+0000] {logging_mixin.py:190} INFO - [2025-02-01T07:37:56.223+0000] {dag.py:4180} INFO - Setting next_dagrun for dataset_with_extra_from_classic_operator to 2025-01-31 00:00:00+00:00, run_after=2025-02-01 00:00:00+00:00
[2025-02-01T07:37:56.263+0000] {processor.py:208} INFO - Processing /home/airflow/.local/lib/python3.12/site-packages/airflow/example_dags/example_outlet_event_extra.py took 1.076 seconds
[2025-02-01T07:38:27.308+0000] {processor.py:186} INFO - Started process (PID=323) to work on /home/airflow/.local/lib/python3.12/site-packages/airflow/example_dags/example_outlet_event_extra.py
[2025-02-01T07:38:27.310+0000] {processor.py:914} INFO - Processing file /home/airflow/.local/lib/python3.12/site-packages/airflow/example_dags/example_outlet_event_extra.py for tasks to queue
[2025-02-01T07:38:27.313+0000] {logging_mixin.py:190} INFO - [2025-02-01T07:38:27.313+0000] {dagbag.py:588} INFO - Filling up the DagBag from /home/airflow/.local/lib/python3.12/site-packages/airflow/example_dags/example_outlet_event_extra.py
[2025-02-01T07:38:28.100+0000] {processor.py:925} INFO - DAG(s) 'dataset_with_extra_by_yield', 'dataset_with_extra_from_classic_operator', 'dataset_with_extra_by_context' retrieved from /home/airflow/.local/lib/python3.12/site-packages/airflow/example_dags/example_outlet_event_extra.py
[2025-02-01T07:38:28.132+0000] {logging_mixin.py:190} INFO - [2025-02-01T07:38:28.132+0000] {dag.py:3239} INFO - Sync 3 DAGs
[2025-02-01T07:38:28.165+0000] {logging_mixin.py:190} INFO - [2025-02-01T07:38:28.165+0000] {dag.py:4180} INFO - Setting next_dagrun for dataset_with_extra_by_context to 2025-01-31 00:00:00+00:00, run_after=2025-02-01 00:00:00+00:00
[2025-02-01T07:38:28.171+0000] {logging_mixin.py:190} INFO - [2025-02-01T07:38:28.171+0000] {dag.py:4180} INFO - Setting next_dagrun for dataset_with_extra_by_yield to 2025-01-31 00:00:00+00:00, run_after=2025-02-01 00:00:00+00:00
[2025-02-01T07:38:28.174+0000] {logging_mixin.py:190} INFO - [2025-02-01T07:38:28.174+0000] {dag.py:4180} INFO - Setting next_dagrun for dataset_with_extra_from_classic_operator to 2025-01-31 00:00:00+00:00, run_after=2025-02-01 00:00:00+00:00
[2025-02-01T07:38:28.209+0000] {processor.py:208} INFO - Processing /home/airflow/.local/lib/python3.12/site-packages/airflow/example_dags/example_outlet_event_extra.py took 0.911 seconds
[2025-02-01T07:38:58.338+0000] {processor.py:186} INFO - Started process (PID=389) to work on /home/airflow/.local/lib/python3.12/site-packages/airflow/example_dags/example_outlet_event_extra.py
[2025-02-01T07:38:58.340+0000] {processor.py:914} INFO - Processing file /home/airflow/.local/lib/python3.12/site-packages/airflow/example_dags/example_outlet_event_extra.py for tasks to queue
[2025-02-01T07:38:58.345+0000] {logging_mixin.py:190} INFO - [2025-02-01T07:38:58.344+0000] {dagbag.py:588} INFO - Filling up the DagBag from /home/airflow/.local/lib/python3.12/site-packages/airflow/example_dags/example_outlet_event_extra.py
[2025-02-01T07:38:59.302+0000] {processor.py:925} INFO - DAG(s) 'dataset_with_extra_by_context', 'dataset_with_extra_from_classic_operator', 'dataset_with_extra_by_yield' retrieved from /home/airflow/.local/lib/python3.12/site-packages/airflow/example_dags/example_outlet_event_extra.py
[2025-02-01T07:38:59.339+0000] {logging_mixin.py:190} INFO - [2025-02-01T07:38:59.338+0000] {dag.py:3239} INFO - Sync 3 DAGs
[2025-02-01T07:38:59.390+0000] {logging_mixin.py:190} INFO - [2025-02-01T07:38:59.390+0000] {dag.py:4180} INFO - Setting next_dagrun for dataset_with_extra_by_context to 2025-01-31 00:00:00+00:00, run_after=2025-02-01 00:00:00+00:00
[2025-02-01T07:38:59.399+0000] {logging_mixin.py:190} INFO - [2025-02-01T07:38:59.398+0000] {dag.py:4180} INFO - Setting next_dagrun for dataset_with_extra_by_yield to 2025-01-31 00:00:00+00:00, run_after=2025-02-01 00:00:00+00:00
[2025-02-01T07:38:59.402+0000] {logging_mixin.py:190} INFO - [2025-02-01T07:38:59.402+0000] {dag.py:4180} INFO - Setting next_dagrun for dataset_with_extra_from_classic_operator to 2025-01-31 00:00:00+00:00, run_after=2025-02-01 00:00:00+00:00
[2025-02-01T07:38:59.440+0000] {processor.py:208} INFO - Processing /home/airflow/.local/lib/python3.12/site-packages/airflow/example_dags/example_outlet_event_extra.py took 1.115 seconds
[2025-02-01T07:39:30.121+0000] {processor.py:186} INFO - Started process (PID=454) to work on /home/airflow/.local/lib/python3.12/site-packages/airflow/example_dags/example_outlet_event_extra.py
[2025-02-01T07:39:30.122+0000] {processor.py:914} INFO - Processing file /home/airflow/.local/lib/python3.12/site-packages/airflow/example_dags/example_outlet_event_extra.py for tasks to queue
[2025-02-01T07:39:30.126+0000] {logging_mixin.py:190} INFO - [2025-02-01T07:39:30.126+0000] {dagbag.py:588} INFO - Filling up the DagBag from /home/airflow/.local/lib/python3.12/site-packages/airflow/example_dags/example_outlet_event_extra.py
[2025-02-01T07:39:31.081+0000] {processor.py:925} INFO - DAG(s) 'dataset_with_extra_from_classic_operator', 'dataset_with_extra_by_yield', 'dataset_with_extra_by_context' retrieved from /home/airflow/.local/lib/python3.12/site-packages/airflow/example_dags/example_outlet_event_extra.py
[2025-02-01T07:39:31.115+0000] {logging_mixin.py:190} INFO - [2025-02-01T07:39:31.115+0000] {dag.py:3239} INFO - Sync 3 DAGs
[2025-02-01T07:39:31.147+0000] {logging_mixin.py:190} INFO - [2025-02-01T07:39:31.147+0000] {dag.py:4180} INFO - Setting next_dagrun for dataset_with_extra_by_context to 2025-01-31 00:00:00+00:00, run_after=2025-02-01 00:00:00+00:00
[2025-02-01T07:39:31.154+0000] {logging_mixin.py:190} INFO - [2025-02-01T07:39:31.154+0000] {dag.py:4180} INFO - Setting next_dagrun for dataset_with_extra_by_yield to 2025-01-31 00:00:00+00:00, run_after=2025-02-01 00:00:00+00:00
[2025-02-01T07:39:31.158+0000] {logging_mixin.py:190} INFO - [2025-02-01T07:39:31.158+0000] {dag.py:4180} INFO - Setting next_dagrun for dataset_with_extra_from_classic_operator to 2025-01-31 00:00:00+00:00, run_after=2025-02-01 00:00:00+00:00
[2025-02-01T07:39:31.187+0000] {processor.py:208} INFO - Processing /home/airflow/.local/lib/python3.12/site-packages/airflow/example_dags/example_outlet_event_extra.py took 1.076 seconds
[2025-02-01T07:40:01.425+0000] {processor.py:186} INFO - Started process (PID=522) to work on /home/airflow/.local/lib/python3.12/site-packages/airflow/example_dags/example_outlet_event_extra.py
[2025-02-01T07:40:01.427+0000] {processor.py:914} INFO - Processing file /home/airflow/.local/lib/python3.12/site-packages/airflow/example_dags/example_outlet_event_extra.py for tasks to queue
[2025-02-01T07:40:01.430+0000] {logging_mixin.py:190} INFO - [2025-02-01T07:40:01.429+0000] {dagbag.py:588} INFO - Filling up the DagBag from /home/airflow/.local/lib/python3.12/site-packages/airflow/example_dags/example_outlet_event_extra.py
[2025-02-01T07:40:02.511+0000] {processor.py:925} INFO - DAG(s) 'dataset_with_extra_from_classic_operator', 'dataset_with_extra_by_yield', 'dataset_with_extra_by_context' retrieved from /home/airflow/.local/lib/python3.12/site-packages/airflow/example_dags/example_outlet_event_extra.py
[2025-02-01T07:40:02.633+0000] {logging_mixin.py:190} INFO - [2025-02-01T07:40:02.633+0000] {dag.py:3239} INFO - Sync 3 DAGs
[2025-02-01T07:40:02.678+0000] {logging_mixin.py:190} INFO - [2025-02-01T07:40:02.678+0000] {dag.py:4180} INFO - Setting next_dagrun for dataset_with_extra_by_context to 2025-01-31 00:00:00+00:00, run_after=2025-02-01 00:00:00+00:00
[2025-02-01T07:40:02.687+0000] {logging_mixin.py:190} INFO - [2025-02-01T07:40:02.687+0000] {dag.py:4180} INFO - Setting next_dagrun for dataset_with_extra_by_yield to 2025-01-31 00:00:00+00:00, run_after=2025-02-01 00:00:00+00:00
[2025-02-01T07:40:02.691+0000] {logging_mixin.py:190} INFO - [2025-02-01T07:40:02.691+0000] {dag.py:4180} INFO - Setting next_dagrun for dataset_with_extra_from_classic_operator to 2025-01-31 00:00:00+00:00, run_after=2025-02-01 00:00:00+00:00
[2025-02-01T07:40:02.719+0000] {processor.py:208} INFO - Processing /home/airflow/.local/lib/python3.12/site-packages/airflow/example_dags/example_outlet_event_extra.py took 1.303 seconds
[2025-02-01T07:40:32.822+0000] {processor.py:186} INFO - Started process (PID=588) to work on /home/airflow/.local/lib/python3.12/site-packages/airflow/example_dags/example_outlet_event_extra.py
[2025-02-01T07:40:32.823+0000] {processor.py:914} INFO - Processing file /home/airflow/.local/lib/python3.12/site-packages/airflow/example_dags/example_outlet_event_extra.py for tasks to queue
[2025-02-01T07:40:32.827+0000] {logging_mixin.py:190} INFO - [2025-02-01T07:40:32.826+0000] {dagbag.py:588} INFO - Filling up the DagBag from /home/airflow/.local/lib/python3.12/site-packages/airflow/example_dags/example_outlet_event_extra.py
[2025-02-01T07:40:33.782+0000] {processor.py:925} INFO - DAG(s) 'dataset_with_extra_by_yield', 'dataset_with_extra_by_context', 'dataset_with_extra_from_classic_operator' retrieved from /home/airflow/.local/lib/python3.12/site-packages/airflow/example_dags/example_outlet_event_extra.py
[2025-02-01T07:40:33.815+0000] {logging_mixin.py:190} INFO - [2025-02-01T07:40:33.815+0000] {dag.py:3239} INFO - Sync 3 DAGs
[2025-02-01T07:40:33.849+0000] {logging_mixin.py:190} INFO - [2025-02-01T07:40:33.848+0000] {dag.py:4180} INFO - Setting next_dagrun for dataset_with_extra_by_context to 2025-01-31 00:00:00+00:00, run_after=2025-02-01 00:00:00+00:00
[2025-02-01T07:40:33.854+0000] {logging_mixin.py:190} INFO - [2025-02-01T07:40:33.854+0000] {dag.py:4180} INFO - Setting next_dagrun for dataset_with_extra_by_yield to 2025-01-31 00:00:00+00:00, run_after=2025-02-01 00:00:00+00:00
[2025-02-01T07:40:33.858+0000] {logging_mixin.py:190} INFO - [2025-02-01T07:40:33.857+0000] {dag.py:4180} INFO - Setting next_dagrun for dataset_with_extra_from_classic_operator to 2025-01-31 00:00:00+00:00, run_after=2025-02-01 00:00:00+00:00
[2025-02-01T07:40:33.884+0000] {processor.py:208} INFO - Processing /home/airflow/.local/lib/python3.12/site-packages/airflow/example_dags/example_outlet_event_extra.py took 1.073 seconds
[2025-02-01T07:41:04.311+0000] {processor.py:186} INFO - Started process (PID=656) to work on /home/airflow/.local/lib/python3.12/site-packages/airflow/example_dags/example_outlet_event_extra.py
[2025-02-01T07:41:04.313+0000] {processor.py:914} INFO - Processing file /home/airflow/.local/lib/python3.12/site-packages/airflow/example_dags/example_outlet_event_extra.py for tasks to queue
[2025-02-01T07:41:04.317+0000] {logging_mixin.py:190} INFO - [2025-02-01T07:41:04.317+0000] {dagbag.py:588} INFO - Filling up the DagBag from /home/airflow/.local/lib/python3.12/site-packages/airflow/example_dags/example_outlet_event_extra.py
[2025-02-01T07:41:05.378+0000] {processor.py:925} INFO - DAG(s) 'dataset_with_extra_by_yield', 'dataset_with_extra_from_classic_operator', 'dataset_with_extra_by_context' retrieved from /home/airflow/.local/lib/python3.12/site-packages/airflow/example_dags/example_outlet_event_extra.py
[2025-02-01T07:41:05.413+0000] {logging_mixin.py:190} INFO - [2025-02-01T07:41:05.413+0000] {dag.py:3239} INFO - Sync 3 DAGs
[2025-02-01T07:41:05.448+0000] {logging_mixin.py:190} INFO - [2025-02-01T07:41:05.447+0000] {dag.py:4180} INFO - Setting next_dagrun for dataset_with_extra_by_context to 2025-01-31 00:00:00+00:00, run_after=2025-02-01 00:00:00+00:00
[2025-02-01T07:41:05.455+0000] {logging_mixin.py:190} INFO - [2025-02-01T07:41:05.455+0000] {dag.py:4180} INFO - Setting next_dagrun for dataset_with_extra_by_yield to 2025-01-31 00:00:00+00:00, run_after=2025-02-01 00:00:00+00:00
[2025-02-01T07:41:05.459+0000] {logging_mixin.py:190} INFO - [2025-02-01T07:41:05.459+0000] {dag.py:4180} INFO - Setting next_dagrun for dataset_with_extra_from_classic_operator to 2025-01-31 00:00:00+00:00, run_after=2025-02-01 00:00:00+00:00
[2025-02-01T07:41:05.492+0000] {processor.py:208} INFO - Processing /home/airflow/.local/lib/python3.12/site-packages/airflow/example_dags/example_outlet_event_extra.py took 1.190 seconds
[2025-02-01T07:41:35.681+0000] {processor.py:186} INFO - Started process (PID=728) to work on /home/airflow/.local/lib/python3.12/site-packages/airflow/example_dags/example_outlet_event_extra.py
[2025-02-01T07:41:35.682+0000] {processor.py:914} INFO - Processing file /home/airflow/.local/lib/python3.12/site-packages/airflow/example_dags/example_outlet_event_extra.py for tasks to queue
[2025-02-01T07:41:35.690+0000] {logging_mixin.py:190} INFO - [2025-02-01T07:41:35.689+0000] {dagbag.py:588} INFO - Filling up the DagBag from /home/airflow/.local/lib/python3.12/site-packages/airflow/example_dags/example_outlet_event_extra.py
[2025-02-01T07:41:36.625+0000] {processor.py:925} INFO - DAG(s) 'dataset_with_extra_by_yield', 'dataset_with_extra_by_context', 'dataset_with_extra_from_classic_operator' retrieved from /home/airflow/.local/lib/python3.12/site-packages/airflow/example_dags/example_outlet_event_extra.py
[2025-02-01T07:41:36.695+0000] {logging_mixin.py:190} INFO - [2025-02-01T07:41:36.695+0000] {dag.py:3239} INFO - Sync 3 DAGs
[2025-02-01T07:41:36.740+0000] {logging_mixin.py:190} INFO - [2025-02-01T07:41:36.740+0000] {dag.py:4180} INFO - Setting next_dagrun for dataset_with_extra_by_context to 2025-01-31 00:00:00+00:00, run_after=2025-02-01 00:00:00+00:00
[2025-02-01T07:41:36.750+0000] {logging_mixin.py:190} INFO - [2025-02-01T07:41:36.749+0000] {dag.py:4180} INFO - Setting next_dagrun for dataset_with_extra_by_yield to 2025-01-31 00:00:00+00:00, run_after=2025-02-01 00:00:00+00:00
[2025-02-01T07:41:36.759+0000] {logging_mixin.py:190} INFO - [2025-02-01T07:41:36.758+0000] {dag.py:4180} INFO - Setting next_dagrun for dataset_with_extra_from_classic_operator to 2025-01-31 00:00:00+00:00, run_after=2025-02-01 00:00:00+00:00
[2025-02-01T07:41:36.803+0000] {processor.py:208} INFO - Processing /home/airflow/.local/lib/python3.12/site-packages/airflow/example_dags/example_outlet_event_extra.py took 1.135 seconds
[2025-02-01T07:42:07.593+0000] {processor.py:186} INFO - Started process (PID=794) to work on /home/airflow/.local/lib/python3.12/site-packages/airflow/example_dags/example_outlet_event_extra.py
[2025-02-01T07:42:07.594+0000] {processor.py:914} INFO - Processing file /home/airflow/.local/lib/python3.12/site-packages/airflow/example_dags/example_outlet_event_extra.py for tasks to queue
[2025-02-01T07:42:07.599+0000] {logging_mixin.py:190} INFO - [2025-02-01T07:42:07.598+0000] {dagbag.py:588} INFO - Filling up the DagBag from /home/airflow/.local/lib/python3.12/site-packages/airflow/example_dags/example_outlet_event_extra.py
[2025-02-01T07:42:08.613+0000] {processor.py:925} INFO - DAG(s) 'dataset_with_extra_by_yield', 'dataset_with_extra_by_context', 'dataset_with_extra_from_classic_operator' retrieved from /home/airflow/.local/lib/python3.12/site-packages/airflow/example_dags/example_outlet_event_extra.py
[2025-02-01T07:42:08.652+0000] {logging_mixin.py:190} INFO - [2025-02-01T07:42:08.652+0000] {dag.py:3239} INFO - Sync 3 DAGs
[2025-02-01T07:42:08.687+0000] {logging_mixin.py:190} INFO - [2025-02-01T07:42:08.686+0000] {dag.py:4180} INFO - Setting next_dagrun for dataset_with_extra_by_context to 2025-01-31 00:00:00+00:00, run_after=2025-02-01 00:00:00+00:00
[2025-02-01T07:42:08.696+0000] {logging_mixin.py:190} INFO - [2025-02-01T07:42:08.696+0000] {dag.py:4180} INFO - Setting next_dagrun for dataset_with_extra_by_yield to 2025-01-31 00:00:00+00:00, run_after=2025-02-01 00:00:00+00:00
[2025-02-01T07:42:08.700+0000] {logging_mixin.py:190} INFO - [2025-02-01T07:42:08.700+0000] {dag.py:4180} INFO - Setting next_dagrun for dataset_with_extra_from_classic_operator to 2025-01-31 00:00:00+00:00, run_after=2025-02-01 00:00:00+00:00
[2025-02-01T07:42:08.733+0000] {processor.py:208} INFO - Processing /home/airflow/.local/lib/python3.12/site-packages/airflow/example_dags/example_outlet_event_extra.py took 1.154 seconds
[2025-02-01T07:42:38.967+0000] {processor.py:186} INFO - Started process (PID=860) to work on /home/airflow/.local/lib/python3.12/site-packages/airflow/example_dags/example_outlet_event_extra.py
[2025-02-01T07:42:38.969+0000] {processor.py:914} INFO - Processing file /home/airflow/.local/lib/python3.12/site-packages/airflow/example_dags/example_outlet_event_extra.py for tasks to queue
[2025-02-01T07:42:38.974+0000] {logging_mixin.py:190} INFO - [2025-02-01T07:42:38.974+0000] {dagbag.py:588} INFO - Filling up the DagBag from /home/airflow/.local/lib/python3.12/site-packages/airflow/example_dags/example_outlet_event_extra.py
[2025-02-01T07:42:39.924+0000] {processor.py:925} INFO - DAG(s) 'dataset_with_extra_from_classic_operator', 'dataset_with_extra_by_yield', 'dataset_with_extra_by_context' retrieved from /home/airflow/.local/lib/python3.12/site-packages/airflow/example_dags/example_outlet_event_extra.py
[2025-02-01T07:42:39.954+0000] {logging_mixin.py:190} INFO - [2025-02-01T07:42:39.954+0000] {dag.py:3239} INFO - Sync 3 DAGs
[2025-02-01T07:42:39.993+0000] {logging_mixin.py:190} INFO - [2025-02-01T07:42:39.992+0000] {dag.py:4180} INFO - Setting next_dagrun for dataset_with_extra_by_context to 2025-01-31 00:00:00+00:00, run_after=2025-02-01 00:00:00+00:00
[2025-02-01T07:42:39.998+0000] {logging_mixin.py:190} INFO - [2025-02-01T07:42:39.998+0000] {dag.py:4180} INFO - Setting next_dagrun for dataset_with_extra_by_yield to 2025-01-31 00:00:00+00:00, run_after=2025-02-01 00:00:00+00:00
[2025-02-01T07:42:40.003+0000] {logging_mixin.py:190} INFO - [2025-02-01T07:42:40.002+0000] {dag.py:4180} INFO - Setting next_dagrun for dataset_with_extra_from_classic_operator to 2025-01-31 00:00:00+00:00, run_after=2025-02-01 00:00:00+00:00
[2025-02-01T07:42:40.032+0000] {processor.py:208} INFO - Processing /home/airflow/.local/lib/python3.12/site-packages/airflow/example_dags/example_outlet_event_extra.py took 1.075 seconds
[2025-02-01T07:43:10.469+0000] {processor.py:186} INFO - Started process (PID=926) to work on /home/airflow/.local/lib/python3.12/site-packages/airflow/example_dags/example_outlet_event_extra.py
[2025-02-01T07:43:10.471+0000] {processor.py:914} INFO - Processing file /home/airflow/.local/lib/python3.12/site-packages/airflow/example_dags/example_outlet_event_extra.py for tasks to queue
[2025-02-01T07:43:10.476+0000] {logging_mixin.py:190} INFO - [2025-02-01T07:43:10.475+0000] {dagbag.py:588} INFO - Filling up the DagBag from /home/airflow/.local/lib/python3.12/site-packages/airflow/example_dags/example_outlet_event_extra.py
[2025-02-01T07:43:11.387+0000] {processor.py:925} INFO - DAG(s) 'dataset_with_extra_by_yield', 'dataset_with_extra_from_classic_operator', 'dataset_with_extra_by_context' retrieved from /home/airflow/.local/lib/python3.12/site-packages/airflow/example_dags/example_outlet_event_extra.py
[2025-02-01T07:43:11.430+0000] {logging_mixin.py:190} INFO - [2025-02-01T07:43:11.429+0000] {dag.py:3239} INFO - Sync 3 DAGs
[2025-02-01T07:43:11.461+0000] {logging_mixin.py:190} INFO - [2025-02-01T07:43:11.461+0000] {dag.py:4180} INFO - Setting next_dagrun for dataset_with_extra_by_context to 2025-01-31 00:00:00+00:00, run_after=2025-02-01 00:00:00+00:00
[2025-02-01T07:43:11.467+0000] {logging_mixin.py:190} INFO - [2025-02-01T07:43:11.466+0000] {dag.py:4180} INFO - Setting next_dagrun for dataset_with_extra_by_yield to 2025-01-31 00:00:00+00:00, run_after=2025-02-01 00:00:00+00:00
[2025-02-01T07:43:11.471+0000] {logging_mixin.py:190} INFO - [2025-02-01T07:43:11.471+0000] {dag.py:4180} INFO - Setting next_dagrun for dataset_with_extra_from_classic_operator to 2025-01-31 00:00:00+00:00, run_after=2025-02-01 00:00:00+00:00
[2025-02-01T07:43:11.503+0000] {processor.py:208} INFO - Processing /home/airflow/.local/lib/python3.12/site-packages/airflow/example_dags/example_outlet_event_extra.py took 1.058 seconds
[2025-02-01T07:43:42.275+0000] {processor.py:186} INFO - Started process (PID=992) to work on /home/airflow/.local/lib/python3.12/site-packages/airflow/example_dags/example_outlet_event_extra.py
[2025-02-01T07:43:42.277+0000] {processor.py:914} INFO - Processing file /home/airflow/.local/lib/python3.12/site-packages/airflow/example_dags/example_outlet_event_extra.py for tasks to queue
[2025-02-01T07:43:42.281+0000] {logging_mixin.py:190} INFO - [2025-02-01T07:43:42.281+0000] {dagbag.py:588} INFO - Filling up the DagBag from /home/airflow/.local/lib/python3.12/site-packages/airflow/example_dags/example_outlet_event_extra.py
[2025-02-01T07:43:43.073+0000] {processor.py:925} INFO - DAG(s) 'dataset_with_extra_by_yield', 'dataset_with_extra_by_context', 'dataset_with_extra_from_classic_operator' retrieved from /home/airflow/.local/lib/python3.12/site-packages/airflow/example_dags/example_outlet_event_extra.py
[2025-02-01T07:43:43.100+0000] {logging_mixin.py:190} INFO - [2025-02-01T07:43:43.100+0000] {dag.py:3239} INFO - Sync 3 DAGs
[2025-02-01T07:43:43.131+0000] {logging_mixin.py:190} INFO - [2025-02-01T07:43:43.131+0000] {dag.py:4180} INFO - Setting next_dagrun for dataset_with_extra_by_context to 2025-01-31 00:00:00+00:00, run_after=2025-02-01 00:00:00+00:00
[2025-02-01T07:43:43.137+0000] {logging_mixin.py:190} INFO - [2025-02-01T07:43:43.137+0000] {dag.py:4180} INFO - Setting next_dagrun for dataset_with_extra_by_yield to 2025-01-31 00:00:00+00:00, run_after=2025-02-01 00:00:00+00:00
[2025-02-01T07:43:43.142+0000] {logging_mixin.py:190} INFO - [2025-02-01T07:43:43.141+0000] {dag.py:4180} INFO - Setting next_dagrun for dataset_with_extra_from_classic_operator to 2025-01-31 00:00:00+00:00, run_after=2025-02-01 00:00:00+00:00
[2025-02-01T07:43:43.171+0000] {processor.py:208} INFO - Processing /home/airflow/.local/lib/python3.12/site-packages/airflow/example_dags/example_outlet_event_extra.py took 0.911 seconds
[2025-02-01T07:44:13.973+0000] {processor.py:186} INFO - Started process (PID=1058) to work on /home/airflow/.local/lib/python3.12/site-packages/airflow/example_dags/example_outlet_event_extra.py
[2025-02-01T07:44:13.975+0000] {processor.py:914} INFO - Processing file /home/airflow/.local/lib/python3.12/site-packages/airflow/example_dags/example_outlet_event_extra.py for tasks to queue
[2025-02-01T07:44:13.979+0000] {logging_mixin.py:190} INFO - [2025-02-01T07:44:13.979+0000] {dagbag.py:588} INFO - Filling up the DagBag from /home/airflow/.local/lib/python3.12/site-packages/airflow/example_dags/example_outlet_event_extra.py
[2025-02-01T07:44:14.819+0000] {processor.py:925} INFO - DAG(s) 'dataset_with_extra_from_classic_operator', 'dataset_with_extra_by_context', 'dataset_with_extra_by_yield' retrieved from /home/airflow/.local/lib/python3.12/site-packages/airflow/example_dags/example_outlet_event_extra.py
[2025-02-01T07:44:14.851+0000] {logging_mixin.py:190} INFO - [2025-02-01T07:44:14.851+0000] {dag.py:3239} INFO - Sync 3 DAGs
[2025-02-01T07:44:14.883+0000] {logging_mixin.py:190} INFO - [2025-02-01T07:44:14.882+0000] {dag.py:4180} INFO - Setting next_dagrun for dataset_with_extra_by_context to 2025-01-31 00:00:00+00:00, run_after=2025-02-01 00:00:00+00:00
[2025-02-01T07:44:14.888+0000] {logging_mixin.py:190} INFO - [2025-02-01T07:44:14.888+0000] {dag.py:4180} INFO - Setting next_dagrun for dataset_with_extra_by_yield to 2025-01-31 00:00:00+00:00, run_after=2025-02-01 00:00:00+00:00
[2025-02-01T07:44:14.893+0000] {logging_mixin.py:190} INFO - [2025-02-01T07:44:14.893+0000] {dag.py:4180} INFO - Setting next_dagrun for dataset_with_extra_from_classic_operator to 2025-01-31 00:00:00+00:00, run_after=2025-02-01 00:00:00+00:00
[2025-02-01T07:44:14.921+0000] {processor.py:208} INFO - Processing /home/airflow/.local/lib/python3.12/site-packages/airflow/example_dags/example_outlet_event_extra.py took 0.960 seconds
[2025-02-01T07:44:45.242+0000] {processor.py:186} INFO - Started process (PID=1124) to work on /home/airflow/.local/lib/python3.12/site-packages/airflow/example_dags/example_outlet_event_extra.py
[2025-02-01T07:44:45.243+0000] {processor.py:914} INFO - Processing file /home/airflow/.local/lib/python3.12/site-packages/airflow/example_dags/example_outlet_event_extra.py for tasks to queue
[2025-02-01T07:44:45.247+0000] {logging_mixin.py:190} INFO - [2025-02-01T07:44:45.247+0000] {dagbag.py:588} INFO - Filling up the DagBag from /home/airflow/.local/lib/python3.12/site-packages/airflow/example_dags/example_outlet_event_extra.py
[2025-02-01T07:44:46.031+0000] {processor.py:925} INFO - DAG(s) 'dataset_with_extra_by_yield', 'dataset_with_extra_by_context', 'dataset_with_extra_from_classic_operator' retrieved from /home/airflow/.local/lib/python3.12/site-packages/airflow/example_dags/example_outlet_event_extra.py
[2025-02-01T07:44:46.064+0000] {logging_mixin.py:190} INFO - [2025-02-01T07:44:46.063+0000] {dag.py:3239} INFO - Sync 3 DAGs
[2025-02-01T07:44:46.103+0000] {logging_mixin.py:190} INFO - [2025-02-01T07:44:46.103+0000] {dag.py:4180} INFO - Setting next_dagrun for dataset_with_extra_by_context to 2025-01-31 00:00:00+00:00, run_after=2025-02-01 00:00:00+00:00
[2025-02-01T07:44:46.113+0000] {logging_mixin.py:190} INFO - [2025-02-01T07:44:46.113+0000] {dag.py:4180} INFO - Setting next_dagrun for dataset_with_extra_by_yield to 2025-01-31 00:00:00+00:00, run_after=2025-02-01 00:00:00+00:00
[2025-02-01T07:44:46.118+0000] {logging_mixin.py:190} INFO - [2025-02-01T07:44:46.118+0000] {dag.py:4180} INFO - Setting next_dagrun for dataset_with_extra_from_classic_operator to 2025-01-31 00:00:00+00:00, run_after=2025-02-01 00:00:00+00:00
[2025-02-01T07:44:46.164+0000] {processor.py:208} INFO - Processing /home/airflow/.local/lib/python3.12/site-packages/airflow/example_dags/example_outlet_event_extra.py took 0.931 seconds
[2025-02-01T07:45:16.247+0000] {processor.py:186} INFO - Started process (PID=1189) to work on /home/airflow/.local/lib/python3.12/site-packages/airflow/example_dags/example_outlet_event_extra.py
[2025-02-01T07:45:16.249+0000] {processor.py:914} INFO - Processing file /home/airflow/.local/lib/python3.12/site-packages/airflow/example_dags/example_outlet_event_extra.py for tasks to queue
[2025-02-01T07:45:16.253+0000] {logging_mixin.py:190} INFO - [2025-02-01T07:45:16.252+0000] {dagbag.py:588} INFO - Filling up the DagBag from /home/airflow/.local/lib/python3.12/site-packages/airflow/example_dags/example_outlet_event_extra.py
[2025-02-01T07:45:17.324+0000] {processor.py:925} INFO - DAG(s) 'dataset_with_extra_from_classic_operator', 'dataset_with_extra_by_yield', 'dataset_with_extra_by_context' retrieved from /home/airflow/.local/lib/python3.12/site-packages/airflow/example_dags/example_outlet_event_extra.py
[2025-02-01T07:45:17.358+0000] {logging_mixin.py:190} INFO - [2025-02-01T07:45:17.358+0000] {dag.py:3239} INFO - Sync 3 DAGs
[2025-02-01T07:45:17.395+0000] {logging_mixin.py:190} INFO - [2025-02-01T07:45:17.395+0000] {dag.py:4180} INFO - Setting next_dagrun for dataset_with_extra_by_context to 2025-01-31 00:00:00+00:00, run_after=2025-02-01 00:00:00+00:00
[2025-02-01T07:45:17.402+0000] {logging_mixin.py:190} INFO - [2025-02-01T07:45:17.402+0000] {dag.py:4180} INFO - Setting next_dagrun for dataset_with_extra_by_yield to 2025-01-31 00:00:00+00:00, run_after=2025-02-01 00:00:00+00:00
[2025-02-01T07:45:17.406+0000] {logging_mixin.py:190} INFO - [2025-02-01T07:45:17.406+0000] {dag.py:4180} INFO - Setting next_dagrun for dataset_with_extra_from_classic_operator to 2025-01-31 00:00:00+00:00, run_after=2025-02-01 00:00:00+00:00
[2025-02-01T07:45:17.451+0000] {processor.py:208} INFO - Processing /home/airflow/.local/lib/python3.12/site-packages/airflow/example_dags/example_outlet_event_extra.py took 1.220 seconds
[2025-02-01T07:45:47.776+0000] {processor.py:186} INFO - Started process (PID=1255) to work on /home/airflow/.local/lib/python3.12/site-packages/airflow/example_dags/example_outlet_event_extra.py
[2025-02-01T07:45:47.777+0000] {processor.py:914} INFO - Processing file /home/airflow/.local/lib/python3.12/site-packages/airflow/example_dags/example_outlet_event_extra.py for tasks to queue
[2025-02-01T07:45:47.781+0000] {logging_mixin.py:190} INFO - [2025-02-01T07:45:47.780+0000] {dagbag.py:588} INFO - Filling up the DagBag from /home/airflow/.local/lib/python3.12/site-packages/airflow/example_dags/example_outlet_event_extra.py
[2025-02-01T07:45:48.833+0000] {processor.py:925} INFO - DAG(s) 'dataset_with_extra_from_classic_operator', 'dataset_with_extra_by_yield', 'dataset_with_extra_by_context' retrieved from /home/airflow/.local/lib/python3.12/site-packages/airflow/example_dags/example_outlet_event_extra.py
[2025-02-01T07:45:48.873+0000] {logging_mixin.py:190} INFO - [2025-02-01T07:45:48.872+0000] {dag.py:3239} INFO - Sync 3 DAGs
[2025-02-01T07:45:48.906+0000] {logging_mixin.py:190} INFO - [2025-02-01T07:45:48.906+0000] {dag.py:4180} INFO - Setting next_dagrun for dataset_with_extra_by_context to 2025-01-31 00:00:00+00:00, run_after=2025-02-01 00:00:00+00:00
[2025-02-01T07:45:48.914+0000] {logging_mixin.py:190} INFO - [2025-02-01T07:45:48.913+0000] {dag.py:4180} INFO - Setting next_dagrun for dataset_with_extra_by_yield to 2025-01-31 00:00:00+00:00, run_after=2025-02-01 00:00:00+00:00
[2025-02-01T07:45:48.918+0000] {logging_mixin.py:190} INFO - [2025-02-01T07:45:48.918+0000] {dag.py:4180} INFO - Setting next_dagrun for dataset_with_extra_from_classic_operator to 2025-01-31 00:00:00+00:00, run_after=2025-02-01 00:00:00+00:00
[2025-02-01T07:45:48.943+0000] {processor.py:208} INFO - Processing /home/airflow/.local/lib/python3.12/site-packages/airflow/example_dags/example_outlet_event_extra.py took 1.179 seconds
[2025-02-01T07:46:19.203+0000] {processor.py:186} INFO - Started process (PID=1322) to work on /home/airflow/.local/lib/python3.12/site-packages/airflow/example_dags/example_outlet_event_extra.py
[2025-02-01T07:46:19.204+0000] {processor.py:914} INFO - Processing file /home/airflow/.local/lib/python3.12/site-packages/airflow/example_dags/example_outlet_event_extra.py for tasks to queue
[2025-02-01T07:46:19.207+0000] {logging_mixin.py:190} INFO - [2025-02-01T07:46:19.207+0000] {dagbag.py:588} INFO - Filling up the DagBag from /home/airflow/.local/lib/python3.12/site-packages/airflow/example_dags/example_outlet_event_extra.py
[2025-02-01T07:46:20.155+0000] {processor.py:925} INFO - DAG(s) 'dataset_with_extra_by_yield', 'dataset_with_extra_by_context', 'dataset_with_extra_from_classic_operator' retrieved from /home/airflow/.local/lib/python3.12/site-packages/airflow/example_dags/example_outlet_event_extra.py
[2025-02-01T07:46:20.208+0000] {logging_mixin.py:190} INFO - [2025-02-01T07:46:20.207+0000] {dag.py:3239} INFO - Sync 3 DAGs
[2025-02-01T07:46:20.246+0000] {logging_mixin.py:190} INFO - [2025-02-01T07:46:20.246+0000] {dag.py:4180} INFO - Setting next_dagrun for dataset_with_extra_by_context to 2025-01-31 00:00:00+00:00, run_after=2025-02-01 00:00:00+00:00
[2025-02-01T07:46:20.253+0000] {logging_mixin.py:190} INFO - [2025-02-01T07:46:20.253+0000] {dag.py:4180} INFO - Setting next_dagrun for dataset_with_extra_by_yield to 2025-01-31 00:00:00+00:00, run_after=2025-02-01 00:00:00+00:00
[2025-02-01T07:46:20.257+0000] {logging_mixin.py:190} INFO - [2025-02-01T07:46:20.257+0000] {dag.py:4180} INFO - Setting next_dagrun for dataset_with_extra_from_classic_operator to 2025-01-31 00:00:00+00:00, run_after=2025-02-01 00:00:00+00:00
[2025-02-01T07:46:20.291+0000] {processor.py:208} INFO - Processing /home/airflow/.local/lib/python3.12/site-packages/airflow/example_dags/example_outlet_event_extra.py took 1.097 seconds
[2025-02-01T07:46:51.111+0000] {processor.py:186} INFO - Started process (PID=1391) to work on /home/airflow/.local/lib/python3.12/site-packages/airflow/example_dags/example_outlet_event_extra.py
[2025-02-01T07:46:51.113+0000] {processor.py:914} INFO - Processing file /home/airflow/.local/lib/python3.12/site-packages/airflow/example_dags/example_outlet_event_extra.py for tasks to queue
[2025-02-01T07:46:51.117+0000] {logging_mixin.py:190} INFO - [2025-02-01T07:46:51.116+0000] {dagbag.py:588} INFO - Filling up the DagBag from /home/airflow/.local/lib/python3.12/site-packages/airflow/example_dags/example_outlet_event_extra.py
[2025-02-01T07:46:52.109+0000] {processor.py:925} INFO - DAG(s) 'dataset_with_extra_by_context', 'dataset_with_extra_by_yield', 'dataset_with_extra_from_classic_operator' retrieved from /home/airflow/.local/lib/python3.12/site-packages/airflow/example_dags/example_outlet_event_extra.py
[2025-02-01T07:46:52.141+0000] {logging_mixin.py:190} INFO - [2025-02-01T07:46:52.141+0000] {dag.py:3239} INFO - Sync 3 DAGs
[2025-02-01T07:46:52.175+0000] {logging_mixin.py:190} INFO - [2025-02-01T07:46:52.175+0000] {dag.py:4180} INFO - Setting next_dagrun for dataset_with_extra_by_context to 2025-01-31 00:00:00+00:00, run_after=2025-02-01 00:00:00+00:00
[2025-02-01T07:46:52.182+0000] {logging_mixin.py:190} INFO - [2025-02-01T07:46:52.182+0000] {dag.py:4180} INFO - Setting next_dagrun for dataset_with_extra_by_yield to 2025-01-31 00:00:00+00:00, run_after=2025-02-01 00:00:00+00:00
[2025-02-01T07:46:52.187+0000] {logging_mixin.py:190} INFO - [2025-02-01T07:46:52.186+0000] {dag.py:4180} INFO - Setting next_dagrun for dataset_with_extra_from_classic_operator to 2025-01-31 00:00:00+00:00, run_after=2025-02-01 00:00:00+00:00
[2025-02-01T07:46:52.225+0000] {processor.py:208} INFO - Processing /home/airflow/.local/lib/python3.12/site-packages/airflow/example_dags/example_outlet_event_extra.py took 1.129 seconds
[2025-02-01T07:47:22.595+0000] {processor.py:186} INFO - Started process (PID=1457) to work on /home/airflow/.local/lib/python3.12/site-packages/airflow/example_dags/example_outlet_event_extra.py
[2025-02-01T07:47:22.597+0000] {processor.py:914} INFO - Processing file /home/airflow/.local/lib/python3.12/site-packages/airflow/example_dags/example_outlet_event_extra.py for tasks to queue
[2025-02-01T07:47:22.601+0000] {logging_mixin.py:190} INFO - [2025-02-01T07:47:22.601+0000] {dagbag.py:588} INFO - Filling up the DagBag from /home/airflow/.local/lib/python3.12/site-packages/airflow/example_dags/example_outlet_event_extra.py
[2025-02-01T07:47:23.365+0000] {processor.py:925} INFO - DAG(s) 'dataset_with_extra_from_classic_operator', 'dataset_with_extra_by_context', 'dataset_with_extra_by_yield' retrieved from /home/airflow/.local/lib/python3.12/site-packages/airflow/example_dags/example_outlet_event_extra.py
[2025-02-01T07:47:23.393+0000] {logging_mixin.py:190} INFO - [2025-02-01T07:47:23.393+0000] {dag.py:3239} INFO - Sync 3 DAGs
[2025-02-01T07:47:23.425+0000] {logging_mixin.py:190} INFO - [2025-02-01T07:47:23.424+0000] {dag.py:4180} INFO - Setting next_dagrun for dataset_with_extra_by_context to 2025-01-31 00:00:00+00:00, run_after=2025-02-01 00:00:00+00:00
[2025-02-01T07:47:23.431+0000] {logging_mixin.py:190} INFO - [2025-02-01T07:47:23.430+0000] {dag.py:4180} INFO - Setting next_dagrun for dataset_with_extra_by_yield to 2025-01-31 00:00:00+00:00, run_after=2025-02-01 00:00:00+00:00
[2025-02-01T07:47:23.434+0000] {logging_mixin.py:190} INFO - [2025-02-01T07:47:23.434+0000] {dag.py:4180} INFO - Setting next_dagrun for dataset_with_extra_from_classic_operator to 2025-01-31 00:00:00+00:00, run_after=2025-02-01 00:00:00+00:00
[2025-02-01T07:47:23.461+0000] {processor.py:208} INFO - Processing /home/airflow/.local/lib/python3.12/site-packages/airflow/example_dags/example_outlet_event_extra.py took 0.881 seconds
[2025-02-01T07:47:54.192+0000] {processor.py:186} INFO - Started process (PID=1523) to work on /home/airflow/.local/lib/python3.12/site-packages/airflow/example_dags/example_outlet_event_extra.py
[2025-02-01T07:47:54.194+0000] {processor.py:914} INFO - Processing file /home/airflow/.local/lib/python3.12/site-packages/airflow/example_dags/example_outlet_event_extra.py for tasks to queue
[2025-02-01T07:47:54.198+0000] {logging_mixin.py:190} INFO - [2025-02-01T07:47:54.197+0000] {dagbag.py:588} INFO - Filling up the DagBag from /home/airflow/.local/lib/python3.12/site-packages/airflow/example_dags/example_outlet_event_extra.py
[2025-02-01T07:47:54.946+0000] {processor.py:925} INFO - DAG(s) 'dataset_with_extra_by_yield', 'dataset_with_extra_from_classic_operator', 'dataset_with_extra_by_context' retrieved from /home/airflow/.local/lib/python3.12/site-packages/airflow/example_dags/example_outlet_event_extra.py
[2025-02-01T07:47:54.980+0000] {logging_mixin.py:190} INFO - [2025-02-01T07:47:54.980+0000] {dag.py:3239} INFO - Sync 3 DAGs
[2025-02-01T07:47:55.014+0000] {logging_mixin.py:190} INFO - [2025-02-01T07:47:55.013+0000] {dag.py:4180} INFO - Setting next_dagrun for dataset_with_extra_by_context to 2025-01-31 00:00:00+00:00, run_after=2025-02-01 00:00:00+00:00
[2025-02-01T07:47:55.019+0000] {logging_mixin.py:190} INFO - [2025-02-01T07:47:55.019+0000] {dag.py:4180} INFO - Setting next_dagrun for dataset_with_extra_by_yield to 2025-01-31 00:00:00+00:00, run_after=2025-02-01 00:00:00+00:00
[2025-02-01T07:47:55.025+0000] {logging_mixin.py:190} INFO - [2025-02-01T07:47:55.025+0000] {dag.py:4180} INFO - Setting next_dagrun for dataset_with_extra_from_classic_operator to 2025-01-31 00:00:00+00:00, run_after=2025-02-01 00:00:00+00:00
[2025-02-01T07:47:55.054+0000] {processor.py:208} INFO - Processing /home/airflow/.local/lib/python3.12/site-packages/airflow/example_dags/example_outlet_event_extra.py took 0.875 seconds
[2025-02-01T07:48:25.164+0000] {processor.py:186} INFO - Started process (PID=1589) to work on /home/airflow/.local/lib/python3.12/site-packages/airflow/example_dags/example_outlet_event_extra.py
[2025-02-01T07:48:25.166+0000] {processor.py:914} INFO - Processing file /home/airflow/.local/lib/python3.12/site-packages/airflow/example_dags/example_outlet_event_extra.py for tasks to queue
[2025-02-01T07:48:25.170+0000] {logging_mixin.py:190} INFO - [2025-02-01T07:48:25.169+0000] {dagbag.py:588} INFO - Filling up the DagBag from /home/airflow/.local/lib/python3.12/site-packages/airflow/example_dags/example_outlet_event_extra.py
[2025-02-01T07:48:26.125+0000] {processor.py:925} INFO - DAG(s) 'dataset_with_extra_from_classic_operator', 'dataset_with_extra_by_yield', 'dataset_with_extra_by_context' retrieved from /home/airflow/.local/lib/python3.12/site-packages/airflow/example_dags/example_outlet_event_extra.py
[2025-02-01T07:48:26.158+0000] {logging_mixin.py:190} INFO - [2025-02-01T07:48:26.158+0000] {dag.py:3239} INFO - Sync 3 DAGs
[2025-02-01T07:48:26.190+0000] {logging_mixin.py:190} INFO - [2025-02-01T07:48:26.190+0000] {dag.py:4180} INFO - Setting next_dagrun for dataset_with_extra_by_context to 2025-01-31 00:00:00+00:00, run_after=2025-02-01 00:00:00+00:00
[2025-02-01T07:48:26.197+0000] {logging_mixin.py:190} INFO - [2025-02-01T07:48:26.197+0000] {dag.py:4180} INFO - Setting next_dagrun for dataset_with_extra_by_yield to 2025-01-31 00:00:00+00:00, run_after=2025-02-01 00:00:00+00:00
[2025-02-01T07:48:26.201+0000] {logging_mixin.py:190} INFO - [2025-02-01T07:48:26.201+0000] {dag.py:4180} INFO - Setting next_dagrun for dataset_with_extra_from_classic_operator to 2025-01-31 00:00:00+00:00, run_after=2025-02-01 00:00:00+00:00
[2025-02-01T07:48:26.231+0000] {processor.py:208} INFO - Processing /home/airflow/.local/lib/python3.12/site-packages/airflow/example_dags/example_outlet_event_extra.py took 1.078 seconds
[2025-02-01T07:48:56.727+0000] {processor.py:186} INFO - Started process (PID=1655) to work on /home/airflow/.local/lib/python3.12/site-packages/airflow/example_dags/example_outlet_event_extra.py
[2025-02-01T07:48:56.728+0000] {processor.py:914} INFO - Processing file /home/airflow/.local/lib/python3.12/site-packages/airflow/example_dags/example_outlet_event_extra.py for tasks to queue
[2025-02-01T07:48:56.732+0000] {logging_mixin.py:190} INFO - [2025-02-01T07:48:56.731+0000] {dagbag.py:588} INFO - Filling up the DagBag from /home/airflow/.local/lib/python3.12/site-packages/airflow/example_dags/example_outlet_event_extra.py
[2025-02-01T07:48:57.742+0000] {processor.py:925} INFO - DAG(s) 'dataset_with_extra_by_yield', 'dataset_with_extra_by_context', 'dataset_with_extra_from_classic_operator' retrieved from /home/airflow/.local/lib/python3.12/site-packages/airflow/example_dags/example_outlet_event_extra.py
[2025-02-01T07:48:57.775+0000] {logging_mixin.py:190} INFO - [2025-02-01T07:48:57.774+0000] {dag.py:3239} INFO - Sync 3 DAGs
[2025-02-01T07:48:57.813+0000] {logging_mixin.py:190} INFO - [2025-02-01T07:48:57.812+0000] {dag.py:4180} INFO - Setting next_dagrun for dataset_with_extra_by_context to 2025-01-31 00:00:00+00:00, run_after=2025-02-01 00:00:00+00:00
[2025-02-01T07:48:57.830+0000] {logging_mixin.py:190} INFO - [2025-02-01T07:48:57.829+0000] {dag.py:4180} INFO - Setting next_dagrun for dataset_with_extra_by_yield to 2025-01-31 00:00:00+00:00, run_after=2025-02-01 00:00:00+00:00
[2025-02-01T07:48:57.834+0000] {logging_mixin.py:190} INFO - [2025-02-01T07:48:57.834+0000] {dag.py:4180} INFO - Setting next_dagrun for dataset_with_extra_from_classic_operator to 2025-01-31 00:00:00+00:00, run_after=2025-02-01 00:00:00+00:00
[2025-02-01T07:48:57.864+0000] {processor.py:208} INFO - Processing /home/airflow/.local/lib/python3.12/site-packages/airflow/example_dags/example_outlet_event_extra.py took 1.148 seconds
[2025-02-01T07:49:28.206+0000] {processor.py:186} INFO - Started process (PID=1721) to work on /home/airflow/.local/lib/python3.12/site-packages/airflow/example_dags/example_outlet_event_extra.py
[2025-02-01T07:49:28.208+0000] {processor.py:914} INFO - Processing file /home/airflow/.local/lib/python3.12/site-packages/airflow/example_dags/example_outlet_event_extra.py for tasks to queue
[2025-02-01T07:49:28.212+0000] {logging_mixin.py:190} INFO - [2025-02-01T07:49:28.211+0000] {dagbag.py:588} INFO - Filling up the DagBag from /home/airflow/.local/lib/python3.12/site-packages/airflow/example_dags/example_outlet_event_extra.py
[2025-02-01T07:49:29.058+0000] {processor.py:925} INFO - DAG(s) 'dataset_with_extra_by_context', 'dataset_with_extra_from_classic_operator', 'dataset_with_extra_by_yield' retrieved from /home/airflow/.local/lib/python3.12/site-packages/airflow/example_dags/example_outlet_event_extra.py
[2025-02-01T07:49:29.090+0000] {logging_mixin.py:190} INFO - [2025-02-01T07:49:29.089+0000] {dag.py:3239} INFO - Sync 3 DAGs
[2025-02-01T07:49:29.119+0000] {logging_mixin.py:190} INFO - [2025-02-01T07:49:29.118+0000] {dag.py:4180} INFO - Setting next_dagrun for dataset_with_extra_by_context to 2025-01-31 00:00:00+00:00, run_after=2025-02-01 00:00:00+00:00
[2025-02-01T07:49:29.124+0000] {logging_mixin.py:190} INFO - [2025-02-01T07:49:29.124+0000] {dag.py:4180} INFO - Setting next_dagrun for dataset_with_extra_by_yield to 2025-01-31 00:00:00+00:00, run_after=2025-02-01 00:00:00+00:00
[2025-02-01T07:49:29.128+0000] {logging_mixin.py:190} INFO - [2025-02-01T07:49:29.128+0000] {dag.py:4180} INFO - Setting next_dagrun for dataset_with_extra_from_classic_operator to 2025-01-31 00:00:00+00:00, run_after=2025-02-01 00:00:00+00:00
[2025-02-01T07:49:29.153+0000] {processor.py:208} INFO - Processing /home/airflow/.local/lib/python3.12/site-packages/airflow/example_dags/example_outlet_event_extra.py took 0.961 seconds
[2025-02-01T07:49:59.778+0000] {processor.py:186} INFO - Started process (PID=1787) to work on /home/airflow/.local/lib/python3.12/site-packages/airflow/example_dags/example_outlet_event_extra.py
[2025-02-01T07:49:59.780+0000] {processor.py:914} INFO - Processing file /home/airflow/.local/lib/python3.12/site-packages/airflow/example_dags/example_outlet_event_extra.py for tasks to queue
[2025-02-01T07:49:59.785+0000] {logging_mixin.py:190} INFO - [2025-02-01T07:49:59.785+0000] {dagbag.py:588} INFO - Filling up the DagBag from /home/airflow/.local/lib/python3.12/site-packages/airflow/example_dags/example_outlet_event_extra.py
[2025-02-01T07:50:00.678+0000] {processor.py:925} INFO - DAG(s) 'dataset_with_extra_from_classic_operator', 'dataset_with_extra_by_context', 'dataset_with_extra_by_yield' retrieved from /home/airflow/.local/lib/python3.12/site-packages/airflow/example_dags/example_outlet_event_extra.py
[2025-02-01T07:50:00.709+0000] {logging_mixin.py:190} INFO - [2025-02-01T07:50:00.709+0000] {dag.py:3239} INFO - Sync 3 DAGs
[2025-02-01T07:50:00.746+0000] {logging_mixin.py:190} INFO - [2025-02-01T07:50:00.746+0000] {dag.py:4180} INFO - Setting next_dagrun for dataset_with_extra_by_context to 2025-01-31 00:00:00+00:00, run_after=2025-02-01 00:00:00+00:00
[2025-02-01T07:50:00.752+0000] {logging_mixin.py:190} INFO - [2025-02-01T07:50:00.752+0000] {dag.py:4180} INFO - Setting next_dagrun for dataset_with_extra_by_yield to 2025-01-31 00:00:00+00:00, run_after=2025-02-01 00:00:00+00:00
[2025-02-01T07:50:00.757+0000] {logging_mixin.py:190} INFO - [2025-02-01T07:50:00.757+0000] {dag.py:4180} INFO - Setting next_dagrun for dataset_with_extra_from_classic_operator to 2025-01-31 00:00:00+00:00, run_after=2025-02-01 00:00:00+00:00
[2025-02-01T07:50:00.808+0000] {processor.py:208} INFO - Processing /home/airflow/.local/lib/python3.12/site-packages/airflow/example_dags/example_outlet_event_extra.py took 1.040 seconds
[2025-02-01T07:50:31.356+0000] {processor.py:186} INFO - Started process (PID=1853) to work on /home/airflow/.local/lib/python3.12/site-packages/airflow/example_dags/example_outlet_event_extra.py
[2025-02-01T07:50:31.357+0000] {processor.py:914} INFO - Processing file /home/airflow/.local/lib/python3.12/site-packages/airflow/example_dags/example_outlet_event_extra.py for tasks to queue
[2025-02-01T07:50:31.361+0000] {logging_mixin.py:190} INFO - [2025-02-01T07:50:31.360+0000] {dagbag.py:588} INFO - Filling up the DagBag from /home/airflow/.local/lib/python3.12/site-packages/airflow/example_dags/example_outlet_event_extra.py
[2025-02-01T07:50:32.110+0000] {processor.py:925} INFO - DAG(s) 'dataset_with_extra_from_classic_operator', 'dataset_with_extra_by_context', 'dataset_with_extra_by_yield' retrieved from /home/airflow/.local/lib/python3.12/site-packages/airflow/example_dags/example_outlet_event_extra.py
[2025-02-01T07:50:32.142+0000] {logging_mixin.py:190} INFO - [2025-02-01T07:50:32.142+0000] {dag.py:3239} INFO - Sync 3 DAGs
[2025-02-01T07:50:32.175+0000] {logging_mixin.py:190} INFO - [2025-02-01T07:50:32.175+0000] {dag.py:4180} INFO - Setting next_dagrun for dataset_with_extra_by_context to 2025-01-31 00:00:00+00:00, run_after=2025-02-01 00:00:00+00:00
[2025-02-01T07:50:32.182+0000] {logging_mixin.py:190} INFO - [2025-02-01T07:50:32.182+0000] {dag.py:4180} INFO - Setting next_dagrun for dataset_with_extra_by_yield to 2025-01-31 00:00:00+00:00, run_after=2025-02-01 00:00:00+00:00
[2025-02-01T07:50:32.186+0000] {logging_mixin.py:190} INFO - [2025-02-01T07:50:32.186+0000] {dag.py:4180} INFO - Setting next_dagrun for dataset_with_extra_from_classic_operator to 2025-01-31 00:00:00+00:00, run_after=2025-02-01 00:00:00+00:00
[2025-02-01T07:50:32.217+0000] {processor.py:208} INFO - Processing /home/airflow/.local/lib/python3.12/site-packages/airflow/example_dags/example_outlet_event_extra.py took 0.871 seconds
[2025-02-01T07:51:02.527+0000] {processor.py:186} INFO - Started process (PID=1919) to work on /home/airflow/.local/lib/python3.12/site-packages/airflow/example_dags/example_outlet_event_extra.py
[2025-02-01T07:51:02.529+0000] {processor.py:914} INFO - Processing file /home/airflow/.local/lib/python3.12/site-packages/airflow/example_dags/example_outlet_event_extra.py for tasks to queue
[2025-02-01T07:51:02.533+0000] {logging_mixin.py:190} INFO - [2025-02-01T07:51:02.532+0000] {dagbag.py:588} INFO - Filling up the DagBag from /home/airflow/.local/lib/python3.12/site-packages/airflow/example_dags/example_outlet_event_extra.py
[2025-02-01T07:51:03.361+0000] {processor.py:925} INFO - DAG(s) 'dataset_with_extra_by_context', 'dataset_with_extra_from_classic_operator', 'dataset_with_extra_by_yield' retrieved from /home/airflow/.local/lib/python3.12/site-packages/airflow/example_dags/example_outlet_event_extra.py
[2025-02-01T07:51:03.388+0000] {logging_mixin.py:190} INFO - [2025-02-01T07:51:03.388+0000] {dag.py:3239} INFO - Sync 3 DAGs
[2025-02-01T07:51:03.422+0000] {logging_mixin.py:190} INFO - [2025-02-01T07:51:03.422+0000] {dag.py:4180} INFO - Setting next_dagrun for dataset_with_extra_by_context to 2025-01-31 00:00:00+00:00, run_after=2025-02-01 00:00:00+00:00
[2025-02-01T07:51:03.430+0000] {logging_mixin.py:190} INFO - [2025-02-01T07:51:03.430+0000] {dag.py:4180} INFO - Setting next_dagrun for dataset_with_extra_by_yield to 2025-01-31 00:00:00+00:00, run_after=2025-02-01 00:00:00+00:00
[2025-02-01T07:51:03.434+0000] {logging_mixin.py:190} INFO - [2025-02-01T07:51:03.434+0000] {dag.py:4180} INFO - Setting next_dagrun for dataset_with_extra_from_classic_operator to 2025-01-31 00:00:00+00:00, run_after=2025-02-01 00:00:00+00:00
[2025-02-01T07:51:03.467+0000] {processor.py:208} INFO - Processing /home/airflow/.local/lib/python3.12/site-packages/airflow/example_dags/example_outlet_event_extra.py took 0.949 seconds
[2025-02-01T07:51:33.703+0000] {processor.py:186} INFO - Started process (PID=1985) to work on /home/airflow/.local/lib/python3.12/site-packages/airflow/example_dags/example_outlet_event_extra.py
[2025-02-01T07:51:33.705+0000] {processor.py:914} INFO - Processing file /home/airflow/.local/lib/python3.12/site-packages/airflow/example_dags/example_outlet_event_extra.py for tasks to queue
[2025-02-01T07:51:33.708+0000] {logging_mixin.py:190} INFO - [2025-02-01T07:51:33.708+0000] {dagbag.py:588} INFO - Filling up the DagBag from /home/airflow/.local/lib/python3.12/site-packages/airflow/example_dags/example_outlet_event_extra.py
[2025-02-01T07:51:34.615+0000] {processor.py:925} INFO - DAG(s) 'dataset_with_extra_by_context', 'dataset_with_extra_from_classic_operator', 'dataset_with_extra_by_yield' retrieved from /home/airflow/.local/lib/python3.12/site-packages/airflow/example_dags/example_outlet_event_extra.py
[2025-02-01T07:51:34.649+0000] {logging_mixin.py:190} INFO - [2025-02-01T07:51:34.648+0000] {dag.py:3239} INFO - Sync 3 DAGs
[2025-02-01T07:51:34.684+0000] {logging_mixin.py:190} INFO - [2025-02-01T07:51:34.683+0000] {dag.py:4180} INFO - Setting next_dagrun for dataset_with_extra_by_context to 2025-01-31 00:00:00+00:00, run_after=2025-02-01 00:00:00+00:00
[2025-02-01T07:51:34.691+0000] {logging_mixin.py:190} INFO - [2025-02-01T07:51:34.691+0000] {dag.py:4180} INFO - Setting next_dagrun for dataset_with_extra_by_yield to 2025-01-31 00:00:00+00:00, run_after=2025-02-01 00:00:00+00:00
[2025-02-01T07:51:34.700+0000] {logging_mixin.py:190} INFO - [2025-02-01T07:51:34.699+0000] {dag.py:4180} INFO - Setting next_dagrun for dataset_with_extra_from_classic_operator to 2025-01-31 00:00:00+00:00, run_after=2025-02-01 00:00:00+00:00
[2025-02-01T07:51:34.736+0000] {processor.py:208} INFO - Processing /home/airflow/.local/lib/python3.12/site-packages/airflow/example_dags/example_outlet_event_extra.py took 1.042 seconds
[2025-02-01T07:52:06.194+0000] {processor.py:186} INFO - Started process (PID=2058) to work on /home/airflow/.local/lib/python3.12/site-packages/airflow/example_dags/example_outlet_event_extra.py
[2025-02-01T07:52:06.196+0000] {processor.py:914} INFO - Processing file /home/airflow/.local/lib/python3.12/site-packages/airflow/example_dags/example_outlet_event_extra.py for tasks to queue
[2025-02-01T07:52:06.199+0000] {logging_mixin.py:190} INFO - [2025-02-01T07:52:06.199+0000] {dagbag.py:588} INFO - Filling up the DagBag from /home/airflow/.local/lib/python3.12/site-packages/airflow/example_dags/example_outlet_event_extra.py
[2025-02-01T07:52:07.185+0000] {processor.py:925} INFO - DAG(s) 'dataset_with_extra_by_yield', 'dataset_with_extra_by_context', 'dataset_with_extra_from_classic_operator' retrieved from /home/airflow/.local/lib/python3.12/site-packages/airflow/example_dags/example_outlet_event_extra.py
[2025-02-01T07:52:07.237+0000] {logging_mixin.py:190} INFO - [2025-02-01T07:52:07.237+0000] {dag.py:3239} INFO - Sync 3 DAGs
[2025-02-01T07:52:07.290+0000] {logging_mixin.py:190} INFO - [2025-02-01T07:52:07.289+0000] {dag.py:4180} INFO - Setting next_dagrun for dataset_with_extra_by_context to 2025-01-31 00:00:00+00:00, run_after=2025-02-01 00:00:00+00:00
[2025-02-01T07:52:07.303+0000] {logging_mixin.py:190} INFO - [2025-02-01T07:52:07.302+0000] {dag.py:4180} INFO - Setting next_dagrun for dataset_with_extra_by_yield to 2025-01-31 00:00:00+00:00, run_after=2025-02-01 00:00:00+00:00
[2025-02-01T07:52:07.310+0000] {logging_mixin.py:190} INFO - [2025-02-01T07:52:07.310+0000] {dag.py:4180} INFO - Setting next_dagrun for dataset_with_extra_from_classic_operator to 2025-01-31 00:00:00+00:00, run_after=2025-02-01 00:00:00+00:00
[2025-02-01T07:52:07.349+0000] {processor.py:208} INFO - Processing /home/airflow/.local/lib/python3.12/site-packages/airflow/example_dags/example_outlet_event_extra.py took 1.166 seconds
[2025-02-01T07:52:38.372+0000] {processor.py:186} INFO - Started process (PID=2127) to work on /home/airflow/.local/lib/python3.12/site-packages/airflow/example_dags/example_outlet_event_extra.py
[2025-02-01T07:52:38.373+0000] {processor.py:914} INFO - Processing file /home/airflow/.local/lib/python3.12/site-packages/airflow/example_dags/example_outlet_event_extra.py for tasks to queue
[2025-02-01T07:52:38.381+0000] {logging_mixin.py:190} INFO - [2025-02-01T07:52:38.380+0000] {dagbag.py:588} INFO - Filling up the DagBag from /home/airflow/.local/lib/python3.12/site-packages/airflow/example_dags/example_outlet_event_extra.py
[2025-02-01T07:52:39.306+0000] {processor.py:925} INFO - DAG(s) 'dataset_with_extra_from_classic_operator', 'dataset_with_extra_by_yield', 'dataset_with_extra_by_context' retrieved from /home/airflow/.local/lib/python3.12/site-packages/airflow/example_dags/example_outlet_event_extra.py
[2025-02-01T07:52:39.336+0000] {logging_mixin.py:190} INFO - [2025-02-01T07:52:39.336+0000] {dag.py:3239} INFO - Sync 3 DAGs
[2025-02-01T07:52:39.377+0000] {logging_mixin.py:190} INFO - [2025-02-01T07:52:39.376+0000] {dag.py:4180} INFO - Setting next_dagrun for dataset_with_extra_by_context to 2025-01-31 00:00:00+00:00, run_after=2025-02-01 00:00:00+00:00
[2025-02-01T07:52:39.384+0000] {logging_mixin.py:190} INFO - [2025-02-01T07:52:39.384+0000] {dag.py:4180} INFO - Setting next_dagrun for dataset_with_extra_by_yield to 2025-01-31 00:00:00+00:00, run_after=2025-02-01 00:00:00+00:00
[2025-02-01T07:52:39.390+0000] {logging_mixin.py:190} INFO - [2025-02-01T07:52:39.390+0000] {dag.py:4180} INFO - Setting next_dagrun for dataset_with_extra_from_classic_operator to 2025-01-31 00:00:00+00:00, run_after=2025-02-01 00:00:00+00:00
[2025-02-01T07:52:39.422+0000] {processor.py:208} INFO - Processing /home/airflow/.local/lib/python3.12/site-packages/airflow/example_dags/example_outlet_event_extra.py took 1.061 seconds
[2025-02-01T07:53:10.245+0000] {processor.py:186} INFO - Started process (PID=2195) to work on /home/airflow/.local/lib/python3.12/site-packages/airflow/example_dags/example_outlet_event_extra.py
[2025-02-01T07:53:10.246+0000] {processor.py:914} INFO - Processing file /home/airflow/.local/lib/python3.12/site-packages/airflow/example_dags/example_outlet_event_extra.py for tasks to queue
[2025-02-01T07:53:10.260+0000] {logging_mixin.py:190} INFO - [2025-02-01T07:53:10.259+0000] {dagbag.py:588} INFO - Filling up the DagBag from /home/airflow/.local/lib/python3.12/site-packages/airflow/example_dags/example_outlet_event_extra.py
[2025-02-01T07:53:11.061+0000] {processor.py:925} INFO - DAG(s) 'dataset_with_extra_by_context', 'dataset_with_extra_from_classic_operator', 'dataset_with_extra_by_yield' retrieved from /home/airflow/.local/lib/python3.12/site-packages/airflow/example_dags/example_outlet_event_extra.py
[2025-02-01T07:53:11.093+0000] {logging_mixin.py:190} INFO - [2025-02-01T07:53:11.093+0000] {dag.py:3239} INFO - Sync 3 DAGs
[2025-02-01T07:53:11.126+0000] {logging_mixin.py:190} INFO - [2025-02-01T07:53:11.125+0000] {dag.py:4180} INFO - Setting next_dagrun for dataset_with_extra_by_context to 2025-01-31 00:00:00+00:00, run_after=2025-02-01 00:00:00+00:00
[2025-02-01T07:53:11.131+0000] {logging_mixin.py:190} INFO - [2025-02-01T07:53:11.131+0000] {dag.py:4180} INFO - Setting next_dagrun for dataset_with_extra_by_yield to 2025-01-31 00:00:00+00:00, run_after=2025-02-01 00:00:00+00:00
[2025-02-01T07:53:11.135+0000] {logging_mixin.py:190} INFO - [2025-02-01T07:53:11.134+0000] {dag.py:4180} INFO - Setting next_dagrun for dataset_with_extra_from_classic_operator to 2025-01-31 00:00:00+00:00, run_after=2025-02-01 00:00:00+00:00
[2025-02-01T07:53:11.163+0000] {processor.py:208} INFO - Processing /home/airflow/.local/lib/python3.12/site-packages/airflow/example_dags/example_outlet_event_extra.py took 0.926 seconds
[2025-02-01T07:53:41.506+0000] {processor.py:186} INFO - Started process (PID=2260) to work on /home/airflow/.local/lib/python3.12/site-packages/airflow/example_dags/example_outlet_event_extra.py
[2025-02-01T07:53:41.508+0000] {processor.py:914} INFO - Processing file /home/airflow/.local/lib/python3.12/site-packages/airflow/example_dags/example_outlet_event_extra.py for tasks to queue
[2025-02-01T07:53:41.513+0000] {logging_mixin.py:190} INFO - [2025-02-01T07:53:41.512+0000] {dagbag.py:588} INFO - Filling up the DagBag from /home/airflow/.local/lib/python3.12/site-packages/airflow/example_dags/example_outlet_event_extra.py
[2025-02-01T07:53:42.424+0000] {processor.py:925} INFO - DAG(s) 'dataset_with_extra_by_context', 'dataset_with_extra_by_yield', 'dataset_with_extra_from_classic_operator' retrieved from /home/airflow/.local/lib/python3.12/site-packages/airflow/example_dags/example_outlet_event_extra.py
[2025-02-01T07:53:42.462+0000] {logging_mixin.py:190} INFO - [2025-02-01T07:53:42.462+0000] {dag.py:3239} INFO - Sync 3 DAGs
[2025-02-01T07:53:42.499+0000] {logging_mixin.py:190} INFO - [2025-02-01T07:53:42.498+0000] {dag.py:4180} INFO - Setting next_dagrun for dataset_with_extra_by_context to 2025-01-31 00:00:00+00:00, run_after=2025-02-01 00:00:00+00:00
[2025-02-01T07:53:42.505+0000] {logging_mixin.py:190} INFO - [2025-02-01T07:53:42.505+0000] {dag.py:4180} INFO - Setting next_dagrun for dataset_with_extra_by_yield to 2025-01-31 00:00:00+00:00, run_after=2025-02-01 00:00:00+00:00
[2025-02-01T07:53:42.509+0000] {logging_mixin.py:190} INFO - [2025-02-01T07:53:42.509+0000] {dag.py:4180} INFO - Setting next_dagrun for dataset_with_extra_from_classic_operator to 2025-01-31 00:00:00+00:00, run_after=2025-02-01 00:00:00+00:00
[2025-02-01T07:53:42.537+0000] {processor.py:208} INFO - Processing /home/airflow/.local/lib/python3.12/site-packages/airflow/example_dags/example_outlet_event_extra.py took 1.044 seconds
[2025-02-01T07:54:12.935+0000] {processor.py:186} INFO - Started process (PID=2327) to work on /home/airflow/.local/lib/python3.12/site-packages/airflow/example_dags/example_outlet_event_extra.py
[2025-02-01T07:54:12.936+0000] {processor.py:914} INFO - Processing file /home/airflow/.local/lib/python3.12/site-packages/airflow/example_dags/example_outlet_event_extra.py for tasks to queue
[2025-02-01T07:54:12.939+0000] {logging_mixin.py:190} INFO - [2025-02-01T07:54:12.939+0000] {dagbag.py:588} INFO - Filling up the DagBag from /home/airflow/.local/lib/python3.12/site-packages/airflow/example_dags/example_outlet_event_extra.py
[2025-02-01T07:54:13.731+0000] {processor.py:925} INFO - DAG(s) 'dataset_with_extra_by_yield', 'dataset_with_extra_by_context', 'dataset_with_extra_from_classic_operator' retrieved from /home/airflow/.local/lib/python3.12/site-packages/airflow/example_dags/example_outlet_event_extra.py
[2025-02-01T07:54:13.763+0000] {logging_mixin.py:190} INFO - [2025-02-01T07:54:13.762+0000] {dag.py:3239} INFO - Sync 3 DAGs
[2025-02-01T07:54:13.824+0000] {logging_mixin.py:190} INFO - [2025-02-01T07:54:13.823+0000] {dag.py:4180} INFO - Setting next_dagrun for dataset_with_extra_by_context to 2025-01-31 00:00:00+00:00, run_after=2025-02-01 00:00:00+00:00
[2025-02-01T07:54:13.831+0000] {logging_mixin.py:190} INFO - [2025-02-01T07:54:13.831+0000] {dag.py:4180} INFO - Setting next_dagrun for dataset_with_extra_by_yield to 2025-01-31 00:00:00+00:00, run_after=2025-02-01 00:00:00+00:00
[2025-02-01T07:54:13.835+0000] {logging_mixin.py:190} INFO - [2025-02-01T07:54:13.835+0000] {dag.py:4180} INFO - Setting next_dagrun for dataset_with_extra_from_classic_operator to 2025-01-31 00:00:00+00:00, run_after=2025-02-01 00:00:00+00:00
[2025-02-01T07:54:13.867+0000] {processor.py:208} INFO - Processing /home/airflow/.local/lib/python3.12/site-packages/airflow/example_dags/example_outlet_event_extra.py took 0.945 seconds
[2025-02-01T07:54:44.081+0000] {processor.py:186} INFO - Started process (PID=2399) to work on /home/airflow/.local/lib/python3.12/site-packages/airflow/example_dags/example_outlet_event_extra.py
[2025-02-01T07:54:44.082+0000] {processor.py:914} INFO - Processing file /home/airflow/.local/lib/python3.12/site-packages/airflow/example_dags/example_outlet_event_extra.py for tasks to queue
[2025-02-01T07:54:44.086+0000] {logging_mixin.py:190} INFO - [2025-02-01T07:54:44.086+0000] {dagbag.py:588} INFO - Filling up the DagBag from /home/airflow/.local/lib/python3.12/site-packages/airflow/example_dags/example_outlet_event_extra.py
[2025-02-01T07:54:44.870+0000] {processor.py:925} INFO - DAG(s) 'dataset_with_extra_from_classic_operator', 'dataset_with_extra_by_context', 'dataset_with_extra_by_yield' retrieved from /home/airflow/.local/lib/python3.12/site-packages/airflow/example_dags/example_outlet_event_extra.py
[2025-02-01T07:54:44.909+0000] {logging_mixin.py:190} INFO - [2025-02-01T07:54:44.908+0000] {dag.py:3239} INFO - Sync 3 DAGs
[2025-02-01T07:54:44.945+0000] {logging_mixin.py:190} INFO - [2025-02-01T07:54:44.944+0000] {dag.py:4180} INFO - Setting next_dagrun for dataset_with_extra_by_context to 2025-01-31 00:00:00+00:00, run_after=2025-02-01 00:00:00+00:00
[2025-02-01T07:54:44.952+0000] {logging_mixin.py:190} INFO - [2025-02-01T07:54:44.952+0000] {dag.py:4180} INFO - Setting next_dagrun for dataset_with_extra_by_yield to 2025-01-31 00:00:00+00:00, run_after=2025-02-01 00:00:00+00:00
[2025-02-01T07:54:44.957+0000] {logging_mixin.py:190} INFO - [2025-02-01T07:54:44.956+0000] {dag.py:4180} INFO - Setting next_dagrun for dataset_with_extra_from_classic_operator to 2025-01-31 00:00:00+00:00, run_after=2025-02-01 00:00:00+00:00
[2025-02-01T07:54:44.989+0000] {processor.py:208} INFO - Processing /home/airflow/.local/lib/python3.12/site-packages/airflow/example_dags/example_outlet_event_extra.py took 0.920 seconds
[2025-02-01T07:55:15.880+0000] {processor.py:186} INFO - Started process (PID=2465) to work on /home/airflow/.local/lib/python3.12/site-packages/airflow/example_dags/example_outlet_event_extra.py
[2025-02-01T07:55:15.883+0000] {processor.py:914} INFO - Processing file /home/airflow/.local/lib/python3.12/site-packages/airflow/example_dags/example_outlet_event_extra.py for tasks to queue
[2025-02-01T07:55:15.890+0000] {logging_mixin.py:190} INFO - [2025-02-01T07:55:15.889+0000] {dagbag.py:588} INFO - Filling up the DagBag from /home/airflow/.local/lib/python3.12/site-packages/airflow/example_dags/example_outlet_event_extra.py
[2025-02-01T07:55:16.970+0000] {processor.py:925} INFO - DAG(s) 'dataset_with_extra_from_classic_operator', 'dataset_with_extra_by_context', 'dataset_with_extra_by_yield' retrieved from /home/airflow/.local/lib/python3.12/site-packages/airflow/example_dags/example_outlet_event_extra.py
[2025-02-01T07:55:17.027+0000] {logging_mixin.py:190} INFO - [2025-02-01T07:55:17.027+0000] {dag.py:3239} INFO - Sync 3 DAGs
[2025-02-01T07:55:17.070+0000] {logging_mixin.py:190} INFO - [2025-02-01T07:55:17.070+0000] {dag.py:4180} INFO - Setting next_dagrun for dataset_with_extra_by_context to 2025-01-31 00:00:00+00:00, run_after=2025-02-01 00:00:00+00:00
[2025-02-01T07:55:17.080+0000] {logging_mixin.py:190} INFO - [2025-02-01T07:55:17.079+0000] {dag.py:4180} INFO - Setting next_dagrun for dataset_with_extra_by_yield to 2025-01-31 00:00:00+00:00, run_after=2025-02-01 00:00:00+00:00
[2025-02-01T07:55:17.085+0000] {logging_mixin.py:190} INFO - [2025-02-01T07:55:17.084+0000] {dag.py:4180} INFO - Setting next_dagrun for dataset_with_extra_from_classic_operator to 2025-01-31 00:00:00+00:00, run_after=2025-02-01 00:00:00+00:00
[2025-02-01T07:55:17.177+0000] {processor.py:208} INFO - Processing /home/airflow/.local/lib/python3.12/site-packages/airflow/example_dags/example_outlet_event_extra.py took 1.308 seconds
[2025-02-01T07:55:47.877+0000] {processor.py:186} INFO - Started process (PID=2535) to work on /home/airflow/.local/lib/python3.12/site-packages/airflow/example_dags/example_outlet_event_extra.py
[2025-02-01T07:55:47.878+0000] {processor.py:914} INFO - Processing file /home/airflow/.local/lib/python3.12/site-packages/airflow/example_dags/example_outlet_event_extra.py for tasks to queue
[2025-02-01T07:55:47.883+0000] {logging_mixin.py:190} INFO - [2025-02-01T07:55:47.883+0000] {dagbag.py:588} INFO - Filling up the DagBag from /home/airflow/.local/lib/python3.12/site-packages/airflow/example_dags/example_outlet_event_extra.py
[2025-02-01T07:55:48.767+0000] {processor.py:925} INFO - DAG(s) 'dataset_with_extra_by_yield', 'dataset_with_extra_from_classic_operator', 'dataset_with_extra_by_context' retrieved from /home/airflow/.local/lib/python3.12/site-packages/airflow/example_dags/example_outlet_event_extra.py
[2025-02-01T07:55:48.799+0000] {logging_mixin.py:190} INFO - [2025-02-01T07:55:48.799+0000] {dag.py:3239} INFO - Sync 3 DAGs
[2025-02-01T07:55:48.836+0000] {logging_mixin.py:190} INFO - [2025-02-01T07:55:48.836+0000] {dag.py:4180} INFO - Setting next_dagrun for dataset_with_extra_by_context to 2025-01-31 00:00:00+00:00, run_after=2025-02-01 00:00:00+00:00
[2025-02-01T07:55:48.843+0000] {logging_mixin.py:190} INFO - [2025-02-01T07:55:48.842+0000] {dag.py:4180} INFO - Setting next_dagrun for dataset_with_extra_by_yield to 2025-01-31 00:00:00+00:00, run_after=2025-02-01 00:00:00+00:00
[2025-02-01T07:55:48.846+0000] {logging_mixin.py:190} INFO - [2025-02-01T07:55:48.846+0000] {dag.py:4180} INFO - Setting next_dagrun for dataset_with_extra_from_classic_operator to 2025-01-31 00:00:00+00:00, run_after=2025-02-01 00:00:00+00:00
[2025-02-01T07:55:48.878+0000] {processor.py:208} INFO - Processing /home/airflow/.local/lib/python3.12/site-packages/airflow/example_dags/example_outlet_event_extra.py took 1.011 seconds
[2025-02-01T07:56:18.987+0000] {processor.py:186} INFO - Started process (PID=2605) to work on /home/airflow/.local/lib/python3.12/site-packages/airflow/example_dags/example_outlet_event_extra.py
[2025-02-01T07:56:18.988+0000] {processor.py:914} INFO - Processing file /home/airflow/.local/lib/python3.12/site-packages/airflow/example_dags/example_outlet_event_extra.py for tasks to queue
[2025-02-01T07:56:18.992+0000] {logging_mixin.py:190} INFO - [2025-02-01T07:56:18.991+0000] {dagbag.py:588} INFO - Filling up the DagBag from /home/airflow/.local/lib/python3.12/site-packages/airflow/example_dags/example_outlet_event_extra.py
[2025-02-01T07:56:19.839+0000] {processor.py:925} INFO - DAG(s) 'dataset_with_extra_from_classic_operator', 'dataset_with_extra_by_yield', 'dataset_with_extra_by_context' retrieved from /home/airflow/.local/lib/python3.12/site-packages/airflow/example_dags/example_outlet_event_extra.py
[2025-02-01T07:56:19.869+0000] {logging_mixin.py:190} INFO - [2025-02-01T07:56:19.869+0000] {dag.py:3239} INFO - Sync 3 DAGs
[2025-02-01T07:56:19.898+0000] {logging_mixin.py:190} INFO - [2025-02-01T07:56:19.898+0000] {dag.py:4180} INFO - Setting next_dagrun for dataset_with_extra_by_context to 2025-01-31 00:00:00+00:00, run_after=2025-02-01 00:00:00+00:00
[2025-02-01T07:56:19.905+0000] {logging_mixin.py:190} INFO - [2025-02-01T07:56:19.905+0000] {dag.py:4180} INFO - Setting next_dagrun for dataset_with_extra_by_yield to 2025-01-31 00:00:00+00:00, run_after=2025-02-01 00:00:00+00:00
[2025-02-01T07:56:19.909+0000] {logging_mixin.py:190} INFO - [2025-02-01T07:56:19.908+0000] {dag.py:4180} INFO - Setting next_dagrun for dataset_with_extra_from_classic_operator to 2025-01-31 00:00:00+00:00, run_after=2025-02-01 00:00:00+00:00
[2025-02-01T07:56:19.938+0000] {processor.py:208} INFO - Processing /home/airflow/.local/lib/python3.12/site-packages/airflow/example_dags/example_outlet_event_extra.py took 0.961 seconds
[2025-02-01T07:56:50.654+0000] {processor.py:186} INFO - Started process (PID=2676) to work on /home/airflow/.local/lib/python3.12/site-packages/airflow/example_dags/example_outlet_event_extra.py
[2025-02-01T07:56:50.656+0000] {processor.py:914} INFO - Processing file /home/airflow/.local/lib/python3.12/site-packages/airflow/example_dags/example_outlet_event_extra.py for tasks to queue
[2025-02-01T07:56:50.659+0000] {logging_mixin.py:190} INFO - [2025-02-01T07:56:50.659+0000] {dagbag.py:588} INFO - Filling up the DagBag from /home/airflow/.local/lib/python3.12/site-packages/airflow/example_dags/example_outlet_event_extra.py
[2025-02-01T07:56:51.479+0000] {processor.py:925} INFO - DAG(s) 'dataset_with_extra_from_classic_operator', 'dataset_with_extra_by_context', 'dataset_with_extra_by_yield' retrieved from /home/airflow/.local/lib/python3.12/site-packages/airflow/example_dags/example_outlet_event_extra.py
[2025-02-01T07:56:51.521+0000] {logging_mixin.py:190} INFO - [2025-02-01T07:56:51.521+0000] {dag.py:3239} INFO - Sync 3 DAGs
[2025-02-01T07:56:51.565+0000] {logging_mixin.py:190} INFO - [2025-02-01T07:56:51.564+0000] {dag.py:4180} INFO - Setting next_dagrun for dataset_with_extra_by_context to 2025-01-31 00:00:00+00:00, run_after=2025-02-01 00:00:00+00:00
[2025-02-01T07:56:51.571+0000] {logging_mixin.py:190} INFO - [2025-02-01T07:56:51.571+0000] {dag.py:4180} INFO - Setting next_dagrun for dataset_with_extra_by_yield to 2025-01-31 00:00:00+00:00, run_after=2025-02-01 00:00:00+00:00
[2025-02-01T07:56:51.575+0000] {logging_mixin.py:190} INFO - [2025-02-01T07:56:51.575+0000] {dag.py:4180} INFO - Setting next_dagrun for dataset_with_extra_from_classic_operator to 2025-01-31 00:00:00+00:00, run_after=2025-02-01 00:00:00+00:00
[2025-02-01T07:56:51.607+0000] {processor.py:208} INFO - Processing /home/airflow/.local/lib/python3.12/site-packages/airflow/example_dags/example_outlet_event_extra.py took 0.962 seconds
[2025-02-01T07:57:22.029+0000] {processor.py:186} INFO - Started process (PID=2742) to work on /home/airflow/.local/lib/python3.12/site-packages/airflow/example_dags/example_outlet_event_extra.py
[2025-02-01T07:57:22.031+0000] {processor.py:914} INFO - Processing file /home/airflow/.local/lib/python3.12/site-packages/airflow/example_dags/example_outlet_event_extra.py for tasks to queue
[2025-02-01T07:57:22.034+0000] {logging_mixin.py:190} INFO - [2025-02-01T07:57:22.033+0000] {dagbag.py:588} INFO - Filling up the DagBag from /home/airflow/.local/lib/python3.12/site-packages/airflow/example_dags/example_outlet_event_extra.py
[2025-02-01T07:57:22.847+0000] {processor.py:925} INFO - DAG(s) 'dataset_with_extra_by_yield', 'dataset_with_extra_from_classic_operator', 'dataset_with_extra_by_context' retrieved from /home/airflow/.local/lib/python3.12/site-packages/airflow/example_dags/example_outlet_event_extra.py
[2025-02-01T07:57:22.885+0000] {logging_mixin.py:190} INFO - [2025-02-01T07:57:22.885+0000] {dag.py:3239} INFO - Sync 3 DAGs
[2025-02-01T07:57:22.922+0000] {logging_mixin.py:190} INFO - [2025-02-01T07:57:22.921+0000] {dag.py:4180} INFO - Setting next_dagrun for dataset_with_extra_by_context to 2025-01-31 00:00:00+00:00, run_after=2025-02-01 00:00:00+00:00
[2025-02-01T07:57:22.929+0000] {logging_mixin.py:190} INFO - [2025-02-01T07:57:22.929+0000] {dag.py:4180} INFO - Setting next_dagrun for dataset_with_extra_by_yield to 2025-01-31 00:00:00+00:00, run_after=2025-02-01 00:00:00+00:00
[2025-02-01T07:57:22.933+0000] {logging_mixin.py:190} INFO - [2025-02-01T07:57:22.932+0000] {dag.py:4180} INFO - Setting next_dagrun for dataset_with_extra_from_classic_operator to 2025-01-31 00:00:00+00:00, run_after=2025-02-01 00:00:00+00:00
[2025-02-01T07:57:22.960+0000] {processor.py:208} INFO - Processing /home/airflow/.local/lib/python3.12/site-packages/airflow/example_dags/example_outlet_event_extra.py took 0.940 seconds
[2025-02-01T07:57:53.376+0000] {processor.py:186} INFO - Started process (PID=2808) to work on /home/airflow/.local/lib/python3.12/site-packages/airflow/example_dags/example_outlet_event_extra.py
[2025-02-01T07:57:53.377+0000] {processor.py:914} INFO - Processing file /home/airflow/.local/lib/python3.12/site-packages/airflow/example_dags/example_outlet_event_extra.py for tasks to queue
[2025-02-01T07:57:53.381+0000] {logging_mixin.py:190} INFO - [2025-02-01T07:57:53.380+0000] {dagbag.py:588} INFO - Filling up the DagBag from /home/airflow/.local/lib/python3.12/site-packages/airflow/example_dags/example_outlet_event_extra.py
[2025-02-01T07:57:54.236+0000] {processor.py:925} INFO - DAG(s) 'dataset_with_extra_from_classic_operator', 'dataset_with_extra_by_context', 'dataset_with_extra_by_yield' retrieved from /home/airflow/.local/lib/python3.12/site-packages/airflow/example_dags/example_outlet_event_extra.py
[2025-02-01T07:57:54.279+0000] {logging_mixin.py:190} INFO - [2025-02-01T07:57:54.278+0000] {dag.py:3239} INFO - Sync 3 DAGs
[2025-02-01T07:57:54.324+0000] {logging_mixin.py:190} INFO - [2025-02-01T07:57:54.324+0000] {dag.py:4180} INFO - Setting next_dagrun for dataset_with_extra_by_context to 2025-01-31 00:00:00+00:00, run_after=2025-02-01 00:00:00+00:00
[2025-02-01T07:57:54.332+0000] {logging_mixin.py:190} INFO - [2025-02-01T07:57:54.332+0000] {dag.py:4180} INFO - Setting next_dagrun for dataset_with_extra_by_yield to 2025-01-31 00:00:00+00:00, run_after=2025-02-01 00:00:00+00:00
[2025-02-01T07:57:54.337+0000] {logging_mixin.py:190} INFO - [2025-02-01T07:57:54.336+0000] {dag.py:4180} INFO - Setting next_dagrun for dataset_with_extra_from_classic_operator to 2025-01-31 00:00:00+00:00, run_after=2025-02-01 00:00:00+00:00
[2025-02-01T07:57:54.371+0000] {processor.py:208} INFO - Processing /home/airflow/.local/lib/python3.12/site-packages/airflow/example_dags/example_outlet_event_extra.py took 1.004 seconds
[2025-02-01T07:58:24.559+0000] {processor.py:186} INFO - Started process (PID=2874) to work on /home/airflow/.local/lib/python3.12/site-packages/airflow/example_dags/example_outlet_event_extra.py
[2025-02-01T07:58:24.561+0000] {processor.py:914} INFO - Processing file /home/airflow/.local/lib/python3.12/site-packages/airflow/example_dags/example_outlet_event_extra.py for tasks to queue
[2025-02-01T07:58:24.564+0000] {logging_mixin.py:190} INFO - [2025-02-01T07:58:24.563+0000] {dagbag.py:588} INFO - Filling up the DagBag from /home/airflow/.local/lib/python3.12/site-packages/airflow/example_dags/example_outlet_event_extra.py
[2025-02-01T07:58:25.347+0000] {processor.py:925} INFO - DAG(s) 'dataset_with_extra_by_context', 'dataset_with_extra_from_classic_operator', 'dataset_with_extra_by_yield' retrieved from /home/airflow/.local/lib/python3.12/site-packages/airflow/example_dags/example_outlet_event_extra.py
[2025-02-01T07:58:25.383+0000] {logging_mixin.py:190} INFO - [2025-02-01T07:58:25.383+0000] {dag.py:3239} INFO - Sync 3 DAGs
[2025-02-01T07:58:25.415+0000] {logging_mixin.py:190} INFO - [2025-02-01T07:58:25.414+0000] {dag.py:4180} INFO - Setting next_dagrun for dataset_with_extra_by_context to 2025-01-31 00:00:00+00:00, run_after=2025-02-01 00:00:00+00:00
[2025-02-01T07:58:25.423+0000] {logging_mixin.py:190} INFO - [2025-02-01T07:58:25.423+0000] {dag.py:4180} INFO - Setting next_dagrun for dataset_with_extra_by_yield to 2025-01-31 00:00:00+00:00, run_after=2025-02-01 00:00:00+00:00
[2025-02-01T07:58:25.427+0000] {logging_mixin.py:190} INFO - [2025-02-01T07:58:25.426+0000] {dag.py:4180} INFO - Setting next_dagrun for dataset_with_extra_from_classic_operator to 2025-01-31 00:00:00+00:00, run_after=2025-02-01 00:00:00+00:00
[2025-02-01T07:58:25.455+0000] {processor.py:208} INFO - Processing /home/airflow/.local/lib/python3.12/site-packages/airflow/example_dags/example_outlet_event_extra.py took 0.906 seconds
[2025-02-01T07:58:55.738+0000] {processor.py:186} INFO - Started process (PID=2938) to work on /home/airflow/.local/lib/python3.12/site-packages/airflow/example_dags/example_outlet_event_extra.py
[2025-02-01T07:58:55.739+0000] {processor.py:914} INFO - Processing file /home/airflow/.local/lib/python3.12/site-packages/airflow/example_dags/example_outlet_event_extra.py for tasks to queue
[2025-02-01T07:58:55.743+0000] {logging_mixin.py:190} INFO - [2025-02-01T07:58:55.742+0000] {dagbag.py:588} INFO - Filling up the DagBag from /home/airflow/.local/lib/python3.12/site-packages/airflow/example_dags/example_outlet_event_extra.py
[2025-02-01T07:58:56.493+0000] {processor.py:925} INFO - DAG(s) 'dataset_with_extra_by_yield', 'dataset_with_extra_from_classic_operator', 'dataset_with_extra_by_context' retrieved from /home/airflow/.local/lib/python3.12/site-packages/airflow/example_dags/example_outlet_event_extra.py
[2025-02-01T07:58:56.550+0000] {logging_mixin.py:190} INFO - [2025-02-01T07:58:56.550+0000] {dag.py:3239} INFO - Sync 3 DAGs
[2025-02-01T07:58:56.601+0000] {logging_mixin.py:190} INFO - [2025-02-01T07:58:56.601+0000] {dag.py:4180} INFO - Setting next_dagrun for dataset_with_extra_by_context to 2025-01-31 00:00:00+00:00, run_after=2025-02-01 00:00:00+00:00
[2025-02-01T07:58:56.611+0000] {logging_mixin.py:190} INFO - [2025-02-01T07:58:56.610+0000] {dag.py:4180} INFO - Setting next_dagrun for dataset_with_extra_by_yield to 2025-01-31 00:00:00+00:00, run_after=2025-02-01 00:00:00+00:00
[2025-02-01T07:58:56.615+0000] {logging_mixin.py:190} INFO - [2025-02-01T07:58:56.615+0000] {dag.py:4180} INFO - Setting next_dagrun for dataset_with_extra_from_classic_operator to 2025-01-31 00:00:00+00:00, run_after=2025-02-01 00:00:00+00:00
[2025-02-01T07:58:56.646+0000] {processor.py:208} INFO - Processing /home/airflow/.local/lib/python3.12/site-packages/airflow/example_dags/example_outlet_event_extra.py took 0.916 seconds
[2025-02-01T07:59:28.503+0000] {processor.py:186} INFO - Started process (PID=3008) to work on /home/airflow/.local/lib/python3.12/site-packages/airflow/example_dags/example_outlet_event_extra.py
[2025-02-01T07:59:28.505+0000] {processor.py:914} INFO - Processing file /home/airflow/.local/lib/python3.12/site-packages/airflow/example_dags/example_outlet_event_extra.py for tasks to queue
[2025-02-01T07:59:28.509+0000] {logging_mixin.py:190} INFO - [2025-02-01T07:59:28.508+0000] {dagbag.py:588} INFO - Filling up the DagBag from /home/airflow/.local/lib/python3.12/site-packages/airflow/example_dags/example_outlet_event_extra.py
[2025-02-01T07:59:29.363+0000] {processor.py:925} INFO - DAG(s) 'dataset_with_extra_by_context', 'dataset_with_extra_from_classic_operator', 'dataset_with_extra_by_yield' retrieved from /home/airflow/.local/lib/python3.12/site-packages/airflow/example_dags/example_outlet_event_extra.py
[2025-02-01T07:59:29.397+0000] {logging_mixin.py:190} INFO - [2025-02-01T07:59:29.396+0000] {dag.py:3239} INFO - Sync 3 DAGs
[2025-02-01T07:59:29.431+0000] {logging_mixin.py:190} INFO - [2025-02-01T07:59:29.431+0000] {dag.py:4180} INFO - Setting next_dagrun for dataset_with_extra_by_context to 2025-01-31 00:00:00+00:00, run_after=2025-02-01 00:00:00+00:00
[2025-02-01T07:59:29.438+0000] {logging_mixin.py:190} INFO - [2025-02-01T07:59:29.438+0000] {dag.py:4180} INFO - Setting next_dagrun for dataset_with_extra_by_yield to 2025-01-31 00:00:00+00:00, run_after=2025-02-01 00:00:00+00:00
[2025-02-01T07:59:29.443+0000] {logging_mixin.py:190} INFO - [2025-02-01T07:59:29.443+0000] {dag.py:4180} INFO - Setting next_dagrun for dataset_with_extra_from_classic_operator to 2025-01-31 00:00:00+00:00, run_after=2025-02-01 00:00:00+00:00
[2025-02-01T07:59:29.476+0000] {processor.py:208} INFO - Processing /home/airflow/.local/lib/python3.12/site-packages/airflow/example_dags/example_outlet_event_extra.py took 0.987 seconds
[2025-02-01T07:59:59.692+0000] {processor.py:186} INFO - Started process (PID=3074) to work on /home/airflow/.local/lib/python3.12/site-packages/airflow/example_dags/example_outlet_event_extra.py
[2025-02-01T07:59:59.693+0000] {processor.py:914} INFO - Processing file /home/airflow/.local/lib/python3.12/site-packages/airflow/example_dags/example_outlet_event_extra.py for tasks to queue
[2025-02-01T07:59:59.697+0000] {logging_mixin.py:190} INFO - [2025-02-01T07:59:59.696+0000] {dagbag.py:588} INFO - Filling up the DagBag from /home/airflow/.local/lib/python3.12/site-packages/airflow/example_dags/example_outlet_event_extra.py
[2025-02-01T08:00:00.399+0000] {processor.py:925} INFO - DAG(s) 'dataset_with_extra_by_yield', 'dataset_with_extra_by_context', 'dataset_with_extra_from_classic_operator' retrieved from /home/airflow/.local/lib/python3.12/site-packages/airflow/example_dags/example_outlet_event_extra.py
[2025-02-01T08:00:00.436+0000] {logging_mixin.py:190} INFO - [2025-02-01T08:00:00.436+0000] {dag.py:3239} INFO - Sync 3 DAGs
[2025-02-01T08:00:00.498+0000] {logging_mixin.py:190} INFO - [2025-02-01T08:00:00.498+0000] {dag.py:4180} INFO - Setting next_dagrun for dataset_with_extra_by_context to 2025-01-31 00:00:00+00:00, run_after=2025-02-01 00:00:00+00:00
[2025-02-01T08:00:00.509+0000] {logging_mixin.py:190} INFO - [2025-02-01T08:00:00.508+0000] {dag.py:4180} INFO - Setting next_dagrun for dataset_with_extra_by_yield to 2025-01-31 00:00:00+00:00, run_after=2025-02-01 00:00:00+00:00
[2025-02-01T08:00:00.514+0000] {logging_mixin.py:190} INFO - [2025-02-01T08:00:00.513+0000] {dag.py:4180} INFO - Setting next_dagrun for dataset_with_extra_from_classic_operator to 2025-01-31 00:00:00+00:00, run_after=2025-02-01 00:00:00+00:00
[2025-02-01T08:00:00.556+0000] {processor.py:208} INFO - Processing /home/airflow/.local/lib/python3.12/site-packages/airflow/example_dags/example_outlet_event_extra.py took 0.876 seconds
[2025-02-01T08:00:30.978+0000] {processor.py:186} INFO - Started process (PID=3144) to work on /home/airflow/.local/lib/python3.12/site-packages/airflow/example_dags/example_outlet_event_extra.py
[2025-02-01T08:00:30.980+0000] {processor.py:914} INFO - Processing file /home/airflow/.local/lib/python3.12/site-packages/airflow/example_dags/example_outlet_event_extra.py for tasks to queue
[2025-02-01T08:00:30.984+0000] {logging_mixin.py:190} INFO - [2025-02-01T08:00:30.983+0000] {dagbag.py:588} INFO - Filling up the DagBag from /home/airflow/.local/lib/python3.12/site-packages/airflow/example_dags/example_outlet_event_extra.py
[2025-02-01T08:00:31.582+0000] {processor.py:925} INFO - DAG(s) 'dataset_with_extra_from_classic_operator', 'dataset_with_extra_by_yield', 'dataset_with_extra_by_context' retrieved from /home/airflow/.local/lib/python3.12/site-packages/airflow/example_dags/example_outlet_event_extra.py
[2025-02-01T08:00:31.622+0000] {logging_mixin.py:190} INFO - [2025-02-01T08:00:31.622+0000] {dag.py:3239} INFO - Sync 3 DAGs
[2025-02-01T08:00:31.659+0000] {logging_mixin.py:190} INFO - [2025-02-01T08:00:31.659+0000] {dag.py:4180} INFO - Setting next_dagrun for dataset_with_extra_by_context to 2025-01-31 00:00:00+00:00, run_after=2025-02-01 00:00:00+00:00
[2025-02-01T08:00:31.668+0000] {logging_mixin.py:190} INFO - [2025-02-01T08:00:31.667+0000] {dag.py:4180} INFO - Setting next_dagrun for dataset_with_extra_by_yield to 2025-01-31 00:00:00+00:00, run_after=2025-02-01 00:00:00+00:00
[2025-02-01T08:00:31.672+0000] {logging_mixin.py:190} INFO - [2025-02-01T08:00:31.671+0000] {dag.py:4180} INFO - Setting next_dagrun for dataset_with_extra_from_classic_operator to 2025-01-31 00:00:00+00:00, run_after=2025-02-01 00:00:00+00:00
[2025-02-01T08:00:31.707+0000] {processor.py:208} INFO - Processing /home/airflow/.local/lib/python3.12/site-packages/airflow/example_dags/example_outlet_event_extra.py took 0.741 seconds
[2025-02-01T08:01:01.819+0000] {processor.py:186} INFO - Started process (PID=3211) to work on /home/airflow/.local/lib/python3.12/site-packages/airflow/example_dags/example_outlet_event_extra.py
[2025-02-01T08:01:01.820+0000] {processor.py:914} INFO - Processing file /home/airflow/.local/lib/python3.12/site-packages/airflow/example_dags/example_outlet_event_extra.py for tasks to queue
[2025-02-01T08:01:01.824+0000] {logging_mixin.py:190} INFO - [2025-02-01T08:01:01.824+0000] {dagbag.py:588} INFO - Filling up the DagBag from /home/airflow/.local/lib/python3.12/site-packages/airflow/example_dags/example_outlet_event_extra.py
[2025-02-01T08:01:02.466+0000] {processor.py:925} INFO - DAG(s) 'dataset_with_extra_by_yield', 'dataset_with_extra_by_context', 'dataset_with_extra_from_classic_operator' retrieved from /home/airflow/.local/lib/python3.12/site-packages/airflow/example_dags/example_outlet_event_extra.py
[2025-02-01T08:01:02.505+0000] {logging_mixin.py:190} INFO - [2025-02-01T08:01:02.504+0000] {dag.py:3239} INFO - Sync 3 DAGs
[2025-02-01T08:01:02.546+0000] {logging_mixin.py:190} INFO - [2025-02-01T08:01:02.546+0000] {dag.py:4180} INFO - Setting next_dagrun for dataset_with_extra_by_context to 2025-01-31 00:00:00+00:00, run_after=2025-02-01 00:00:00+00:00
[2025-02-01T08:01:02.554+0000] {logging_mixin.py:190} INFO - [2025-02-01T08:01:02.554+0000] {dag.py:4180} INFO - Setting next_dagrun for dataset_with_extra_by_yield to 2025-01-31 00:00:00+00:00, run_after=2025-02-01 00:00:00+00:00
[2025-02-01T08:01:02.558+0000] {logging_mixin.py:190} INFO - [2025-02-01T08:01:02.558+0000] {dag.py:4180} INFO - Setting next_dagrun for dataset_with_extra_from_classic_operator to 2025-01-31 00:00:00+00:00, run_after=2025-02-01 00:00:00+00:00
[2025-02-01T08:01:02.593+0000] {processor.py:208} INFO - Processing /home/airflow/.local/lib/python3.12/site-packages/airflow/example_dags/example_outlet_event_extra.py took 0.784 seconds
[2025-02-01T08:01:32.744+0000] {processor.py:186} INFO - Started process (PID=3270) to work on /home/airflow/.local/lib/python3.12/site-packages/airflow/example_dags/example_outlet_event_extra.py
[2025-02-01T08:01:32.746+0000] {processor.py:914} INFO - Processing file /home/airflow/.local/lib/python3.12/site-packages/airflow/example_dags/example_outlet_event_extra.py for tasks to queue
[2025-02-01T08:01:32.752+0000] {logging_mixin.py:190} INFO - [2025-02-01T08:01:32.751+0000] {dagbag.py:588} INFO - Filling up the DagBag from /home/airflow/.local/lib/python3.12/site-packages/airflow/example_dags/example_outlet_event_extra.py
[2025-02-01T08:01:33.344+0000] {processor.py:925} INFO - DAG(s) 'dataset_with_extra_by_yield', 'dataset_with_extra_from_classic_operator', 'dataset_with_extra_by_context' retrieved from /home/airflow/.local/lib/python3.12/site-packages/airflow/example_dags/example_outlet_event_extra.py
[2025-02-01T08:01:33.379+0000] {logging_mixin.py:190} INFO - [2025-02-01T08:01:33.379+0000] {dag.py:3239} INFO - Sync 3 DAGs
[2025-02-01T08:01:33.414+0000] {logging_mixin.py:190} INFO - [2025-02-01T08:01:33.414+0000] {dag.py:4180} INFO - Setting next_dagrun for dataset_with_extra_by_context to 2025-01-31 00:00:00+00:00, run_after=2025-02-01 00:00:00+00:00
[2025-02-01T08:01:33.422+0000] {logging_mixin.py:190} INFO - [2025-02-01T08:01:33.422+0000] {dag.py:4180} INFO - Setting next_dagrun for dataset_with_extra_by_yield to 2025-01-31 00:00:00+00:00, run_after=2025-02-01 00:00:00+00:00
[2025-02-01T08:01:33.427+0000] {logging_mixin.py:190} INFO - [2025-02-01T08:01:33.427+0000] {dag.py:4180} INFO - Setting next_dagrun for dataset_with_extra_from_classic_operator to 2025-01-31 00:00:00+00:00, run_after=2025-02-01 00:00:00+00:00
[2025-02-01T08:01:33.465+0000] {processor.py:208} INFO - Processing /home/airflow/.local/lib/python3.12/site-packages/airflow/example_dags/example_outlet_event_extra.py took 0.735 seconds
