[2025-02-01T07:36:58.184+0000] {processor.py:186} INFO - Started process (PID=146) to work on /home/airflow/.local/lib/python3.12/site-packages/airflow/example_dags/example_display_name.py
[2025-02-01T07:36:58.186+0000] {processor.py:914} INFO - Processing file /home/airflow/.local/lib/python3.12/site-packages/airflow/example_dags/example_display_name.py for tasks to queue
[2025-02-01T07:36:58.191+0000] {logging_mixin.py:190} INFO - [2025-02-01T07:36:58.191+0000] {dagbag.py:588} INFO - Filling up the DagBag from /home/airflow/.local/lib/python3.12/site-packages/airflow/example_dags/example_display_name.py
[2025-02-01T07:36:58.209+0000] {processor.py:925} INFO - DAG(s) 'example_display_name' retrieved from /home/airflow/.local/lib/python3.12/site-packages/airflow/example_dags/example_display_name.py
[2025-02-01T07:36:58.236+0000] {logging_mixin.py:190} INFO - [2025-02-01T07:36:58.236+0000] {dag.py:3239} INFO - Sync 1 DAGs
[2025-02-01T07:36:58.258+0000] {logging_mixin.py:190} INFO - [2025-02-01T07:36:58.258+0000] {dag.py:4180} INFO - Setting next_dagrun for example_display_name to None, run_after=None
[2025-02-01T07:36:58.294+0000] {processor.py:208} INFO - Processing /home/airflow/.local/lib/python3.12/site-packages/airflow/example_dags/example_display_name.py took 0.122 seconds
[2025-02-01T07:37:29.315+0000] {processor.py:186} INFO - Started process (PID=216) to work on /home/airflow/.local/lib/python3.12/site-packages/airflow/example_dags/example_display_name.py
[2025-02-01T07:37:29.317+0000] {processor.py:914} INFO - Processing file /home/airflow/.local/lib/python3.12/site-packages/airflow/example_dags/example_display_name.py for tasks to queue
[2025-02-01T07:37:29.321+0000] {logging_mixin.py:190} INFO - [2025-02-01T07:37:29.320+0000] {dagbag.py:588} INFO - Filling up the DagBag from /home/airflow/.local/lib/python3.12/site-packages/airflow/example_dags/example_display_name.py
[2025-02-01T07:37:29.337+0000] {processor.py:925} INFO - DAG(s) 'example_display_name' retrieved from /home/airflow/.local/lib/python3.12/site-packages/airflow/example_dags/example_display_name.py
[2025-02-01T07:37:29.369+0000] {logging_mixin.py:190} INFO - [2025-02-01T07:37:29.368+0000] {dag.py:3239} INFO - Sync 1 DAGs
[2025-02-01T07:37:29.405+0000] {logging_mixin.py:190} INFO - [2025-02-01T07:37:29.404+0000] {dag.py:4180} INFO - Setting next_dagrun for example_display_name to None, run_after=None
[2025-02-01T07:37:29.437+0000] {processor.py:208} INFO - Processing /home/airflow/.local/lib/python3.12/site-packages/airflow/example_dags/example_display_name.py took 0.135 seconds
[2025-02-01T07:37:59.815+0000] {processor.py:186} INFO - Started process (PID=282) to work on /home/airflow/.local/lib/python3.12/site-packages/airflow/example_dags/example_display_name.py
[2025-02-01T07:37:59.819+0000] {processor.py:914} INFO - Processing file /home/airflow/.local/lib/python3.12/site-packages/airflow/example_dags/example_display_name.py for tasks to queue
[2025-02-01T07:37:59.823+0000] {logging_mixin.py:190} INFO - [2025-02-01T07:37:59.822+0000] {dagbag.py:588} INFO - Filling up the DagBag from /home/airflow/.local/lib/python3.12/site-packages/airflow/example_dags/example_display_name.py
[2025-02-01T07:37:59.838+0000] {processor.py:925} INFO - DAG(s) 'example_display_name' retrieved from /home/airflow/.local/lib/python3.12/site-packages/airflow/example_dags/example_display_name.py
[2025-02-01T07:37:59.871+0000] {logging_mixin.py:190} INFO - [2025-02-01T07:37:59.871+0000] {dag.py:3239} INFO - Sync 1 DAGs
[2025-02-01T07:37:59.889+0000] {logging_mixin.py:190} INFO - [2025-02-01T07:37:59.889+0000] {dag.py:4180} INFO - Setting next_dagrun for example_display_name to None, run_after=None
[2025-02-01T07:37:59.918+0000] {processor.py:208} INFO - Processing /home/airflow/.local/lib/python3.12/site-packages/airflow/example_dags/example_display_name.py took 0.114 seconds
[2025-02-01T07:38:30.556+0000] {processor.py:186} INFO - Started process (PID=348) to work on /home/airflow/.local/lib/python3.12/site-packages/airflow/example_dags/example_display_name.py
[2025-02-01T07:38:30.558+0000] {processor.py:914} INFO - Processing file /home/airflow/.local/lib/python3.12/site-packages/airflow/example_dags/example_display_name.py for tasks to queue
[2025-02-01T07:38:30.562+0000] {logging_mixin.py:190} INFO - [2025-02-01T07:38:30.562+0000] {dagbag.py:588} INFO - Filling up the DagBag from /home/airflow/.local/lib/python3.12/site-packages/airflow/example_dags/example_display_name.py
[2025-02-01T07:38:30.573+0000] {processor.py:925} INFO - DAG(s) 'example_display_name' retrieved from /home/airflow/.local/lib/python3.12/site-packages/airflow/example_dags/example_display_name.py
[2025-02-01T07:38:30.601+0000] {logging_mixin.py:190} INFO - [2025-02-01T07:38:30.600+0000] {dag.py:3239} INFO - Sync 1 DAGs
[2025-02-01T07:38:30.623+0000] {logging_mixin.py:190} INFO - [2025-02-01T07:38:30.623+0000] {dag.py:4180} INFO - Setting next_dagrun for example_display_name to None, run_after=None
[2025-02-01T07:38:30.658+0000] {processor.py:208} INFO - Processing /home/airflow/.local/lib/python3.12/site-packages/airflow/example_dags/example_display_name.py took 0.113 seconds
[2025-02-01T07:39:02.515+0000] {processor.py:186} INFO - Started process (PID=414) to work on /home/airflow/.local/lib/python3.12/site-packages/airflow/example_dags/example_display_name.py
[2025-02-01T07:39:02.517+0000] {processor.py:914} INFO - Processing file /home/airflow/.local/lib/python3.12/site-packages/airflow/example_dags/example_display_name.py for tasks to queue
[2025-02-01T07:39:02.522+0000] {logging_mixin.py:190} INFO - [2025-02-01T07:39:02.521+0000] {dagbag.py:588} INFO - Filling up the DagBag from /home/airflow/.local/lib/python3.12/site-packages/airflow/example_dags/example_display_name.py
[2025-02-01T07:39:02.533+0000] {processor.py:925} INFO - DAG(s) 'example_display_name' retrieved from /home/airflow/.local/lib/python3.12/site-packages/airflow/example_dags/example_display_name.py
[2025-02-01T07:39:02.561+0000] {logging_mixin.py:190} INFO - [2025-02-01T07:39:02.560+0000] {dag.py:3239} INFO - Sync 1 DAGs
[2025-02-01T07:39:02.585+0000] {logging_mixin.py:190} INFO - [2025-02-01T07:39:02.585+0000] {dag.py:4180} INFO - Setting next_dagrun for example_display_name to None, run_after=None
[2025-02-01T07:39:02.611+0000] {processor.py:208} INFO - Processing /home/airflow/.local/lib/python3.12/site-packages/airflow/example_dags/example_display_name.py took 0.108 seconds
[2025-02-01T07:39:34.793+0000] {processor.py:186} INFO - Started process (PID=486) to work on /home/airflow/.local/lib/python3.12/site-packages/airflow/example_dags/example_display_name.py
[2025-02-01T07:39:34.794+0000] {processor.py:914} INFO - Processing file /home/airflow/.local/lib/python3.12/site-packages/airflow/example_dags/example_display_name.py for tasks to queue
[2025-02-01T07:39:34.799+0000] {logging_mixin.py:190} INFO - [2025-02-01T07:39:34.798+0000] {dagbag.py:588} INFO - Filling up the DagBag from /home/airflow/.local/lib/python3.12/site-packages/airflow/example_dags/example_display_name.py
[2025-02-01T07:39:34.809+0000] {processor.py:925} INFO - DAG(s) 'example_display_name' retrieved from /home/airflow/.local/lib/python3.12/site-packages/airflow/example_dags/example_display_name.py
[2025-02-01T07:39:34.837+0000] {logging_mixin.py:190} INFO - [2025-02-01T07:39:34.836+0000] {dag.py:3239} INFO - Sync 1 DAGs
[2025-02-01T07:39:34.858+0000] {logging_mixin.py:190} INFO - [2025-02-01T07:39:34.858+0000] {dag.py:4180} INFO - Setting next_dagrun for example_display_name to None, run_after=None
[2025-02-01T07:39:34.884+0000] {processor.py:208} INFO - Processing /home/airflow/.local/lib/python3.12/site-packages/airflow/example_dags/example_display_name.py took 0.100 seconds
[2025-02-01T07:40:05.803+0000] {processor.py:186} INFO - Started process (PID=552) to work on /home/airflow/.local/lib/python3.12/site-packages/airflow/example_dags/example_display_name.py
[2025-02-01T07:40:05.804+0000] {processor.py:914} INFO - Processing file /home/airflow/.local/lib/python3.12/site-packages/airflow/example_dags/example_display_name.py for tasks to queue
[2025-02-01T07:40:05.808+0000] {logging_mixin.py:190} INFO - [2025-02-01T07:40:05.807+0000] {dagbag.py:588} INFO - Filling up the DagBag from /home/airflow/.local/lib/python3.12/site-packages/airflow/example_dags/example_display_name.py
[2025-02-01T07:40:05.818+0000] {processor.py:925} INFO - DAG(s) 'example_display_name' retrieved from /home/airflow/.local/lib/python3.12/site-packages/airflow/example_dags/example_display_name.py
[2025-02-01T07:40:05.840+0000] {logging_mixin.py:190} INFO - [2025-02-01T07:40:05.840+0000] {dag.py:3239} INFO - Sync 1 DAGs
[2025-02-01T07:40:05.861+0000] {logging_mixin.py:190} INFO - [2025-02-01T07:40:05.860+0000] {dag.py:4180} INFO - Setting next_dagrun for example_display_name to None, run_after=None
[2025-02-01T07:40:05.894+0000] {processor.py:208} INFO - Processing /home/airflow/.local/lib/python3.12/site-packages/airflow/example_dags/example_display_name.py took 0.102 seconds
[2025-02-01T07:40:36.306+0000] {processor.py:186} INFO - Started process (PID=618) to work on /home/airflow/.local/lib/python3.12/site-packages/airflow/example_dags/example_display_name.py
[2025-02-01T07:40:36.307+0000] {processor.py:914} INFO - Processing file /home/airflow/.local/lib/python3.12/site-packages/airflow/example_dags/example_display_name.py for tasks to queue
[2025-02-01T07:40:36.310+0000] {logging_mixin.py:190} INFO - [2025-02-01T07:40:36.310+0000] {dagbag.py:588} INFO - Filling up the DagBag from /home/airflow/.local/lib/python3.12/site-packages/airflow/example_dags/example_display_name.py
[2025-02-01T07:40:36.322+0000] {processor.py:925} INFO - DAG(s) 'example_display_name' retrieved from /home/airflow/.local/lib/python3.12/site-packages/airflow/example_dags/example_display_name.py
[2025-02-01T07:40:36.346+0000] {logging_mixin.py:190} INFO - [2025-02-01T07:40:36.346+0000] {dag.py:3239} INFO - Sync 1 DAGs
[2025-02-01T07:40:36.364+0000] {logging_mixin.py:190} INFO - [2025-02-01T07:40:36.363+0000] {dag.py:4180} INFO - Setting next_dagrun for example_display_name to None, run_after=None
[2025-02-01T07:40:36.391+0000] {processor.py:208} INFO - Processing /home/airflow/.local/lib/python3.12/site-packages/airflow/example_dags/example_display_name.py took 0.095 seconds
[2025-02-01T07:41:07.467+0000] {processor.py:186} INFO - Started process (PID=683) to work on /home/airflow/.local/lib/python3.12/site-packages/airflow/example_dags/example_display_name.py
[2025-02-01T07:41:07.469+0000] {processor.py:914} INFO - Processing file /home/airflow/.local/lib/python3.12/site-packages/airflow/example_dags/example_display_name.py for tasks to queue
[2025-02-01T07:41:07.473+0000] {logging_mixin.py:190} INFO - [2025-02-01T07:41:07.473+0000] {dagbag.py:588} INFO - Filling up the DagBag from /home/airflow/.local/lib/python3.12/site-packages/airflow/example_dags/example_display_name.py
[2025-02-01T07:41:07.483+0000] {processor.py:925} INFO - DAG(s) 'example_display_name' retrieved from /home/airflow/.local/lib/python3.12/site-packages/airflow/example_dags/example_display_name.py
[2025-02-01T07:41:07.519+0000] {logging_mixin.py:190} INFO - [2025-02-01T07:41:07.518+0000] {dag.py:3239} INFO - Sync 1 DAGs
[2025-02-01T07:41:07.547+0000] {logging_mixin.py:190} INFO - [2025-02-01T07:41:07.546+0000] {dag.py:4180} INFO - Setting next_dagrun for example_display_name to None, run_after=None
[2025-02-01T07:41:07.584+0000] {processor.py:208} INFO - Processing /home/airflow/.local/lib/python3.12/site-packages/airflow/example_dags/example_display_name.py took 0.127 seconds
[2025-02-01T07:41:39.194+0000] {processor.py:186} INFO - Started process (PID=749) to work on /home/airflow/.local/lib/python3.12/site-packages/airflow/example_dags/example_display_name.py
[2025-02-01T07:41:39.195+0000] {processor.py:914} INFO - Processing file /home/airflow/.local/lib/python3.12/site-packages/airflow/example_dags/example_display_name.py for tasks to queue
[2025-02-01T07:41:39.199+0000] {logging_mixin.py:190} INFO - [2025-02-01T07:41:39.198+0000] {dagbag.py:588} INFO - Filling up the DagBag from /home/airflow/.local/lib/python3.12/site-packages/airflow/example_dags/example_display_name.py
[2025-02-01T07:41:39.210+0000] {processor.py:925} INFO - DAG(s) 'example_display_name' retrieved from /home/airflow/.local/lib/python3.12/site-packages/airflow/example_dags/example_display_name.py
[2025-02-01T07:41:39.240+0000] {logging_mixin.py:190} INFO - [2025-02-01T07:41:39.240+0000] {dag.py:3239} INFO - Sync 1 DAGs
[2025-02-01T07:41:39.260+0000] {logging_mixin.py:190} INFO - [2025-02-01T07:41:39.260+0000] {dag.py:4180} INFO - Setting next_dagrun for example_display_name to None, run_after=None
[2025-02-01T07:41:39.286+0000] {processor.py:208} INFO - Processing /home/airflow/.local/lib/python3.12/site-packages/airflow/example_dags/example_display_name.py took 0.103 seconds
[2025-02-01T07:42:10.714+0000] {processor.py:186} INFO - Started process (PID=815) to work on /home/airflow/.local/lib/python3.12/site-packages/airflow/example_dags/example_display_name.py
[2025-02-01T07:42:10.715+0000] {processor.py:914} INFO - Processing file /home/airflow/.local/lib/python3.12/site-packages/airflow/example_dags/example_display_name.py for tasks to queue
[2025-02-01T07:42:10.718+0000] {logging_mixin.py:190} INFO - [2025-02-01T07:42:10.717+0000] {dagbag.py:588} INFO - Filling up the DagBag from /home/airflow/.local/lib/python3.12/site-packages/airflow/example_dags/example_display_name.py
[2025-02-01T07:42:10.728+0000] {processor.py:925} INFO - DAG(s) 'example_display_name' retrieved from /home/airflow/.local/lib/python3.12/site-packages/airflow/example_dags/example_display_name.py
[2025-02-01T07:42:10.752+0000] {logging_mixin.py:190} INFO - [2025-02-01T07:42:10.752+0000] {dag.py:3239} INFO - Sync 1 DAGs
[2025-02-01T07:42:10.774+0000] {logging_mixin.py:190} INFO - [2025-02-01T07:42:10.774+0000] {dag.py:4180} INFO - Setting next_dagrun for example_display_name to None, run_after=None
[2025-02-01T07:42:10.805+0000] {processor.py:208} INFO - Processing /home/airflow/.local/lib/python3.12/site-packages/airflow/example_dags/example_display_name.py took 0.099 seconds
[2025-02-01T07:42:42.319+0000] {processor.py:186} INFO - Started process (PID=881) to work on /home/airflow/.local/lib/python3.12/site-packages/airflow/example_dags/example_display_name.py
[2025-02-01T07:42:42.320+0000] {processor.py:914} INFO - Processing file /home/airflow/.local/lib/python3.12/site-packages/airflow/example_dags/example_display_name.py for tasks to queue
[2025-02-01T07:42:42.323+0000] {logging_mixin.py:190} INFO - [2025-02-01T07:42:42.323+0000] {dagbag.py:588} INFO - Filling up the DagBag from /home/airflow/.local/lib/python3.12/site-packages/airflow/example_dags/example_display_name.py
[2025-02-01T07:42:42.335+0000] {processor.py:925} INFO - DAG(s) 'example_display_name' retrieved from /home/airflow/.local/lib/python3.12/site-packages/airflow/example_dags/example_display_name.py
[2025-02-01T07:42:42.357+0000] {logging_mixin.py:190} INFO - [2025-02-01T07:42:42.356+0000] {dag.py:3239} INFO - Sync 1 DAGs
[2025-02-01T07:42:42.377+0000] {logging_mixin.py:190} INFO - [2025-02-01T07:42:42.376+0000] {dag.py:4180} INFO - Setting next_dagrun for example_display_name to None, run_after=None
[2025-02-01T07:42:42.399+0000] {processor.py:208} INFO - Processing /home/airflow/.local/lib/python3.12/site-packages/airflow/example_dags/example_display_name.py took 0.090 seconds
[2025-02-01T07:43:13.491+0000] {processor.py:186} INFO - Started process (PID=947) to work on /home/airflow/.local/lib/python3.12/site-packages/airflow/example_dags/example_display_name.py
[2025-02-01T07:43:13.492+0000] {processor.py:914} INFO - Processing file /home/airflow/.local/lib/python3.12/site-packages/airflow/example_dags/example_display_name.py for tasks to queue
[2025-02-01T07:43:13.496+0000] {logging_mixin.py:190} INFO - [2025-02-01T07:43:13.495+0000] {dagbag.py:588} INFO - Filling up the DagBag from /home/airflow/.local/lib/python3.12/site-packages/airflow/example_dags/example_display_name.py
[2025-02-01T07:43:13.507+0000] {processor.py:925} INFO - DAG(s) 'example_display_name' retrieved from /home/airflow/.local/lib/python3.12/site-packages/airflow/example_dags/example_display_name.py
[2025-02-01T07:43:13.532+0000] {logging_mixin.py:190} INFO - [2025-02-01T07:43:13.531+0000] {dag.py:3239} INFO - Sync 1 DAGs
[2025-02-01T07:43:13.551+0000] {logging_mixin.py:190} INFO - [2025-02-01T07:43:13.551+0000] {dag.py:4180} INFO - Setting next_dagrun for example_display_name to None, run_after=None
[2025-02-01T07:43:13.581+0000] {processor.py:208} INFO - Processing /home/airflow/.local/lib/python3.12/site-packages/airflow/example_dags/example_display_name.py took 0.100 seconds
[2025-02-01T07:43:44.811+0000] {processor.py:186} INFO - Started process (PID=1013) to work on /home/airflow/.local/lib/python3.12/site-packages/airflow/example_dags/example_display_name.py
[2025-02-01T07:43:44.812+0000] {processor.py:914} INFO - Processing file /home/airflow/.local/lib/python3.12/site-packages/airflow/example_dags/example_display_name.py for tasks to queue
[2025-02-01T07:43:44.816+0000] {logging_mixin.py:190} INFO - [2025-02-01T07:43:44.815+0000] {dagbag.py:588} INFO - Filling up the DagBag from /home/airflow/.local/lib/python3.12/site-packages/airflow/example_dags/example_display_name.py
[2025-02-01T07:43:44.826+0000] {processor.py:925} INFO - DAG(s) 'example_display_name' retrieved from /home/airflow/.local/lib/python3.12/site-packages/airflow/example_dags/example_display_name.py
[2025-02-01T07:43:44.855+0000] {logging_mixin.py:190} INFO - [2025-02-01T07:43:44.855+0000] {dag.py:3239} INFO - Sync 1 DAGs
[2025-02-01T07:43:44.876+0000] {logging_mixin.py:190} INFO - [2025-02-01T07:43:44.876+0000] {dag.py:4180} INFO - Setting next_dagrun for example_display_name to None, run_after=None
[2025-02-01T07:43:44.900+0000] {processor.py:208} INFO - Processing /home/airflow/.local/lib/python3.12/site-packages/airflow/example_dags/example_display_name.py took 0.099 seconds
[2025-02-01T07:44:17.422+0000] {processor.py:186} INFO - Started process (PID=1079) to work on /home/airflow/.local/lib/python3.12/site-packages/airflow/example_dags/example_display_name.py
[2025-02-01T07:44:17.424+0000] {processor.py:914} INFO - Processing file /home/airflow/.local/lib/python3.12/site-packages/airflow/example_dags/example_display_name.py for tasks to queue
[2025-02-01T07:44:17.429+0000] {logging_mixin.py:190} INFO - [2025-02-01T07:44:17.428+0000] {dagbag.py:588} INFO - Filling up the DagBag from /home/airflow/.local/lib/python3.12/site-packages/airflow/example_dags/example_display_name.py
[2025-02-01T07:44:17.443+0000] {processor.py:925} INFO - DAG(s) 'example_display_name' retrieved from /home/airflow/.local/lib/python3.12/site-packages/airflow/example_dags/example_display_name.py
[2025-02-01T07:44:17.479+0000] {logging_mixin.py:190} INFO - [2025-02-01T07:44:17.479+0000] {dag.py:3239} INFO - Sync 1 DAGs
[2025-02-01T07:44:17.502+0000] {logging_mixin.py:190} INFO - [2025-02-01T07:44:17.502+0000] {dag.py:4180} INFO - Setting next_dagrun for example_display_name to None, run_after=None
[2025-02-01T07:44:17.536+0000] {processor.py:208} INFO - Processing /home/airflow/.local/lib/python3.12/site-packages/airflow/example_dags/example_display_name.py took 0.128 seconds
[2025-02-01T07:44:48.416+0000] {processor.py:186} INFO - Started process (PID=1145) to work on /home/airflow/.local/lib/python3.12/site-packages/airflow/example_dags/example_display_name.py
[2025-02-01T07:44:48.417+0000] {processor.py:914} INFO - Processing file /home/airflow/.local/lib/python3.12/site-packages/airflow/example_dags/example_display_name.py for tasks to queue
[2025-02-01T07:44:48.420+0000] {logging_mixin.py:190} INFO - [2025-02-01T07:44:48.420+0000] {dagbag.py:588} INFO - Filling up the DagBag from /home/airflow/.local/lib/python3.12/site-packages/airflow/example_dags/example_display_name.py
[2025-02-01T07:44:48.431+0000] {processor.py:925} INFO - DAG(s) 'example_display_name' retrieved from /home/airflow/.local/lib/python3.12/site-packages/airflow/example_dags/example_display_name.py
[2025-02-01T07:44:48.458+0000] {logging_mixin.py:190} INFO - [2025-02-01T07:44:48.457+0000] {dag.py:3239} INFO - Sync 1 DAGs
[2025-02-01T07:44:48.479+0000] {logging_mixin.py:190} INFO - [2025-02-01T07:44:48.479+0000] {dag.py:4180} INFO - Setting next_dagrun for example_display_name to None, run_after=None
[2025-02-01T07:44:48.509+0000] {processor.py:208} INFO - Processing /home/airflow/.local/lib/python3.12/site-packages/airflow/example_dags/example_display_name.py took 0.102 seconds
[2025-02-01T07:45:20.149+0000] {processor.py:186} INFO - Started process (PID=1211) to work on /home/airflow/.local/lib/python3.12/site-packages/airflow/example_dags/example_display_name.py
[2025-02-01T07:45:20.151+0000] {processor.py:914} INFO - Processing file /home/airflow/.local/lib/python3.12/site-packages/airflow/example_dags/example_display_name.py for tasks to queue
[2025-02-01T07:45:20.156+0000] {logging_mixin.py:190} INFO - [2025-02-01T07:45:20.155+0000] {dagbag.py:588} INFO - Filling up the DagBag from /home/airflow/.local/lib/python3.12/site-packages/airflow/example_dags/example_display_name.py
[2025-02-01T07:45:20.171+0000] {processor.py:925} INFO - DAG(s) 'example_display_name' retrieved from /home/airflow/.local/lib/python3.12/site-packages/airflow/example_dags/example_display_name.py
[2025-02-01T07:45:20.212+0000] {logging_mixin.py:190} INFO - [2025-02-01T07:45:20.211+0000] {dag.py:3239} INFO - Sync 1 DAGs
[2025-02-01T07:45:20.235+0000] {logging_mixin.py:190} INFO - [2025-02-01T07:45:20.235+0000] {dag.py:4180} INFO - Setting next_dagrun for example_display_name to None, run_after=None
[2025-02-01T07:45:20.267+0000] {processor.py:208} INFO - Processing /home/airflow/.local/lib/python3.12/site-packages/airflow/example_dags/example_display_name.py took 0.131 seconds
[2025-02-01T07:45:51.815+0000] {processor.py:186} INFO - Started process (PID=1277) to work on /home/airflow/.local/lib/python3.12/site-packages/airflow/example_dags/example_display_name.py
[2025-02-01T07:45:51.816+0000] {processor.py:914} INFO - Processing file /home/airflow/.local/lib/python3.12/site-packages/airflow/example_dags/example_display_name.py for tasks to queue
[2025-02-01T07:45:51.820+0000] {logging_mixin.py:190} INFO - [2025-02-01T07:45:51.819+0000] {dagbag.py:588} INFO - Filling up the DagBag from /home/airflow/.local/lib/python3.12/site-packages/airflow/example_dags/example_display_name.py
[2025-02-01T07:45:51.832+0000] {processor.py:925} INFO - DAG(s) 'example_display_name' retrieved from /home/airflow/.local/lib/python3.12/site-packages/airflow/example_dags/example_display_name.py
[2025-02-01T07:45:51.863+0000] {logging_mixin.py:190} INFO - [2025-02-01T07:45:51.863+0000] {dag.py:3239} INFO - Sync 1 DAGs
[2025-02-01T07:45:51.891+0000] {logging_mixin.py:190} INFO - [2025-02-01T07:45:51.891+0000] {dag.py:4180} INFO - Setting next_dagrun for example_display_name to None, run_after=None
[2025-02-01T07:45:51.935+0000] {processor.py:208} INFO - Processing /home/airflow/.local/lib/python3.12/site-packages/airflow/example_dags/example_display_name.py took 0.132 seconds
[2025-02-01T07:46:22.378+0000] {processor.py:186} INFO - Started process (PID=1343) to work on /home/airflow/.local/lib/python3.12/site-packages/airflow/example_dags/example_display_name.py
[2025-02-01T07:46:22.380+0000] {processor.py:914} INFO - Processing file /home/airflow/.local/lib/python3.12/site-packages/airflow/example_dags/example_display_name.py for tasks to queue
[2025-02-01T07:46:22.383+0000] {logging_mixin.py:190} INFO - [2025-02-01T07:46:22.383+0000] {dagbag.py:588} INFO - Filling up the DagBag from /home/airflow/.local/lib/python3.12/site-packages/airflow/example_dags/example_display_name.py
[2025-02-01T07:46:22.396+0000] {processor.py:925} INFO - DAG(s) 'example_display_name' retrieved from /home/airflow/.local/lib/python3.12/site-packages/airflow/example_dags/example_display_name.py
[2025-02-01T07:46:22.423+0000] {logging_mixin.py:190} INFO - [2025-02-01T07:46:22.423+0000] {dag.py:3239} INFO - Sync 1 DAGs
[2025-02-01T07:46:22.444+0000] {logging_mixin.py:190} INFO - [2025-02-01T07:46:22.444+0000] {dag.py:4180} INFO - Setting next_dagrun for example_display_name to None, run_after=None
[2025-02-01T07:46:22.481+0000] {processor.py:208} INFO - Processing /home/airflow/.local/lib/python3.12/site-packages/airflow/example_dags/example_display_name.py took 0.113 seconds
[2025-02-01T07:46:53.793+0000] {processor.py:186} INFO - Started process (PID=1409) to work on /home/airflow/.local/lib/python3.12/site-packages/airflow/example_dags/example_display_name.py
[2025-02-01T07:46:53.795+0000] {processor.py:914} INFO - Processing file /home/airflow/.local/lib/python3.12/site-packages/airflow/example_dags/example_display_name.py for tasks to queue
[2025-02-01T07:46:53.798+0000] {logging_mixin.py:190} INFO - [2025-02-01T07:46:53.797+0000] {dagbag.py:588} INFO - Filling up the DagBag from /home/airflow/.local/lib/python3.12/site-packages/airflow/example_dags/example_display_name.py
[2025-02-01T07:46:53.809+0000] {processor.py:925} INFO - DAG(s) 'example_display_name' retrieved from /home/airflow/.local/lib/python3.12/site-packages/airflow/example_dags/example_display_name.py
[2025-02-01T07:46:53.833+0000] {logging_mixin.py:190} INFO - [2025-02-01T07:46:53.832+0000] {dag.py:3239} INFO - Sync 1 DAGs
[2025-02-01T07:46:53.851+0000] {logging_mixin.py:190} INFO - [2025-02-01T07:46:53.851+0000] {dag.py:4180} INFO - Setting next_dagrun for example_display_name to None, run_after=None
[2025-02-01T07:46:53.879+0000] {processor.py:208} INFO - Processing /home/airflow/.local/lib/python3.12/site-packages/airflow/example_dags/example_display_name.py took 0.096 seconds
[2025-02-01T07:47:25.589+0000] {processor.py:186} INFO - Started process (PID=1475) to work on /home/airflow/.local/lib/python3.12/site-packages/airflow/example_dags/example_display_name.py
[2025-02-01T07:47:25.591+0000] {processor.py:914} INFO - Processing file /home/airflow/.local/lib/python3.12/site-packages/airflow/example_dags/example_display_name.py for tasks to queue
[2025-02-01T07:47:25.594+0000] {logging_mixin.py:190} INFO - [2025-02-01T07:47:25.594+0000] {dagbag.py:588} INFO - Filling up the DagBag from /home/airflow/.local/lib/python3.12/site-packages/airflow/example_dags/example_display_name.py
[2025-02-01T07:47:25.604+0000] {processor.py:925} INFO - DAG(s) 'example_display_name' retrieved from /home/airflow/.local/lib/python3.12/site-packages/airflow/example_dags/example_display_name.py
[2025-02-01T07:47:25.631+0000] {logging_mixin.py:190} INFO - [2025-02-01T07:47:25.630+0000] {dag.py:3239} INFO - Sync 1 DAGs
[2025-02-01T07:47:25.651+0000] {logging_mixin.py:190} INFO - [2025-02-01T07:47:25.651+0000] {dag.py:4180} INFO - Setting next_dagrun for example_display_name to None, run_after=None
[2025-02-01T07:47:25.676+0000] {processor.py:208} INFO - Processing /home/airflow/.local/lib/python3.12/site-packages/airflow/example_dags/example_display_name.py took 0.097 seconds
[2025-02-01T07:47:57.396+0000] {processor.py:186} INFO - Started process (PID=1541) to work on /home/airflow/.local/lib/python3.12/site-packages/airflow/example_dags/example_display_name.py
[2025-02-01T07:47:57.398+0000] {processor.py:914} INFO - Processing file /home/airflow/.local/lib/python3.12/site-packages/airflow/example_dags/example_display_name.py for tasks to queue
[2025-02-01T07:47:57.402+0000] {logging_mixin.py:190} INFO - [2025-02-01T07:47:57.401+0000] {dagbag.py:588} INFO - Filling up the DagBag from /home/airflow/.local/lib/python3.12/site-packages/airflow/example_dags/example_display_name.py
[2025-02-01T07:47:57.414+0000] {processor.py:925} INFO - DAG(s) 'example_display_name' retrieved from /home/airflow/.local/lib/python3.12/site-packages/airflow/example_dags/example_display_name.py
[2025-02-01T07:47:57.441+0000] {logging_mixin.py:190} INFO - [2025-02-01T07:47:57.440+0000] {dag.py:3239} INFO - Sync 1 DAGs
[2025-02-01T07:47:57.460+0000] {logging_mixin.py:190} INFO - [2025-02-01T07:47:57.459+0000] {dag.py:4180} INFO - Setting next_dagrun for example_display_name to None, run_after=None
[2025-02-01T07:47:57.489+0000] {processor.py:208} INFO - Processing /home/airflow/.local/lib/python3.12/site-packages/airflow/example_dags/example_display_name.py took 0.107 seconds
[2025-02-01T07:48:27.799+0000] {processor.py:186} INFO - Started process (PID=1607) to work on /home/airflow/.local/lib/python3.12/site-packages/airflow/example_dags/example_display_name.py
[2025-02-01T07:48:27.800+0000] {processor.py:914} INFO - Processing file /home/airflow/.local/lib/python3.12/site-packages/airflow/example_dags/example_display_name.py for tasks to queue
[2025-02-01T07:48:27.803+0000] {logging_mixin.py:190} INFO - [2025-02-01T07:48:27.802+0000] {dagbag.py:588} INFO - Filling up the DagBag from /home/airflow/.local/lib/python3.12/site-packages/airflow/example_dags/example_display_name.py
[2025-02-01T07:48:27.816+0000] {processor.py:925} INFO - DAG(s) 'example_display_name' retrieved from /home/airflow/.local/lib/python3.12/site-packages/airflow/example_dags/example_display_name.py
[2025-02-01T07:48:27.846+0000] {logging_mixin.py:190} INFO - [2025-02-01T07:48:27.845+0000] {dag.py:3239} INFO - Sync 1 DAGs
[2025-02-01T07:48:27.868+0000] {logging_mixin.py:190} INFO - [2025-02-01T07:48:27.868+0000] {dag.py:4180} INFO - Setting next_dagrun for example_display_name to None, run_after=None
[2025-02-01T07:48:27.893+0000] {processor.py:208} INFO - Processing /home/airflow/.local/lib/python3.12/site-packages/airflow/example_dags/example_display_name.py took 0.104 seconds
[2025-02-01T07:48:59.289+0000] {processor.py:186} INFO - Started process (PID=1673) to work on /home/airflow/.local/lib/python3.12/site-packages/airflow/example_dags/example_display_name.py
[2025-02-01T07:48:59.290+0000] {processor.py:914} INFO - Processing file /home/airflow/.local/lib/python3.12/site-packages/airflow/example_dags/example_display_name.py for tasks to queue
[2025-02-01T07:48:59.294+0000] {logging_mixin.py:190} INFO - [2025-02-01T07:48:59.293+0000] {dagbag.py:588} INFO - Filling up the DagBag from /home/airflow/.local/lib/python3.12/site-packages/airflow/example_dags/example_display_name.py
[2025-02-01T07:48:59.304+0000] {processor.py:925} INFO - DAG(s) 'example_display_name' retrieved from /home/airflow/.local/lib/python3.12/site-packages/airflow/example_dags/example_display_name.py
[2025-02-01T07:48:59.329+0000] {logging_mixin.py:190} INFO - [2025-02-01T07:48:59.329+0000] {dag.py:3239} INFO - Sync 1 DAGs
[2025-02-01T07:48:59.351+0000] {logging_mixin.py:190} INFO - [2025-02-01T07:48:59.351+0000] {dag.py:4180} INFO - Setting next_dagrun for example_display_name to None, run_after=None
[2025-02-01T07:48:59.376+0000] {processor.py:208} INFO - Processing /home/airflow/.local/lib/python3.12/site-packages/airflow/example_dags/example_display_name.py took 0.096 seconds
[2025-02-01T07:49:30.721+0000] {processor.py:186} INFO - Started process (PID=1739) to work on /home/airflow/.local/lib/python3.12/site-packages/airflow/example_dags/example_display_name.py
[2025-02-01T07:49:30.722+0000] {processor.py:914} INFO - Processing file /home/airflow/.local/lib/python3.12/site-packages/airflow/example_dags/example_display_name.py for tasks to queue
[2025-02-01T07:49:30.725+0000] {logging_mixin.py:190} INFO - [2025-02-01T07:49:30.725+0000] {dagbag.py:588} INFO - Filling up the DagBag from /home/airflow/.local/lib/python3.12/site-packages/airflow/example_dags/example_display_name.py
[2025-02-01T07:49:30.736+0000] {processor.py:925} INFO - DAG(s) 'example_display_name' retrieved from /home/airflow/.local/lib/python3.12/site-packages/airflow/example_dags/example_display_name.py
[2025-02-01T07:49:30.762+0000] {logging_mixin.py:190} INFO - [2025-02-01T07:49:30.762+0000] {dag.py:3239} INFO - Sync 1 DAGs
[2025-02-01T07:49:30.780+0000] {logging_mixin.py:190} INFO - [2025-02-01T07:49:30.780+0000] {dag.py:4180} INFO - Setting next_dagrun for example_display_name to None, run_after=None
[2025-02-01T07:49:30.804+0000] {processor.py:208} INFO - Processing /home/airflow/.local/lib/python3.12/site-packages/airflow/example_dags/example_display_name.py took 0.092 seconds
[2025-02-01T07:50:02.169+0000] {processor.py:186} INFO - Started process (PID=1805) to work on /home/airflow/.local/lib/python3.12/site-packages/airflow/example_dags/example_display_name.py
[2025-02-01T07:50:02.170+0000] {processor.py:914} INFO - Processing file /home/airflow/.local/lib/python3.12/site-packages/airflow/example_dags/example_display_name.py for tasks to queue
[2025-02-01T07:50:02.174+0000] {logging_mixin.py:190} INFO - [2025-02-01T07:50:02.173+0000] {dagbag.py:588} INFO - Filling up the DagBag from /home/airflow/.local/lib/python3.12/site-packages/airflow/example_dags/example_display_name.py
[2025-02-01T07:50:02.184+0000] {processor.py:925} INFO - DAG(s) 'example_display_name' retrieved from /home/airflow/.local/lib/python3.12/site-packages/airflow/example_dags/example_display_name.py
[2025-02-01T07:50:02.211+0000] {logging_mixin.py:190} INFO - [2025-02-01T07:50:02.211+0000] {dag.py:3239} INFO - Sync 1 DAGs
[2025-02-01T07:50:02.231+0000] {logging_mixin.py:190} INFO - [2025-02-01T07:50:02.231+0000] {dag.py:4180} INFO - Setting next_dagrun for example_display_name to None, run_after=None
[2025-02-01T07:50:02.252+0000] {processor.py:208} INFO - Processing /home/airflow/.local/lib/python3.12/site-packages/airflow/example_dags/example_display_name.py took 0.095 seconds
[2025-02-01T07:50:34.284+0000] {processor.py:186} INFO - Started process (PID=1875) to work on /home/airflow/.local/lib/python3.12/site-packages/airflow/example_dags/example_display_name.py
[2025-02-01T07:50:34.286+0000] {processor.py:914} INFO - Processing file /home/airflow/.local/lib/python3.12/site-packages/airflow/example_dags/example_display_name.py for tasks to queue
[2025-02-01T07:50:34.288+0000] {logging_mixin.py:190} INFO - [2025-02-01T07:50:34.288+0000] {dagbag.py:588} INFO - Filling up the DagBag from /home/airflow/.local/lib/python3.12/site-packages/airflow/example_dags/example_display_name.py
[2025-02-01T07:50:34.299+0000] {processor.py:925} INFO - DAG(s) 'example_display_name' retrieved from /home/airflow/.local/lib/python3.12/site-packages/airflow/example_dags/example_display_name.py
[2025-02-01T07:50:34.325+0000] {logging_mixin.py:190} INFO - [2025-02-01T07:50:34.325+0000] {dag.py:3239} INFO - Sync 1 DAGs
[2025-02-01T07:50:34.344+0000] {logging_mixin.py:190} INFO - [2025-02-01T07:50:34.344+0000] {dag.py:4180} INFO - Setting next_dagrun for example_display_name to None, run_after=None
[2025-02-01T07:50:34.370+0000] {processor.py:208} INFO - Processing /home/airflow/.local/lib/python3.12/site-packages/airflow/example_dags/example_display_name.py took 0.096 seconds
[2025-02-01T07:51:05.493+0000] {processor.py:186} INFO - Started process (PID=1941) to work on /home/airflow/.local/lib/python3.12/site-packages/airflow/example_dags/example_display_name.py
[2025-02-01T07:51:05.494+0000] {processor.py:914} INFO - Processing file /home/airflow/.local/lib/python3.12/site-packages/airflow/example_dags/example_display_name.py for tasks to queue
[2025-02-01T07:51:05.497+0000] {logging_mixin.py:190} INFO - [2025-02-01T07:51:05.497+0000] {dagbag.py:588} INFO - Filling up the DagBag from /home/airflow/.local/lib/python3.12/site-packages/airflow/example_dags/example_display_name.py
[2025-02-01T07:51:05.507+0000] {processor.py:925} INFO - DAG(s) 'example_display_name' retrieved from /home/airflow/.local/lib/python3.12/site-packages/airflow/example_dags/example_display_name.py
[2025-02-01T07:51:05.530+0000] {logging_mixin.py:190} INFO - [2025-02-01T07:51:05.530+0000] {dag.py:3239} INFO - Sync 1 DAGs
[2025-02-01T07:51:05.547+0000] {logging_mixin.py:190} INFO - [2025-02-01T07:51:05.547+0000] {dag.py:4180} INFO - Setting next_dagrun for example_display_name to None, run_after=None
[2025-02-01T07:51:05.570+0000] {processor.py:208} INFO - Processing /home/airflow/.local/lib/python3.12/site-packages/airflow/example_dags/example_display_name.py took 0.088 seconds
[2025-02-01T07:51:36.605+0000] {processor.py:186} INFO - Started process (PID=2015) to work on /home/airflow/.local/lib/python3.12/site-packages/airflow/example_dags/example_display_name.py
[2025-02-01T07:51:36.607+0000] {processor.py:914} INFO - Processing file /home/airflow/.local/lib/python3.12/site-packages/airflow/example_dags/example_display_name.py for tasks to queue
[2025-02-01T07:51:36.610+0000] {logging_mixin.py:190} INFO - [2025-02-01T07:51:36.610+0000] {dagbag.py:588} INFO - Filling up the DagBag from /home/airflow/.local/lib/python3.12/site-packages/airflow/example_dags/example_display_name.py
[2025-02-01T07:51:36.620+0000] {processor.py:925} INFO - DAG(s) 'example_display_name' retrieved from /home/airflow/.local/lib/python3.12/site-packages/airflow/example_dags/example_display_name.py
[2025-02-01T07:51:36.648+0000] {logging_mixin.py:190} INFO - [2025-02-01T07:51:36.647+0000] {dag.py:3239} INFO - Sync 1 DAGs
[2025-02-01T07:51:36.669+0000] {logging_mixin.py:190} INFO - [2025-02-01T07:51:36.669+0000] {dag.py:4180} INFO - Setting next_dagrun for example_display_name to None, run_after=None
[2025-02-01T07:51:36.695+0000] {processor.py:208} INFO - Processing /home/airflow/.local/lib/python3.12/site-packages/airflow/example_dags/example_display_name.py took 0.100 seconds
[2025-02-01T07:52:08.785+0000] {processor.py:186} INFO - Started process (PID=2081) to work on /home/airflow/.local/lib/python3.12/site-packages/airflow/example_dags/example_display_name.py
[2025-02-01T07:52:08.787+0000] {processor.py:914} INFO - Processing file /home/airflow/.local/lib/python3.12/site-packages/airflow/example_dags/example_display_name.py for tasks to queue
[2025-02-01T07:52:08.790+0000] {logging_mixin.py:190} INFO - [2025-02-01T07:52:08.789+0000] {dagbag.py:588} INFO - Filling up the DagBag from /home/airflow/.local/lib/python3.12/site-packages/airflow/example_dags/example_display_name.py
[2025-02-01T07:52:08.799+0000] {processor.py:925} INFO - DAG(s) 'example_display_name' retrieved from /home/airflow/.local/lib/python3.12/site-packages/airflow/example_dags/example_display_name.py
[2025-02-01T07:52:08.824+0000] {logging_mixin.py:190} INFO - [2025-02-01T07:52:08.824+0000] {dag.py:3239} INFO - Sync 1 DAGs
[2025-02-01T07:52:08.845+0000] {logging_mixin.py:190} INFO - [2025-02-01T07:52:08.845+0000] {dag.py:4180} INFO - Setting next_dagrun for example_display_name to None, run_after=None
[2025-02-01T07:52:08.910+0000] {processor.py:208} INFO - Processing /home/airflow/.local/lib/python3.12/site-packages/airflow/example_dags/example_display_name.py took 0.135 seconds
[2025-02-01T07:52:41.307+0000] {processor.py:186} INFO - Started process (PID=2147) to work on /home/airflow/.local/lib/python3.12/site-packages/airflow/example_dags/example_display_name.py
[2025-02-01T07:52:41.309+0000] {processor.py:914} INFO - Processing file /home/airflow/.local/lib/python3.12/site-packages/airflow/example_dags/example_display_name.py for tasks to queue
[2025-02-01T07:52:41.313+0000] {logging_mixin.py:190} INFO - [2025-02-01T07:52:41.313+0000] {dagbag.py:588} INFO - Filling up the DagBag from /home/airflow/.local/lib/python3.12/site-packages/airflow/example_dags/example_display_name.py
[2025-02-01T07:52:41.328+0000] {processor.py:925} INFO - DAG(s) 'example_display_name' retrieved from /home/airflow/.local/lib/python3.12/site-packages/airflow/example_dags/example_display_name.py
[2025-02-01T07:52:41.356+0000] {logging_mixin.py:190} INFO - [2025-02-01T07:52:41.356+0000] {dag.py:3239} INFO - Sync 1 DAGs
[2025-02-01T07:52:41.374+0000] {logging_mixin.py:190} INFO - [2025-02-01T07:52:41.373+0000] {dag.py:4180} INFO - Setting next_dagrun for example_display_name to None, run_after=None
[2025-02-01T07:52:41.401+0000] {processor.py:208} INFO - Processing /home/airflow/.local/lib/python3.12/site-packages/airflow/example_dags/example_display_name.py took 0.108 seconds
[2025-02-01T07:53:13.142+0000] {processor.py:186} INFO - Started process (PID=2213) to work on /home/airflow/.local/lib/python3.12/site-packages/airflow/example_dags/example_display_name.py
[2025-02-01T07:53:13.143+0000] {processor.py:914} INFO - Processing file /home/airflow/.local/lib/python3.12/site-packages/airflow/example_dags/example_display_name.py for tasks to queue
[2025-02-01T07:53:13.146+0000] {logging_mixin.py:190} INFO - [2025-02-01T07:53:13.146+0000] {dagbag.py:588} INFO - Filling up the DagBag from /home/airflow/.local/lib/python3.12/site-packages/airflow/example_dags/example_display_name.py
[2025-02-01T07:53:13.156+0000] {processor.py:925} INFO - DAG(s) 'example_display_name' retrieved from /home/airflow/.local/lib/python3.12/site-packages/airflow/example_dags/example_display_name.py
[2025-02-01T07:53:13.178+0000] {logging_mixin.py:190} INFO - [2025-02-01T07:53:13.178+0000] {dag.py:3239} INFO - Sync 1 DAGs
[2025-02-01T07:53:13.199+0000] {logging_mixin.py:190} INFO - [2025-02-01T07:53:13.199+0000] {dag.py:4180} INFO - Setting next_dagrun for example_display_name to None, run_after=None
[2025-02-01T07:53:13.234+0000] {processor.py:208} INFO - Processing /home/airflow/.local/lib/python3.12/site-packages/airflow/example_dags/example_display_name.py took 0.101 seconds
[2025-02-01T07:53:44.678+0000] {processor.py:186} INFO - Started process (PID=2279) to work on /home/airflow/.local/lib/python3.12/site-packages/airflow/example_dags/example_display_name.py
[2025-02-01T07:53:44.679+0000] {processor.py:914} INFO - Processing file /home/airflow/.local/lib/python3.12/site-packages/airflow/example_dags/example_display_name.py for tasks to queue
[2025-02-01T07:53:44.682+0000] {logging_mixin.py:190} INFO - [2025-02-01T07:53:44.682+0000] {dagbag.py:588} INFO - Filling up the DagBag from /home/airflow/.local/lib/python3.12/site-packages/airflow/example_dags/example_display_name.py
[2025-02-01T07:53:44.693+0000] {processor.py:925} INFO - DAG(s) 'example_display_name' retrieved from /home/airflow/.local/lib/python3.12/site-packages/airflow/example_dags/example_display_name.py
[2025-02-01T07:53:44.716+0000] {logging_mixin.py:190} INFO - [2025-02-01T07:53:44.716+0000] {dag.py:3239} INFO - Sync 1 DAGs
[2025-02-01T07:53:44.737+0000] {logging_mixin.py:190} INFO - [2025-02-01T07:53:44.736+0000] {dag.py:4180} INFO - Setting next_dagrun for example_display_name to None, run_after=None
[2025-02-01T07:53:44.762+0000] {processor.py:208} INFO - Processing /home/airflow/.local/lib/python3.12/site-packages/airflow/example_dags/example_display_name.py took 0.093 seconds
[2025-02-01T07:54:15.806+0000] {processor.py:186} INFO - Started process (PID=2345) to work on /home/airflow/.local/lib/python3.12/site-packages/airflow/example_dags/example_display_name.py
[2025-02-01T07:54:15.807+0000] {processor.py:914} INFO - Processing file /home/airflow/.local/lib/python3.12/site-packages/airflow/example_dags/example_display_name.py for tasks to queue
[2025-02-01T07:54:15.811+0000] {logging_mixin.py:190} INFO - [2025-02-01T07:54:15.810+0000] {dagbag.py:588} INFO - Filling up the DagBag from /home/airflow/.local/lib/python3.12/site-packages/airflow/example_dags/example_display_name.py
[2025-02-01T07:54:15.821+0000] {processor.py:925} INFO - DAG(s) 'example_display_name' retrieved from /home/airflow/.local/lib/python3.12/site-packages/airflow/example_dags/example_display_name.py
[2025-02-01T07:54:15.851+0000] {logging_mixin.py:190} INFO - [2025-02-01T07:54:15.851+0000] {dag.py:3239} INFO - Sync 1 DAGs
[2025-02-01T07:54:15.872+0000] {logging_mixin.py:190} INFO - [2025-02-01T07:54:15.872+0000] {dag.py:4180} INFO - Setting next_dagrun for example_display_name to None, run_after=None
[2025-02-01T07:54:15.912+0000] {processor.py:208} INFO - Processing /home/airflow/.local/lib/python3.12/site-packages/airflow/example_dags/example_display_name.py took 0.118 seconds
[2025-02-01T07:54:46.057+0000] {processor.py:186} INFO - Started process (PID=2410) to work on /home/airflow/.local/lib/python3.12/site-packages/airflow/example_dags/example_display_name.py
[2025-02-01T07:54:46.058+0000] {processor.py:914} INFO - Processing file /home/airflow/.local/lib/python3.12/site-packages/airflow/example_dags/example_display_name.py for tasks to queue
[2025-02-01T07:54:46.061+0000] {logging_mixin.py:190} INFO - [2025-02-01T07:54:46.061+0000] {dagbag.py:588} INFO - Filling up the DagBag from /home/airflow/.local/lib/python3.12/site-packages/airflow/example_dags/example_display_name.py
[2025-02-01T07:54:46.072+0000] {processor.py:925} INFO - DAG(s) 'example_display_name' retrieved from /home/airflow/.local/lib/python3.12/site-packages/airflow/example_dags/example_display_name.py
[2025-02-01T07:54:46.098+0000] {logging_mixin.py:190} INFO - [2025-02-01T07:54:46.097+0000] {dag.py:3239} INFO - Sync 1 DAGs
[2025-02-01T07:54:46.118+0000] {logging_mixin.py:190} INFO - [2025-02-01T07:54:46.118+0000] {dag.py:4180} INFO - Setting next_dagrun for example_display_name to None, run_after=None
[2025-02-01T07:54:46.145+0000] {processor.py:208} INFO - Processing /home/airflow/.local/lib/python3.12/site-packages/airflow/example_dags/example_display_name.py took 0.097 seconds
[2025-02-01T07:55:17.969+0000] {processor.py:186} INFO - Started process (PID=2476) to work on /home/airflow/.local/lib/python3.12/site-packages/airflow/example_dags/example_display_name.py
[2025-02-01T07:55:17.970+0000] {processor.py:914} INFO - Processing file /home/airflow/.local/lib/python3.12/site-packages/airflow/example_dags/example_display_name.py for tasks to queue
[2025-02-01T07:55:17.974+0000] {logging_mixin.py:190} INFO - [2025-02-01T07:55:17.974+0000] {dagbag.py:588} INFO - Filling up the DagBag from /home/airflow/.local/lib/python3.12/site-packages/airflow/example_dags/example_display_name.py
[2025-02-01T07:55:17.985+0000] {processor.py:925} INFO - DAG(s) 'example_display_name' retrieved from /home/airflow/.local/lib/python3.12/site-packages/airflow/example_dags/example_display_name.py
[2025-02-01T07:55:18.012+0000] {logging_mixin.py:190} INFO - [2025-02-01T07:55:18.012+0000] {dag.py:3239} INFO - Sync 1 DAGs
[2025-02-01T07:55:18.036+0000] {logging_mixin.py:190} INFO - [2025-02-01T07:55:18.036+0000] {dag.py:4180} INFO - Setting next_dagrun for example_display_name to None, run_after=None
[2025-02-01T07:55:18.068+0000] {processor.py:208} INFO - Processing /home/airflow/.local/lib/python3.12/site-packages/airflow/example_dags/example_display_name.py took 0.111 seconds
[2025-02-01T07:55:49.101+0000] {processor.py:186} INFO - Started process (PID=2544) to work on /home/airflow/.local/lib/python3.12/site-packages/airflow/example_dags/example_display_name.py
[2025-02-01T07:55:49.103+0000] {processor.py:914} INFO - Processing file /home/airflow/.local/lib/python3.12/site-packages/airflow/example_dags/example_display_name.py for tasks to queue
[2025-02-01T07:55:49.106+0000] {logging_mixin.py:190} INFO - [2025-02-01T07:55:49.105+0000] {dagbag.py:588} INFO - Filling up the DagBag from /home/airflow/.local/lib/python3.12/site-packages/airflow/example_dags/example_display_name.py
[2025-02-01T07:55:49.117+0000] {processor.py:925} INFO - DAG(s) 'example_display_name' retrieved from /home/airflow/.local/lib/python3.12/site-packages/airflow/example_dags/example_display_name.py
[2025-02-01T07:55:49.141+0000] {logging_mixin.py:190} INFO - [2025-02-01T07:55:49.141+0000] {dag.py:3239} INFO - Sync 1 DAGs
[2025-02-01T07:55:49.160+0000] {logging_mixin.py:190} INFO - [2025-02-01T07:55:49.160+0000] {dag.py:4180} INFO - Setting next_dagrun for example_display_name to None, run_after=None
[2025-02-01T07:55:49.188+0000] {processor.py:208} INFO - Processing /home/airflow/.local/lib/python3.12/site-packages/airflow/example_dags/example_display_name.py took 0.096 seconds
[2025-02-01T07:56:19.671+0000] {processor.py:186} INFO - Started process (PID=2610) to work on /home/airflow/.local/lib/python3.12/site-packages/airflow/example_dags/example_display_name.py
[2025-02-01T07:56:19.673+0000] {processor.py:914} INFO - Processing file /home/airflow/.local/lib/python3.12/site-packages/airflow/example_dags/example_display_name.py for tasks to queue
[2025-02-01T07:56:19.677+0000] {logging_mixin.py:190} INFO - [2025-02-01T07:56:19.676+0000] {dagbag.py:588} INFO - Filling up the DagBag from /home/airflow/.local/lib/python3.12/site-packages/airflow/example_dags/example_display_name.py
[2025-02-01T07:56:19.687+0000] {processor.py:925} INFO - DAG(s) 'example_display_name' retrieved from /home/airflow/.local/lib/python3.12/site-packages/airflow/example_dags/example_display_name.py
[2025-02-01T07:56:19.738+0000] {logging_mixin.py:190} INFO - [2025-02-01T07:56:19.737+0000] {dag.py:3239} INFO - Sync 1 DAGs
[2025-02-01T07:56:19.781+0000] {logging_mixin.py:190} INFO - [2025-02-01T07:56:19.781+0000] {dag.py:4180} INFO - Setting next_dagrun for example_display_name to None, run_after=None
[2025-02-01T07:56:19.810+0000] {processor.py:208} INFO - Processing /home/airflow/.local/lib/python3.12/site-packages/airflow/example_dags/example_display_name.py took 0.148 seconds
[2025-02-01T07:56:50.516+0000] {processor.py:186} INFO - Started process (PID=2675) to work on /home/airflow/.local/lib/python3.12/site-packages/airflow/example_dags/example_display_name.py
[2025-02-01T07:56:50.518+0000] {processor.py:914} INFO - Processing file /home/airflow/.local/lib/python3.12/site-packages/airflow/example_dags/example_display_name.py for tasks to queue
[2025-02-01T07:56:50.521+0000] {logging_mixin.py:190} INFO - [2025-02-01T07:56:50.520+0000] {dagbag.py:588} INFO - Filling up the DagBag from /home/airflow/.local/lib/python3.12/site-packages/airflow/example_dags/example_display_name.py
[2025-02-01T07:56:50.532+0000] {processor.py:925} INFO - DAG(s) 'example_display_name' retrieved from /home/airflow/.local/lib/python3.12/site-packages/airflow/example_dags/example_display_name.py
[2025-02-01T07:56:50.555+0000] {logging_mixin.py:190} INFO - [2025-02-01T07:56:50.555+0000] {dag.py:3239} INFO - Sync 1 DAGs
[2025-02-01T07:56:50.572+0000] {logging_mixin.py:190} INFO - [2025-02-01T07:56:50.572+0000] {dag.py:4180} INFO - Setting next_dagrun for example_display_name to None, run_after=None
[2025-02-01T07:56:50.597+0000] {processor.py:208} INFO - Processing /home/airflow/.local/lib/python3.12/site-packages/airflow/example_dags/example_display_name.py took 0.091 seconds
[2025-02-01T07:57:21.901+0000] {processor.py:186} INFO - Started process (PID=2741) to work on /home/airflow/.local/lib/python3.12/site-packages/airflow/example_dags/example_display_name.py
[2025-02-01T07:57:21.902+0000] {processor.py:914} INFO - Processing file /home/airflow/.local/lib/python3.12/site-packages/airflow/example_dags/example_display_name.py for tasks to queue
[2025-02-01T07:57:21.906+0000] {logging_mixin.py:190} INFO - [2025-02-01T07:57:21.905+0000] {dagbag.py:588} INFO - Filling up the DagBag from /home/airflow/.local/lib/python3.12/site-packages/airflow/example_dags/example_display_name.py
[2025-02-01T07:57:21.917+0000] {processor.py:925} INFO - DAG(s) 'example_display_name' retrieved from /home/airflow/.local/lib/python3.12/site-packages/airflow/example_dags/example_display_name.py
[2025-02-01T07:57:21.942+0000] {logging_mixin.py:190} INFO - [2025-02-01T07:57:21.942+0000] {dag.py:3239} INFO - Sync 1 DAGs
[2025-02-01T07:57:21.962+0000] {logging_mixin.py:190} INFO - [2025-02-01T07:57:21.962+0000] {dag.py:4180} INFO - Setting next_dagrun for example_display_name to None, run_after=None
[2025-02-01T07:57:21.990+0000] {processor.py:208} INFO - Processing /home/airflow/.local/lib/python3.12/site-packages/airflow/example_dags/example_display_name.py took 0.097 seconds
[2025-02-01T07:57:53.220+0000] {processor.py:186} INFO - Started process (PID=2807) to work on /home/airflow/.local/lib/python3.12/site-packages/airflow/example_dags/example_display_name.py
[2025-02-01T07:57:53.223+0000] {processor.py:914} INFO - Processing file /home/airflow/.local/lib/python3.12/site-packages/airflow/example_dags/example_display_name.py for tasks to queue
[2025-02-01T07:57:53.228+0000] {logging_mixin.py:190} INFO - [2025-02-01T07:57:53.227+0000] {dagbag.py:588} INFO - Filling up the DagBag from /home/airflow/.local/lib/python3.12/site-packages/airflow/example_dags/example_display_name.py
[2025-02-01T07:57:53.240+0000] {processor.py:925} INFO - DAG(s) 'example_display_name' retrieved from /home/airflow/.local/lib/python3.12/site-packages/airflow/example_dags/example_display_name.py
[2025-02-01T07:57:53.272+0000] {logging_mixin.py:190} INFO - [2025-02-01T07:57:53.272+0000] {dag.py:3239} INFO - Sync 1 DAGs
[2025-02-01T07:57:53.293+0000] {logging_mixin.py:190} INFO - [2025-02-01T07:57:53.293+0000] {dag.py:4180} INFO - Setting next_dagrun for example_display_name to None, run_after=None
[2025-02-01T07:57:53.320+0000] {processor.py:208} INFO - Processing /home/airflow/.local/lib/python3.12/site-packages/airflow/example_dags/example_display_name.py took 0.112 seconds
[2025-02-01T07:58:24.448+0000] {processor.py:186} INFO - Started process (PID=2873) to work on /home/airflow/.local/lib/python3.12/site-packages/airflow/example_dags/example_display_name.py
[2025-02-01T07:58:24.450+0000] {processor.py:914} INFO - Processing file /home/airflow/.local/lib/python3.12/site-packages/airflow/example_dags/example_display_name.py for tasks to queue
[2025-02-01T07:58:24.452+0000] {logging_mixin.py:190} INFO - [2025-02-01T07:58:24.452+0000] {dagbag.py:588} INFO - Filling up the DagBag from /home/airflow/.local/lib/python3.12/site-packages/airflow/example_dags/example_display_name.py
[2025-02-01T07:58:24.462+0000] {processor.py:925} INFO - DAG(s) 'example_display_name' retrieved from /home/airflow/.local/lib/python3.12/site-packages/airflow/example_dags/example_display_name.py
[2025-02-01T07:58:24.487+0000] {logging_mixin.py:190} INFO - [2025-02-01T07:58:24.486+0000] {dag.py:3239} INFO - Sync 1 DAGs
[2025-02-01T07:58:24.514+0000] {logging_mixin.py:190} INFO - [2025-02-01T07:58:24.514+0000] {dag.py:4180} INFO - Setting next_dagrun for example_display_name to None, run_after=None
[2025-02-01T07:58:24.558+0000] {processor.py:208} INFO - Processing /home/airflow/.local/lib/python3.12/site-packages/airflow/example_dags/example_display_name.py took 0.119 seconds
[2025-02-01T07:58:56.270+0000] {processor.py:186} INFO - Started process (PID=2942) to work on /home/airflow/.local/lib/python3.12/site-packages/airflow/example_dags/example_display_name.py
[2025-02-01T07:58:56.271+0000] {processor.py:914} INFO - Processing file /home/airflow/.local/lib/python3.12/site-packages/airflow/example_dags/example_display_name.py for tasks to queue
[2025-02-01T07:58:56.275+0000] {logging_mixin.py:190} INFO - [2025-02-01T07:58:56.274+0000] {dagbag.py:588} INFO - Filling up the DagBag from /home/airflow/.local/lib/python3.12/site-packages/airflow/example_dags/example_display_name.py
[2025-02-01T07:58:56.286+0000] {processor.py:925} INFO - DAG(s) 'example_display_name' retrieved from /home/airflow/.local/lib/python3.12/site-packages/airflow/example_dags/example_display_name.py
[2025-02-01T07:58:56.312+0000] {logging_mixin.py:190} INFO - [2025-02-01T07:58:56.312+0000] {dag.py:3239} INFO - Sync 1 DAGs
[2025-02-01T07:58:56.330+0000] {logging_mixin.py:190} INFO - [2025-02-01T07:58:56.330+0000] {dag.py:4180} INFO - Setting next_dagrun for example_display_name to None, run_after=None
[2025-02-01T07:58:56.353+0000] {processor.py:208} INFO - Processing /home/airflow/.local/lib/python3.12/site-packages/airflow/example_dags/example_display_name.py took 0.092 seconds
[2025-02-01T07:59:28.360+0000] {processor.py:186} INFO - Started process (PID=3007) to work on /home/airflow/.local/lib/python3.12/site-packages/airflow/example_dags/example_display_name.py
[2025-02-01T07:59:28.361+0000] {processor.py:914} INFO - Processing file /home/airflow/.local/lib/python3.12/site-packages/airflow/example_dags/example_display_name.py for tasks to queue
[2025-02-01T07:59:28.364+0000] {logging_mixin.py:190} INFO - [2025-02-01T07:59:28.364+0000] {dagbag.py:588} INFO - Filling up the DagBag from /home/airflow/.local/lib/python3.12/site-packages/airflow/example_dags/example_display_name.py
[2025-02-01T07:59:28.374+0000] {processor.py:925} INFO - DAG(s) 'example_display_name' retrieved from /home/airflow/.local/lib/python3.12/site-packages/airflow/example_dags/example_display_name.py
[2025-02-01T07:59:28.400+0000] {logging_mixin.py:190} INFO - [2025-02-01T07:59:28.400+0000] {dag.py:3239} INFO - Sync 1 DAGs
[2025-02-01T07:59:28.418+0000] {logging_mixin.py:190} INFO - [2025-02-01T07:59:28.418+0000] {dag.py:4180} INFO - Setting next_dagrun for example_display_name to None, run_after=None
[2025-02-01T07:59:28.446+0000] {processor.py:208} INFO - Processing /home/airflow/.local/lib/python3.12/site-packages/airflow/example_dags/example_display_name.py took 0.096 seconds
[2025-02-01T07:59:59.601+0000] {processor.py:186} INFO - Started process (PID=3073) to work on /home/airflow/.local/lib/python3.12/site-packages/airflow/example_dags/example_display_name.py
[2025-02-01T07:59:59.602+0000] {processor.py:914} INFO - Processing file /home/airflow/.local/lib/python3.12/site-packages/airflow/example_dags/example_display_name.py for tasks to queue
[2025-02-01T07:59:59.605+0000] {logging_mixin.py:190} INFO - [2025-02-01T07:59:59.605+0000] {dagbag.py:588} INFO - Filling up the DagBag from /home/airflow/.local/lib/python3.12/site-packages/airflow/example_dags/example_display_name.py
[2025-02-01T07:59:59.617+0000] {processor.py:925} INFO - DAG(s) 'example_display_name' retrieved from /home/airflow/.local/lib/python3.12/site-packages/airflow/example_dags/example_display_name.py
[2025-02-01T07:59:59.654+0000] {logging_mixin.py:190} INFO - [2025-02-01T07:59:59.653+0000] {dag.py:3239} INFO - Sync 1 DAGs
[2025-02-01T07:59:59.680+0000] {logging_mixin.py:190} INFO - [2025-02-01T07:59:59.680+0000] {dag.py:4180} INFO - Setting next_dagrun for example_display_name to None, run_after=None
[2025-02-01T07:59:59.711+0000] {processor.py:208} INFO - Processing /home/airflow/.local/lib/python3.12/site-packages/airflow/example_dags/example_display_name.py took 0.122 seconds
[2025-02-01T08:00:30.464+0000] {processor.py:186} INFO - Started process (PID=3141) to work on /home/airflow/.local/lib/python3.12/site-packages/airflow/example_dags/example_display_name.py
[2025-02-01T08:00:30.466+0000] {processor.py:914} INFO - Processing file /home/airflow/.local/lib/python3.12/site-packages/airflow/example_dags/example_display_name.py for tasks to queue
[2025-02-01T08:00:30.469+0000] {logging_mixin.py:190} INFO - [2025-02-01T08:00:30.468+0000] {dagbag.py:588} INFO - Filling up the DagBag from /home/airflow/.local/lib/python3.12/site-packages/airflow/example_dags/example_display_name.py
[2025-02-01T08:00:30.480+0000] {processor.py:925} INFO - DAG(s) 'example_display_name' retrieved from /home/airflow/.local/lib/python3.12/site-packages/airflow/example_dags/example_display_name.py
[2025-02-01T08:00:30.506+0000] {logging_mixin.py:190} INFO - [2025-02-01T08:00:30.505+0000] {dag.py:3239} INFO - Sync 1 DAGs
[2025-02-01T08:00:30.523+0000] {logging_mixin.py:190} INFO - [2025-02-01T08:00:30.522+0000] {dag.py:4180} INFO - Setting next_dagrun for example_display_name to None, run_after=None
[2025-02-01T08:00:30.552+0000] {processor.py:208} INFO - Processing /home/airflow/.local/lib/python3.12/site-packages/airflow/example_dags/example_display_name.py took 0.100 seconds
[2025-02-01T08:01:01.460+0000] {processor.py:186} INFO - Started process (PID=3208) to work on /home/airflow/.local/lib/python3.12/site-packages/airflow/example_dags/example_display_name.py
[2025-02-01T08:01:01.462+0000] {processor.py:914} INFO - Processing file /home/airflow/.local/lib/python3.12/site-packages/airflow/example_dags/example_display_name.py for tasks to queue
[2025-02-01T08:01:01.467+0000] {logging_mixin.py:190} INFO - [2025-02-01T08:01:01.466+0000] {dagbag.py:588} INFO - Filling up the DagBag from /home/airflow/.local/lib/python3.12/site-packages/airflow/example_dags/example_display_name.py
[2025-02-01T08:01:01.481+0000] {processor.py:925} INFO - DAG(s) 'example_display_name' retrieved from /home/airflow/.local/lib/python3.12/site-packages/airflow/example_dags/example_display_name.py
[2025-02-01T08:01:01.514+0000] {logging_mixin.py:190} INFO - [2025-02-01T08:01:01.513+0000] {dag.py:3239} INFO - Sync 1 DAGs
[2025-02-01T08:01:01.536+0000] {logging_mixin.py:190} INFO - [2025-02-01T08:01:01.535+0000] {dag.py:4180} INFO - Setting next_dagrun for example_display_name to None, run_after=None
[2025-02-01T08:01:01.574+0000] {processor.py:208} INFO - Processing /home/airflow/.local/lib/python3.12/site-packages/airflow/example_dags/example_display_name.py took 0.128 seconds
[2025-02-01T08:01:33.864+0000] {processor.py:186} INFO - Started process (PID=3275) to work on /home/airflow/.local/lib/python3.12/site-packages/airflow/example_dags/example_display_name.py
[2025-02-01T08:01:33.865+0000] {processor.py:914} INFO - Processing file /home/airflow/.local/lib/python3.12/site-packages/airflow/example_dags/example_display_name.py for tasks to queue
[2025-02-01T08:01:33.870+0000] {logging_mixin.py:190} INFO - [2025-02-01T08:01:33.869+0000] {dagbag.py:588} INFO - Filling up the DagBag from /home/airflow/.local/lib/python3.12/site-packages/airflow/example_dags/example_display_name.py
[2025-02-01T08:01:33.882+0000] {processor.py:925} INFO - DAG(s) 'example_display_name' retrieved from /home/airflow/.local/lib/python3.12/site-packages/airflow/example_dags/example_display_name.py
[2025-02-01T08:01:33.909+0000] {logging_mixin.py:190} INFO - [2025-02-01T08:01:33.908+0000] {dag.py:3239} INFO - Sync 1 DAGs
[2025-02-01T08:01:33.928+0000] {logging_mixin.py:190} INFO - [2025-02-01T08:01:33.928+0000] {dag.py:4180} INFO - Setting next_dagrun for example_display_name to None, run_after=None
[2025-02-01T08:01:33.955+0000] {processor.py:208} INFO - Processing /home/airflow/.local/lib/python3.12/site-packages/airflow/example_dags/example_display_name.py took 0.101 seconds
