[2025-02-01T07:36:45.303+0000] {processor.py:186} INFO - Started process (PID=111) to work on /home/airflow/.local/lib/python3.12/site-packages/airflow/example_dags/example_trigger_target_dag.py
[2025-02-01T07:36:45.306+0000] {processor.py:914} INFO - Processing file /home/airflow/.local/lib/python3.12/site-packages/airflow/example_dags/example_trigger_target_dag.py for tasks to queue
[2025-02-01T07:36:45.312+0000] {logging_mixin.py:190} INFO - [2025-02-01T07:36:45.310+0000] {dagbag.py:588} INFO - Filling up the DagBag from /home/airflow/.local/lib/python3.12/site-packages/airflow/example_dags/example_trigger_target_dag.py
[2025-02-01T07:36:45.327+0000] {processor.py:925} INFO - DAG(s) 'example_trigger_target_dag' retrieved from /home/airflow/.local/lib/python3.12/site-packages/airflow/example_dags/example_trigger_target_dag.py
[2025-02-01T07:36:45.375+0000] {logging_mixin.py:190} INFO - [2025-02-01T07:36:45.375+0000] {dag.py:3239} INFO - Sync 1 DAGs
[2025-02-01T07:36:45.403+0000] {logging_mixin.py:190} INFO - [2025-02-01T07:36:45.403+0000] {dag.py:4180} INFO - Setting next_dagrun for example_trigger_target_dag to None, run_after=None
[2025-02-01T07:36:45.437+0000] {processor.py:208} INFO - Processing /home/airflow/.local/lib/python3.12/site-packages/airflow/example_dags/example_trigger_target_dag.py took 0.148 seconds
[2025-02-01T07:37:15.752+0000] {processor.py:186} INFO - Started process (PID=184) to work on /home/airflow/.local/lib/python3.12/site-packages/airflow/example_dags/example_trigger_target_dag.py
[2025-02-01T07:37:15.763+0000] {processor.py:914} INFO - Processing file /home/airflow/.local/lib/python3.12/site-packages/airflow/example_dags/example_trigger_target_dag.py for tasks to queue
[2025-02-01T07:37:15.769+0000] {logging_mixin.py:190} INFO - [2025-02-01T07:37:15.769+0000] {dagbag.py:588} INFO - Filling up the DagBag from /home/airflow/.local/lib/python3.12/site-packages/airflow/example_dags/example_trigger_target_dag.py
[2025-02-01T07:37:15.784+0000] {processor.py:925} INFO - DAG(s) 'example_trigger_target_dag' retrieved from /home/airflow/.local/lib/python3.12/site-packages/airflow/example_dags/example_trigger_target_dag.py
[2025-02-01T07:37:15.830+0000] {logging_mixin.py:190} INFO - [2025-02-01T07:37:15.830+0000] {dag.py:3239} INFO - Sync 1 DAGs
[2025-02-01T07:37:15.863+0000] {logging_mixin.py:190} INFO - [2025-02-01T07:37:15.863+0000] {dag.py:4180} INFO - Setting next_dagrun for example_trigger_target_dag to None, run_after=None
[2025-02-01T07:37:15.918+0000] {processor.py:208} INFO - Processing /home/airflow/.local/lib/python3.12/site-packages/airflow/example_dags/example_trigger_target_dag.py took 0.180 seconds
[2025-02-01T07:37:46.100+0000] {processor.py:186} INFO - Started process (PID=250) to work on /home/airflow/.local/lib/python3.12/site-packages/airflow/example_dags/example_trigger_target_dag.py
[2025-02-01T07:37:46.101+0000] {processor.py:914} INFO - Processing file /home/airflow/.local/lib/python3.12/site-packages/airflow/example_dags/example_trigger_target_dag.py for tasks to queue
[2025-02-01T07:37:46.104+0000] {logging_mixin.py:190} INFO - [2025-02-01T07:37:46.104+0000] {dagbag.py:588} INFO - Filling up the DagBag from /home/airflow/.local/lib/python3.12/site-packages/airflow/example_dags/example_trigger_target_dag.py
[2025-02-01T07:37:46.114+0000] {processor.py:925} INFO - DAG(s) 'example_trigger_target_dag' retrieved from /home/airflow/.local/lib/python3.12/site-packages/airflow/example_dags/example_trigger_target_dag.py
[2025-02-01T07:37:46.137+0000] {logging_mixin.py:190} INFO - [2025-02-01T07:37:46.137+0000] {dag.py:3239} INFO - Sync 1 DAGs
[2025-02-01T07:37:46.156+0000] {logging_mixin.py:190} INFO - [2025-02-01T07:37:46.155+0000] {dag.py:4180} INFO - Setting next_dagrun for example_trigger_target_dag to None, run_after=None
[2025-02-01T07:37:46.192+0000] {processor.py:208} INFO - Processing /home/airflow/.local/lib/python3.12/site-packages/airflow/example_dags/example_trigger_target_dag.py took 0.101 seconds
