[2025-02-01T07:36:46.322+0000] {processor.py:186} INFO - Started process (PID=113) to work on /home/airflow/.local/lib/python3.12/site-packages/airflow/example_dags/example_dataset_alias.py
[2025-02-01T07:36:46.342+0000] {processor.py:914} INFO - Processing file /home/airflow/.local/lib/python3.12/site-packages/airflow/example_dags/example_dataset_alias.py for tasks to queue
[2025-02-01T07:36:46.359+0000] {logging_mixin.py:190} INFO - [2025-02-01T07:36:46.358+0000] {dagbag.py:588} INFO - Filling up the DagBag from /home/airflow/.local/lib/python3.12/site-packages/airflow/example_dags/example_dataset_alias.py
[2025-02-01T07:36:48.201+0000] {processor.py:925} INFO - DAG(s) 'dataset_alias_example_alias_producer', 'dataset_s3_bucket_producer', 'dataset_s3_bucket_consumer', 'dataset_alias_example_alias_consumer' retrieved from /home/airflow/.local/lib/python3.12/site-packages/airflow/example_dags/example_dataset_alias.py
[2025-02-01T07:36:48.250+0000] {logging_mixin.py:190} INFO - [2025-02-01T07:36:48.249+0000] {dag.py:3239} INFO - Sync 4 DAGs
[2025-02-01T07:36:48.301+0000] {logging_mixin.py:190} INFO - [2025-02-01T07:36:48.300+0000] {dag.py:4180} INFO - Setting next_dagrun for dataset_alias_example_alias_consumer to None, run_after=None
[2025-02-01T07:36:48.307+0000] {logging_mixin.py:190} INFO - [2025-02-01T07:36:48.306+0000] {dag.py:4180} INFO - Setting next_dagrun for dataset_alias_example_alias_producer to None, run_after=None
[2025-02-01T07:36:48.311+0000] {logging_mixin.py:190} INFO - [2025-02-01T07:36:48.311+0000] {dag.py:4180} INFO - Setting next_dagrun for dataset_s3_bucket_consumer to None, run_after=None
[2025-02-01T07:36:48.314+0000] {logging_mixin.py:190} INFO - [2025-02-01T07:36:48.314+0000] {dag.py:4180} INFO - Setting next_dagrun for dataset_s3_bucket_producer to None, run_after=None
[2025-02-01T07:36:48.362+0000] {processor.py:208} INFO - Processing /home/airflow/.local/lib/python3.12/site-packages/airflow/example_dags/example_dataset_alias.py took 2.240 seconds
[2025-02-01T07:37:19.060+0000] {processor.py:186} INFO - Started process (PID=187) to work on /home/airflow/.local/lib/python3.12/site-packages/airflow/example_dags/example_dataset_alias.py
[2025-02-01T07:37:19.062+0000] {processor.py:914} INFO - Processing file /home/airflow/.local/lib/python3.12/site-packages/airflow/example_dags/example_dataset_alias.py for tasks to queue
[2025-02-01T07:37:19.065+0000] {logging_mixin.py:190} INFO - [2025-02-01T07:37:19.065+0000] {dagbag.py:588} INFO - Filling up the DagBag from /home/airflow/.local/lib/python3.12/site-packages/airflow/example_dags/example_dataset_alias.py
[2025-02-01T07:37:20.045+0000] {processor.py:925} INFO - DAG(s) 'dataset_s3_bucket_producer', 'dataset_alias_example_alias_producer', 'dataset_alias_example_alias_consumer', 'dataset_s3_bucket_consumer' retrieved from /home/airflow/.local/lib/python3.12/site-packages/airflow/example_dags/example_dataset_alias.py
[2025-02-01T07:37:20.088+0000] {logging_mixin.py:190} INFO - [2025-02-01T07:37:20.086+0000] {dag.py:3239} INFO - Sync 4 DAGs
[2025-02-01T07:37:20.125+0000] {logging_mixin.py:190} INFO - [2025-02-01T07:37:20.125+0000] {dag.py:4180} INFO - Setting next_dagrun for dataset_alias_example_alias_consumer to None, run_after=None
[2025-02-01T07:37:20.130+0000] {logging_mixin.py:190} INFO - [2025-02-01T07:37:20.129+0000] {dag.py:4180} INFO - Setting next_dagrun for dataset_alias_example_alias_producer to None, run_after=None
[2025-02-01T07:37:20.133+0000] {logging_mixin.py:190} INFO - [2025-02-01T07:37:20.132+0000] {dag.py:4180} INFO - Setting next_dagrun for dataset_s3_bucket_consumer to None, run_after=None
[2025-02-01T07:37:20.135+0000] {logging_mixin.py:190} INFO - [2025-02-01T07:37:20.135+0000] {dag.py:4180} INFO - Setting next_dagrun for dataset_s3_bucket_producer to None, run_after=None
[2025-02-01T07:37:20.190+0000] {processor.py:208} INFO - Processing /home/airflow/.local/lib/python3.12/site-packages/airflow/example_dags/example_dataset_alias.py took 1.144 seconds
[2025-02-01T07:37:50.320+0000] {processor.py:186} INFO - Started process (PID=252) to work on /home/airflow/.local/lib/python3.12/site-packages/airflow/example_dags/example_dataset_alias.py
[2025-02-01T07:37:50.322+0000] {processor.py:914} INFO - Processing file /home/airflow/.local/lib/python3.12/site-packages/airflow/example_dags/example_dataset_alias.py for tasks to queue
[2025-02-01T07:37:50.327+0000] {logging_mixin.py:190} INFO - [2025-02-01T07:37:50.326+0000] {dagbag.py:588} INFO - Filling up the DagBag from /home/airflow/.local/lib/python3.12/site-packages/airflow/example_dags/example_dataset_alias.py
[2025-02-01T07:37:51.318+0000] {processor.py:925} INFO - DAG(s) 'dataset_s3_bucket_producer', 'dataset_alias_example_alias_consumer', 'dataset_s3_bucket_consumer', 'dataset_alias_example_alias_producer' retrieved from /home/airflow/.local/lib/python3.12/site-packages/airflow/example_dags/example_dataset_alias.py
[2025-02-01T07:37:51.347+0000] {logging_mixin.py:190} INFO - [2025-02-01T07:37:51.347+0000] {dag.py:3239} INFO - Sync 4 DAGs
[2025-02-01T07:37:51.377+0000] {logging_mixin.py:190} INFO - [2025-02-01T07:37:51.376+0000] {dag.py:4180} INFO - Setting next_dagrun for dataset_alias_example_alias_consumer to None, run_after=None
[2025-02-01T07:37:51.380+0000] {logging_mixin.py:190} INFO - [2025-02-01T07:37:51.380+0000] {dag.py:4180} INFO - Setting next_dagrun for dataset_alias_example_alias_producer to None, run_after=None
[2025-02-01T07:37:51.383+0000] {logging_mixin.py:190} INFO - [2025-02-01T07:37:51.382+0000] {dag.py:4180} INFO - Setting next_dagrun for dataset_s3_bucket_consumer to None, run_after=None
[2025-02-01T07:37:51.384+0000] {logging_mixin.py:190} INFO - [2025-02-01T07:37:51.384+0000] {dag.py:4180} INFO - Setting next_dagrun for dataset_s3_bucket_producer to None, run_after=None
[2025-02-01T07:37:51.424+0000] {processor.py:208} INFO - Processing /home/airflow/.local/lib/python3.12/site-packages/airflow/example_dags/example_dataset_alias.py took 1.114 seconds
