[2025-02-01T07:36:58.731+0000] {processor.py:186} INFO - Started process (PID=151) to work on /home/airflow/.local/lib/python3.12/site-packages/airflow/example_dags/example_setup_teardown.py
[2025-02-01T07:36:58.733+0000] {processor.py:914} INFO - Processing file /home/airflow/.local/lib/python3.12/site-packages/airflow/example_dags/example_setup_teardown.py for tasks to queue
[2025-02-01T07:36:58.736+0000] {logging_mixin.py:190} INFO - [2025-02-01T07:36:58.735+0000] {dagbag.py:588} INFO - Filling up the DagBag from /home/airflow/.local/lib/python3.12/site-packages/airflow/example_dags/example_setup_teardown.py
[2025-02-01T07:36:58.757+0000] {processor.py:925} INFO - DAG(s) 'example_setup_teardown' retrieved from /home/airflow/.local/lib/python3.12/site-packages/airflow/example_dags/example_setup_teardown.py
[2025-02-01T07:36:58.789+0000] {logging_mixin.py:190} INFO - [2025-02-01T07:36:58.788+0000] {dag.py:3239} INFO - Sync 1 DAGs
[2025-02-01T07:36:58.812+0000] {logging_mixin.py:190} INFO - [2025-02-01T07:36:58.811+0000] {dag.py:4180} INFO - Setting next_dagrun for example_setup_teardown to None, run_after=None
[2025-02-01T07:36:58.860+0000] {processor.py:208} INFO - Processing /home/airflow/.local/lib/python3.12/site-packages/airflow/example_dags/example_setup_teardown.py took 0.141 seconds
[2025-02-01T07:37:29.745+0000] {processor.py:186} INFO - Started process (PID=220) to work on /home/airflow/.local/lib/python3.12/site-packages/airflow/example_dags/example_setup_teardown.py
[2025-02-01T07:37:29.747+0000] {processor.py:914} INFO - Processing file /home/airflow/.local/lib/python3.12/site-packages/airflow/example_dags/example_setup_teardown.py for tasks to queue
[2025-02-01T07:37:29.752+0000] {logging_mixin.py:190} INFO - [2025-02-01T07:37:29.752+0000] {dagbag.py:588} INFO - Filling up the DagBag from /home/airflow/.local/lib/python3.12/site-packages/airflow/example_dags/example_setup_teardown.py
[2025-02-01T07:37:29.780+0000] {processor.py:925} INFO - DAG(s) 'example_setup_teardown' retrieved from /home/airflow/.local/lib/python3.12/site-packages/airflow/example_dags/example_setup_teardown.py
[2025-02-01T07:37:29.822+0000] {logging_mixin.py:190} INFO - [2025-02-01T07:37:29.821+0000] {dag.py:3239} INFO - Sync 1 DAGs
[2025-02-01T07:37:29.850+0000] {logging_mixin.py:190} INFO - [2025-02-01T07:37:29.850+0000] {dag.py:4180} INFO - Setting next_dagrun for example_setup_teardown to None, run_after=None
[2025-02-01T07:37:29.898+0000] {processor.py:208} INFO - Processing /home/airflow/.local/lib/python3.12/site-packages/airflow/example_dags/example_setup_teardown.py took 0.166 seconds
[2025-02-01T07:38:00.065+0000] {processor.py:186} INFO - Started process (PID=285) to work on /home/airflow/.local/lib/python3.12/site-packages/airflow/example_dags/example_setup_teardown.py
[2025-02-01T07:38:00.068+0000] {processor.py:914} INFO - Processing file /home/airflow/.local/lib/python3.12/site-packages/airflow/example_dags/example_setup_teardown.py for tasks to queue
[2025-02-01T07:38:00.072+0000] {logging_mixin.py:190} INFO - [2025-02-01T07:38:00.072+0000] {dagbag.py:588} INFO - Filling up the DagBag from /home/airflow/.local/lib/python3.12/site-packages/airflow/example_dags/example_setup_teardown.py
[2025-02-01T07:38:00.085+0000] {processor.py:925} INFO - DAG(s) 'example_setup_teardown' retrieved from /home/airflow/.local/lib/python3.12/site-packages/airflow/example_dags/example_setup_teardown.py
[2025-02-01T07:38:00.114+0000] {logging_mixin.py:190} INFO - [2025-02-01T07:38:00.114+0000] {dag.py:3239} INFO - Sync 1 DAGs
[2025-02-01T07:38:00.145+0000] {logging_mixin.py:190} INFO - [2025-02-01T07:38:00.145+0000] {dag.py:4180} INFO - Setting next_dagrun for example_setup_teardown to None, run_after=None
[2025-02-01T07:38:00.176+0000] {processor.py:208} INFO - Processing /home/airflow/.local/lib/python3.12/site-packages/airflow/example_dags/example_setup_teardown.py took 0.122 seconds
[2025-02-01T07:38:30.983+0000] {processor.py:186} INFO - Started process (PID=352) to work on /home/airflow/.local/lib/python3.12/site-packages/airflow/example_dags/example_setup_teardown.py
[2025-02-01T07:38:30.985+0000] {processor.py:914} INFO - Processing file /home/airflow/.local/lib/python3.12/site-packages/airflow/example_dags/example_setup_teardown.py for tasks to queue
[2025-02-01T07:38:30.989+0000] {logging_mixin.py:190} INFO - [2025-02-01T07:38:30.988+0000] {dagbag.py:588} INFO - Filling up the DagBag from /home/airflow/.local/lib/python3.12/site-packages/airflow/example_dags/example_setup_teardown.py
[2025-02-01T07:38:31.002+0000] {processor.py:925} INFO - DAG(s) 'example_setup_teardown' retrieved from /home/airflow/.local/lib/python3.12/site-packages/airflow/example_dags/example_setup_teardown.py
[2025-02-01T07:38:31.115+0000] {logging_mixin.py:190} INFO - [2025-02-01T07:38:31.115+0000] {dag.py:3239} INFO - Sync 1 DAGs
[2025-02-01T07:38:31.138+0000] {logging_mixin.py:190} INFO - [2025-02-01T07:38:31.138+0000] {dag.py:4180} INFO - Setting next_dagrun for example_setup_teardown to None, run_after=None
[2025-02-01T07:38:31.173+0000] {processor.py:208} INFO - Processing /home/airflow/.local/lib/python3.12/site-packages/airflow/example_dags/example_setup_teardown.py took 0.211 seconds
[2025-02-01T07:39:02.814+0000] {processor.py:186} INFO - Started process (PID=418) to work on /home/airflow/.local/lib/python3.12/site-packages/airflow/example_dags/example_setup_teardown.py
[2025-02-01T07:39:02.816+0000] {processor.py:914} INFO - Processing file /home/airflow/.local/lib/python3.12/site-packages/airflow/example_dags/example_setup_teardown.py for tasks to queue
[2025-02-01T07:39:02.819+0000] {logging_mixin.py:190} INFO - [2025-02-01T07:39:02.819+0000] {dagbag.py:588} INFO - Filling up the DagBag from /home/airflow/.local/lib/python3.12/site-packages/airflow/example_dags/example_setup_teardown.py
[2025-02-01T07:39:02.830+0000] {processor.py:925} INFO - DAG(s) 'example_setup_teardown' retrieved from /home/airflow/.local/lib/python3.12/site-packages/airflow/example_dags/example_setup_teardown.py
[2025-02-01T07:39:02.855+0000] {logging_mixin.py:190} INFO - [2025-02-01T07:39:02.855+0000] {dag.py:3239} INFO - Sync 1 DAGs
[2025-02-01T07:39:02.875+0000] {logging_mixin.py:190} INFO - [2025-02-01T07:39:02.875+0000] {dag.py:4180} INFO - Setting next_dagrun for example_setup_teardown to None, run_after=None
[2025-02-01T07:39:02.902+0000] {processor.py:208} INFO - Processing /home/airflow/.local/lib/python3.12/site-packages/airflow/example_dags/example_setup_teardown.py took 0.098 seconds
[2025-02-01T07:39:35.221+0000] {processor.py:186} INFO - Started process (PID=490) to work on /home/airflow/.local/lib/python3.12/site-packages/airflow/example_dags/example_setup_teardown.py
[2025-02-01T07:39:35.223+0000] {processor.py:914} INFO - Processing file /home/airflow/.local/lib/python3.12/site-packages/airflow/example_dags/example_setup_teardown.py for tasks to queue
[2025-02-01T07:39:35.227+0000] {logging_mixin.py:190} INFO - [2025-02-01T07:39:35.227+0000] {dagbag.py:588} INFO - Filling up the DagBag from /home/airflow/.local/lib/python3.12/site-packages/airflow/example_dags/example_setup_teardown.py
[2025-02-01T07:39:35.240+0000] {processor.py:925} INFO - DAG(s) 'example_setup_teardown' retrieved from /home/airflow/.local/lib/python3.12/site-packages/airflow/example_dags/example_setup_teardown.py
[2025-02-01T07:39:35.267+0000] {logging_mixin.py:190} INFO - [2025-02-01T07:39:35.266+0000] {dag.py:3239} INFO - Sync 1 DAGs
[2025-02-01T07:39:35.285+0000] {logging_mixin.py:190} INFO - [2025-02-01T07:39:35.285+0000] {dag.py:4180} INFO - Setting next_dagrun for example_setup_teardown to None, run_after=None
[2025-02-01T07:39:35.314+0000] {processor.py:208} INFO - Processing /home/airflow/.local/lib/python3.12/site-packages/airflow/example_dags/example_setup_teardown.py took 0.102 seconds
[2025-02-01T07:40:06.289+0000] {processor.py:186} INFO - Started process (PID=556) to work on /home/airflow/.local/lib/python3.12/site-packages/airflow/example_dags/example_setup_teardown.py
[2025-02-01T07:40:06.290+0000] {processor.py:914} INFO - Processing file /home/airflow/.local/lib/python3.12/site-packages/airflow/example_dags/example_setup_teardown.py for tasks to queue
[2025-02-01T07:40:06.293+0000] {logging_mixin.py:190} INFO - [2025-02-01T07:40:06.293+0000] {dagbag.py:588} INFO - Filling up the DagBag from /home/airflow/.local/lib/python3.12/site-packages/airflow/example_dags/example_setup_teardown.py
[2025-02-01T07:40:06.304+0000] {processor.py:925} INFO - DAG(s) 'example_setup_teardown' retrieved from /home/airflow/.local/lib/python3.12/site-packages/airflow/example_dags/example_setup_teardown.py
[2025-02-01T07:40:06.328+0000] {logging_mixin.py:190} INFO - [2025-02-01T07:40:06.327+0000] {dag.py:3239} INFO - Sync 1 DAGs
[2025-02-01T07:40:06.346+0000] {logging_mixin.py:190} INFO - [2025-02-01T07:40:06.346+0000] {dag.py:4180} INFO - Setting next_dagrun for example_setup_teardown to None, run_after=None
[2025-02-01T07:40:06.372+0000] {processor.py:208} INFO - Processing /home/airflow/.local/lib/python3.12/site-packages/airflow/example_dags/example_setup_teardown.py took 0.092 seconds
[2025-02-01T07:40:37.232+0000] {processor.py:186} INFO - Started process (PID=622) to work on /home/airflow/.local/lib/python3.12/site-packages/airflow/example_dags/example_setup_teardown.py
[2025-02-01T07:40:37.233+0000] {processor.py:914} INFO - Processing file /home/airflow/.local/lib/python3.12/site-packages/airflow/example_dags/example_setup_teardown.py for tasks to queue
[2025-02-01T07:40:37.236+0000] {logging_mixin.py:190} INFO - [2025-02-01T07:40:37.236+0000] {dagbag.py:588} INFO - Filling up the DagBag from /home/airflow/.local/lib/python3.12/site-packages/airflow/example_dags/example_setup_teardown.py
[2025-02-01T07:40:37.248+0000] {processor.py:925} INFO - DAG(s) 'example_setup_teardown' retrieved from /home/airflow/.local/lib/python3.12/site-packages/airflow/example_dags/example_setup_teardown.py
[2025-02-01T07:40:37.272+0000] {logging_mixin.py:190} INFO - [2025-02-01T07:40:37.272+0000] {dag.py:3239} INFO - Sync 1 DAGs
[2025-02-01T07:40:37.291+0000] {logging_mixin.py:190} INFO - [2025-02-01T07:40:37.291+0000] {dag.py:4180} INFO - Setting next_dagrun for example_setup_teardown to None, run_after=None
[2025-02-01T07:40:37.318+0000] {processor.py:208} INFO - Processing /home/airflow/.local/lib/python3.12/site-packages/airflow/example_dags/example_setup_teardown.py took 0.096 seconds
[2025-02-01T07:41:08.069+0000] {processor.py:186} INFO - Started process (PID=687) to work on /home/airflow/.local/lib/python3.12/site-packages/airflow/example_dags/example_setup_teardown.py
[2025-02-01T07:41:08.071+0000] {processor.py:914} INFO - Processing file /home/airflow/.local/lib/python3.12/site-packages/airflow/example_dags/example_setup_teardown.py for tasks to queue
[2025-02-01T07:41:08.077+0000] {logging_mixin.py:190} INFO - [2025-02-01T07:41:08.076+0000] {dagbag.py:588} INFO - Filling up the DagBag from /home/airflow/.local/lib/python3.12/site-packages/airflow/example_dags/example_setup_teardown.py
[2025-02-01T07:41:08.092+0000] {processor.py:925} INFO - DAG(s) 'example_setup_teardown' retrieved from /home/airflow/.local/lib/python3.12/site-packages/airflow/example_dags/example_setup_teardown.py
[2025-02-01T07:41:08.120+0000] {logging_mixin.py:190} INFO - [2025-02-01T07:41:08.120+0000] {dag.py:3239} INFO - Sync 1 DAGs
[2025-02-01T07:41:08.139+0000] {logging_mixin.py:190} INFO - [2025-02-01T07:41:08.139+0000] {dag.py:4180} INFO - Setting next_dagrun for example_setup_teardown to None, run_after=None
[2025-02-01T07:41:08.167+0000] {processor.py:208} INFO - Processing /home/airflow/.local/lib/python3.12/site-packages/airflow/example_dags/example_setup_teardown.py took 0.111 seconds
[2025-02-01T07:41:39.499+0000] {processor.py:186} INFO - Started process (PID=753) to work on /home/airflow/.local/lib/python3.12/site-packages/airflow/example_dags/example_setup_teardown.py
[2025-02-01T07:41:39.501+0000] {processor.py:914} INFO - Processing file /home/airflow/.local/lib/python3.12/site-packages/airflow/example_dags/example_setup_teardown.py for tasks to queue
[2025-02-01T07:41:39.505+0000] {logging_mixin.py:190} INFO - [2025-02-01T07:41:39.504+0000] {dagbag.py:588} INFO - Filling up the DagBag from /home/airflow/.local/lib/python3.12/site-packages/airflow/example_dags/example_setup_teardown.py
[2025-02-01T07:41:39.516+0000] {processor.py:925} INFO - DAG(s) 'example_setup_teardown' retrieved from /home/airflow/.local/lib/python3.12/site-packages/airflow/example_dags/example_setup_teardown.py
[2025-02-01T07:41:39.547+0000] {logging_mixin.py:190} INFO - [2025-02-01T07:41:39.546+0000] {dag.py:3239} INFO - Sync 1 DAGs
[2025-02-01T07:41:39.580+0000] {logging_mixin.py:190} INFO - [2025-02-01T07:41:39.580+0000] {dag.py:4180} INFO - Setting next_dagrun for example_setup_teardown to None, run_after=None
[2025-02-01T07:41:39.629+0000] {processor.py:208} INFO - Processing /home/airflow/.local/lib/python3.12/site-packages/airflow/example_dags/example_setup_teardown.py took 0.142 seconds
[2025-02-01T07:42:11.015+0000] {processor.py:186} INFO - Started process (PID=819) to work on /home/airflow/.local/lib/python3.12/site-packages/airflow/example_dags/example_setup_teardown.py
[2025-02-01T07:42:11.017+0000] {processor.py:914} INFO - Processing file /home/airflow/.local/lib/python3.12/site-packages/airflow/example_dags/example_setup_teardown.py for tasks to queue
[2025-02-01T07:42:11.020+0000] {logging_mixin.py:190} INFO - [2025-02-01T07:42:11.020+0000] {dagbag.py:588} INFO - Filling up the DagBag from /home/airflow/.local/lib/python3.12/site-packages/airflow/example_dags/example_setup_teardown.py
[2025-02-01T07:42:11.031+0000] {processor.py:925} INFO - DAG(s) 'example_setup_teardown' retrieved from /home/airflow/.local/lib/python3.12/site-packages/airflow/example_dags/example_setup_teardown.py
[2025-02-01T07:42:11.064+0000] {logging_mixin.py:190} INFO - [2025-02-01T07:42:11.064+0000] {dag.py:3239} INFO - Sync 1 DAGs
[2025-02-01T07:42:11.085+0000] {logging_mixin.py:190} INFO - [2025-02-01T07:42:11.085+0000] {dag.py:4180} INFO - Setting next_dagrun for example_setup_teardown to None, run_after=None
[2025-02-01T07:42:11.115+0000] {processor.py:208} INFO - Processing /home/airflow/.local/lib/python3.12/site-packages/airflow/example_dags/example_setup_teardown.py took 0.109 seconds
[2025-02-01T07:42:42.579+0000] {processor.py:186} INFO - Started process (PID=885) to work on /home/airflow/.local/lib/python3.12/site-packages/airflow/example_dags/example_setup_teardown.py
[2025-02-01T07:42:42.580+0000] {processor.py:914} INFO - Processing file /home/airflow/.local/lib/python3.12/site-packages/airflow/example_dags/example_setup_teardown.py for tasks to queue
[2025-02-01T07:42:42.583+0000] {logging_mixin.py:190} INFO - [2025-02-01T07:42:42.583+0000] {dagbag.py:588} INFO - Filling up the DagBag from /home/airflow/.local/lib/python3.12/site-packages/airflow/example_dags/example_setup_teardown.py
[2025-02-01T07:42:42.594+0000] {processor.py:925} INFO - DAG(s) 'example_setup_teardown' retrieved from /home/airflow/.local/lib/python3.12/site-packages/airflow/example_dags/example_setup_teardown.py
[2025-02-01T07:42:42.618+0000] {logging_mixin.py:190} INFO - [2025-02-01T07:42:42.617+0000] {dag.py:3239} INFO - Sync 1 DAGs
[2025-02-01T07:42:42.635+0000] {logging_mixin.py:190} INFO - [2025-02-01T07:42:42.635+0000] {dag.py:4180} INFO - Setting next_dagrun for example_setup_teardown to None, run_after=None
[2025-02-01T07:42:42.662+0000] {processor.py:208} INFO - Processing /home/airflow/.local/lib/python3.12/site-packages/airflow/example_dags/example_setup_teardown.py took 0.092 seconds
[2025-02-01T07:43:13.788+0000] {processor.py:186} INFO - Started process (PID=951) to work on /home/airflow/.local/lib/python3.12/site-packages/airflow/example_dags/example_setup_teardown.py
[2025-02-01T07:43:13.789+0000] {processor.py:914} INFO - Processing file /home/airflow/.local/lib/python3.12/site-packages/airflow/example_dags/example_setup_teardown.py for tasks to queue
[2025-02-01T07:43:13.794+0000] {logging_mixin.py:190} INFO - [2025-02-01T07:43:13.793+0000] {dagbag.py:588} INFO - Filling up the DagBag from /home/airflow/.local/lib/python3.12/site-packages/airflow/example_dags/example_setup_teardown.py
[2025-02-01T07:43:13.806+0000] {processor.py:925} INFO - DAG(s) 'example_setup_teardown' retrieved from /home/airflow/.local/lib/python3.12/site-packages/airflow/example_dags/example_setup_teardown.py
[2025-02-01T07:43:13.831+0000] {logging_mixin.py:190} INFO - [2025-02-01T07:43:13.831+0000] {dag.py:3239} INFO - Sync 1 DAGs
[2025-02-01T07:43:13.852+0000] {logging_mixin.py:190} INFO - [2025-02-01T07:43:13.852+0000] {dag.py:4180} INFO - Setting next_dagrun for example_setup_teardown to None, run_after=None
[2025-02-01T07:43:13.886+0000] {processor.py:208} INFO - Processing /home/airflow/.local/lib/python3.12/site-packages/airflow/example_dags/example_setup_teardown.py took 0.108 seconds
[2025-02-01T07:43:45.098+0000] {processor.py:186} INFO - Started process (PID=1017) to work on /home/airflow/.local/lib/python3.12/site-packages/airflow/example_dags/example_setup_teardown.py
[2025-02-01T07:43:45.100+0000] {processor.py:914} INFO - Processing file /home/airflow/.local/lib/python3.12/site-packages/airflow/example_dags/example_setup_teardown.py for tasks to queue
[2025-02-01T07:43:45.103+0000] {logging_mixin.py:190} INFO - [2025-02-01T07:43:45.103+0000] {dagbag.py:588} INFO - Filling up the DagBag from /home/airflow/.local/lib/python3.12/site-packages/airflow/example_dags/example_setup_teardown.py
[2025-02-01T07:43:45.115+0000] {processor.py:925} INFO - DAG(s) 'example_setup_teardown' retrieved from /home/airflow/.local/lib/python3.12/site-packages/airflow/example_dags/example_setup_teardown.py
[2025-02-01T07:43:45.140+0000] {logging_mixin.py:190} INFO - [2025-02-01T07:43:45.139+0000] {dag.py:3239} INFO - Sync 1 DAGs
[2025-02-01T07:43:45.156+0000] {logging_mixin.py:190} INFO - [2025-02-01T07:43:45.156+0000] {dag.py:4180} INFO - Setting next_dagrun for example_setup_teardown to None, run_after=None
[2025-02-01T07:43:45.183+0000] {processor.py:208} INFO - Processing /home/airflow/.local/lib/python3.12/site-packages/airflow/example_dags/example_setup_teardown.py took 0.094 seconds
[2025-02-01T07:44:17.981+0000] {processor.py:186} INFO - Started process (PID=1083) to work on /home/airflow/.local/lib/python3.12/site-packages/airflow/example_dags/example_setup_teardown.py
[2025-02-01T07:44:17.986+0000] {processor.py:914} INFO - Processing file /home/airflow/.local/lib/python3.12/site-packages/airflow/example_dags/example_setup_teardown.py for tasks to queue
[2025-02-01T07:44:17.990+0000] {logging_mixin.py:190} INFO - [2025-02-01T07:44:17.990+0000] {dagbag.py:588} INFO - Filling up the DagBag from /home/airflow/.local/lib/python3.12/site-packages/airflow/example_dags/example_setup_teardown.py
[2025-02-01T07:44:18.004+0000] {processor.py:925} INFO - DAG(s) 'example_setup_teardown' retrieved from /home/airflow/.local/lib/python3.12/site-packages/airflow/example_dags/example_setup_teardown.py
[2025-02-01T07:44:18.047+0000] {logging_mixin.py:190} INFO - [2025-02-01T07:44:18.047+0000] {dag.py:3239} INFO - Sync 1 DAGs
[2025-02-01T07:44:18.091+0000] {logging_mixin.py:190} INFO - [2025-02-01T07:44:18.090+0000] {dag.py:4180} INFO - Setting next_dagrun for example_setup_teardown to None, run_after=None
[2025-02-01T07:44:18.120+0000] {processor.py:208} INFO - Processing /home/airflow/.local/lib/python3.12/site-packages/airflow/example_dags/example_setup_teardown.py took 0.149 seconds
[2025-02-01T07:44:48.883+0000] {processor.py:186} INFO - Started process (PID=1149) to work on /home/airflow/.local/lib/python3.12/site-packages/airflow/example_dags/example_setup_teardown.py
[2025-02-01T07:44:48.886+0000] {processor.py:914} INFO - Processing file /home/airflow/.local/lib/python3.12/site-packages/airflow/example_dags/example_setup_teardown.py for tasks to queue
[2025-02-01T07:44:48.890+0000] {logging_mixin.py:190} INFO - [2025-02-01T07:44:48.890+0000] {dagbag.py:588} INFO - Filling up the DagBag from /home/airflow/.local/lib/python3.12/site-packages/airflow/example_dags/example_setup_teardown.py
[2025-02-01T07:44:48.907+0000] {processor.py:925} INFO - DAG(s) 'example_setup_teardown' retrieved from /home/airflow/.local/lib/python3.12/site-packages/airflow/example_dags/example_setup_teardown.py
[2025-02-01T07:44:48.943+0000] {logging_mixin.py:190} INFO - [2025-02-01T07:44:48.940+0000] {dag.py:3239} INFO - Sync 1 DAGs
[2025-02-01T07:44:48.971+0000] {logging_mixin.py:190} INFO - [2025-02-01T07:44:48.970+0000] {dag.py:4180} INFO - Setting next_dagrun for example_setup_teardown to None, run_after=None
[2025-02-01T07:44:49.043+0000] {processor.py:208} INFO - Processing /home/airflow/.local/lib/python3.12/site-packages/airflow/example_dags/example_setup_teardown.py took 0.174 seconds
[2025-02-01T07:45:20.501+0000] {processor.py:186} INFO - Started process (PID=1215) to work on /home/airflow/.local/lib/python3.12/site-packages/airflow/example_dags/example_setup_teardown.py
[2025-02-01T07:45:20.503+0000] {processor.py:914} INFO - Processing file /home/airflow/.local/lib/python3.12/site-packages/airflow/example_dags/example_setup_teardown.py for tasks to queue
[2025-02-01T07:45:20.506+0000] {logging_mixin.py:190} INFO - [2025-02-01T07:45:20.506+0000] {dagbag.py:588} INFO - Filling up the DagBag from /home/airflow/.local/lib/python3.12/site-packages/airflow/example_dags/example_setup_teardown.py
[2025-02-01T07:45:20.521+0000] {processor.py:925} INFO - DAG(s) 'example_setup_teardown' retrieved from /home/airflow/.local/lib/python3.12/site-packages/airflow/example_dags/example_setup_teardown.py
[2025-02-01T07:45:20.558+0000] {logging_mixin.py:190} INFO - [2025-02-01T07:45:20.557+0000] {dag.py:3239} INFO - Sync 1 DAGs
[2025-02-01T07:45:20.578+0000] {logging_mixin.py:190} INFO - [2025-02-01T07:45:20.578+0000] {dag.py:4180} INFO - Setting next_dagrun for example_setup_teardown to None, run_after=None
[2025-02-01T07:45:20.606+0000] {processor.py:208} INFO - Processing /home/airflow/.local/lib/python3.12/site-packages/airflow/example_dags/example_setup_teardown.py took 0.114 seconds
[2025-02-01T07:45:52.336+0000] {processor.py:186} INFO - Started process (PID=1281) to work on /home/airflow/.local/lib/python3.12/site-packages/airflow/example_dags/example_setup_teardown.py
[2025-02-01T07:45:52.344+0000] {processor.py:914} INFO - Processing file /home/airflow/.local/lib/python3.12/site-packages/airflow/example_dags/example_setup_teardown.py for tasks to queue
[2025-02-01T07:45:52.348+0000] {logging_mixin.py:190} INFO - [2025-02-01T07:45:52.348+0000] {dagbag.py:588} INFO - Filling up the DagBag from /home/airflow/.local/lib/python3.12/site-packages/airflow/example_dags/example_setup_teardown.py
[2025-02-01T07:45:52.364+0000] {processor.py:925} INFO - DAG(s) 'example_setup_teardown' retrieved from /home/airflow/.local/lib/python3.12/site-packages/airflow/example_dags/example_setup_teardown.py
[2025-02-01T07:45:52.397+0000] {logging_mixin.py:190} INFO - [2025-02-01T07:45:52.396+0000] {dag.py:3239} INFO - Sync 1 DAGs
[2025-02-01T07:45:52.432+0000] {logging_mixin.py:190} INFO - [2025-02-01T07:45:52.432+0000] {dag.py:4180} INFO - Setting next_dagrun for example_setup_teardown to None, run_after=None
[2025-02-01T07:45:52.479+0000] {processor.py:208} INFO - Processing /home/airflow/.local/lib/python3.12/site-packages/airflow/example_dags/example_setup_teardown.py took 0.155 seconds
[2025-02-01T07:46:22.693+0000] {processor.py:186} INFO - Started process (PID=1347) to work on /home/airflow/.local/lib/python3.12/site-packages/airflow/example_dags/example_setup_teardown.py
[2025-02-01T07:46:22.694+0000] {processor.py:914} INFO - Processing file /home/airflow/.local/lib/python3.12/site-packages/airflow/example_dags/example_setup_teardown.py for tasks to queue
[2025-02-01T07:46:22.699+0000] {logging_mixin.py:190} INFO - [2025-02-01T07:46:22.698+0000] {dagbag.py:588} INFO - Filling up the DagBag from /home/airflow/.local/lib/python3.12/site-packages/airflow/example_dags/example_setup_teardown.py
[2025-02-01T07:46:22.713+0000] {processor.py:925} INFO - DAG(s) 'example_setup_teardown' retrieved from /home/airflow/.local/lib/python3.12/site-packages/airflow/example_dags/example_setup_teardown.py
[2025-02-01T07:46:22.744+0000] {logging_mixin.py:190} INFO - [2025-02-01T07:46:22.743+0000] {dag.py:3239} INFO - Sync 1 DAGs
[2025-02-01T07:46:22.779+0000] {logging_mixin.py:190} INFO - [2025-02-01T07:46:22.779+0000] {dag.py:4180} INFO - Setting next_dagrun for example_setup_teardown to None, run_after=None
[2025-02-01T07:46:22.821+0000] {processor.py:208} INFO - Processing /home/airflow/.local/lib/python3.12/site-packages/airflow/example_dags/example_setup_teardown.py took 0.139 seconds
[2025-02-01T07:46:54.087+0000] {processor.py:186} INFO - Started process (PID=1413) to work on /home/airflow/.local/lib/python3.12/site-packages/airflow/example_dags/example_setup_teardown.py
[2025-02-01T07:46:54.088+0000] {processor.py:914} INFO - Processing file /home/airflow/.local/lib/python3.12/site-packages/airflow/example_dags/example_setup_teardown.py for tasks to queue
[2025-02-01T07:46:54.092+0000] {logging_mixin.py:190} INFO - [2025-02-01T07:46:54.091+0000] {dagbag.py:588} INFO - Filling up the DagBag from /home/airflow/.local/lib/python3.12/site-packages/airflow/example_dags/example_setup_teardown.py
[2025-02-01T07:46:54.104+0000] {processor.py:925} INFO - DAG(s) 'example_setup_teardown' retrieved from /home/airflow/.local/lib/python3.12/site-packages/airflow/example_dags/example_setup_teardown.py
[2025-02-01T07:46:54.132+0000] {logging_mixin.py:190} INFO - [2025-02-01T07:46:54.132+0000] {dag.py:3239} INFO - Sync 1 DAGs
[2025-02-01T07:46:54.152+0000] {logging_mixin.py:190} INFO - [2025-02-01T07:46:54.152+0000] {dag.py:4180} INFO - Setting next_dagrun for example_setup_teardown to None, run_after=None
[2025-02-01T07:46:54.179+0000] {processor.py:208} INFO - Processing /home/airflow/.local/lib/python3.12/site-packages/airflow/example_dags/example_setup_teardown.py took 0.103 seconds
[2025-02-01T07:47:26.082+0000] {processor.py:186} INFO - Started process (PID=1479) to work on /home/airflow/.local/lib/python3.12/site-packages/airflow/example_dags/example_setup_teardown.py
[2025-02-01T07:47:26.083+0000] {processor.py:914} INFO - Processing file /home/airflow/.local/lib/python3.12/site-packages/airflow/example_dags/example_setup_teardown.py for tasks to queue
[2025-02-01T07:47:26.086+0000] {logging_mixin.py:190} INFO - [2025-02-01T07:47:26.086+0000] {dagbag.py:588} INFO - Filling up the DagBag from /home/airflow/.local/lib/python3.12/site-packages/airflow/example_dags/example_setup_teardown.py
[2025-02-01T07:47:26.097+0000] {processor.py:925} INFO - DAG(s) 'example_setup_teardown' retrieved from /home/airflow/.local/lib/python3.12/site-packages/airflow/example_dags/example_setup_teardown.py
[2025-02-01T07:47:26.120+0000] {logging_mixin.py:190} INFO - [2025-02-01T07:47:26.119+0000] {dag.py:3239} INFO - Sync 1 DAGs
[2025-02-01T07:47:26.137+0000] {logging_mixin.py:190} INFO - [2025-02-01T07:47:26.136+0000] {dag.py:4180} INFO - Setting next_dagrun for example_setup_teardown to None, run_after=None
[2025-02-01T07:47:26.163+0000] {processor.py:208} INFO - Processing /home/airflow/.local/lib/python3.12/site-packages/airflow/example_dags/example_setup_teardown.py took 0.096 seconds
[2025-02-01T07:47:57.726+0000] {processor.py:186} INFO - Started process (PID=1545) to work on /home/airflow/.local/lib/python3.12/site-packages/airflow/example_dags/example_setup_teardown.py
[2025-02-01T07:47:57.727+0000] {processor.py:914} INFO - Processing file /home/airflow/.local/lib/python3.12/site-packages/airflow/example_dags/example_setup_teardown.py for tasks to queue
[2025-02-01T07:47:57.731+0000] {logging_mixin.py:190} INFO - [2025-02-01T07:47:57.730+0000] {dagbag.py:588} INFO - Filling up the DagBag from /home/airflow/.local/lib/python3.12/site-packages/airflow/example_dags/example_setup_teardown.py
[2025-02-01T07:47:57.743+0000] {processor.py:925} INFO - DAG(s) 'example_setup_teardown' retrieved from /home/airflow/.local/lib/python3.12/site-packages/airflow/example_dags/example_setup_teardown.py
[2025-02-01T07:47:57.769+0000] {logging_mixin.py:190} INFO - [2025-02-01T07:47:57.769+0000] {dag.py:3239} INFO - Sync 1 DAGs
[2025-02-01T07:47:57.788+0000] {logging_mixin.py:190} INFO - [2025-02-01T07:47:57.788+0000] {dag.py:4180} INFO - Setting next_dagrun for example_setup_teardown to None, run_after=None
[2025-02-01T07:47:57.816+0000] {processor.py:208} INFO - Processing /home/airflow/.local/lib/python3.12/site-packages/airflow/example_dags/example_setup_teardown.py took 0.101 seconds
[2025-02-01T07:48:28.304+0000] {processor.py:186} INFO - Started process (PID=1611) to work on /home/airflow/.local/lib/python3.12/site-packages/airflow/example_dags/example_setup_teardown.py
[2025-02-01T07:48:28.305+0000] {processor.py:914} INFO - Processing file /home/airflow/.local/lib/python3.12/site-packages/airflow/example_dags/example_setup_teardown.py for tasks to queue
[2025-02-01T07:48:28.309+0000] {logging_mixin.py:190} INFO - [2025-02-01T07:48:28.308+0000] {dagbag.py:588} INFO - Filling up the DagBag from /home/airflow/.local/lib/python3.12/site-packages/airflow/example_dags/example_setup_teardown.py
[2025-02-01T07:48:28.322+0000] {processor.py:925} INFO - DAG(s) 'example_setup_teardown' retrieved from /home/airflow/.local/lib/python3.12/site-packages/airflow/example_dags/example_setup_teardown.py
[2025-02-01T07:48:28.348+0000] {logging_mixin.py:190} INFO - [2025-02-01T07:48:28.347+0000] {dag.py:3239} INFO - Sync 1 DAGs
[2025-02-01T07:48:28.367+0000] {logging_mixin.py:190} INFO - [2025-02-01T07:48:28.367+0000] {dag.py:4180} INFO - Setting next_dagrun for example_setup_teardown to None, run_after=None
[2025-02-01T07:48:28.396+0000] {processor.py:208} INFO - Processing /home/airflow/.local/lib/python3.12/site-packages/airflow/example_dags/example_setup_teardown.py took 0.104 seconds
[2025-02-01T07:48:59.588+0000] {processor.py:186} INFO - Started process (PID=1677) to work on /home/airflow/.local/lib/python3.12/site-packages/airflow/example_dags/example_setup_teardown.py
[2025-02-01T07:48:59.589+0000] {processor.py:914} INFO - Processing file /home/airflow/.local/lib/python3.12/site-packages/airflow/example_dags/example_setup_teardown.py for tasks to queue
[2025-02-01T07:48:59.592+0000] {logging_mixin.py:190} INFO - [2025-02-01T07:48:59.592+0000] {dagbag.py:588} INFO - Filling up the DagBag from /home/airflow/.local/lib/python3.12/site-packages/airflow/example_dags/example_setup_teardown.py
[2025-02-01T07:48:59.604+0000] {processor.py:925} INFO - DAG(s) 'example_setup_teardown' retrieved from /home/airflow/.local/lib/python3.12/site-packages/airflow/example_dags/example_setup_teardown.py
[2025-02-01T07:48:59.631+0000] {logging_mixin.py:190} INFO - [2025-02-01T07:48:59.631+0000] {dag.py:3239} INFO - Sync 1 DAGs
[2025-02-01T07:48:59.653+0000] {logging_mixin.py:190} INFO - [2025-02-01T07:48:59.653+0000] {dag.py:4180} INFO - Setting next_dagrun for example_setup_teardown to None, run_after=None
[2025-02-01T07:48:59.684+0000] {processor.py:208} INFO - Processing /home/airflow/.local/lib/python3.12/site-packages/airflow/example_dags/example_setup_teardown.py took 0.106 seconds
[2025-02-01T07:49:31.161+0000] {processor.py:186} INFO - Started process (PID=1743) to work on /home/airflow/.local/lib/python3.12/site-packages/airflow/example_dags/example_setup_teardown.py
[2025-02-01T07:49:31.162+0000] {processor.py:914} INFO - Processing file /home/airflow/.local/lib/python3.12/site-packages/airflow/example_dags/example_setup_teardown.py for tasks to queue
[2025-02-01T07:49:31.165+0000] {logging_mixin.py:190} INFO - [2025-02-01T07:49:31.165+0000] {dagbag.py:588} INFO - Filling up the DagBag from /home/airflow/.local/lib/python3.12/site-packages/airflow/example_dags/example_setup_teardown.py
[2025-02-01T07:49:31.178+0000] {processor.py:925} INFO - DAG(s) 'example_setup_teardown' retrieved from /home/airflow/.local/lib/python3.12/site-packages/airflow/example_dags/example_setup_teardown.py
[2025-02-01T07:49:31.203+0000] {logging_mixin.py:190} INFO - [2025-02-01T07:49:31.203+0000] {dag.py:3239} INFO - Sync 1 DAGs
[2025-02-01T07:49:31.225+0000] {logging_mixin.py:190} INFO - [2025-02-01T07:49:31.224+0000] {dag.py:4180} INFO - Setting next_dagrun for example_setup_teardown to None, run_after=None
[2025-02-01T07:49:31.256+0000] {processor.py:208} INFO - Processing /home/airflow/.local/lib/python3.12/site-packages/airflow/example_dags/example_setup_teardown.py took 0.105 seconds
[2025-02-01T07:50:02.911+0000] {processor.py:186} INFO - Started process (PID=1814) to work on /home/airflow/.local/lib/python3.12/site-packages/airflow/example_dags/example_setup_teardown.py
[2025-02-01T07:50:02.912+0000] {processor.py:914} INFO - Processing file /home/airflow/.local/lib/python3.12/site-packages/airflow/example_dags/example_setup_teardown.py for tasks to queue
[2025-02-01T07:50:02.916+0000] {logging_mixin.py:190} INFO - [2025-02-01T07:50:02.916+0000] {dagbag.py:588} INFO - Filling up the DagBag from /home/airflow/.local/lib/python3.12/site-packages/airflow/example_dags/example_setup_teardown.py
[2025-02-01T07:50:02.927+0000] {processor.py:925} INFO - DAG(s) 'example_setup_teardown' retrieved from /home/airflow/.local/lib/python3.12/site-packages/airflow/example_dags/example_setup_teardown.py
[2025-02-01T07:50:02.959+0000] {logging_mixin.py:190} INFO - [2025-02-01T07:50:02.959+0000] {dag.py:3239} INFO - Sync 1 DAGs
[2025-02-01T07:50:02.985+0000] {logging_mixin.py:190} INFO - [2025-02-01T07:50:02.985+0000] {dag.py:4180} INFO - Setting next_dagrun for example_setup_teardown to None, run_after=None
[2025-02-01T07:50:03.009+0000] {processor.py:208} INFO - Processing /home/airflow/.local/lib/python3.12/site-packages/airflow/example_dags/example_setup_teardown.py took 0.108 seconds
[2025-02-01T07:50:34.752+0000] {processor.py:186} INFO - Started process (PID=1881) to work on /home/airflow/.local/lib/python3.12/site-packages/airflow/example_dags/example_setup_teardown.py
[2025-02-01T07:50:34.753+0000] {processor.py:914} INFO - Processing file /home/airflow/.local/lib/python3.12/site-packages/airflow/example_dags/example_setup_teardown.py for tasks to queue
[2025-02-01T07:50:34.757+0000] {logging_mixin.py:190} INFO - [2025-02-01T07:50:34.756+0000] {dagbag.py:588} INFO - Filling up the DagBag from /home/airflow/.local/lib/python3.12/site-packages/airflow/example_dags/example_setup_teardown.py
[2025-02-01T07:50:34.770+0000] {processor.py:925} INFO - DAG(s) 'example_setup_teardown' retrieved from /home/airflow/.local/lib/python3.12/site-packages/airflow/example_dags/example_setup_teardown.py
[2025-02-01T07:50:34.793+0000] {logging_mixin.py:190} INFO - [2025-02-01T07:50:34.792+0000] {dag.py:3239} INFO - Sync 1 DAGs
[2025-02-01T07:50:34.810+0000] {logging_mixin.py:190} INFO - [2025-02-01T07:50:34.810+0000] {dag.py:4180} INFO - Setting next_dagrun for example_setup_teardown to None, run_after=None
[2025-02-01T07:50:34.839+0000] {processor.py:208} INFO - Processing /home/airflow/.local/lib/python3.12/site-packages/airflow/example_dags/example_setup_teardown.py took 0.096 seconds
[2025-02-01T07:51:05.913+0000] {processor.py:186} INFO - Started process (PID=1953) to work on /home/airflow/.local/lib/python3.12/site-packages/airflow/example_dags/example_setup_teardown.py
[2025-02-01T07:51:05.915+0000] {processor.py:914} INFO - Processing file /home/airflow/.local/lib/python3.12/site-packages/airflow/example_dags/example_setup_teardown.py for tasks to queue
[2025-02-01T07:51:05.918+0000] {logging_mixin.py:190} INFO - [2025-02-01T07:51:05.917+0000] {dagbag.py:588} INFO - Filling up the DagBag from /home/airflow/.local/lib/python3.12/site-packages/airflow/example_dags/example_setup_teardown.py
[2025-02-01T07:51:05.928+0000] {processor.py:925} INFO - DAG(s) 'example_setup_teardown' retrieved from /home/airflow/.local/lib/python3.12/site-packages/airflow/example_dags/example_setup_teardown.py
[2025-02-01T07:51:05.953+0000] {logging_mixin.py:190} INFO - [2025-02-01T07:51:05.953+0000] {dag.py:3239} INFO - Sync 1 DAGs
[2025-02-01T07:51:05.973+0000] {logging_mixin.py:190} INFO - [2025-02-01T07:51:05.973+0000] {dag.py:4180} INFO - Setting next_dagrun for example_setup_teardown to None, run_after=None
[2025-02-01T07:51:06.024+0000] {processor.py:208} INFO - Processing /home/airflow/.local/lib/python3.12/site-packages/airflow/example_dags/example_setup_teardown.py took 0.119 seconds
[2025-02-01T07:51:36.920+0000] {processor.py:186} INFO - Started process (PID=2019) to work on /home/airflow/.local/lib/python3.12/site-packages/airflow/example_dags/example_setup_teardown.py
[2025-02-01T07:51:36.922+0000] {processor.py:914} INFO - Processing file /home/airflow/.local/lib/python3.12/site-packages/airflow/example_dags/example_setup_teardown.py for tasks to queue
[2025-02-01T07:51:36.926+0000] {logging_mixin.py:190} INFO - [2025-02-01T07:51:36.925+0000] {dagbag.py:588} INFO - Filling up the DagBag from /home/airflow/.local/lib/python3.12/site-packages/airflow/example_dags/example_setup_teardown.py
[2025-02-01T07:51:36.942+0000] {processor.py:925} INFO - DAG(s) 'example_setup_teardown' retrieved from /home/airflow/.local/lib/python3.12/site-packages/airflow/example_dags/example_setup_teardown.py
[2025-02-01T07:51:36.981+0000] {logging_mixin.py:190} INFO - [2025-02-01T07:51:36.980+0000] {dag.py:3239} INFO - Sync 1 DAGs
[2025-02-01T07:51:37.009+0000] {logging_mixin.py:190} INFO - [2025-02-01T07:51:37.008+0000] {dag.py:4180} INFO - Setting next_dagrun for example_setup_teardown to None, run_after=None
[2025-02-01T07:51:37.062+0000] {processor.py:208} INFO - Processing /home/airflow/.local/lib/python3.12/site-packages/airflow/example_dags/example_setup_teardown.py took 0.153 seconds
[2025-02-01T07:52:09.133+0000] {processor.py:186} INFO - Started process (PID=2085) to work on /home/airflow/.local/lib/python3.12/site-packages/airflow/example_dags/example_setup_teardown.py
[2025-02-01T07:52:09.134+0000] {processor.py:914} INFO - Processing file /home/airflow/.local/lib/python3.12/site-packages/airflow/example_dags/example_setup_teardown.py for tasks to queue
[2025-02-01T07:52:09.138+0000] {logging_mixin.py:190} INFO - [2025-02-01T07:52:09.137+0000] {dagbag.py:588} INFO - Filling up the DagBag from /home/airflow/.local/lib/python3.12/site-packages/airflow/example_dags/example_setup_teardown.py
[2025-02-01T07:52:09.150+0000] {processor.py:925} INFO - DAG(s) 'example_setup_teardown' retrieved from /home/airflow/.local/lib/python3.12/site-packages/airflow/example_dags/example_setup_teardown.py
[2025-02-01T07:52:09.178+0000] {logging_mixin.py:190} INFO - [2025-02-01T07:52:09.178+0000] {dag.py:3239} INFO - Sync 1 DAGs
[2025-02-01T07:52:09.200+0000] {logging_mixin.py:190} INFO - [2025-02-01T07:52:09.200+0000] {dag.py:4180} INFO - Setting next_dagrun for example_setup_teardown to None, run_after=None
[2025-02-01T07:52:09.241+0000] {processor.py:208} INFO - Processing /home/airflow/.local/lib/python3.12/site-packages/airflow/example_dags/example_setup_teardown.py took 0.119 seconds
[2025-02-01T07:52:41.632+0000] {processor.py:186} INFO - Started process (PID=2151) to work on /home/airflow/.local/lib/python3.12/site-packages/airflow/example_dags/example_setup_teardown.py
[2025-02-01T07:52:41.634+0000] {processor.py:914} INFO - Processing file /home/airflow/.local/lib/python3.12/site-packages/airflow/example_dags/example_setup_teardown.py for tasks to queue
[2025-02-01T07:52:41.640+0000] {logging_mixin.py:190} INFO - [2025-02-01T07:52:41.639+0000] {dagbag.py:588} INFO - Filling up the DagBag from /home/airflow/.local/lib/python3.12/site-packages/airflow/example_dags/example_setup_teardown.py
[2025-02-01T07:52:41.653+0000] {processor.py:925} INFO - DAG(s) 'example_setup_teardown' retrieved from /home/airflow/.local/lib/python3.12/site-packages/airflow/example_dags/example_setup_teardown.py
[2025-02-01T07:52:41.680+0000] {logging_mixin.py:190} INFO - [2025-02-01T07:52:41.679+0000] {dag.py:3239} INFO - Sync 1 DAGs
[2025-02-01T07:52:41.698+0000] {logging_mixin.py:190} INFO - [2025-02-01T07:52:41.697+0000] {dag.py:4180} INFO - Setting next_dagrun for example_setup_teardown to None, run_after=None
[2025-02-01T07:52:41.723+0000] {processor.py:208} INFO - Processing /home/airflow/.local/lib/python3.12/site-packages/airflow/example_dags/example_setup_teardown.py took 0.101 seconds
[2025-02-01T07:53:13.679+0000] {processor.py:186} INFO - Started process (PID=2217) to work on /home/airflow/.local/lib/python3.12/site-packages/airflow/example_dags/example_setup_teardown.py
[2025-02-01T07:53:13.680+0000] {processor.py:914} INFO - Processing file /home/airflow/.local/lib/python3.12/site-packages/airflow/example_dags/example_setup_teardown.py for tasks to queue
[2025-02-01T07:53:13.683+0000] {logging_mixin.py:190} INFO - [2025-02-01T07:53:13.683+0000] {dagbag.py:588} INFO - Filling up the DagBag from /home/airflow/.local/lib/python3.12/site-packages/airflow/example_dags/example_setup_teardown.py
[2025-02-01T07:53:13.696+0000] {processor.py:925} INFO - DAG(s) 'example_setup_teardown' retrieved from /home/airflow/.local/lib/python3.12/site-packages/airflow/example_dags/example_setup_teardown.py
[2025-02-01T07:53:13.722+0000] {logging_mixin.py:190} INFO - [2025-02-01T07:53:13.721+0000] {dag.py:3239} INFO - Sync 1 DAGs
[2025-02-01T07:53:13.742+0000] {logging_mixin.py:190} INFO - [2025-02-01T07:53:13.742+0000] {dag.py:4180} INFO - Setting next_dagrun for example_setup_teardown to None, run_after=None
[2025-02-01T07:53:13.770+0000] {processor.py:208} INFO - Processing /home/airflow/.local/lib/python3.12/site-packages/airflow/example_dags/example_setup_teardown.py took 0.101 seconds
[2025-02-01T07:53:44.985+0000] {processor.py:186} INFO - Started process (PID=2283) to work on /home/airflow/.local/lib/python3.12/site-packages/airflow/example_dags/example_setup_teardown.py
[2025-02-01T07:53:44.988+0000] {processor.py:914} INFO - Processing file /home/airflow/.local/lib/python3.12/site-packages/airflow/example_dags/example_setup_teardown.py for tasks to queue
[2025-02-01T07:53:44.996+0000] {logging_mixin.py:190} INFO - [2025-02-01T07:53:44.995+0000] {dagbag.py:588} INFO - Filling up the DagBag from /home/airflow/.local/lib/python3.12/site-packages/airflow/example_dags/example_setup_teardown.py
[2025-02-01T07:53:45.020+0000] {processor.py:925} INFO - DAG(s) 'example_setup_teardown' retrieved from /home/airflow/.local/lib/python3.12/site-packages/airflow/example_dags/example_setup_teardown.py
[2025-02-01T07:53:45.058+0000] {logging_mixin.py:190} INFO - [2025-02-01T07:53:45.058+0000] {dag.py:3239} INFO - Sync 1 DAGs
[2025-02-01T07:53:45.084+0000] {logging_mixin.py:190} INFO - [2025-02-01T07:53:45.084+0000] {dag.py:4180} INFO - Setting next_dagrun for example_setup_teardown to None, run_after=None
[2025-02-01T07:53:45.113+0000] {processor.py:208} INFO - Processing /home/airflow/.local/lib/python3.12/site-packages/airflow/example_dags/example_setup_teardown.py took 0.151 seconds
[2025-02-01T07:54:16.558+0000] {processor.py:186} INFO - Started process (PID=2349) to work on /home/airflow/.local/lib/python3.12/site-packages/airflow/example_dags/example_setup_teardown.py
[2025-02-01T07:54:16.560+0000] {processor.py:914} INFO - Processing file /home/airflow/.local/lib/python3.12/site-packages/airflow/example_dags/example_setup_teardown.py for tasks to queue
[2025-02-01T07:54:16.563+0000] {logging_mixin.py:190} INFO - [2025-02-01T07:54:16.563+0000] {dagbag.py:588} INFO - Filling up the DagBag from /home/airflow/.local/lib/python3.12/site-packages/airflow/example_dags/example_setup_teardown.py
[2025-02-01T07:54:16.576+0000] {processor.py:925} INFO - DAG(s) 'example_setup_teardown' retrieved from /home/airflow/.local/lib/python3.12/site-packages/airflow/example_dags/example_setup_teardown.py
[2025-02-01T07:54:16.607+0000] {logging_mixin.py:190} INFO - [2025-02-01T07:54:16.607+0000] {dag.py:3239} INFO - Sync 1 DAGs
[2025-02-01T07:54:16.637+0000] {logging_mixin.py:190} INFO - [2025-02-01T07:54:16.637+0000] {dag.py:4180} INFO - Setting next_dagrun for example_setup_teardown to None, run_after=None
[2025-02-01T07:54:16.681+0000] {processor.py:208} INFO - Processing /home/airflow/.local/lib/python3.12/site-packages/airflow/example_dags/example_setup_teardown.py took 0.135 seconds
[2025-02-01T07:54:48.005+0000] {processor.py:186} INFO - Started process (PID=2417) to work on /home/airflow/.local/lib/python3.12/site-packages/airflow/example_dags/example_setup_teardown.py
[2025-02-01T07:54:48.007+0000] {processor.py:914} INFO - Processing file /home/airflow/.local/lib/python3.12/site-packages/airflow/example_dags/example_setup_teardown.py for tasks to queue
[2025-02-01T07:54:48.012+0000] {logging_mixin.py:190} INFO - [2025-02-01T07:54:48.011+0000] {dagbag.py:588} INFO - Filling up the DagBag from /home/airflow/.local/lib/python3.12/site-packages/airflow/example_dags/example_setup_teardown.py
[2025-02-01T07:54:48.023+0000] {processor.py:925} INFO - DAG(s) 'example_setup_teardown' retrieved from /home/airflow/.local/lib/python3.12/site-packages/airflow/example_dags/example_setup_teardown.py
[2025-02-01T07:54:48.052+0000] {logging_mixin.py:190} INFO - [2025-02-01T07:54:48.051+0000] {dag.py:3239} INFO - Sync 1 DAGs
[2025-02-01T07:54:48.069+0000] {logging_mixin.py:190} INFO - [2025-02-01T07:54:48.069+0000] {dag.py:4180} INFO - Setting next_dagrun for example_setup_teardown to None, run_after=None
[2025-02-01T07:54:48.099+0000] {processor.py:208} INFO - Processing /home/airflow/.local/lib/python3.12/site-packages/airflow/example_dags/example_setup_teardown.py took 0.106 seconds
[2025-02-01T07:55:18.500+0000] {processor.py:186} INFO - Started process (PID=2482) to work on /home/airflow/.local/lib/python3.12/site-packages/airflow/example_dags/example_setup_teardown.py
[2025-02-01T07:55:18.501+0000] {processor.py:914} INFO - Processing file /home/airflow/.local/lib/python3.12/site-packages/airflow/example_dags/example_setup_teardown.py for tasks to queue
[2025-02-01T07:55:18.505+0000] {logging_mixin.py:190} INFO - [2025-02-01T07:55:18.504+0000] {dagbag.py:588} INFO - Filling up the DagBag from /home/airflow/.local/lib/python3.12/site-packages/airflow/example_dags/example_setup_teardown.py
[2025-02-01T07:55:18.518+0000] {processor.py:925} INFO - DAG(s) 'example_setup_teardown' retrieved from /home/airflow/.local/lib/python3.12/site-packages/airflow/example_dags/example_setup_teardown.py
[2025-02-01T07:55:18.558+0000] {logging_mixin.py:190} INFO - [2025-02-01T07:55:18.557+0000] {dag.py:3239} INFO - Sync 1 DAGs
[2025-02-01T07:55:18.575+0000] {logging_mixin.py:190} INFO - [2025-02-01T07:55:18.575+0000] {dag.py:4180} INFO - Setting next_dagrun for example_setup_teardown to None, run_after=None
[2025-02-01T07:55:18.602+0000] {processor.py:208} INFO - Processing /home/airflow/.local/lib/python3.12/site-packages/airflow/example_dags/example_setup_teardown.py took 0.113 seconds
[2025-02-01T07:55:49.412+0000] {processor.py:186} INFO - Started process (PID=2548) to work on /home/airflow/.local/lib/python3.12/site-packages/airflow/example_dags/example_setup_teardown.py
[2025-02-01T07:55:49.413+0000] {processor.py:914} INFO - Processing file /home/airflow/.local/lib/python3.12/site-packages/airflow/example_dags/example_setup_teardown.py for tasks to queue
[2025-02-01T07:55:49.417+0000] {logging_mixin.py:190} INFO - [2025-02-01T07:55:49.416+0000] {dagbag.py:588} INFO - Filling up the DagBag from /home/airflow/.local/lib/python3.12/site-packages/airflow/example_dags/example_setup_teardown.py
[2025-02-01T07:55:49.428+0000] {processor.py:925} INFO - DAG(s) 'example_setup_teardown' retrieved from /home/airflow/.local/lib/python3.12/site-packages/airflow/example_dags/example_setup_teardown.py
[2025-02-01T07:55:49.457+0000] {logging_mixin.py:190} INFO - [2025-02-01T07:55:49.457+0000] {dag.py:3239} INFO - Sync 1 DAGs
[2025-02-01T07:55:49.479+0000] {logging_mixin.py:190} INFO - [2025-02-01T07:55:49.479+0000] {dag.py:4180} INFO - Setting next_dagrun for example_setup_teardown to None, run_after=None
[2025-02-01T07:55:49.536+0000] {processor.py:208} INFO - Processing /home/airflow/.local/lib/python3.12/site-packages/airflow/example_dags/example_setup_teardown.py took 0.133 seconds
[2025-02-01T07:56:20.154+0000] {processor.py:186} INFO - Started process (PID=2614) to work on /home/airflow/.local/lib/python3.12/site-packages/airflow/example_dags/example_setup_teardown.py
[2025-02-01T07:56:20.155+0000] {processor.py:914} INFO - Processing file /home/airflow/.local/lib/python3.12/site-packages/airflow/example_dags/example_setup_teardown.py for tasks to queue
[2025-02-01T07:56:20.158+0000] {logging_mixin.py:190} INFO - [2025-02-01T07:56:20.158+0000] {dagbag.py:588} INFO - Filling up the DagBag from /home/airflow/.local/lib/python3.12/site-packages/airflow/example_dags/example_setup_teardown.py
[2025-02-01T07:56:20.176+0000] {processor.py:925} INFO - DAG(s) 'example_setup_teardown' retrieved from /home/airflow/.local/lib/python3.12/site-packages/airflow/example_dags/example_setup_teardown.py
[2025-02-01T07:56:20.239+0000] {logging_mixin.py:190} INFO - [2025-02-01T07:56:20.239+0000] {dag.py:3239} INFO - Sync 1 DAGs
[2025-02-01T07:56:20.261+0000] {logging_mixin.py:190} INFO - [2025-02-01T07:56:20.261+0000] {dag.py:4180} INFO - Setting next_dagrun for example_setup_teardown to None, run_after=None
[2025-02-01T07:56:20.290+0000] {processor.py:208} INFO - Processing /home/airflow/.local/lib/python3.12/site-packages/airflow/example_dags/example_setup_teardown.py took 0.148 seconds
[2025-02-01T07:56:51.357+0000] {processor.py:186} INFO - Started process (PID=2680) to work on /home/airflow/.local/lib/python3.12/site-packages/airflow/example_dags/example_setup_teardown.py
[2025-02-01T07:56:51.358+0000] {processor.py:914} INFO - Processing file /home/airflow/.local/lib/python3.12/site-packages/airflow/example_dags/example_setup_teardown.py for tasks to queue
[2025-02-01T07:56:51.361+0000] {logging_mixin.py:190} INFO - [2025-02-01T07:56:51.361+0000] {dagbag.py:588} INFO - Filling up the DagBag from /home/airflow/.local/lib/python3.12/site-packages/airflow/example_dags/example_setup_teardown.py
[2025-02-01T07:56:51.374+0000] {processor.py:925} INFO - DAG(s) 'example_setup_teardown' retrieved from /home/airflow/.local/lib/python3.12/site-packages/airflow/example_dags/example_setup_teardown.py
[2025-02-01T07:56:51.425+0000] {logging_mixin.py:190} INFO - [2025-02-01T07:56:51.424+0000] {dag.py:3239} INFO - Sync 1 DAGs
[2025-02-01T07:56:51.463+0000] {logging_mixin.py:190} INFO - [2025-02-01T07:56:51.463+0000] {dag.py:4180} INFO - Setting next_dagrun for example_setup_teardown to None, run_after=None
[2025-02-01T07:56:51.496+0000] {processor.py:208} INFO - Processing /home/airflow/.local/lib/python3.12/site-packages/airflow/example_dags/example_setup_teardown.py took 0.150 seconds
[2025-02-01T07:57:23.168+0000] {processor.py:186} INFO - Started process (PID=2746) to work on /home/airflow/.local/lib/python3.12/site-packages/airflow/example_dags/example_setup_teardown.py
[2025-02-01T07:57:23.170+0000] {processor.py:914} INFO - Processing file /home/airflow/.local/lib/python3.12/site-packages/airflow/example_dags/example_setup_teardown.py for tasks to queue
[2025-02-01T07:57:23.172+0000] {logging_mixin.py:190} INFO - [2025-02-01T07:57:23.172+0000] {dagbag.py:588} INFO - Filling up the DagBag from /home/airflow/.local/lib/python3.12/site-packages/airflow/example_dags/example_setup_teardown.py
[2025-02-01T07:57:23.182+0000] {processor.py:925} INFO - DAG(s) 'example_setup_teardown' retrieved from /home/airflow/.local/lib/python3.12/site-packages/airflow/example_dags/example_setup_teardown.py
[2025-02-01T07:57:23.209+0000] {logging_mixin.py:190} INFO - [2025-02-01T07:57:23.208+0000] {dag.py:3239} INFO - Sync 1 DAGs
[2025-02-01T07:57:23.230+0000] {logging_mixin.py:190} INFO - [2025-02-01T07:57:23.229+0000] {dag.py:4180} INFO - Setting next_dagrun for example_setup_teardown to None, run_after=None
[2025-02-01T07:57:23.256+0000] {processor.py:208} INFO - Processing /home/airflow/.local/lib/python3.12/site-packages/airflow/example_dags/example_setup_teardown.py took 0.096 seconds
[2025-02-01T07:57:54.581+0000] {processor.py:186} INFO - Started process (PID=2812) to work on /home/airflow/.local/lib/python3.12/site-packages/airflow/example_dags/example_setup_teardown.py
[2025-02-01T07:57:54.582+0000] {processor.py:914} INFO - Processing file /home/airflow/.local/lib/python3.12/site-packages/airflow/example_dags/example_setup_teardown.py for tasks to queue
[2025-02-01T07:57:54.586+0000] {logging_mixin.py:190} INFO - [2025-02-01T07:57:54.586+0000] {dagbag.py:588} INFO - Filling up the DagBag from /home/airflow/.local/lib/python3.12/site-packages/airflow/example_dags/example_setup_teardown.py
[2025-02-01T07:57:54.601+0000] {processor.py:925} INFO - DAG(s) 'example_setup_teardown' retrieved from /home/airflow/.local/lib/python3.12/site-packages/airflow/example_dags/example_setup_teardown.py
[2025-02-01T07:57:54.631+0000] {logging_mixin.py:190} INFO - [2025-02-01T07:57:54.631+0000] {dag.py:3239} INFO - Sync 1 DAGs
[2025-02-01T07:57:54.652+0000] {logging_mixin.py:190} INFO - [2025-02-01T07:57:54.651+0000] {dag.py:4180} INFO - Setting next_dagrun for example_setup_teardown to None, run_after=None
[2025-02-01T07:57:54.677+0000] {processor.py:208} INFO - Processing /home/airflow/.local/lib/python3.12/site-packages/airflow/example_dags/example_setup_teardown.py took 0.108 seconds
[2025-02-01T07:58:24.933+0000] {processor.py:186} INFO - Started process (PID=2877) to work on /home/airflow/.local/lib/python3.12/site-packages/airflow/example_dags/example_setup_teardown.py
[2025-02-01T07:58:24.934+0000] {processor.py:914} INFO - Processing file /home/airflow/.local/lib/python3.12/site-packages/airflow/example_dags/example_setup_teardown.py for tasks to queue
[2025-02-01T07:58:24.937+0000] {logging_mixin.py:190} INFO - [2025-02-01T07:58:24.937+0000] {dagbag.py:588} INFO - Filling up the DagBag from /home/airflow/.local/lib/python3.12/site-packages/airflow/example_dags/example_setup_teardown.py
[2025-02-01T07:58:24.949+0000] {processor.py:925} INFO - DAG(s) 'example_setup_teardown' retrieved from /home/airflow/.local/lib/python3.12/site-packages/airflow/example_dags/example_setup_teardown.py
[2025-02-01T07:58:24.975+0000] {logging_mixin.py:190} INFO - [2025-02-01T07:58:24.974+0000] {dag.py:3239} INFO - Sync 1 DAGs
[2025-02-01T07:58:24.993+0000] {logging_mixin.py:190} INFO - [2025-02-01T07:58:24.992+0000] {dag.py:4180} INFO - Setting next_dagrun for example_setup_teardown to None, run_after=None
[2025-02-01T07:58:25.019+0000] {processor.py:208} INFO - Processing /home/airflow/.local/lib/python3.12/site-packages/airflow/example_dags/example_setup_teardown.py took 0.095 seconds
[2025-02-01T07:58:56.719+0000] {processor.py:186} INFO - Started process (PID=2945) to work on /home/airflow/.local/lib/python3.12/site-packages/airflow/example_dags/example_setup_teardown.py
[2025-02-01T07:58:56.721+0000] {processor.py:914} INFO - Processing file /home/airflow/.local/lib/python3.12/site-packages/airflow/example_dags/example_setup_teardown.py for tasks to queue
[2025-02-01T07:58:56.726+0000] {logging_mixin.py:190} INFO - [2025-02-01T07:58:56.725+0000] {dagbag.py:588} INFO - Filling up the DagBag from /home/airflow/.local/lib/python3.12/site-packages/airflow/example_dags/example_setup_teardown.py
[2025-02-01T07:58:56.746+0000] {processor.py:925} INFO - DAG(s) 'example_setup_teardown' retrieved from /home/airflow/.local/lib/python3.12/site-packages/airflow/example_dags/example_setup_teardown.py
[2025-02-01T07:58:56.785+0000] {logging_mixin.py:190} INFO - [2025-02-01T07:58:56.784+0000] {dag.py:3239} INFO - Sync 1 DAGs
[2025-02-01T07:58:56.811+0000] {logging_mixin.py:190} INFO - [2025-02-01T07:58:56.811+0000] {dag.py:4180} INFO - Setting next_dagrun for example_setup_teardown to None, run_after=None
[2025-02-01T07:58:56.842+0000] {processor.py:208} INFO - Processing /home/airflow/.local/lib/python3.12/site-packages/airflow/example_dags/example_setup_teardown.py took 0.135 seconds
[2025-02-01T07:59:29.535+0000] {processor.py:186} INFO - Started process (PID=3013) to work on /home/airflow/.local/lib/python3.12/site-packages/airflow/example_dags/example_setup_teardown.py
[2025-02-01T07:59:29.537+0000] {processor.py:914} INFO - Processing file /home/airflow/.local/lib/python3.12/site-packages/airflow/example_dags/example_setup_teardown.py for tasks to queue
[2025-02-01T07:59:29.541+0000] {logging_mixin.py:190} INFO - [2025-02-01T07:59:29.540+0000] {dagbag.py:588} INFO - Filling up the DagBag from /home/airflow/.local/lib/python3.12/site-packages/airflow/example_dags/example_setup_teardown.py
[2025-02-01T07:59:29.555+0000] {processor.py:925} INFO - DAG(s) 'example_setup_teardown' retrieved from /home/airflow/.local/lib/python3.12/site-packages/airflow/example_dags/example_setup_teardown.py
[2025-02-01T07:59:29.583+0000] {logging_mixin.py:190} INFO - [2025-02-01T07:59:29.582+0000] {dag.py:3239} INFO - Sync 1 DAGs
[2025-02-01T07:59:29.602+0000] {logging_mixin.py:190} INFO - [2025-02-01T07:59:29.602+0000] {dag.py:4180} INFO - Setting next_dagrun for example_setup_teardown to None, run_after=None
[2025-02-01T07:59:29.851+0000] {processor.py:208} INFO - Processing /home/airflow/.local/lib/python3.12/site-packages/airflow/example_dags/example_setup_teardown.py took 0.327 seconds
[2025-02-01T08:00:00.612+0000] {processor.py:186} INFO - Started process (PID=3080) to work on /home/airflow/.local/lib/python3.12/site-packages/airflow/example_dags/example_setup_teardown.py
[2025-02-01T08:00:00.613+0000] {processor.py:914} INFO - Processing file /home/airflow/.local/lib/python3.12/site-packages/airflow/example_dags/example_setup_teardown.py for tasks to queue
[2025-02-01T08:00:00.616+0000] {logging_mixin.py:190} INFO - [2025-02-01T08:00:00.616+0000] {dagbag.py:588} INFO - Filling up the DagBag from /home/airflow/.local/lib/python3.12/site-packages/airflow/example_dags/example_setup_teardown.py
[2025-02-01T08:00:00.630+0000] {processor.py:925} INFO - DAG(s) 'example_setup_teardown' retrieved from /home/airflow/.local/lib/python3.12/site-packages/airflow/example_dags/example_setup_teardown.py
[2025-02-01T08:00:00.658+0000] {logging_mixin.py:190} INFO - [2025-02-01T08:00:00.658+0000] {dag.py:3239} INFO - Sync 1 DAGs
[2025-02-01T08:00:00.679+0000] {logging_mixin.py:190} INFO - [2025-02-01T08:00:00.679+0000] {dag.py:4180} INFO - Setting next_dagrun for example_setup_teardown to None, run_after=None
[2025-02-01T08:00:00.706+0000] {processor.py:208} INFO - Processing /home/airflow/.local/lib/python3.12/site-packages/airflow/example_dags/example_setup_teardown.py took 0.105 seconds
[2025-02-01T08:00:31.175+0000] {processor.py:186} INFO - Started process (PID=3146) to work on /home/airflow/.local/lib/python3.12/site-packages/airflow/example_dags/example_setup_teardown.py
[2025-02-01T08:00:31.177+0000] {processor.py:914} INFO - Processing file /home/airflow/.local/lib/python3.12/site-packages/airflow/example_dags/example_setup_teardown.py for tasks to queue
[2025-02-01T08:00:31.182+0000] {logging_mixin.py:190} INFO - [2025-02-01T08:00:31.181+0000] {dagbag.py:588} INFO - Filling up the DagBag from /home/airflow/.local/lib/python3.12/site-packages/airflow/example_dags/example_setup_teardown.py
[2025-02-01T08:00:31.195+0000] {processor.py:925} INFO - DAG(s) 'example_setup_teardown' retrieved from /home/airflow/.local/lib/python3.12/site-packages/airflow/example_dags/example_setup_teardown.py
[2025-02-01T08:00:31.219+0000] {logging_mixin.py:190} INFO - [2025-02-01T08:00:31.219+0000] {dag.py:3239} INFO - Sync 1 DAGs
[2025-02-01T08:00:31.239+0000] {logging_mixin.py:190} INFO - [2025-02-01T08:00:31.238+0000] {dag.py:4180} INFO - Setting next_dagrun for example_setup_teardown to None, run_after=None
[2025-02-01T08:00:31.261+0000] {processor.py:208} INFO - Processing /home/airflow/.local/lib/python3.12/site-packages/airflow/example_dags/example_setup_teardown.py took 0.097 seconds
[2025-02-01T08:01:02.864+0000] {processor.py:186} INFO - Started process (PID=3214) to work on /home/airflow/.local/lib/python3.12/site-packages/airflow/example_dags/example_setup_teardown.py
[2025-02-01T08:01:02.866+0000] {processor.py:914} INFO - Processing file /home/airflow/.local/lib/python3.12/site-packages/airflow/example_dags/example_setup_teardown.py for tasks to queue
[2025-02-01T08:01:02.871+0000] {logging_mixin.py:190} INFO - [2025-02-01T08:01:02.870+0000] {dagbag.py:588} INFO - Filling up the DagBag from /home/airflow/.local/lib/python3.12/site-packages/airflow/example_dags/example_setup_teardown.py
[2025-02-01T08:01:02.884+0000] {processor.py:925} INFO - DAG(s) 'example_setup_teardown' retrieved from /home/airflow/.local/lib/python3.12/site-packages/airflow/example_dags/example_setup_teardown.py
[2025-02-01T08:01:02.920+0000] {logging_mixin.py:190} INFO - [2025-02-01T08:01:02.920+0000] {dag.py:3239} INFO - Sync 1 DAGs
[2025-02-01T08:01:02.945+0000] {logging_mixin.py:190} INFO - [2025-02-01T08:01:02.944+0000] {dag.py:4180} INFO - Setting next_dagrun for example_setup_teardown to None, run_after=None
[2025-02-01T08:01:02.978+0000] {processor.py:208} INFO - Processing /home/airflow/.local/lib/python3.12/site-packages/airflow/example_dags/example_setup_teardown.py took 0.124 seconds
[2025-02-01T08:01:34.220+0000] {processor.py:186} INFO - Started process (PID=3280) to work on /home/airflow/.local/lib/python3.12/site-packages/airflow/example_dags/example_setup_teardown.py
[2025-02-01T08:01:34.221+0000] {processor.py:914} INFO - Processing file /home/airflow/.local/lib/python3.12/site-packages/airflow/example_dags/example_setup_teardown.py for tasks to queue
[2025-02-01T08:01:34.225+0000] {logging_mixin.py:190} INFO - [2025-02-01T08:01:34.224+0000] {dagbag.py:588} INFO - Filling up the DagBag from /home/airflow/.local/lib/python3.12/site-packages/airflow/example_dags/example_setup_teardown.py
[2025-02-01T08:01:34.235+0000] {processor.py:925} INFO - DAG(s) 'example_setup_teardown' retrieved from /home/airflow/.local/lib/python3.12/site-packages/airflow/example_dags/example_setup_teardown.py
[2025-02-01T08:01:34.294+0000] {logging_mixin.py:190} INFO - [2025-02-01T08:01:34.284+0000] {dag.py:3239} INFO - Sync 1 DAGs
[2025-02-01T08:01:34.347+0000] {logging_mixin.py:190} INFO - [2025-02-01T08:01:34.347+0000] {dag.py:4180} INFO - Setting next_dagrun for example_setup_teardown to None, run_after=None
[2025-02-01T08:01:34.370+0000] {processor.py:208} INFO - Processing /home/airflow/.local/lib/python3.12/site-packages/airflow/example_dags/example_setup_teardown.py took 0.159 seconds
