[2025-02-01T07:36:57.792+0000] {processor.py:186} INFO - Started process (PID=144) to work on /home/airflow/.local/lib/python3.12/site-packages/airflow/example_dags/example_complex.py
[2025-02-01T07:36:57.793+0000] {processor.py:914} INFO - Processing file /home/airflow/.local/lib/python3.12/site-packages/airflow/example_dags/example_complex.py for tasks to queue
[2025-02-01T07:36:57.799+0000] {logging_mixin.py:190} INFO - [2025-02-01T07:36:57.798+0000] {dagbag.py:588} INFO - Filling up the DagBag from /home/airflow/.local/lib/python3.12/site-packages/airflow/example_dags/example_complex.py
[2025-02-01T07:36:57.824+0000] {processor.py:925} INFO - DAG(s) 'example_complex' retrieved from /home/airflow/.local/lib/python3.12/site-packages/airflow/example_dags/example_complex.py
[2025-02-01T07:36:57.874+0000] {logging_mixin.py:190} INFO - [2025-02-01T07:36:57.873+0000] {dag.py:3239} INFO - Sync 1 DAGs
[2025-02-01T07:36:57.898+0000] {logging_mixin.py:190} INFO - [2025-02-01T07:36:57.897+0000] {dag.py:4180} INFO - Setting next_dagrun for example_complex to None, run_after=None
[2025-02-01T07:36:57.944+0000] {processor.py:208} INFO - Processing /home/airflow/.local/lib/python3.12/site-packages/airflow/example_dags/example_complex.py took 0.164 seconds
[2025-02-01T07:37:28.738+0000] {processor.py:186} INFO - Started process (PID=214) to work on /home/airflow/.local/lib/python3.12/site-packages/airflow/example_dags/example_complex.py
[2025-02-01T07:37:28.741+0000] {processor.py:914} INFO - Processing file /home/airflow/.local/lib/python3.12/site-packages/airflow/example_dags/example_complex.py for tasks to queue
[2025-02-01T07:37:28.745+0000] {logging_mixin.py:190} INFO - [2025-02-01T07:37:28.745+0000] {dagbag.py:588} INFO - Filling up the DagBag from /home/airflow/.local/lib/python3.12/site-packages/airflow/example_dags/example_complex.py
[2025-02-01T07:37:28.765+0000] {processor.py:925} INFO - DAG(s) 'example_complex' retrieved from /home/airflow/.local/lib/python3.12/site-packages/airflow/example_dags/example_complex.py
[2025-02-01T07:37:28.811+0000] {logging_mixin.py:190} INFO - [2025-02-01T07:37:28.810+0000] {dag.py:3239} INFO - Sync 1 DAGs
[2025-02-01T07:37:28.840+0000] {logging_mixin.py:190} INFO - [2025-02-01T07:37:28.840+0000] {dag.py:4180} INFO - Setting next_dagrun for example_complex to None, run_after=None
[2025-02-01T07:37:28.880+0000] {processor.py:208} INFO - Processing /home/airflow/.local/lib/python3.12/site-packages/airflow/example_dags/example_complex.py took 0.156 seconds
[2025-02-01T07:37:59.640+0000] {processor.py:186} INFO - Started process (PID=280) to work on /home/airflow/.local/lib/python3.12/site-packages/airflow/example_dags/example_complex.py
[2025-02-01T07:37:59.641+0000] {processor.py:914} INFO - Processing file /home/airflow/.local/lib/python3.12/site-packages/airflow/example_dags/example_complex.py for tasks to queue
[2025-02-01T07:37:59.644+0000] {logging_mixin.py:190} INFO - [2025-02-01T07:37:59.644+0000] {dagbag.py:588} INFO - Filling up the DagBag from /home/airflow/.local/lib/python3.12/site-packages/airflow/example_dags/example_complex.py
[2025-02-01T07:37:59.663+0000] {processor.py:925} INFO - DAG(s) 'example_complex' retrieved from /home/airflow/.local/lib/python3.12/site-packages/airflow/example_dags/example_complex.py
[2025-02-01T07:37:59.713+0000] {logging_mixin.py:190} INFO - [2025-02-01T07:37:59.712+0000] {dag.py:3239} INFO - Sync 1 DAGs
[2025-02-01T07:37:59.731+0000] {logging_mixin.py:190} INFO - [2025-02-01T07:37:59.730+0000] {dag.py:4180} INFO - Setting next_dagrun for example_complex to None, run_after=None
[2025-02-01T07:37:59.766+0000] {processor.py:208} INFO - Processing /home/airflow/.local/lib/python3.12/site-packages/airflow/example_dags/example_complex.py took 0.135 seconds
[2025-02-01T07:38:30.188+0000] {processor.py:186} INFO - Started process (PID=346) to work on /home/airflow/.local/lib/python3.12/site-packages/airflow/example_dags/example_complex.py
[2025-02-01T07:38:30.189+0000] {processor.py:914} INFO - Processing file /home/airflow/.local/lib/python3.12/site-packages/airflow/example_dags/example_complex.py for tasks to queue
[2025-02-01T07:38:30.193+0000] {logging_mixin.py:190} INFO - [2025-02-01T07:38:30.193+0000] {dagbag.py:588} INFO - Filling up the DagBag from /home/airflow/.local/lib/python3.12/site-packages/airflow/example_dags/example_complex.py
[2025-02-01T07:38:30.209+0000] {processor.py:925} INFO - DAG(s) 'example_complex' retrieved from /home/airflow/.local/lib/python3.12/site-packages/airflow/example_dags/example_complex.py
[2025-02-01T07:38:30.260+0000] {logging_mixin.py:190} INFO - [2025-02-01T07:38:30.259+0000] {dag.py:3239} INFO - Sync 1 DAGs
[2025-02-01T07:38:30.279+0000] {logging_mixin.py:190} INFO - [2025-02-01T07:38:30.279+0000] {dag.py:4180} INFO - Setting next_dagrun for example_complex to None, run_after=None
[2025-02-01T07:38:30.315+0000] {processor.py:208} INFO - Processing /home/airflow/.local/lib/python3.12/site-packages/airflow/example_dags/example_complex.py took 0.137 seconds
[2025-02-01T07:39:02.302+0000] {processor.py:186} INFO - Started process (PID=412) to work on /home/airflow/.local/lib/python3.12/site-packages/airflow/example_dags/example_complex.py
[2025-02-01T07:39:02.304+0000] {processor.py:914} INFO - Processing file /home/airflow/.local/lib/python3.12/site-packages/airflow/example_dags/example_complex.py for tasks to queue
[2025-02-01T07:39:02.308+0000] {logging_mixin.py:190} INFO - [2025-02-01T07:39:02.307+0000] {dagbag.py:588} INFO - Filling up the DagBag from /home/airflow/.local/lib/python3.12/site-packages/airflow/example_dags/example_complex.py
[2025-02-01T07:39:02.326+0000] {processor.py:925} INFO - DAG(s) 'example_complex' retrieved from /home/airflow/.local/lib/python3.12/site-packages/airflow/example_dags/example_complex.py
[2025-02-01T07:39:02.369+0000] {logging_mixin.py:190} INFO - [2025-02-01T07:39:02.369+0000] {dag.py:3239} INFO - Sync 1 DAGs
[2025-02-01T07:39:02.390+0000] {logging_mixin.py:190} INFO - [2025-02-01T07:39:02.390+0000] {dag.py:4180} INFO - Setting next_dagrun for example_complex to None, run_after=None
[2025-02-01T07:39:02.422+0000] {processor.py:208} INFO - Processing /home/airflow/.local/lib/python3.12/site-packages/airflow/example_dags/example_complex.py took 0.131 seconds
[2025-02-01T07:39:34.574+0000] {processor.py:186} INFO - Started process (PID=484) to work on /home/airflow/.local/lib/python3.12/site-packages/airflow/example_dags/example_complex.py
[2025-02-01T07:39:34.576+0000] {processor.py:914} INFO - Processing file /home/airflow/.local/lib/python3.12/site-packages/airflow/example_dags/example_complex.py for tasks to queue
[2025-02-01T07:39:34.583+0000] {logging_mixin.py:190} INFO - [2025-02-01T07:39:34.582+0000] {dagbag.py:588} INFO - Filling up the DagBag from /home/airflow/.local/lib/python3.12/site-packages/airflow/example_dags/example_complex.py
[2025-02-01T07:39:34.625+0000] {processor.py:925} INFO - DAG(s) 'example_complex' retrieved from /home/airflow/.local/lib/python3.12/site-packages/airflow/example_dags/example_complex.py
[2025-02-01T07:39:34.704+0000] {logging_mixin.py:190} INFO - [2025-02-01T07:39:34.703+0000] {dag.py:3239} INFO - Sync 1 DAGs
[2025-02-01T07:39:34.722+0000] {logging_mixin.py:190} INFO - [2025-02-01T07:39:34.722+0000] {dag.py:4180} INFO - Setting next_dagrun for example_complex to None, run_after=None
[2025-02-01T07:39:34.746+0000] {processor.py:208} INFO - Processing /home/airflow/.local/lib/python3.12/site-packages/airflow/example_dags/example_complex.py took 0.188 seconds
[2025-02-01T07:40:05.638+0000] {processor.py:186} INFO - Started process (PID=550) to work on /home/airflow/.local/lib/python3.12/site-packages/airflow/example_dags/example_complex.py
[2025-02-01T07:40:05.640+0000] {processor.py:914} INFO - Processing file /home/airflow/.local/lib/python3.12/site-packages/airflow/example_dags/example_complex.py for tasks to queue
[2025-02-01T07:40:05.643+0000] {logging_mixin.py:190} INFO - [2025-02-01T07:40:05.642+0000] {dagbag.py:588} INFO - Filling up the DagBag from /home/airflow/.local/lib/python3.12/site-packages/airflow/example_dags/example_complex.py
[2025-02-01T07:40:05.657+0000] {processor.py:925} INFO - DAG(s) 'example_complex' retrieved from /home/airflow/.local/lib/python3.12/site-packages/airflow/example_dags/example_complex.py
[2025-02-01T07:40:05.695+0000] {logging_mixin.py:190} INFO - [2025-02-01T07:40:05.694+0000] {dag.py:3239} INFO - Sync 1 DAGs
[2025-02-01T07:40:05.711+0000] {logging_mixin.py:190} INFO - [2025-02-01T07:40:05.711+0000] {dag.py:4180} INFO - Setting next_dagrun for example_complex to None, run_after=None
[2025-02-01T07:40:05.736+0000] {processor.py:208} INFO - Processing /home/airflow/.local/lib/python3.12/site-packages/airflow/example_dags/example_complex.py took 0.105 seconds
[2025-02-01T07:40:35.995+0000] {processor.py:186} INFO - Started process (PID=616) to work on /home/airflow/.local/lib/python3.12/site-packages/airflow/example_dags/example_complex.py
[2025-02-01T07:40:35.996+0000] {processor.py:914} INFO - Processing file /home/airflow/.local/lib/python3.12/site-packages/airflow/example_dags/example_complex.py for tasks to queue
[2025-02-01T07:40:36.004+0000] {logging_mixin.py:190} INFO - [2025-02-01T07:40:36.003+0000] {dagbag.py:588} INFO - Filling up the DagBag from /home/airflow/.local/lib/python3.12/site-packages/airflow/example_dags/example_complex.py
[2025-02-01T07:40:36.020+0000] {processor.py:925} INFO - DAG(s) 'example_complex' retrieved from /home/airflow/.local/lib/python3.12/site-packages/airflow/example_dags/example_complex.py
[2025-02-01T07:40:36.059+0000] {logging_mixin.py:190} INFO - [2025-02-01T07:40:36.059+0000] {dag.py:3239} INFO - Sync 1 DAGs
[2025-02-01T07:40:36.080+0000] {logging_mixin.py:190} INFO - [2025-02-01T07:40:36.079+0000] {dag.py:4180} INFO - Setting next_dagrun for example_complex to None, run_after=None
[2025-02-01T07:40:36.102+0000] {processor.py:208} INFO - Processing /home/airflow/.local/lib/python3.12/site-packages/airflow/example_dags/example_complex.py took 0.118 seconds
[2025-02-01T07:41:07.278+0000] {processor.py:186} INFO - Started process (PID=681) to work on /home/airflow/.local/lib/python3.12/site-packages/airflow/example_dags/example_complex.py
[2025-02-01T07:41:07.280+0000] {processor.py:914} INFO - Processing file /home/airflow/.local/lib/python3.12/site-packages/airflow/example_dags/example_complex.py for tasks to queue
[2025-02-01T07:41:07.283+0000] {logging_mixin.py:190} INFO - [2025-02-01T07:41:07.283+0000] {dagbag.py:588} INFO - Filling up the DagBag from /home/airflow/.local/lib/python3.12/site-packages/airflow/example_dags/example_complex.py
[2025-02-01T07:41:07.299+0000] {processor.py:925} INFO - DAG(s) 'example_complex' retrieved from /home/airflow/.local/lib/python3.12/site-packages/airflow/example_dags/example_complex.py
[2025-02-01T07:41:07.342+0000] {logging_mixin.py:190} INFO - [2025-02-01T07:41:07.342+0000] {dag.py:3239} INFO - Sync 1 DAGs
[2025-02-01T07:41:07.363+0000] {logging_mixin.py:190} INFO - [2025-02-01T07:41:07.363+0000] {dag.py:4180} INFO - Setting next_dagrun for example_complex to None, run_after=None
[2025-02-01T07:41:07.391+0000] {processor.py:208} INFO - Processing /home/airflow/.local/lib/python3.12/site-packages/airflow/example_dags/example_complex.py took 0.123 seconds
[2025-02-01T07:41:38.817+0000] {processor.py:186} INFO - Started process (PID=747) to work on /home/airflow/.local/lib/python3.12/site-packages/airflow/example_dags/example_complex.py
[2025-02-01T07:41:38.818+0000] {processor.py:914} INFO - Processing file /home/airflow/.local/lib/python3.12/site-packages/airflow/example_dags/example_complex.py for tasks to queue
[2025-02-01T07:41:38.821+0000] {logging_mixin.py:190} INFO - [2025-02-01T07:41:38.821+0000] {dagbag.py:588} INFO - Filling up the DagBag from /home/airflow/.local/lib/python3.12/site-packages/airflow/example_dags/example_complex.py
[2025-02-01T07:41:38.862+0000] {processor.py:925} INFO - DAG(s) 'example_complex' retrieved from /home/airflow/.local/lib/python3.12/site-packages/airflow/example_dags/example_complex.py
[2025-02-01T07:41:38.908+0000] {logging_mixin.py:190} INFO - [2025-02-01T07:41:38.907+0000] {dag.py:3239} INFO - Sync 1 DAGs
[2025-02-01T07:41:38.927+0000] {logging_mixin.py:190} INFO - [2025-02-01T07:41:38.927+0000] {dag.py:4180} INFO - Setting next_dagrun for example_complex to None, run_after=None
[2025-02-01T07:41:38.956+0000] {processor.py:208} INFO - Processing /home/airflow/.local/lib/python3.12/site-packages/airflow/example_dags/example_complex.py took 0.148 seconds
[2025-02-01T07:42:10.551+0000] {processor.py:186} INFO - Started process (PID=813) to work on /home/airflow/.local/lib/python3.12/site-packages/airflow/example_dags/example_complex.py
[2025-02-01T07:42:10.553+0000] {processor.py:914} INFO - Processing file /home/airflow/.local/lib/python3.12/site-packages/airflow/example_dags/example_complex.py for tasks to queue
[2025-02-01T07:42:10.556+0000] {logging_mixin.py:190} INFO - [2025-02-01T07:42:10.556+0000] {dagbag.py:588} INFO - Filling up the DagBag from /home/airflow/.local/lib/python3.12/site-packages/airflow/example_dags/example_complex.py
[2025-02-01T07:42:10.573+0000] {processor.py:925} INFO - DAG(s) 'example_complex' retrieved from /home/airflow/.local/lib/python3.12/site-packages/airflow/example_dags/example_complex.py
[2025-02-01T07:42:10.623+0000] {logging_mixin.py:190} INFO - [2025-02-01T07:42:10.622+0000] {dag.py:3239} INFO - Sync 1 DAGs
[2025-02-01T07:42:10.643+0000] {logging_mixin.py:190} INFO - [2025-02-01T07:42:10.643+0000] {dag.py:4180} INFO - Setting next_dagrun for example_complex to None, run_after=None
[2025-02-01T07:42:10.670+0000] {processor.py:208} INFO - Processing /home/airflow/.local/lib/python3.12/site-packages/airflow/example_dags/example_complex.py took 0.132 seconds
[2025-02-01T07:42:42.132+0000] {processor.py:186} INFO - Started process (PID=879) to work on /home/airflow/.local/lib/python3.12/site-packages/airflow/example_dags/example_complex.py
[2025-02-01T07:42:42.134+0000] {processor.py:914} INFO - Processing file /home/airflow/.local/lib/python3.12/site-packages/airflow/example_dags/example_complex.py for tasks to queue
[2025-02-01T07:42:42.137+0000] {logging_mixin.py:190} INFO - [2025-02-01T07:42:42.137+0000] {dagbag.py:588} INFO - Filling up the DagBag from /home/airflow/.local/lib/python3.12/site-packages/airflow/example_dags/example_complex.py
[2025-02-01T07:42:42.164+0000] {processor.py:925} INFO - DAG(s) 'example_complex' retrieved from /home/airflow/.local/lib/python3.12/site-packages/airflow/example_dags/example_complex.py
[2025-02-01T07:42:42.224+0000] {logging_mixin.py:190} INFO - [2025-02-01T07:42:42.223+0000] {dag.py:3239} INFO - Sync 1 DAGs
[2025-02-01T07:42:42.246+0000] {logging_mixin.py:190} INFO - [2025-02-01T07:42:42.245+0000] {dag.py:4180} INFO - Setting next_dagrun for example_complex to None, run_after=None
[2025-02-01T07:42:42.271+0000] {processor.py:208} INFO - Processing /home/airflow/.local/lib/python3.12/site-packages/airflow/example_dags/example_complex.py took 0.149 seconds
[2025-02-01T07:43:13.313+0000] {processor.py:186} INFO - Started process (PID=945) to work on /home/airflow/.local/lib/python3.12/site-packages/airflow/example_dags/example_complex.py
[2025-02-01T07:43:13.315+0000] {processor.py:914} INFO - Processing file /home/airflow/.local/lib/python3.12/site-packages/airflow/example_dags/example_complex.py for tasks to queue
[2025-02-01T07:43:13.318+0000] {logging_mixin.py:190} INFO - [2025-02-01T07:43:13.317+0000] {dagbag.py:588} INFO - Filling up the DagBag from /home/airflow/.local/lib/python3.12/site-packages/airflow/example_dags/example_complex.py
[2025-02-01T07:43:13.337+0000] {processor.py:925} INFO - DAG(s) 'example_complex' retrieved from /home/airflow/.local/lib/python3.12/site-packages/airflow/example_dags/example_complex.py
[2025-02-01T07:43:13.394+0000] {logging_mixin.py:190} INFO - [2025-02-01T07:43:13.394+0000] {dag.py:3239} INFO - Sync 1 DAGs
[2025-02-01T07:43:13.417+0000] {logging_mixin.py:190} INFO - [2025-02-01T07:43:13.417+0000] {dag.py:4180} INFO - Setting next_dagrun for example_complex to None, run_after=None
[2025-02-01T07:43:13.443+0000] {processor.py:208} INFO - Processing /home/airflow/.local/lib/python3.12/site-packages/airflow/example_dags/example_complex.py took 0.140 seconds
[2025-02-01T07:43:44.653+0000] {processor.py:186} INFO - Started process (PID=1011) to work on /home/airflow/.local/lib/python3.12/site-packages/airflow/example_dags/example_complex.py
[2025-02-01T07:43:44.654+0000] {processor.py:914} INFO - Processing file /home/airflow/.local/lib/python3.12/site-packages/airflow/example_dags/example_complex.py for tasks to queue
[2025-02-01T07:43:44.657+0000] {logging_mixin.py:190} INFO - [2025-02-01T07:43:44.657+0000] {dagbag.py:588} INFO - Filling up the DagBag from /home/airflow/.local/lib/python3.12/site-packages/airflow/example_dags/example_complex.py
[2025-02-01T07:43:44.676+0000] {processor.py:925} INFO - DAG(s) 'example_complex' retrieved from /home/airflow/.local/lib/python3.12/site-packages/airflow/example_dags/example_complex.py
[2025-02-01T07:43:44.723+0000] {logging_mixin.py:190} INFO - [2025-02-01T07:43:44.723+0000] {dag.py:3239} INFO - Sync 1 DAGs
[2025-02-01T07:43:44.745+0000] {logging_mixin.py:190} INFO - [2025-02-01T07:43:44.745+0000] {dag.py:4180} INFO - Setting next_dagrun for example_complex to None, run_after=None
[2025-02-01T07:43:44.768+0000] {processor.py:208} INFO - Processing /home/airflow/.local/lib/python3.12/site-packages/airflow/example_dags/example_complex.py took 0.124 seconds
[2025-02-01T07:44:17.226+0000] {processor.py:186} INFO - Started process (PID=1077) to work on /home/airflow/.local/lib/python3.12/site-packages/airflow/example_dags/example_complex.py
[2025-02-01T07:44:17.228+0000] {processor.py:914} INFO - Processing file /home/airflow/.local/lib/python3.12/site-packages/airflow/example_dags/example_complex.py for tasks to queue
[2025-02-01T07:44:17.231+0000] {logging_mixin.py:190} INFO - [2025-02-01T07:44:17.230+0000] {dagbag.py:588} INFO - Filling up the DagBag from /home/airflow/.local/lib/python3.12/site-packages/airflow/example_dags/example_complex.py
[2025-02-01T07:44:17.247+0000] {processor.py:925} INFO - DAG(s) 'example_complex' retrieved from /home/airflow/.local/lib/python3.12/site-packages/airflow/example_dags/example_complex.py
[2025-02-01T07:44:17.289+0000] {logging_mixin.py:190} INFO - [2025-02-01T07:44:17.289+0000] {dag.py:3239} INFO - Sync 1 DAGs
[2025-02-01T07:44:17.306+0000] {logging_mixin.py:190} INFO - [2025-02-01T07:44:17.306+0000] {dag.py:4180} INFO - Setting next_dagrun for example_complex to None, run_after=None
[2025-02-01T07:44:17.333+0000] {processor.py:208} INFO - Processing /home/airflow/.local/lib/python3.12/site-packages/airflow/example_dags/example_complex.py took 0.117 seconds
[2025-02-01T07:44:48.234+0000] {processor.py:186} INFO - Started process (PID=1143) to work on /home/airflow/.local/lib/python3.12/site-packages/airflow/example_dags/example_complex.py
[2025-02-01T07:44:48.235+0000] {processor.py:914} INFO - Processing file /home/airflow/.local/lib/python3.12/site-packages/airflow/example_dags/example_complex.py for tasks to queue
[2025-02-01T07:44:48.239+0000] {logging_mixin.py:190} INFO - [2025-02-01T07:44:48.238+0000] {dagbag.py:588} INFO - Filling up the DagBag from /home/airflow/.local/lib/python3.12/site-packages/airflow/example_dags/example_complex.py
[2025-02-01T07:44:48.255+0000] {processor.py:925} INFO - DAG(s) 'example_complex' retrieved from /home/airflow/.local/lib/python3.12/site-packages/airflow/example_dags/example_complex.py
[2025-02-01T07:44:48.300+0000] {logging_mixin.py:190} INFO - [2025-02-01T07:44:48.299+0000] {dag.py:3239} INFO - Sync 1 DAGs
[2025-02-01T07:44:48.321+0000] {logging_mixin.py:190} INFO - [2025-02-01T07:44:48.320+0000] {dag.py:4180} INFO - Setting next_dagrun for example_complex to None, run_after=None
[2025-02-01T07:44:48.348+0000] {processor.py:208} INFO - Processing /home/airflow/.local/lib/python3.12/site-packages/airflow/example_dags/example_complex.py took 0.124 seconds
[2025-02-01T07:45:19.623+0000] {processor.py:186} INFO - Started process (PID=1209) to work on /home/airflow/.local/lib/python3.12/site-packages/airflow/example_dags/example_complex.py
[2025-02-01T07:45:19.624+0000] {processor.py:914} INFO - Processing file /home/airflow/.local/lib/python3.12/site-packages/airflow/example_dags/example_complex.py for tasks to queue
[2025-02-01T07:45:19.628+0000] {logging_mixin.py:190} INFO - [2025-02-01T07:45:19.627+0000] {dagbag.py:588} INFO - Filling up the DagBag from /home/airflow/.local/lib/python3.12/site-packages/airflow/example_dags/example_complex.py
[2025-02-01T07:45:19.643+0000] {processor.py:925} INFO - DAG(s) 'example_complex' retrieved from /home/airflow/.local/lib/python3.12/site-packages/airflow/example_dags/example_complex.py
[2025-02-01T07:45:19.701+0000] {logging_mixin.py:190} INFO - [2025-02-01T07:45:19.700+0000] {dag.py:3239} INFO - Sync 1 DAGs
[2025-02-01T07:45:19.721+0000] {logging_mixin.py:190} INFO - [2025-02-01T07:45:19.721+0000] {dag.py:4180} INFO - Setting next_dagrun for example_complex to None, run_after=None
[2025-02-01T07:45:19.772+0000] {processor.py:208} INFO - Processing /home/airflow/.local/lib/python3.12/site-packages/airflow/example_dags/example_complex.py took 0.161 seconds
[2025-02-01T07:45:51.634+0000] {processor.py:186} INFO - Started process (PID=1275) to work on /home/airflow/.local/lib/python3.12/site-packages/airflow/example_dags/example_complex.py
[2025-02-01T07:45:51.636+0000] {processor.py:914} INFO - Processing file /home/airflow/.local/lib/python3.12/site-packages/airflow/example_dags/example_complex.py for tasks to queue
[2025-02-01T07:45:51.640+0000] {logging_mixin.py:190} INFO - [2025-02-01T07:45:51.640+0000] {dagbag.py:588} INFO - Filling up the DagBag from /home/airflow/.local/lib/python3.12/site-packages/airflow/example_dags/example_complex.py
[2025-02-01T07:45:51.661+0000] {processor.py:925} INFO - DAG(s) 'example_complex' retrieved from /home/airflow/.local/lib/python3.12/site-packages/airflow/example_dags/example_complex.py
[2025-02-01T07:45:51.715+0000] {logging_mixin.py:190} INFO - [2025-02-01T07:45:51.714+0000] {dag.py:3239} INFO - Sync 1 DAGs
[2025-02-01T07:45:51.741+0000] {logging_mixin.py:190} INFO - [2025-02-01T07:45:51.741+0000] {dag.py:4180} INFO - Setting next_dagrun for example_complex to None, run_after=None
[2025-02-01T07:45:51.785+0000] {processor.py:208} INFO - Processing /home/airflow/.local/lib/python3.12/site-packages/airflow/example_dags/example_complex.py took 0.161 seconds
[2025-02-01T07:46:22.199+0000] {processor.py:186} INFO - Started process (PID=1341) to work on /home/airflow/.local/lib/python3.12/site-packages/airflow/example_dags/example_complex.py
[2025-02-01T07:46:22.200+0000] {processor.py:914} INFO - Processing file /home/airflow/.local/lib/python3.12/site-packages/airflow/example_dags/example_complex.py for tasks to queue
[2025-02-01T07:46:22.204+0000] {logging_mixin.py:190} INFO - [2025-02-01T07:46:22.203+0000] {dagbag.py:588} INFO - Filling up the DagBag from /home/airflow/.local/lib/python3.12/site-packages/airflow/example_dags/example_complex.py
[2025-02-01T07:46:22.219+0000] {processor.py:925} INFO - DAG(s) 'example_complex' retrieved from /home/airflow/.local/lib/python3.12/site-packages/airflow/example_dags/example_complex.py
[2025-02-01T07:46:22.276+0000] {logging_mixin.py:190} INFO - [2025-02-01T07:46:22.275+0000] {dag.py:3239} INFO - Sync 1 DAGs
[2025-02-01T07:46:22.297+0000] {logging_mixin.py:190} INFO - [2025-02-01T07:46:22.297+0000] {dag.py:4180} INFO - Setting next_dagrun for example_complex to None, run_after=None
[2025-02-01T07:46:22.336+0000] {processor.py:208} INFO - Processing /home/airflow/.local/lib/python3.12/site-packages/airflow/example_dags/example_complex.py took 0.152 seconds
[2025-02-01T07:46:53.628+0000] {processor.py:186} INFO - Started process (PID=1407) to work on /home/airflow/.local/lib/python3.12/site-packages/airflow/example_dags/example_complex.py
[2025-02-01T07:46:53.629+0000] {processor.py:914} INFO - Processing file /home/airflow/.local/lib/python3.12/site-packages/airflow/example_dags/example_complex.py for tasks to queue
[2025-02-01T07:46:53.632+0000] {logging_mixin.py:190} INFO - [2025-02-01T07:46:53.632+0000] {dagbag.py:588} INFO - Filling up the DagBag from /home/airflow/.local/lib/python3.12/site-packages/airflow/example_dags/example_complex.py
[2025-02-01T07:46:53.651+0000] {processor.py:925} INFO - DAG(s) 'example_complex' retrieved from /home/airflow/.local/lib/python3.12/site-packages/airflow/example_dags/example_complex.py
[2025-02-01T07:46:53.696+0000] {logging_mixin.py:190} INFO - [2025-02-01T07:46:53.696+0000] {dag.py:3239} INFO - Sync 1 DAGs
[2025-02-01T07:46:53.717+0000] {logging_mixin.py:190} INFO - [2025-02-01T07:46:53.717+0000] {dag.py:4180} INFO - Setting next_dagrun for example_complex to None, run_after=None
[2025-02-01T07:46:53.746+0000] {processor.py:208} INFO - Processing /home/airflow/.local/lib/python3.12/site-packages/airflow/example_dags/example_complex.py took 0.129 seconds
[2025-02-01T07:47:25.408+0000] {processor.py:186} INFO - Started process (PID=1473) to work on /home/airflow/.local/lib/python3.12/site-packages/airflow/example_dags/example_complex.py
[2025-02-01T07:47:25.410+0000] {processor.py:914} INFO - Processing file /home/airflow/.local/lib/python3.12/site-packages/airflow/example_dags/example_complex.py for tasks to queue
[2025-02-01T07:47:25.413+0000] {logging_mixin.py:190} INFO - [2025-02-01T07:47:25.413+0000] {dagbag.py:588} INFO - Filling up the DagBag from /home/airflow/.local/lib/python3.12/site-packages/airflow/example_dags/example_complex.py
[2025-02-01T07:47:25.428+0000] {processor.py:925} INFO - DAG(s) 'example_complex' retrieved from /home/airflow/.local/lib/python3.12/site-packages/airflow/example_dags/example_complex.py
[2025-02-01T07:47:25.467+0000] {logging_mixin.py:190} INFO - [2025-02-01T07:47:25.466+0000] {dag.py:3239} INFO - Sync 1 DAGs
[2025-02-01T07:47:25.486+0000] {logging_mixin.py:190} INFO - [2025-02-01T07:47:25.485+0000] {dag.py:4180} INFO - Setting next_dagrun for example_complex to None, run_after=None
[2025-02-01T07:47:25.514+0000] {processor.py:208} INFO - Processing /home/airflow/.local/lib/python3.12/site-packages/airflow/example_dags/example_complex.py took 0.116 seconds
[2025-02-01T07:47:57.184+0000] {processor.py:186} INFO - Started process (PID=1539) to work on /home/airflow/.local/lib/python3.12/site-packages/airflow/example_dags/example_complex.py
[2025-02-01T07:47:57.185+0000] {processor.py:914} INFO - Processing file /home/airflow/.local/lib/python3.12/site-packages/airflow/example_dags/example_complex.py for tasks to queue
[2025-02-01T07:47:57.189+0000] {logging_mixin.py:190} INFO - [2025-02-01T07:47:57.188+0000] {dagbag.py:588} INFO - Filling up the DagBag from /home/airflow/.local/lib/python3.12/site-packages/airflow/example_dags/example_complex.py
[2025-02-01T07:47:57.205+0000] {processor.py:925} INFO - DAG(s) 'example_complex' retrieved from /home/airflow/.local/lib/python3.12/site-packages/airflow/example_dags/example_complex.py
[2025-02-01T07:47:57.250+0000] {logging_mixin.py:190} INFO - [2025-02-01T07:47:57.250+0000] {dag.py:3239} INFO - Sync 1 DAGs
[2025-02-01T07:47:57.272+0000] {logging_mixin.py:190} INFO - [2025-02-01T07:47:57.271+0000] {dag.py:4180} INFO - Setting next_dagrun for example_complex to None, run_after=None
[2025-02-01T07:47:57.310+0000] {processor.py:208} INFO - Processing /home/airflow/.local/lib/python3.12/site-packages/airflow/example_dags/example_complex.py took 0.144 seconds
[2025-02-01T07:48:27.639+0000] {processor.py:186} INFO - Started process (PID=1605) to work on /home/airflow/.local/lib/python3.12/site-packages/airflow/example_dags/example_complex.py
[2025-02-01T07:48:27.640+0000] {processor.py:914} INFO - Processing file /home/airflow/.local/lib/python3.12/site-packages/airflow/example_dags/example_complex.py for tasks to queue
[2025-02-01T07:48:27.643+0000] {logging_mixin.py:190} INFO - [2025-02-01T07:48:27.643+0000] {dagbag.py:588} INFO - Filling up the DagBag from /home/airflow/.local/lib/python3.12/site-packages/airflow/example_dags/example_complex.py
[2025-02-01T07:48:27.657+0000] {processor.py:925} INFO - DAG(s) 'example_complex' retrieved from /home/airflow/.local/lib/python3.12/site-packages/airflow/example_dags/example_complex.py
[2025-02-01T07:48:27.702+0000] {logging_mixin.py:190} INFO - [2025-02-01T07:48:27.701+0000] {dag.py:3239} INFO - Sync 1 DAGs
[2025-02-01T07:48:27.722+0000] {logging_mixin.py:190} INFO - [2025-02-01T07:48:27.722+0000] {dag.py:4180} INFO - Setting next_dagrun for example_complex to None, run_after=None
[2025-02-01T07:48:27.750+0000] {processor.py:208} INFO - Processing /home/airflow/.local/lib/python3.12/site-packages/airflow/example_dags/example_complex.py took 0.118 seconds
[2025-02-01T07:48:59.100+0000] {processor.py:186} INFO - Started process (PID=1671) to work on /home/airflow/.local/lib/python3.12/site-packages/airflow/example_dags/example_complex.py
[2025-02-01T07:48:59.101+0000] {processor.py:914} INFO - Processing file /home/airflow/.local/lib/python3.12/site-packages/airflow/example_dags/example_complex.py for tasks to queue
[2025-02-01T07:48:59.104+0000] {logging_mixin.py:190} INFO - [2025-02-01T07:48:59.104+0000] {dagbag.py:588} INFO - Filling up the DagBag from /home/airflow/.local/lib/python3.12/site-packages/airflow/example_dags/example_complex.py
[2025-02-01T07:48:59.120+0000] {processor.py:925} INFO - DAG(s) 'example_complex' retrieved from /home/airflow/.local/lib/python3.12/site-packages/airflow/example_dags/example_complex.py
[2025-02-01T07:48:59.169+0000] {logging_mixin.py:190} INFO - [2025-02-01T07:48:59.168+0000] {dag.py:3239} INFO - Sync 1 DAGs
[2025-02-01T07:48:59.216+0000] {logging_mixin.py:190} INFO - [2025-02-01T07:48:59.215+0000] {dag.py:4180} INFO - Setting next_dagrun for example_complex to None, run_after=None
[2025-02-01T07:48:59.246+0000] {processor.py:208} INFO - Processing /home/airflow/.local/lib/python3.12/site-packages/airflow/example_dags/example_complex.py took 0.155 seconds
[2025-02-01T07:49:30.554+0000] {processor.py:186} INFO - Started process (PID=1737) to work on /home/airflow/.local/lib/python3.12/site-packages/airflow/example_dags/example_complex.py
[2025-02-01T07:49:30.555+0000] {processor.py:914} INFO - Processing file /home/airflow/.local/lib/python3.12/site-packages/airflow/example_dags/example_complex.py for tasks to queue
[2025-02-01T07:49:30.559+0000] {logging_mixin.py:190} INFO - [2025-02-01T07:49:30.558+0000] {dagbag.py:588} INFO - Filling up the DagBag from /home/airflow/.local/lib/python3.12/site-packages/airflow/example_dags/example_complex.py
[2025-02-01T07:49:30.578+0000] {processor.py:925} INFO - DAG(s) 'example_complex' retrieved from /home/airflow/.local/lib/python3.12/site-packages/airflow/example_dags/example_complex.py
[2025-02-01T07:49:30.620+0000] {logging_mixin.py:190} INFO - [2025-02-01T07:49:30.620+0000] {dag.py:3239} INFO - Sync 1 DAGs
[2025-02-01T07:49:30.642+0000] {logging_mixin.py:190} INFO - [2025-02-01T07:49:30.642+0000] {dag.py:4180} INFO - Setting next_dagrun for example_complex to None, run_after=None
[2025-02-01T07:49:30.672+0000] {processor.py:208} INFO - Processing /home/airflow/.local/lib/python3.12/site-packages/airflow/example_dags/example_complex.py took 0.128 seconds
[2025-02-01T07:50:02.018+0000] {processor.py:186} INFO - Started process (PID=1803) to work on /home/airflow/.local/lib/python3.12/site-packages/airflow/example_dags/example_complex.py
[2025-02-01T07:50:02.019+0000] {processor.py:914} INFO - Processing file /home/airflow/.local/lib/python3.12/site-packages/airflow/example_dags/example_complex.py for tasks to queue
[2025-02-01T07:50:02.022+0000] {logging_mixin.py:190} INFO - [2025-02-01T07:50:02.022+0000] {dagbag.py:588} INFO - Filling up the DagBag from /home/airflow/.local/lib/python3.12/site-packages/airflow/example_dags/example_complex.py
[2025-02-01T07:50:02.037+0000] {processor.py:925} INFO - DAG(s) 'example_complex' retrieved from /home/airflow/.local/lib/python3.12/site-packages/airflow/example_dags/example_complex.py
[2025-02-01T07:50:02.081+0000] {logging_mixin.py:190} INFO - [2025-02-01T07:50:02.081+0000] {dag.py:3239} INFO - Sync 1 DAGs
[2025-02-01T07:50:02.100+0000] {logging_mixin.py:190} INFO - [2025-02-01T07:50:02.100+0000] {dag.py:4180} INFO - Setting next_dagrun for example_complex to None, run_after=None
[2025-02-01T07:50:02.127+0000] {processor.py:208} INFO - Processing /home/airflow/.local/lib/python3.12/site-packages/airflow/example_dags/example_complex.py took 0.121 seconds
[2025-02-01T07:50:33.979+0000] {processor.py:186} INFO - Started process (PID=1873) to work on /home/airflow/.local/lib/python3.12/site-packages/airflow/example_dags/example_complex.py
[2025-02-01T07:50:33.981+0000] {processor.py:914} INFO - Processing file /home/airflow/.local/lib/python3.12/site-packages/airflow/example_dags/example_complex.py for tasks to queue
[2025-02-01T07:50:33.984+0000] {logging_mixin.py:190} INFO - [2025-02-01T07:50:33.984+0000] {dagbag.py:588} INFO - Filling up the DagBag from /home/airflow/.local/lib/python3.12/site-packages/airflow/example_dags/example_complex.py
[2025-02-01T07:50:34.001+0000] {processor.py:925} INFO - DAG(s) 'example_complex' retrieved from /home/airflow/.local/lib/python3.12/site-packages/airflow/example_dags/example_complex.py
[2025-02-01T07:50:34.044+0000] {logging_mixin.py:190} INFO - [2025-02-01T07:50:34.044+0000] {dag.py:3239} INFO - Sync 1 DAGs
[2025-02-01T07:50:34.068+0000] {logging_mixin.py:190} INFO - [2025-02-01T07:50:34.068+0000] {dag.py:4180} INFO - Setting next_dagrun for example_complex to None, run_after=None
[2025-02-01T07:50:34.094+0000] {processor.py:208} INFO - Processing /home/airflow/.local/lib/python3.12/site-packages/airflow/example_dags/example_complex.py took 0.124 seconds
[2025-02-01T07:51:05.331+0000] {processor.py:186} INFO - Started process (PID=1939) to work on /home/airflow/.local/lib/python3.12/site-packages/airflow/example_dags/example_complex.py
[2025-02-01T07:51:05.333+0000] {processor.py:914} INFO - Processing file /home/airflow/.local/lib/python3.12/site-packages/airflow/example_dags/example_complex.py for tasks to queue
[2025-02-01T07:51:05.337+0000] {logging_mixin.py:190} INFO - [2025-02-01T07:51:05.336+0000] {dagbag.py:588} INFO - Filling up the DagBag from /home/airflow/.local/lib/python3.12/site-packages/airflow/example_dags/example_complex.py
[2025-02-01T07:51:05.355+0000] {processor.py:925} INFO - DAG(s) 'example_complex' retrieved from /home/airflow/.local/lib/python3.12/site-packages/airflow/example_dags/example_complex.py
[2025-02-01T07:51:05.395+0000] {logging_mixin.py:190} INFO - [2025-02-01T07:51:05.394+0000] {dag.py:3239} INFO - Sync 1 DAGs
[2025-02-01T07:51:05.414+0000] {logging_mixin.py:190} INFO - [2025-02-01T07:51:05.414+0000] {dag.py:4180} INFO - Setting next_dagrun for example_complex to None, run_after=None
[2025-02-01T07:51:05.439+0000] {processor.py:208} INFO - Processing /home/airflow/.local/lib/python3.12/site-packages/airflow/example_dags/example_complex.py took 0.119 seconds
[2025-02-01T07:51:36.146+0000] {processor.py:186} INFO - Started process (PID=2011) to work on /home/airflow/.local/lib/python3.12/site-packages/airflow/example_dags/example_complex.py
[2025-02-01T07:51:36.147+0000] {processor.py:914} INFO - Processing file /home/airflow/.local/lib/python3.12/site-packages/airflow/example_dags/example_complex.py for tasks to queue
[2025-02-01T07:51:36.151+0000] {logging_mixin.py:190} INFO - [2025-02-01T07:51:36.151+0000] {dagbag.py:588} INFO - Filling up the DagBag from /home/airflow/.local/lib/python3.12/site-packages/airflow/example_dags/example_complex.py
[2025-02-01T07:51:36.166+0000] {processor.py:925} INFO - DAG(s) 'example_complex' retrieved from /home/airflow/.local/lib/python3.12/site-packages/airflow/example_dags/example_complex.py
[2025-02-01T07:51:36.208+0000] {logging_mixin.py:190} INFO - [2025-02-01T07:51:36.208+0000] {dag.py:3239} INFO - Sync 1 DAGs
[2025-02-01T07:51:36.227+0000] {logging_mixin.py:190} INFO - [2025-02-01T07:51:36.227+0000] {dag.py:4180} INFO - Setting next_dagrun for example_complex to None, run_after=None
[2025-02-01T07:51:36.256+0000] {processor.py:208} INFO - Processing /home/airflow/.local/lib/python3.12/site-packages/airflow/example_dags/example_complex.py took 0.119 seconds
[2025-02-01T07:52:08.456+0000] {processor.py:186} INFO - Started process (PID=2077) to work on /home/airflow/.local/lib/python3.12/site-packages/airflow/example_dags/example_complex.py
[2025-02-01T07:52:08.457+0000] {processor.py:914} INFO - Processing file /home/airflow/.local/lib/python3.12/site-packages/airflow/example_dags/example_complex.py for tasks to queue
[2025-02-01T07:52:08.460+0000] {logging_mixin.py:190} INFO - [2025-02-01T07:52:08.460+0000] {dagbag.py:588} INFO - Filling up the DagBag from /home/airflow/.local/lib/python3.12/site-packages/airflow/example_dags/example_complex.py
[2025-02-01T07:52:08.477+0000] {processor.py:925} INFO - DAG(s) 'example_complex' retrieved from /home/airflow/.local/lib/python3.12/site-packages/airflow/example_dags/example_complex.py
[2025-02-01T07:52:08.519+0000] {logging_mixin.py:190} INFO - [2025-02-01T07:52:08.519+0000] {dag.py:3239} INFO - Sync 1 DAGs
[2025-02-01T07:52:08.539+0000] {logging_mixin.py:190} INFO - [2025-02-01T07:52:08.539+0000] {dag.py:4180} INFO - Setting next_dagrun for example_complex to None, run_after=None
[2025-02-01T07:52:08.568+0000] {processor.py:208} INFO - Processing /home/airflow/.local/lib/python3.12/site-packages/airflow/example_dags/example_complex.py took 0.121 seconds
[2025-02-01T07:52:41.050+0000] {processor.py:186} INFO - Started process (PID=2145) to work on /home/airflow/.local/lib/python3.12/site-packages/airflow/example_dags/example_complex.py
[2025-02-01T07:52:41.051+0000] {processor.py:914} INFO - Processing file /home/airflow/.local/lib/python3.12/site-packages/airflow/example_dags/example_complex.py for tasks to queue
[2025-02-01T07:52:41.056+0000] {logging_mixin.py:190} INFO - [2025-02-01T07:52:41.055+0000] {dagbag.py:588} INFO - Filling up the DagBag from /home/airflow/.local/lib/python3.12/site-packages/airflow/example_dags/example_complex.py
[2025-02-01T07:52:41.072+0000] {processor.py:925} INFO - DAG(s) 'example_complex' retrieved from /home/airflow/.local/lib/python3.12/site-packages/airflow/example_dags/example_complex.py
[2025-02-01T07:52:41.150+0000] {logging_mixin.py:190} INFO - [2025-02-01T07:52:41.144+0000] {dag.py:3239} INFO - Sync 1 DAGs
[2025-02-01T07:52:41.198+0000] {logging_mixin.py:190} INFO - [2025-02-01T07:52:41.198+0000] {dag.py:4180} INFO - Setting next_dagrun for example_complex to None, run_after=None
[2025-02-01T07:52:41.247+0000] {processor.py:208} INFO - Processing /home/airflow/.local/lib/python3.12/site-packages/airflow/example_dags/example_complex.py took 0.208 seconds
[2025-02-01T07:53:12.986+0000] {processor.py:186} INFO - Started process (PID=2211) to work on /home/airflow/.local/lib/python3.12/site-packages/airflow/example_dags/example_complex.py
[2025-02-01T07:53:12.987+0000] {processor.py:914} INFO - Processing file /home/airflow/.local/lib/python3.12/site-packages/airflow/example_dags/example_complex.py for tasks to queue
[2025-02-01T07:53:12.991+0000] {logging_mixin.py:190} INFO - [2025-02-01T07:53:12.991+0000] {dagbag.py:588} INFO - Filling up the DagBag from /home/airflow/.local/lib/python3.12/site-packages/airflow/example_dags/example_complex.py
[2025-02-01T07:53:13.009+0000] {processor.py:925} INFO - DAG(s) 'example_complex' retrieved from /home/airflow/.local/lib/python3.12/site-packages/airflow/example_dags/example_complex.py
[2025-02-01T07:53:13.052+0000] {logging_mixin.py:190} INFO - [2025-02-01T07:53:13.052+0000] {dag.py:3239} INFO - Sync 1 DAGs
[2025-02-01T07:53:13.075+0000] {logging_mixin.py:190} INFO - [2025-02-01T07:53:13.074+0000] {dag.py:4180} INFO - Setting next_dagrun for example_complex to None, run_after=None
[2025-02-01T07:53:13.101+0000] {processor.py:208} INFO - Processing /home/airflow/.local/lib/python3.12/site-packages/airflow/example_dags/example_complex.py took 0.124 seconds
[2025-02-01T07:53:44.526+0000] {processor.py:186} INFO - Started process (PID=2277) to work on /home/airflow/.local/lib/python3.12/site-packages/airflow/example_dags/example_complex.py
[2025-02-01T07:53:44.527+0000] {processor.py:914} INFO - Processing file /home/airflow/.local/lib/python3.12/site-packages/airflow/example_dags/example_complex.py for tasks to queue
[2025-02-01T07:53:44.530+0000] {logging_mixin.py:190} INFO - [2025-02-01T07:53:44.530+0000] {dagbag.py:588} INFO - Filling up the DagBag from /home/airflow/.local/lib/python3.12/site-packages/airflow/example_dags/example_complex.py
[2025-02-01T07:53:44.546+0000] {processor.py:925} INFO - DAG(s) 'example_complex' retrieved from /home/airflow/.local/lib/python3.12/site-packages/airflow/example_dags/example_complex.py
[2025-02-01T07:53:44.591+0000] {logging_mixin.py:190} INFO - [2025-02-01T07:53:44.590+0000] {dag.py:3239} INFO - Sync 1 DAGs
[2025-02-01T07:53:44.610+0000] {logging_mixin.py:190} INFO - [2025-02-01T07:53:44.610+0000] {dag.py:4180} INFO - Setting next_dagrun for example_complex to None, run_after=None
[2025-02-01T07:53:44.635+0000] {processor.py:208} INFO - Processing /home/airflow/.local/lib/python3.12/site-packages/airflow/example_dags/example_complex.py took 0.119 seconds
[2025-02-01T07:54:15.379+0000] {processor.py:186} INFO - Started process (PID=2343) to work on /home/airflow/.local/lib/python3.12/site-packages/airflow/example_dags/example_complex.py
[2025-02-01T07:54:15.380+0000] {processor.py:914} INFO - Processing file /home/airflow/.local/lib/python3.12/site-packages/airflow/example_dags/example_complex.py for tasks to queue
[2025-02-01T07:54:15.383+0000] {logging_mixin.py:190} INFO - [2025-02-01T07:54:15.383+0000] {dagbag.py:588} INFO - Filling up the DagBag from /home/airflow/.local/lib/python3.12/site-packages/airflow/example_dags/example_complex.py
[2025-02-01T07:54:15.403+0000] {processor.py:925} INFO - DAG(s) 'example_complex' retrieved from /home/airflow/.local/lib/python3.12/site-packages/airflow/example_dags/example_complex.py
[2025-02-01T07:54:15.462+0000] {logging_mixin.py:190} INFO - [2025-02-01T07:54:15.462+0000] {dag.py:3239} INFO - Sync 1 DAGs
[2025-02-01T07:54:15.489+0000] {logging_mixin.py:190} INFO - [2025-02-01T07:54:15.488+0000] {dag.py:4180} INFO - Setting next_dagrun for example_complex to None, run_after=None
[2025-02-01T07:54:15.536+0000] {processor.py:208} INFO - Processing /home/airflow/.local/lib/python3.12/site-packages/airflow/example_dags/example_complex.py took 0.169 seconds
[2025-02-01T07:54:45.731+0000] {processor.py:186} INFO - Started process (PID=2408) to work on /home/airflow/.local/lib/python3.12/site-packages/airflow/example_dags/example_complex.py
[2025-02-01T07:54:45.732+0000] {processor.py:914} INFO - Processing file /home/airflow/.local/lib/python3.12/site-packages/airflow/example_dags/example_complex.py for tasks to queue
[2025-02-01T07:54:45.735+0000] {logging_mixin.py:190} INFO - [2025-02-01T07:54:45.735+0000] {dagbag.py:588} INFO - Filling up the DagBag from /home/airflow/.local/lib/python3.12/site-packages/airflow/example_dags/example_complex.py
[2025-02-01T07:54:45.753+0000] {processor.py:925} INFO - DAG(s) 'example_complex' retrieved from /home/airflow/.local/lib/python3.12/site-packages/airflow/example_dags/example_complex.py
[2025-02-01T07:54:45.793+0000] {logging_mixin.py:190} INFO - [2025-02-01T07:54:45.792+0000] {dag.py:3239} INFO - Sync 1 DAGs
[2025-02-01T07:54:45.812+0000] {logging_mixin.py:190} INFO - [2025-02-01T07:54:45.812+0000] {dag.py:4180} INFO - Setting next_dagrun for example_complex to None, run_after=None
[2025-02-01T07:54:45.840+0000] {processor.py:208} INFO - Processing /home/airflow/.local/lib/python3.12/site-packages/airflow/example_dags/example_complex.py took 0.118 seconds
[2025-02-01T07:55:17.592+0000] {processor.py:186} INFO - Started process (PID=2474) to work on /home/airflow/.local/lib/python3.12/site-packages/airflow/example_dags/example_complex.py
[2025-02-01T07:55:17.595+0000] {processor.py:914} INFO - Processing file /home/airflow/.local/lib/python3.12/site-packages/airflow/example_dags/example_complex.py for tasks to queue
[2025-02-01T07:55:17.599+0000] {logging_mixin.py:190} INFO - [2025-02-01T07:55:17.599+0000] {dagbag.py:588} INFO - Filling up the DagBag from /home/airflow/.local/lib/python3.12/site-packages/airflow/example_dags/example_complex.py
[2025-02-01T07:55:17.621+0000] {processor.py:925} INFO - DAG(s) 'example_complex' retrieved from /home/airflow/.local/lib/python3.12/site-packages/airflow/example_dags/example_complex.py
[2025-02-01T07:55:17.678+0000] {logging_mixin.py:190} INFO - [2025-02-01T07:55:17.677+0000] {dag.py:3239} INFO - Sync 1 DAGs
[2025-02-01T07:55:17.699+0000] {logging_mixin.py:190} INFO - [2025-02-01T07:55:17.699+0000] {dag.py:4180} INFO - Setting next_dagrun for example_complex to None, run_after=None
[2025-02-01T07:55:17.727+0000] {processor.py:208} INFO - Processing /home/airflow/.local/lib/python3.12/site-packages/airflow/example_dags/example_complex.py took 0.149 seconds
[2025-02-01T07:55:48.587+0000] {processor.py:186} INFO - Started process (PID=2540) to work on /home/airflow/.local/lib/python3.12/site-packages/airflow/example_dags/example_complex.py
[2025-02-01T07:55:48.589+0000] {processor.py:914} INFO - Processing file /home/airflow/.local/lib/python3.12/site-packages/airflow/example_dags/example_complex.py for tasks to queue
[2025-02-01T07:55:48.594+0000] {logging_mixin.py:190} INFO - [2025-02-01T07:55:48.593+0000] {dagbag.py:588} INFO - Filling up the DagBag from /home/airflow/.local/lib/python3.12/site-packages/airflow/example_dags/example_complex.py
[2025-02-01T07:55:48.611+0000] {processor.py:925} INFO - DAG(s) 'example_complex' retrieved from /home/airflow/.local/lib/python3.12/site-packages/airflow/example_dags/example_complex.py
[2025-02-01T07:55:48.664+0000] {logging_mixin.py:190} INFO - [2025-02-01T07:55:48.664+0000] {dag.py:3239} INFO - Sync 1 DAGs
[2025-02-01T07:55:48.687+0000] {logging_mixin.py:190} INFO - [2025-02-01T07:55:48.686+0000] {dag.py:4180} INFO - Setting next_dagrun for example_complex to None, run_after=None
[2025-02-01T07:55:48.711+0000] {processor.py:208} INFO - Processing /home/airflow/.local/lib/python3.12/site-packages/airflow/example_dags/example_complex.py took 0.134 seconds
[2025-02-01T07:56:19.159+0000] {processor.py:186} INFO - Started process (PID=2607) to work on /home/airflow/.local/lib/python3.12/site-packages/airflow/example_dags/example_complex.py
[2025-02-01T07:56:19.160+0000] {processor.py:914} INFO - Processing file /home/airflow/.local/lib/python3.12/site-packages/airflow/example_dags/example_complex.py for tasks to queue
[2025-02-01T07:56:19.163+0000] {logging_mixin.py:190} INFO - [2025-02-01T07:56:19.163+0000] {dagbag.py:588} INFO - Filling up the DagBag from /home/airflow/.local/lib/python3.12/site-packages/airflow/example_dags/example_complex.py
[2025-02-01T07:56:19.185+0000] {processor.py:925} INFO - DAG(s) 'example_complex' retrieved from /home/airflow/.local/lib/python3.12/site-packages/airflow/example_dags/example_complex.py
[2025-02-01T07:56:19.227+0000] {logging_mixin.py:190} INFO - [2025-02-01T07:56:19.226+0000] {dag.py:3239} INFO - Sync 1 DAGs
[2025-02-01T07:56:19.248+0000] {logging_mixin.py:190} INFO - [2025-02-01T07:56:19.248+0000] {dag.py:4180} INFO - Setting next_dagrun for example_complex to None, run_after=None
[2025-02-01T07:56:19.279+0000] {processor.py:208} INFO - Processing /home/airflow/.local/lib/python3.12/site-packages/airflow/example_dags/example_complex.py took 0.132 seconds
[2025-02-01T07:56:50.108+0000] {processor.py:186} INFO - Started process (PID=2673) to work on /home/airflow/.local/lib/python3.12/site-packages/airflow/example_dags/example_complex.py
[2025-02-01T07:56:50.109+0000] {processor.py:914} INFO - Processing file /home/airflow/.local/lib/python3.12/site-packages/airflow/example_dags/example_complex.py for tasks to queue
[2025-02-01T07:56:50.113+0000] {logging_mixin.py:190} INFO - [2025-02-01T07:56:50.112+0000] {dagbag.py:588} INFO - Filling up the DagBag from /home/airflow/.local/lib/python3.12/site-packages/airflow/example_dags/example_complex.py
[2025-02-01T07:56:50.135+0000] {processor.py:925} INFO - DAG(s) 'example_complex' retrieved from /home/airflow/.local/lib/python3.12/site-packages/airflow/example_dags/example_complex.py
[2025-02-01T07:56:50.181+0000] {logging_mixin.py:190} INFO - [2025-02-01T07:56:50.181+0000] {dag.py:3239} INFO - Sync 1 DAGs
[2025-02-01T07:56:50.220+0000] {logging_mixin.py:190} INFO - [2025-02-01T07:56:50.220+0000] {dag.py:4180} INFO - Setting next_dagrun for example_complex to None, run_after=None
[2025-02-01T07:56:50.257+0000] {processor.py:208} INFO - Processing /home/airflow/.local/lib/python3.12/site-packages/airflow/example_dags/example_complex.py took 0.162 seconds
[2025-02-01T07:57:21.743+0000] {processor.py:186} INFO - Started process (PID=2739) to work on /home/airflow/.local/lib/python3.12/site-packages/airflow/example_dags/example_complex.py
[2025-02-01T07:57:21.745+0000] {processor.py:914} INFO - Processing file /home/airflow/.local/lib/python3.12/site-packages/airflow/example_dags/example_complex.py for tasks to queue
[2025-02-01T07:57:21.748+0000] {logging_mixin.py:190} INFO - [2025-02-01T07:57:21.748+0000] {dagbag.py:588} INFO - Filling up the DagBag from /home/airflow/.local/lib/python3.12/site-packages/airflow/example_dags/example_complex.py
[2025-02-01T07:57:21.763+0000] {processor.py:925} INFO - DAG(s) 'example_complex' retrieved from /home/airflow/.local/lib/python3.12/site-packages/airflow/example_dags/example_complex.py
[2025-02-01T07:57:21.807+0000] {logging_mixin.py:190} INFO - [2025-02-01T07:57:21.807+0000] {dag.py:3239} INFO - Sync 1 DAGs
[2025-02-01T07:57:21.831+0000] {logging_mixin.py:190} INFO - [2025-02-01T07:57:21.830+0000] {dag.py:4180} INFO - Setting next_dagrun for example_complex to None, run_after=None
[2025-02-01T07:57:21.857+0000] {processor.py:208} INFO - Processing /home/airflow/.local/lib/python3.12/site-packages/airflow/example_dags/example_complex.py took 0.124 seconds
[2025-02-01T07:57:53.032+0000] {processor.py:186} INFO - Started process (PID=2805) to work on /home/airflow/.local/lib/python3.12/site-packages/airflow/example_dags/example_complex.py
[2025-02-01T07:57:53.033+0000] {processor.py:914} INFO - Processing file /home/airflow/.local/lib/python3.12/site-packages/airflow/example_dags/example_complex.py for tasks to queue
[2025-02-01T07:57:53.037+0000] {logging_mixin.py:190} INFO - [2025-02-01T07:57:53.036+0000] {dagbag.py:588} INFO - Filling up the DagBag from /home/airflow/.local/lib/python3.12/site-packages/airflow/example_dags/example_complex.py
[2025-02-01T07:57:53.054+0000] {processor.py:925} INFO - DAG(s) 'example_complex' retrieved from /home/airflow/.local/lib/python3.12/site-packages/airflow/example_dags/example_complex.py
[2025-02-01T07:57:53.108+0000] {logging_mixin.py:190} INFO - [2025-02-01T07:57:53.107+0000] {dag.py:3239} INFO - Sync 1 DAGs
[2025-02-01T07:57:53.130+0000] {logging_mixin.py:190} INFO - [2025-02-01T07:57:53.129+0000] {dag.py:4180} INFO - Setting next_dagrun for example_complex to None, run_after=None
[2025-02-01T07:57:53.163+0000] {processor.py:208} INFO - Processing /home/airflow/.local/lib/python3.12/site-packages/airflow/example_dags/example_complex.py took 0.142 seconds
[2025-02-01T07:58:24.293+0000] {processor.py:186} INFO - Started process (PID=2871) to work on /home/airflow/.local/lib/python3.12/site-packages/airflow/example_dags/example_complex.py
[2025-02-01T07:58:24.295+0000] {processor.py:914} INFO - Processing file /home/airflow/.local/lib/python3.12/site-packages/airflow/example_dags/example_complex.py for tasks to queue
[2025-02-01T07:58:24.298+0000] {logging_mixin.py:190} INFO - [2025-02-01T07:58:24.297+0000] {dagbag.py:588} INFO - Filling up the DagBag from /home/airflow/.local/lib/python3.12/site-packages/airflow/example_dags/example_complex.py
[2025-02-01T07:58:24.317+0000] {processor.py:925} INFO - DAG(s) 'example_complex' retrieved from /home/airflow/.local/lib/python3.12/site-packages/airflow/example_dags/example_complex.py
[2025-02-01T07:58:24.365+0000] {logging_mixin.py:190} INFO - [2025-02-01T07:58:24.365+0000] {dag.py:3239} INFO - Sync 1 DAGs
[2025-02-01T07:58:24.383+0000] {logging_mixin.py:190} INFO - [2025-02-01T07:58:24.383+0000] {dag.py:4180} INFO - Setting next_dagrun for example_complex to None, run_after=None
[2025-02-01T07:58:24.408+0000] {processor.py:208} INFO - Processing /home/airflow/.local/lib/python3.12/site-packages/airflow/example_dags/example_complex.py took 0.125 seconds
[2025-02-01T07:58:55.656+0000] {processor.py:186} INFO - Started process (PID=2937) to work on /home/airflow/.local/lib/python3.12/site-packages/airflow/example_dags/example_complex.py
[2025-02-01T07:58:55.658+0000] {processor.py:914} INFO - Processing file /home/airflow/.local/lib/python3.12/site-packages/airflow/example_dags/example_complex.py for tasks to queue
[2025-02-01T07:58:55.662+0000] {logging_mixin.py:190} INFO - [2025-02-01T07:58:55.661+0000] {dagbag.py:588} INFO - Filling up the DagBag from /home/airflow/.local/lib/python3.12/site-packages/airflow/example_dags/example_complex.py
[2025-02-01T07:58:55.677+0000] {processor.py:925} INFO - DAG(s) 'example_complex' retrieved from /home/airflow/.local/lib/python3.12/site-packages/airflow/example_dags/example_complex.py
[2025-02-01T07:58:55.723+0000] {logging_mixin.py:190} INFO - [2025-02-01T07:58:55.723+0000] {dag.py:3239} INFO - Sync 1 DAGs
[2025-02-01T07:58:55.740+0000] {logging_mixin.py:190} INFO - [2025-02-01T07:58:55.740+0000] {dag.py:4180} INFO - Setting next_dagrun for example_complex to None, run_after=None
[2025-02-01T07:58:55.767+0000] {processor.py:208} INFO - Processing /home/airflow/.local/lib/python3.12/site-packages/airflow/example_dags/example_complex.py took 0.129 seconds
[2025-02-01T07:59:28.201+0000] {processor.py:186} INFO - Started process (PID=3005) to work on /home/airflow/.local/lib/python3.12/site-packages/airflow/example_dags/example_complex.py
[2025-02-01T07:59:28.203+0000] {processor.py:914} INFO - Processing file /home/airflow/.local/lib/python3.12/site-packages/airflow/example_dags/example_complex.py for tasks to queue
[2025-02-01T07:59:28.206+0000] {logging_mixin.py:190} INFO - [2025-02-01T07:59:28.205+0000] {dagbag.py:588} INFO - Filling up the DagBag from /home/airflow/.local/lib/python3.12/site-packages/airflow/example_dags/example_complex.py
[2025-02-01T07:59:28.224+0000] {processor.py:925} INFO - DAG(s) 'example_complex' retrieved from /home/airflow/.local/lib/python3.12/site-packages/airflow/example_dags/example_complex.py
[2025-02-01T07:59:28.269+0000] {logging_mixin.py:190} INFO - [2025-02-01T07:59:28.269+0000] {dag.py:3239} INFO - Sync 1 DAGs
[2025-02-01T07:59:28.289+0000] {logging_mixin.py:190} INFO - [2025-02-01T07:59:28.289+0000] {dag.py:4180} INFO - Setting next_dagrun for example_complex to None, run_after=None
[2025-02-01T07:59:28.318+0000] {processor.py:208} INFO - Processing /home/airflow/.local/lib/python3.12/site-packages/airflow/example_dags/example_complex.py took 0.127 seconds
[2025-02-01T07:59:59.488+0000] {processor.py:186} INFO - Started process (PID=3072) to work on /home/airflow/.local/lib/python3.12/site-packages/airflow/example_dags/example_complex.py
[2025-02-01T07:59:59.490+0000] {processor.py:914} INFO - Processing file /home/airflow/.local/lib/python3.12/site-packages/airflow/example_dags/example_complex.py for tasks to queue
[2025-02-01T07:59:59.496+0000] {logging_mixin.py:190} INFO - [2025-02-01T07:59:59.496+0000] {dagbag.py:588} INFO - Filling up the DagBag from /home/airflow/.local/lib/python3.12/site-packages/airflow/example_dags/example_complex.py
[2025-02-01T07:59:59.518+0000] {processor.py:925} INFO - DAG(s) 'example_complex' retrieved from /home/airflow/.local/lib/python3.12/site-packages/airflow/example_dags/example_complex.py
[2025-02-01T07:59:59.572+0000] {logging_mixin.py:190} INFO - [2025-02-01T07:59:59.571+0000] {dag.py:3239} INFO - Sync 1 DAGs
[2025-02-01T07:59:59.599+0000] {logging_mixin.py:190} INFO - [2025-02-01T07:59:59.599+0000] {dag.py:4180} INFO - Setting next_dagrun for example_complex to None, run_after=None
[2025-02-01T07:59:59.629+0000] {processor.py:208} INFO - Processing /home/airflow/.local/lib/python3.12/site-packages/airflow/example_dags/example_complex.py took 0.154 seconds
[2025-02-01T08:00:30.262+0000] {processor.py:186} INFO - Started process (PID=3139) to work on /home/airflow/.local/lib/python3.12/site-packages/airflow/example_dags/example_complex.py
[2025-02-01T08:00:30.263+0000] {processor.py:914} INFO - Processing file /home/airflow/.local/lib/python3.12/site-packages/airflow/example_dags/example_complex.py for tasks to queue
[2025-02-01T08:00:30.267+0000] {logging_mixin.py:190} INFO - [2025-02-01T08:00:30.267+0000] {dagbag.py:588} INFO - Filling up the DagBag from /home/airflow/.local/lib/python3.12/site-packages/airflow/example_dags/example_complex.py
[2025-02-01T08:00:30.303+0000] {processor.py:925} INFO - DAG(s) 'example_complex' retrieved from /home/airflow/.local/lib/python3.12/site-packages/airflow/example_dags/example_complex.py
[2025-02-01T08:00:30.355+0000] {logging_mixin.py:190} INFO - [2025-02-01T08:00:30.355+0000] {dag.py:3239} INFO - Sync 1 DAGs
[2025-02-01T08:00:30.375+0000] {logging_mixin.py:190} INFO - [2025-02-01T08:00:30.375+0000] {dag.py:4180} INFO - Setting next_dagrun for example_complex to None, run_after=None
[2025-02-01T08:00:30.405+0000] {processor.py:208} INFO - Processing /home/airflow/.local/lib/python3.12/site-packages/airflow/example_dags/example_complex.py took 0.164 seconds
[2025-02-01T08:01:01.273+0000] {processor.py:186} INFO - Started process (PID=3206) to work on /home/airflow/.local/lib/python3.12/site-packages/airflow/example_dags/example_complex.py
[2025-02-01T08:01:01.274+0000] {processor.py:914} INFO - Processing file /home/airflow/.local/lib/python3.12/site-packages/airflow/example_dags/example_complex.py for tasks to queue
[2025-02-01T08:01:01.278+0000] {logging_mixin.py:190} INFO - [2025-02-01T08:01:01.277+0000] {dagbag.py:588} INFO - Filling up the DagBag from /home/airflow/.local/lib/python3.12/site-packages/airflow/example_dags/example_complex.py
[2025-02-01T08:01:01.292+0000] {processor.py:925} INFO - DAG(s) 'example_complex' retrieved from /home/airflow/.local/lib/python3.12/site-packages/airflow/example_dags/example_complex.py
[2025-02-01T08:01:01.334+0000] {logging_mixin.py:190} INFO - [2025-02-01T08:01:01.333+0000] {dag.py:3239} INFO - Sync 1 DAGs
[2025-02-01T08:01:01.356+0000] {logging_mixin.py:190} INFO - [2025-02-01T08:01:01.356+0000] {dag.py:4180} INFO - Setting next_dagrun for example_complex to None, run_after=None
[2025-02-01T08:01:01.380+0000] {processor.py:208} INFO - Processing /home/airflow/.local/lib/python3.12/site-packages/airflow/example_dags/example_complex.py took 0.116 seconds
[2025-02-01T08:01:33.689+0000] {processor.py:186} INFO - Started process (PID=3273) to work on /home/airflow/.local/lib/python3.12/site-packages/airflow/example_dags/example_complex.py
[2025-02-01T08:01:33.691+0000] {processor.py:914} INFO - Processing file /home/airflow/.local/lib/python3.12/site-packages/airflow/example_dags/example_complex.py for tasks to queue
[2025-02-01T08:01:33.694+0000] {logging_mixin.py:190} INFO - [2025-02-01T08:01:33.694+0000] {dagbag.py:588} INFO - Filling up the DagBag from /home/airflow/.local/lib/python3.12/site-packages/airflow/example_dags/example_complex.py
[2025-02-01T08:01:33.715+0000] {processor.py:925} INFO - DAG(s) 'example_complex' retrieved from /home/airflow/.local/lib/python3.12/site-packages/airflow/example_dags/example_complex.py
[2025-02-01T08:01:33.760+0000] {logging_mixin.py:190} INFO - [2025-02-01T08:01:33.760+0000] {dag.py:3239} INFO - Sync 1 DAGs
[2025-02-01T08:01:33.777+0000] {logging_mixin.py:190} INFO - [2025-02-01T08:01:33.777+0000] {dag.py:4180} INFO - Setting next_dagrun for example_complex to None, run_after=None
[2025-02-01T08:01:33.812+0000] {processor.py:208} INFO - Processing /home/airflow/.local/lib/python3.12/site-packages/airflow/example_dags/example_complex.py took 0.135 seconds
