[2025-02-01T07:37:00.565+0000] {processor.py:186} INFO - Started process (PID=155) to work on /home/airflow/.local/lib/python3.12/site-packages/airflow/example_dags/example_skip_dag.py
[2025-02-01T07:37:00.566+0000] {processor.py:914} INFO - Processing file /home/airflow/.local/lib/python3.12/site-packages/airflow/example_dags/example_skip_dag.py for tasks to queue
[2025-02-01T07:37:00.569+0000] {logging_mixin.py:190} INFO - [2025-02-01T07:37:00.569+0000] {dagbag.py:588} INFO - Filling up the DagBag from /home/airflow/.local/lib/python3.12/site-packages/airflow/example_dags/example_skip_dag.py
[2025-02-01T07:37:00.579+0000] {processor.py:925} INFO - DAG(s) 'example_skip_dag' retrieved from /home/airflow/.local/lib/python3.12/site-packages/airflow/example_dags/example_skip_dag.py
[2025-02-01T07:37:00.604+0000] {logging_mixin.py:190} INFO - [2025-02-01T07:37:00.603+0000] {dag.py:3239} INFO - Sync 1 DAGs
[2025-02-01T07:37:00.633+0000] {logging_mixin.py:190} INFO - [2025-02-01T07:37:00.632+0000] {dag.py:4180} INFO - Setting next_dagrun for example_skip_dag to 2025-01-31 00:00:00+00:00, run_after=2025-02-01 00:00:00+00:00
[2025-02-01T07:37:00.674+0000] {processor.py:208} INFO - Processing /home/airflow/.local/lib/python3.12/site-packages/airflow/example_dags/example_skip_dag.py took 0.119 seconds
[2025-02-01T07:37:31.330+0000] {processor.py:186} INFO - Started process (PID=225) to work on /home/airflow/.local/lib/python3.12/site-packages/airflow/example_dags/example_skip_dag.py
[2025-02-01T07:37:31.331+0000] {processor.py:914} INFO - Processing file /home/airflow/.local/lib/python3.12/site-packages/airflow/example_dags/example_skip_dag.py for tasks to queue
[2025-02-01T07:37:31.335+0000] {logging_mixin.py:190} INFO - [2025-02-01T07:37:31.335+0000] {dagbag.py:588} INFO - Filling up the DagBag from /home/airflow/.local/lib/python3.12/site-packages/airflow/example_dags/example_skip_dag.py
[2025-02-01T07:37:31.347+0000] {processor.py:925} INFO - DAG(s) 'example_skip_dag' retrieved from /home/airflow/.local/lib/python3.12/site-packages/airflow/example_dags/example_skip_dag.py
[2025-02-01T07:37:31.375+0000] {logging_mixin.py:190} INFO - [2025-02-01T07:37:31.375+0000] {dag.py:3239} INFO - Sync 1 DAGs
[2025-02-01T07:37:31.406+0000] {logging_mixin.py:190} INFO - [2025-02-01T07:37:31.405+0000] {dag.py:4180} INFO - Setting next_dagrun for example_skip_dag to 2025-01-31 00:00:00+00:00, run_after=2025-02-01 00:00:00+00:00
[2025-02-01T07:37:31.446+0000] {processor.py:208} INFO - Processing /home/airflow/.local/lib/python3.12/site-packages/airflow/example_dags/example_skip_dag.py took 0.128 seconds
[2025-02-01T07:38:01.557+0000] {processor.py:186} INFO - Started process (PID=290) to work on /home/airflow/.local/lib/python3.12/site-packages/airflow/example_dags/example_skip_dag.py
[2025-02-01T07:38:01.559+0000] {processor.py:914} INFO - Processing file /home/airflow/.local/lib/python3.12/site-packages/airflow/example_dags/example_skip_dag.py for tasks to queue
[2025-02-01T07:38:01.562+0000] {logging_mixin.py:190} INFO - [2025-02-01T07:38:01.562+0000] {dagbag.py:588} INFO - Filling up the DagBag from /home/airflow/.local/lib/python3.12/site-packages/airflow/example_dags/example_skip_dag.py
[2025-02-01T07:38:01.572+0000] {processor.py:925} INFO - DAG(s) 'example_skip_dag' retrieved from /home/airflow/.local/lib/python3.12/site-packages/airflow/example_dags/example_skip_dag.py
[2025-02-01T07:38:01.599+0000] {logging_mixin.py:190} INFO - [2025-02-01T07:38:01.599+0000] {dag.py:3239} INFO - Sync 1 DAGs
[2025-02-01T07:38:01.627+0000] {logging_mixin.py:190} INFO - [2025-02-01T07:38:01.626+0000] {dag.py:4180} INFO - Setting next_dagrun for example_skip_dag to 2025-01-31 00:00:00+00:00, run_after=2025-02-01 00:00:00+00:00
[2025-02-01T07:38:01.665+0000] {processor.py:208} INFO - Processing /home/airflow/.local/lib/python3.12/site-packages/airflow/example_dags/example_skip_dag.py took 0.117 seconds
[2025-02-01T07:38:32.245+0000] {processor.py:186} INFO - Started process (PID=355) to work on /home/airflow/.local/lib/python3.12/site-packages/airflow/example_dags/example_skip_dag.py
[2025-02-01T07:38:32.246+0000] {processor.py:914} INFO - Processing file /home/airflow/.local/lib/python3.12/site-packages/airflow/example_dags/example_skip_dag.py for tasks to queue
[2025-02-01T07:38:32.251+0000] {logging_mixin.py:190} INFO - [2025-02-01T07:38:32.250+0000] {dagbag.py:588} INFO - Filling up the DagBag from /home/airflow/.local/lib/python3.12/site-packages/airflow/example_dags/example_skip_dag.py
[2025-02-01T07:38:32.280+0000] {processor.py:925} INFO - DAG(s) 'example_skip_dag' retrieved from /home/airflow/.local/lib/python3.12/site-packages/airflow/example_dags/example_skip_dag.py
[2025-02-01T07:38:32.340+0000] {logging_mixin.py:190} INFO - [2025-02-01T07:38:32.340+0000] {dag.py:3239} INFO - Sync 1 DAGs
[2025-02-01T07:38:32.384+0000] {logging_mixin.py:190} INFO - [2025-02-01T07:38:32.383+0000] {dag.py:4180} INFO - Setting next_dagrun for example_skip_dag to 2025-01-31 00:00:00+00:00, run_after=2025-02-01 00:00:00+00:00
[2025-02-01T07:38:32.429+0000] {processor.py:208} INFO - Processing /home/airflow/.local/lib/python3.12/site-packages/airflow/example_dags/example_skip_dag.py took 0.194 seconds
[2025-02-01T07:39:03.225+0000] {processor.py:186} INFO - Started process (PID=421) to work on /home/airflow/.local/lib/python3.12/site-packages/airflow/example_dags/example_skip_dag.py
[2025-02-01T07:39:03.227+0000] {processor.py:914} INFO - Processing file /home/airflow/.local/lib/python3.12/site-packages/airflow/example_dags/example_skip_dag.py for tasks to queue
[2025-02-01T07:39:03.230+0000] {logging_mixin.py:190} INFO - [2025-02-01T07:39:03.230+0000] {dagbag.py:588} INFO - Filling up the DagBag from /home/airflow/.local/lib/python3.12/site-packages/airflow/example_dags/example_skip_dag.py
[2025-02-01T07:39:03.244+0000] {processor.py:925} INFO - DAG(s) 'example_skip_dag' retrieved from /home/airflow/.local/lib/python3.12/site-packages/airflow/example_dags/example_skip_dag.py
[2025-02-01T07:39:03.274+0000] {logging_mixin.py:190} INFO - [2025-02-01T07:39:03.274+0000] {dag.py:3239} INFO - Sync 1 DAGs
[2025-02-01T07:39:03.307+0000] {logging_mixin.py:190} INFO - [2025-02-01T07:39:03.306+0000] {dag.py:4180} INFO - Setting next_dagrun for example_skip_dag to 2025-01-31 00:00:00+00:00, run_after=2025-02-01 00:00:00+00:00
[2025-02-01T07:39:03.332+0000] {processor.py:208} INFO - Processing /home/airflow/.local/lib/python3.12/site-packages/airflow/example_dags/example_skip_dag.py took 0.117 seconds
[2025-02-01T07:39:35.400+0000] {processor.py:186} INFO - Started process (PID=493) to work on /home/airflow/.local/lib/python3.12/site-packages/airflow/example_dags/example_skip_dag.py
[2025-02-01T07:39:35.402+0000] {processor.py:914} INFO - Processing file /home/airflow/.local/lib/python3.12/site-packages/airflow/example_dags/example_skip_dag.py for tasks to queue
[2025-02-01T07:39:35.406+0000] {logging_mixin.py:190} INFO - [2025-02-01T07:39:35.406+0000] {dagbag.py:588} INFO - Filling up the DagBag from /home/airflow/.local/lib/python3.12/site-packages/airflow/example_dags/example_skip_dag.py
[2025-02-01T07:39:35.416+0000] {processor.py:925} INFO - DAG(s) 'example_skip_dag' retrieved from /home/airflow/.local/lib/python3.12/site-packages/airflow/example_dags/example_skip_dag.py
[2025-02-01T07:39:35.442+0000] {logging_mixin.py:190} INFO - [2025-02-01T07:39:35.442+0000] {dag.py:3239} INFO - Sync 1 DAGs
[2025-02-01T07:39:35.476+0000] {logging_mixin.py:190} INFO - [2025-02-01T07:39:35.475+0000] {dag.py:4180} INFO - Setting next_dagrun for example_skip_dag to 2025-01-31 00:00:00+00:00, run_after=2025-02-01 00:00:00+00:00
[2025-02-01T07:39:35.502+0000] {processor.py:208} INFO - Processing /home/airflow/.local/lib/python3.12/site-packages/airflow/example_dags/example_skip_dag.py took 0.112 seconds
[2025-02-01T07:40:06.811+0000] {processor.py:186} INFO - Started process (PID=559) to work on /home/airflow/.local/lib/python3.12/site-packages/airflow/example_dags/example_skip_dag.py
[2025-02-01T07:40:06.812+0000] {processor.py:914} INFO - Processing file /home/airflow/.local/lib/python3.12/site-packages/airflow/example_dags/example_skip_dag.py for tasks to queue
[2025-02-01T07:40:06.816+0000] {logging_mixin.py:190} INFO - [2025-02-01T07:40:06.815+0000] {dagbag.py:588} INFO - Filling up the DagBag from /home/airflow/.local/lib/python3.12/site-packages/airflow/example_dags/example_skip_dag.py
[2025-02-01T07:40:06.829+0000] {processor.py:925} INFO - DAG(s) 'example_skip_dag' retrieved from /home/airflow/.local/lib/python3.12/site-packages/airflow/example_dags/example_skip_dag.py
[2025-02-01T07:40:06.864+0000] {logging_mixin.py:190} INFO - [2025-02-01T07:40:06.863+0000] {dag.py:3239} INFO - Sync 1 DAGs
[2025-02-01T07:40:06.918+0000] {logging_mixin.py:190} INFO - [2025-02-01T07:40:06.918+0000] {dag.py:4180} INFO - Setting next_dagrun for example_skip_dag to 2025-01-31 00:00:00+00:00, run_after=2025-02-01 00:00:00+00:00
[2025-02-01T07:40:06.955+0000] {processor.py:208} INFO - Processing /home/airflow/.local/lib/python3.12/site-packages/airflow/example_dags/example_skip_dag.py took 0.159 seconds
[2025-02-01T07:40:37.805+0000] {processor.py:186} INFO - Started process (PID=625) to work on /home/airflow/.local/lib/python3.12/site-packages/airflow/example_dags/example_skip_dag.py
[2025-02-01T07:40:37.806+0000] {processor.py:914} INFO - Processing file /home/airflow/.local/lib/python3.12/site-packages/airflow/example_dags/example_skip_dag.py for tasks to queue
[2025-02-01T07:40:37.809+0000] {logging_mixin.py:190} INFO - [2025-02-01T07:40:37.808+0000] {dagbag.py:588} INFO - Filling up the DagBag from /home/airflow/.local/lib/python3.12/site-packages/airflow/example_dags/example_skip_dag.py
[2025-02-01T07:40:37.820+0000] {processor.py:925} INFO - DAG(s) 'example_skip_dag' retrieved from /home/airflow/.local/lib/python3.12/site-packages/airflow/example_dags/example_skip_dag.py
[2025-02-01T07:40:37.848+0000] {logging_mixin.py:190} INFO - [2025-02-01T07:40:37.847+0000] {dag.py:3239} INFO - Sync 1 DAGs
[2025-02-01T07:40:37.883+0000] {logging_mixin.py:190} INFO - [2025-02-01T07:40:37.883+0000] {dag.py:4180} INFO - Setting next_dagrun for example_skip_dag to 2025-01-31 00:00:00+00:00, run_after=2025-02-01 00:00:00+00:00
[2025-02-01T07:40:37.907+0000] {processor.py:208} INFO - Processing /home/airflow/.local/lib/python3.12/site-packages/airflow/example_dags/example_skip_dag.py took 0.112 seconds
[2025-02-01T07:41:08.383+0000] {processor.py:186} INFO - Started process (PID=691) to work on /home/airflow/.local/lib/python3.12/site-packages/airflow/example_dags/example_skip_dag.py
[2025-02-01T07:41:08.384+0000] {processor.py:914} INFO - Processing file /home/airflow/.local/lib/python3.12/site-packages/airflow/example_dags/example_skip_dag.py for tasks to queue
[2025-02-01T07:41:08.387+0000] {logging_mixin.py:190} INFO - [2025-02-01T07:41:08.387+0000] {dagbag.py:588} INFO - Filling up the DagBag from /home/airflow/.local/lib/python3.12/site-packages/airflow/example_dags/example_skip_dag.py
[2025-02-01T07:41:08.400+0000] {processor.py:925} INFO - DAG(s) 'example_skip_dag' retrieved from /home/airflow/.local/lib/python3.12/site-packages/airflow/example_dags/example_skip_dag.py
[2025-02-01T07:41:08.430+0000] {logging_mixin.py:190} INFO - [2025-02-01T07:41:08.430+0000] {dag.py:3239} INFO - Sync 1 DAGs
[2025-02-01T07:41:08.465+0000] {logging_mixin.py:190} INFO - [2025-02-01T07:41:08.465+0000] {dag.py:4180} INFO - Setting next_dagrun for example_skip_dag to 2025-01-31 00:00:00+00:00, run_after=2025-02-01 00:00:00+00:00
[2025-02-01T07:41:08.500+0000] {processor.py:208} INFO - Processing /home/airflow/.local/lib/python3.12/site-packages/airflow/example_dags/example_skip_dag.py took 0.126 seconds
[2025-02-01T07:41:39.757+0000] {processor.py:186} INFO - Started process (PID=756) to work on /home/airflow/.local/lib/python3.12/site-packages/airflow/example_dags/example_skip_dag.py
[2025-02-01T07:41:39.758+0000] {processor.py:914} INFO - Processing file /home/airflow/.local/lib/python3.12/site-packages/airflow/example_dags/example_skip_dag.py for tasks to queue
[2025-02-01T07:41:39.762+0000] {logging_mixin.py:190} INFO - [2025-02-01T07:41:39.762+0000] {dagbag.py:588} INFO - Filling up the DagBag from /home/airflow/.local/lib/python3.12/site-packages/airflow/example_dags/example_skip_dag.py
[2025-02-01T07:41:39.776+0000] {processor.py:925} INFO - DAG(s) 'example_skip_dag' retrieved from /home/airflow/.local/lib/python3.12/site-packages/airflow/example_dags/example_skip_dag.py
[2025-02-01T07:41:39.805+0000] {logging_mixin.py:190} INFO - [2025-02-01T07:41:39.804+0000] {dag.py:3239} INFO - Sync 1 DAGs
[2025-02-01T07:41:39.835+0000] {logging_mixin.py:190} INFO - [2025-02-01T07:41:39.834+0000] {dag.py:4180} INFO - Setting next_dagrun for example_skip_dag to 2025-01-31 00:00:00+00:00, run_after=2025-02-01 00:00:00+00:00
[2025-02-01T07:41:39.864+0000] {processor.py:208} INFO - Processing /home/airflow/.local/lib/python3.12/site-packages/airflow/example_dags/example_skip_dag.py took 0.116 seconds
[2025-02-01T07:42:11.292+0000] {processor.py:186} INFO - Started process (PID=822) to work on /home/airflow/.local/lib/python3.12/site-packages/airflow/example_dags/example_skip_dag.py
[2025-02-01T07:42:11.293+0000] {processor.py:914} INFO - Processing file /home/airflow/.local/lib/python3.12/site-packages/airflow/example_dags/example_skip_dag.py for tasks to queue
[2025-02-01T07:42:11.296+0000] {logging_mixin.py:190} INFO - [2025-02-01T07:42:11.296+0000] {dagbag.py:588} INFO - Filling up the DagBag from /home/airflow/.local/lib/python3.12/site-packages/airflow/example_dags/example_skip_dag.py
[2025-02-01T07:42:11.309+0000] {processor.py:925} INFO - DAG(s) 'example_skip_dag' retrieved from /home/airflow/.local/lib/python3.12/site-packages/airflow/example_dags/example_skip_dag.py
[2025-02-01T07:42:11.338+0000] {logging_mixin.py:190} INFO - [2025-02-01T07:42:11.338+0000] {dag.py:3239} INFO - Sync 1 DAGs
[2025-02-01T07:42:11.370+0000] {logging_mixin.py:190} INFO - [2025-02-01T07:42:11.370+0000] {dag.py:4180} INFO - Setting next_dagrun for example_skip_dag to 2025-01-31 00:00:00+00:00, run_after=2025-02-01 00:00:00+00:00
[2025-02-01T07:42:11.397+0000] {processor.py:208} INFO - Processing /home/airflow/.local/lib/python3.12/site-packages/airflow/example_dags/example_skip_dag.py took 0.114 seconds
[2025-02-01T07:42:42.883+0000] {processor.py:186} INFO - Started process (PID=888) to work on /home/airflow/.local/lib/python3.12/site-packages/airflow/example_dags/example_skip_dag.py
[2025-02-01T07:42:42.884+0000] {processor.py:914} INFO - Processing file /home/airflow/.local/lib/python3.12/site-packages/airflow/example_dags/example_skip_dag.py for tasks to queue
[2025-02-01T07:42:42.887+0000] {logging_mixin.py:190} INFO - [2025-02-01T07:42:42.886+0000] {dagbag.py:588} INFO - Filling up the DagBag from /home/airflow/.local/lib/python3.12/site-packages/airflow/example_dags/example_skip_dag.py
[2025-02-01T07:42:42.899+0000] {processor.py:925} INFO - DAG(s) 'example_skip_dag' retrieved from /home/airflow/.local/lib/python3.12/site-packages/airflow/example_dags/example_skip_dag.py
[2025-02-01T07:42:42.931+0000] {logging_mixin.py:190} INFO - [2025-02-01T07:42:42.930+0000] {dag.py:3239} INFO - Sync 1 DAGs
[2025-02-01T07:42:43.007+0000] {logging_mixin.py:190} INFO - [2025-02-01T07:42:43.007+0000] {dag.py:4180} INFO - Setting next_dagrun for example_skip_dag to 2025-01-31 00:00:00+00:00, run_after=2025-02-01 00:00:00+00:00
[2025-02-01T07:42:43.074+0000] {processor.py:208} INFO - Processing /home/airflow/.local/lib/python3.12/site-packages/airflow/example_dags/example_skip_dag.py took 0.202 seconds
[2025-02-01T07:43:14.044+0000] {processor.py:186} INFO - Started process (PID=954) to work on /home/airflow/.local/lib/python3.12/site-packages/airflow/example_dags/example_skip_dag.py
[2025-02-01T07:43:14.046+0000] {processor.py:914} INFO - Processing file /home/airflow/.local/lib/python3.12/site-packages/airflow/example_dags/example_skip_dag.py for tasks to queue
[2025-02-01T07:43:14.050+0000] {logging_mixin.py:190} INFO - [2025-02-01T07:43:14.049+0000] {dagbag.py:588} INFO - Filling up the DagBag from /home/airflow/.local/lib/python3.12/site-packages/airflow/example_dags/example_skip_dag.py
[2025-02-01T07:43:14.062+0000] {processor.py:925} INFO - DAG(s) 'example_skip_dag' retrieved from /home/airflow/.local/lib/python3.12/site-packages/airflow/example_dags/example_skip_dag.py
[2025-02-01T07:43:14.090+0000] {logging_mixin.py:190} INFO - [2025-02-01T07:43:14.089+0000] {dag.py:3239} INFO - Sync 1 DAGs
[2025-02-01T07:43:14.119+0000] {logging_mixin.py:190} INFO - [2025-02-01T07:43:14.119+0000] {dag.py:4180} INFO - Setting next_dagrun for example_skip_dag to 2025-01-31 00:00:00+00:00, run_after=2025-02-01 00:00:00+00:00
[2025-02-01T07:43:14.144+0000] {processor.py:208} INFO - Processing /home/airflow/.local/lib/python3.12/site-packages/airflow/example_dags/example_skip_dag.py took 0.109 seconds
[2025-02-01T07:43:45.402+0000] {processor.py:186} INFO - Started process (PID=1020) to work on /home/airflow/.local/lib/python3.12/site-packages/airflow/example_dags/example_skip_dag.py
[2025-02-01T07:43:45.403+0000] {processor.py:914} INFO - Processing file /home/airflow/.local/lib/python3.12/site-packages/airflow/example_dags/example_skip_dag.py for tasks to queue
[2025-02-01T07:43:45.407+0000] {logging_mixin.py:190} INFO - [2025-02-01T07:43:45.406+0000] {dagbag.py:588} INFO - Filling up the DagBag from /home/airflow/.local/lib/python3.12/site-packages/airflow/example_dags/example_skip_dag.py
[2025-02-01T07:43:45.421+0000] {processor.py:925} INFO - DAG(s) 'example_skip_dag' retrieved from /home/airflow/.local/lib/python3.12/site-packages/airflow/example_dags/example_skip_dag.py
[2025-02-01T07:43:45.453+0000] {logging_mixin.py:190} INFO - [2025-02-01T07:43:45.453+0000] {dag.py:3239} INFO - Sync 1 DAGs
[2025-02-01T07:43:45.485+0000] {logging_mixin.py:190} INFO - [2025-02-01T07:43:45.485+0000] {dag.py:4180} INFO - Setting next_dagrun for example_skip_dag to 2025-01-31 00:00:00+00:00, run_after=2025-02-01 00:00:00+00:00
[2025-02-01T07:43:45.513+0000] {processor.py:208} INFO - Processing /home/airflow/.local/lib/python3.12/site-packages/airflow/example_dags/example_skip_dag.py took 0.123 seconds
[2025-02-01T07:44:18.315+0000] {processor.py:186} INFO - Started process (PID=1086) to work on /home/airflow/.local/lib/python3.12/site-packages/airflow/example_dags/example_skip_dag.py
[2025-02-01T07:44:18.316+0000] {processor.py:914} INFO - Processing file /home/airflow/.local/lib/python3.12/site-packages/airflow/example_dags/example_skip_dag.py for tasks to queue
[2025-02-01T07:44:18.319+0000] {logging_mixin.py:190} INFO - [2025-02-01T07:44:18.319+0000] {dagbag.py:588} INFO - Filling up the DagBag from /home/airflow/.local/lib/python3.12/site-packages/airflow/example_dags/example_skip_dag.py
[2025-02-01T07:44:18.330+0000] {processor.py:925} INFO - DAG(s) 'example_skip_dag' retrieved from /home/airflow/.local/lib/python3.12/site-packages/airflow/example_dags/example_skip_dag.py
[2025-02-01T07:44:18.358+0000] {logging_mixin.py:190} INFO - [2025-02-01T07:44:18.358+0000] {dag.py:3239} INFO - Sync 1 DAGs
[2025-02-01T07:44:18.390+0000] {logging_mixin.py:190} INFO - [2025-02-01T07:44:18.390+0000] {dag.py:4180} INFO - Setting next_dagrun for example_skip_dag to 2025-01-31 00:00:00+00:00, run_after=2025-02-01 00:00:00+00:00
[2025-02-01T07:44:18.424+0000] {processor.py:208} INFO - Processing /home/airflow/.local/lib/python3.12/site-packages/airflow/example_dags/example_skip_dag.py took 0.119 seconds
[2025-02-01T07:44:49.134+0000] {processor.py:186} INFO - Started process (PID=1152) to work on /home/airflow/.local/lib/python3.12/site-packages/airflow/example_dags/example_skip_dag.py
[2025-02-01T07:44:49.135+0000] {processor.py:914} INFO - Processing file /home/airflow/.local/lib/python3.12/site-packages/airflow/example_dags/example_skip_dag.py for tasks to queue
[2025-02-01T07:44:49.138+0000] {logging_mixin.py:190} INFO - [2025-02-01T07:44:49.138+0000] {dagbag.py:588} INFO - Filling up the DagBag from /home/airflow/.local/lib/python3.12/site-packages/airflow/example_dags/example_skip_dag.py
[2025-02-01T07:44:49.150+0000] {processor.py:925} INFO - DAG(s) 'example_skip_dag' retrieved from /home/airflow/.local/lib/python3.12/site-packages/airflow/example_dags/example_skip_dag.py
[2025-02-01T07:44:49.182+0000] {logging_mixin.py:190} INFO - [2025-02-01T07:44:49.182+0000] {dag.py:3239} INFO - Sync 1 DAGs
[2025-02-01T07:44:49.220+0000] {logging_mixin.py:190} INFO - [2025-02-01T07:44:49.219+0000] {dag.py:4180} INFO - Setting next_dagrun for example_skip_dag to 2025-01-31 00:00:00+00:00, run_after=2025-02-01 00:00:00+00:00
[2025-02-01T07:44:49.246+0000] {processor.py:208} INFO - Processing /home/airflow/.local/lib/python3.12/site-packages/airflow/example_dags/example_skip_dag.py took 0.124 seconds
[2025-02-01T07:45:20.809+0000] {processor.py:186} INFO - Started process (PID=1218) to work on /home/airflow/.local/lib/python3.12/site-packages/airflow/example_dags/example_skip_dag.py
[2025-02-01T07:45:20.810+0000] {processor.py:914} INFO - Processing file /home/airflow/.local/lib/python3.12/site-packages/airflow/example_dags/example_skip_dag.py for tasks to queue
[2025-02-01T07:45:20.813+0000] {logging_mixin.py:190} INFO - [2025-02-01T07:45:20.813+0000] {dagbag.py:588} INFO - Filling up the DagBag from /home/airflow/.local/lib/python3.12/site-packages/airflow/example_dags/example_skip_dag.py
[2025-02-01T07:45:20.825+0000] {processor.py:925} INFO - DAG(s) 'example_skip_dag' retrieved from /home/airflow/.local/lib/python3.12/site-packages/airflow/example_dags/example_skip_dag.py
[2025-02-01T07:45:20.865+0000] {logging_mixin.py:190} INFO - [2025-02-01T07:45:20.865+0000] {dag.py:3239} INFO - Sync 1 DAGs
[2025-02-01T07:45:20.902+0000] {logging_mixin.py:190} INFO - [2025-02-01T07:45:20.902+0000] {dag.py:4180} INFO - Setting next_dagrun for example_skip_dag to 2025-01-31 00:00:00+00:00, run_after=2025-02-01 00:00:00+00:00
[2025-02-01T07:45:20.936+0000] {processor.py:208} INFO - Processing /home/airflow/.local/lib/python3.12/site-packages/airflow/example_dags/example_skip_dag.py took 0.135 seconds
[2025-02-01T07:45:52.821+0000] {processor.py:186} INFO - Started process (PID=1284) to work on /home/airflow/.local/lib/python3.12/site-packages/airflow/example_dags/example_skip_dag.py
[2025-02-01T07:45:52.823+0000] {processor.py:914} INFO - Processing file /home/airflow/.local/lib/python3.12/site-packages/airflow/example_dags/example_skip_dag.py for tasks to queue
[2025-02-01T07:45:52.826+0000] {logging_mixin.py:190} INFO - [2025-02-01T07:45:52.826+0000] {dagbag.py:588} INFO - Filling up the DagBag from /home/airflow/.local/lib/python3.12/site-packages/airflow/example_dags/example_skip_dag.py
[2025-02-01T07:45:52.839+0000] {processor.py:925} INFO - DAG(s) 'example_skip_dag' retrieved from /home/airflow/.local/lib/python3.12/site-packages/airflow/example_dags/example_skip_dag.py
[2025-02-01T07:45:52.873+0000] {logging_mixin.py:190} INFO - [2025-02-01T07:45:52.873+0000] {dag.py:3239} INFO - Sync 1 DAGs
[2025-02-01T07:45:52.903+0000] {logging_mixin.py:190} INFO - [2025-02-01T07:45:52.902+0000] {dag.py:4180} INFO - Setting next_dagrun for example_skip_dag to 2025-01-31 00:00:00+00:00, run_after=2025-02-01 00:00:00+00:00
[2025-02-01T07:45:52.958+0000] {processor.py:208} INFO - Processing /home/airflow/.local/lib/python3.12/site-packages/airflow/example_dags/example_skip_dag.py took 0.146 seconds
[2025-02-01T07:46:23.050+0000] {processor.py:186} INFO - Started process (PID=1350) to work on /home/airflow/.local/lib/python3.12/site-packages/airflow/example_dags/example_skip_dag.py
[2025-02-01T07:46:23.051+0000] {processor.py:914} INFO - Processing file /home/airflow/.local/lib/python3.12/site-packages/airflow/example_dags/example_skip_dag.py for tasks to queue
[2025-02-01T07:46:23.054+0000] {logging_mixin.py:190} INFO - [2025-02-01T07:46:23.054+0000] {dagbag.py:588} INFO - Filling up the DagBag from /home/airflow/.local/lib/python3.12/site-packages/airflow/example_dags/example_skip_dag.py
[2025-02-01T07:46:23.064+0000] {processor.py:925} INFO - DAG(s) 'example_skip_dag' retrieved from /home/airflow/.local/lib/python3.12/site-packages/airflow/example_dags/example_skip_dag.py
[2025-02-01T07:46:23.091+0000] {logging_mixin.py:190} INFO - [2025-02-01T07:46:23.091+0000] {dag.py:3239} INFO - Sync 1 DAGs
[2025-02-01T07:46:23.127+0000] {logging_mixin.py:190} INFO - [2025-02-01T07:46:23.127+0000] {dag.py:4180} INFO - Setting next_dagrun for example_skip_dag to 2025-01-31 00:00:00+00:00, run_after=2025-02-01 00:00:00+00:00
[2025-02-01T07:46:23.155+0000] {processor.py:208} INFO - Processing /home/airflow/.local/lib/python3.12/site-packages/airflow/example_dags/example_skip_dag.py took 0.115 seconds
[2025-02-01T07:46:54.440+0000] {processor.py:186} INFO - Started process (PID=1416) to work on /home/airflow/.local/lib/python3.12/site-packages/airflow/example_dags/example_skip_dag.py
[2025-02-01T07:46:54.441+0000] {processor.py:914} INFO - Processing file /home/airflow/.local/lib/python3.12/site-packages/airflow/example_dags/example_skip_dag.py for tasks to queue
[2025-02-01T07:46:54.445+0000] {logging_mixin.py:190} INFO - [2025-02-01T07:46:54.444+0000] {dagbag.py:588} INFO - Filling up the DagBag from /home/airflow/.local/lib/python3.12/site-packages/airflow/example_dags/example_skip_dag.py
[2025-02-01T07:46:54.464+0000] {processor.py:925} INFO - DAG(s) 'example_skip_dag' retrieved from /home/airflow/.local/lib/python3.12/site-packages/airflow/example_dags/example_skip_dag.py
[2025-02-01T07:46:54.507+0000] {logging_mixin.py:190} INFO - [2025-02-01T07:46:54.506+0000] {dag.py:3239} INFO - Sync 1 DAGs
[2025-02-01T07:46:54.545+0000] {logging_mixin.py:190} INFO - [2025-02-01T07:46:54.544+0000] {dag.py:4180} INFO - Setting next_dagrun for example_skip_dag to 2025-01-31 00:00:00+00:00, run_after=2025-02-01 00:00:00+00:00
[2025-02-01T07:46:54.573+0000] {processor.py:208} INFO - Processing /home/airflow/.local/lib/python3.12/site-packages/airflow/example_dags/example_skip_dag.py took 0.146 seconds
[2025-02-01T07:47:26.376+0000] {processor.py:186} INFO - Started process (PID=1482) to work on /home/airflow/.local/lib/python3.12/site-packages/airflow/example_dags/example_skip_dag.py
[2025-02-01T07:47:26.377+0000] {processor.py:914} INFO - Processing file /home/airflow/.local/lib/python3.12/site-packages/airflow/example_dags/example_skip_dag.py for tasks to queue
[2025-02-01T07:47:26.381+0000] {logging_mixin.py:190} INFO - [2025-02-01T07:47:26.380+0000] {dagbag.py:588} INFO - Filling up the DagBag from /home/airflow/.local/lib/python3.12/site-packages/airflow/example_dags/example_skip_dag.py
[2025-02-01T07:47:26.391+0000] {processor.py:925} INFO - DAG(s) 'example_skip_dag' retrieved from /home/airflow/.local/lib/python3.12/site-packages/airflow/example_dags/example_skip_dag.py
[2025-02-01T07:47:26.414+0000] {logging_mixin.py:190} INFO - [2025-02-01T07:47:26.414+0000] {dag.py:3239} INFO - Sync 1 DAGs
[2025-02-01T07:47:26.442+0000] {logging_mixin.py:190} INFO - [2025-02-01T07:47:26.442+0000] {dag.py:4180} INFO - Setting next_dagrun for example_skip_dag to 2025-01-31 00:00:00+00:00, run_after=2025-02-01 00:00:00+00:00
[2025-02-01T07:47:26.468+0000] {processor.py:208} INFO - Processing /home/airflow/.local/lib/python3.12/site-packages/airflow/example_dags/example_skip_dag.py took 0.104 seconds
[2025-02-01T07:47:58.050+0000] {processor.py:186} INFO - Started process (PID=1548) to work on /home/airflow/.local/lib/python3.12/site-packages/airflow/example_dags/example_skip_dag.py
[2025-02-01T07:47:58.051+0000] {processor.py:914} INFO - Processing file /home/airflow/.local/lib/python3.12/site-packages/airflow/example_dags/example_skip_dag.py for tasks to queue
[2025-02-01T07:47:58.055+0000] {logging_mixin.py:190} INFO - [2025-02-01T07:47:58.054+0000] {dagbag.py:588} INFO - Filling up the DagBag from /home/airflow/.local/lib/python3.12/site-packages/airflow/example_dags/example_skip_dag.py
[2025-02-01T07:47:58.067+0000] {processor.py:925} INFO - DAG(s) 'example_skip_dag' retrieved from /home/airflow/.local/lib/python3.12/site-packages/airflow/example_dags/example_skip_dag.py
[2025-02-01T07:47:58.094+0000] {logging_mixin.py:190} INFO - [2025-02-01T07:47:58.094+0000] {dag.py:3239} INFO - Sync 1 DAGs
[2025-02-01T07:47:58.136+0000] {logging_mixin.py:190} INFO - [2025-02-01T07:47:58.136+0000] {dag.py:4180} INFO - Setting next_dagrun for example_skip_dag to 2025-01-31 00:00:00+00:00, run_after=2025-02-01 00:00:00+00:00
[2025-02-01T07:47:58.171+0000] {processor.py:208} INFO - Processing /home/airflow/.local/lib/python3.12/site-packages/airflow/example_dags/example_skip_dag.py took 0.132 seconds
[2025-02-01T07:48:28.611+0000] {processor.py:186} INFO - Started process (PID=1614) to work on /home/airflow/.local/lib/python3.12/site-packages/airflow/example_dags/example_skip_dag.py
[2025-02-01T07:48:28.613+0000] {processor.py:914} INFO - Processing file /home/airflow/.local/lib/python3.12/site-packages/airflow/example_dags/example_skip_dag.py for tasks to queue
[2025-02-01T07:48:28.618+0000] {logging_mixin.py:190} INFO - [2025-02-01T07:48:28.617+0000] {dagbag.py:588} INFO - Filling up the DagBag from /home/airflow/.local/lib/python3.12/site-packages/airflow/example_dags/example_skip_dag.py
[2025-02-01T07:48:28.627+0000] {processor.py:925} INFO - DAG(s) 'example_skip_dag' retrieved from /home/airflow/.local/lib/python3.12/site-packages/airflow/example_dags/example_skip_dag.py
[2025-02-01T07:48:28.655+0000] {logging_mixin.py:190} INFO - [2025-02-01T07:48:28.654+0000] {dag.py:3239} INFO - Sync 1 DAGs
[2025-02-01T07:48:28.683+0000] {logging_mixin.py:190} INFO - [2025-02-01T07:48:28.682+0000] {dag.py:4180} INFO - Setting next_dagrun for example_skip_dag to 2025-01-31 00:00:00+00:00, run_after=2025-02-01 00:00:00+00:00
[2025-02-01T07:48:28.711+0000] {processor.py:208} INFO - Processing /home/airflow/.local/lib/python3.12/site-packages/airflow/example_dags/example_skip_dag.py took 0.109 seconds
[2025-02-01T07:48:59.914+0000] {processor.py:186} INFO - Started process (PID=1680) to work on /home/airflow/.local/lib/python3.12/site-packages/airflow/example_dags/example_skip_dag.py
[2025-02-01T07:48:59.916+0000] {processor.py:914} INFO - Processing file /home/airflow/.local/lib/python3.12/site-packages/airflow/example_dags/example_skip_dag.py for tasks to queue
[2025-02-01T07:48:59.919+0000] {logging_mixin.py:190} INFO - [2025-02-01T07:48:59.919+0000] {dagbag.py:588} INFO - Filling up the DagBag from /home/airflow/.local/lib/python3.12/site-packages/airflow/example_dags/example_skip_dag.py
[2025-02-01T07:48:59.954+0000] {processor.py:925} INFO - DAG(s) 'example_skip_dag' retrieved from /home/airflow/.local/lib/python3.12/site-packages/airflow/example_dags/example_skip_dag.py
[2025-02-01T07:49:00.001+0000] {logging_mixin.py:190} INFO - [2025-02-01T07:49:00.001+0000] {dag.py:3239} INFO - Sync 1 DAGs
[2025-02-01T07:49:00.045+0000] {logging_mixin.py:190} INFO - [2025-02-01T07:49:00.045+0000] {dag.py:4180} INFO - Setting next_dagrun for example_skip_dag to 2025-01-31 00:00:00+00:00, run_after=2025-02-01 00:00:00+00:00
[2025-02-01T07:49:00.076+0000] {processor.py:208} INFO - Processing /home/airflow/.local/lib/python3.12/site-packages/airflow/example_dags/example_skip_dag.py took 0.171 seconds
[2025-02-01T07:49:31.381+0000] {processor.py:186} INFO - Started process (PID=1746) to work on /home/airflow/.local/lib/python3.12/site-packages/airflow/example_dags/example_skip_dag.py
[2025-02-01T07:49:31.382+0000] {processor.py:914} INFO - Processing file /home/airflow/.local/lib/python3.12/site-packages/airflow/example_dags/example_skip_dag.py for tasks to queue
[2025-02-01T07:49:31.386+0000] {logging_mixin.py:190} INFO - [2025-02-01T07:49:31.386+0000] {dagbag.py:588} INFO - Filling up the DagBag from /home/airflow/.local/lib/python3.12/site-packages/airflow/example_dags/example_skip_dag.py
[2025-02-01T07:49:31.399+0000] {processor.py:925} INFO - DAG(s) 'example_skip_dag' retrieved from /home/airflow/.local/lib/python3.12/site-packages/airflow/example_dags/example_skip_dag.py
[2025-02-01T07:49:31.432+0000] {logging_mixin.py:190} INFO - [2025-02-01T07:49:31.431+0000] {dag.py:3239} INFO - Sync 1 DAGs
[2025-02-01T07:49:31.471+0000] {logging_mixin.py:190} INFO - [2025-02-01T07:49:31.471+0000] {dag.py:4180} INFO - Setting next_dagrun for example_skip_dag to 2025-01-31 00:00:00+00:00, run_after=2025-02-01 00:00:00+00:00
[2025-02-01T07:49:31.501+0000] {processor.py:208} INFO - Processing /home/airflow/.local/lib/python3.12/site-packages/airflow/example_dags/example_skip_dag.py took 0.132 seconds
[2025-02-01T07:50:03.210+0000] {processor.py:186} INFO - Started process (PID=1817) to work on /home/airflow/.local/lib/python3.12/site-packages/airflow/example_dags/example_skip_dag.py
[2025-02-01T07:50:03.211+0000] {processor.py:914} INFO - Processing file /home/airflow/.local/lib/python3.12/site-packages/airflow/example_dags/example_skip_dag.py for tasks to queue
[2025-02-01T07:50:03.215+0000] {logging_mixin.py:190} INFO - [2025-02-01T07:50:03.214+0000] {dagbag.py:588} INFO - Filling up the DagBag from /home/airflow/.local/lib/python3.12/site-packages/airflow/example_dags/example_skip_dag.py
[2025-02-01T07:50:03.228+0000] {processor.py:925} INFO - DAG(s) 'example_skip_dag' retrieved from /home/airflow/.local/lib/python3.12/site-packages/airflow/example_dags/example_skip_dag.py
[2025-02-01T07:50:03.258+0000] {logging_mixin.py:190} INFO - [2025-02-01T07:50:03.258+0000] {dag.py:3239} INFO - Sync 1 DAGs
[2025-02-01T07:50:03.288+0000] {logging_mixin.py:190} INFO - [2025-02-01T07:50:03.288+0000] {dag.py:4180} INFO - Setting next_dagrun for example_skip_dag to 2025-01-31 00:00:00+00:00, run_after=2025-02-01 00:00:00+00:00
[2025-02-01T07:50:03.318+0000] {processor.py:208} INFO - Processing /home/airflow/.local/lib/python3.12/site-packages/airflow/example_dags/example_skip_dag.py took 0.119 seconds
[2025-02-01T07:50:35.142+0000] {processor.py:186} INFO - Started process (PID=1884) to work on /home/airflow/.local/lib/python3.12/site-packages/airflow/example_dags/example_skip_dag.py
[2025-02-01T07:50:35.144+0000] {processor.py:914} INFO - Processing file /home/airflow/.local/lib/python3.12/site-packages/airflow/example_dags/example_skip_dag.py for tasks to queue
[2025-02-01T07:50:35.148+0000] {logging_mixin.py:190} INFO - [2025-02-01T07:50:35.148+0000] {dagbag.py:588} INFO - Filling up the DagBag from /home/airflow/.local/lib/python3.12/site-packages/airflow/example_dags/example_skip_dag.py
[2025-02-01T07:50:35.159+0000] {processor.py:925} INFO - DAG(s) 'example_skip_dag' retrieved from /home/airflow/.local/lib/python3.12/site-packages/airflow/example_dags/example_skip_dag.py
[2025-02-01T07:50:35.219+0000] {logging_mixin.py:190} INFO - [2025-02-01T07:50:35.219+0000] {dag.py:3239} INFO - Sync 1 DAGs
[2025-02-01T07:50:35.256+0000] {logging_mixin.py:190} INFO - [2025-02-01T07:50:35.255+0000] {dag.py:4180} INFO - Setting next_dagrun for example_skip_dag to 2025-01-31 00:00:00+00:00, run_after=2025-02-01 00:00:00+00:00
[2025-02-01T07:50:35.290+0000] {processor.py:208} INFO - Processing /home/airflow/.local/lib/python3.12/site-packages/airflow/example_dags/example_skip_dag.py took 0.156 seconds
[2025-02-01T07:51:06.197+0000] {processor.py:186} INFO - Started process (PID=1956) to work on /home/airflow/.local/lib/python3.12/site-packages/airflow/example_dags/example_skip_dag.py
[2025-02-01T07:51:06.199+0000] {processor.py:914} INFO - Processing file /home/airflow/.local/lib/python3.12/site-packages/airflow/example_dags/example_skip_dag.py for tasks to queue
[2025-02-01T07:51:06.202+0000] {logging_mixin.py:190} INFO - [2025-02-01T07:51:06.202+0000] {dagbag.py:588} INFO - Filling up the DagBag from /home/airflow/.local/lib/python3.12/site-packages/airflow/example_dags/example_skip_dag.py
[2025-02-01T07:51:06.211+0000] {processor.py:925} INFO - DAG(s) 'example_skip_dag' retrieved from /home/airflow/.local/lib/python3.12/site-packages/airflow/example_dags/example_skip_dag.py
[2025-02-01T07:51:06.241+0000] {logging_mixin.py:190} INFO - [2025-02-01T07:51:06.240+0000] {dag.py:3239} INFO - Sync 1 DAGs
[2025-02-01T07:51:06.273+0000] {logging_mixin.py:190} INFO - [2025-02-01T07:51:06.272+0000] {dag.py:4180} INFO - Setting next_dagrun for example_skip_dag to 2025-01-31 00:00:00+00:00, run_after=2025-02-01 00:00:00+00:00
[2025-02-01T07:51:06.298+0000] {processor.py:208} INFO - Processing /home/airflow/.local/lib/python3.12/site-packages/airflow/example_dags/example_skip_dag.py took 0.111 seconds
[2025-02-01T07:51:37.218+0000] {processor.py:186} INFO - Started process (PID=2022) to work on /home/airflow/.local/lib/python3.12/site-packages/airflow/example_dags/example_skip_dag.py
[2025-02-01T07:51:37.219+0000] {processor.py:914} INFO - Processing file /home/airflow/.local/lib/python3.12/site-packages/airflow/example_dags/example_skip_dag.py for tasks to queue
[2025-02-01T07:51:37.223+0000] {logging_mixin.py:190} INFO - [2025-02-01T07:51:37.223+0000] {dagbag.py:588} INFO - Filling up the DagBag from /home/airflow/.local/lib/python3.12/site-packages/airflow/example_dags/example_skip_dag.py
[2025-02-01T07:51:37.242+0000] {processor.py:925} INFO - DAG(s) 'example_skip_dag' retrieved from /home/airflow/.local/lib/python3.12/site-packages/airflow/example_dags/example_skip_dag.py
[2025-02-01T07:51:37.294+0000] {logging_mixin.py:190} INFO - [2025-02-01T07:51:37.294+0000] {dag.py:3239} INFO - Sync 1 DAGs
[2025-02-01T07:51:37.337+0000] {logging_mixin.py:190} INFO - [2025-02-01T07:51:37.336+0000] {dag.py:4180} INFO - Setting next_dagrun for example_skip_dag to 2025-01-31 00:00:00+00:00, run_after=2025-02-01 00:00:00+00:00
[2025-02-01T07:51:37.374+0000] {processor.py:208} INFO - Processing /home/airflow/.local/lib/python3.12/site-packages/airflow/example_dags/example_skip_dag.py took 0.169 seconds
[2025-02-01T07:52:09.521+0000] {processor.py:186} INFO - Started process (PID=2088) to work on /home/airflow/.local/lib/python3.12/site-packages/airflow/example_dags/example_skip_dag.py
[2025-02-01T07:52:09.523+0000] {processor.py:914} INFO - Processing file /home/airflow/.local/lib/python3.12/site-packages/airflow/example_dags/example_skip_dag.py for tasks to queue
[2025-02-01T07:52:09.526+0000] {logging_mixin.py:190} INFO - [2025-02-01T07:52:09.525+0000] {dagbag.py:588} INFO - Filling up the DagBag from /home/airflow/.local/lib/python3.12/site-packages/airflow/example_dags/example_skip_dag.py
[2025-02-01T07:52:09.536+0000] {processor.py:925} INFO - DAG(s) 'example_skip_dag' retrieved from /home/airflow/.local/lib/python3.12/site-packages/airflow/example_dags/example_skip_dag.py
[2025-02-01T07:52:09.566+0000] {logging_mixin.py:190} INFO - [2025-02-01T07:52:09.566+0000] {dag.py:3239} INFO - Sync 1 DAGs
[2025-02-01T07:52:09.605+0000] {logging_mixin.py:190} INFO - [2025-02-01T07:52:09.605+0000] {dag.py:4180} INFO - Setting next_dagrun for example_skip_dag to 2025-01-31 00:00:00+00:00, run_after=2025-02-01 00:00:00+00:00
[2025-02-01T07:52:09.641+0000] {processor.py:208} INFO - Processing /home/airflow/.local/lib/python3.12/site-packages/airflow/example_dags/example_skip_dag.py took 0.131 seconds
[2025-02-01T07:52:41.901+0000] {processor.py:186} INFO - Started process (PID=2154) to work on /home/airflow/.local/lib/python3.12/site-packages/airflow/example_dags/example_skip_dag.py
[2025-02-01T07:52:41.902+0000] {processor.py:914} INFO - Processing file /home/airflow/.local/lib/python3.12/site-packages/airflow/example_dags/example_skip_dag.py for tasks to queue
[2025-02-01T07:52:41.948+0000] {logging_mixin.py:190} INFO - [2025-02-01T07:52:41.948+0000] {dagbag.py:588} INFO - Filling up the DagBag from /home/airflow/.local/lib/python3.12/site-packages/airflow/example_dags/example_skip_dag.py
[2025-02-01T07:52:41.966+0000] {processor.py:925} INFO - DAG(s) 'example_skip_dag' retrieved from /home/airflow/.local/lib/python3.12/site-packages/airflow/example_dags/example_skip_dag.py
[2025-02-01T07:52:42.040+0000] {logging_mixin.py:190} INFO - [2025-02-01T07:52:42.036+0000] {dag.py:3239} INFO - Sync 1 DAGs
[2025-02-01T07:52:42.094+0000] {logging_mixin.py:190} INFO - [2025-02-01T07:52:42.094+0000] {dag.py:4180} INFO - Setting next_dagrun for example_skip_dag to 2025-01-31 00:00:00+00:00, run_after=2025-02-01 00:00:00+00:00
[2025-02-01T07:52:42.124+0000] {processor.py:208} INFO - Processing /home/airflow/.local/lib/python3.12/site-packages/airflow/example_dags/example_skip_dag.py took 0.234 seconds
