[2025-02-01T07:36:54.567+0000] {processor.py:186} INFO - Started process (PID=124) to work on /home/airflow/.local/lib/python3.12/site-packages/airflow/example_dags/example_xcom.py
[2025-02-01T07:36:54.569+0000] {processor.py:914} INFO - Processing file /home/airflow/.local/lib/python3.12/site-packages/airflow/example_dags/example_xcom.py for tasks to queue
[2025-02-01T07:36:54.572+0000] {logging_mixin.py:190} INFO - [2025-02-01T07:36:54.572+0000] {dagbag.py:588} INFO - Filling up the DagBag from /home/airflow/.local/lib/python3.12/site-packages/airflow/example_dags/example_xcom.py
[2025-02-01T07:36:54.588+0000] {processor.py:925} INFO - DAG(s) 'example_xcom' retrieved from /home/airflow/.local/lib/python3.12/site-packages/airflow/example_dags/example_xcom.py
[2025-02-01T07:36:54.691+0000] {logging_mixin.py:190} INFO - [2025-02-01T07:36:54.690+0000] {dag.py:3239} INFO - Sync 1 DAGs
[2025-02-01T07:36:54.836+0000] {logging_mixin.py:190} INFO - [2025-02-01T07:36:54.836+0000] {dag.py:4180} INFO - Setting next_dagrun for example_xcom to 2021-01-01 00:00:00+00:00, run_after=2021-01-01 00:00:00+00:00
[2025-02-01T07:36:54.896+0000] {processor.py:208} INFO - Processing /home/airflow/.local/lib/python3.12/site-packages/airflow/example_dags/example_xcom.py took 0.339 seconds
[2025-02-01T07:37:25.150+0000] {processor.py:186} INFO - Started process (PID=198) to work on /home/airflow/.local/lib/python3.12/site-packages/airflow/example_dags/example_xcom.py
[2025-02-01T07:37:25.152+0000] {processor.py:914} INFO - Processing file /home/airflow/.local/lib/python3.12/site-packages/airflow/example_dags/example_xcom.py for tasks to queue
[2025-02-01T07:37:25.156+0000] {logging_mixin.py:190} INFO - [2025-02-01T07:37:25.156+0000] {dagbag.py:588} INFO - Filling up the DagBag from /home/airflow/.local/lib/python3.12/site-packages/airflow/example_dags/example_xcom.py
[2025-02-01T07:37:25.178+0000] {processor.py:925} INFO - DAG(s) 'example_xcom' retrieved from /home/airflow/.local/lib/python3.12/site-packages/airflow/example_dags/example_xcom.py
[2025-02-01T07:37:25.207+0000] {logging_mixin.py:190} INFO - [2025-02-01T07:37:25.207+0000] {dag.py:3239} INFO - Sync 1 DAGs
[2025-02-01T07:37:25.237+0000] {logging_mixin.py:190} INFO - [2025-02-01T07:37:25.237+0000] {dag.py:4180} INFO - Setting next_dagrun for example_xcom to 2021-01-01 00:00:00+00:00, run_after=2021-01-01 00:00:00+00:00
[2025-02-01T07:37:25.274+0000] {processor.py:208} INFO - Processing /home/airflow/.local/lib/python3.12/site-packages/airflow/example_dags/example_xcom.py took 0.136 seconds
[2025-02-01T07:37:56.582+0000] {processor.py:186} INFO - Started process (PID=264) to work on /home/airflow/.local/lib/python3.12/site-packages/airflow/example_dags/example_xcom.py
[2025-02-01T07:37:56.583+0000] {processor.py:914} INFO - Processing file /home/airflow/.local/lib/python3.12/site-packages/airflow/example_dags/example_xcom.py for tasks to queue
[2025-02-01T07:37:56.586+0000] {logging_mixin.py:190} INFO - [2025-02-01T07:37:56.586+0000] {dagbag.py:588} INFO - Filling up the DagBag from /home/airflow/.local/lib/python3.12/site-packages/airflow/example_dags/example_xcom.py
[2025-02-01T07:37:56.603+0000] {processor.py:925} INFO - DAG(s) 'example_xcom' retrieved from /home/airflow/.local/lib/python3.12/site-packages/airflow/example_dags/example_xcom.py
[2025-02-01T07:37:56.644+0000] {logging_mixin.py:190} INFO - [2025-02-01T07:37:56.643+0000] {dag.py:3239} INFO - Sync 1 DAGs
[2025-02-01T07:37:56.694+0000] {logging_mixin.py:190} INFO - [2025-02-01T07:37:56.693+0000] {dag.py:4180} INFO - Setting next_dagrun for example_xcom to 2021-01-01 00:00:00+00:00, run_after=2021-01-01 00:00:00+00:00
[2025-02-01T07:37:56.744+0000] {processor.py:208} INFO - Processing /home/airflow/.local/lib/python3.12/site-packages/airflow/example_dags/example_xcom.py took 0.173 seconds
[2025-02-01T07:38:28.618+0000] {processor.py:186} INFO - Started process (PID=330) to work on /home/airflow/.local/lib/python3.12/site-packages/airflow/example_dags/example_xcom.py
[2025-02-01T07:38:28.619+0000] {processor.py:914} INFO - Processing file /home/airflow/.local/lib/python3.12/site-packages/airflow/example_dags/example_xcom.py for tasks to queue
[2025-02-01T07:38:28.622+0000] {logging_mixin.py:190} INFO - [2025-02-01T07:38:28.622+0000] {dagbag.py:588} INFO - Filling up the DagBag from /home/airflow/.local/lib/python3.12/site-packages/airflow/example_dags/example_xcom.py
[2025-02-01T07:38:28.634+0000] {processor.py:925} INFO - DAG(s) 'example_xcom' retrieved from /home/airflow/.local/lib/python3.12/site-packages/airflow/example_dags/example_xcom.py
[2025-02-01T07:38:28.670+0000] {logging_mixin.py:190} INFO - [2025-02-01T07:38:28.670+0000] {dag.py:3239} INFO - Sync 1 DAGs
[2025-02-01T07:38:28.697+0000] {logging_mixin.py:190} INFO - [2025-02-01T07:38:28.696+0000] {dag.py:4180} INFO - Setting next_dagrun for example_xcom to 2021-01-01 00:00:00+00:00, run_after=2021-01-01 00:00:00+00:00
[2025-02-01T07:38:28.733+0000] {processor.py:208} INFO - Processing /home/airflow/.local/lib/python3.12/site-packages/airflow/example_dags/example_xcom.py took 0.123 seconds
[2025-02-01T07:39:00.778+0000] {processor.py:186} INFO - Started process (PID=396) to work on /home/airflow/.local/lib/python3.12/site-packages/airflow/example_dags/example_xcom.py
[2025-02-01T07:39:00.779+0000] {processor.py:914} INFO - Processing file /home/airflow/.local/lib/python3.12/site-packages/airflow/example_dags/example_xcom.py for tasks to queue
[2025-02-01T07:39:00.783+0000] {logging_mixin.py:190} INFO - [2025-02-01T07:39:00.782+0000] {dagbag.py:588} INFO - Filling up the DagBag from /home/airflow/.local/lib/python3.12/site-packages/airflow/example_dags/example_xcom.py
[2025-02-01T07:39:00.795+0000] {processor.py:925} INFO - DAG(s) 'example_xcom' retrieved from /home/airflow/.local/lib/python3.12/site-packages/airflow/example_dags/example_xcom.py
[2025-02-01T07:39:00.820+0000] {logging_mixin.py:190} INFO - [2025-02-01T07:39:00.819+0000] {dag.py:3239} INFO - Sync 1 DAGs
[2025-02-01T07:39:00.859+0000] {logging_mixin.py:190} INFO - [2025-02-01T07:39:00.859+0000] {dag.py:4180} INFO - Setting next_dagrun for example_xcom to 2021-01-01 00:00:00+00:00, run_after=2021-01-01 00:00:00+00:00
[2025-02-01T07:39:00.884+0000] {processor.py:208} INFO - Processing /home/airflow/.local/lib/python3.12/site-packages/airflow/example_dags/example_xcom.py took 0.116 seconds
[2025-02-01T07:39:31.969+0000] {processor.py:186} INFO - Started process (PID=462) to work on /home/airflow/.local/lib/python3.12/site-packages/airflow/example_dags/example_xcom.py
[2025-02-01T07:39:31.970+0000] {processor.py:914} INFO - Processing file /home/airflow/.local/lib/python3.12/site-packages/airflow/example_dags/example_xcom.py for tasks to queue
[2025-02-01T07:39:31.974+0000] {logging_mixin.py:190} INFO - [2025-02-01T07:39:31.974+0000] {dagbag.py:588} INFO - Filling up the DagBag from /home/airflow/.local/lib/python3.12/site-packages/airflow/example_dags/example_xcom.py
[2025-02-01T07:39:31.990+0000] {processor.py:925} INFO - DAG(s) 'example_xcom' retrieved from /home/airflow/.local/lib/python3.12/site-packages/airflow/example_dags/example_xcom.py
[2025-02-01T07:39:32.034+0000] {logging_mixin.py:190} INFO - [2025-02-01T07:39:32.034+0000] {dag.py:3239} INFO - Sync 1 DAGs
[2025-02-01T07:39:32.103+0000] {logging_mixin.py:190} INFO - [2025-02-01T07:39:32.103+0000] {dag.py:4180} INFO - Setting next_dagrun for example_xcom to 2021-01-01 00:00:00+00:00, run_after=2021-01-01 00:00:00+00:00
[2025-02-01T07:39:32.142+0000] {processor.py:208} INFO - Processing /home/airflow/.local/lib/python3.12/site-packages/airflow/example_dags/example_xcom.py took 0.186 seconds
[2025-02-01T07:40:02.943+0000] {processor.py:186} INFO - Started process (PID=527) to work on /home/airflow/.local/lib/python3.12/site-packages/airflow/example_dags/example_xcom.py
[2025-02-01T07:40:02.945+0000] {processor.py:914} INFO - Processing file /home/airflow/.local/lib/python3.12/site-packages/airflow/example_dags/example_xcom.py for tasks to queue
[2025-02-01T07:40:02.953+0000] {logging_mixin.py:190} INFO - [2025-02-01T07:40:02.950+0000] {dagbag.py:588} INFO - Filling up the DagBag from /home/airflow/.local/lib/python3.12/site-packages/airflow/example_dags/example_xcom.py
[2025-02-01T07:40:02.975+0000] {processor.py:925} INFO - DAG(s) 'example_xcom' retrieved from /home/airflow/.local/lib/python3.12/site-packages/airflow/example_dags/example_xcom.py
[2025-02-01T07:40:03.012+0000] {logging_mixin.py:190} INFO - [2025-02-01T07:40:03.012+0000] {dag.py:3239} INFO - Sync 1 DAGs
[2025-02-01T07:40:03.052+0000] {logging_mixin.py:190} INFO - [2025-02-01T07:40:03.052+0000] {dag.py:4180} INFO - Setting next_dagrun for example_xcom to 2021-01-01 00:00:00+00:00, run_after=2021-01-01 00:00:00+00:00
[2025-02-01T07:40:03.092+0000] {processor.py:208} INFO - Processing /home/airflow/.local/lib/python3.12/site-packages/airflow/example_dags/example_xcom.py took 0.159 seconds
[2025-02-01T07:40:34.036+0000] {processor.py:186} INFO - Started process (PID=593) to work on /home/airflow/.local/lib/python3.12/site-packages/airflow/example_dags/example_xcom.py
[2025-02-01T07:40:34.037+0000] {processor.py:914} INFO - Processing file /home/airflow/.local/lib/python3.12/site-packages/airflow/example_dags/example_xcom.py for tasks to queue
[2025-02-01T07:40:34.041+0000] {logging_mixin.py:190} INFO - [2025-02-01T07:40:34.040+0000] {dagbag.py:588} INFO - Filling up the DagBag from /home/airflow/.local/lib/python3.12/site-packages/airflow/example_dags/example_xcom.py
[2025-02-01T07:40:34.057+0000] {processor.py:925} INFO - DAG(s) 'example_xcom' retrieved from /home/airflow/.local/lib/python3.12/site-packages/airflow/example_dags/example_xcom.py
[2025-02-01T07:40:34.092+0000] {logging_mixin.py:190} INFO - [2025-02-01T07:40:34.092+0000] {dag.py:3239} INFO - Sync 1 DAGs
[2025-02-01T07:40:34.126+0000] {logging_mixin.py:190} INFO - [2025-02-01T07:40:34.126+0000] {dag.py:4180} INFO - Setting next_dagrun for example_xcom to 2021-01-01 00:00:00+00:00, run_after=2021-01-01 00:00:00+00:00
[2025-02-01T07:40:34.168+0000] {processor.py:208} INFO - Processing /home/airflow/.local/lib/python3.12/site-packages/airflow/example_dags/example_xcom.py took 0.143 seconds
[2025-02-01T07:41:05.544+0000] {processor.py:186} INFO - Started process (PID=665) to work on /home/airflow/.local/lib/python3.12/site-packages/airflow/example_dags/example_xcom.py
[2025-02-01T07:41:05.545+0000] {processor.py:914} INFO - Processing file /home/airflow/.local/lib/python3.12/site-packages/airflow/example_dags/example_xcom.py for tasks to queue
[2025-02-01T07:41:05.548+0000] {logging_mixin.py:190} INFO - [2025-02-01T07:41:05.548+0000] {dagbag.py:588} INFO - Filling up the DagBag from /home/airflow/.local/lib/python3.12/site-packages/airflow/example_dags/example_xcom.py
[2025-02-01T07:41:05.561+0000] {processor.py:925} INFO - DAG(s) 'example_xcom' retrieved from /home/airflow/.local/lib/python3.12/site-packages/airflow/example_dags/example_xcom.py
[2025-02-01T07:41:05.590+0000] {logging_mixin.py:190} INFO - [2025-02-01T07:41:05.589+0000] {dag.py:3239} INFO - Sync 1 DAGs
[2025-02-01T07:41:05.623+0000] {logging_mixin.py:190} INFO - [2025-02-01T07:41:05.623+0000] {dag.py:4180} INFO - Setting next_dagrun for example_xcom to 2021-01-01 00:00:00+00:00, run_after=2021-01-01 00:00:00+00:00
[2025-02-01T07:41:05.648+0000] {processor.py:208} INFO - Processing /home/airflow/.local/lib/python3.12/site-packages/airflow/example_dags/example_xcom.py took 0.114 seconds
[2025-02-01T07:41:37.075+0000] {processor.py:186} INFO - Started process (PID=731) to work on /home/airflow/.local/lib/python3.12/site-packages/airflow/example_dags/example_xcom.py
[2025-02-01T07:41:37.080+0000] {processor.py:914} INFO - Processing file /home/airflow/.local/lib/python3.12/site-packages/airflow/example_dags/example_xcom.py for tasks to queue
[2025-02-01T07:41:37.084+0000] {logging_mixin.py:190} INFO - [2025-02-01T07:41:37.083+0000] {dagbag.py:588} INFO - Filling up the DagBag from /home/airflow/.local/lib/python3.12/site-packages/airflow/example_dags/example_xcom.py
[2025-02-01T07:41:37.098+0000] {processor.py:925} INFO - DAG(s) 'example_xcom' retrieved from /home/airflow/.local/lib/python3.12/site-packages/airflow/example_dags/example_xcom.py
[2025-02-01T07:41:37.125+0000] {logging_mixin.py:190} INFO - [2025-02-01T07:41:37.125+0000] {dag.py:3239} INFO - Sync 1 DAGs
[2025-02-01T07:41:37.159+0000] {logging_mixin.py:190} INFO - [2025-02-01T07:41:37.158+0000] {dag.py:4180} INFO - Setting next_dagrun for example_xcom to 2021-01-01 00:00:00+00:00, run_after=2021-01-01 00:00:00+00:00
[2025-02-01T07:41:37.190+0000] {processor.py:208} INFO - Processing /home/airflow/.local/lib/python3.12/site-packages/airflow/example_dags/example_xcom.py took 0.127 seconds
[2025-02-01T07:42:08.950+0000] {processor.py:186} INFO - Started process (PID=797) to work on /home/airflow/.local/lib/python3.12/site-packages/airflow/example_dags/example_xcom.py
[2025-02-01T07:42:08.952+0000] {processor.py:914} INFO - Processing file /home/airflow/.local/lib/python3.12/site-packages/airflow/example_dags/example_xcom.py for tasks to queue
[2025-02-01T07:42:08.955+0000] {logging_mixin.py:190} INFO - [2025-02-01T07:42:08.955+0000] {dagbag.py:588} INFO - Filling up the DagBag from /home/airflow/.local/lib/python3.12/site-packages/airflow/example_dags/example_xcom.py
[2025-02-01T07:42:08.970+0000] {processor.py:925} INFO - DAG(s) 'example_xcom' retrieved from /home/airflow/.local/lib/python3.12/site-packages/airflow/example_dags/example_xcom.py
[2025-02-01T07:42:08.997+0000] {logging_mixin.py:190} INFO - [2025-02-01T07:42:08.997+0000] {dag.py:3239} INFO - Sync 1 DAGs
[2025-02-01T07:42:09.031+0000] {logging_mixin.py:190} INFO - [2025-02-01T07:42:09.031+0000] {dag.py:4180} INFO - Setting next_dagrun for example_xcom to 2021-01-01 00:00:00+00:00, run_after=2021-01-01 00:00:00+00:00
[2025-02-01T07:42:09.059+0000] {processor.py:208} INFO - Processing /home/airflow/.local/lib/python3.12/site-packages/airflow/example_dags/example_xcom.py took 0.121 seconds
[2025-02-01T07:42:40.478+0000] {processor.py:186} INFO - Started process (PID=863) to work on /home/airflow/.local/lib/python3.12/site-packages/airflow/example_dags/example_xcom.py
[2025-02-01T07:42:40.479+0000] {processor.py:914} INFO - Processing file /home/airflow/.local/lib/python3.12/site-packages/airflow/example_dags/example_xcom.py for tasks to queue
[2025-02-01T07:42:40.484+0000] {logging_mixin.py:190} INFO - [2025-02-01T07:42:40.483+0000] {dagbag.py:588} INFO - Filling up the DagBag from /home/airflow/.local/lib/python3.12/site-packages/airflow/example_dags/example_xcom.py
[2025-02-01T07:42:40.497+0000] {processor.py:925} INFO - DAG(s) 'example_xcom' retrieved from /home/airflow/.local/lib/python3.12/site-packages/airflow/example_dags/example_xcom.py
[2025-02-01T07:42:40.537+0000] {logging_mixin.py:190} INFO - [2025-02-01T07:42:40.537+0000] {dag.py:3239} INFO - Sync 1 DAGs
[2025-02-01T07:42:40.585+0000] {logging_mixin.py:190} INFO - [2025-02-01T07:42:40.584+0000] {dag.py:4180} INFO - Setting next_dagrun for example_xcom to 2021-01-01 00:00:00+00:00, run_after=2021-01-01 00:00:00+00:00
[2025-02-01T07:42:40.626+0000] {processor.py:208} INFO - Processing /home/airflow/.local/lib/python3.12/site-packages/airflow/example_dags/example_xcom.py took 0.157 seconds
[2025-02-01T07:43:11.703+0000] {processor.py:186} INFO - Started process (PID=929) to work on /home/airflow/.local/lib/python3.12/site-packages/airflow/example_dags/example_xcom.py
[2025-02-01T07:43:11.705+0000] {processor.py:914} INFO - Processing file /home/airflow/.local/lib/python3.12/site-packages/airflow/example_dags/example_xcom.py for tasks to queue
[2025-02-01T07:43:11.716+0000] {logging_mixin.py:190} INFO - [2025-02-01T07:43:11.716+0000] {dagbag.py:588} INFO - Filling up the DagBag from /home/airflow/.local/lib/python3.12/site-packages/airflow/example_dags/example_xcom.py
[2025-02-01T07:43:11.777+0000] {processor.py:925} INFO - DAG(s) 'example_xcom' retrieved from /home/airflow/.local/lib/python3.12/site-packages/airflow/example_dags/example_xcom.py
[2025-02-01T07:43:11.803+0000] {logging_mixin.py:190} INFO - [2025-02-01T07:43:11.803+0000] {dag.py:3239} INFO - Sync 1 DAGs
[2025-02-01T07:43:11.834+0000] {logging_mixin.py:190} INFO - [2025-02-01T07:43:11.833+0000] {dag.py:4180} INFO - Setting next_dagrun for example_xcom to 2021-01-01 00:00:00+00:00, run_after=2021-01-01 00:00:00+00:00
[2025-02-01T07:43:11.860+0000] {processor.py:208} INFO - Processing /home/airflow/.local/lib/python3.12/site-packages/airflow/example_dags/example_xcom.py took 0.167 seconds
[2025-02-01T07:43:43.348+0000] {processor.py:186} INFO - Started process (PID=995) to work on /home/airflow/.local/lib/python3.12/site-packages/airflow/example_dags/example_xcom.py
[2025-02-01T07:43:43.349+0000] {processor.py:914} INFO - Processing file /home/airflow/.local/lib/python3.12/site-packages/airflow/example_dags/example_xcom.py for tasks to queue
[2025-02-01T07:43:43.354+0000] {logging_mixin.py:190} INFO - [2025-02-01T07:43:43.353+0000] {dagbag.py:588} INFO - Filling up the DagBag from /home/airflow/.local/lib/python3.12/site-packages/airflow/example_dags/example_xcom.py
[2025-02-01T07:43:43.366+0000] {processor.py:925} INFO - DAG(s) 'example_xcom' retrieved from /home/airflow/.local/lib/python3.12/site-packages/airflow/example_dags/example_xcom.py
[2025-02-01T07:43:43.393+0000] {logging_mixin.py:190} INFO - [2025-02-01T07:43:43.393+0000] {dag.py:3239} INFO - Sync 1 DAGs
[2025-02-01T07:43:43.422+0000] {logging_mixin.py:190} INFO - [2025-02-01T07:43:43.422+0000] {dag.py:4180} INFO - Setting next_dagrun for example_xcom to 2021-01-01 00:00:00+00:00, run_after=2021-01-01 00:00:00+00:00
[2025-02-01T07:43:43.453+0000] {processor.py:208} INFO - Processing /home/airflow/.local/lib/python3.12/site-packages/airflow/example_dags/example_xcom.py took 0.117 seconds
[2025-02-01T07:44:15.177+0000] {processor.py:186} INFO - Started process (PID=1061) to work on /home/airflow/.local/lib/python3.12/site-packages/airflow/example_dags/example_xcom.py
[2025-02-01T07:44:15.179+0000] {processor.py:914} INFO - Processing file /home/airflow/.local/lib/python3.12/site-packages/airflow/example_dags/example_xcom.py for tasks to queue
[2025-02-01T07:44:15.182+0000] {logging_mixin.py:190} INFO - [2025-02-01T07:44:15.182+0000] {dagbag.py:588} INFO - Filling up the DagBag from /home/airflow/.local/lib/python3.12/site-packages/airflow/example_dags/example_xcom.py
[2025-02-01T07:44:15.198+0000] {processor.py:925} INFO - DAG(s) 'example_xcom' retrieved from /home/airflow/.local/lib/python3.12/site-packages/airflow/example_dags/example_xcom.py
[2025-02-01T07:44:15.226+0000] {logging_mixin.py:190} INFO - [2025-02-01T07:44:15.225+0000] {dag.py:3239} INFO - Sync 1 DAGs
[2025-02-01T07:44:15.261+0000] {logging_mixin.py:190} INFO - [2025-02-01T07:44:15.260+0000] {dag.py:4180} INFO - Setting next_dagrun for example_xcom to 2021-01-01 00:00:00+00:00, run_after=2021-01-01 00:00:00+00:00
[2025-02-01T07:44:15.291+0000] {processor.py:208} INFO - Processing /home/airflow/.local/lib/python3.12/site-packages/airflow/example_dags/example_xcom.py took 0.124 seconds
[2025-02-01T07:44:46.402+0000] {processor.py:186} INFO - Started process (PID=1127) to work on /home/airflow/.local/lib/python3.12/site-packages/airflow/example_dags/example_xcom.py
[2025-02-01T07:44:46.404+0000] {processor.py:914} INFO - Processing file /home/airflow/.local/lib/python3.12/site-packages/airflow/example_dags/example_xcom.py for tasks to queue
[2025-02-01T07:44:46.407+0000] {logging_mixin.py:190} INFO - [2025-02-01T07:44:46.407+0000] {dagbag.py:588} INFO - Filling up the DagBag from /home/airflow/.local/lib/python3.12/site-packages/airflow/example_dags/example_xcom.py
[2025-02-01T07:44:46.422+0000] {processor.py:925} INFO - DAG(s) 'example_xcom' retrieved from /home/airflow/.local/lib/python3.12/site-packages/airflow/example_dags/example_xcom.py
[2025-02-01T07:44:46.451+0000] {logging_mixin.py:190} INFO - [2025-02-01T07:44:46.451+0000] {dag.py:3239} INFO - Sync 1 DAGs
[2025-02-01T07:44:46.483+0000] {logging_mixin.py:190} INFO - [2025-02-01T07:44:46.483+0000] {dag.py:4180} INFO - Setting next_dagrun for example_xcom to 2021-01-01 00:00:00+00:00, run_after=2021-01-01 00:00:00+00:00
[2025-02-01T07:44:46.510+0000] {processor.py:208} INFO - Processing /home/airflow/.local/lib/python3.12/site-packages/airflow/example_dags/example_xcom.py took 0.122 seconds
[2025-02-01T07:45:17.875+0000] {processor.py:186} INFO - Started process (PID=1193) to work on /home/airflow/.local/lib/python3.12/site-packages/airflow/example_dags/example_xcom.py
[2025-02-01T07:45:17.877+0000] {processor.py:914} INFO - Processing file /home/airflow/.local/lib/python3.12/site-packages/airflow/example_dags/example_xcom.py for tasks to queue
[2025-02-01T07:45:17.882+0000] {logging_mixin.py:190} INFO - [2025-02-01T07:45:17.882+0000] {dagbag.py:588} INFO - Filling up the DagBag from /home/airflow/.local/lib/python3.12/site-packages/airflow/example_dags/example_xcom.py
[2025-02-01T07:45:17.897+0000] {processor.py:925} INFO - DAG(s) 'example_xcom' retrieved from /home/airflow/.local/lib/python3.12/site-packages/airflow/example_dags/example_xcom.py
[2025-02-01T07:45:17.930+0000] {logging_mixin.py:190} INFO - [2025-02-01T07:45:17.930+0000] {dag.py:3239} INFO - Sync 1 DAGs
[2025-02-01T07:45:17.962+0000] {logging_mixin.py:190} INFO - [2025-02-01T07:45:17.961+0000] {dag.py:4180} INFO - Setting next_dagrun for example_xcom to 2021-01-01 00:00:00+00:00, run_after=2021-01-01 00:00:00+00:00
[2025-02-01T07:45:17.991+0000] {processor.py:208} INFO - Processing /home/airflow/.local/lib/python3.12/site-packages/airflow/example_dags/example_xcom.py took 0.126 seconds
[2025-02-01T07:45:48.993+0000] {processor.py:186} INFO - Started process (PID=1259) to work on /home/airflow/.local/lib/python3.12/site-packages/airflow/example_dags/example_xcom.py
[2025-02-01T07:45:48.994+0000] {processor.py:914} INFO - Processing file /home/airflow/.local/lib/python3.12/site-packages/airflow/example_dags/example_xcom.py for tasks to queue
[2025-02-01T07:45:48.997+0000] {logging_mixin.py:190} INFO - [2025-02-01T07:45:48.997+0000] {dagbag.py:588} INFO - Filling up the DagBag from /home/airflow/.local/lib/python3.12/site-packages/airflow/example_dags/example_xcom.py
[2025-02-01T07:45:49.010+0000] {processor.py:925} INFO - DAG(s) 'example_xcom' retrieved from /home/airflow/.local/lib/python3.12/site-packages/airflow/example_dags/example_xcom.py
[2025-02-01T07:45:49.036+0000] {logging_mixin.py:190} INFO - [2025-02-01T07:45:49.036+0000] {dag.py:3239} INFO - Sync 1 DAGs
[2025-02-01T07:45:49.069+0000] {logging_mixin.py:190} INFO - [2025-02-01T07:45:49.068+0000] {dag.py:4180} INFO - Setting next_dagrun for example_xcom to 2021-01-01 00:00:00+00:00, run_after=2021-01-01 00:00:00+00:00
[2025-02-01T07:45:49.101+0000] {processor.py:208} INFO - Processing /home/airflow/.local/lib/python3.12/site-packages/airflow/example_dags/example_xcom.py took 0.119 seconds
[2025-02-01T07:46:19.361+0000] {processor.py:186} INFO - Started process (PID=1324) to work on /home/airflow/.local/lib/python3.12/site-packages/airflow/example_dags/example_xcom.py
[2025-02-01T07:46:19.362+0000] {processor.py:914} INFO - Processing file /home/airflow/.local/lib/python3.12/site-packages/airflow/example_dags/example_xcom.py for tasks to queue
[2025-02-01T07:46:19.366+0000] {logging_mixin.py:190} INFO - [2025-02-01T07:46:19.365+0000] {dagbag.py:588} INFO - Filling up the DagBag from /home/airflow/.local/lib/python3.12/site-packages/airflow/example_dags/example_xcom.py
[2025-02-01T07:46:19.379+0000] {processor.py:925} INFO - DAG(s) 'example_xcom' retrieved from /home/airflow/.local/lib/python3.12/site-packages/airflow/example_dags/example_xcom.py
[2025-02-01T07:46:19.415+0000] {logging_mixin.py:190} INFO - [2025-02-01T07:46:19.415+0000] {dag.py:3239} INFO - Sync 1 DAGs
[2025-02-01T07:46:19.444+0000] {logging_mixin.py:190} INFO - [2025-02-01T07:46:19.444+0000] {dag.py:4180} INFO - Setting next_dagrun for example_xcom to 2021-01-01 00:00:00+00:00, run_after=2021-01-01 00:00:00+00:00
[2025-02-01T07:46:19.487+0000] {processor.py:208} INFO - Processing /home/airflow/.local/lib/python3.12/site-packages/airflow/example_dags/example_xcom.py took 0.136 seconds
[2025-02-01T07:46:50.060+0000] {processor.py:186} INFO - Started process (PID=1389) to work on /home/airflow/.local/lib/python3.12/site-packages/airflow/example_dags/example_xcom.py
[2025-02-01T07:46:50.062+0000] {processor.py:914} INFO - Processing file /home/airflow/.local/lib/python3.12/site-packages/airflow/example_dags/example_xcom.py for tasks to queue
[2025-02-01T07:46:50.066+0000] {logging_mixin.py:190} INFO - [2025-02-01T07:46:50.066+0000] {dagbag.py:588} INFO - Filling up the DagBag from /home/airflow/.local/lib/python3.12/site-packages/airflow/example_dags/example_xcom.py
[2025-02-01T07:46:50.080+0000] {processor.py:925} INFO - DAG(s) 'example_xcom' retrieved from /home/airflow/.local/lib/python3.12/site-packages/airflow/example_dags/example_xcom.py
[2025-02-01T07:46:50.106+0000] {logging_mixin.py:190} INFO - [2025-02-01T07:46:50.106+0000] {dag.py:3239} INFO - Sync 1 DAGs
[2025-02-01T07:46:50.138+0000] {logging_mixin.py:190} INFO - [2025-02-01T07:46:50.138+0000] {dag.py:4180} INFO - Setting next_dagrun for example_xcom to 2021-01-01 00:00:00+00:00, run_after=2021-01-01 00:00:00+00:00
[2025-02-01T07:46:50.169+0000] {processor.py:208} INFO - Processing /home/airflow/.local/lib/python3.12/site-packages/airflow/example_dags/example_xcom.py took 0.119 seconds
[2025-02-01T07:47:20.669+0000] {processor.py:186} INFO - Started process (PID=1455) to work on /home/airflow/.local/lib/python3.12/site-packages/airflow/example_dags/example_xcom.py
[2025-02-01T07:47:20.671+0000] {processor.py:914} INFO - Processing file /home/airflow/.local/lib/python3.12/site-packages/airflow/example_dags/example_xcom.py for tasks to queue
[2025-02-01T07:47:20.674+0000] {logging_mixin.py:190} INFO - [2025-02-01T07:47:20.674+0000] {dagbag.py:588} INFO - Filling up the DagBag from /home/airflow/.local/lib/python3.12/site-packages/airflow/example_dags/example_xcom.py
[2025-02-01T07:47:20.686+0000] {processor.py:925} INFO - DAG(s) 'example_xcom' retrieved from /home/airflow/.local/lib/python3.12/site-packages/airflow/example_dags/example_xcom.py
[2025-02-01T07:47:20.716+0000] {logging_mixin.py:190} INFO - [2025-02-01T07:47:20.715+0000] {dag.py:3239} INFO - Sync 1 DAGs
[2025-02-01T07:47:20.749+0000] {logging_mixin.py:190} INFO - [2025-02-01T07:47:20.749+0000] {dag.py:4180} INFO - Setting next_dagrun for example_xcom to 2021-01-01 00:00:00+00:00, run_after=2021-01-01 00:00:00+00:00
[2025-02-01T07:47:20.777+0000] {processor.py:208} INFO - Processing /home/airflow/.local/lib/python3.12/site-packages/airflow/example_dags/example_xcom.py took 0.119 seconds
[2025-02-01T07:47:51.064+0000] {processor.py:186} INFO - Started process (PID=1520) to work on /home/airflow/.local/lib/python3.12/site-packages/airflow/example_dags/example_xcom.py
[2025-02-01T07:47:51.065+0000] {processor.py:914} INFO - Processing file /home/airflow/.local/lib/python3.12/site-packages/airflow/example_dags/example_xcom.py for tasks to queue
[2025-02-01T07:47:51.069+0000] {logging_mixin.py:190} INFO - [2025-02-01T07:47:51.069+0000] {dagbag.py:588} INFO - Filling up the DagBag from /home/airflow/.local/lib/python3.12/site-packages/airflow/example_dags/example_xcom.py
[2025-02-01T07:47:51.084+0000] {processor.py:925} INFO - DAG(s) 'example_xcom' retrieved from /home/airflow/.local/lib/python3.12/site-packages/airflow/example_dags/example_xcom.py
[2025-02-01T07:47:51.114+0000] {logging_mixin.py:190} INFO - [2025-02-01T07:47:51.113+0000] {dag.py:3239} INFO - Sync 1 DAGs
[2025-02-01T07:47:51.149+0000] {logging_mixin.py:190} INFO - [2025-02-01T07:47:51.149+0000] {dag.py:4180} INFO - Setting next_dagrun for example_xcom to 2021-01-01 00:00:00+00:00, run_after=2021-01-01 00:00:00+00:00
[2025-02-01T07:47:51.173+0000] {processor.py:208} INFO - Processing /home/airflow/.local/lib/python3.12/site-packages/airflow/example_dags/example_xcom.py took 0.119 seconds
[2025-02-01T07:48:21.793+0000] {processor.py:186} INFO - Started process (PID=1586) to work on /home/airflow/.local/lib/python3.12/site-packages/airflow/example_dags/example_xcom.py
[2025-02-01T07:48:21.794+0000] {processor.py:914} INFO - Processing file /home/airflow/.local/lib/python3.12/site-packages/airflow/example_dags/example_xcom.py for tasks to queue
[2025-02-01T07:48:21.799+0000] {logging_mixin.py:190} INFO - [2025-02-01T07:48:21.798+0000] {dagbag.py:588} INFO - Filling up the DagBag from /home/airflow/.local/lib/python3.12/site-packages/airflow/example_dags/example_xcom.py
[2025-02-01T07:48:21.815+0000] {processor.py:925} INFO - DAG(s) 'example_xcom' retrieved from /home/airflow/.local/lib/python3.12/site-packages/airflow/example_dags/example_xcom.py
[2025-02-01T07:48:21.843+0000] {logging_mixin.py:190} INFO - [2025-02-01T07:48:21.843+0000] {dag.py:3239} INFO - Sync 1 DAGs
[2025-02-01T07:48:21.879+0000] {logging_mixin.py:190} INFO - [2025-02-01T07:48:21.878+0000] {dag.py:4180} INFO - Setting next_dagrun for example_xcom to 2021-01-01 00:00:00+00:00, run_after=2021-01-01 00:00:00+00:00
[2025-02-01T07:48:21.904+0000] {processor.py:208} INFO - Processing /home/airflow/.local/lib/python3.12/site-packages/airflow/example_dags/example_xcom.py took 0.125 seconds
[2025-02-01T07:48:52.401+0000] {processor.py:186} INFO - Started process (PID=1652) to work on /home/airflow/.local/lib/python3.12/site-packages/airflow/example_dags/example_xcom.py
[2025-02-01T07:48:52.402+0000] {processor.py:914} INFO - Processing file /home/airflow/.local/lib/python3.12/site-packages/airflow/example_dags/example_xcom.py for tasks to queue
[2025-02-01T07:48:52.407+0000] {logging_mixin.py:190} INFO - [2025-02-01T07:48:52.406+0000] {dagbag.py:588} INFO - Filling up the DagBag from /home/airflow/.local/lib/python3.12/site-packages/airflow/example_dags/example_xcom.py
[2025-02-01T07:48:52.434+0000] {processor.py:925} INFO - DAG(s) 'example_xcom' retrieved from /home/airflow/.local/lib/python3.12/site-packages/airflow/example_dags/example_xcom.py
[2025-02-01T07:48:52.468+0000] {logging_mixin.py:190} INFO - [2025-02-01T07:48:52.467+0000] {dag.py:3239} INFO - Sync 1 DAGs
[2025-02-01T07:48:52.504+0000] {logging_mixin.py:190} INFO - [2025-02-01T07:48:52.504+0000] {dag.py:4180} INFO - Setting next_dagrun for example_xcom to 2021-01-01 00:00:00+00:00, run_after=2021-01-01 00:00:00+00:00
[2025-02-01T07:48:52.532+0000] {processor.py:208} INFO - Processing /home/airflow/.local/lib/python3.12/site-packages/airflow/example_dags/example_xcom.py took 0.149 seconds
[2025-02-01T07:49:22.736+0000] {processor.py:186} INFO - Started process (PID=1718) to work on /home/airflow/.local/lib/python3.12/site-packages/airflow/example_dags/example_xcom.py
[2025-02-01T07:49:22.737+0000] {processor.py:914} INFO - Processing file /home/airflow/.local/lib/python3.12/site-packages/airflow/example_dags/example_xcom.py for tasks to queue
[2025-02-01T07:49:22.740+0000] {logging_mixin.py:190} INFO - [2025-02-01T07:49:22.740+0000] {dagbag.py:588} INFO - Filling up the DagBag from /home/airflow/.local/lib/python3.12/site-packages/airflow/example_dags/example_xcom.py
[2025-02-01T07:49:22.755+0000] {processor.py:925} INFO - DAG(s) 'example_xcom' retrieved from /home/airflow/.local/lib/python3.12/site-packages/airflow/example_dags/example_xcom.py
[2025-02-01T07:49:22.783+0000] {logging_mixin.py:190} INFO - [2025-02-01T07:49:22.783+0000] {dag.py:3239} INFO - Sync 1 DAGs
[2025-02-01T07:49:22.818+0000] {logging_mixin.py:190} INFO - [2025-02-01T07:49:22.817+0000] {dag.py:4180} INFO - Setting next_dagrun for example_xcom to 2021-01-01 00:00:00+00:00, run_after=2021-01-01 00:00:00+00:00
[2025-02-01T07:49:22.841+0000] {processor.py:208} INFO - Processing /home/airflow/.local/lib/python3.12/site-packages/airflow/example_dags/example_xcom.py took 0.113 seconds
[2025-02-01T07:49:53.674+0000] {processor.py:186} INFO - Started process (PID=1784) to work on /home/airflow/.local/lib/python3.12/site-packages/airflow/example_dags/example_xcom.py
[2025-02-01T07:49:53.676+0000] {processor.py:914} INFO - Processing file /home/airflow/.local/lib/python3.12/site-packages/airflow/example_dags/example_xcom.py for tasks to queue
[2025-02-01T07:49:53.678+0000] {logging_mixin.py:190} INFO - [2025-02-01T07:49:53.678+0000] {dagbag.py:588} INFO - Filling up the DagBag from /home/airflow/.local/lib/python3.12/site-packages/airflow/example_dags/example_xcom.py
[2025-02-01T07:49:53.691+0000] {processor.py:925} INFO - DAG(s) 'example_xcom' retrieved from /home/airflow/.local/lib/python3.12/site-packages/airflow/example_dags/example_xcom.py
[2025-02-01T07:49:53.717+0000] {logging_mixin.py:190} INFO - [2025-02-01T07:49:53.717+0000] {dag.py:3239} INFO - Sync 1 DAGs
[2025-02-01T07:49:53.748+0000] {logging_mixin.py:190} INFO - [2025-02-01T07:49:53.748+0000] {dag.py:4180} INFO - Setting next_dagrun for example_xcom to 2021-01-01 00:00:00+00:00, run_after=2021-01-01 00:00:00+00:00
[2025-02-01T07:49:53.775+0000] {processor.py:208} INFO - Processing /home/airflow/.local/lib/python3.12/site-packages/airflow/example_dags/example_xcom.py took 0.109 seconds
[2025-02-01T07:50:24.036+0000] {processor.py:186} INFO - Started process (PID=1849) to work on /home/airflow/.local/lib/python3.12/site-packages/airflow/example_dags/example_xcom.py
[2025-02-01T07:50:24.037+0000] {processor.py:914} INFO - Processing file /home/airflow/.local/lib/python3.12/site-packages/airflow/example_dags/example_xcom.py for tasks to queue
[2025-02-01T07:50:24.040+0000] {logging_mixin.py:190} INFO - [2025-02-01T07:50:24.040+0000] {dagbag.py:588} INFO - Filling up the DagBag from /home/airflow/.local/lib/python3.12/site-packages/airflow/example_dags/example_xcom.py
[2025-02-01T07:50:24.055+0000] {processor.py:925} INFO - DAG(s) 'example_xcom' retrieved from /home/airflow/.local/lib/python3.12/site-packages/airflow/example_dags/example_xcom.py
[2025-02-01T07:50:24.086+0000] {logging_mixin.py:190} INFO - [2025-02-01T07:50:24.086+0000] {dag.py:3239} INFO - Sync 1 DAGs
[2025-02-01T07:50:24.116+0000] {logging_mixin.py:190} INFO - [2025-02-01T07:50:24.116+0000] {dag.py:4180} INFO - Setting next_dagrun for example_xcom to 2021-01-01 00:00:00+00:00, run_after=2021-01-01 00:00:00+00:00
[2025-02-01T07:50:24.151+0000] {processor.py:208} INFO - Processing /home/airflow/.local/lib/python3.12/site-packages/airflow/example_dags/example_xcom.py took 0.125 seconds
[2025-02-01T07:50:54.253+0000] {processor.py:186} INFO - Started process (PID=1915) to work on /home/airflow/.local/lib/python3.12/site-packages/airflow/example_dags/example_xcom.py
[2025-02-01T07:50:54.254+0000] {processor.py:914} INFO - Processing file /home/airflow/.local/lib/python3.12/site-packages/airflow/example_dags/example_xcom.py for tasks to queue
[2025-02-01T07:50:54.258+0000] {logging_mixin.py:190} INFO - [2025-02-01T07:50:54.258+0000] {dagbag.py:588} INFO - Filling up the DagBag from /home/airflow/.local/lib/python3.12/site-packages/airflow/example_dags/example_xcom.py
[2025-02-01T07:50:54.273+0000] {processor.py:925} INFO - DAG(s) 'example_xcom' retrieved from /home/airflow/.local/lib/python3.12/site-packages/airflow/example_dags/example_xcom.py
[2025-02-01T07:50:54.308+0000] {logging_mixin.py:190} INFO - [2025-02-01T07:50:54.307+0000] {dag.py:3239} INFO - Sync 1 DAGs
[2025-02-01T07:50:54.340+0000] {logging_mixin.py:190} INFO - [2025-02-01T07:50:54.340+0000] {dag.py:4180} INFO - Setting next_dagrun for example_xcom to 2021-01-01 00:00:00+00:00, run_after=2021-01-01 00:00:00+00:00
[2025-02-01T07:50:54.372+0000] {processor.py:208} INFO - Processing /home/airflow/.local/lib/python3.12/site-packages/airflow/example_dags/example_xcom.py took 0.130 seconds
[2025-02-01T07:51:25.290+0000] {processor.py:186} INFO - Started process (PID=1981) to work on /home/airflow/.local/lib/python3.12/site-packages/airflow/example_dags/example_xcom.py
[2025-02-01T07:51:25.292+0000] {processor.py:914} INFO - Processing file /home/airflow/.local/lib/python3.12/site-packages/airflow/example_dags/example_xcom.py for tasks to queue
[2025-02-01T07:51:25.296+0000] {logging_mixin.py:190} INFO - [2025-02-01T07:51:25.295+0000] {dagbag.py:588} INFO - Filling up the DagBag from /home/airflow/.local/lib/python3.12/site-packages/airflow/example_dags/example_xcom.py
[2025-02-01T07:51:25.308+0000] {processor.py:925} INFO - DAG(s) 'example_xcom' retrieved from /home/airflow/.local/lib/python3.12/site-packages/airflow/example_dags/example_xcom.py
[2025-02-01T07:51:25.335+0000] {logging_mixin.py:190} INFO - [2025-02-01T07:51:25.334+0000] {dag.py:3239} INFO - Sync 1 DAGs
[2025-02-01T07:51:25.367+0000] {logging_mixin.py:190} INFO - [2025-02-01T07:51:25.367+0000] {dag.py:4180} INFO - Setting next_dagrun for example_xcom to 2021-01-01 00:00:00+00:00, run_after=2021-01-01 00:00:00+00:00
[2025-02-01T07:51:25.397+0000] {processor.py:208} INFO - Processing /home/airflow/.local/lib/python3.12/site-packages/airflow/example_dags/example_xcom.py took 0.117 seconds
[2025-02-01T07:51:55.821+0000] {processor.py:186} INFO - Started process (PID=2047) to work on /home/airflow/.local/lib/python3.12/site-packages/airflow/example_dags/example_xcom.py
[2025-02-01T07:51:55.823+0000] {processor.py:914} INFO - Processing file /home/airflow/.local/lib/python3.12/site-packages/airflow/example_dags/example_xcom.py for tasks to queue
[2025-02-01T07:51:55.827+0000] {logging_mixin.py:190} INFO - [2025-02-01T07:51:55.826+0000] {dagbag.py:588} INFO - Filling up the DagBag from /home/airflow/.local/lib/python3.12/site-packages/airflow/example_dags/example_xcom.py
[2025-02-01T07:51:55.841+0000] {processor.py:925} INFO - DAG(s) 'example_xcom' retrieved from /home/airflow/.local/lib/python3.12/site-packages/airflow/example_dags/example_xcom.py
[2025-02-01T07:51:55.879+0000] {logging_mixin.py:190} INFO - [2025-02-01T07:51:55.878+0000] {dag.py:3239} INFO - Sync 1 DAGs
[2025-02-01T07:51:55.913+0000] {logging_mixin.py:190} INFO - [2025-02-01T07:51:55.913+0000] {dag.py:4180} INFO - Setting next_dagrun for example_xcom to 2021-01-01 00:00:00+00:00, run_after=2021-01-01 00:00:00+00:00
[2025-02-01T07:51:55.938+0000] {processor.py:208} INFO - Processing /home/airflow/.local/lib/python3.12/site-packages/airflow/example_dags/example_xcom.py took 0.126 seconds
[2025-02-01T07:52:26.103+0000] {processor.py:186} INFO - Started process (PID=2113) to work on /home/airflow/.local/lib/python3.12/site-packages/airflow/example_dags/example_xcom.py
[2025-02-01T07:52:26.104+0000] {processor.py:914} INFO - Processing file /home/airflow/.local/lib/python3.12/site-packages/airflow/example_dags/example_xcom.py for tasks to queue
[2025-02-01T07:52:26.108+0000] {logging_mixin.py:190} INFO - [2025-02-01T07:52:26.107+0000] {dagbag.py:588} INFO - Filling up the DagBag from /home/airflow/.local/lib/python3.12/site-packages/airflow/example_dags/example_xcom.py
[2025-02-01T07:52:26.120+0000] {processor.py:925} INFO - DAG(s) 'example_xcom' retrieved from /home/airflow/.local/lib/python3.12/site-packages/airflow/example_dags/example_xcom.py
[2025-02-01T07:52:26.150+0000] {logging_mixin.py:190} INFO - [2025-02-01T07:52:26.149+0000] {dag.py:3239} INFO - Sync 1 DAGs
[2025-02-01T07:52:26.181+0000] {logging_mixin.py:190} INFO - [2025-02-01T07:52:26.181+0000] {dag.py:4180} INFO - Setting next_dagrun for example_xcom to 2021-01-01 00:00:00+00:00, run_after=2021-01-01 00:00:00+00:00
[2025-02-01T07:52:26.207+0000] {processor.py:208} INFO - Processing /home/airflow/.local/lib/python3.12/site-packages/airflow/example_dags/example_xcom.py took 0.113 seconds
[2025-02-01T07:52:56.549+0000] {processor.py:186} INFO - Started process (PID=2179) to work on /home/airflow/.local/lib/python3.12/site-packages/airflow/example_dags/example_xcom.py
[2025-02-01T07:52:56.550+0000] {processor.py:914} INFO - Processing file /home/airflow/.local/lib/python3.12/site-packages/airflow/example_dags/example_xcom.py for tasks to queue
[2025-02-01T07:52:56.553+0000] {logging_mixin.py:190} INFO - [2025-02-01T07:52:56.553+0000] {dagbag.py:588} INFO - Filling up the DagBag from /home/airflow/.local/lib/python3.12/site-packages/airflow/example_dags/example_xcom.py
[2025-02-01T07:52:56.566+0000] {processor.py:925} INFO - DAG(s) 'example_xcom' retrieved from /home/airflow/.local/lib/python3.12/site-packages/airflow/example_dags/example_xcom.py
[2025-02-01T07:52:56.599+0000] {logging_mixin.py:190} INFO - [2025-02-01T07:52:56.598+0000] {dag.py:3239} INFO - Sync 1 DAGs
[2025-02-01T07:52:56.638+0000] {logging_mixin.py:190} INFO - [2025-02-01T07:52:56.637+0000] {dag.py:4180} INFO - Setting next_dagrun for example_xcom to 2021-01-01 00:00:00+00:00, run_after=2021-01-01 00:00:00+00:00
[2025-02-01T07:52:56.671+0000] {processor.py:208} INFO - Processing /home/airflow/.local/lib/python3.12/site-packages/airflow/example_dags/example_xcom.py took 0.133 seconds
[2025-02-01T07:53:27.306+0000] {processor.py:186} INFO - Started process (PID=2245) to work on /home/airflow/.local/lib/python3.12/site-packages/airflow/example_dags/example_xcom.py
[2025-02-01T07:53:27.308+0000] {processor.py:914} INFO - Processing file /home/airflow/.local/lib/python3.12/site-packages/airflow/example_dags/example_xcom.py for tasks to queue
[2025-02-01T07:53:27.313+0000] {logging_mixin.py:190} INFO - [2025-02-01T07:53:27.312+0000] {dagbag.py:588} INFO - Filling up the DagBag from /home/airflow/.local/lib/python3.12/site-packages/airflow/example_dags/example_xcom.py
[2025-02-01T07:53:27.336+0000] {processor.py:925} INFO - DAG(s) 'example_xcom' retrieved from /home/airflow/.local/lib/python3.12/site-packages/airflow/example_dags/example_xcom.py
[2025-02-01T07:53:27.371+0000] {logging_mixin.py:190} INFO - [2025-02-01T07:53:27.370+0000] {dag.py:3239} INFO - Sync 1 DAGs
[2025-02-01T07:53:27.421+0000] {logging_mixin.py:190} INFO - [2025-02-01T07:53:27.420+0000] {dag.py:4180} INFO - Setting next_dagrun for example_xcom to 2021-01-01 00:00:00+00:00, run_after=2021-01-01 00:00:00+00:00
[2025-02-01T07:53:27.452+0000] {processor.py:208} INFO - Processing /home/airflow/.local/lib/python3.12/site-packages/airflow/example_dags/example_xcom.py took 0.164 seconds
[2025-02-01T07:53:57.548+0000] {processor.py:186} INFO - Started process (PID=2311) to work on /home/airflow/.local/lib/python3.12/site-packages/airflow/example_dags/example_xcom.py
[2025-02-01T07:53:57.549+0000] {processor.py:914} INFO - Processing file /home/airflow/.local/lib/python3.12/site-packages/airflow/example_dags/example_xcom.py for tasks to queue
[2025-02-01T07:53:57.552+0000] {logging_mixin.py:190} INFO - [2025-02-01T07:53:57.552+0000] {dagbag.py:588} INFO - Filling up the DagBag from /home/airflow/.local/lib/python3.12/site-packages/airflow/example_dags/example_xcom.py
[2025-02-01T07:53:57.566+0000] {processor.py:925} INFO - DAG(s) 'example_xcom' retrieved from /home/airflow/.local/lib/python3.12/site-packages/airflow/example_dags/example_xcom.py
[2025-02-01T07:53:57.591+0000] {logging_mixin.py:190} INFO - [2025-02-01T07:53:57.591+0000] {dag.py:3239} INFO - Sync 1 DAGs
[2025-02-01T07:53:57.621+0000] {logging_mixin.py:190} INFO - [2025-02-01T07:53:57.620+0000] {dag.py:4180} INFO - Setting next_dagrun for example_xcom to 2021-01-01 00:00:00+00:00, run_after=2021-01-01 00:00:00+00:00
[2025-02-01T07:53:57.651+0000] {processor.py:208} INFO - Processing /home/airflow/.local/lib/python3.12/site-packages/airflow/example_dags/example_xcom.py took 0.119 seconds
[2025-02-01T07:54:28.417+0000] {processor.py:186} INFO - Started process (PID=2377) to work on /home/airflow/.local/lib/python3.12/site-packages/airflow/example_dags/example_xcom.py
[2025-02-01T07:54:28.419+0000] {processor.py:914} INFO - Processing file /home/airflow/.local/lib/python3.12/site-packages/airflow/example_dags/example_xcom.py for tasks to queue
[2025-02-01T07:54:28.422+0000] {logging_mixin.py:190} INFO - [2025-02-01T07:54:28.422+0000] {dagbag.py:588} INFO - Filling up the DagBag from /home/airflow/.local/lib/python3.12/site-packages/airflow/example_dags/example_xcom.py
[2025-02-01T07:54:28.434+0000] {processor.py:925} INFO - DAG(s) 'example_xcom' retrieved from /home/airflow/.local/lib/python3.12/site-packages/airflow/example_dags/example_xcom.py
[2025-02-01T07:54:28.465+0000] {logging_mixin.py:190} INFO - [2025-02-01T07:54:28.465+0000] {dag.py:3239} INFO - Sync 1 DAGs
[2025-02-01T07:54:28.498+0000] {logging_mixin.py:190} INFO - [2025-02-01T07:54:28.497+0000] {dag.py:4180} INFO - Setting next_dagrun for example_xcom to 2021-01-01 00:00:00+00:00, run_after=2021-01-01 00:00:00+00:00
[2025-02-01T07:54:28.522+0000] {processor.py:208} INFO - Processing /home/airflow/.local/lib/python3.12/site-packages/airflow/example_dags/example_xcom.py took 0.114 seconds
[2025-02-01T07:54:59.118+0000] {processor.py:186} INFO - Started process (PID=2443) to work on /home/airflow/.local/lib/python3.12/site-packages/airflow/example_dags/example_xcom.py
[2025-02-01T07:54:59.119+0000] {processor.py:914} INFO - Processing file /home/airflow/.local/lib/python3.12/site-packages/airflow/example_dags/example_xcom.py for tasks to queue
[2025-02-01T07:54:59.123+0000] {logging_mixin.py:190} INFO - [2025-02-01T07:54:59.123+0000] {dagbag.py:588} INFO - Filling up the DagBag from /home/airflow/.local/lib/python3.12/site-packages/airflow/example_dags/example_xcom.py
[2025-02-01T07:54:59.137+0000] {processor.py:925} INFO - DAG(s) 'example_xcom' retrieved from /home/airflow/.local/lib/python3.12/site-packages/airflow/example_dags/example_xcom.py
[2025-02-01T07:54:59.166+0000] {logging_mixin.py:190} INFO - [2025-02-01T07:54:59.166+0000] {dag.py:3239} INFO - Sync 1 DAGs
[2025-02-01T07:54:59.209+0000] {logging_mixin.py:190} INFO - [2025-02-01T07:54:59.209+0000] {dag.py:4180} INFO - Setting next_dagrun for example_xcom to 2021-01-01 00:00:00+00:00, run_after=2021-01-01 00:00:00+00:00
[2025-02-01T07:54:59.245+0000] {processor.py:208} INFO - Processing /home/airflow/.local/lib/python3.12/site-packages/airflow/example_dags/example_xcom.py took 0.136 seconds
[2025-02-01T07:55:29.789+0000] {processor.py:186} INFO - Started process (PID=2509) to work on /home/airflow/.local/lib/python3.12/site-packages/airflow/example_dags/example_xcom.py
[2025-02-01T07:55:29.790+0000] {processor.py:914} INFO - Processing file /home/airflow/.local/lib/python3.12/site-packages/airflow/example_dags/example_xcom.py for tasks to queue
[2025-02-01T07:55:29.795+0000] {logging_mixin.py:190} INFO - [2025-02-01T07:55:29.794+0000] {dagbag.py:588} INFO - Filling up the DagBag from /home/airflow/.local/lib/python3.12/site-packages/airflow/example_dags/example_xcom.py
[2025-02-01T07:55:29.812+0000] {processor.py:925} INFO - DAG(s) 'example_xcom' retrieved from /home/airflow/.local/lib/python3.12/site-packages/airflow/example_dags/example_xcom.py
[2025-02-01T07:55:29.845+0000] {logging_mixin.py:190} INFO - [2025-02-01T07:55:29.845+0000] {dag.py:3239} INFO - Sync 1 DAGs
[2025-02-01T07:55:29.878+0000] {logging_mixin.py:190} INFO - [2025-02-01T07:55:29.877+0000] {dag.py:4180} INFO - Setting next_dagrun for example_xcom to 2021-01-01 00:00:00+00:00, run_after=2021-01-01 00:00:00+00:00
[2025-02-01T07:55:29.915+0000] {processor.py:208} INFO - Processing /home/airflow/.local/lib/python3.12/site-packages/airflow/example_dags/example_xcom.py took 0.140 seconds
[2025-02-01T07:56:00.124+0000] {processor.py:186} INFO - Started process (PID=2575) to work on /home/airflow/.local/lib/python3.12/site-packages/airflow/example_dags/example_xcom.py
[2025-02-01T07:56:00.126+0000] {processor.py:914} INFO - Processing file /home/airflow/.local/lib/python3.12/site-packages/airflow/example_dags/example_xcom.py for tasks to queue
[2025-02-01T07:56:00.129+0000] {logging_mixin.py:190} INFO - [2025-02-01T07:56:00.129+0000] {dagbag.py:588} INFO - Filling up the DagBag from /home/airflow/.local/lib/python3.12/site-packages/airflow/example_dags/example_xcom.py
[2025-02-01T07:56:00.142+0000] {processor.py:925} INFO - DAG(s) 'example_xcom' retrieved from /home/airflow/.local/lib/python3.12/site-packages/airflow/example_dags/example_xcom.py
[2025-02-01T07:56:00.173+0000] {logging_mixin.py:190} INFO - [2025-02-01T07:56:00.173+0000] {dag.py:3239} INFO - Sync 1 DAGs
[2025-02-01T07:56:00.210+0000] {logging_mixin.py:190} INFO - [2025-02-01T07:56:00.210+0000] {dag.py:4180} INFO - Setting next_dagrun for example_xcom to 2021-01-01 00:00:00+00:00, run_after=2021-01-01 00:00:00+00:00
[2025-02-01T07:56:00.233+0000] {processor.py:208} INFO - Processing /home/airflow/.local/lib/python3.12/site-packages/airflow/example_dags/example_xcom.py took 0.118 seconds
[2025-02-01T07:56:31.455+0000] {processor.py:186} INFO - Started process (PID=2641) to work on /home/airflow/.local/lib/python3.12/site-packages/airflow/example_dags/example_xcom.py
[2025-02-01T07:56:31.475+0000] {processor.py:914} INFO - Processing file /home/airflow/.local/lib/python3.12/site-packages/airflow/example_dags/example_xcom.py for tasks to queue
[2025-02-01T07:56:31.482+0000] {logging_mixin.py:190} INFO - [2025-02-01T07:56:31.482+0000] {dagbag.py:588} INFO - Filling up the DagBag from /home/airflow/.local/lib/python3.12/site-packages/airflow/example_dags/example_xcom.py
[2025-02-01T07:56:31.512+0000] {processor.py:925} INFO - DAG(s) 'example_xcom' retrieved from /home/airflow/.local/lib/python3.12/site-packages/airflow/example_dags/example_xcom.py
[2025-02-01T07:56:31.638+0000] {logging_mixin.py:190} INFO - [2025-02-01T07:56:31.637+0000] {dag.py:3239} INFO - Sync 1 DAGs
[2025-02-01T07:56:31.747+0000] {logging_mixin.py:190} INFO - [2025-02-01T07:56:31.738+0000] {dag.py:4180} INFO - Setting next_dagrun for example_xcom to 2021-01-01 00:00:00+00:00, run_after=2021-01-01 00:00:00+00:00
[2025-02-01T07:56:31.842+0000] {processor.py:208} INFO - Processing /home/airflow/.local/lib/python3.12/site-packages/airflow/example_dags/example_xcom.py took 0.411 seconds
[2025-02-01T07:57:02.290+0000] {processor.py:186} INFO - Started process (PID=2707) to work on /home/airflow/.local/lib/python3.12/site-packages/airflow/example_dags/example_xcom.py
[2025-02-01T07:57:02.291+0000] {processor.py:914} INFO - Processing file /home/airflow/.local/lib/python3.12/site-packages/airflow/example_dags/example_xcom.py for tasks to queue
[2025-02-01T07:57:02.294+0000] {logging_mixin.py:190} INFO - [2025-02-01T07:57:02.293+0000] {dagbag.py:588} INFO - Filling up the DagBag from /home/airflow/.local/lib/python3.12/site-packages/airflow/example_dags/example_xcom.py
[2025-02-01T07:57:02.308+0000] {processor.py:925} INFO - DAG(s) 'example_xcom' retrieved from /home/airflow/.local/lib/python3.12/site-packages/airflow/example_dags/example_xcom.py
[2025-02-01T07:57:02.339+0000] {logging_mixin.py:190} INFO - [2025-02-01T07:57:02.339+0000] {dag.py:3239} INFO - Sync 1 DAGs
[2025-02-01T07:57:02.366+0000] {logging_mixin.py:190} INFO - [2025-02-01T07:57:02.366+0000] {dag.py:4180} INFO - Setting next_dagrun for example_xcom to 2021-01-01 00:00:00+00:00, run_after=2021-01-01 00:00:00+00:00
[2025-02-01T07:57:02.394+0000] {processor.py:208} INFO - Processing /home/airflow/.local/lib/python3.12/site-packages/airflow/example_dags/example_xcom.py took 0.112 seconds
[2025-02-01T07:57:33.007+0000] {processor.py:186} INFO - Started process (PID=2773) to work on /home/airflow/.local/lib/python3.12/site-packages/airflow/example_dags/example_xcom.py
[2025-02-01T07:57:33.008+0000] {processor.py:914} INFO - Processing file /home/airflow/.local/lib/python3.12/site-packages/airflow/example_dags/example_xcom.py for tasks to queue
[2025-02-01T07:57:33.011+0000] {logging_mixin.py:190} INFO - [2025-02-01T07:57:33.010+0000] {dagbag.py:588} INFO - Filling up the DagBag from /home/airflow/.local/lib/python3.12/site-packages/airflow/example_dags/example_xcom.py
[2025-02-01T07:57:33.023+0000] {processor.py:925} INFO - DAG(s) 'example_xcom' retrieved from /home/airflow/.local/lib/python3.12/site-packages/airflow/example_dags/example_xcom.py
[2025-02-01T07:57:33.053+0000] {logging_mixin.py:190} INFO - [2025-02-01T07:57:33.052+0000] {dag.py:3239} INFO - Sync 1 DAGs
[2025-02-01T07:57:33.081+0000] {logging_mixin.py:190} INFO - [2025-02-01T07:57:33.080+0000] {dag.py:4180} INFO - Setting next_dagrun for example_xcom to 2021-01-01 00:00:00+00:00, run_after=2021-01-01 00:00:00+00:00
[2025-02-01T07:57:33.106+0000] {processor.py:208} INFO - Processing /home/airflow/.local/lib/python3.12/site-packages/airflow/example_dags/example_xcom.py took 0.109 seconds
[2025-02-01T07:58:05.122+0000] {processor.py:186} INFO - Started process (PID=2839) to work on /home/airflow/.local/lib/python3.12/site-packages/airflow/example_dags/example_xcom.py
[2025-02-01T07:58:05.123+0000] {processor.py:914} INFO - Processing file /home/airflow/.local/lib/python3.12/site-packages/airflow/example_dags/example_xcom.py for tasks to queue
[2025-02-01T07:58:05.129+0000] {logging_mixin.py:190} INFO - [2025-02-01T07:58:05.128+0000] {dagbag.py:588} INFO - Filling up the DagBag from /home/airflow/.local/lib/python3.12/site-packages/airflow/example_dags/example_xcom.py
[2025-02-01T07:58:05.145+0000] {processor.py:925} INFO - DAG(s) 'example_xcom' retrieved from /home/airflow/.local/lib/python3.12/site-packages/airflow/example_dags/example_xcom.py
[2025-02-01T07:58:05.195+0000] {logging_mixin.py:190} INFO - [2025-02-01T07:58:05.195+0000] {dag.py:3239} INFO - Sync 1 DAGs
[2025-02-01T07:58:05.234+0000] {logging_mixin.py:190} INFO - [2025-02-01T07:58:05.234+0000] {dag.py:4180} INFO - Setting next_dagrun for example_xcom to 2021-01-01 00:00:00+00:00, run_after=2021-01-01 00:00:00+00:00
[2025-02-01T07:58:05.267+0000] {processor.py:208} INFO - Processing /home/airflow/.local/lib/python3.12/site-packages/airflow/example_dags/example_xcom.py took 0.157 seconds
[2025-02-01T07:58:35.323+0000] {processor.py:186} INFO - Started process (PID=2904) to work on /home/airflow/.local/lib/python3.12/site-packages/airflow/example_dags/example_xcom.py
[2025-02-01T07:58:35.324+0000] {processor.py:914} INFO - Processing file /home/airflow/.local/lib/python3.12/site-packages/airflow/example_dags/example_xcom.py for tasks to queue
[2025-02-01T07:58:35.328+0000] {logging_mixin.py:190} INFO - [2025-02-01T07:58:35.327+0000] {dagbag.py:588} INFO - Filling up the DagBag from /home/airflow/.local/lib/python3.12/site-packages/airflow/example_dags/example_xcom.py
[2025-02-01T07:58:35.340+0000] {processor.py:925} INFO - DAG(s) 'example_xcom' retrieved from /home/airflow/.local/lib/python3.12/site-packages/airflow/example_dags/example_xcom.py
[2025-02-01T07:58:35.368+0000] {logging_mixin.py:190} INFO - [2025-02-01T07:58:35.368+0000] {dag.py:3239} INFO - Sync 1 DAGs
[2025-02-01T07:58:35.601+0000] {logging_mixin.py:190} INFO - [2025-02-01T07:58:35.601+0000] {dag.py:4180} INFO - Setting next_dagrun for example_xcom to 2021-01-01 00:00:00+00:00, run_after=2021-01-01 00:00:00+00:00
[2025-02-01T07:58:35.624+0000] {processor.py:208} INFO - Processing /home/airflow/.local/lib/python3.12/site-packages/airflow/example_dags/example_xcom.py took 0.311 seconds
[2025-02-01T07:59:06.332+0000] {processor.py:186} INFO - Started process (PID=2970) to work on /home/airflow/.local/lib/python3.12/site-packages/airflow/example_dags/example_xcom.py
[2025-02-01T07:59:06.333+0000] {processor.py:914} INFO - Processing file /home/airflow/.local/lib/python3.12/site-packages/airflow/example_dags/example_xcom.py for tasks to queue
[2025-02-01T07:59:06.336+0000] {logging_mixin.py:190} INFO - [2025-02-01T07:59:06.336+0000] {dagbag.py:588} INFO - Filling up the DagBag from /home/airflow/.local/lib/python3.12/site-packages/airflow/example_dags/example_xcom.py
[2025-02-01T07:59:06.351+0000] {processor.py:925} INFO - DAG(s) 'example_xcom' retrieved from /home/airflow/.local/lib/python3.12/site-packages/airflow/example_dags/example_xcom.py
[2025-02-01T07:59:06.619+0000] {logging_mixin.py:190} INFO - [2025-02-01T07:59:06.619+0000] {dag.py:3239} INFO - Sync 1 DAGs
[2025-02-01T07:59:06.647+0000] {logging_mixin.py:190} INFO - [2025-02-01T07:59:06.646+0000] {dag.py:4180} INFO - Setting next_dagrun for example_xcom to 2021-01-01 00:00:00+00:00, run_after=2021-01-01 00:00:00+00:00
[2025-02-01T07:59:06.683+0000] {processor.py:208} INFO - Processing /home/airflow/.local/lib/python3.12/site-packages/airflow/example_dags/example_xcom.py took 0.362 seconds
[2025-02-01T07:59:37.287+0000] {processor.py:186} INFO - Started process (PID=3042) to work on /home/airflow/.local/lib/python3.12/site-packages/airflow/example_dags/example_xcom.py
[2025-02-01T07:59:37.288+0000] {processor.py:914} INFO - Processing file /home/airflow/.local/lib/python3.12/site-packages/airflow/example_dags/example_xcom.py for tasks to queue
[2025-02-01T07:59:37.294+0000] {logging_mixin.py:190} INFO - [2025-02-01T07:59:37.294+0000] {dagbag.py:588} INFO - Filling up the DagBag from /home/airflow/.local/lib/python3.12/site-packages/airflow/example_dags/example_xcom.py
[2025-02-01T07:59:37.316+0000] {processor.py:925} INFO - DAG(s) 'example_xcom' retrieved from /home/airflow/.local/lib/python3.12/site-packages/airflow/example_dags/example_xcom.py
[2025-02-01T07:59:37.686+0000] {logging_mixin.py:190} INFO - [2025-02-01T07:59:37.686+0000] {dag.py:3239} INFO - Sync 1 DAGs
[2025-02-01T07:59:37.739+0000] {logging_mixin.py:190} INFO - [2025-02-01T07:59:37.738+0000] {dag.py:4180} INFO - Setting next_dagrun for example_xcom to 2021-01-01 00:00:00+00:00, run_after=2021-01-01 00:00:00+00:00
[2025-02-01T07:59:37.777+0000] {processor.py:208} INFO - Processing /home/airflow/.local/lib/python3.12/site-packages/airflow/example_dags/example_xcom.py took 0.502 seconds
[2025-02-01T08:00:08.799+0000] {processor.py:186} INFO - Started process (PID=3108) to work on /home/airflow/.local/lib/python3.12/site-packages/airflow/example_dags/example_xcom.py
[2025-02-01T08:00:08.801+0000] {processor.py:914} INFO - Processing file /home/airflow/.local/lib/python3.12/site-packages/airflow/example_dags/example_xcom.py for tasks to queue
[2025-02-01T08:00:08.807+0000] {logging_mixin.py:190} INFO - [2025-02-01T08:00:08.807+0000] {dagbag.py:588} INFO - Filling up the DagBag from /home/airflow/.local/lib/python3.12/site-packages/airflow/example_dags/example_xcom.py
[2025-02-01T08:00:08.820+0000] {processor.py:925} INFO - DAG(s) 'example_xcom' retrieved from /home/airflow/.local/lib/python3.12/site-packages/airflow/example_dags/example_xcom.py
[2025-02-01T08:00:08.852+0000] {logging_mixin.py:190} INFO - [2025-02-01T08:00:08.852+0000] {dag.py:3239} INFO - Sync 1 DAGs
[2025-02-01T08:00:08.885+0000] {logging_mixin.py:190} INFO - [2025-02-01T08:00:08.885+0000] {dag.py:4180} INFO - Setting next_dagrun for example_xcom to 2021-01-01 00:00:00+00:00, run_after=2021-01-01 00:00:00+00:00
[2025-02-01T08:00:08.915+0000] {processor.py:208} INFO - Processing /home/airflow/.local/lib/python3.12/site-packages/airflow/example_dags/example_xcom.py took 0.130 seconds
[2025-02-01T08:00:39.476+0000] {processor.py:186} INFO - Started process (PID=3175) to work on /home/airflow/.local/lib/python3.12/site-packages/airflow/example_dags/example_xcom.py
[2025-02-01T08:00:39.478+0000] {processor.py:914} INFO - Processing file /home/airflow/.local/lib/python3.12/site-packages/airflow/example_dags/example_xcom.py for tasks to queue
[2025-02-01T08:00:39.484+0000] {logging_mixin.py:190} INFO - [2025-02-01T08:00:39.483+0000] {dagbag.py:588} INFO - Filling up the DagBag from /home/airflow/.local/lib/python3.12/site-packages/airflow/example_dags/example_xcom.py
[2025-02-01T08:00:39.501+0000] {processor.py:925} INFO - DAG(s) 'example_xcom' retrieved from /home/airflow/.local/lib/python3.12/site-packages/airflow/example_dags/example_xcom.py
[2025-02-01T08:00:39.527+0000] {logging_mixin.py:190} INFO - [2025-02-01T08:00:39.527+0000] {dag.py:3239} INFO - Sync 1 DAGs
[2025-02-01T08:00:39.558+0000] {logging_mixin.py:190} INFO - [2025-02-01T08:00:39.558+0000] {dag.py:4180} INFO - Setting next_dagrun for example_xcom to 2021-01-01 00:00:00+00:00, run_after=2021-01-01 00:00:00+00:00
[2025-02-01T08:00:39.583+0000] {processor.py:208} INFO - Processing /home/airflow/.local/lib/python3.12/site-packages/airflow/example_dags/example_xcom.py took 0.118 seconds
[2025-02-01T08:01:10.460+0000] {processor.py:186} INFO - Started process (PID=3241) to work on /home/airflow/.local/lib/python3.12/site-packages/airflow/example_dags/example_xcom.py
[2025-02-01T08:01:10.462+0000] {processor.py:914} INFO - Processing file /home/airflow/.local/lib/python3.12/site-packages/airflow/example_dags/example_xcom.py for tasks to queue
[2025-02-01T08:01:10.476+0000] {logging_mixin.py:190} INFO - [2025-02-01T08:01:10.475+0000] {dagbag.py:588} INFO - Filling up the DagBag from /home/airflow/.local/lib/python3.12/site-packages/airflow/example_dags/example_xcom.py
[2025-02-01T08:01:10.496+0000] {processor.py:925} INFO - DAG(s) 'example_xcom' retrieved from /home/airflow/.local/lib/python3.12/site-packages/airflow/example_dags/example_xcom.py
[2025-02-01T08:01:10.529+0000] {logging_mixin.py:190} INFO - [2025-02-01T08:01:10.529+0000] {dag.py:3239} INFO - Sync 1 DAGs
[2025-02-01T08:01:10.565+0000] {logging_mixin.py:190} INFO - [2025-02-01T08:01:10.564+0000] {dag.py:4180} INFO - Setting next_dagrun for example_xcom to 2021-01-01 00:00:00+00:00, run_after=2021-01-01 00:00:00+00:00
[2025-02-01T08:01:10.593+0000] {processor.py:208} INFO - Processing /home/airflow/.local/lib/python3.12/site-packages/airflow/example_dags/example_xcom.py took 0.153 seconds
[2025-02-01T08:01:40.854+0000] {processor.py:186} INFO - Started process (PID=3307) to work on /home/airflow/.local/lib/python3.12/site-packages/airflow/example_dags/example_xcom.py
[2025-02-01T08:01:40.856+0000] {processor.py:914} INFO - Processing file /home/airflow/.local/lib/python3.12/site-packages/airflow/example_dags/example_xcom.py for tasks to queue
[2025-02-01T08:01:40.863+0000] {logging_mixin.py:190} INFO - [2025-02-01T08:01:40.862+0000] {dagbag.py:588} INFO - Filling up the DagBag from /home/airflow/.local/lib/python3.12/site-packages/airflow/example_dags/example_xcom.py
[2025-02-01T08:01:40.906+0000] {processor.py:925} INFO - DAG(s) 'example_xcom' retrieved from /home/airflow/.local/lib/python3.12/site-packages/airflow/example_dags/example_xcom.py
[2025-02-01T08:01:40.943+0000] {logging_mixin.py:190} INFO - [2025-02-01T08:01:40.943+0000] {dag.py:3239} INFO - Sync 1 DAGs
[2025-02-01T08:01:40.977+0000] {logging_mixin.py:190} INFO - [2025-02-01T08:01:40.977+0000] {dag.py:4180} INFO - Setting next_dagrun for example_xcom to 2021-01-01 00:00:00+00:00, run_after=2021-01-01 00:00:00+00:00
[2025-02-01T08:01:41.007+0000] {processor.py:208} INFO - Processing /home/airflow/.local/lib/python3.12/site-packages/airflow/example_dags/example_xcom.py took 0.166 seconds
