[2025-02-01T07:36:59.370+0000] {processor.py:186} INFO - Started process (PID=153) to work on /home/airflow/.local/lib/python3.12/site-packages/airflow/example_dags/example_datasets.py
[2025-02-01T07:36:59.371+0000] {processor.py:914} INFO - Processing file /home/airflow/.local/lib/python3.12/site-packages/airflow/example_dags/example_datasets.py for tasks to queue
[2025-02-01T07:36:59.374+0000] {logging_mixin.py:190} INFO - [2025-02-01T07:36:59.374+0000] {dagbag.py:588} INFO - Filling up the DagBag from /home/airflow/.local/lib/python3.12/site-packages/airflow/example_dags/example_datasets.py
[2025-02-01T07:37:00.318+0000] {processor.py:925} INFO - DAG(s) 'dataset_consumes_1_never_scheduled', 'dataset_consumes_1', 'dataset_produces_2', 'consume_1_and_2_with_dataset_expressions', 'consume_1_or_2_with_dataset_expressions', 'dataset_consumes_unknown_never_scheduled', 'conditional_dataset_and_time_based_timetable', 'dataset_produces_1', 'dataset_consumes_1_and_2', 'consume_1_or_both_2_and_3_with_dataset_expressions' retrieved from /home/airflow/.local/lib/python3.12/site-packages/airflow/example_dags/example_datasets.py
[2025-02-01T07:37:00.379+0000] {logging_mixin.py:190} INFO - [2025-02-01T07:37:00.378+0000] {dag.py:3239} INFO - Sync 10 DAGs
[2025-02-01T07:37:00.420+0000] {logging_mixin.py:190} INFO - [2025-02-01T07:37:00.419+0000] {dag.py:4180} INFO - Setting next_dagrun for conditional_dataset_and_time_based_timetable to 2025-01-29 01:00:00+00:00, run_after=2025-01-29 01:00:00+00:00
[2025-02-01T07:37:00.427+0000] {logging_mixin.py:190} INFO - [2025-02-01T07:37:00.426+0000] {dag.py:4180} INFO - Setting next_dagrun for consume_1_and_2_with_dataset_expressions to None, run_after=None
[2025-02-01T07:37:00.433+0000] {logging_mixin.py:190} INFO - [2025-02-01T07:37:00.433+0000] {dag.py:4180} INFO - Setting next_dagrun for consume_1_or_2_with_dataset_expressions to None, run_after=None
[2025-02-01T07:37:00.436+0000] {logging_mixin.py:190} INFO - [2025-02-01T07:37:00.436+0000] {dag.py:4180} INFO - Setting next_dagrun for consume_1_or_both_2_and_3_with_dataset_expressions to None, run_after=None
[2025-02-01T07:37:00.440+0000] {logging_mixin.py:190} INFO - [2025-02-01T07:37:00.439+0000] {dag.py:4180} INFO - Setting next_dagrun for dataset_consumes_1 to None, run_after=None
[2025-02-01T07:37:00.446+0000] {logging_mixin.py:190} INFO - [2025-02-01T07:37:00.445+0000] {dag.py:4180} INFO - Setting next_dagrun for dataset_consumes_1_and_2 to None, run_after=None
[2025-02-01T07:37:00.448+0000] {logging_mixin.py:190} INFO - [2025-02-01T07:37:00.448+0000] {dag.py:4180} INFO - Setting next_dagrun for dataset_consumes_1_never_scheduled to None, run_after=None
[2025-02-01T07:37:00.451+0000] {logging_mixin.py:190} INFO - [2025-02-01T07:37:00.451+0000] {dag.py:4180} INFO - Setting next_dagrun for dataset_consumes_unknown_never_scheduled to None, run_after=None
[2025-02-01T07:37:00.455+0000] {logging_mixin.py:190} INFO - [2025-02-01T07:37:00.454+0000] {dag.py:4180} INFO - Setting next_dagrun for dataset_produces_1 to 2025-01-31 00:00:00+00:00, run_after=2025-02-01 00:00:00+00:00
[2025-02-01T07:37:00.457+0000] {logging_mixin.py:190} INFO - [2025-02-01T07:37:00.457+0000] {dag.py:4180} INFO - Setting next_dagrun for dataset_produces_2 to None, run_after=None
[2025-02-01T07:37:00.525+0000] {processor.py:208} INFO - Processing /home/airflow/.local/lib/python3.12/site-packages/airflow/example_dags/example_datasets.py took 1.164 seconds
[2025-02-01T07:37:31.034+0000] {processor.py:186} INFO - Started process (PID=223) to work on /home/airflow/.local/lib/python3.12/site-packages/airflow/example_dags/example_datasets.py
[2025-02-01T07:37:31.035+0000] {processor.py:914} INFO - Processing file /home/airflow/.local/lib/python3.12/site-packages/airflow/example_dags/example_datasets.py for tasks to queue
[2025-02-01T07:37:31.040+0000] {logging_mixin.py:190} INFO - [2025-02-01T07:37:31.040+0000] {dagbag.py:588} INFO - Filling up the DagBag from /home/airflow/.local/lib/python3.12/site-packages/airflow/example_dags/example_datasets.py
[2025-02-01T07:37:32.021+0000] {processor.py:925} INFO - DAG(s) 'dataset_consumes_1', 'dataset_consumes_1_never_scheduled', 'consume_1_and_2_with_dataset_expressions', 'dataset_consumes_unknown_never_scheduled', 'consume_1_or_2_with_dataset_expressions', 'dataset_produces_2', 'consume_1_or_both_2_and_3_with_dataset_expressions', 'dataset_consumes_1_and_2', 'conditional_dataset_and_time_based_timetable', 'dataset_produces_1' retrieved from /home/airflow/.local/lib/python3.12/site-packages/airflow/example_dags/example_datasets.py
[2025-02-01T07:37:32.087+0000] {logging_mixin.py:190} INFO - [2025-02-01T07:37:32.086+0000] {dag.py:3239} INFO - Sync 10 DAGs
[2025-02-01T07:37:32.123+0000] {logging_mixin.py:190} INFO - [2025-02-01T07:37:32.122+0000] {dag.py:4180} INFO - Setting next_dagrun for conditional_dataset_and_time_based_timetable to 2025-01-29 01:00:00+00:00, run_after=2025-01-29 01:00:00+00:00
[2025-02-01T07:37:32.131+0000] {logging_mixin.py:190} INFO - [2025-02-01T07:37:32.130+0000] {dag.py:4180} INFO - Setting next_dagrun for consume_1_and_2_with_dataset_expressions to None, run_after=None
[2025-02-01T07:37:32.135+0000] {logging_mixin.py:190} INFO - [2025-02-01T07:37:32.134+0000] {dag.py:4180} INFO - Setting next_dagrun for consume_1_or_2_with_dataset_expressions to None, run_after=None
[2025-02-01T07:37:32.137+0000] {logging_mixin.py:190} INFO - [2025-02-01T07:37:32.137+0000] {dag.py:4180} INFO - Setting next_dagrun for consume_1_or_both_2_and_3_with_dataset_expressions to None, run_after=None
[2025-02-01T07:37:32.140+0000] {logging_mixin.py:190} INFO - [2025-02-01T07:37:32.139+0000] {dag.py:4180} INFO - Setting next_dagrun for dataset_consumes_1 to None, run_after=None
[2025-02-01T07:37:32.143+0000] {logging_mixin.py:190} INFO - [2025-02-01T07:37:32.142+0000] {dag.py:4180} INFO - Setting next_dagrun for dataset_consumes_1_and_2 to None, run_after=None
[2025-02-01T07:37:32.145+0000] {logging_mixin.py:190} INFO - [2025-02-01T07:37:32.145+0000] {dag.py:4180} INFO - Setting next_dagrun for dataset_consumes_1_never_scheduled to None, run_after=None
[2025-02-01T07:37:32.148+0000] {logging_mixin.py:190} INFO - [2025-02-01T07:37:32.147+0000] {dag.py:4180} INFO - Setting next_dagrun for dataset_consumes_unknown_never_scheduled to None, run_after=None
[2025-02-01T07:37:32.151+0000] {logging_mixin.py:190} INFO - [2025-02-01T07:37:32.151+0000] {dag.py:4180} INFO - Setting next_dagrun for dataset_produces_1 to 2025-01-31 00:00:00+00:00, run_after=2025-02-01 00:00:00+00:00
[2025-02-01T07:37:32.153+0000] {logging_mixin.py:190} INFO - [2025-02-01T07:37:32.152+0000] {dag.py:4180} INFO - Setting next_dagrun for dataset_produces_2 to None, run_after=None
[2025-02-01T07:37:32.199+0000] {processor.py:208} INFO - Processing /home/airflow/.local/lib/python3.12/site-packages/airflow/example_dags/example_datasets.py took 1.174 seconds
