[2025-02-01T07:36:45.100+0000] {processor.py:186} INFO - Started process (PID=110) to work on /home/airflow/.local/lib/python3.12/site-packages/airflow/example_dags/example_dynamic_task_mapping.py
[2025-02-01T07:36:45.101+0000] {processor.py:914} INFO - Processing file /home/airflow/.local/lib/python3.12/site-packages/airflow/example_dags/example_dynamic_task_mapping.py for tasks to queue
[2025-02-01T07:36:45.107+0000] {logging_mixin.py:190} INFO - [2025-02-01T07:36:45.106+0000] {dagbag.py:588} INFO - Filling up the DagBag from /home/airflow/.local/lib/python3.12/site-packages/airflow/example_dags/example_dynamic_task_mapping.py
[2025-02-01T07:36:45.119+0000] {processor.py:925} INFO - DAG(s) 'example_dynamic_task_mapping' retrieved from /home/airflow/.local/lib/python3.12/site-packages/airflow/example_dags/example_dynamic_task_mapping.py
[2025-02-01T07:36:45.167+0000] {logging_mixin.py:190} INFO - [2025-02-01T07:36:45.166+0000] {dag.py:3239} INFO - Sync 1 DAGs
[2025-02-01T07:36:45.207+0000] {logging_mixin.py:190} INFO - [2025-02-01T07:36:45.206+0000] {dag.py:4180} INFO - Setting next_dagrun for example_dynamic_task_mapping to None, run_after=None
[2025-02-01T07:36:45.244+0000] {processor.py:208} INFO - Processing /home/airflow/.local/lib/python3.12/site-packages/airflow/example_dags/example_dynamic_task_mapping.py took 0.154 seconds
[2025-02-01T07:37:15.528+0000] {processor.py:186} INFO - Started process (PID=183) to work on /home/airflow/.local/lib/python3.12/site-packages/airflow/example_dags/example_dynamic_task_mapping.py
[2025-02-01T07:37:15.539+0000] {processor.py:914} INFO - Processing file /home/airflow/.local/lib/python3.12/site-packages/airflow/example_dags/example_dynamic_task_mapping.py for tasks to queue
[2025-02-01T07:37:15.544+0000] {logging_mixin.py:190} INFO - [2025-02-01T07:37:15.543+0000] {dagbag.py:588} INFO - Filling up the DagBag from /home/airflow/.local/lib/python3.12/site-packages/airflow/example_dags/example_dynamic_task_mapping.py
[2025-02-01T07:37:15.561+0000] {processor.py:925} INFO - DAG(s) 'example_dynamic_task_mapping' retrieved from /home/airflow/.local/lib/python3.12/site-packages/airflow/example_dags/example_dynamic_task_mapping.py
[2025-02-01T07:37:15.592+0000] {logging_mixin.py:190} INFO - [2025-02-01T07:37:15.591+0000] {dag.py:3239} INFO - Sync 1 DAGs
[2025-02-01T07:37:15.619+0000] {logging_mixin.py:190} INFO - [2025-02-01T07:37:15.618+0000] {dag.py:4180} INFO - Setting next_dagrun for example_dynamic_task_mapping to None, run_after=None
[2025-02-01T07:37:15.668+0000] {processor.py:208} INFO - Processing /home/airflow/.local/lib/python3.12/site-packages/airflow/example_dags/example_dynamic_task_mapping.py took 0.149 seconds
[2025-02-01T07:37:45.931+0000] {processor.py:186} INFO - Started process (PID=249) to work on /home/airflow/.local/lib/python3.12/site-packages/airflow/example_dags/example_dynamic_task_mapping.py
[2025-02-01T07:37:45.932+0000] {processor.py:914} INFO - Processing file /home/airflow/.local/lib/python3.12/site-packages/airflow/example_dags/example_dynamic_task_mapping.py for tasks to queue
[2025-02-01T07:37:45.935+0000] {logging_mixin.py:190} INFO - [2025-02-01T07:37:45.935+0000] {dagbag.py:588} INFO - Filling up the DagBag from /home/airflow/.local/lib/python3.12/site-packages/airflow/example_dags/example_dynamic_task_mapping.py
[2025-02-01T07:37:45.946+0000] {processor.py:925} INFO - DAG(s) 'example_dynamic_task_mapping' retrieved from /home/airflow/.local/lib/python3.12/site-packages/airflow/example_dags/example_dynamic_task_mapping.py
[2025-02-01T07:37:45.973+0000] {logging_mixin.py:190} INFO - [2025-02-01T07:37:45.973+0000] {dag.py:3239} INFO - Sync 1 DAGs
[2025-02-01T07:37:45.995+0000] {logging_mixin.py:190} INFO - [2025-02-01T07:37:45.995+0000] {dag.py:4180} INFO - Setting next_dagrun for example_dynamic_task_mapping to None, run_after=None
[2025-02-01T07:37:46.035+0000] {processor.py:208} INFO - Processing /home/airflow/.local/lib/python3.12/site-packages/airflow/example_dags/example_dynamic_task_mapping.py took 0.114 seconds
