[2025-02-01T07:36:58.650+0000] {processor.py:186} INFO - Started process (PID=150) to work on /home/airflow/.local/lib/python3.12/site-packages/airflow/example_dags/example_inlet_event_extra.py
[2025-02-01T07:36:58.652+0000] {processor.py:914} INFO - Processing file /home/airflow/.local/lib/python3.12/site-packages/airflow/example_dags/example_inlet_event_extra.py for tasks to queue
[2025-02-01T07:36:58.655+0000] {logging_mixin.py:190} INFO - [2025-02-01T07:36:58.655+0000] {dagbag.py:588} INFO - Filling up the DagBag from /home/airflow/.local/lib/python3.12/site-packages/airflow/example_dags/example_inlet_event_extra.py
[2025-02-01T07:36:59.789+0000] {processor.py:925} INFO - DAG(s) 'read_dataset_event_from_classic', 'read_dataset_event' retrieved from /home/airflow/.local/lib/python3.12/site-packages/airflow/example_dags/example_inlet_event_extra.py
[2025-02-01T07:36:59.820+0000] {logging_mixin.py:190} INFO - [2025-02-01T07:36:59.820+0000] {dag.py:3239} INFO - Sync 2 DAGs
[2025-02-01T07:36:59.858+0000] {logging_mixin.py:190} INFO - [2025-02-01T07:36:59.858+0000] {dag.py:4180} INFO - Setting next_dagrun for read_dataset_event to 2025-01-31 00:00:00+00:00, run_after=2025-02-01 00:00:00+00:00
[2025-02-01T07:36:59.868+0000] {logging_mixin.py:190} INFO - [2025-02-01T07:36:59.867+0000] {dag.py:4180} INFO - Setting next_dagrun for read_dataset_event_from_classic to 2025-01-31 00:00:00+00:00, run_after=2025-02-01 00:00:00+00:00
[2025-02-01T07:36:59.909+0000] {processor.py:208} INFO - Processing /home/airflow/.local/lib/python3.12/site-packages/airflow/example_dags/example_inlet_event_extra.py took 1.274 seconds
[2025-02-01T07:37:30.021+0000] {processor.py:186} INFO - Started process (PID=222) to work on /home/airflow/.local/lib/python3.12/site-packages/airflow/example_dags/example_inlet_event_extra.py
[2025-02-01T07:37:30.023+0000] {processor.py:914} INFO - Processing file /home/airflow/.local/lib/python3.12/site-packages/airflow/example_dags/example_inlet_event_extra.py for tasks to queue
[2025-02-01T07:37:30.026+0000] {logging_mixin.py:190} INFO - [2025-02-01T07:37:30.026+0000] {dagbag.py:588} INFO - Filling up the DagBag from /home/airflow/.local/lib/python3.12/site-packages/airflow/example_dags/example_inlet_event_extra.py
[2025-02-01T07:37:30.922+0000] {processor.py:925} INFO - DAG(s) 'read_dataset_event', 'read_dataset_event_from_classic' retrieved from /home/airflow/.local/lib/python3.12/site-packages/airflow/example_dags/example_inlet_event_extra.py
[2025-02-01T07:37:30.951+0000] {logging_mixin.py:190} INFO - [2025-02-01T07:37:30.951+0000] {dag.py:3239} INFO - Sync 2 DAGs
[2025-02-01T07:37:30.996+0000] {logging_mixin.py:190} INFO - [2025-02-01T07:37:30.996+0000] {dag.py:4180} INFO - Setting next_dagrun for read_dataset_event to 2025-01-31 00:00:00+00:00, run_after=2025-02-01 00:00:00+00:00
[2025-02-01T07:37:31.004+0000] {logging_mixin.py:190} INFO - [2025-02-01T07:37:31.004+0000] {dag.py:4180} INFO - Setting next_dagrun for read_dataset_event_from_classic to 2025-01-31 00:00:00+00:00, run_after=2025-02-01 00:00:00+00:00
[2025-02-01T07:37:31.026+0000] {processor.py:208} INFO - Processing /home/airflow/.local/lib/python3.12/site-packages/airflow/example_dags/example_inlet_event_extra.py took 1.016 seconds
[2025-02-01T07:38:01.395+0000] {processor.py:186} INFO - Started process (PID=288) to work on /home/airflow/.local/lib/python3.12/site-packages/airflow/example_dags/example_inlet_event_extra.py
[2025-02-01T07:38:01.396+0000] {processor.py:914} INFO - Processing file /home/airflow/.local/lib/python3.12/site-packages/airflow/example_dags/example_inlet_event_extra.py for tasks to queue
[2025-02-01T07:38:01.400+0000] {logging_mixin.py:190} INFO - [2025-02-01T07:38:01.400+0000] {dagbag.py:588} INFO - Filling up the DagBag from /home/airflow/.local/lib/python3.12/site-packages/airflow/example_dags/example_inlet_event_extra.py
[2025-02-01T07:38:02.276+0000] {processor.py:925} INFO - DAG(s) 'read_dataset_event_from_classic', 'read_dataset_event' retrieved from /home/airflow/.local/lib/python3.12/site-packages/airflow/example_dags/example_inlet_event_extra.py
[2025-02-01T07:38:02.312+0000] {logging_mixin.py:190} INFO - [2025-02-01T07:38:02.311+0000] {dag.py:3239} INFO - Sync 2 DAGs
[2025-02-01T07:38:02.349+0000] {logging_mixin.py:190} INFO - [2025-02-01T07:38:02.349+0000] {dag.py:4180} INFO - Setting next_dagrun for read_dataset_event to 2025-01-31 00:00:00+00:00, run_after=2025-02-01 00:00:00+00:00
[2025-02-01T07:38:02.356+0000] {logging_mixin.py:190} INFO - [2025-02-01T07:38:02.355+0000] {dag.py:4180} INFO - Setting next_dagrun for read_dataset_event_from_classic to 2025-01-31 00:00:00+00:00, run_after=2025-02-01 00:00:00+00:00
[2025-02-01T07:38:02.390+0000] {processor.py:208} INFO - Processing /home/airflow/.local/lib/python3.12/site-packages/airflow/example_dags/example_inlet_event_extra.py took 1.004 seconds
[2025-02-01T07:38:32.677+0000] {processor.py:186} INFO - Started process (PID=358) to work on /home/airflow/.local/lib/python3.12/site-packages/airflow/example_dags/example_inlet_event_extra.py
[2025-02-01T07:38:32.678+0000] {processor.py:914} INFO - Processing file /home/airflow/.local/lib/python3.12/site-packages/airflow/example_dags/example_inlet_event_extra.py for tasks to queue
[2025-02-01T07:38:32.681+0000] {logging_mixin.py:190} INFO - [2025-02-01T07:38:32.681+0000] {dagbag.py:588} INFO - Filling up the DagBag from /home/airflow/.local/lib/python3.12/site-packages/airflow/example_dags/example_inlet_event_extra.py
[2025-02-01T07:38:33.564+0000] {processor.py:925} INFO - DAG(s) 'read_dataset_event', 'read_dataset_event_from_classic' retrieved from /home/airflow/.local/lib/python3.12/site-packages/airflow/example_dags/example_inlet_event_extra.py
[2025-02-01T07:38:33.591+0000] {logging_mixin.py:190} INFO - [2025-02-01T07:38:33.591+0000] {dag.py:3239} INFO - Sync 2 DAGs
[2025-02-01T07:38:33.625+0000] {logging_mixin.py:190} INFO - [2025-02-01T07:38:33.624+0000] {dag.py:4180} INFO - Setting next_dagrun for read_dataset_event to 2025-01-31 00:00:00+00:00, run_after=2025-02-01 00:00:00+00:00
[2025-02-01T07:38:33.631+0000] {logging_mixin.py:190} INFO - [2025-02-01T07:38:33.631+0000] {dag.py:4180} INFO - Setting next_dagrun for read_dataset_event_from_classic to 2025-01-31 00:00:00+00:00, run_after=2025-02-01 00:00:00+00:00
[2025-02-01T07:38:33.670+0000] {processor.py:208} INFO - Processing /home/airflow/.local/lib/python3.12/site-packages/airflow/example_dags/example_inlet_event_extra.py took 1.001 seconds
[2025-02-01T07:39:03.895+0000] {processor.py:186} INFO - Started process (PID=426) to work on /home/airflow/.local/lib/python3.12/site-packages/airflow/example_dags/example_inlet_event_extra.py
[2025-02-01T07:39:03.898+0000] {processor.py:914} INFO - Processing file /home/airflow/.local/lib/python3.12/site-packages/airflow/example_dags/example_inlet_event_extra.py for tasks to queue
[2025-02-01T07:39:03.901+0000] {logging_mixin.py:190} INFO - [2025-02-01T07:39:03.900+0000] {dagbag.py:588} INFO - Filling up the DagBag from /home/airflow/.local/lib/python3.12/site-packages/airflow/example_dags/example_inlet_event_extra.py
[2025-02-01T07:39:04.782+0000] {processor.py:925} INFO - DAG(s) 'read_dataset_event', 'read_dataset_event_from_classic' retrieved from /home/airflow/.local/lib/python3.12/site-packages/airflow/example_dags/example_inlet_event_extra.py
[2025-02-01T07:39:04.807+0000] {logging_mixin.py:190} INFO - [2025-02-01T07:39:04.807+0000] {dag.py:3239} INFO - Sync 2 DAGs
[2025-02-01T07:39:04.839+0000] {logging_mixin.py:190} INFO - [2025-02-01T07:39:04.839+0000] {dag.py:4180} INFO - Setting next_dagrun for read_dataset_event to 2025-01-31 00:00:00+00:00, run_after=2025-02-01 00:00:00+00:00
[2025-02-01T07:39:04.846+0000] {logging_mixin.py:190} INFO - [2025-02-01T07:39:04.846+0000] {dag.py:4180} INFO - Setting next_dagrun for read_dataset_event_from_classic to 2025-01-31 00:00:00+00:00, run_after=2025-02-01 00:00:00+00:00
[2025-02-01T07:39:04.884+0000] {processor.py:208} INFO - Processing /home/airflow/.local/lib/python3.12/site-packages/airflow/example_dags/example_inlet_event_extra.py took 1.001 seconds
[2025-02-01T07:39:35.891+0000] {processor.py:186} INFO - Started process (PID=497) to work on /home/airflow/.local/lib/python3.12/site-packages/airflow/example_dags/example_inlet_event_extra.py
[2025-02-01T07:39:35.893+0000] {processor.py:914} INFO - Processing file /home/airflow/.local/lib/python3.12/site-packages/airflow/example_dags/example_inlet_event_extra.py for tasks to queue
[2025-02-01T07:39:35.896+0000] {logging_mixin.py:190} INFO - [2025-02-01T07:39:35.896+0000] {dagbag.py:588} INFO - Filling up the DagBag from /home/airflow/.local/lib/python3.12/site-packages/airflow/example_dags/example_inlet_event_extra.py
[2025-02-01T07:39:36.945+0000] {processor.py:925} INFO - DAG(s) 'read_dataset_event_from_classic', 'read_dataset_event' retrieved from /home/airflow/.local/lib/python3.12/site-packages/airflow/example_dags/example_inlet_event_extra.py
[2025-02-01T07:39:36.969+0000] {logging_mixin.py:190} INFO - [2025-02-01T07:39:36.969+0000] {dag.py:3239} INFO - Sync 2 DAGs
[2025-02-01T07:39:37.045+0000] {logging_mixin.py:190} INFO - [2025-02-01T07:39:37.044+0000] {dag.py:4180} INFO - Setting next_dagrun for read_dataset_event to 2025-01-31 00:00:00+00:00, run_after=2025-02-01 00:00:00+00:00
[2025-02-01T07:39:37.052+0000] {logging_mixin.py:190} INFO - [2025-02-01T07:39:37.051+0000] {dag.py:4180} INFO - Setting next_dagrun for read_dataset_event_from_classic to 2025-01-31 00:00:00+00:00, run_after=2025-02-01 00:00:00+00:00
[2025-02-01T07:39:37.076+0000] {processor.py:208} INFO - Processing /home/airflow/.local/lib/python3.12/site-packages/airflow/example_dags/example_inlet_event_extra.py took 1.198 seconds
[2025-02-01T07:40:07.453+0000] {processor.py:186} INFO - Started process (PID=566) to work on /home/airflow/.local/lib/python3.12/site-packages/airflow/example_dags/example_inlet_event_extra.py
[2025-02-01T07:40:07.454+0000] {processor.py:914} INFO - Processing file /home/airflow/.local/lib/python3.12/site-packages/airflow/example_dags/example_inlet_event_extra.py for tasks to queue
[2025-02-01T07:40:07.457+0000] {logging_mixin.py:190} INFO - [2025-02-01T07:40:07.457+0000] {dagbag.py:588} INFO - Filling up the DagBag from /home/airflow/.local/lib/python3.12/site-packages/airflow/example_dags/example_inlet_event_extra.py
[2025-02-01T07:40:08.172+0000] {processor.py:925} INFO - DAG(s) 'read_dataset_event_from_classic', 'read_dataset_event' retrieved from /home/airflow/.local/lib/python3.12/site-packages/airflow/example_dags/example_inlet_event_extra.py
[2025-02-01T07:40:08.199+0000] {logging_mixin.py:190} INFO - [2025-02-01T07:40:08.199+0000] {dag.py:3239} INFO - Sync 2 DAGs
[2025-02-01T07:40:08.231+0000] {logging_mixin.py:190} INFO - [2025-02-01T07:40:08.230+0000] {dag.py:4180} INFO - Setting next_dagrun for read_dataset_event to 2025-01-31 00:00:00+00:00, run_after=2025-02-01 00:00:00+00:00
[2025-02-01T07:40:08.239+0000] {logging_mixin.py:190} INFO - [2025-02-01T07:40:08.239+0000] {dag.py:4180} INFO - Setting next_dagrun for read_dataset_event_from_classic to 2025-01-31 00:00:00+00:00, run_after=2025-02-01 00:00:00+00:00
[2025-02-01T07:40:08.259+0000] {processor.py:208} INFO - Processing /home/airflow/.local/lib/python3.12/site-packages/airflow/example_dags/example_inlet_event_extra.py took 0.815 seconds
[2025-02-01T07:40:38.606+0000] {processor.py:186} INFO - Started process (PID=632) to work on /home/airflow/.local/lib/python3.12/site-packages/airflow/example_dags/example_inlet_event_extra.py
[2025-02-01T07:40:38.608+0000] {processor.py:914} INFO - Processing file /home/airflow/.local/lib/python3.12/site-packages/airflow/example_dags/example_inlet_event_extra.py for tasks to queue
[2025-02-01T07:40:38.620+0000] {logging_mixin.py:190} INFO - [2025-02-01T07:40:38.619+0000] {dagbag.py:588} INFO - Filling up the DagBag from /home/airflow/.local/lib/python3.12/site-packages/airflow/example_dags/example_inlet_event_extra.py
[2025-02-01T07:40:39.389+0000] {processor.py:925} INFO - DAG(s) 'read_dataset_event_from_classic', 'read_dataset_event' retrieved from /home/airflow/.local/lib/python3.12/site-packages/airflow/example_dags/example_inlet_event_extra.py
[2025-02-01T07:40:39.414+0000] {logging_mixin.py:190} INFO - [2025-02-01T07:40:39.414+0000] {dag.py:3239} INFO - Sync 2 DAGs
[2025-02-01T07:40:39.467+0000] {logging_mixin.py:190} INFO - [2025-02-01T07:40:39.466+0000] {dag.py:4180} INFO - Setting next_dagrun for read_dataset_event to 2025-01-31 00:00:00+00:00, run_after=2025-02-01 00:00:00+00:00
[2025-02-01T07:40:39.473+0000] {logging_mixin.py:190} INFO - [2025-02-01T07:40:39.473+0000] {dag.py:4180} INFO - Setting next_dagrun for read_dataset_event_from_classic to 2025-01-31 00:00:00+00:00, run_after=2025-02-01 00:00:00+00:00
[2025-02-01T07:40:39.493+0000] {processor.py:208} INFO - Processing /home/airflow/.local/lib/python3.12/site-packages/airflow/example_dags/example_inlet_event_extra.py took 0.900 seconds
[2025-02-01T07:41:09.760+0000] {processor.py:186} INFO - Started process (PID=699) to work on /home/airflow/.local/lib/python3.12/site-packages/airflow/example_dags/example_inlet_event_extra.py
[2025-02-01T07:41:09.762+0000] {processor.py:914} INFO - Processing file /home/airflow/.local/lib/python3.12/site-packages/airflow/example_dags/example_inlet_event_extra.py for tasks to queue
[2025-02-01T07:41:09.764+0000] {logging_mixin.py:190} INFO - [2025-02-01T07:41:09.764+0000] {dagbag.py:588} INFO - Filling up the DagBag from /home/airflow/.local/lib/python3.12/site-packages/airflow/example_dags/example_inlet_event_extra.py
[2025-02-01T07:41:10.603+0000] {processor.py:925} INFO - DAG(s) 'read_dataset_event', 'read_dataset_event_from_classic' retrieved from /home/airflow/.local/lib/python3.12/site-packages/airflow/example_dags/example_inlet_event_extra.py
[2025-02-01T07:41:10.630+0000] {logging_mixin.py:190} INFO - [2025-02-01T07:41:10.630+0000] {dag.py:3239} INFO - Sync 2 DAGs
[2025-02-01T07:41:10.664+0000] {logging_mixin.py:190} INFO - [2025-02-01T07:41:10.664+0000] {dag.py:4180} INFO - Setting next_dagrun for read_dataset_event to 2025-01-31 00:00:00+00:00, run_after=2025-02-01 00:00:00+00:00
[2025-02-01T07:41:10.671+0000] {logging_mixin.py:190} INFO - [2025-02-01T07:41:10.671+0000] {dag.py:4180} INFO - Setting next_dagrun for read_dataset_event_from_classic to 2025-01-31 00:00:00+00:00, run_after=2025-02-01 00:00:00+00:00
[2025-02-01T07:41:10.695+0000] {processor.py:208} INFO - Processing /home/airflow/.local/lib/python3.12/site-packages/airflow/example_dags/example_inlet_event_extra.py took 0.943 seconds
[2025-02-01T07:41:41.414+0000] {processor.py:186} INFO - Started process (PID=765) to work on /home/airflow/.local/lib/python3.12/site-packages/airflow/example_dags/example_inlet_event_extra.py
[2025-02-01T07:41:41.416+0000] {processor.py:914} INFO - Processing file /home/airflow/.local/lib/python3.12/site-packages/airflow/example_dags/example_inlet_event_extra.py for tasks to queue
[2025-02-01T07:41:41.421+0000] {logging_mixin.py:190} INFO - [2025-02-01T07:41:41.421+0000] {dagbag.py:588} INFO - Filling up the DagBag from /home/airflow/.local/lib/python3.12/site-packages/airflow/example_dags/example_inlet_event_extra.py
[2025-02-01T07:41:42.325+0000] {processor.py:925} INFO - DAG(s) 'read_dataset_event', 'read_dataset_event_from_classic' retrieved from /home/airflow/.local/lib/python3.12/site-packages/airflow/example_dags/example_inlet_event_extra.py
[2025-02-01T07:41:42.386+0000] {logging_mixin.py:190} INFO - [2025-02-01T07:41:42.386+0000] {dag.py:3239} INFO - Sync 2 DAGs
[2025-02-01T07:41:42.418+0000] {logging_mixin.py:190} INFO - [2025-02-01T07:41:42.417+0000] {dag.py:4180} INFO - Setting next_dagrun for read_dataset_event to 2025-01-31 00:00:00+00:00, run_after=2025-02-01 00:00:00+00:00
[2025-02-01T07:41:42.424+0000] {logging_mixin.py:190} INFO - [2025-02-01T07:41:42.424+0000] {dag.py:4180} INFO - Setting next_dagrun for read_dataset_event_from_classic to 2025-01-31 00:00:00+00:00, run_after=2025-02-01 00:00:00+00:00
[2025-02-01T07:41:42.448+0000] {processor.py:208} INFO - Processing /home/airflow/.local/lib/python3.12/site-packages/airflow/example_dags/example_inlet_event_extra.py took 1.046 seconds
[2025-02-01T07:42:12.999+0000] {processor.py:186} INFO - Started process (PID=830) to work on /home/airflow/.local/lib/python3.12/site-packages/airflow/example_dags/example_inlet_event_extra.py
[2025-02-01T07:42:13.001+0000] {processor.py:914} INFO - Processing file /home/airflow/.local/lib/python3.12/site-packages/airflow/example_dags/example_inlet_event_extra.py for tasks to queue
[2025-02-01T07:42:13.006+0000] {logging_mixin.py:190} INFO - [2025-02-01T07:42:13.005+0000] {dagbag.py:588} INFO - Filling up the DagBag from /home/airflow/.local/lib/python3.12/site-packages/airflow/example_dags/example_inlet_event_extra.py
[2025-02-01T07:42:13.970+0000] {processor.py:925} INFO - DAG(s) 'read_dataset_event', 'read_dataset_event_from_classic' retrieved from /home/airflow/.local/lib/python3.12/site-packages/airflow/example_dags/example_inlet_event_extra.py
[2025-02-01T07:42:13.995+0000] {logging_mixin.py:190} INFO - [2025-02-01T07:42:13.994+0000] {dag.py:3239} INFO - Sync 2 DAGs
[2025-02-01T07:42:14.030+0000] {logging_mixin.py:190} INFO - [2025-02-01T07:42:14.030+0000] {dag.py:4180} INFO - Setting next_dagrun for read_dataset_event to 2025-01-31 00:00:00+00:00, run_after=2025-02-01 00:00:00+00:00
[2025-02-01T07:42:14.037+0000] {logging_mixin.py:190} INFO - [2025-02-01T07:42:14.036+0000] {dag.py:4180} INFO - Setting next_dagrun for read_dataset_event_from_classic to 2025-01-31 00:00:00+00:00, run_after=2025-02-01 00:00:00+00:00
[2025-02-01T07:42:14.061+0000] {processor.py:208} INFO - Processing /home/airflow/.local/lib/python3.12/site-packages/airflow/example_dags/example_inlet_event_extra.py took 1.076 seconds
[2025-02-01T07:42:44.444+0000] {processor.py:186} INFO - Started process (PID=903) to work on /home/airflow/.local/lib/python3.12/site-packages/airflow/example_dags/example_inlet_event_extra.py
[2025-02-01T07:42:44.445+0000] {processor.py:914} INFO - Processing file /home/airflow/.local/lib/python3.12/site-packages/airflow/example_dags/example_inlet_event_extra.py for tasks to queue
[2025-02-01T07:42:44.448+0000] {logging_mixin.py:190} INFO - [2025-02-01T07:42:44.447+0000] {dagbag.py:588} INFO - Filling up the DagBag from /home/airflow/.local/lib/python3.12/site-packages/airflow/example_dags/example_inlet_event_extra.py
[2025-02-01T07:42:45.290+0000] {processor.py:925} INFO - DAG(s) 'read_dataset_event_from_classic', 'read_dataset_event' retrieved from /home/airflow/.local/lib/python3.12/site-packages/airflow/example_dags/example_inlet_event_extra.py
[2025-02-01T07:42:45.316+0000] {logging_mixin.py:190} INFO - [2025-02-01T07:42:45.315+0000] {dag.py:3239} INFO - Sync 2 DAGs
[2025-02-01T07:42:45.346+0000] {logging_mixin.py:190} INFO - [2025-02-01T07:42:45.346+0000] {dag.py:4180} INFO - Setting next_dagrun for read_dataset_event to 2025-01-31 00:00:00+00:00, run_after=2025-02-01 00:00:00+00:00
[2025-02-01T07:42:45.355+0000] {logging_mixin.py:190} INFO - [2025-02-01T07:42:45.355+0000] {dag.py:4180} INFO - Setting next_dagrun for read_dataset_event_from_classic to 2025-01-31 00:00:00+00:00, run_after=2025-02-01 00:00:00+00:00
[2025-02-01T07:42:45.380+0000] {processor.py:208} INFO - Processing /home/airflow/.local/lib/python3.12/site-packages/airflow/example_dags/example_inlet_event_extra.py took 0.946 seconds
[2025-02-01T07:43:16.232+0000] {processor.py:186} INFO - Started process (PID=969) to work on /home/airflow/.local/lib/python3.12/site-packages/airflow/example_dags/example_inlet_event_extra.py
[2025-02-01T07:43:16.234+0000] {processor.py:914} INFO - Processing file /home/airflow/.local/lib/python3.12/site-packages/airflow/example_dags/example_inlet_event_extra.py for tasks to queue
[2025-02-01T07:43:16.240+0000] {logging_mixin.py:190} INFO - [2025-02-01T07:43:16.239+0000] {dagbag.py:588} INFO - Filling up the DagBag from /home/airflow/.local/lib/python3.12/site-packages/airflow/example_dags/example_inlet_event_extra.py
[2025-02-01T07:43:17.335+0000] {processor.py:925} INFO - DAG(s) 'read_dataset_event_from_classic', 'read_dataset_event' retrieved from /home/airflow/.local/lib/python3.12/site-packages/airflow/example_dags/example_inlet_event_extra.py
[2025-02-01T07:43:17.380+0000] {logging_mixin.py:190} INFO - [2025-02-01T07:43:17.380+0000] {dag.py:3239} INFO - Sync 2 DAGs
[2025-02-01T07:43:17.431+0000] {logging_mixin.py:190} INFO - [2025-02-01T07:43:17.431+0000] {dag.py:4180} INFO - Setting next_dagrun for read_dataset_event to 2025-01-31 00:00:00+00:00, run_after=2025-02-01 00:00:00+00:00
[2025-02-01T07:43:17.443+0000] {logging_mixin.py:190} INFO - [2025-02-01T07:43:17.442+0000] {dag.py:4180} INFO - Setting next_dagrun for read_dataset_event_from_classic to 2025-01-31 00:00:00+00:00, run_after=2025-02-01 00:00:00+00:00
[2025-02-01T07:43:17.479+0000] {processor.py:208} INFO - Processing /home/airflow/.local/lib/python3.12/site-packages/airflow/example_dags/example_inlet_event_extra.py took 1.260 seconds
[2025-02-01T07:43:47.962+0000] {processor.py:186} INFO - Started process (PID=1035) to work on /home/airflow/.local/lib/python3.12/site-packages/airflow/example_dags/example_inlet_event_extra.py
[2025-02-01T07:43:47.964+0000] {processor.py:914} INFO - Processing file /home/airflow/.local/lib/python3.12/site-packages/airflow/example_dags/example_inlet_event_extra.py for tasks to queue
[2025-02-01T07:43:47.968+0000] {logging_mixin.py:190} INFO - [2025-02-01T07:43:47.967+0000] {dagbag.py:588} INFO - Filling up the DagBag from /home/airflow/.local/lib/python3.12/site-packages/airflow/example_dags/example_inlet_event_extra.py
[2025-02-01T07:43:48.697+0000] {processor.py:925} INFO - DAG(s) 'read_dataset_event_from_classic', 'read_dataset_event' retrieved from /home/airflow/.local/lib/python3.12/site-packages/airflow/example_dags/example_inlet_event_extra.py
[2025-02-01T07:43:48.719+0000] {logging_mixin.py:190} INFO - [2025-02-01T07:43:48.718+0000] {dag.py:3239} INFO - Sync 2 DAGs
[2025-02-01T07:43:48.750+0000] {logging_mixin.py:190} INFO - [2025-02-01T07:43:48.749+0000] {dag.py:4180} INFO - Setting next_dagrun for read_dataset_event to 2025-01-31 00:00:00+00:00, run_after=2025-02-01 00:00:00+00:00
[2025-02-01T07:43:48.755+0000] {logging_mixin.py:190} INFO - [2025-02-01T07:43:48.755+0000] {dag.py:4180} INFO - Setting next_dagrun for read_dataset_event_from_classic to 2025-01-31 00:00:00+00:00, run_after=2025-02-01 00:00:00+00:00
[2025-02-01T07:43:48.780+0000] {processor.py:208} INFO - Processing /home/airflow/.local/lib/python3.12/site-packages/airflow/example_dags/example_inlet_event_extra.py took 0.830 seconds
[2025-02-01T07:44:19.429+0000] {processor.py:186} INFO - Started process (PID=1101) to work on /home/airflow/.local/lib/python3.12/site-packages/airflow/example_dags/example_inlet_event_extra.py
[2025-02-01T07:44:19.431+0000] {processor.py:914} INFO - Processing file /home/airflow/.local/lib/python3.12/site-packages/airflow/example_dags/example_inlet_event_extra.py for tasks to queue
[2025-02-01T07:44:19.435+0000] {logging_mixin.py:190} INFO - [2025-02-01T07:44:19.434+0000] {dagbag.py:588} INFO - Filling up the DagBag from /home/airflow/.local/lib/python3.12/site-packages/airflow/example_dags/example_inlet_event_extra.py
[2025-02-01T07:44:20.384+0000] {processor.py:925} INFO - DAG(s) 'read_dataset_event_from_classic', 'read_dataset_event' retrieved from /home/airflow/.local/lib/python3.12/site-packages/airflow/example_dags/example_inlet_event_extra.py
[2025-02-01T07:44:20.417+0000] {logging_mixin.py:190} INFO - [2025-02-01T07:44:20.417+0000] {dag.py:3239} INFO - Sync 2 DAGs
[2025-02-01T07:44:20.456+0000] {logging_mixin.py:190} INFO - [2025-02-01T07:44:20.455+0000] {dag.py:4180} INFO - Setting next_dagrun for read_dataset_event to 2025-01-31 00:00:00+00:00, run_after=2025-02-01 00:00:00+00:00
[2025-02-01T07:44:20.463+0000] {logging_mixin.py:190} INFO - [2025-02-01T07:44:20.463+0000] {dag.py:4180} INFO - Setting next_dagrun for read_dataset_event_from_classic to 2025-01-31 00:00:00+00:00, run_after=2025-02-01 00:00:00+00:00
[2025-02-01T07:44:20.492+0000] {processor.py:208} INFO - Processing /home/airflow/.local/lib/python3.12/site-packages/airflow/example_dags/example_inlet_event_extra.py took 1.073 seconds
[2025-02-01T07:44:51.425+0000] {processor.py:186} INFO - Started process (PID=1167) to work on /home/airflow/.local/lib/python3.12/site-packages/airflow/example_dags/example_inlet_event_extra.py
[2025-02-01T07:44:51.426+0000] {processor.py:914} INFO - Processing file /home/airflow/.local/lib/python3.12/site-packages/airflow/example_dags/example_inlet_event_extra.py for tasks to queue
[2025-02-01T07:44:51.429+0000] {logging_mixin.py:190} INFO - [2025-02-01T07:44:51.429+0000] {dagbag.py:588} INFO - Filling up the DagBag from /home/airflow/.local/lib/python3.12/site-packages/airflow/example_dags/example_inlet_event_extra.py
[2025-02-01T07:44:52.327+0000] {processor.py:925} INFO - DAG(s) 'read_dataset_event', 'read_dataset_event_from_classic' retrieved from /home/airflow/.local/lib/python3.12/site-packages/airflow/example_dags/example_inlet_event_extra.py
[2025-02-01T07:44:52.361+0000] {logging_mixin.py:190} INFO - [2025-02-01T07:44:52.360+0000] {dag.py:3239} INFO - Sync 2 DAGs
[2025-02-01T07:44:52.401+0000] {logging_mixin.py:190} INFO - [2025-02-01T07:44:52.401+0000] {dag.py:4180} INFO - Setting next_dagrun for read_dataset_event to 2025-01-31 00:00:00+00:00, run_after=2025-02-01 00:00:00+00:00
[2025-02-01T07:44:52.412+0000] {logging_mixin.py:190} INFO - [2025-02-01T07:44:52.411+0000] {dag.py:4180} INFO - Setting next_dagrun for read_dataset_event_from_classic to 2025-01-31 00:00:00+00:00, run_after=2025-02-01 00:00:00+00:00
[2025-02-01T07:44:52.441+0000] {processor.py:208} INFO - Processing /home/airflow/.local/lib/python3.12/site-packages/airflow/example_dags/example_inlet_event_extra.py took 1.025 seconds
[2025-02-01T07:45:22.990+0000] {processor.py:186} INFO - Started process (PID=1233) to work on /home/airflow/.local/lib/python3.12/site-packages/airflow/example_dags/example_inlet_event_extra.py
[2025-02-01T07:45:22.991+0000] {processor.py:914} INFO - Processing file /home/airflow/.local/lib/python3.12/site-packages/airflow/example_dags/example_inlet_event_extra.py for tasks to queue
[2025-02-01T07:45:22.994+0000] {logging_mixin.py:190} INFO - [2025-02-01T07:45:22.994+0000] {dagbag.py:588} INFO - Filling up the DagBag from /home/airflow/.local/lib/python3.12/site-packages/airflow/example_dags/example_inlet_event_extra.py
[2025-02-01T07:45:23.813+0000] {processor.py:925} INFO - DAG(s) 'read_dataset_event', 'read_dataset_event_from_classic' retrieved from /home/airflow/.local/lib/python3.12/site-packages/airflow/example_dags/example_inlet_event_extra.py
[2025-02-01T07:45:23.842+0000] {logging_mixin.py:190} INFO - [2025-02-01T07:45:23.841+0000] {dag.py:3239} INFO - Sync 2 DAGs
[2025-02-01T07:45:23.885+0000] {logging_mixin.py:190} INFO - [2025-02-01T07:45:23.885+0000] {dag.py:4180} INFO - Setting next_dagrun for read_dataset_event to 2025-01-31 00:00:00+00:00, run_after=2025-02-01 00:00:00+00:00
[2025-02-01T07:45:23.894+0000] {logging_mixin.py:190} INFO - [2025-02-01T07:45:23.893+0000] {dag.py:4180} INFO - Setting next_dagrun for read_dataset_event_from_classic to 2025-01-31 00:00:00+00:00, run_after=2025-02-01 00:00:00+00:00
[2025-02-01T07:45:23.931+0000] {processor.py:208} INFO - Processing /home/airflow/.local/lib/python3.12/site-packages/airflow/example_dags/example_inlet_event_extra.py took 0.952 seconds
[2025-02-01T07:45:54.030+0000] {processor.py:186} INFO - Started process (PID=1299) to work on /home/airflow/.local/lib/python3.12/site-packages/airflow/example_dags/example_inlet_event_extra.py
[2025-02-01T07:45:54.032+0000] {processor.py:914} INFO - Processing file /home/airflow/.local/lib/python3.12/site-packages/airflow/example_dags/example_inlet_event_extra.py for tasks to queue
[2025-02-01T07:45:54.036+0000] {logging_mixin.py:190} INFO - [2025-02-01T07:45:54.035+0000] {dagbag.py:588} INFO - Filling up the DagBag from /home/airflow/.local/lib/python3.12/site-packages/airflow/example_dags/example_inlet_event_extra.py
[2025-02-01T07:45:54.851+0000] {processor.py:925} INFO - DAG(s) 'read_dataset_event_from_classic', 'read_dataset_event' retrieved from /home/airflow/.local/lib/python3.12/site-packages/airflow/example_dags/example_inlet_event_extra.py
[2025-02-01T07:45:54.878+0000] {logging_mixin.py:190} INFO - [2025-02-01T07:45:54.877+0000] {dag.py:3239} INFO - Sync 2 DAGs
[2025-02-01T07:45:54.908+0000] {logging_mixin.py:190} INFO - [2025-02-01T07:45:54.908+0000] {dag.py:4180} INFO - Setting next_dagrun for read_dataset_event to 2025-01-31 00:00:00+00:00, run_after=2025-02-01 00:00:00+00:00
[2025-02-01T07:45:54.917+0000] {logging_mixin.py:190} INFO - [2025-02-01T07:45:54.917+0000] {dag.py:4180} INFO - Setting next_dagrun for read_dataset_event_from_classic to 2025-01-31 00:00:00+00:00, run_after=2025-02-01 00:00:00+00:00
[2025-02-01T07:45:54.952+0000] {processor.py:208} INFO - Processing /home/airflow/.local/lib/python3.12/site-packages/airflow/example_dags/example_inlet_event_extra.py took 0.935 seconds
[2025-02-01T07:46:25.757+0000] {processor.py:186} INFO - Started process (PID=1369) to work on /home/airflow/.local/lib/python3.12/site-packages/airflow/example_dags/example_inlet_event_extra.py
[2025-02-01T07:46:25.759+0000] {processor.py:914} INFO - Processing file /home/airflow/.local/lib/python3.12/site-packages/airflow/example_dags/example_inlet_event_extra.py for tasks to queue
[2025-02-01T07:46:25.763+0000] {logging_mixin.py:190} INFO - [2025-02-01T07:46:25.762+0000] {dagbag.py:588} INFO - Filling up the DagBag from /home/airflow/.local/lib/python3.12/site-packages/airflow/example_dags/example_inlet_event_extra.py
[2025-02-01T07:46:26.561+0000] {processor.py:925} INFO - DAG(s) 'read_dataset_event', 'read_dataset_event_from_classic' retrieved from /home/airflow/.local/lib/python3.12/site-packages/airflow/example_dags/example_inlet_event_extra.py
[2025-02-01T07:46:26.591+0000] {logging_mixin.py:190} INFO - [2025-02-01T07:46:26.591+0000] {dag.py:3239} INFO - Sync 2 DAGs
[2025-02-01T07:46:26.627+0000] {logging_mixin.py:190} INFO - [2025-02-01T07:46:26.626+0000] {dag.py:4180} INFO - Setting next_dagrun for read_dataset_event to 2025-01-31 00:00:00+00:00, run_after=2025-02-01 00:00:00+00:00
[2025-02-01T07:46:26.633+0000] {logging_mixin.py:190} INFO - [2025-02-01T07:46:26.633+0000] {dag.py:4180} INFO - Setting next_dagrun for read_dataset_event_from_classic to 2025-01-31 00:00:00+00:00, run_after=2025-02-01 00:00:00+00:00
[2025-02-01T07:46:26.665+0000] {processor.py:208} INFO - Processing /home/airflow/.local/lib/python3.12/site-packages/airflow/example_dags/example_inlet_event_extra.py took 0.918 seconds
[2025-02-01T07:46:57.329+0000] {processor.py:186} INFO - Started process (PID=1437) to work on /home/airflow/.local/lib/python3.12/site-packages/airflow/example_dags/example_inlet_event_extra.py
[2025-02-01T07:46:57.331+0000] {processor.py:914} INFO - Processing file /home/airflow/.local/lib/python3.12/site-packages/airflow/example_dags/example_inlet_event_extra.py for tasks to queue
[2025-02-01T07:46:57.334+0000] {logging_mixin.py:190} INFO - [2025-02-01T07:46:57.333+0000] {dagbag.py:588} INFO - Filling up the DagBag from /home/airflow/.local/lib/python3.12/site-packages/airflow/example_dags/example_inlet_event_extra.py
[2025-02-01T07:46:58.167+0000] {processor.py:925} INFO - DAG(s) 'read_dataset_event', 'read_dataset_event_from_classic' retrieved from /home/airflow/.local/lib/python3.12/site-packages/airflow/example_dags/example_inlet_event_extra.py
[2025-02-01T07:46:58.198+0000] {logging_mixin.py:190} INFO - [2025-02-01T07:46:58.197+0000] {dag.py:3239} INFO - Sync 2 DAGs
[2025-02-01T07:46:58.231+0000] {logging_mixin.py:190} INFO - [2025-02-01T07:46:58.230+0000] {dag.py:4180} INFO - Setting next_dagrun for read_dataset_event to 2025-01-31 00:00:00+00:00, run_after=2025-02-01 00:00:00+00:00
[2025-02-01T07:46:58.238+0000] {logging_mixin.py:190} INFO - [2025-02-01T07:46:58.238+0000] {dag.py:4180} INFO - Setting next_dagrun for read_dataset_event_from_classic to 2025-01-31 00:00:00+00:00, run_after=2025-02-01 00:00:00+00:00
[2025-02-01T07:46:58.277+0000] {processor.py:208} INFO - Processing /home/airflow/.local/lib/python3.12/site-packages/airflow/example_dags/example_inlet_event_extra.py took 0.959 seconds
[2025-02-01T07:47:29.016+0000] {processor.py:186} INFO - Started process (PID=1503) to work on /home/airflow/.local/lib/python3.12/site-packages/airflow/example_dags/example_inlet_event_extra.py
[2025-02-01T07:47:29.017+0000] {processor.py:914} INFO - Processing file /home/airflow/.local/lib/python3.12/site-packages/airflow/example_dags/example_inlet_event_extra.py for tasks to queue
[2025-02-01T07:47:29.020+0000] {logging_mixin.py:190} INFO - [2025-02-01T07:47:29.020+0000] {dagbag.py:588} INFO - Filling up the DagBag from /home/airflow/.local/lib/python3.12/site-packages/airflow/example_dags/example_inlet_event_extra.py
[2025-02-01T07:47:29.952+0000] {processor.py:925} INFO - DAG(s) 'read_dataset_event', 'read_dataset_event_from_classic' retrieved from /home/airflow/.local/lib/python3.12/site-packages/airflow/example_dags/example_inlet_event_extra.py
[2025-02-01T07:47:29.985+0000] {logging_mixin.py:190} INFO - [2025-02-01T07:47:29.985+0000] {dag.py:3239} INFO - Sync 2 DAGs
[2025-02-01T07:47:30.051+0000] {logging_mixin.py:190} INFO - [2025-02-01T07:47:30.047+0000] {dag.py:4180} INFO - Setting next_dagrun for read_dataset_event to 2025-01-31 00:00:00+00:00, run_after=2025-02-01 00:00:00+00:00
[2025-02-01T07:47:30.060+0000] {logging_mixin.py:190} INFO - [2025-02-01T07:47:30.059+0000] {dag.py:4180} INFO - Setting next_dagrun for read_dataset_event_from_classic to 2025-01-31 00:00:00+00:00, run_after=2025-02-01 00:00:00+00:00
[2025-02-01T07:47:30.086+0000] {processor.py:208} INFO - Processing /home/airflow/.local/lib/python3.12/site-packages/airflow/example_dags/example_inlet_event_extra.py took 1.084 seconds
[2025-02-01T07:48:01.005+0000] {processor.py:186} INFO - Started process (PID=1569) to work on /home/airflow/.local/lib/python3.12/site-packages/airflow/example_dags/example_inlet_event_extra.py
[2025-02-01T07:48:01.006+0000] {processor.py:914} INFO - Processing file /home/airflow/.local/lib/python3.12/site-packages/airflow/example_dags/example_inlet_event_extra.py for tasks to queue
[2025-02-01T07:48:01.010+0000] {logging_mixin.py:190} INFO - [2025-02-01T07:48:01.010+0000] {dagbag.py:588} INFO - Filling up the DagBag from /home/airflow/.local/lib/python3.12/site-packages/airflow/example_dags/example_inlet_event_extra.py
[2025-02-01T07:48:01.746+0000] {processor.py:925} INFO - DAG(s) 'read_dataset_event', 'read_dataset_event_from_classic' retrieved from /home/airflow/.local/lib/python3.12/site-packages/airflow/example_dags/example_inlet_event_extra.py
[2025-02-01T07:48:01.774+0000] {logging_mixin.py:190} INFO - [2025-02-01T07:48:01.773+0000] {dag.py:3239} INFO - Sync 2 DAGs
[2025-02-01T07:48:01.812+0000] {logging_mixin.py:190} INFO - [2025-02-01T07:48:01.812+0000] {dag.py:4180} INFO - Setting next_dagrun for read_dataset_event to 2025-01-31 00:00:00+00:00, run_after=2025-02-01 00:00:00+00:00
[2025-02-01T07:48:01.819+0000] {logging_mixin.py:190} INFO - [2025-02-01T07:48:01.819+0000] {dag.py:4180} INFO - Setting next_dagrun for read_dataset_event_from_classic to 2025-01-31 00:00:00+00:00, run_after=2025-02-01 00:00:00+00:00
[2025-02-01T07:48:01.842+0000] {processor.py:208} INFO - Processing /home/airflow/.local/lib/python3.12/site-packages/airflow/example_dags/example_inlet_event_extra.py took 0.846 seconds
[2025-02-01T07:48:32.634+0000] {processor.py:186} INFO - Started process (PID=1635) to work on /home/airflow/.local/lib/python3.12/site-packages/airflow/example_dags/example_inlet_event_extra.py
[2025-02-01T07:48:32.636+0000] {processor.py:914} INFO - Processing file /home/airflow/.local/lib/python3.12/site-packages/airflow/example_dags/example_inlet_event_extra.py for tasks to queue
[2025-02-01T07:48:32.644+0000] {logging_mixin.py:190} INFO - [2025-02-01T07:48:32.643+0000] {dagbag.py:588} INFO - Filling up the DagBag from /home/airflow/.local/lib/python3.12/site-packages/airflow/example_dags/example_inlet_event_extra.py
[2025-02-01T07:48:33.691+0000] {processor.py:925} INFO - DAG(s) 'read_dataset_event_from_classic', 'read_dataset_event' retrieved from /home/airflow/.local/lib/python3.12/site-packages/airflow/example_dags/example_inlet_event_extra.py
[2025-02-01T07:48:33.729+0000] {logging_mixin.py:190} INFO - [2025-02-01T07:48:33.728+0000] {dag.py:3239} INFO - Sync 2 DAGs
[2025-02-01T07:48:33.771+0000] {logging_mixin.py:190} INFO - [2025-02-01T07:48:33.770+0000] {dag.py:4180} INFO - Setting next_dagrun for read_dataset_event to 2025-01-31 00:00:00+00:00, run_after=2025-02-01 00:00:00+00:00
[2025-02-01T07:48:33.780+0000] {logging_mixin.py:190} INFO - [2025-02-01T07:48:33.780+0000] {dag.py:4180} INFO - Setting next_dagrun for read_dataset_event_from_classic to 2025-01-31 00:00:00+00:00, run_after=2025-02-01 00:00:00+00:00
[2025-02-01T07:48:33.813+0000] {processor.py:208} INFO - Processing /home/airflow/.local/lib/python3.12/site-packages/airflow/example_dags/example_inlet_event_extra.py took 1.231 seconds
[2025-02-01T07:49:04.048+0000] {processor.py:186} INFO - Started process (PID=1701) to work on /home/airflow/.local/lib/python3.12/site-packages/airflow/example_dags/example_inlet_event_extra.py
[2025-02-01T07:49:04.051+0000] {processor.py:914} INFO - Processing file /home/airflow/.local/lib/python3.12/site-packages/airflow/example_dags/example_inlet_event_extra.py for tasks to queue
[2025-02-01T07:49:04.055+0000] {logging_mixin.py:190} INFO - [2025-02-01T07:49:04.054+0000] {dagbag.py:588} INFO - Filling up the DagBag from /home/airflow/.local/lib/python3.12/site-packages/airflow/example_dags/example_inlet_event_extra.py
[2025-02-01T07:49:05.228+0000] {processor.py:925} INFO - DAG(s) 'read_dataset_event', 'read_dataset_event_from_classic' retrieved from /home/airflow/.local/lib/python3.12/site-packages/airflow/example_dags/example_inlet_event_extra.py
[2025-02-01T07:49:05.254+0000] {logging_mixin.py:190} INFO - [2025-02-01T07:49:05.254+0000] {dag.py:3239} INFO - Sync 2 DAGs
[2025-02-01T07:49:05.284+0000] {logging_mixin.py:190} INFO - [2025-02-01T07:49:05.284+0000] {dag.py:4180} INFO - Setting next_dagrun for read_dataset_event to 2025-01-31 00:00:00+00:00, run_after=2025-02-01 00:00:00+00:00
[2025-02-01T07:49:05.291+0000] {logging_mixin.py:190} INFO - [2025-02-01T07:49:05.290+0000] {dag.py:4180} INFO - Setting next_dagrun for read_dataset_event_from_classic to 2025-01-31 00:00:00+00:00, run_after=2025-02-01 00:00:00+00:00
[2025-02-01T07:49:05.310+0000] {processor.py:208} INFO - Processing /home/airflow/.local/lib/python3.12/site-packages/airflow/example_dags/example_inlet_event_extra.py took 1.282 seconds
[2025-02-01T07:49:35.405+0000] {processor.py:186} INFO - Started process (PID=1767) to work on /home/airflow/.local/lib/python3.12/site-packages/airflow/example_dags/example_inlet_event_extra.py
[2025-02-01T07:49:35.407+0000] {processor.py:914} INFO - Processing file /home/airflow/.local/lib/python3.12/site-packages/airflow/example_dags/example_inlet_event_extra.py for tasks to queue
[2025-02-01T07:49:35.413+0000] {logging_mixin.py:190} INFO - [2025-02-01T07:49:35.412+0000] {dagbag.py:588} INFO - Filling up the DagBag from /home/airflow/.local/lib/python3.12/site-packages/airflow/example_dags/example_inlet_event_extra.py
[2025-02-01T07:49:36.287+0000] {processor.py:925} INFO - DAG(s) 'read_dataset_event', 'read_dataset_event_from_classic' retrieved from /home/airflow/.local/lib/python3.12/site-packages/airflow/example_dags/example_inlet_event_extra.py
[2025-02-01T07:49:36.316+0000] {logging_mixin.py:190} INFO - [2025-02-01T07:49:36.315+0000] {dag.py:3239} INFO - Sync 2 DAGs
[2025-02-01T07:49:36.350+0000] {logging_mixin.py:190} INFO - [2025-02-01T07:49:36.349+0000] {dag.py:4180} INFO - Setting next_dagrun for read_dataset_event to 2025-01-31 00:00:00+00:00, run_after=2025-02-01 00:00:00+00:00
[2025-02-01T07:49:36.358+0000] {logging_mixin.py:190} INFO - [2025-02-01T07:49:36.358+0000] {dag.py:4180} INFO - Setting next_dagrun for read_dataset_event_from_classic to 2025-01-31 00:00:00+00:00, run_after=2025-02-01 00:00:00+00:00
[2025-02-01T07:49:36.391+0000] {processor.py:208} INFO - Processing /home/airflow/.local/lib/python3.12/site-packages/airflow/example_dags/example_inlet_event_extra.py took 0.997 seconds
[2025-02-01T07:50:07.337+0000] {processor.py:186} INFO - Started process (PID=1839) to work on /home/airflow/.local/lib/python3.12/site-packages/airflow/example_dags/example_inlet_event_extra.py
[2025-02-01T07:50:07.339+0000] {processor.py:914} INFO - Processing file /home/airflow/.local/lib/python3.12/site-packages/airflow/example_dags/example_inlet_event_extra.py for tasks to queue
[2025-02-01T07:50:07.344+0000] {logging_mixin.py:190} INFO - [2025-02-01T07:50:07.343+0000] {dagbag.py:588} INFO - Filling up the DagBag from /home/airflow/.local/lib/python3.12/site-packages/airflow/example_dags/example_inlet_event_extra.py
[2025-02-01T07:50:08.170+0000] {processor.py:925} INFO - DAG(s) 'read_dataset_event_from_classic', 'read_dataset_event' retrieved from /home/airflow/.local/lib/python3.12/site-packages/airflow/example_dags/example_inlet_event_extra.py
[2025-02-01T07:50:08.200+0000] {logging_mixin.py:190} INFO - [2025-02-01T07:50:08.199+0000] {dag.py:3239} INFO - Sync 2 DAGs
[2025-02-01T07:50:08.232+0000] {logging_mixin.py:190} INFO - [2025-02-01T07:50:08.232+0000] {dag.py:4180} INFO - Setting next_dagrun for read_dataset_event to 2025-01-31 00:00:00+00:00, run_after=2025-02-01 00:00:00+00:00
[2025-02-01T07:50:08.244+0000] {logging_mixin.py:190} INFO - [2025-02-01T07:50:08.244+0000] {dag.py:4180} INFO - Setting next_dagrun for read_dataset_event_from_classic to 2025-01-31 00:00:00+00:00, run_after=2025-02-01 00:00:00+00:00
[2025-02-01T07:50:08.266+0000] {processor.py:208} INFO - Processing /home/airflow/.local/lib/python3.12/site-packages/airflow/example_dags/example_inlet_event_extra.py took 0.951 seconds
[2025-02-01T07:50:39.262+0000] {processor.py:186} INFO - Started process (PID=1905) to work on /home/airflow/.local/lib/python3.12/site-packages/airflow/example_dags/example_inlet_event_extra.py
[2025-02-01T07:50:39.276+0000] {processor.py:914} INFO - Processing file /home/airflow/.local/lib/python3.12/site-packages/airflow/example_dags/example_inlet_event_extra.py for tasks to queue
[2025-02-01T07:50:39.280+0000] {logging_mixin.py:190} INFO - [2025-02-01T07:50:39.279+0000] {dagbag.py:588} INFO - Filling up the DagBag from /home/airflow/.local/lib/python3.12/site-packages/airflow/example_dags/example_inlet_event_extra.py
[2025-02-01T07:50:40.162+0000] {processor.py:925} INFO - DAG(s) 'read_dataset_event_from_classic', 'read_dataset_event' retrieved from /home/airflow/.local/lib/python3.12/site-packages/airflow/example_dags/example_inlet_event_extra.py
[2025-02-01T07:50:40.186+0000] {logging_mixin.py:190} INFO - [2025-02-01T07:50:40.186+0000] {dag.py:3239} INFO - Sync 2 DAGs
[2025-02-01T07:50:40.216+0000] {logging_mixin.py:190} INFO - [2025-02-01T07:50:40.216+0000] {dag.py:4180} INFO - Setting next_dagrun for read_dataset_event to 2025-01-31 00:00:00+00:00, run_after=2025-02-01 00:00:00+00:00
[2025-02-01T07:50:40.222+0000] {logging_mixin.py:190} INFO - [2025-02-01T07:50:40.222+0000] {dag.py:4180} INFO - Setting next_dagrun for read_dataset_event_from_classic to 2025-01-31 00:00:00+00:00, run_after=2025-02-01 00:00:00+00:00
[2025-02-01T07:50:40.247+0000] {processor.py:208} INFO - Processing /home/airflow/.local/lib/python3.12/site-packages/airflow/example_dags/example_inlet_event_extra.py took 1.023 seconds
[2025-02-01T07:51:10.369+0000] {processor.py:186} INFO - Started process (PID=1971) to work on /home/airflow/.local/lib/python3.12/site-packages/airflow/example_dags/example_inlet_event_extra.py
[2025-02-01T07:51:10.370+0000] {processor.py:914} INFO - Processing file /home/airflow/.local/lib/python3.12/site-packages/airflow/example_dags/example_inlet_event_extra.py for tasks to queue
[2025-02-01T07:51:10.374+0000] {logging_mixin.py:190} INFO - [2025-02-01T07:51:10.373+0000] {dagbag.py:588} INFO - Filling up the DagBag from /home/airflow/.local/lib/python3.12/site-packages/airflow/example_dags/example_inlet_event_extra.py
[2025-02-01T07:51:11.146+0000] {processor.py:925} INFO - DAG(s) 'read_dataset_event', 'read_dataset_event_from_classic' retrieved from /home/airflow/.local/lib/python3.12/site-packages/airflow/example_dags/example_inlet_event_extra.py
[2025-02-01T07:51:11.189+0000] {logging_mixin.py:190} INFO - [2025-02-01T07:51:11.188+0000] {dag.py:3239} INFO - Sync 2 DAGs
[2025-02-01T07:51:11.222+0000] {logging_mixin.py:190} INFO - [2025-02-01T07:51:11.222+0000] {dag.py:4180} INFO - Setting next_dagrun for read_dataset_event to 2025-01-31 00:00:00+00:00, run_after=2025-02-01 00:00:00+00:00
[2025-02-01T07:51:11.228+0000] {logging_mixin.py:190} INFO - [2025-02-01T07:51:11.228+0000] {dag.py:4180} INFO - Setting next_dagrun for read_dataset_event_from_classic to 2025-01-31 00:00:00+00:00, run_after=2025-02-01 00:00:00+00:00
[2025-02-01T07:51:11.250+0000] {processor.py:208} INFO - Processing /home/airflow/.local/lib/python3.12/site-packages/airflow/example_dags/example_inlet_event_extra.py took 0.891 seconds
[2025-02-01T07:51:41.445+0000] {processor.py:186} INFO - Started process (PID=2037) to work on /home/airflow/.local/lib/python3.12/site-packages/airflow/example_dags/example_inlet_event_extra.py
[2025-02-01T07:51:41.447+0000] {processor.py:914} INFO - Processing file /home/airflow/.local/lib/python3.12/site-packages/airflow/example_dags/example_inlet_event_extra.py for tasks to queue
[2025-02-01T07:51:41.452+0000] {logging_mixin.py:190} INFO - [2025-02-01T07:51:41.452+0000] {dagbag.py:588} INFO - Filling up the DagBag from /home/airflow/.local/lib/python3.12/site-packages/airflow/example_dags/example_inlet_event_extra.py
[2025-02-01T07:51:42.221+0000] {processor.py:925} INFO - DAG(s) 'read_dataset_event_from_classic', 'read_dataset_event' retrieved from /home/airflow/.local/lib/python3.12/site-packages/airflow/example_dags/example_inlet_event_extra.py
[2025-02-01T07:51:42.244+0000] {logging_mixin.py:190} INFO - [2025-02-01T07:51:42.243+0000] {dag.py:3239} INFO - Sync 2 DAGs
[2025-02-01T07:51:42.275+0000] {logging_mixin.py:190} INFO - [2025-02-01T07:51:42.275+0000] {dag.py:4180} INFO - Setting next_dagrun for read_dataset_event to 2025-01-31 00:00:00+00:00, run_after=2025-02-01 00:00:00+00:00
[2025-02-01T07:51:42.281+0000] {logging_mixin.py:190} INFO - [2025-02-01T07:51:42.281+0000] {dag.py:4180} INFO - Setting next_dagrun for read_dataset_event_from_classic to 2025-01-31 00:00:00+00:00, run_after=2025-02-01 00:00:00+00:00
[2025-02-01T07:51:42.303+0000] {processor.py:208} INFO - Processing /home/airflow/.local/lib/python3.12/site-packages/airflow/example_dags/example_inlet_event_extra.py took 0.869 seconds
[2025-02-01T07:52:13.224+0000] {processor.py:186} INFO - Started process (PID=2103) to work on /home/airflow/.local/lib/python3.12/site-packages/airflow/example_dags/example_inlet_event_extra.py
[2025-02-01T07:52:13.227+0000] {processor.py:914} INFO - Processing file /home/airflow/.local/lib/python3.12/site-packages/airflow/example_dags/example_inlet_event_extra.py for tasks to queue
[2025-02-01T07:52:13.231+0000] {logging_mixin.py:190} INFO - [2025-02-01T07:52:13.230+0000] {dagbag.py:588} INFO - Filling up the DagBag from /home/airflow/.local/lib/python3.12/site-packages/airflow/example_dags/example_inlet_event_extra.py
[2025-02-01T07:52:14.010+0000] {processor.py:925} INFO - DAG(s) 'read_dataset_event_from_classic', 'read_dataset_event' retrieved from /home/airflow/.local/lib/python3.12/site-packages/airflow/example_dags/example_inlet_event_extra.py
[2025-02-01T07:52:14.034+0000] {logging_mixin.py:190} INFO - [2025-02-01T07:52:14.033+0000] {dag.py:3239} INFO - Sync 2 DAGs
[2025-02-01T07:52:14.061+0000] {logging_mixin.py:190} INFO - [2025-02-01T07:52:14.061+0000] {dag.py:4180} INFO - Setting next_dagrun for read_dataset_event to 2025-01-31 00:00:00+00:00, run_after=2025-02-01 00:00:00+00:00
[2025-02-01T07:52:14.068+0000] {logging_mixin.py:190} INFO - [2025-02-01T07:52:14.067+0000] {dag.py:4180} INFO - Setting next_dagrun for read_dataset_event_from_classic to 2025-01-31 00:00:00+00:00, run_after=2025-02-01 00:00:00+00:00
[2025-02-01T07:52:14.089+0000] {processor.py:208} INFO - Processing /home/airflow/.local/lib/python3.12/site-packages/airflow/example_dags/example_inlet_event_extra.py took 0.875 seconds
[2025-02-01T07:52:44.333+0000] {processor.py:186} INFO - Started process (PID=2169) to work on /home/airflow/.local/lib/python3.12/site-packages/airflow/example_dags/example_inlet_event_extra.py
[2025-02-01T07:52:44.335+0000] {processor.py:914} INFO - Processing file /home/airflow/.local/lib/python3.12/site-packages/airflow/example_dags/example_inlet_event_extra.py for tasks to queue
[2025-02-01T07:52:44.339+0000] {logging_mixin.py:190} INFO - [2025-02-01T07:52:44.338+0000] {dagbag.py:588} INFO - Filling up the DagBag from /home/airflow/.local/lib/python3.12/site-packages/airflow/example_dags/example_inlet_event_extra.py
[2025-02-01T07:52:45.151+0000] {processor.py:925} INFO - DAG(s) 'read_dataset_event', 'read_dataset_event_from_classic' retrieved from /home/airflow/.local/lib/python3.12/site-packages/airflow/example_dags/example_inlet_event_extra.py
[2025-02-01T07:52:45.180+0000] {logging_mixin.py:190} INFO - [2025-02-01T07:52:45.180+0000] {dag.py:3239} INFO - Sync 2 DAGs
[2025-02-01T07:52:45.217+0000] {logging_mixin.py:190} INFO - [2025-02-01T07:52:45.217+0000] {dag.py:4180} INFO - Setting next_dagrun for read_dataset_event to 2025-01-31 00:00:00+00:00, run_after=2025-02-01 00:00:00+00:00
[2025-02-01T07:52:45.226+0000] {logging_mixin.py:190} INFO - [2025-02-01T07:52:45.225+0000] {dag.py:4180} INFO - Setting next_dagrun for read_dataset_event_from_classic to 2025-01-31 00:00:00+00:00, run_after=2025-02-01 00:00:00+00:00
[2025-02-01T07:52:45.252+0000] {processor.py:208} INFO - Processing /home/airflow/.local/lib/python3.12/site-packages/airflow/example_dags/example_inlet_event_extra.py took 0.928 seconds
[2025-02-01T07:53:16.393+0000] {processor.py:186} INFO - Started process (PID=2237) to work on /home/airflow/.local/lib/python3.12/site-packages/airflow/example_dags/example_inlet_event_extra.py
[2025-02-01T07:53:16.394+0000] {processor.py:914} INFO - Processing file /home/airflow/.local/lib/python3.12/site-packages/airflow/example_dags/example_inlet_event_extra.py for tasks to queue
[2025-02-01T07:53:16.399+0000] {logging_mixin.py:190} INFO - [2025-02-01T07:53:16.398+0000] {dagbag.py:588} INFO - Filling up the DagBag from /home/airflow/.local/lib/python3.12/site-packages/airflow/example_dags/example_inlet_event_extra.py
[2025-02-01T07:53:17.511+0000] {processor.py:925} INFO - DAG(s) 'read_dataset_event', 'read_dataset_event_from_classic' retrieved from /home/airflow/.local/lib/python3.12/site-packages/airflow/example_dags/example_inlet_event_extra.py
[2025-02-01T07:53:17.542+0000] {logging_mixin.py:190} INFO - [2025-02-01T07:53:17.541+0000] {dag.py:3239} INFO - Sync 2 DAGs
[2025-02-01T07:53:17.573+0000] {logging_mixin.py:190} INFO - [2025-02-01T07:53:17.573+0000] {dag.py:4180} INFO - Setting next_dagrun for read_dataset_event to 2025-01-31 00:00:00+00:00, run_after=2025-02-01 00:00:00+00:00
[2025-02-01T07:53:17.581+0000] {logging_mixin.py:190} INFO - [2025-02-01T07:53:17.580+0000] {dag.py:4180} INFO - Setting next_dagrun for read_dataset_event_from_classic to 2025-01-31 00:00:00+00:00, run_after=2025-02-01 00:00:00+00:00
[2025-02-01T07:53:17.601+0000] {processor.py:208} INFO - Processing /home/airflow/.local/lib/python3.12/site-packages/airflow/example_dags/example_inlet_event_extra.py took 1.231 seconds
[2025-02-01T07:53:47.804+0000] {processor.py:186} INFO - Started process (PID=2303) to work on /home/airflow/.local/lib/python3.12/site-packages/airflow/example_dags/example_inlet_event_extra.py
[2025-02-01T07:53:47.806+0000] {processor.py:914} INFO - Processing file /home/airflow/.local/lib/python3.12/site-packages/airflow/example_dags/example_inlet_event_extra.py for tasks to queue
[2025-02-01T07:53:47.811+0000] {logging_mixin.py:190} INFO - [2025-02-01T07:53:47.810+0000] {dagbag.py:588} INFO - Filling up the DagBag from /home/airflow/.local/lib/python3.12/site-packages/airflow/example_dags/example_inlet_event_extra.py
[2025-02-01T07:53:48.713+0000] {processor.py:925} INFO - DAG(s) 'read_dataset_event', 'read_dataset_event_from_classic' retrieved from /home/airflow/.local/lib/python3.12/site-packages/airflow/example_dags/example_inlet_event_extra.py
[2025-02-01T07:53:48.747+0000] {logging_mixin.py:190} INFO - [2025-02-01T07:53:48.747+0000] {dag.py:3239} INFO - Sync 2 DAGs
[2025-02-01T07:53:48.785+0000] {logging_mixin.py:190} INFO - [2025-02-01T07:53:48.785+0000] {dag.py:4180} INFO - Setting next_dagrun for read_dataset_event to 2025-01-31 00:00:00+00:00, run_after=2025-02-01 00:00:00+00:00
[2025-02-01T07:53:48.792+0000] {logging_mixin.py:190} INFO - [2025-02-01T07:53:48.792+0000] {dag.py:4180} INFO - Setting next_dagrun for read_dataset_event_from_classic to 2025-01-31 00:00:00+00:00, run_after=2025-02-01 00:00:00+00:00
[2025-02-01T07:53:48.818+0000] {processor.py:208} INFO - Processing /home/airflow/.local/lib/python3.12/site-packages/airflow/example_dags/example_inlet_event_extra.py took 1.027 seconds
[2025-02-01T07:54:19.777+0000] {processor.py:186} INFO - Started process (PID=2371) to work on /home/airflow/.local/lib/python3.12/site-packages/airflow/example_dags/example_inlet_event_extra.py
[2025-02-01T07:54:19.779+0000] {processor.py:914} INFO - Processing file /home/airflow/.local/lib/python3.12/site-packages/airflow/example_dags/example_inlet_event_extra.py for tasks to queue
[2025-02-01T07:54:19.784+0000] {logging_mixin.py:190} INFO - [2025-02-01T07:54:19.784+0000] {dagbag.py:588} INFO - Filling up the DagBag from /home/airflow/.local/lib/python3.12/site-packages/airflow/example_dags/example_inlet_event_extra.py
[2025-02-01T07:54:20.723+0000] {processor.py:925} INFO - DAG(s) 'read_dataset_event', 'read_dataset_event_from_classic' retrieved from /home/airflow/.local/lib/python3.12/site-packages/airflow/example_dags/example_inlet_event_extra.py
[2025-02-01T07:54:20.767+0000] {logging_mixin.py:190} INFO - [2025-02-01T07:54:20.766+0000] {dag.py:3239} INFO - Sync 2 DAGs
[2025-02-01T07:54:20.799+0000] {logging_mixin.py:190} INFO - [2025-02-01T07:54:20.799+0000] {dag.py:4180} INFO - Setting next_dagrun for read_dataset_event to 2025-01-31 00:00:00+00:00, run_after=2025-02-01 00:00:00+00:00
[2025-02-01T07:54:20.807+0000] {logging_mixin.py:190} INFO - [2025-02-01T07:54:20.807+0000] {dag.py:4180} INFO - Setting next_dagrun for read_dataset_event_from_classic to 2025-01-31 00:00:00+00:00, run_after=2025-02-01 00:00:00+00:00
[2025-02-01T07:54:20.834+0000] {processor.py:208} INFO - Processing /home/airflow/.local/lib/python3.12/site-packages/airflow/example_dags/example_inlet_event_extra.py took 1.067 seconds
[2025-02-01T07:54:51.716+0000] {processor.py:186} INFO - Started process (PID=2439) to work on /home/airflow/.local/lib/python3.12/site-packages/airflow/example_dags/example_inlet_event_extra.py
[2025-02-01T07:54:51.718+0000] {processor.py:914} INFO - Processing file /home/airflow/.local/lib/python3.12/site-packages/airflow/example_dags/example_inlet_event_extra.py for tasks to queue
[2025-02-01T07:54:51.722+0000] {logging_mixin.py:190} INFO - [2025-02-01T07:54:51.722+0000] {dagbag.py:588} INFO - Filling up the DagBag from /home/airflow/.local/lib/python3.12/site-packages/airflow/example_dags/example_inlet_event_extra.py
[2025-02-01T07:54:52.584+0000] {processor.py:925} INFO - DAG(s) 'read_dataset_event', 'read_dataset_event_from_classic' retrieved from /home/airflow/.local/lib/python3.12/site-packages/airflow/example_dags/example_inlet_event_extra.py
[2025-02-01T07:54:52.619+0000] {logging_mixin.py:190} INFO - [2025-02-01T07:54:52.618+0000] {dag.py:3239} INFO - Sync 2 DAGs
[2025-02-01T07:54:52.667+0000] {logging_mixin.py:190} INFO - [2025-02-01T07:54:52.666+0000] {dag.py:4180} INFO - Setting next_dagrun for read_dataset_event to 2025-01-31 00:00:00+00:00, run_after=2025-02-01 00:00:00+00:00
[2025-02-01T07:54:52.676+0000] {logging_mixin.py:190} INFO - [2025-02-01T07:54:52.675+0000] {dag.py:4180} INFO - Setting next_dagrun for read_dataset_event_from_classic to 2025-01-31 00:00:00+00:00, run_after=2025-02-01 00:00:00+00:00
[2025-02-01T07:54:52.710+0000] {processor.py:208} INFO - Processing /home/airflow/.local/lib/python3.12/site-packages/airflow/example_dags/example_inlet_event_extra.py took 1.008 seconds
[2025-02-01T07:55:23.309+0000] {processor.py:186} INFO - Started process (PID=2505) to work on /home/airflow/.local/lib/python3.12/site-packages/airflow/example_dags/example_inlet_event_extra.py
[2025-02-01T07:55:23.311+0000] {processor.py:914} INFO - Processing file /home/airflow/.local/lib/python3.12/site-packages/airflow/example_dags/example_inlet_event_extra.py for tasks to queue
[2025-02-01T07:55:23.316+0000] {logging_mixin.py:190} INFO - [2025-02-01T07:55:23.316+0000] {dagbag.py:588} INFO - Filling up the DagBag from /home/airflow/.local/lib/python3.12/site-packages/airflow/example_dags/example_inlet_event_extra.py
[2025-02-01T07:55:24.154+0000] {processor.py:925} INFO - DAG(s) 'read_dataset_event_from_classic', 'read_dataset_event' retrieved from /home/airflow/.local/lib/python3.12/site-packages/airflow/example_dags/example_inlet_event_extra.py
[2025-02-01T07:55:24.223+0000] {logging_mixin.py:190} INFO - [2025-02-01T07:55:24.222+0000] {dag.py:3239} INFO - Sync 2 DAGs
[2025-02-01T07:55:24.263+0000] {logging_mixin.py:190} INFO - [2025-02-01T07:55:24.262+0000] {dag.py:4180} INFO - Setting next_dagrun for read_dataset_event to 2025-01-31 00:00:00+00:00, run_after=2025-02-01 00:00:00+00:00
[2025-02-01T07:55:24.270+0000] {logging_mixin.py:190} INFO - [2025-02-01T07:55:24.270+0000] {dag.py:4180} INFO - Setting next_dagrun for read_dataset_event_from_classic to 2025-01-31 00:00:00+00:00, run_after=2025-02-01 00:00:00+00:00
[2025-02-01T07:55:24.297+0000] {processor.py:208} INFO - Processing /home/airflow/.local/lib/python3.12/site-packages/airflow/example_dags/example_inlet_event_extra.py took 1.006 seconds
[2025-02-01T07:55:54.727+0000] {processor.py:186} INFO - Started process (PID=2571) to work on /home/airflow/.local/lib/python3.12/site-packages/airflow/example_dags/example_inlet_event_extra.py
[2025-02-01T07:55:54.728+0000] {processor.py:914} INFO - Processing file /home/airflow/.local/lib/python3.12/site-packages/airflow/example_dags/example_inlet_event_extra.py for tasks to queue
[2025-02-01T07:55:54.733+0000] {logging_mixin.py:190} INFO - [2025-02-01T07:55:54.733+0000] {dagbag.py:588} INFO - Filling up the DagBag from /home/airflow/.local/lib/python3.12/site-packages/airflow/example_dags/example_inlet_event_extra.py
[2025-02-01T07:55:55.471+0000] {processor.py:925} INFO - DAG(s) 'read_dataset_event', 'read_dataset_event_from_classic' retrieved from /home/airflow/.local/lib/python3.12/site-packages/airflow/example_dags/example_inlet_event_extra.py
[2025-02-01T07:55:55.496+0000] {logging_mixin.py:190} INFO - [2025-02-01T07:55:55.495+0000] {dag.py:3239} INFO - Sync 2 DAGs
[2025-02-01T07:55:55.530+0000] {logging_mixin.py:190} INFO - [2025-02-01T07:55:55.530+0000] {dag.py:4180} INFO - Setting next_dagrun for read_dataset_event to 2025-01-31 00:00:00+00:00, run_after=2025-02-01 00:00:00+00:00
[2025-02-01T07:55:55.537+0000] {logging_mixin.py:190} INFO - [2025-02-01T07:55:55.536+0000] {dag.py:4180} INFO - Setting next_dagrun for read_dataset_event_from_classic to 2025-01-31 00:00:00+00:00, run_after=2025-02-01 00:00:00+00:00
[2025-02-01T07:55:55.561+0000] {processor.py:208} INFO - Processing /home/airflow/.local/lib/python3.12/site-packages/airflow/example_dags/example_inlet_event_extra.py took 0.845 seconds
[2025-02-01T07:56:25.653+0000] {processor.py:186} INFO - Started process (PID=2637) to work on /home/airflow/.local/lib/python3.12/site-packages/airflow/example_dags/example_inlet_event_extra.py
[2025-02-01T07:56:25.655+0000] {processor.py:914} INFO - Processing file /home/airflow/.local/lib/python3.12/site-packages/airflow/example_dags/example_inlet_event_extra.py for tasks to queue
[2025-02-01T07:56:25.660+0000] {logging_mixin.py:190} INFO - [2025-02-01T07:56:25.660+0000] {dagbag.py:588} INFO - Filling up the DagBag from /home/airflow/.local/lib/python3.12/site-packages/airflow/example_dags/example_inlet_event_extra.py
[2025-02-01T07:56:26.495+0000] {processor.py:925} INFO - DAG(s) 'read_dataset_event', 'read_dataset_event_from_classic' retrieved from /home/airflow/.local/lib/python3.12/site-packages/airflow/example_dags/example_inlet_event_extra.py
[2025-02-01T07:56:26.525+0000] {logging_mixin.py:190} INFO - [2025-02-01T07:56:26.524+0000] {dag.py:3239} INFO - Sync 2 DAGs
[2025-02-01T07:56:26.567+0000] {logging_mixin.py:190} INFO - [2025-02-01T07:56:26.566+0000] {dag.py:4180} INFO - Setting next_dagrun for read_dataset_event to 2025-01-31 00:00:00+00:00, run_after=2025-02-01 00:00:00+00:00
[2025-02-01T07:56:26.573+0000] {logging_mixin.py:190} INFO - [2025-02-01T07:56:26.573+0000] {dag.py:4180} INFO - Setting next_dagrun for read_dataset_event_from_classic to 2025-01-31 00:00:00+00:00, run_after=2025-02-01 00:00:00+00:00
[2025-02-01T07:56:26.597+0000] {processor.py:208} INFO - Processing /home/airflow/.local/lib/python3.12/site-packages/airflow/example_dags/example_inlet_event_extra.py took 0.956 seconds
[2025-02-01T07:56:56.909+0000] {processor.py:186} INFO - Started process (PID=2702) to work on /home/airflow/.local/lib/python3.12/site-packages/airflow/example_dags/example_inlet_event_extra.py
[2025-02-01T07:56:56.911+0000] {processor.py:914} INFO - Processing file /home/airflow/.local/lib/python3.12/site-packages/airflow/example_dags/example_inlet_event_extra.py for tasks to queue
[2025-02-01T07:56:56.914+0000] {logging_mixin.py:190} INFO - [2025-02-01T07:56:56.913+0000] {dagbag.py:588} INFO - Filling up the DagBag from /home/airflow/.local/lib/python3.12/site-packages/airflow/example_dags/example_inlet_event_extra.py
[2025-02-01T07:56:57.869+0000] {processor.py:925} INFO - DAG(s) 'read_dataset_event_from_classic', 'read_dataset_event' retrieved from /home/airflow/.local/lib/python3.12/site-packages/airflow/example_dags/example_inlet_event_extra.py
[2025-02-01T07:56:57.896+0000] {logging_mixin.py:190} INFO - [2025-02-01T07:56:57.896+0000] {dag.py:3239} INFO - Sync 2 DAGs
[2025-02-01T07:56:57.928+0000] {logging_mixin.py:190} INFO - [2025-02-01T07:56:57.926+0000] {dag.py:4180} INFO - Setting next_dagrun for read_dataset_event to 2025-01-31 00:00:00+00:00, run_after=2025-02-01 00:00:00+00:00
[2025-02-01T07:56:57.934+0000] {logging_mixin.py:190} INFO - [2025-02-01T07:56:57.934+0000] {dag.py:4180} INFO - Setting next_dagrun for read_dataset_event_from_classic to 2025-01-31 00:00:00+00:00, run_after=2025-02-01 00:00:00+00:00
[2025-02-01T07:56:57.957+0000] {processor.py:208} INFO - Processing /home/airflow/.local/lib/python3.12/site-packages/airflow/example_dags/example_inlet_event_extra.py took 1.058 seconds
[2025-02-01T07:57:28.416+0000] {processor.py:186} INFO - Started process (PID=2768) to work on /home/airflow/.local/lib/python3.12/site-packages/airflow/example_dags/example_inlet_event_extra.py
[2025-02-01T07:57:28.418+0000] {processor.py:914} INFO - Processing file /home/airflow/.local/lib/python3.12/site-packages/airflow/example_dags/example_inlet_event_extra.py for tasks to queue
[2025-02-01T07:57:28.421+0000] {logging_mixin.py:190} INFO - [2025-02-01T07:57:28.421+0000] {dagbag.py:588} INFO - Filling up the DagBag from /home/airflow/.local/lib/python3.12/site-packages/airflow/example_dags/example_inlet_event_extra.py
[2025-02-01T07:57:29.259+0000] {processor.py:925} INFO - DAG(s) 'read_dataset_event_from_classic', 'read_dataset_event' retrieved from /home/airflow/.local/lib/python3.12/site-packages/airflow/example_dags/example_inlet_event_extra.py
[2025-02-01T07:57:29.286+0000] {logging_mixin.py:190} INFO - [2025-02-01T07:57:29.286+0000] {dag.py:3239} INFO - Sync 2 DAGs
[2025-02-01T07:57:29.317+0000] {logging_mixin.py:190} INFO - [2025-02-01T07:57:29.317+0000] {dag.py:4180} INFO - Setting next_dagrun for read_dataset_event to 2025-01-31 00:00:00+00:00, run_after=2025-02-01 00:00:00+00:00
[2025-02-01T07:57:29.327+0000] {logging_mixin.py:190} INFO - [2025-02-01T07:57:29.326+0000] {dag.py:4180} INFO - Setting next_dagrun for read_dataset_event_from_classic to 2025-01-31 00:00:00+00:00, run_after=2025-02-01 00:00:00+00:00
[2025-02-01T07:57:29.359+0000] {processor.py:208} INFO - Processing /home/airflow/.local/lib/python3.12/site-packages/airflow/example_dags/example_inlet_event_extra.py took 0.955 seconds
[2025-02-01T07:57:59.946+0000] {processor.py:186} INFO - Started process (PID=2834) to work on /home/airflow/.local/lib/python3.12/site-packages/airflow/example_dags/example_inlet_event_extra.py
[2025-02-01T07:57:59.947+0000] {processor.py:914} INFO - Processing file /home/airflow/.local/lib/python3.12/site-packages/airflow/example_dags/example_inlet_event_extra.py for tasks to queue
[2025-02-01T07:57:59.950+0000] {logging_mixin.py:190} INFO - [2025-02-01T07:57:59.950+0000] {dagbag.py:588} INFO - Filling up the DagBag from /home/airflow/.local/lib/python3.12/site-packages/airflow/example_dags/example_inlet_event_extra.py
[2025-02-01T07:58:00.758+0000] {processor.py:925} INFO - DAG(s) 'read_dataset_event', 'read_dataset_event_from_classic' retrieved from /home/airflow/.local/lib/python3.12/site-packages/airflow/example_dags/example_inlet_event_extra.py
[2025-02-01T07:58:00.785+0000] {logging_mixin.py:190} INFO - [2025-02-01T07:58:00.785+0000] {dag.py:3239} INFO - Sync 2 DAGs
[2025-02-01T07:58:00.819+0000] {logging_mixin.py:190} INFO - [2025-02-01T07:58:00.819+0000] {dag.py:4180} INFO - Setting next_dagrun for read_dataset_event to 2025-01-31 00:00:00+00:00, run_after=2025-02-01 00:00:00+00:00
[2025-02-01T07:58:00.825+0000] {logging_mixin.py:190} INFO - [2025-02-01T07:58:00.825+0000] {dag.py:4180} INFO - Setting next_dagrun for read_dataset_event_from_classic to 2025-01-31 00:00:00+00:00, run_after=2025-02-01 00:00:00+00:00
[2025-02-01T07:58:00.852+0000] {processor.py:208} INFO - Processing /home/airflow/.local/lib/python3.12/site-packages/airflow/example_dags/example_inlet_event_extra.py took 0.916 seconds
[2025-02-01T07:58:31.213+0000] {processor.py:186} INFO - Started process (PID=2900) to work on /home/airflow/.local/lib/python3.12/site-packages/airflow/example_dags/example_inlet_event_extra.py
[2025-02-01T07:58:31.215+0000] {processor.py:914} INFO - Processing file /home/airflow/.local/lib/python3.12/site-packages/airflow/example_dags/example_inlet_event_extra.py for tasks to queue
[2025-02-01T07:58:31.222+0000] {logging_mixin.py:190} INFO - [2025-02-01T07:58:31.221+0000] {dagbag.py:588} INFO - Filling up the DagBag from /home/airflow/.local/lib/python3.12/site-packages/airflow/example_dags/example_inlet_event_extra.py
[2025-02-01T07:58:32.027+0000] {processor.py:925} INFO - DAG(s) 'read_dataset_event_from_classic', 'read_dataset_event' retrieved from /home/airflow/.local/lib/python3.12/site-packages/airflow/example_dags/example_inlet_event_extra.py
[2025-02-01T07:58:32.053+0000] {logging_mixin.py:190} INFO - [2025-02-01T07:58:32.053+0000] {dag.py:3239} INFO - Sync 2 DAGs
[2025-02-01T07:58:32.103+0000] {logging_mixin.py:190} INFO - [2025-02-01T07:58:32.103+0000] {dag.py:4180} INFO - Setting next_dagrun for read_dataset_event to 2025-01-31 00:00:00+00:00, run_after=2025-02-01 00:00:00+00:00
[2025-02-01T07:58:32.111+0000] {logging_mixin.py:190} INFO - [2025-02-01T07:58:32.111+0000] {dag.py:4180} INFO - Setting next_dagrun for read_dataset_event_from_classic to 2025-01-31 00:00:00+00:00, run_after=2025-02-01 00:00:00+00:00
[2025-02-01T07:58:32.132+0000] {processor.py:208} INFO - Processing /home/airflow/.local/lib/python3.12/site-packages/airflow/example_dags/example_inlet_event_extra.py took 0.936 seconds
[2025-02-01T07:59:02.258+0000] {processor.py:186} INFO - Started process (PID=2966) to work on /home/airflow/.local/lib/python3.12/site-packages/airflow/example_dags/example_inlet_event_extra.py
[2025-02-01T07:59:02.260+0000] {processor.py:914} INFO - Processing file /home/airflow/.local/lib/python3.12/site-packages/airflow/example_dags/example_inlet_event_extra.py for tasks to queue
[2025-02-01T07:59:02.264+0000] {logging_mixin.py:190} INFO - [2025-02-01T07:59:02.264+0000] {dagbag.py:588} INFO - Filling up the DagBag from /home/airflow/.local/lib/python3.12/site-packages/airflow/example_dags/example_inlet_event_extra.py
[2025-02-01T07:59:03.040+0000] {processor.py:925} INFO - DAG(s) 'read_dataset_event', 'read_dataset_event_from_classic' retrieved from /home/airflow/.local/lib/python3.12/site-packages/airflow/example_dags/example_inlet_event_extra.py
[2025-02-01T07:59:03.069+0000] {logging_mixin.py:190} INFO - [2025-02-01T07:59:03.068+0000] {dag.py:3239} INFO - Sync 2 DAGs
[2025-02-01T07:59:03.105+0000] {logging_mixin.py:190} INFO - [2025-02-01T07:59:03.105+0000] {dag.py:4180} INFO - Setting next_dagrun for read_dataset_event to 2025-01-31 00:00:00+00:00, run_after=2025-02-01 00:00:00+00:00
[2025-02-01T07:59:03.114+0000] {logging_mixin.py:190} INFO - [2025-02-01T07:59:03.114+0000] {dag.py:4180} INFO - Setting next_dagrun for read_dataset_event_from_classic to 2025-01-31 00:00:00+00:00, run_after=2025-02-01 00:00:00+00:00
[2025-02-01T07:59:03.140+0000] {processor.py:208} INFO - Processing /home/airflow/.local/lib/python3.12/site-packages/airflow/example_dags/example_inlet_event_extra.py took 0.895 seconds
[2025-02-01T07:59:33.856+0000] {processor.py:186} INFO - Started process (PID=3032) to work on /home/airflow/.local/lib/python3.12/site-packages/airflow/example_dags/example_inlet_event_extra.py
[2025-02-01T07:59:33.858+0000] {processor.py:914} INFO - Processing file /home/airflow/.local/lib/python3.12/site-packages/airflow/example_dags/example_inlet_event_extra.py for tasks to queue
[2025-02-01T07:59:33.862+0000] {logging_mixin.py:190} INFO - [2025-02-01T07:59:33.862+0000] {dagbag.py:588} INFO - Filling up the DagBag from /home/airflow/.local/lib/python3.12/site-packages/airflow/example_dags/example_inlet_event_extra.py
[2025-02-01T07:59:34.644+0000] {processor.py:925} INFO - DAG(s) 'read_dataset_event', 'read_dataset_event_from_classic' retrieved from /home/airflow/.local/lib/python3.12/site-packages/airflow/example_dags/example_inlet_event_extra.py
[2025-02-01T07:59:34.668+0000] {logging_mixin.py:190} INFO - [2025-02-01T07:59:34.667+0000] {dag.py:3239} INFO - Sync 2 DAGs
[2025-02-01T07:59:34.705+0000] {logging_mixin.py:190} INFO - [2025-02-01T07:59:34.705+0000] {dag.py:4180} INFO - Setting next_dagrun for read_dataset_event to 2025-01-31 00:00:00+00:00, run_after=2025-02-01 00:00:00+00:00
[2025-02-01T07:59:34.712+0000] {logging_mixin.py:190} INFO - [2025-02-01T07:59:34.711+0000] {dag.py:4180} INFO - Setting next_dagrun for read_dataset_event_from_classic to 2025-01-31 00:00:00+00:00, run_after=2025-02-01 00:00:00+00:00
[2025-02-01T07:59:34.732+0000] {processor.py:208} INFO - Processing /home/airflow/.local/lib/python3.12/site-packages/airflow/example_dags/example_inlet_event_extra.py took 0.885 seconds
[2025-02-01T08:00:05.385+0000] {processor.py:186} INFO - Started process (PID=3099) to work on /home/airflow/.local/lib/python3.12/site-packages/airflow/example_dags/example_inlet_event_extra.py
[2025-02-01T08:00:05.387+0000] {processor.py:914} INFO - Processing file /home/airflow/.local/lib/python3.12/site-packages/airflow/example_dags/example_inlet_event_extra.py for tasks to queue
[2025-02-01T08:00:05.389+0000] {logging_mixin.py:190} INFO - [2025-02-01T08:00:05.389+0000] {dagbag.py:588} INFO - Filling up the DagBag from /home/airflow/.local/lib/python3.12/site-packages/airflow/example_dags/example_inlet_event_extra.py
[2025-02-01T08:00:06.014+0000] {processor.py:925} INFO - DAG(s) 'read_dataset_event', 'read_dataset_event_from_classic' retrieved from /home/airflow/.local/lib/python3.12/site-packages/airflow/example_dags/example_inlet_event_extra.py
[2025-02-01T08:00:06.046+0000] {logging_mixin.py:190} INFO - [2025-02-01T08:00:06.046+0000] {dag.py:3239} INFO - Sync 2 DAGs
[2025-02-01T08:00:06.089+0000] {logging_mixin.py:190} INFO - [2025-02-01T08:00:06.088+0000] {dag.py:4180} INFO - Setting next_dagrun for read_dataset_event to 2025-01-31 00:00:00+00:00, run_after=2025-02-01 00:00:00+00:00
[2025-02-01T08:00:06.099+0000] {logging_mixin.py:190} INFO - [2025-02-01T08:00:06.098+0000] {dag.py:4180} INFO - Setting next_dagrun for read_dataset_event_from_classic to 2025-01-31 00:00:00+00:00, run_after=2025-02-01 00:00:00+00:00
[2025-02-01T08:00:06.130+0000] {processor.py:208} INFO - Processing /home/airflow/.local/lib/python3.12/site-packages/airflow/example_dags/example_inlet_event_extra.py took 0.754 seconds
[2025-02-01T08:00:36.268+0000] {processor.py:186} INFO - Started process (PID=3165) to work on /home/airflow/.local/lib/python3.12/site-packages/airflow/example_dags/example_inlet_event_extra.py
[2025-02-01T08:00:36.271+0000] {processor.py:914} INFO - Processing file /home/airflow/.local/lib/python3.12/site-packages/airflow/example_dags/example_inlet_event_extra.py for tasks to queue
[2025-02-01T08:00:36.276+0000] {logging_mixin.py:190} INFO - [2025-02-01T08:00:36.275+0000] {dagbag.py:588} INFO - Filling up the DagBag from /home/airflow/.local/lib/python3.12/site-packages/airflow/example_dags/example_inlet_event_extra.py
[2025-02-01T08:00:36.974+0000] {processor.py:925} INFO - DAG(s) 'read_dataset_event_from_classic', 'read_dataset_event' retrieved from /home/airflow/.local/lib/python3.12/site-packages/airflow/example_dags/example_inlet_event_extra.py
[2025-02-01T08:00:37.007+0000] {logging_mixin.py:190} INFO - [2025-02-01T08:00:37.006+0000] {dag.py:3239} INFO - Sync 2 DAGs
[2025-02-01T08:00:37.047+0000] {logging_mixin.py:190} INFO - [2025-02-01T08:00:37.047+0000] {dag.py:4180} INFO - Setting next_dagrun for read_dataset_event to 2025-01-31 00:00:00+00:00, run_after=2025-02-01 00:00:00+00:00
[2025-02-01T08:00:37.055+0000] {logging_mixin.py:190} INFO - [2025-02-01T08:00:37.055+0000] {dag.py:4180} INFO - Setting next_dagrun for read_dataset_event_from_classic to 2025-01-31 00:00:00+00:00, run_after=2025-02-01 00:00:00+00:00
[2025-02-01T08:00:37.086+0000] {processor.py:208} INFO - Processing /home/airflow/.local/lib/python3.12/site-packages/airflow/example_dags/example_inlet_event_extra.py took 0.835 seconds
[2025-02-01T08:01:07.286+0000] {processor.py:186} INFO - Started process (PID=3238) to work on /home/airflow/.local/lib/python3.12/site-packages/airflow/example_dags/example_inlet_event_extra.py
[2025-02-01T08:01:07.287+0000] {processor.py:914} INFO - Processing file /home/airflow/.local/lib/python3.12/site-packages/airflow/example_dags/example_inlet_event_extra.py for tasks to queue
[2025-02-01T08:01:07.291+0000] {logging_mixin.py:190} INFO - [2025-02-01T08:01:07.291+0000] {dagbag.py:588} INFO - Filling up the DagBag from /home/airflow/.local/lib/python3.12/site-packages/airflow/example_dags/example_inlet_event_extra.py
[2025-02-01T08:01:08.138+0000] {processor.py:925} INFO - DAG(s) 'read_dataset_event_from_classic', 'read_dataset_event' retrieved from /home/airflow/.local/lib/python3.12/site-packages/airflow/example_dags/example_inlet_event_extra.py
[2025-02-01T08:01:08.182+0000] {logging_mixin.py:190} INFO - [2025-02-01T08:01:08.182+0000] {dag.py:3239} INFO - Sync 2 DAGs
[2025-02-01T08:01:08.222+0000] {logging_mixin.py:190} INFO - [2025-02-01T08:01:08.222+0000] {dag.py:4180} INFO - Setting next_dagrun for read_dataset_event to 2025-01-31 00:00:00+00:00, run_after=2025-02-01 00:00:00+00:00
[2025-02-01T08:01:08.228+0000] {logging_mixin.py:190} INFO - [2025-02-01T08:01:08.228+0000] {dag.py:4180} INFO - Setting next_dagrun for read_dataset_event_from_classic to 2025-01-31 00:00:00+00:00, run_after=2025-02-01 00:00:00+00:00
[2025-02-01T08:01:08.254+0000] {processor.py:208} INFO - Processing /home/airflow/.local/lib/python3.12/site-packages/airflow/example_dags/example_inlet_event_extra.py took 0.980 seconds
[2025-02-01T08:01:39.018+0000] {processor.py:186} INFO - Started process (PID=3306) to work on /home/airflow/.local/lib/python3.12/site-packages/airflow/example_dags/example_inlet_event_extra.py
[2025-02-01T08:01:39.019+0000] {processor.py:914} INFO - Processing file /home/airflow/.local/lib/python3.12/site-packages/airflow/example_dags/example_inlet_event_extra.py for tasks to queue
[2025-02-01T08:01:39.022+0000] {logging_mixin.py:190} INFO - [2025-02-01T08:01:39.022+0000] {dagbag.py:588} INFO - Filling up the DagBag from /home/airflow/.local/lib/python3.12/site-packages/airflow/example_dags/example_inlet_event_extra.py
[2025-02-01T08:01:39.637+0000] {processor.py:925} INFO - DAG(s) 'read_dataset_event_from_classic', 'read_dataset_event' retrieved from /home/airflow/.local/lib/python3.12/site-packages/airflow/example_dags/example_inlet_event_extra.py
[2025-02-01T08:01:39.668+0000] {logging_mixin.py:190} INFO - [2025-02-01T08:01:39.667+0000] {dag.py:3239} INFO - Sync 2 DAGs
[2025-02-01T08:01:39.704+0000] {logging_mixin.py:190} INFO - [2025-02-01T08:01:39.704+0000] {dag.py:4180} INFO - Setting next_dagrun for read_dataset_event to 2025-01-31 00:00:00+00:00, run_after=2025-02-01 00:00:00+00:00
[2025-02-01T08:01:39.711+0000] {logging_mixin.py:190} INFO - [2025-02-01T08:01:39.711+0000] {dag.py:4180} INFO - Setting next_dagrun for read_dataset_event_from_classic to 2025-01-31 00:00:00+00:00, run_after=2025-02-01 00:00:00+00:00
[2025-02-01T08:01:39.737+0000] {processor.py:208} INFO - Processing /home/airflow/.local/lib/python3.12/site-packages/airflow/example_dags/example_inlet_event_extra.py took 0.729 seconds
