[2025-02-01T07:36:58.008+0000] {processor.py:186} INFO - Started process (PID=145) to work on /home/airflow/.local/lib/python3.12/site-packages/airflow/example_dags/example_branch_python_dop_operator_3.py
[2025-02-01T07:36:58.009+0000] {processor.py:914} INFO - Processing file /home/airflow/.local/lib/python3.12/site-packages/airflow/example_dags/example_branch_python_dop_operator_3.py for tasks to queue
[2025-02-01T07:36:58.012+0000] {logging_mixin.py:190} INFO - [2025-02-01T07:36:58.011+0000] {dagbag.py:588} INFO - Filling up the DagBag from /home/airflow/.local/lib/python3.12/site-packages/airflow/example_dags/example_branch_python_dop_operator_3.py
[2025-02-01T07:36:58.033+0000] {processor.py:925} INFO - DAG(s) 'example_branch_dop_operator_v3' retrieved from /home/airflow/.local/lib/python3.12/site-packages/airflow/example_dags/example_branch_python_dop_operator_3.py
[2025-02-01T07:36:58.056+0000] {logging_mixin.py:190} INFO - [2025-02-01T07:36:58.056+0000] {dag.py:3239} INFO - Sync 1 DAGs
[2025-02-01T07:36:58.093+0000] {logging_mixin.py:190} INFO - [2025-02-01T07:36:58.093+0000] {dag.py:4180} INFO - Setting next_dagrun for example_branch_dop_operator_v3 to 2025-02-01 07:35:00+00:00, run_after=2025-02-01 07:36:00+00:00
[2025-02-01T07:36:58.125+0000] {processor.py:208} INFO - Processing /home/airflow/.local/lib/python3.12/site-packages/airflow/example_dags/example_branch_python_dop_operator_3.py took 0.128 seconds
[2025-02-01T07:37:29.010+0000] {processor.py:186} INFO - Started process (PID=215) to work on /home/airflow/.local/lib/python3.12/site-packages/airflow/example_dags/example_branch_python_dop_operator_3.py
[2025-02-01T07:37:29.018+0000] {processor.py:914} INFO - Processing file /home/airflow/.local/lib/python3.12/site-packages/airflow/example_dags/example_branch_python_dop_operator_3.py for tasks to queue
[2025-02-01T07:37:29.023+0000] {logging_mixin.py:190} INFO - [2025-02-01T07:37:29.022+0000] {dagbag.py:588} INFO - Filling up the DagBag from /home/airflow/.local/lib/python3.12/site-packages/airflow/example_dags/example_branch_python_dop_operator_3.py
[2025-02-01T07:37:29.044+0000] {processor.py:925} INFO - DAG(s) 'example_branch_dop_operator_v3' retrieved from /home/airflow/.local/lib/python3.12/site-packages/airflow/example_dags/example_branch_python_dop_operator_3.py
[2025-02-01T07:37:29.107+0000] {logging_mixin.py:190} INFO - [2025-02-01T07:37:29.107+0000] {dag.py:3239} INFO - Sync 1 DAGs
[2025-02-01T07:37:29.168+0000] {logging_mixin.py:190} INFO - [2025-02-01T07:37:29.168+0000] {dag.py:4180} INFO - Setting next_dagrun for example_branch_dop_operator_v3 to 2025-02-01 07:36:00+00:00, run_after=2025-02-01 07:37:00+00:00
[2025-02-01T07:37:29.221+0000] {processor.py:208} INFO - Processing /home/airflow/.local/lib/python3.12/site-packages/airflow/example_dags/example_branch_python_dop_operator_3.py took 0.254 seconds
[2025-02-01T07:37:59.707+0000] {processor.py:186} INFO - Started process (PID=281) to work on /home/airflow/.local/lib/python3.12/site-packages/airflow/example_dags/example_branch_python_dop_operator_3.py
[2025-02-01T07:37:59.709+0000] {processor.py:914} INFO - Processing file /home/airflow/.local/lib/python3.12/site-packages/airflow/example_dags/example_branch_python_dop_operator_3.py for tasks to queue
[2025-02-01T07:37:59.712+0000] {logging_mixin.py:190} INFO - [2025-02-01T07:37:59.712+0000] {dagbag.py:588} INFO - Filling up the DagBag from /home/airflow/.local/lib/python3.12/site-packages/airflow/example_dags/example_branch_python_dop_operator_3.py
[2025-02-01T07:37:59.726+0000] {processor.py:925} INFO - DAG(s) 'example_branch_dop_operator_v3' retrieved from /home/airflow/.local/lib/python3.12/site-packages/airflow/example_dags/example_branch_python_dop_operator_3.py
[2025-02-01T07:37:59.751+0000] {logging_mixin.py:190} INFO - [2025-02-01T07:37:59.751+0000] {dag.py:3239} INFO - Sync 1 DAGs
[2025-02-01T07:37:59.793+0000] {logging_mixin.py:190} INFO - [2025-02-01T07:37:59.793+0000] {dag.py:4180} INFO - Setting next_dagrun for example_branch_dop_operator_v3 to 2025-02-01 07:36:00+00:00, run_after=2025-02-01 07:37:00+00:00
[2025-02-01T07:37:59.832+0000] {processor.py:208} INFO - Processing /home/airflow/.local/lib/python3.12/site-packages/airflow/example_dags/example_branch_python_dop_operator_3.py took 0.134 seconds
[2025-02-01T07:38:30.371+0000] {processor.py:186} INFO - Started process (PID=347) to work on /home/airflow/.local/lib/python3.12/site-packages/airflow/example_dags/example_branch_python_dop_operator_3.py
[2025-02-01T07:38:30.372+0000] {processor.py:914} INFO - Processing file /home/airflow/.local/lib/python3.12/site-packages/airflow/example_dags/example_branch_python_dop_operator_3.py for tasks to queue
[2025-02-01T07:38:30.375+0000] {logging_mixin.py:190} INFO - [2025-02-01T07:38:30.375+0000] {dagbag.py:588} INFO - Filling up the DagBag from /home/airflow/.local/lib/python3.12/site-packages/airflow/example_dags/example_branch_python_dop_operator_3.py
[2025-02-01T07:38:30.390+0000] {processor.py:925} INFO - DAG(s) 'example_branch_dop_operator_v3' retrieved from /home/airflow/.local/lib/python3.12/site-packages/airflow/example_dags/example_branch_python_dop_operator_3.py
[2025-02-01T07:38:30.412+0000] {logging_mixin.py:190} INFO - [2025-02-01T07:38:30.412+0000] {dag.py:3239} INFO - Sync 1 DAGs
[2025-02-01T07:38:30.443+0000] {logging_mixin.py:190} INFO - [2025-02-01T07:38:30.443+0000] {dag.py:4180} INFO - Setting next_dagrun for example_branch_dop_operator_v3 to 2025-02-01 07:37:00+00:00, run_after=2025-02-01 07:38:00+00:00
[2025-02-01T07:38:30.492+0000] {processor.py:208} INFO - Processing /home/airflow/.local/lib/python3.12/site-packages/airflow/example_dags/example_branch_python_dop_operator_3.py took 0.130 seconds
[2025-02-01T07:39:02.406+0000] {processor.py:186} INFO - Started process (PID=413) to work on /home/airflow/.local/lib/python3.12/site-packages/airflow/example_dags/example_branch_python_dop_operator_3.py
[2025-02-01T07:39:02.408+0000] {processor.py:914} INFO - Processing file /home/airflow/.local/lib/python3.12/site-packages/airflow/example_dags/example_branch_python_dop_operator_3.py for tasks to queue
[2025-02-01T07:39:02.411+0000] {logging_mixin.py:190} INFO - [2025-02-01T07:39:02.411+0000] {dagbag.py:588} INFO - Filling up the DagBag from /home/airflow/.local/lib/python3.12/site-packages/airflow/example_dags/example_branch_python_dop_operator_3.py
[2025-02-01T07:39:02.428+0000] {processor.py:925} INFO - DAG(s) 'example_branch_dop_operator_v3' retrieved from /home/airflow/.local/lib/python3.12/site-packages/airflow/example_dags/example_branch_python_dop_operator_3.py
[2025-02-01T07:39:02.493+0000] {logging_mixin.py:190} INFO - [2025-02-01T07:39:02.492+0000] {dag.py:3239} INFO - Sync 1 DAGs
[2025-02-01T07:39:02.532+0000] {logging_mixin.py:190} INFO - [2025-02-01T07:39:02.532+0000] {dag.py:4180} INFO - Setting next_dagrun for example_branch_dop_operator_v3 to 2025-02-01 07:38:00+00:00, run_after=2025-02-01 07:39:00+00:00
[2025-02-01T07:39:02.560+0000] {processor.py:208} INFO - Processing /home/airflow/.local/lib/python3.12/site-packages/airflow/example_dags/example_branch_python_dop_operator_3.py took 0.169 seconds
[2025-02-01T07:39:34.778+0000] {processor.py:186} INFO - Started process (PID=485) to work on /home/airflow/.local/lib/python3.12/site-packages/airflow/example_dags/example_branch_python_dop_operator_3.py
[2025-02-01T07:39:34.779+0000] {processor.py:914} INFO - Processing file /home/airflow/.local/lib/python3.12/site-packages/airflow/example_dags/example_branch_python_dop_operator_3.py for tasks to queue
[2025-02-01T07:39:34.783+0000] {logging_mixin.py:190} INFO - [2025-02-01T07:39:34.782+0000] {dagbag.py:588} INFO - Filling up the DagBag from /home/airflow/.local/lib/python3.12/site-packages/airflow/example_dags/example_branch_python_dop_operator_3.py
[2025-02-01T07:39:34.795+0000] {processor.py:925} INFO - DAG(s) 'example_branch_dop_operator_v3' retrieved from /home/airflow/.local/lib/python3.12/site-packages/airflow/example_dags/example_branch_python_dop_operator_3.py
[2025-02-01T07:39:34.821+0000] {logging_mixin.py:190} INFO - [2025-02-01T07:39:34.820+0000] {dag.py:3239} INFO - Sync 1 DAGs
[2025-02-01T07:39:34.858+0000] {logging_mixin.py:190} INFO - [2025-02-01T07:39:34.858+0000] {dag.py:4180} INFO - Setting next_dagrun for example_branch_dop_operator_v3 to 2025-02-01 07:38:00+00:00, run_after=2025-02-01 07:39:00+00:00
[2025-02-01T07:39:34.884+0000] {processor.py:208} INFO - Processing /home/airflow/.local/lib/python3.12/site-packages/airflow/example_dags/example_branch_python_dop_operator_3.py took 0.115 seconds
[2025-02-01T07:40:05.796+0000] {processor.py:186} INFO - Started process (PID=551) to work on /home/airflow/.local/lib/python3.12/site-packages/airflow/example_dags/example_branch_python_dop_operator_3.py
[2025-02-01T07:40:05.798+0000] {processor.py:914} INFO - Processing file /home/airflow/.local/lib/python3.12/site-packages/airflow/example_dags/example_branch_python_dop_operator_3.py for tasks to queue
[2025-02-01T07:40:05.802+0000] {logging_mixin.py:190} INFO - [2025-02-01T07:40:05.802+0000] {dagbag.py:588} INFO - Filling up the DagBag from /home/airflow/.local/lib/python3.12/site-packages/airflow/example_dags/example_branch_python_dop_operator_3.py
[2025-02-01T07:40:05.817+0000] {processor.py:925} INFO - DAG(s) 'example_branch_dop_operator_v3' retrieved from /home/airflow/.local/lib/python3.12/site-packages/airflow/example_dags/example_branch_python_dop_operator_3.py
[2025-02-01T07:40:05.839+0000] {logging_mixin.py:190} INFO - [2025-02-01T07:40:05.839+0000] {dag.py:3239} INFO - Sync 1 DAGs
[2025-02-01T07:40:05.878+0000] {logging_mixin.py:190} INFO - [2025-02-01T07:40:05.878+0000] {dag.py:4180} INFO - Setting next_dagrun for example_branch_dop_operator_v3 to 2025-02-01 07:39:00+00:00, run_after=2025-02-01 07:40:00+00:00
[2025-02-01T07:40:05.925+0000] {processor.py:208} INFO - Processing /home/airflow/.local/lib/python3.12/site-packages/airflow/example_dags/example_branch_python_dop_operator_3.py took 0.140 seconds
[2025-02-01T07:40:36.151+0000] {processor.py:186} INFO - Started process (PID=617) to work on /home/airflow/.local/lib/python3.12/site-packages/airflow/example_dags/example_branch_python_dop_operator_3.py
[2025-02-01T07:40:36.152+0000] {processor.py:914} INFO - Processing file /home/airflow/.local/lib/python3.12/site-packages/airflow/example_dags/example_branch_python_dop_operator_3.py for tasks to queue
[2025-02-01T07:40:36.155+0000] {logging_mixin.py:190} INFO - [2025-02-01T07:40:36.155+0000] {dagbag.py:588} INFO - Filling up the DagBag from /home/airflow/.local/lib/python3.12/site-packages/airflow/example_dags/example_branch_python_dop_operator_3.py
[2025-02-01T07:40:36.169+0000] {processor.py:925} INFO - DAG(s) 'example_branch_dop_operator_v3' retrieved from /home/airflow/.local/lib/python3.12/site-packages/airflow/example_dags/example_branch_python_dop_operator_3.py
[2025-02-01T07:40:36.196+0000] {logging_mixin.py:190} INFO - [2025-02-01T07:40:36.196+0000] {dag.py:3239} INFO - Sync 1 DAGs
[2025-02-01T07:40:36.234+0000] {logging_mixin.py:190} INFO - [2025-02-01T07:40:36.234+0000] {dag.py:4180} INFO - Setting next_dagrun for example_branch_dop_operator_v3 to 2025-02-01 07:39:00+00:00, run_after=2025-02-01 07:40:00+00:00
[2025-02-01T07:40:36.262+0000] {processor.py:208} INFO - Processing /home/airflow/.local/lib/python3.12/site-packages/airflow/example_dags/example_branch_python_dop_operator_3.py took 0.120 seconds
[2025-02-01T07:41:07.281+0000] {processor.py:186} INFO - Started process (PID=682) to work on /home/airflow/.local/lib/python3.12/site-packages/airflow/example_dags/example_branch_python_dop_operator_3.py
[2025-02-01T07:41:07.282+0000] {processor.py:914} INFO - Processing file /home/airflow/.local/lib/python3.12/site-packages/airflow/example_dags/example_branch_python_dop_operator_3.py for tasks to queue
[2025-02-01T07:41:07.285+0000] {logging_mixin.py:190} INFO - [2025-02-01T07:41:07.285+0000] {dagbag.py:588} INFO - Filling up the DagBag from /home/airflow/.local/lib/python3.12/site-packages/airflow/example_dags/example_branch_python_dop_operator_3.py
[2025-02-01T07:41:07.298+0000] {processor.py:925} INFO - DAG(s) 'example_branch_dop_operator_v3' retrieved from /home/airflow/.local/lib/python3.12/site-packages/airflow/example_dags/example_branch_python_dop_operator_3.py
[2025-02-01T07:41:07.326+0000] {logging_mixin.py:190} INFO - [2025-02-01T07:41:07.326+0000] {dag.py:3239} INFO - Sync 1 DAGs
[2025-02-01T07:41:07.365+0000] {logging_mixin.py:190} INFO - [2025-02-01T07:41:07.364+0000] {dag.py:4180} INFO - Setting next_dagrun for example_branch_dop_operator_v3 to 2025-02-01 07:40:00+00:00, run_after=2025-02-01 07:41:00+00:00
[2025-02-01T07:41:07.395+0000] {processor.py:208} INFO - Processing /home/airflow/.local/lib/python3.12/site-packages/airflow/example_dags/example_branch_python_dop_operator_3.py took 0.125 seconds
[2025-02-01T07:41:39.020+0000] {processor.py:186} INFO - Started process (PID=748) to work on /home/airflow/.local/lib/python3.12/site-packages/airflow/example_dags/example_branch_python_dop_operator_3.py
[2025-02-01T07:41:39.022+0000] {processor.py:914} INFO - Processing file /home/airflow/.local/lib/python3.12/site-packages/airflow/example_dags/example_branch_python_dop_operator_3.py for tasks to queue
[2025-02-01T07:41:39.025+0000] {logging_mixin.py:190} INFO - [2025-02-01T07:41:39.025+0000] {dagbag.py:588} INFO - Filling up the DagBag from /home/airflow/.local/lib/python3.12/site-packages/airflow/example_dags/example_branch_python_dop_operator_3.py
[2025-02-01T07:41:39.041+0000] {processor.py:925} INFO - DAG(s) 'example_branch_dop_operator_v3' retrieved from /home/airflow/.local/lib/python3.12/site-packages/airflow/example_dags/example_branch_python_dop_operator_3.py
[2025-02-01T07:41:39.068+0000] {logging_mixin.py:190} INFO - [2025-02-01T07:41:39.067+0000] {dag.py:3239} INFO - Sync 1 DAGs
[2025-02-01T07:41:39.105+0000] {logging_mixin.py:190} INFO - [2025-02-01T07:41:39.104+0000] {dag.py:4180} INFO - Setting next_dagrun for example_branch_dop_operator_v3 to 2025-02-01 07:40:00+00:00, run_after=2025-02-01 07:41:00+00:00
[2025-02-01T07:41:39.139+0000] {processor.py:208} INFO - Processing /home/airflow/.local/lib/python3.12/site-packages/airflow/example_dags/example_branch_python_dop_operator_3.py took 0.131 seconds
[2025-02-01T07:42:10.624+0000] {processor.py:186} INFO - Started process (PID=814) to work on /home/airflow/.local/lib/python3.12/site-packages/airflow/example_dags/example_branch_python_dop_operator_3.py
[2025-02-01T07:42:10.626+0000] {processor.py:914} INFO - Processing file /home/airflow/.local/lib/python3.12/site-packages/airflow/example_dags/example_branch_python_dop_operator_3.py for tasks to queue
[2025-02-01T07:42:10.628+0000] {logging_mixin.py:190} INFO - [2025-02-01T07:42:10.628+0000] {dagbag.py:588} INFO - Filling up the DagBag from /home/airflow/.local/lib/python3.12/site-packages/airflow/example_dags/example_branch_python_dop_operator_3.py
[2025-02-01T07:42:10.642+0000] {processor.py:925} INFO - DAG(s) 'example_branch_dop_operator_v3' retrieved from /home/airflow/.local/lib/python3.12/site-packages/airflow/example_dags/example_branch_python_dop_operator_3.py
[2025-02-01T07:42:10.667+0000] {logging_mixin.py:190} INFO - [2025-02-01T07:42:10.666+0000] {dag.py:3239} INFO - Sync 1 DAGs
[2025-02-01T07:42:10.702+0000] {logging_mixin.py:190} INFO - [2025-02-01T07:42:10.701+0000] {dag.py:4180} INFO - Setting next_dagrun for example_branch_dop_operator_v3 to 2025-02-01 07:41:00+00:00, run_after=2025-02-01 07:42:00+00:00
[2025-02-01T07:42:10.724+0000] {processor.py:208} INFO - Processing /home/airflow/.local/lib/python3.12/site-packages/airflow/example_dags/example_branch_python_dop_operator_3.py took 0.109 seconds
[2025-02-01T07:42:42.238+0000] {processor.py:186} INFO - Started process (PID=880) to work on /home/airflow/.local/lib/python3.12/site-packages/airflow/example_dags/example_branch_python_dop_operator_3.py
[2025-02-01T07:42:42.240+0000] {processor.py:914} INFO - Processing file /home/airflow/.local/lib/python3.12/site-packages/airflow/example_dags/example_branch_python_dop_operator_3.py for tasks to queue
[2025-02-01T07:42:42.244+0000] {logging_mixin.py:190} INFO - [2025-02-01T07:42:42.244+0000] {dagbag.py:588} INFO - Filling up the DagBag from /home/airflow/.local/lib/python3.12/site-packages/airflow/example_dags/example_branch_python_dop_operator_3.py
[2025-02-01T07:42:42.259+0000] {processor.py:925} INFO - DAG(s) 'example_branch_dop_operator_v3' retrieved from /home/airflow/.local/lib/python3.12/site-packages/airflow/example_dags/example_branch_python_dop_operator_3.py
[2025-02-01T07:42:42.286+0000] {logging_mixin.py:190} INFO - [2025-02-01T07:42:42.286+0000] {dag.py:3239} INFO - Sync 1 DAGs
[2025-02-01T07:42:42.326+0000] {logging_mixin.py:190} INFO - [2025-02-01T07:42:42.325+0000] {dag.py:4180} INFO - Setting next_dagrun for example_branch_dop_operator_v3 to 2025-02-01 07:41:00+00:00, run_after=2025-02-01 07:42:00+00:00
[2025-02-01T07:42:42.352+0000] {processor.py:208} INFO - Processing /home/airflow/.local/lib/python3.12/site-packages/airflow/example_dags/example_branch_python_dop_operator_3.py took 0.123 seconds
[2025-02-01T07:43:13.365+0000] {processor.py:186} INFO - Started process (PID=946) to work on /home/airflow/.local/lib/python3.12/site-packages/airflow/example_dags/example_branch_python_dop_operator_3.py
[2025-02-01T07:43:13.366+0000] {processor.py:914} INFO - Processing file /home/airflow/.local/lib/python3.12/site-packages/airflow/example_dags/example_branch_python_dop_operator_3.py for tasks to queue
[2025-02-01T07:43:13.369+0000] {logging_mixin.py:190} INFO - [2025-02-01T07:43:13.369+0000] {dagbag.py:588} INFO - Filling up the DagBag from /home/airflow/.local/lib/python3.12/site-packages/airflow/example_dags/example_branch_python_dop_operator_3.py
[2025-02-01T07:43:13.389+0000] {processor.py:925} INFO - DAG(s) 'example_branch_dop_operator_v3' retrieved from /home/airflow/.local/lib/python3.12/site-packages/airflow/example_dags/example_branch_python_dop_operator_3.py
[2025-02-01T07:43:13.417+0000] {logging_mixin.py:190} INFO - [2025-02-01T07:43:13.417+0000] {dag.py:3239} INFO - Sync 1 DAGs
[2025-02-01T07:43:13.458+0000] {logging_mixin.py:190} INFO - [2025-02-01T07:43:13.458+0000] {dag.py:4180} INFO - Setting next_dagrun for example_branch_dop_operator_v3 to 2025-02-01 07:42:00+00:00, run_after=2025-02-01 07:43:00+00:00
[2025-02-01T07:43:13.486+0000] {processor.py:208} INFO - Processing /home/airflow/.local/lib/python3.12/site-packages/airflow/example_dags/example_branch_python_dop_operator_3.py took 0.133 seconds
[2025-02-01T07:43:44.745+0000] {processor.py:186} INFO - Started process (PID=1012) to work on /home/airflow/.local/lib/python3.12/site-packages/airflow/example_dags/example_branch_python_dop_operator_3.py
[2025-02-01T07:43:44.746+0000] {processor.py:914} INFO - Processing file /home/airflow/.local/lib/python3.12/site-packages/airflow/example_dags/example_branch_python_dop_operator_3.py for tasks to queue
[2025-02-01T07:43:44.749+0000] {logging_mixin.py:190} INFO - [2025-02-01T07:43:44.749+0000] {dagbag.py:588} INFO - Filling up the DagBag from /home/airflow/.local/lib/python3.12/site-packages/airflow/example_dags/example_branch_python_dop_operator_3.py
[2025-02-01T07:43:44.762+0000] {processor.py:925} INFO - DAG(s) 'example_branch_dop_operator_v3' retrieved from /home/airflow/.local/lib/python3.12/site-packages/airflow/example_dags/example_branch_python_dop_operator_3.py
[2025-02-01T07:43:44.788+0000] {logging_mixin.py:190} INFO - [2025-02-01T07:43:44.787+0000] {dag.py:3239} INFO - Sync 1 DAGs
[2025-02-01T07:43:44.823+0000] {logging_mixin.py:190} INFO - [2025-02-01T07:43:44.823+0000] {dag.py:4180} INFO - Setting next_dagrun for example_branch_dop_operator_v3 to 2025-02-01 07:42:00+00:00, run_after=2025-02-01 07:43:00+00:00
[2025-02-01T07:43:44.849+0000] {processor.py:208} INFO - Processing /home/airflow/.local/lib/python3.12/site-packages/airflow/example_dags/example_branch_python_dop_operator_3.py took 0.114 seconds
[2025-02-01T07:44:17.226+0000] {processor.py:186} INFO - Started process (PID=1078) to work on /home/airflow/.local/lib/python3.12/site-packages/airflow/example_dags/example_branch_python_dop_operator_3.py
[2025-02-01T07:44:17.228+0000] {processor.py:914} INFO - Processing file /home/airflow/.local/lib/python3.12/site-packages/airflow/example_dags/example_branch_python_dop_operator_3.py for tasks to queue
[2025-02-01T07:44:17.231+0000] {logging_mixin.py:190} INFO - [2025-02-01T07:44:17.231+0000] {dagbag.py:588} INFO - Filling up the DagBag from /home/airflow/.local/lib/python3.12/site-packages/airflow/example_dags/example_branch_python_dop_operator_3.py
[2025-02-01T07:44:17.248+0000] {processor.py:925} INFO - DAG(s) 'example_branch_dop_operator_v3' retrieved from /home/airflow/.local/lib/python3.12/site-packages/airflow/example_dags/example_branch_python_dop_operator_3.py
[2025-02-01T07:44:17.271+0000] {logging_mixin.py:190} INFO - [2025-02-01T07:44:17.270+0000] {dag.py:3239} INFO - Sync 1 DAGs
[2025-02-01T07:44:17.303+0000] {logging_mixin.py:190} INFO - [2025-02-01T07:44:17.303+0000] {dag.py:4180} INFO - Setting next_dagrun for example_branch_dop_operator_v3 to 2025-02-01 07:43:00+00:00, run_after=2025-02-01 07:44:00+00:00
[2025-02-01T07:44:17.331+0000] {processor.py:208} INFO - Processing /home/airflow/.local/lib/python3.12/site-packages/airflow/example_dags/example_branch_python_dop_operator_3.py took 0.115 seconds
[2025-02-01T07:44:48.397+0000] {processor.py:186} INFO - Started process (PID=1144) to work on /home/airflow/.local/lib/python3.12/site-packages/airflow/example_dags/example_branch_python_dop_operator_3.py
[2025-02-01T07:44:48.399+0000] {processor.py:914} INFO - Processing file /home/airflow/.local/lib/python3.12/site-packages/airflow/example_dags/example_branch_python_dop_operator_3.py for tasks to queue
[2025-02-01T07:44:48.402+0000] {logging_mixin.py:190} INFO - [2025-02-01T07:44:48.402+0000] {dagbag.py:588} INFO - Filling up the DagBag from /home/airflow/.local/lib/python3.12/site-packages/airflow/example_dags/example_branch_python_dop_operator_3.py
[2025-02-01T07:44:48.415+0000] {processor.py:925} INFO - DAG(s) 'example_branch_dop_operator_v3' retrieved from /home/airflow/.local/lib/python3.12/site-packages/airflow/example_dags/example_branch_python_dop_operator_3.py
[2025-02-01T07:44:48.440+0000] {logging_mixin.py:190} INFO - [2025-02-01T07:44:48.440+0000] {dag.py:3239} INFO - Sync 1 DAGs
[2025-02-01T07:44:48.478+0000] {logging_mixin.py:190} INFO - [2025-02-01T07:44:48.478+0000] {dag.py:4180} INFO - Setting next_dagrun for example_branch_dop_operator_v3 to 2025-02-01 07:43:00+00:00, run_after=2025-02-01 07:44:00+00:00
[2025-02-01T07:44:48.510+0000] {processor.py:208} INFO - Processing /home/airflow/.local/lib/python3.12/site-packages/airflow/example_dags/example_branch_python_dop_operator_3.py took 0.122 seconds
[2025-02-01T07:45:19.909+0000] {processor.py:186} INFO - Started process (PID=1210) to work on /home/airflow/.local/lib/python3.12/site-packages/airflow/example_dags/example_branch_python_dop_operator_3.py
[2025-02-01T07:45:19.910+0000] {processor.py:914} INFO - Processing file /home/airflow/.local/lib/python3.12/site-packages/airflow/example_dags/example_branch_python_dop_operator_3.py for tasks to queue
[2025-02-01T07:45:19.914+0000] {logging_mixin.py:190} INFO - [2025-02-01T07:45:19.913+0000] {dagbag.py:588} INFO - Filling up the DagBag from /home/airflow/.local/lib/python3.12/site-packages/airflow/example_dags/example_branch_python_dop_operator_3.py
[2025-02-01T07:45:19.928+0000] {processor.py:925} INFO - DAG(s) 'example_branch_dop_operator_v3' retrieved from /home/airflow/.local/lib/python3.12/site-packages/airflow/example_dags/example_branch_python_dop_operator_3.py
[2025-02-01T07:45:19.961+0000] {logging_mixin.py:190} INFO - [2025-02-01T07:45:19.961+0000] {dag.py:3239} INFO - Sync 1 DAGs
[2025-02-01T07:45:19.999+0000] {logging_mixin.py:190} INFO - [2025-02-01T07:45:19.998+0000] {dag.py:4180} INFO - Setting next_dagrun for example_branch_dop_operator_v3 to 2025-02-01 07:44:00+00:00, run_after=2025-02-01 07:45:00+00:00
[2025-02-01T07:45:20.030+0000] {processor.py:208} INFO - Processing /home/airflow/.local/lib/python3.12/site-packages/airflow/example_dags/example_branch_python_dop_operator_3.py took 0.132 seconds
[2025-02-01T07:45:51.635+0000] {processor.py:186} INFO - Started process (PID=1276) to work on /home/airflow/.local/lib/python3.12/site-packages/airflow/example_dags/example_branch_python_dop_operator_3.py
[2025-02-01T07:45:51.636+0000] {processor.py:914} INFO - Processing file /home/airflow/.local/lib/python3.12/site-packages/airflow/example_dags/example_branch_python_dop_operator_3.py for tasks to queue
[2025-02-01T07:45:51.640+0000] {logging_mixin.py:190} INFO - [2025-02-01T07:45:51.640+0000] {dagbag.py:588} INFO - Filling up the DagBag from /home/airflow/.local/lib/python3.12/site-packages/airflow/example_dags/example_branch_python_dop_operator_3.py
[2025-02-01T07:45:51.657+0000] {processor.py:925} INFO - DAG(s) 'example_branch_dop_operator_v3' retrieved from /home/airflow/.local/lib/python3.12/site-packages/airflow/example_dags/example_branch_python_dop_operator_3.py
[2025-02-01T07:45:51.689+0000] {logging_mixin.py:190} INFO - [2025-02-01T07:45:51.689+0000] {dag.py:3239} INFO - Sync 1 DAGs
[2025-02-01T07:45:51.735+0000] {logging_mixin.py:190} INFO - [2025-02-01T07:45:51.734+0000] {dag.py:4180} INFO - Setting next_dagrun for example_branch_dop_operator_v3 to 2025-02-01 07:44:00+00:00, run_after=2025-02-01 07:45:00+00:00
[2025-02-01T07:45:51.764+0000] {processor.py:208} INFO - Processing /home/airflow/.local/lib/python3.12/site-packages/airflow/example_dags/example_branch_python_dop_operator_3.py took 0.141 seconds
[2025-02-01T07:46:22.277+0000] {processor.py:186} INFO - Started process (PID=1342) to work on /home/airflow/.local/lib/python3.12/site-packages/airflow/example_dags/example_branch_python_dop_operator_3.py
[2025-02-01T07:46:22.278+0000] {processor.py:914} INFO - Processing file /home/airflow/.local/lib/python3.12/site-packages/airflow/example_dags/example_branch_python_dop_operator_3.py for tasks to queue
[2025-02-01T07:46:22.282+0000] {logging_mixin.py:190} INFO - [2025-02-01T07:46:22.281+0000] {dagbag.py:588} INFO - Filling up the DagBag from /home/airflow/.local/lib/python3.12/site-packages/airflow/example_dags/example_branch_python_dop_operator_3.py
[2025-02-01T07:46:22.296+0000] {processor.py:925} INFO - DAG(s) 'example_branch_dop_operator_v3' retrieved from /home/airflow/.local/lib/python3.12/site-packages/airflow/example_dags/example_branch_python_dop_operator_3.py
[2025-02-01T07:46:22.320+0000] {logging_mixin.py:190} INFO - [2025-02-01T07:46:22.320+0000] {dag.py:3239} INFO - Sync 1 DAGs
[2025-02-01T07:46:22.357+0000] {logging_mixin.py:190} INFO - [2025-02-01T07:46:22.357+0000] {dag.py:4180} INFO - Setting next_dagrun for example_branch_dop_operator_v3 to 2025-02-01 07:45:00+00:00, run_after=2025-02-01 07:46:00+00:00
[2025-02-01T07:46:22.383+0000] {processor.py:208} INFO - Processing /home/airflow/.local/lib/python3.12/site-packages/airflow/example_dags/example_branch_python_dop_operator_3.py took 0.115 seconds
[2025-02-01T07:46:53.749+0000] {processor.py:186} INFO - Started process (PID=1408) to work on /home/airflow/.local/lib/python3.12/site-packages/airflow/example_dags/example_branch_python_dop_operator_3.py
[2025-02-01T07:46:53.750+0000] {processor.py:914} INFO - Processing file /home/airflow/.local/lib/python3.12/site-packages/airflow/example_dags/example_branch_python_dop_operator_3.py for tasks to queue
[2025-02-01T07:46:53.753+0000] {logging_mixin.py:190} INFO - [2025-02-01T07:46:53.753+0000] {dagbag.py:588} INFO - Filling up the DagBag from /home/airflow/.local/lib/python3.12/site-packages/airflow/example_dags/example_branch_python_dop_operator_3.py
[2025-02-01T07:46:53.767+0000] {processor.py:925} INFO - DAG(s) 'example_branch_dop_operator_v3' retrieved from /home/airflow/.local/lib/python3.12/site-packages/airflow/example_dags/example_branch_python_dop_operator_3.py
[2025-02-01T07:46:53.793+0000] {logging_mixin.py:190} INFO - [2025-02-01T07:46:53.793+0000] {dag.py:3239} INFO - Sync 1 DAGs
[2025-02-01T07:46:53.827+0000] {logging_mixin.py:190} INFO - [2025-02-01T07:46:53.826+0000] {dag.py:4180} INFO - Setting next_dagrun for example_branch_dop_operator_v3 to 2025-02-01 07:45:00+00:00, run_after=2025-02-01 07:46:00+00:00
[2025-02-01T07:46:53.854+0000] {processor.py:208} INFO - Processing /home/airflow/.local/lib/python3.12/site-packages/airflow/example_dags/example_branch_python_dop_operator_3.py took 0.115 seconds
[2025-02-01T07:47:25.590+0000] {processor.py:186} INFO - Started process (PID=1474) to work on /home/airflow/.local/lib/python3.12/site-packages/airflow/example_dags/example_branch_python_dop_operator_3.py
[2025-02-01T07:47:25.592+0000] {processor.py:914} INFO - Processing file /home/airflow/.local/lib/python3.12/site-packages/airflow/example_dags/example_branch_python_dop_operator_3.py for tasks to queue
[2025-02-01T07:47:25.594+0000] {logging_mixin.py:190} INFO - [2025-02-01T07:47:25.594+0000] {dagbag.py:588} INFO - Filling up the DagBag from /home/airflow/.local/lib/python3.12/site-packages/airflow/example_dags/example_branch_python_dop_operator_3.py
[2025-02-01T07:47:25.609+0000] {processor.py:925} INFO - DAG(s) 'example_branch_dop_operator_v3' retrieved from /home/airflow/.local/lib/python3.12/site-packages/airflow/example_dags/example_branch_python_dop_operator_3.py
[2025-02-01T07:47:25.634+0000] {logging_mixin.py:190} INFO - [2025-02-01T07:47:25.634+0000] {dag.py:3239} INFO - Sync 1 DAGs
[2025-02-01T07:47:25.668+0000] {logging_mixin.py:190} INFO - [2025-02-01T07:47:25.668+0000] {dag.py:4180} INFO - Setting next_dagrun for example_branch_dop_operator_v3 to 2025-02-01 07:46:00+00:00, run_after=2025-02-01 07:47:00+00:00
[2025-02-01T07:47:25.695+0000] {processor.py:208} INFO - Processing /home/airflow/.local/lib/python3.12/site-packages/airflow/example_dags/example_branch_python_dop_operator_3.py took 0.116 seconds
[2025-02-01T07:47:57.396+0000] {processor.py:186} INFO - Started process (PID=1540) to work on /home/airflow/.local/lib/python3.12/site-packages/airflow/example_dags/example_branch_python_dop_operator_3.py
[2025-02-01T07:47:57.398+0000] {processor.py:914} INFO - Processing file /home/airflow/.local/lib/python3.12/site-packages/airflow/example_dags/example_branch_python_dop_operator_3.py for tasks to queue
[2025-02-01T07:47:57.402+0000] {logging_mixin.py:190} INFO - [2025-02-01T07:47:57.401+0000] {dagbag.py:588} INFO - Filling up the DagBag from /home/airflow/.local/lib/python3.12/site-packages/airflow/example_dags/example_branch_python_dop_operator_3.py
[2025-02-01T07:47:57.419+0000] {processor.py:925} INFO - DAG(s) 'example_branch_dop_operator_v3' retrieved from /home/airflow/.local/lib/python3.12/site-packages/airflow/example_dags/example_branch_python_dop_operator_3.py
[2025-02-01T07:47:57.445+0000] {logging_mixin.py:190} INFO - [2025-02-01T07:47:57.445+0000] {dag.py:3239} INFO - Sync 1 DAGs
[2025-02-01T07:47:57.478+0000] {logging_mixin.py:190} INFO - [2025-02-01T07:47:57.477+0000] {dag.py:4180} INFO - Setting next_dagrun for example_branch_dop_operator_v3 to 2025-02-01 07:46:00+00:00, run_after=2025-02-01 07:47:00+00:00
[2025-02-01T07:47:57.503+0000] {processor.py:208} INFO - Processing /home/airflow/.local/lib/python3.12/site-packages/airflow/example_dags/example_branch_python_dop_operator_3.py took 0.121 seconds
[2025-02-01T07:48:27.760+0000] {processor.py:186} INFO - Started process (PID=1606) to work on /home/airflow/.local/lib/python3.12/site-packages/airflow/example_dags/example_branch_python_dop_operator_3.py
[2025-02-01T07:48:27.762+0000] {processor.py:914} INFO - Processing file /home/airflow/.local/lib/python3.12/site-packages/airflow/example_dags/example_branch_python_dop_operator_3.py for tasks to queue
[2025-02-01T07:48:27.766+0000] {logging_mixin.py:190} INFO - [2025-02-01T07:48:27.766+0000] {dagbag.py:588} INFO - Filling up the DagBag from /home/airflow/.local/lib/python3.12/site-packages/airflow/example_dags/example_branch_python_dop_operator_3.py
[2025-02-01T07:48:27.780+0000] {processor.py:925} INFO - DAG(s) 'example_branch_dop_operator_v3' retrieved from /home/airflow/.local/lib/python3.12/site-packages/airflow/example_dags/example_branch_python_dop_operator_3.py
[2025-02-01T07:48:27.806+0000] {logging_mixin.py:190} INFO - [2025-02-01T07:48:27.806+0000] {dag.py:3239} INFO - Sync 1 DAGs
[2025-02-01T07:48:27.848+0000] {logging_mixin.py:190} INFO - [2025-02-01T07:48:27.848+0000] {dag.py:4180} INFO - Setting next_dagrun for example_branch_dop_operator_v3 to 2025-02-01 07:47:00+00:00, run_after=2025-02-01 07:48:00+00:00
[2025-02-01T07:48:27.877+0000] {processor.py:208} INFO - Processing /home/airflow/.local/lib/python3.12/site-packages/airflow/example_dags/example_branch_python_dop_operator_3.py took 0.127 seconds
[2025-02-01T07:48:59.191+0000] {processor.py:186} INFO - Started process (PID=1672) to work on /home/airflow/.local/lib/python3.12/site-packages/airflow/example_dags/example_branch_python_dop_operator_3.py
[2025-02-01T07:48:59.196+0000] {processor.py:914} INFO - Processing file /home/airflow/.local/lib/python3.12/site-packages/airflow/example_dags/example_branch_python_dop_operator_3.py for tasks to queue
[2025-02-01T07:48:59.200+0000] {logging_mixin.py:190} INFO - [2025-02-01T07:48:59.200+0000] {dagbag.py:588} INFO - Filling up the DagBag from /home/airflow/.local/lib/python3.12/site-packages/airflow/example_dags/example_branch_python_dop_operator_3.py
[2025-02-01T07:48:59.219+0000] {processor.py:925} INFO - DAG(s) 'example_branch_dop_operator_v3' retrieved from /home/airflow/.local/lib/python3.12/site-packages/airflow/example_dags/example_branch_python_dop_operator_3.py
[2025-02-01T07:48:59.254+0000] {logging_mixin.py:190} INFO - [2025-02-01T07:48:59.253+0000] {dag.py:3239} INFO - Sync 1 DAGs
[2025-02-01T07:48:59.297+0000] {logging_mixin.py:190} INFO - [2025-02-01T07:48:59.297+0000] {dag.py:4180} INFO - Setting next_dagrun for example_branch_dop_operator_v3 to 2025-02-01 07:47:00+00:00, run_after=2025-02-01 07:48:00+00:00
[2025-02-01T07:48:59.325+0000] {processor.py:208} INFO - Processing /home/airflow/.local/lib/python3.12/site-packages/airflow/example_dags/example_branch_python_dop_operator_3.py took 0.165 seconds
[2025-02-01T07:49:30.703+0000] {processor.py:186} INFO - Started process (PID=1738) to work on /home/airflow/.local/lib/python3.12/site-packages/airflow/example_dags/example_branch_python_dop_operator_3.py
[2025-02-01T07:49:30.705+0000] {processor.py:914} INFO - Processing file /home/airflow/.local/lib/python3.12/site-packages/airflow/example_dags/example_branch_python_dop_operator_3.py for tasks to queue
[2025-02-01T07:49:30.708+0000] {logging_mixin.py:190} INFO - [2025-02-01T07:49:30.708+0000] {dagbag.py:588} INFO - Filling up the DagBag from /home/airflow/.local/lib/python3.12/site-packages/airflow/example_dags/example_branch_python_dop_operator_3.py
[2025-02-01T07:49:30.724+0000] {processor.py:925} INFO - DAG(s) 'example_branch_dop_operator_v3' retrieved from /home/airflow/.local/lib/python3.12/site-packages/airflow/example_dags/example_branch_python_dop_operator_3.py
[2025-02-01T07:49:30.751+0000] {logging_mixin.py:190} INFO - [2025-02-01T07:49:30.751+0000] {dag.py:3239} INFO - Sync 1 DAGs
[2025-02-01T07:49:30.789+0000] {logging_mixin.py:190} INFO - [2025-02-01T07:49:30.788+0000] {dag.py:4180} INFO - Setting next_dagrun for example_branch_dop_operator_v3 to 2025-02-01 07:48:00+00:00, run_after=2025-02-01 07:49:00+00:00
[2025-02-01T07:49:30.812+0000] {processor.py:208} INFO - Processing /home/airflow/.local/lib/python3.12/site-packages/airflow/example_dags/example_branch_python_dop_operator_3.py took 0.120 seconds
[2025-02-01T07:50:02.080+0000] {processor.py:186} INFO - Started process (PID=1804) to work on /home/airflow/.local/lib/python3.12/site-packages/airflow/example_dags/example_branch_python_dop_operator_3.py
[2025-02-01T07:50:02.082+0000] {processor.py:914} INFO - Processing file /home/airflow/.local/lib/python3.12/site-packages/airflow/example_dags/example_branch_python_dop_operator_3.py for tasks to queue
[2025-02-01T07:50:02.085+0000] {logging_mixin.py:190} INFO - [2025-02-01T07:50:02.084+0000] {dagbag.py:588} INFO - Filling up the DagBag from /home/airflow/.local/lib/python3.12/site-packages/airflow/example_dags/example_branch_python_dop_operator_3.py
[2025-02-01T07:50:02.099+0000] {processor.py:925} INFO - DAG(s) 'example_branch_dop_operator_v3' retrieved from /home/airflow/.local/lib/python3.12/site-packages/airflow/example_dags/example_branch_python_dop_operator_3.py
[2025-02-01T07:50:02.123+0000] {logging_mixin.py:190} INFO - [2025-02-01T07:50:02.122+0000] {dag.py:3239} INFO - Sync 1 DAGs
[2025-02-01T07:50:02.160+0000] {logging_mixin.py:190} INFO - [2025-02-01T07:50:02.160+0000] {dag.py:4180} INFO - Setting next_dagrun for example_branch_dop_operator_v3 to 2025-02-01 07:49:00+00:00, run_after=2025-02-01 07:50:00+00:00
[2025-02-01T07:50:02.186+0000] {processor.py:208} INFO - Processing /home/airflow/.local/lib/python3.12/site-packages/airflow/example_dags/example_branch_python_dop_operator_3.py took 0.115 seconds
[2025-02-01T07:50:34.137+0000] {processor.py:186} INFO - Started process (PID=1874) to work on /home/airflow/.local/lib/python3.12/site-packages/airflow/example_dags/example_branch_python_dop_operator_3.py
[2025-02-01T07:50:34.138+0000] {processor.py:914} INFO - Processing file /home/airflow/.local/lib/python3.12/site-packages/airflow/example_dags/example_branch_python_dop_operator_3.py for tasks to queue
[2025-02-01T07:50:34.142+0000] {logging_mixin.py:190} INFO - [2025-02-01T07:50:34.141+0000] {dagbag.py:588} INFO - Filling up the DagBag from /home/airflow/.local/lib/python3.12/site-packages/airflow/example_dags/example_branch_python_dop_operator_3.py
[2025-02-01T07:50:34.155+0000] {processor.py:925} INFO - DAG(s) 'example_branch_dop_operator_v3' retrieved from /home/airflow/.local/lib/python3.12/site-packages/airflow/example_dags/example_branch_python_dop_operator_3.py
[2025-02-01T07:50:34.179+0000] {logging_mixin.py:190} INFO - [2025-02-01T07:50:34.178+0000] {dag.py:3239} INFO - Sync 1 DAGs
[2025-02-01T07:50:34.213+0000] {logging_mixin.py:190} INFO - [2025-02-01T07:50:34.212+0000] {dag.py:4180} INFO - Setting next_dagrun for example_branch_dop_operator_v3 to 2025-02-01 07:49:00+00:00, run_after=2025-02-01 07:50:00+00:00
[2025-02-01T07:50:34.235+0000] {processor.py:208} INFO - Processing /home/airflow/.local/lib/python3.12/site-packages/airflow/example_dags/example_branch_python_dop_operator_3.py took 0.106 seconds
[2025-02-01T07:51:05.332+0000] {processor.py:186} INFO - Started process (PID=1940) to work on /home/airflow/.local/lib/python3.12/site-packages/airflow/example_dags/example_branch_python_dop_operator_3.py
[2025-02-01T07:51:05.334+0000] {processor.py:914} INFO - Processing file /home/airflow/.local/lib/python3.12/site-packages/airflow/example_dags/example_branch_python_dop_operator_3.py for tasks to queue
[2025-02-01T07:51:05.337+0000] {logging_mixin.py:190} INFO - [2025-02-01T07:51:05.337+0000] {dagbag.py:588} INFO - Filling up the DagBag from /home/airflow/.local/lib/python3.12/site-packages/airflow/example_dags/example_branch_python_dop_operator_3.py
[2025-02-01T07:51:05.352+0000] {processor.py:925} INFO - DAG(s) 'example_branch_dop_operator_v3' retrieved from /home/airflow/.local/lib/python3.12/site-packages/airflow/example_dags/example_branch_python_dop_operator_3.py
[2025-02-01T07:51:05.378+0000] {logging_mixin.py:190} INFO - [2025-02-01T07:51:05.377+0000] {dag.py:3239} INFO - Sync 1 DAGs
[2025-02-01T07:51:05.413+0000] {logging_mixin.py:190} INFO - [2025-02-01T07:51:05.412+0000] {dag.py:4180} INFO - Setting next_dagrun for example_branch_dop_operator_v3 to 2025-02-01 07:50:00+00:00, run_after=2025-02-01 07:51:00+00:00
[2025-02-01T07:51:05.439+0000] {processor.py:208} INFO - Processing /home/airflow/.local/lib/python3.12/site-packages/airflow/example_dags/example_branch_python_dop_operator_3.py took 0.117 seconds
[2025-02-01T07:51:36.283+0000] {processor.py:186} INFO - Started process (PID=2012) to work on /home/airflow/.local/lib/python3.12/site-packages/airflow/example_dags/example_branch_python_dop_operator_3.py
[2025-02-01T07:51:36.285+0000] {processor.py:914} INFO - Processing file /home/airflow/.local/lib/python3.12/site-packages/airflow/example_dags/example_branch_python_dop_operator_3.py for tasks to queue
[2025-02-01T07:51:36.288+0000] {logging_mixin.py:190} INFO - [2025-02-01T07:51:36.288+0000] {dagbag.py:588} INFO - Filling up the DagBag from /home/airflow/.local/lib/python3.12/site-packages/airflow/example_dags/example_branch_python_dop_operator_3.py
[2025-02-01T07:51:36.302+0000] {processor.py:925} INFO - DAG(s) 'example_branch_dop_operator_v3' retrieved from /home/airflow/.local/lib/python3.12/site-packages/airflow/example_dags/example_branch_python_dop_operator_3.py
[2025-02-01T07:51:36.325+0000] {logging_mixin.py:190} INFO - [2025-02-01T07:51:36.325+0000] {dag.py:3239} INFO - Sync 1 DAGs
[2025-02-01T07:51:36.359+0000] {logging_mixin.py:190} INFO - [2025-02-01T07:51:36.359+0000] {dag.py:4180} INFO - Setting next_dagrun for example_branch_dop_operator_v3 to 2025-02-01 07:50:00+00:00, run_after=2025-02-01 07:51:00+00:00
[2025-02-01T07:51:36.385+0000] {processor.py:208} INFO - Processing /home/airflow/.local/lib/python3.12/site-packages/airflow/example_dags/example_branch_python_dop_operator_3.py took 0.111 seconds
[2025-02-01T07:52:08.647+0000] {processor.py:186} INFO - Started process (PID=2080) to work on /home/airflow/.local/lib/python3.12/site-packages/airflow/example_dags/example_branch_python_dop_operator_3.py
[2025-02-01T07:52:08.649+0000] {processor.py:914} INFO - Processing file /home/airflow/.local/lib/python3.12/site-packages/airflow/example_dags/example_branch_python_dop_operator_3.py for tasks to queue
[2025-02-01T07:52:08.653+0000] {logging_mixin.py:190} INFO - [2025-02-01T07:52:08.653+0000] {dagbag.py:588} INFO - Filling up the DagBag from /home/airflow/.local/lib/python3.12/site-packages/airflow/example_dags/example_branch_python_dop_operator_3.py
[2025-02-01T07:52:08.670+0000] {processor.py:925} INFO - DAG(s) 'example_branch_dop_operator_v3' retrieved from /home/airflow/.local/lib/python3.12/site-packages/airflow/example_dags/example_branch_python_dop_operator_3.py
[2025-02-01T07:52:08.697+0000] {logging_mixin.py:190} INFO - [2025-02-01T07:52:08.696+0000] {dag.py:3239} INFO - Sync 1 DAGs
[2025-02-01T07:52:08.729+0000] {logging_mixin.py:190} INFO - [2025-02-01T07:52:08.728+0000] {dag.py:4180} INFO - Setting next_dagrun for example_branch_dop_operator_v3 to 2025-02-01 07:51:00+00:00, run_after=2025-02-01 07:52:00+00:00
[2025-02-01T07:52:08.758+0000] {processor.py:208} INFO - Processing /home/airflow/.local/lib/python3.12/site-packages/airflow/example_dags/example_branch_python_dop_operator_3.py took 0.121 seconds
[2025-02-01T07:52:41.129+0000] {processor.py:186} INFO - Started process (PID=2146) to work on /home/airflow/.local/lib/python3.12/site-packages/airflow/example_dags/example_branch_python_dop_operator_3.py
[2025-02-01T07:52:41.131+0000] {processor.py:914} INFO - Processing file /home/airflow/.local/lib/python3.12/site-packages/airflow/example_dags/example_branch_python_dop_operator_3.py for tasks to queue
[2025-02-01T07:52:41.134+0000] {logging_mixin.py:190} INFO - [2025-02-01T07:52:41.134+0000] {dagbag.py:588} INFO - Filling up the DagBag from /home/airflow/.local/lib/python3.12/site-packages/airflow/example_dags/example_branch_python_dop_operator_3.py
[2025-02-01T07:52:41.161+0000] {processor.py:925} INFO - DAG(s) 'example_branch_dop_operator_v3' retrieved from /home/airflow/.local/lib/python3.12/site-packages/airflow/example_dags/example_branch_python_dop_operator_3.py
[2025-02-01T07:52:41.231+0000] {logging_mixin.py:190} INFO - [2025-02-01T07:52:41.231+0000] {dag.py:3239} INFO - Sync 1 DAGs
[2025-02-01T07:52:41.272+0000] {logging_mixin.py:190} INFO - [2025-02-01T07:52:41.272+0000] {dag.py:4180} INFO - Setting next_dagrun for example_branch_dop_operator_v3 to 2025-02-01 07:51:00+00:00, run_after=2025-02-01 07:52:00+00:00
[2025-02-01T07:52:41.308+0000] {processor.py:208} INFO - Processing /home/airflow/.local/lib/python3.12/site-packages/airflow/example_dags/example_branch_python_dop_operator_3.py took 0.190 seconds
[2025-02-01T07:53:12.987+0000] {processor.py:186} INFO - Started process (PID=2212) to work on /home/airflow/.local/lib/python3.12/site-packages/airflow/example_dags/example_branch_python_dop_operator_3.py
[2025-02-01T07:53:12.988+0000] {processor.py:914} INFO - Processing file /home/airflow/.local/lib/python3.12/site-packages/airflow/example_dags/example_branch_python_dop_operator_3.py for tasks to queue
[2025-02-01T07:53:12.991+0000] {logging_mixin.py:190} INFO - [2025-02-01T07:53:12.991+0000] {dagbag.py:588} INFO - Filling up the DagBag from /home/airflow/.local/lib/python3.12/site-packages/airflow/example_dags/example_branch_python_dop_operator_3.py
[2025-02-01T07:53:13.007+0000] {processor.py:925} INFO - DAG(s) 'example_branch_dop_operator_v3' retrieved from /home/airflow/.local/lib/python3.12/site-packages/airflow/example_dags/example_branch_python_dop_operator_3.py
[2025-02-01T07:53:13.032+0000] {logging_mixin.py:190} INFO - [2025-02-01T07:53:13.031+0000] {dag.py:3239} INFO - Sync 1 DAGs
[2025-02-01T07:53:13.068+0000] {logging_mixin.py:190} INFO - [2025-02-01T07:53:13.067+0000] {dag.py:4180} INFO - Setting next_dagrun for example_branch_dop_operator_v3 to 2025-02-01 07:52:00+00:00, run_after=2025-02-01 07:53:00+00:00
[2025-02-01T07:53:13.094+0000] {processor.py:208} INFO - Processing /home/airflow/.local/lib/python3.12/site-packages/airflow/example_dags/example_branch_python_dop_operator_3.py took 0.116 seconds
[2025-02-01T07:53:44.617+0000] {processor.py:186} INFO - Started process (PID=2278) to work on /home/airflow/.local/lib/python3.12/site-packages/airflow/example_dags/example_branch_python_dop_operator_3.py
[2025-02-01T07:53:44.618+0000] {processor.py:914} INFO - Processing file /home/airflow/.local/lib/python3.12/site-packages/airflow/example_dags/example_branch_python_dop_operator_3.py for tasks to queue
[2025-02-01T07:53:44.621+0000] {logging_mixin.py:190} INFO - [2025-02-01T07:53:44.621+0000] {dagbag.py:588} INFO - Filling up the DagBag from /home/airflow/.local/lib/python3.12/site-packages/airflow/example_dags/example_branch_python_dop_operator_3.py
[2025-02-01T07:53:44.636+0000] {processor.py:925} INFO - DAG(s) 'example_branch_dop_operator_v3' retrieved from /home/airflow/.local/lib/python3.12/site-packages/airflow/example_dags/example_branch_python_dop_operator_3.py
[2025-02-01T07:53:44.664+0000] {logging_mixin.py:190} INFO - [2025-02-01T07:53:44.663+0000] {dag.py:3239} INFO - Sync 1 DAGs
[2025-02-01T07:53:44.698+0000] {logging_mixin.py:190} INFO - [2025-02-01T07:53:44.698+0000] {dag.py:4180} INFO - Setting next_dagrun for example_branch_dop_operator_v3 to 2025-02-01 07:52:00+00:00, run_after=2025-02-01 07:53:00+00:00
[2025-02-01T07:53:44.726+0000] {processor.py:208} INFO - Processing /home/airflow/.local/lib/python3.12/site-packages/airflow/example_dags/example_branch_python_dop_operator_3.py took 0.118 seconds
[2025-02-01T07:54:15.611+0000] {processor.py:186} INFO - Started process (PID=2344) to work on /home/airflow/.local/lib/python3.12/site-packages/airflow/example_dags/example_branch_python_dop_operator_3.py
[2025-02-01T07:54:15.613+0000] {processor.py:914} INFO - Processing file /home/airflow/.local/lib/python3.12/site-packages/airflow/example_dags/example_branch_python_dop_operator_3.py for tasks to queue
[2025-02-01T07:54:15.617+0000] {logging_mixin.py:190} INFO - [2025-02-01T07:54:15.616+0000] {dagbag.py:588} INFO - Filling up the DagBag from /home/airflow/.local/lib/python3.12/site-packages/airflow/example_dags/example_branch_python_dop_operator_3.py
[2025-02-01T07:54:15.633+0000] {processor.py:925} INFO - DAG(s) 'example_branch_dop_operator_v3' retrieved from /home/airflow/.local/lib/python3.12/site-packages/airflow/example_dags/example_branch_python_dop_operator_3.py
[2025-02-01T07:54:15.668+0000] {logging_mixin.py:190} INFO - [2025-02-01T07:54:15.667+0000] {dag.py:3239} INFO - Sync 1 DAGs
[2025-02-01T07:54:15.709+0000] {logging_mixin.py:190} INFO - [2025-02-01T07:54:15.709+0000] {dag.py:4180} INFO - Setting next_dagrun for example_branch_dop_operator_v3 to 2025-02-01 07:53:00+00:00, run_after=2025-02-01 07:54:00+00:00
[2025-02-01T07:54:15.751+0000] {processor.py:208} INFO - Processing /home/airflow/.local/lib/python3.12/site-packages/airflow/example_dags/example_branch_python_dop_operator_3.py took 0.150 seconds
[2025-02-01T07:54:45.895+0000] {processor.py:186} INFO - Started process (PID=2409) to work on /home/airflow/.local/lib/python3.12/site-packages/airflow/example_dags/example_branch_python_dop_operator_3.py
[2025-02-01T07:54:45.896+0000] {processor.py:914} INFO - Processing file /home/airflow/.local/lib/python3.12/site-packages/airflow/example_dags/example_branch_python_dop_operator_3.py for tasks to queue
[2025-02-01T07:54:45.899+0000] {logging_mixin.py:190} INFO - [2025-02-01T07:54:45.899+0000] {dagbag.py:588} INFO - Filling up the DagBag from /home/airflow/.local/lib/python3.12/site-packages/airflow/example_dags/example_branch_python_dop_operator_3.py
[2025-02-01T07:54:45.914+0000] {processor.py:925} INFO - DAG(s) 'example_branch_dop_operator_v3' retrieved from /home/airflow/.local/lib/python3.12/site-packages/airflow/example_dags/example_branch_python_dop_operator_3.py
[2025-02-01T07:54:45.939+0000] {logging_mixin.py:190} INFO - [2025-02-01T07:54:45.939+0000] {dag.py:3239} INFO - Sync 1 DAGs
[2025-02-01T07:54:45.973+0000] {logging_mixin.py:190} INFO - [2025-02-01T07:54:45.973+0000] {dag.py:4180} INFO - Setting next_dagrun for example_branch_dop_operator_v3 to 2025-02-01 07:53:00+00:00, run_after=2025-02-01 07:54:00+00:00
[2025-02-01T07:54:46.004+0000] {processor.py:208} INFO - Processing /home/airflow/.local/lib/python3.12/site-packages/airflow/example_dags/example_branch_python_dop_operator_3.py took 0.118 seconds
[2025-02-01T07:55:17.787+0000] {processor.py:186} INFO - Started process (PID=2475) to work on /home/airflow/.local/lib/python3.12/site-packages/airflow/example_dags/example_branch_python_dop_operator_3.py
[2025-02-01T07:55:17.789+0000] {processor.py:914} INFO - Processing file /home/airflow/.local/lib/python3.12/site-packages/airflow/example_dags/example_branch_python_dop_operator_3.py for tasks to queue
[2025-02-01T07:55:17.792+0000] {logging_mixin.py:190} INFO - [2025-02-01T07:55:17.792+0000] {dagbag.py:588} INFO - Filling up the DagBag from /home/airflow/.local/lib/python3.12/site-packages/airflow/example_dags/example_branch_python_dop_operator_3.py
[2025-02-01T07:55:17.808+0000] {processor.py:925} INFO - DAG(s) 'example_branch_dop_operator_v3' retrieved from /home/airflow/.local/lib/python3.12/site-packages/airflow/example_dags/example_branch_python_dop_operator_3.py
[2025-02-01T07:55:17.833+0000] {logging_mixin.py:190} INFO - [2025-02-01T07:55:17.833+0000] {dag.py:3239} INFO - Sync 1 DAGs
[2025-02-01T07:55:17.875+0000] {logging_mixin.py:190} INFO - [2025-02-01T07:55:17.875+0000] {dag.py:4180} INFO - Setting next_dagrun for example_branch_dop_operator_v3 to 2025-02-01 07:54:00+00:00, run_after=2025-02-01 07:55:00+00:00
[2025-02-01T07:55:17.906+0000] {processor.py:208} INFO - Processing /home/airflow/.local/lib/python3.12/site-packages/airflow/example_dags/example_branch_python_dop_operator_3.py took 0.129 seconds
[2025-02-01T07:55:49.100+0000] {processor.py:186} INFO - Started process (PID=2543) to work on /home/airflow/.local/lib/python3.12/site-packages/airflow/example_dags/example_branch_python_dop_operator_3.py
[2025-02-01T07:55:49.101+0000] {processor.py:914} INFO - Processing file /home/airflow/.local/lib/python3.12/site-packages/airflow/example_dags/example_branch_python_dop_operator_3.py for tasks to queue
[2025-02-01T07:55:49.104+0000] {logging_mixin.py:190} INFO - [2025-02-01T07:55:49.104+0000] {dagbag.py:588} INFO - Filling up the DagBag from /home/airflow/.local/lib/python3.12/site-packages/airflow/example_dags/example_branch_python_dop_operator_3.py
[2025-02-01T07:55:49.119+0000] {processor.py:925} INFO - DAG(s) 'example_branch_dop_operator_v3' retrieved from /home/airflow/.local/lib/python3.12/site-packages/airflow/example_dags/example_branch_python_dop_operator_3.py
[2025-02-01T07:55:49.142+0000] {logging_mixin.py:190} INFO - [2025-02-01T07:55:49.142+0000] {dag.py:3239} INFO - Sync 1 DAGs
[2025-02-01T07:55:49.176+0000] {logging_mixin.py:190} INFO - [2025-02-01T07:55:49.176+0000] {dag.py:4180} INFO - Setting next_dagrun for example_branch_dop_operator_v3 to 2025-02-01 07:54:00+00:00, run_after=2025-02-01 07:55:00+00:00
[2025-02-01T07:55:49.205+0000] {processor.py:208} INFO - Processing /home/airflow/.local/lib/python3.12/site-packages/airflow/example_dags/example_branch_python_dop_operator_3.py took 0.116 seconds
[2025-02-01T07:56:19.479+0000] {processor.py:186} INFO - Started process (PID=2609) to work on /home/airflow/.local/lib/python3.12/site-packages/airflow/example_dags/example_branch_python_dop_operator_3.py
[2025-02-01T07:56:19.480+0000] {processor.py:914} INFO - Processing file /home/airflow/.local/lib/python3.12/site-packages/airflow/example_dags/example_branch_python_dop_operator_3.py for tasks to queue
[2025-02-01T07:56:19.483+0000] {logging_mixin.py:190} INFO - [2025-02-01T07:56:19.483+0000] {dagbag.py:588} INFO - Filling up the DagBag from /home/airflow/.local/lib/python3.12/site-packages/airflow/example_dags/example_branch_python_dop_operator_3.py
[2025-02-01T07:56:19.498+0000] {processor.py:925} INFO - DAG(s) 'example_branch_dop_operator_v3' retrieved from /home/airflow/.local/lib/python3.12/site-packages/airflow/example_dags/example_branch_python_dop_operator_3.py
[2025-02-01T07:56:19.523+0000] {logging_mixin.py:190} INFO - [2025-02-01T07:56:19.522+0000] {dag.py:3239} INFO - Sync 1 DAGs
[2025-02-01T07:56:19.557+0000] {logging_mixin.py:190} INFO - [2025-02-01T07:56:19.557+0000] {dag.py:4180} INFO - Setting next_dagrun for example_branch_dop_operator_v3 to 2025-02-01 07:55:00+00:00, run_after=2025-02-01 07:56:00+00:00
[2025-02-01T07:56:19.584+0000] {processor.py:208} INFO - Processing /home/airflow/.local/lib/python3.12/site-packages/airflow/example_dags/example_branch_python_dop_operator_3.py took 0.115 seconds
[2025-02-01T07:56:50.334+0000] {processor.py:186} INFO - Started process (PID=2674) to work on /home/airflow/.local/lib/python3.12/site-packages/airflow/example_dags/example_branch_python_dop_operator_3.py
[2025-02-01T07:56:50.335+0000] {processor.py:914} INFO - Processing file /home/airflow/.local/lib/python3.12/site-packages/airflow/example_dags/example_branch_python_dop_operator_3.py for tasks to queue
[2025-02-01T07:56:50.348+0000] {logging_mixin.py:190} INFO - [2025-02-01T07:56:50.348+0000] {dagbag.py:588} INFO - Filling up the DagBag from /home/airflow/.local/lib/python3.12/site-packages/airflow/example_dags/example_branch_python_dop_operator_3.py
[2025-02-01T07:56:50.378+0000] {processor.py:925} INFO - DAG(s) 'example_branch_dop_operator_v3' retrieved from /home/airflow/.local/lib/python3.12/site-packages/airflow/example_dags/example_branch_python_dop_operator_3.py
[2025-02-01T07:56:50.409+0000] {logging_mixin.py:190} INFO - [2025-02-01T07:56:50.408+0000] {dag.py:3239} INFO - Sync 1 DAGs
[2025-02-01T07:56:50.443+0000] {logging_mixin.py:190} INFO - [2025-02-01T07:56:50.443+0000] {dag.py:4180} INFO - Setting next_dagrun for example_branch_dop_operator_v3 to 2025-02-01 07:55:00+00:00, run_after=2025-02-01 07:56:00+00:00
[2025-02-01T07:56:50.468+0000] {processor.py:208} INFO - Processing /home/airflow/.local/lib/python3.12/site-packages/airflow/example_dags/example_branch_python_dop_operator_3.py took 0.143 seconds
[2025-02-01T07:57:21.858+0000] {processor.py:186} INFO - Started process (PID=2740) to work on /home/airflow/.local/lib/python3.12/site-packages/airflow/example_dags/example_branch_python_dop_operator_3.py
[2025-02-01T07:57:21.860+0000] {processor.py:914} INFO - Processing file /home/airflow/.local/lib/python3.12/site-packages/airflow/example_dags/example_branch_python_dop_operator_3.py for tasks to queue
[2025-02-01T07:57:21.863+0000] {logging_mixin.py:190} INFO - [2025-02-01T07:57:21.863+0000] {dagbag.py:588} INFO - Filling up the DagBag from /home/airflow/.local/lib/python3.12/site-packages/airflow/example_dags/example_branch_python_dop_operator_3.py
[2025-02-01T07:57:21.879+0000] {processor.py:925} INFO - DAG(s) 'example_branch_dop_operator_v3' retrieved from /home/airflow/.local/lib/python3.12/site-packages/airflow/example_dags/example_branch_python_dop_operator_3.py
[2025-02-01T07:57:21.904+0000] {logging_mixin.py:190} INFO - [2025-02-01T07:57:21.903+0000] {dag.py:3239} INFO - Sync 1 DAGs
[2025-02-01T07:57:21.941+0000] {logging_mixin.py:190} INFO - [2025-02-01T07:57:21.940+0000] {dag.py:4180} INFO - Setting next_dagrun for example_branch_dop_operator_v3 to 2025-02-01 07:56:00+00:00, run_after=2025-02-01 07:57:00+00:00
[2025-02-01T07:57:21.969+0000] {processor.py:208} INFO - Processing /home/airflow/.local/lib/python3.12/site-packages/airflow/example_dags/example_branch_python_dop_operator_3.py took 0.121 seconds
[2025-02-01T07:57:53.191+0000] {processor.py:186} INFO - Started process (PID=2806) to work on /home/airflow/.local/lib/python3.12/site-packages/airflow/example_dags/example_branch_python_dop_operator_3.py
[2025-02-01T07:57:53.193+0000] {processor.py:914} INFO - Processing file /home/airflow/.local/lib/python3.12/site-packages/airflow/example_dags/example_branch_python_dop_operator_3.py for tasks to queue
[2025-02-01T07:57:53.196+0000] {logging_mixin.py:190} INFO - [2025-02-01T07:57:53.196+0000] {dagbag.py:588} INFO - Filling up the DagBag from /home/airflow/.local/lib/python3.12/site-packages/airflow/example_dags/example_branch_python_dop_operator_3.py
[2025-02-01T07:57:53.217+0000] {processor.py:925} INFO - DAG(s) 'example_branch_dop_operator_v3' retrieved from /home/airflow/.local/lib/python3.12/site-packages/airflow/example_dags/example_branch_python_dop_operator_3.py
[2025-02-01T07:57:53.250+0000] {logging_mixin.py:190} INFO - [2025-02-01T07:57:53.249+0000] {dag.py:3239} INFO - Sync 1 DAGs
[2025-02-01T07:57:53.292+0000] {logging_mixin.py:190} INFO - [2025-02-01T07:57:53.292+0000] {dag.py:4180} INFO - Setting next_dagrun for example_branch_dop_operator_v3 to 2025-02-01 07:56:00+00:00, run_after=2025-02-01 07:57:00+00:00
[2025-02-01T07:57:53.320+0000] {processor.py:208} INFO - Processing /home/airflow/.local/lib/python3.12/site-packages/airflow/example_dags/example_branch_python_dop_operator_3.py took 0.149 seconds
[2025-02-01T07:58:24.384+0000] {processor.py:186} INFO - Started process (PID=2872) to work on /home/airflow/.local/lib/python3.12/site-packages/airflow/example_dags/example_branch_python_dop_operator_3.py
[2025-02-01T07:58:24.385+0000] {processor.py:914} INFO - Processing file /home/airflow/.local/lib/python3.12/site-packages/airflow/example_dags/example_branch_python_dop_operator_3.py for tasks to queue
[2025-02-01T07:58:24.389+0000] {logging_mixin.py:190} INFO - [2025-02-01T07:58:24.388+0000] {dagbag.py:588} INFO - Filling up the DagBag from /home/airflow/.local/lib/python3.12/site-packages/airflow/example_dags/example_branch_python_dop_operator_3.py
[2025-02-01T07:58:24.403+0000] {processor.py:925} INFO - DAG(s) 'example_branch_dop_operator_v3' retrieved from /home/airflow/.local/lib/python3.12/site-packages/airflow/example_dags/example_branch_python_dop_operator_3.py
[2025-02-01T07:58:24.429+0000] {logging_mixin.py:190} INFO - [2025-02-01T07:58:24.428+0000] {dag.py:3239} INFO - Sync 1 DAGs
[2025-02-01T07:58:24.463+0000] {logging_mixin.py:190} INFO - [2025-02-01T07:58:24.463+0000] {dag.py:4180} INFO - Setting next_dagrun for example_branch_dop_operator_v3 to 2025-02-01 07:57:00+00:00, run_after=2025-02-01 07:58:00+00:00
[2025-02-01T07:58:24.487+0000] {processor.py:208} INFO - Processing /home/airflow/.local/lib/python3.12/site-packages/airflow/example_dags/example_branch_python_dop_operator_3.py took 0.112 seconds
[2025-02-01T07:58:56.131+0000] {processor.py:186} INFO - Started process (PID=2941) to work on /home/airflow/.local/lib/python3.12/site-packages/airflow/example_dags/example_branch_python_dop_operator_3.py
[2025-02-01T07:58:56.132+0000] {processor.py:914} INFO - Processing file /home/airflow/.local/lib/python3.12/site-packages/airflow/example_dags/example_branch_python_dop_operator_3.py for tasks to queue
[2025-02-01T07:58:56.135+0000] {logging_mixin.py:190} INFO - [2025-02-01T07:58:56.134+0000] {dagbag.py:588} INFO - Filling up the DagBag from /home/airflow/.local/lib/python3.12/site-packages/airflow/example_dags/example_branch_python_dop_operator_3.py
[2025-02-01T07:58:56.148+0000] {processor.py:925} INFO - DAG(s) 'example_branch_dop_operator_v3' retrieved from /home/airflow/.local/lib/python3.12/site-packages/airflow/example_dags/example_branch_python_dop_operator_3.py
[2025-02-01T07:58:56.173+0000] {logging_mixin.py:190} INFO - [2025-02-01T07:58:56.172+0000] {dag.py:3239} INFO - Sync 1 DAGs
[2025-02-01T07:58:56.206+0000] {logging_mixin.py:190} INFO - [2025-02-01T07:58:56.206+0000] {dag.py:4180} INFO - Setting next_dagrun for example_branch_dop_operator_v3 to 2025-02-01 07:57:00+00:00, run_after=2025-02-01 07:58:00+00:00
[2025-02-01T07:58:56.233+0000] {processor.py:208} INFO - Processing /home/airflow/.local/lib/python3.12/site-packages/airflow/example_dags/example_branch_python_dop_operator_3.py took 0.110 seconds
[2025-02-01T07:59:28.283+0000] {processor.py:186} INFO - Started process (PID=3006) to work on /home/airflow/.local/lib/python3.12/site-packages/airflow/example_dags/example_branch_python_dop_operator_3.py
[2025-02-01T07:59:28.285+0000] {processor.py:914} INFO - Processing file /home/airflow/.local/lib/python3.12/site-packages/airflow/example_dags/example_branch_python_dop_operator_3.py for tasks to queue
[2025-02-01T07:59:28.288+0000] {logging_mixin.py:190} INFO - [2025-02-01T07:59:28.287+0000] {dagbag.py:588} INFO - Filling up the DagBag from /home/airflow/.local/lib/python3.12/site-packages/airflow/example_dags/example_branch_python_dop_operator_3.py
[2025-02-01T07:59:28.302+0000] {processor.py:925} INFO - DAG(s) 'example_branch_dop_operator_v3' retrieved from /home/airflow/.local/lib/python3.12/site-packages/airflow/example_dags/example_branch_python_dop_operator_3.py
[2025-02-01T07:59:28.329+0000] {logging_mixin.py:190} INFO - [2025-02-01T07:59:28.328+0000] {dag.py:3239} INFO - Sync 1 DAGs
[2025-02-01T07:59:28.365+0000] {logging_mixin.py:190} INFO - [2025-02-01T07:59:28.365+0000] {dag.py:4180} INFO - Setting next_dagrun for example_branch_dop_operator_v3 to 2025-02-01 07:58:00+00:00, run_after=2025-02-01 07:59:00+00:00
[2025-02-01T07:59:28.597+0000] {processor.py:208} INFO - Processing /home/airflow/.local/lib/python3.12/site-packages/airflow/example_dags/example_branch_python_dop_operator_3.py took 0.323 seconds
[2025-02-01T07:59:59.952+0000] {processor.py:186} INFO - Started process (PID=3076) to work on /home/airflow/.local/lib/python3.12/site-packages/airflow/example_dags/example_branch_python_dop_operator_3.py
[2025-02-01T07:59:59.954+0000] {processor.py:914} INFO - Processing file /home/airflow/.local/lib/python3.12/site-packages/airflow/example_dags/example_branch_python_dop_operator_3.py for tasks to queue
[2025-02-01T07:59:59.958+0000] {logging_mixin.py:190} INFO - [2025-02-01T07:59:59.957+0000] {dagbag.py:588} INFO - Filling up the DagBag from /home/airflow/.local/lib/python3.12/site-packages/airflow/example_dags/example_branch_python_dop_operator_3.py
[2025-02-01T07:59:59.972+0000] {processor.py:925} INFO - DAG(s) 'example_branch_dop_operator_v3' retrieved from /home/airflow/.local/lib/python3.12/site-packages/airflow/example_dags/example_branch_python_dop_operator_3.py
[2025-02-01T07:59:59.998+0000] {logging_mixin.py:190} INFO - [2025-02-01T07:59:59.997+0000] {dag.py:3239} INFO - Sync 1 DAGs
[2025-02-01T08:00:00.045+0000] {logging_mixin.py:190} INFO - [2025-02-01T08:00:00.045+0000] {dag.py:4180} INFO - Setting next_dagrun for example_branch_dop_operator_v3 to 2025-02-01 07:59:00+00:00, run_after=2025-02-01 08:00:00+00:00
[2025-02-01T08:00:00.076+0000] {processor.py:208} INFO - Processing /home/airflow/.local/lib/python3.12/site-packages/airflow/example_dags/example_branch_python_dop_operator_3.py took 0.138 seconds
[2025-02-01T08:00:30.430+0000] {processor.py:186} INFO - Started process (PID=3140) to work on /home/airflow/.local/lib/python3.12/site-packages/airflow/example_dags/example_branch_python_dop_operator_3.py
[2025-02-01T08:00:30.432+0000] {processor.py:914} INFO - Processing file /home/airflow/.local/lib/python3.12/site-packages/airflow/example_dags/example_branch_python_dop_operator_3.py for tasks to queue
[2025-02-01T08:00:30.437+0000] {logging_mixin.py:190} INFO - [2025-02-01T08:00:30.436+0000] {dagbag.py:588} INFO - Filling up the DagBag from /home/airflow/.local/lib/python3.12/site-packages/airflow/example_dags/example_branch_python_dop_operator_3.py
[2025-02-01T08:00:30.468+0000] {processor.py:925} INFO - DAG(s) 'example_branch_dop_operator_v3' retrieved from /home/airflow/.local/lib/python3.12/site-packages/airflow/example_dags/example_branch_python_dop_operator_3.py
[2025-02-01T08:00:30.500+0000] {logging_mixin.py:190} INFO - [2025-02-01T08:00:30.500+0000] {dag.py:3239} INFO - Sync 1 DAGs
[2025-02-01T08:00:30.533+0000] {logging_mixin.py:190} INFO - [2025-02-01T08:00:30.533+0000] {dag.py:4180} INFO - Setting next_dagrun for example_branch_dop_operator_v3 to 2025-02-01 07:59:00+00:00, run_after=2025-02-01 08:00:00+00:00
[2025-02-01T08:00:30.560+0000] {processor.py:208} INFO - Processing /home/airflow/.local/lib/python3.12/site-packages/airflow/example_dags/example_branch_python_dop_operator_3.py took 0.143 seconds
[2025-02-01T08:01:01.295+0000] {processor.py:186} INFO - Started process (PID=3207) to work on /home/airflow/.local/lib/python3.12/site-packages/airflow/example_dags/example_branch_python_dop_operator_3.py
[2025-02-01T08:01:01.296+0000] {processor.py:914} INFO - Processing file /home/airflow/.local/lib/python3.12/site-packages/airflow/example_dags/example_branch_python_dop_operator_3.py for tasks to queue
[2025-02-01T08:01:01.299+0000] {logging_mixin.py:190} INFO - [2025-02-01T08:01:01.299+0000] {dagbag.py:588} INFO - Filling up the DagBag from /home/airflow/.local/lib/python3.12/site-packages/airflow/example_dags/example_branch_python_dop_operator_3.py
[2025-02-01T08:01:01.311+0000] {processor.py:925} INFO - DAG(s) 'example_branch_dop_operator_v3' retrieved from /home/airflow/.local/lib/python3.12/site-packages/airflow/example_dags/example_branch_python_dop_operator_3.py
[2025-02-01T08:01:01.339+0000] {logging_mixin.py:190} INFO - [2025-02-01T08:01:01.338+0000] {dag.py:3239} INFO - Sync 1 DAGs
[2025-02-01T08:01:01.370+0000] {logging_mixin.py:190} INFO - [2025-02-01T08:01:01.370+0000] {dag.py:4180} INFO - Setting next_dagrun for example_branch_dop_operator_v3 to 2025-02-01 08:00:00+00:00, run_after=2025-02-01 08:01:00+00:00
[2025-02-01T08:01:01.394+0000] {processor.py:208} INFO - Processing /home/airflow/.local/lib/python3.12/site-packages/airflow/example_dags/example_branch_python_dop_operator_3.py took 0.108 seconds
[2025-02-01T08:01:33.730+0000] {processor.py:186} INFO - Started process (PID=3274) to work on /home/airflow/.local/lib/python3.12/site-packages/airflow/example_dags/example_branch_python_dop_operator_3.py
[2025-02-01T08:01:33.731+0000] {processor.py:914} INFO - Processing file /home/airflow/.local/lib/python3.12/site-packages/airflow/example_dags/example_branch_python_dop_operator_3.py for tasks to queue
[2025-02-01T08:01:33.736+0000] {logging_mixin.py:190} INFO - [2025-02-01T08:01:33.734+0000] {dagbag.py:588} INFO - Filling up the DagBag from /home/airflow/.local/lib/python3.12/site-packages/airflow/example_dags/example_branch_python_dop_operator_3.py
[2025-02-01T08:01:33.751+0000] {processor.py:925} INFO - DAG(s) 'example_branch_dop_operator_v3' retrieved from /home/airflow/.local/lib/python3.12/site-packages/airflow/example_dags/example_branch_python_dop_operator_3.py
[2025-02-01T08:01:33.778+0000] {logging_mixin.py:190} INFO - [2025-02-01T08:01:33.778+0000] {dag.py:3239} INFO - Sync 1 DAGs
[2025-02-01T08:01:33.814+0000] {logging_mixin.py:190} INFO - [2025-02-01T08:01:33.813+0000] {dag.py:4180} INFO - Setting next_dagrun for example_branch_dop_operator_v3 to 2025-02-01 08:00:00+00:00, run_after=2025-02-01 08:01:00+00:00
[2025-02-01T08:01:33.851+0000] {processor.py:208} INFO - Processing /home/airflow/.local/lib/python3.12/site-packages/airflow/example_dags/example_branch_python_dop_operator_3.py took 0.131 seconds
