[2025-02-01T07:36:56.469+0000] {processor.py:186} INFO - Started process (PID=129) to work on /home/airflow/.local/lib/python3.12/site-packages/airflow/example_dags/example_external_task_marker_dag.py
[2025-02-01T07:36:56.472+0000] {processor.py:914} INFO - Processing file /home/airflow/.local/lib/python3.12/site-packages/airflow/example_dags/example_external_task_marker_dag.py for tasks to queue
[2025-02-01T07:36:56.479+0000] {logging_mixin.py:190} INFO - [2025-02-01T07:36:56.478+0000] {dagbag.py:588} INFO - Filling up the DagBag from /home/airflow/.local/lib/python3.12/site-packages/airflow/example_dags/example_external_task_marker_dag.py
[2025-02-01T07:36:56.504+0000] {processor.py:925} INFO - DAG(s) 'example_external_task_marker_child', 'example_external_task_marker_parent' retrieved from /home/airflow/.local/lib/python3.12/site-packages/airflow/example_dags/example_external_task_marker_dag.py
[2025-02-01T07:36:56.549+0000] {logging_mixin.py:190} INFO - [2025-02-01T07:36:56.549+0000] {dag.py:3239} INFO - Sync 2 DAGs
[2025-02-01T07:36:56.580+0000] {logging_mixin.py:190} INFO - [2025-02-01T07:36:56.580+0000] {dag.py:4180} INFO - Setting next_dagrun for example_external_task_marker_child to None, run_after=None
[2025-02-01T07:36:56.591+0000] {logging_mixin.py:190} INFO - [2025-02-01T07:36:56.590+0000] {dag.py:4180} INFO - Setting next_dagrun for example_external_task_marker_parent to None, run_after=None
[2025-02-01T07:36:56.619+0000] {processor.py:208} INFO - Processing /home/airflow/.local/lib/python3.12/site-packages/airflow/example_dags/example_external_task_marker_dag.py took 0.181 seconds
[2025-02-01T07:37:27.225+0000] {processor.py:186} INFO - Started process (PID=203) to work on /home/airflow/.local/lib/python3.12/site-packages/airflow/example_dags/example_external_task_marker_dag.py
[2025-02-01T07:37:27.227+0000] {processor.py:914} INFO - Processing file /home/airflow/.local/lib/python3.12/site-packages/airflow/example_dags/example_external_task_marker_dag.py for tasks to queue
[2025-02-01T07:37:27.232+0000] {logging_mixin.py:190} INFO - [2025-02-01T07:37:27.231+0000] {dagbag.py:588} INFO - Filling up the DagBag from /home/airflow/.local/lib/python3.12/site-packages/airflow/example_dags/example_external_task_marker_dag.py
[2025-02-01T07:37:27.244+0000] {processor.py:925} INFO - DAG(s) 'example_external_task_marker_child', 'example_external_task_marker_parent' retrieved from /home/airflow/.local/lib/python3.12/site-packages/airflow/example_dags/example_external_task_marker_dag.py
[2025-02-01T07:37:27.280+0000] {logging_mixin.py:190} INFO - [2025-02-01T07:37:27.280+0000] {dag.py:3239} INFO - Sync 2 DAGs
[2025-02-01T07:37:27.302+0000] {logging_mixin.py:190} INFO - [2025-02-01T07:37:27.302+0000] {dag.py:4180} INFO - Setting next_dagrun for example_external_task_marker_child to None, run_after=None
[2025-02-01T07:37:27.309+0000] {logging_mixin.py:190} INFO - [2025-02-01T07:37:27.308+0000] {dag.py:4180} INFO - Setting next_dagrun for example_external_task_marker_parent to None, run_after=None
[2025-02-01T07:37:27.343+0000] {processor.py:208} INFO - Processing /home/airflow/.local/lib/python3.12/site-packages/airflow/example_dags/example_external_task_marker_dag.py took 0.128 seconds
[2025-02-01T07:37:58.203+0000] {processor.py:186} INFO - Started process (PID=269) to work on /home/airflow/.local/lib/python3.12/site-packages/airflow/example_dags/example_external_task_marker_dag.py
[2025-02-01T07:37:58.204+0000] {processor.py:914} INFO - Processing file /home/airflow/.local/lib/python3.12/site-packages/airflow/example_dags/example_external_task_marker_dag.py for tasks to queue
[2025-02-01T07:37:58.212+0000] {logging_mixin.py:190} INFO - [2025-02-01T07:37:58.212+0000] {dagbag.py:588} INFO - Filling up the DagBag from /home/airflow/.local/lib/python3.12/site-packages/airflow/example_dags/example_external_task_marker_dag.py
[2025-02-01T07:37:58.223+0000] {processor.py:925} INFO - DAG(s) 'example_external_task_marker_child', 'example_external_task_marker_parent' retrieved from /home/airflow/.local/lib/python3.12/site-packages/airflow/example_dags/example_external_task_marker_dag.py
[2025-02-01T07:37:58.258+0000] {logging_mixin.py:190} INFO - [2025-02-01T07:37:58.257+0000] {dag.py:3239} INFO - Sync 2 DAGs
[2025-02-01T07:37:58.278+0000] {logging_mixin.py:190} INFO - [2025-02-01T07:37:58.278+0000] {dag.py:4180} INFO - Setting next_dagrun for example_external_task_marker_child to None, run_after=None
[2025-02-01T07:37:58.284+0000] {logging_mixin.py:190} INFO - [2025-02-01T07:37:58.283+0000] {dag.py:4180} INFO - Setting next_dagrun for example_external_task_marker_parent to None, run_after=None
[2025-02-01T07:37:58.317+0000] {processor.py:208} INFO - Processing /home/airflow/.local/lib/python3.12/site-packages/airflow/example_dags/example_external_task_marker_dag.py took 0.124 seconds
[2025-02-01T07:38:29.094+0000] {processor.py:186} INFO - Started process (PID=335) to work on /home/airflow/.local/lib/python3.12/site-packages/airflow/example_dags/example_external_task_marker_dag.py
[2025-02-01T07:38:29.103+0000] {processor.py:914} INFO - Processing file /home/airflow/.local/lib/python3.12/site-packages/airflow/example_dags/example_external_task_marker_dag.py for tasks to queue
[2025-02-01T07:38:29.108+0000] {logging_mixin.py:190} INFO - [2025-02-01T07:38:29.107+0000] {dagbag.py:588} INFO - Filling up the DagBag from /home/airflow/.local/lib/python3.12/site-packages/airflow/example_dags/example_external_task_marker_dag.py
[2025-02-01T07:38:29.121+0000] {processor.py:925} INFO - DAG(s) 'example_external_task_marker_child', 'example_external_task_marker_parent' retrieved from /home/airflow/.local/lib/python3.12/site-packages/airflow/example_dags/example_external_task_marker_dag.py
[2025-02-01T07:38:29.155+0000] {logging_mixin.py:190} INFO - [2025-02-01T07:38:29.155+0000] {dag.py:3239} INFO - Sync 2 DAGs
[2025-02-01T07:38:29.173+0000] {logging_mixin.py:190} INFO - [2025-02-01T07:38:29.173+0000] {dag.py:4180} INFO - Setting next_dagrun for example_external_task_marker_child to None, run_after=None
[2025-02-01T07:38:29.178+0000] {logging_mixin.py:190} INFO - [2025-02-01T07:38:29.177+0000] {dag.py:4180} INFO - Setting next_dagrun for example_external_task_marker_parent to None, run_after=None
[2025-02-01T07:38:29.204+0000] {processor.py:208} INFO - Processing /home/airflow/.local/lib/python3.12/site-packages/airflow/example_dags/example_external_task_marker_dag.py took 0.121 seconds
[2025-02-01T07:39:01.342+0000] {processor.py:186} INFO - Started process (PID=401) to work on /home/airflow/.local/lib/python3.12/site-packages/airflow/example_dags/example_external_task_marker_dag.py
[2025-02-01T07:39:01.343+0000] {processor.py:914} INFO - Processing file /home/airflow/.local/lib/python3.12/site-packages/airflow/example_dags/example_external_task_marker_dag.py for tasks to queue
[2025-02-01T07:39:01.347+0000] {logging_mixin.py:190} INFO - [2025-02-01T07:39:01.347+0000] {dagbag.py:588} INFO - Filling up the DagBag from /home/airflow/.local/lib/python3.12/site-packages/airflow/example_dags/example_external_task_marker_dag.py
[2025-02-01T07:39:01.358+0000] {processor.py:925} INFO - DAG(s) 'example_external_task_marker_child', 'example_external_task_marker_parent' retrieved from /home/airflow/.local/lib/python3.12/site-packages/airflow/example_dags/example_external_task_marker_dag.py
[2025-02-01T07:39:01.392+0000] {logging_mixin.py:190} INFO - [2025-02-01T07:39:01.392+0000] {dag.py:3239} INFO - Sync 2 DAGs
[2025-02-01T07:39:01.411+0000] {logging_mixin.py:190} INFO - [2025-02-01T07:39:01.411+0000] {dag.py:4180} INFO - Setting next_dagrun for example_external_task_marker_child to None, run_after=None
[2025-02-01T07:39:01.417+0000] {logging_mixin.py:190} INFO - [2025-02-01T07:39:01.417+0000] {dag.py:4180} INFO - Setting next_dagrun for example_external_task_marker_parent to None, run_after=None
[2025-02-01T07:39:01.446+0000] {processor.py:208} INFO - Processing /home/airflow/.local/lib/python3.12/site-packages/airflow/example_dags/example_external_task_marker_dag.py took 0.113 seconds
[2025-02-01T07:39:33.114+0000] {processor.py:186} INFO - Started process (PID=467) to work on /home/airflow/.local/lib/python3.12/site-packages/airflow/example_dags/example_external_task_marker_dag.py
[2025-02-01T07:39:33.116+0000] {processor.py:914} INFO - Processing file /home/airflow/.local/lib/python3.12/site-packages/airflow/example_dags/example_external_task_marker_dag.py for tasks to queue
[2025-02-01T07:39:33.120+0000] {logging_mixin.py:190} INFO - [2025-02-01T07:39:33.119+0000] {dagbag.py:588} INFO - Filling up the DagBag from /home/airflow/.local/lib/python3.12/site-packages/airflow/example_dags/example_external_task_marker_dag.py
[2025-02-01T07:39:33.133+0000] {processor.py:925} INFO - DAG(s) 'example_external_task_marker_child', 'example_external_task_marker_parent' retrieved from /home/airflow/.local/lib/python3.12/site-packages/airflow/example_dags/example_external_task_marker_dag.py
[2025-02-01T07:39:33.219+0000] {logging_mixin.py:190} INFO - [2025-02-01T07:39:33.219+0000] {dag.py:3239} INFO - Sync 2 DAGs
[2025-02-01T07:39:33.290+0000] {logging_mixin.py:190} INFO - [2025-02-01T07:39:33.290+0000] {dag.py:4180} INFO - Setting next_dagrun for example_external_task_marker_child to None, run_after=None
[2025-02-01T07:39:33.297+0000] {logging_mixin.py:190} INFO - [2025-02-01T07:39:33.297+0000] {dag.py:4180} INFO - Setting next_dagrun for example_external_task_marker_parent to None, run_after=None
[2025-02-01T07:39:33.325+0000] {processor.py:208} INFO - Processing /home/airflow/.local/lib/python3.12/site-packages/airflow/example_dags/example_external_task_marker_dag.py took 0.222 seconds
[2025-02-01T07:40:03.649+0000] {processor.py:186} INFO - Started process (PID=533) to work on /home/airflow/.local/lib/python3.12/site-packages/airflow/example_dags/example_external_task_marker_dag.py
[2025-02-01T07:40:03.651+0000] {processor.py:914} INFO - Processing file /home/airflow/.local/lib/python3.12/site-packages/airflow/example_dags/example_external_task_marker_dag.py for tasks to queue
[2025-02-01T07:40:03.655+0000] {logging_mixin.py:190} INFO - [2025-02-01T07:40:03.654+0000] {dagbag.py:588} INFO - Filling up the DagBag from /home/airflow/.local/lib/python3.12/site-packages/airflow/example_dags/example_external_task_marker_dag.py
[2025-02-01T07:40:03.668+0000] {processor.py:925} INFO - DAG(s) 'example_external_task_marker_parent', 'example_external_task_marker_child' retrieved from /home/airflow/.local/lib/python3.12/site-packages/airflow/example_dags/example_external_task_marker_dag.py
[2025-02-01T07:40:03.703+0000] {logging_mixin.py:190} INFO - [2025-02-01T07:40:03.703+0000] {dag.py:3239} INFO - Sync 2 DAGs
[2025-02-01T07:40:03.724+0000] {logging_mixin.py:190} INFO - [2025-02-01T07:40:03.724+0000] {dag.py:4180} INFO - Setting next_dagrun for example_external_task_marker_child to None, run_after=None
[2025-02-01T07:40:03.729+0000] {logging_mixin.py:190} INFO - [2025-02-01T07:40:03.729+0000] {dag.py:4180} INFO - Setting next_dagrun for example_external_task_marker_parent to None, run_after=None
[2025-02-01T07:40:03.755+0000] {processor.py:208} INFO - Processing /home/airflow/.local/lib/python3.12/site-packages/airflow/example_dags/example_external_task_marker_dag.py took 0.117 seconds
[2025-02-01T07:40:34.479+0000] {processor.py:186} INFO - Started process (PID=604) to work on /home/airflow/.local/lib/python3.12/site-packages/airflow/example_dags/example_external_task_marker_dag.py
[2025-02-01T07:40:34.480+0000] {processor.py:914} INFO - Processing file /home/airflow/.local/lib/python3.12/site-packages/airflow/example_dags/example_external_task_marker_dag.py for tasks to queue
[2025-02-01T07:40:34.484+0000] {logging_mixin.py:190} INFO - [2025-02-01T07:40:34.483+0000] {dagbag.py:588} INFO - Filling up the DagBag from /home/airflow/.local/lib/python3.12/site-packages/airflow/example_dags/example_external_task_marker_dag.py
[2025-02-01T07:40:34.493+0000] {processor.py:925} INFO - DAG(s) 'example_external_task_marker_parent', 'example_external_task_marker_child' retrieved from /home/airflow/.local/lib/python3.12/site-packages/airflow/example_dags/example_external_task_marker_dag.py
[2025-02-01T07:40:34.522+0000] {logging_mixin.py:190} INFO - [2025-02-01T07:40:34.522+0000] {dag.py:3239} INFO - Sync 2 DAGs
[2025-02-01T07:40:34.540+0000] {logging_mixin.py:190} INFO - [2025-02-01T07:40:34.540+0000] {dag.py:4180} INFO - Setting next_dagrun for example_external_task_marker_child to None, run_after=None
[2025-02-01T07:40:34.547+0000] {logging_mixin.py:190} INFO - [2025-02-01T07:40:34.547+0000] {dag.py:4180} INFO - Setting next_dagrun for example_external_task_marker_parent to None, run_after=None
[2025-02-01T07:40:34.584+0000] {processor.py:208} INFO - Processing /home/airflow/.local/lib/python3.12/site-packages/airflow/example_dags/example_external_task_marker_dag.py took 0.114 seconds
[2025-02-01T07:41:05.958+0000] {processor.py:186} INFO - Started process (PID=670) to work on /home/airflow/.local/lib/python3.12/site-packages/airflow/example_dags/example_external_task_marker_dag.py
[2025-02-01T07:41:05.959+0000] {processor.py:914} INFO - Processing file /home/airflow/.local/lib/python3.12/site-packages/airflow/example_dags/example_external_task_marker_dag.py for tasks to queue
[2025-02-01T07:41:05.962+0000] {logging_mixin.py:190} INFO - [2025-02-01T07:41:05.962+0000] {dagbag.py:588} INFO - Filling up the DagBag from /home/airflow/.local/lib/python3.12/site-packages/airflow/example_dags/example_external_task_marker_dag.py
[2025-02-01T07:41:05.976+0000] {processor.py:925} INFO - DAG(s) 'example_external_task_marker_child', 'example_external_task_marker_parent' retrieved from /home/airflow/.local/lib/python3.12/site-packages/airflow/example_dags/example_external_task_marker_dag.py
[2025-02-01T07:41:06.015+0000] {logging_mixin.py:190} INFO - [2025-02-01T07:41:06.015+0000] {dag.py:3239} INFO - Sync 2 DAGs
[2025-02-01T07:41:06.039+0000] {logging_mixin.py:190} INFO - [2025-02-01T07:41:06.039+0000] {dag.py:4180} INFO - Setting next_dagrun for example_external_task_marker_child to None, run_after=None
[2025-02-01T07:41:06.045+0000] {logging_mixin.py:190} INFO - [2025-02-01T07:41:06.045+0000] {dag.py:4180} INFO - Setting next_dagrun for example_external_task_marker_parent to None, run_after=None
[2025-02-01T07:41:06.068+0000] {processor.py:208} INFO - Processing /home/airflow/.local/lib/python3.12/site-packages/airflow/example_dags/example_external_task_marker_dag.py took 0.119 seconds
[2025-02-01T07:41:37.585+0000] {processor.py:186} INFO - Started process (PID=736) to work on /home/airflow/.local/lib/python3.12/site-packages/airflow/example_dags/example_external_task_marker_dag.py
[2025-02-01T07:41:37.587+0000] {processor.py:914} INFO - Processing file /home/airflow/.local/lib/python3.12/site-packages/airflow/example_dags/example_external_task_marker_dag.py for tasks to queue
[2025-02-01T07:41:37.590+0000] {logging_mixin.py:190} INFO - [2025-02-01T07:41:37.589+0000] {dagbag.py:588} INFO - Filling up the DagBag from /home/airflow/.local/lib/python3.12/site-packages/airflow/example_dags/example_external_task_marker_dag.py
[2025-02-01T07:41:37.600+0000] {processor.py:925} INFO - DAG(s) 'example_external_task_marker_child', 'example_external_task_marker_parent' retrieved from /home/airflow/.local/lib/python3.12/site-packages/airflow/example_dags/example_external_task_marker_dag.py
[2025-02-01T07:41:37.634+0000] {logging_mixin.py:190} INFO - [2025-02-01T07:41:37.634+0000] {dag.py:3239} INFO - Sync 2 DAGs
[2025-02-01T07:41:37.659+0000] {logging_mixin.py:190} INFO - [2025-02-01T07:41:37.659+0000] {dag.py:4180} INFO - Setting next_dagrun for example_external_task_marker_child to None, run_after=None
[2025-02-01T07:41:37.664+0000] {logging_mixin.py:190} INFO - [2025-02-01T07:41:37.664+0000] {dag.py:4180} INFO - Setting next_dagrun for example_external_task_marker_parent to None, run_after=None
[2025-02-01T07:41:37.694+0000] {processor.py:208} INFO - Processing /home/airflow/.local/lib/python3.12/site-packages/airflow/example_dags/example_external_task_marker_dag.py took 0.118 seconds
[2025-02-01T07:42:09.490+0000] {processor.py:186} INFO - Started process (PID=802) to work on /home/airflow/.local/lib/python3.12/site-packages/airflow/example_dags/example_external_task_marker_dag.py
[2025-02-01T07:42:09.491+0000] {processor.py:914} INFO - Processing file /home/airflow/.local/lib/python3.12/site-packages/airflow/example_dags/example_external_task_marker_dag.py for tasks to queue
[2025-02-01T07:42:09.496+0000] {logging_mixin.py:190} INFO - [2025-02-01T07:42:09.496+0000] {dagbag.py:588} INFO - Filling up the DagBag from /home/airflow/.local/lib/python3.12/site-packages/airflow/example_dags/example_external_task_marker_dag.py
[2025-02-01T07:42:09.506+0000] {processor.py:925} INFO - DAG(s) 'example_external_task_marker_parent', 'example_external_task_marker_child' retrieved from /home/airflow/.local/lib/python3.12/site-packages/airflow/example_dags/example_external_task_marker_dag.py
[2025-02-01T07:42:09.559+0000] {logging_mixin.py:190} INFO - [2025-02-01T07:42:09.558+0000] {dag.py:3239} INFO - Sync 2 DAGs
[2025-02-01T07:42:09.590+0000] {logging_mixin.py:190} INFO - [2025-02-01T07:42:09.590+0000] {dag.py:4180} INFO - Setting next_dagrun for example_external_task_marker_child to None, run_after=None
[2025-02-01T07:42:09.597+0000] {logging_mixin.py:190} INFO - [2025-02-01T07:42:09.597+0000] {dag.py:4180} INFO - Setting next_dagrun for example_external_task_marker_parent to None, run_after=None
[2025-02-01T07:42:09.622+0000] {processor.py:208} INFO - Processing /home/airflow/.local/lib/python3.12/site-packages/airflow/example_dags/example_external_task_marker_dag.py took 0.143 seconds
[2025-02-01T07:42:40.913+0000] {processor.py:186} INFO - Started process (PID=868) to work on /home/airflow/.local/lib/python3.12/site-packages/airflow/example_dags/example_external_task_marker_dag.py
[2025-02-01T07:42:40.914+0000] {processor.py:914} INFO - Processing file /home/airflow/.local/lib/python3.12/site-packages/airflow/example_dags/example_external_task_marker_dag.py for tasks to queue
[2025-02-01T07:42:40.918+0000] {logging_mixin.py:190} INFO - [2025-02-01T07:42:40.917+0000] {dagbag.py:588} INFO - Filling up the DagBag from /home/airflow/.local/lib/python3.12/site-packages/airflow/example_dags/example_external_task_marker_dag.py
[2025-02-01T07:42:40.934+0000] {processor.py:925} INFO - DAG(s) 'example_external_task_marker_parent', 'example_external_task_marker_child' retrieved from /home/airflow/.local/lib/python3.12/site-packages/airflow/example_dags/example_external_task_marker_dag.py
[2025-02-01T07:42:41.003+0000] {logging_mixin.py:190} INFO - [2025-02-01T07:42:41.002+0000] {dag.py:3239} INFO - Sync 2 DAGs
[2025-02-01T07:42:41.036+0000] {logging_mixin.py:190} INFO - [2025-02-01T07:42:41.036+0000] {dag.py:4180} INFO - Setting next_dagrun for example_external_task_marker_child to None, run_after=None
[2025-02-01T07:42:41.044+0000] {logging_mixin.py:190} INFO - [2025-02-01T07:42:41.042+0000] {dag.py:4180} INFO - Setting next_dagrun for example_external_task_marker_parent to None, run_after=None
[2025-02-01T07:42:41.074+0000] {processor.py:208} INFO - Processing /home/airflow/.local/lib/python3.12/site-packages/airflow/example_dags/example_external_task_marker_dag.py took 0.171 seconds
[2025-02-01T07:43:12.093+0000] {processor.py:186} INFO - Started process (PID=934) to work on /home/airflow/.local/lib/python3.12/site-packages/airflow/example_dags/example_external_task_marker_dag.py
[2025-02-01T07:43:12.094+0000] {processor.py:914} INFO - Processing file /home/airflow/.local/lib/python3.12/site-packages/airflow/example_dags/example_external_task_marker_dag.py for tasks to queue
[2025-02-01T07:43:12.098+0000] {logging_mixin.py:190} INFO - [2025-02-01T07:43:12.097+0000] {dagbag.py:588} INFO - Filling up the DagBag from /home/airflow/.local/lib/python3.12/site-packages/airflow/example_dags/example_external_task_marker_dag.py
[2025-02-01T07:43:12.108+0000] {processor.py:925} INFO - DAG(s) 'example_external_task_marker_parent', 'example_external_task_marker_child' retrieved from /home/airflow/.local/lib/python3.12/site-packages/airflow/example_dags/example_external_task_marker_dag.py
[2025-02-01T07:43:12.136+0000] {logging_mixin.py:190} INFO - [2025-02-01T07:43:12.136+0000] {dag.py:3239} INFO - Sync 2 DAGs
[2025-02-01T07:43:12.156+0000] {logging_mixin.py:190} INFO - [2025-02-01T07:43:12.156+0000] {dag.py:4180} INFO - Setting next_dagrun for example_external_task_marker_child to None, run_after=None
[2025-02-01T07:43:12.163+0000] {logging_mixin.py:190} INFO - [2025-02-01T07:43:12.162+0000] {dag.py:4180} INFO - Setting next_dagrun for example_external_task_marker_parent to None, run_after=None
[2025-02-01T07:43:12.188+0000] {processor.py:208} INFO - Processing /home/airflow/.local/lib/python3.12/site-packages/airflow/example_dags/example_external_task_marker_dag.py took 0.105 seconds
[2025-02-01T07:43:43.818+0000] {processor.py:186} INFO - Started process (PID=1000) to work on /home/airflow/.local/lib/python3.12/site-packages/airflow/example_dags/example_external_task_marker_dag.py
[2025-02-01T07:43:43.819+0000] {processor.py:914} INFO - Processing file /home/airflow/.local/lib/python3.12/site-packages/airflow/example_dags/example_external_task_marker_dag.py for tasks to queue
[2025-02-01T07:43:43.823+0000] {logging_mixin.py:190} INFO - [2025-02-01T07:43:43.822+0000] {dagbag.py:588} INFO - Filling up the DagBag from /home/airflow/.local/lib/python3.12/site-packages/airflow/example_dags/example_external_task_marker_dag.py
[2025-02-01T07:43:43.836+0000] {processor.py:925} INFO - DAG(s) 'example_external_task_marker_child', 'example_external_task_marker_parent' retrieved from /home/airflow/.local/lib/python3.12/site-packages/airflow/example_dags/example_external_task_marker_dag.py
[2025-02-01T07:43:43.862+0000] {logging_mixin.py:190} INFO - [2025-02-01T07:43:43.862+0000] {dag.py:3239} INFO - Sync 2 DAGs
[2025-02-01T07:43:43.883+0000] {logging_mixin.py:190} INFO - [2025-02-01T07:43:43.883+0000] {dag.py:4180} INFO - Setting next_dagrun for example_external_task_marker_child to None, run_after=None
[2025-02-01T07:43:43.888+0000] {logging_mixin.py:190} INFO - [2025-02-01T07:43:43.888+0000] {dag.py:4180} INFO - Setting next_dagrun for example_external_task_marker_parent to None, run_after=None
[2025-02-01T07:43:43.913+0000] {processor.py:208} INFO - Processing /home/airflow/.local/lib/python3.12/site-packages/airflow/example_dags/example_external_task_marker_dag.py took 0.110 seconds
[2025-02-01T07:44:15.706+0000] {processor.py:186} INFO - Started process (PID=1066) to work on /home/airflow/.local/lib/python3.12/site-packages/airflow/example_dags/example_external_task_marker_dag.py
[2025-02-01T07:44:15.707+0000] {processor.py:914} INFO - Processing file /home/airflow/.local/lib/python3.12/site-packages/airflow/example_dags/example_external_task_marker_dag.py for tasks to queue
[2025-02-01T07:44:15.711+0000] {logging_mixin.py:190} INFO - [2025-02-01T07:44:15.710+0000] {dagbag.py:588} INFO - Filling up the DagBag from /home/airflow/.local/lib/python3.12/site-packages/airflow/example_dags/example_external_task_marker_dag.py
[2025-02-01T07:44:15.722+0000] {processor.py:925} INFO - DAG(s) 'example_external_task_marker_parent', 'example_external_task_marker_child' retrieved from /home/airflow/.local/lib/python3.12/site-packages/airflow/example_dags/example_external_task_marker_dag.py
[2025-02-01T07:44:15.750+0000] {logging_mixin.py:190} INFO - [2025-02-01T07:44:15.750+0000] {dag.py:3239} INFO - Sync 2 DAGs
[2025-02-01T07:44:15.768+0000] {logging_mixin.py:190} INFO - [2025-02-01T07:44:15.768+0000] {dag.py:4180} INFO - Setting next_dagrun for example_external_task_marker_child to None, run_after=None
[2025-02-01T07:44:15.773+0000] {logging_mixin.py:190} INFO - [2025-02-01T07:44:15.773+0000] {dag.py:4180} INFO - Setting next_dagrun for example_external_task_marker_parent to None, run_after=None
[2025-02-01T07:44:15.800+0000] {processor.py:208} INFO - Processing /home/airflow/.local/lib/python3.12/site-packages/airflow/example_dags/example_external_task_marker_dag.py took 0.105 seconds
[2025-02-01T07:44:46.842+0000] {processor.py:186} INFO - Started process (PID=1132) to work on /home/airflow/.local/lib/python3.12/site-packages/airflow/example_dags/example_external_task_marker_dag.py
[2025-02-01T07:44:46.844+0000] {processor.py:914} INFO - Processing file /home/airflow/.local/lib/python3.12/site-packages/airflow/example_dags/example_external_task_marker_dag.py for tasks to queue
[2025-02-01T07:44:46.850+0000] {logging_mixin.py:190} INFO - [2025-02-01T07:44:46.849+0000] {dagbag.py:588} INFO - Filling up the DagBag from /home/airflow/.local/lib/python3.12/site-packages/airflow/example_dags/example_external_task_marker_dag.py
[2025-02-01T07:44:46.869+0000] {processor.py:925} INFO - DAG(s) 'example_external_task_marker_parent', 'example_external_task_marker_child' retrieved from /home/airflow/.local/lib/python3.12/site-packages/airflow/example_dags/example_external_task_marker_dag.py
[2025-02-01T07:44:46.910+0000] {logging_mixin.py:190} INFO - [2025-02-01T07:44:46.909+0000] {dag.py:3239} INFO - Sync 2 DAGs
[2025-02-01T07:44:46.941+0000] {logging_mixin.py:190} INFO - [2025-02-01T07:44:46.940+0000] {dag.py:4180} INFO - Setting next_dagrun for example_external_task_marker_child to None, run_after=None
[2025-02-01T07:44:46.949+0000] {logging_mixin.py:190} INFO - [2025-02-01T07:44:46.949+0000] {dag.py:4180} INFO - Setting next_dagrun for example_external_task_marker_parent to None, run_after=None
[2025-02-01T07:44:46.975+0000] {processor.py:208} INFO - Processing /home/airflow/.local/lib/python3.12/site-packages/airflow/example_dags/example_external_task_marker_dag.py took 0.155 seconds
[2025-02-01T07:45:18.451+0000] {processor.py:186} INFO - Started process (PID=1198) to work on /home/airflow/.local/lib/python3.12/site-packages/airflow/example_dags/example_external_task_marker_dag.py
[2025-02-01T07:45:18.454+0000] {processor.py:914} INFO - Processing file /home/airflow/.local/lib/python3.12/site-packages/airflow/example_dags/example_external_task_marker_dag.py for tasks to queue
[2025-02-01T07:45:18.457+0000] {logging_mixin.py:190} INFO - [2025-02-01T07:45:18.457+0000] {dagbag.py:588} INFO - Filling up the DagBag from /home/airflow/.local/lib/python3.12/site-packages/airflow/example_dags/example_external_task_marker_dag.py
[2025-02-01T07:45:18.472+0000] {processor.py:925} INFO - DAG(s) 'example_external_task_marker_child', 'example_external_task_marker_parent' retrieved from /home/airflow/.local/lib/python3.12/site-packages/airflow/example_dags/example_external_task_marker_dag.py
[2025-02-01T07:45:18.513+0000] {logging_mixin.py:190} INFO - [2025-02-01T07:45:18.513+0000] {dag.py:3239} INFO - Sync 2 DAGs
[2025-02-01T07:45:18.539+0000] {logging_mixin.py:190} INFO - [2025-02-01T07:45:18.539+0000] {dag.py:4180} INFO - Setting next_dagrun for example_external_task_marker_child to None, run_after=None
[2025-02-01T07:45:18.546+0000] {logging_mixin.py:190} INFO - [2025-02-01T07:45:18.545+0000] {dag.py:4180} INFO - Setting next_dagrun for example_external_task_marker_parent to None, run_after=None
[2025-02-01T07:45:18.583+0000] {processor.py:208} INFO - Processing /home/airflow/.local/lib/python3.12/site-packages/airflow/example_dags/example_external_task_marker_dag.py took 0.144 seconds
[2025-02-01T07:45:49.794+0000] {processor.py:186} INFO - Started process (PID=1264) to work on /home/airflow/.local/lib/python3.12/site-packages/airflow/example_dags/example_external_task_marker_dag.py
[2025-02-01T07:45:49.795+0000] {processor.py:914} INFO - Processing file /home/airflow/.local/lib/python3.12/site-packages/airflow/example_dags/example_external_task_marker_dag.py for tasks to queue
[2025-02-01T07:45:49.798+0000] {logging_mixin.py:190} INFO - [2025-02-01T07:45:49.798+0000] {dagbag.py:588} INFO - Filling up the DagBag from /home/airflow/.local/lib/python3.12/site-packages/airflow/example_dags/example_external_task_marker_dag.py
[2025-02-01T07:45:49.810+0000] {processor.py:925} INFO - DAG(s) 'example_external_task_marker_child', 'example_external_task_marker_parent' retrieved from /home/airflow/.local/lib/python3.12/site-packages/airflow/example_dags/example_external_task_marker_dag.py
[2025-02-01T07:45:49.860+0000] {logging_mixin.py:190} INFO - [2025-02-01T07:45:49.860+0000] {dag.py:3239} INFO - Sync 2 DAGs
[2025-02-01T07:45:49.889+0000] {logging_mixin.py:190} INFO - [2025-02-01T07:45:49.889+0000] {dag.py:4180} INFO - Setting next_dagrun for example_external_task_marker_child to None, run_after=None
[2025-02-01T07:45:49.898+0000] {logging_mixin.py:190} INFO - [2025-02-01T07:45:49.897+0000] {dag.py:4180} INFO - Setting next_dagrun for example_external_task_marker_parent to None, run_after=None
[2025-02-01T07:45:49.936+0000] {processor.py:208} INFO - Processing /home/airflow/.local/lib/python3.12/site-packages/airflow/example_dags/example_external_task_marker_dag.py took 0.152 seconds
[2025-02-01T07:46:20.861+0000] {processor.py:186} INFO - Started process (PID=1330) to work on /home/airflow/.local/lib/python3.12/site-packages/airflow/example_dags/example_external_task_marker_dag.py
[2025-02-01T07:46:20.863+0000] {processor.py:914} INFO - Processing file /home/airflow/.local/lib/python3.12/site-packages/airflow/example_dags/example_external_task_marker_dag.py for tasks to queue
[2025-02-01T07:46:20.868+0000] {logging_mixin.py:190} INFO - [2025-02-01T07:46:20.867+0000] {dagbag.py:588} INFO - Filling up the DagBag from /home/airflow/.local/lib/python3.12/site-packages/airflow/example_dags/example_external_task_marker_dag.py
[2025-02-01T07:46:20.881+0000] {processor.py:925} INFO - DAG(s) 'example_external_task_marker_parent', 'example_external_task_marker_child' retrieved from /home/airflow/.local/lib/python3.12/site-packages/airflow/example_dags/example_external_task_marker_dag.py
[2025-02-01T07:46:20.921+0000] {logging_mixin.py:190} INFO - [2025-02-01T07:46:20.920+0000] {dag.py:3239} INFO - Sync 2 DAGs
[2025-02-01T07:46:20.945+0000] {logging_mixin.py:190} INFO - [2025-02-01T07:46:20.944+0000] {dag.py:4180} INFO - Setting next_dagrun for example_external_task_marker_child to None, run_after=None
[2025-02-01T07:46:20.952+0000] {logging_mixin.py:190} INFO - [2025-02-01T07:46:20.952+0000] {dag.py:4180} INFO - Setting next_dagrun for example_external_task_marker_parent to None, run_after=None
[2025-02-01T07:46:21.000+0000] {processor.py:208} INFO - Processing /home/airflow/.local/lib/python3.12/site-packages/airflow/example_dags/example_external_task_marker_dag.py took 0.151 seconds
[2025-02-01T07:46:52.586+0000] {processor.py:186} INFO - Started process (PID=1396) to work on /home/airflow/.local/lib/python3.12/site-packages/airflow/example_dags/example_external_task_marker_dag.py
[2025-02-01T07:46:52.588+0000] {processor.py:914} INFO - Processing file /home/airflow/.local/lib/python3.12/site-packages/airflow/example_dags/example_external_task_marker_dag.py for tasks to queue
[2025-02-01T07:46:52.593+0000] {logging_mixin.py:190} INFO - [2025-02-01T07:46:52.592+0000] {dagbag.py:588} INFO - Filling up the DagBag from /home/airflow/.local/lib/python3.12/site-packages/airflow/example_dags/example_external_task_marker_dag.py
[2025-02-01T07:46:52.606+0000] {processor.py:925} INFO - DAG(s) 'example_external_task_marker_parent', 'example_external_task_marker_child' retrieved from /home/airflow/.local/lib/python3.12/site-packages/airflow/example_dags/example_external_task_marker_dag.py
[2025-02-01T07:46:52.646+0000] {logging_mixin.py:190} INFO - [2025-02-01T07:46:52.645+0000] {dag.py:3239} INFO - Sync 2 DAGs
[2025-02-01T07:46:52.672+0000] {logging_mixin.py:190} INFO - [2025-02-01T07:46:52.672+0000] {dag.py:4180} INFO - Setting next_dagrun for example_external_task_marker_child to None, run_after=None
[2025-02-01T07:46:52.678+0000] {logging_mixin.py:190} INFO - [2025-02-01T07:46:52.678+0000] {dag.py:4180} INFO - Setting next_dagrun for example_external_task_marker_parent to None, run_after=None
[2025-02-01T07:46:52.718+0000] {processor.py:208} INFO - Processing /home/airflow/.local/lib/python3.12/site-packages/airflow/example_dags/example_external_task_marker_dag.py took 0.144 seconds
[2025-02-01T07:47:24.079+0000] {processor.py:186} INFO - Started process (PID=1462) to work on /home/airflow/.local/lib/python3.12/site-packages/airflow/example_dags/example_external_task_marker_dag.py
[2025-02-01T07:47:24.081+0000] {processor.py:914} INFO - Processing file /home/airflow/.local/lib/python3.12/site-packages/airflow/example_dags/example_external_task_marker_dag.py for tasks to queue
[2025-02-01T07:47:24.085+0000] {logging_mixin.py:190} INFO - [2025-02-01T07:47:24.084+0000] {dagbag.py:588} INFO - Filling up the DagBag from /home/airflow/.local/lib/python3.12/site-packages/airflow/example_dags/example_external_task_marker_dag.py
[2025-02-01T07:47:24.095+0000] {processor.py:925} INFO - DAG(s) 'example_external_task_marker_parent', 'example_external_task_marker_child' retrieved from /home/airflow/.local/lib/python3.12/site-packages/airflow/example_dags/example_external_task_marker_dag.py
[2025-02-01T07:47:24.133+0000] {logging_mixin.py:190} INFO - [2025-02-01T07:47:24.133+0000] {dag.py:3239} INFO - Sync 2 DAGs
[2025-02-01T07:47:24.159+0000] {logging_mixin.py:190} INFO - [2025-02-01T07:47:24.159+0000] {dag.py:4180} INFO - Setting next_dagrun for example_external_task_marker_child to None, run_after=None
[2025-02-01T07:47:24.165+0000] {logging_mixin.py:190} INFO - [2025-02-01T07:47:24.164+0000] {dag.py:4180} INFO - Setting next_dagrun for example_external_task_marker_parent to None, run_after=None
[2025-02-01T07:47:24.193+0000] {processor.py:208} INFO - Processing /home/airflow/.local/lib/python3.12/site-packages/airflow/example_dags/example_external_task_marker_dag.py took 0.126 seconds
[2025-02-01T07:47:55.637+0000] {processor.py:186} INFO - Started process (PID=1528) to work on /home/airflow/.local/lib/python3.12/site-packages/airflow/example_dags/example_external_task_marker_dag.py
[2025-02-01T07:47:55.638+0000] {processor.py:914} INFO - Processing file /home/airflow/.local/lib/python3.12/site-packages/airflow/example_dags/example_external_task_marker_dag.py for tasks to queue
[2025-02-01T07:47:55.642+0000] {logging_mixin.py:190} INFO - [2025-02-01T07:47:55.642+0000] {dagbag.py:588} INFO - Filling up the DagBag from /home/airflow/.local/lib/python3.12/site-packages/airflow/example_dags/example_external_task_marker_dag.py
[2025-02-01T07:47:55.653+0000] {processor.py:925} INFO - DAG(s) 'example_external_task_marker_parent', 'example_external_task_marker_child' retrieved from /home/airflow/.local/lib/python3.12/site-packages/airflow/example_dags/example_external_task_marker_dag.py
[2025-02-01T07:47:55.683+0000] {logging_mixin.py:190} INFO - [2025-02-01T07:47:55.682+0000] {dag.py:3239} INFO - Sync 2 DAGs
[2025-02-01T07:47:55.704+0000] {logging_mixin.py:190} INFO - [2025-02-01T07:47:55.703+0000] {dag.py:4180} INFO - Setting next_dagrun for example_external_task_marker_child to None, run_after=None
[2025-02-01T07:47:55.709+0000] {logging_mixin.py:190} INFO - [2025-02-01T07:47:55.709+0000] {dag.py:4180} INFO - Setting next_dagrun for example_external_task_marker_parent to None, run_after=None
[2025-02-01T07:47:55.730+0000] {processor.py:208} INFO - Processing /home/airflow/.local/lib/python3.12/site-packages/airflow/example_dags/example_external_task_marker_dag.py took 0.106 seconds
[2025-02-01T07:48:26.640+0000] {processor.py:186} INFO - Started process (PID=1594) to work on /home/airflow/.local/lib/python3.12/site-packages/airflow/example_dags/example_external_task_marker_dag.py
[2025-02-01T07:48:26.641+0000] {processor.py:914} INFO - Processing file /home/airflow/.local/lib/python3.12/site-packages/airflow/example_dags/example_external_task_marker_dag.py for tasks to queue
[2025-02-01T07:48:26.645+0000] {logging_mixin.py:190} INFO - [2025-02-01T07:48:26.645+0000] {dagbag.py:588} INFO - Filling up the DagBag from /home/airflow/.local/lib/python3.12/site-packages/airflow/example_dags/example_external_task_marker_dag.py
[2025-02-01T07:48:26.656+0000] {processor.py:925} INFO - DAG(s) 'example_external_task_marker_parent', 'example_external_task_marker_child' retrieved from /home/airflow/.local/lib/python3.12/site-packages/airflow/example_dags/example_external_task_marker_dag.py
[2025-02-01T07:48:26.686+0000] {logging_mixin.py:190} INFO - [2025-02-01T07:48:26.686+0000] {dag.py:3239} INFO - Sync 2 DAGs
[2025-02-01T07:48:26.705+0000] {logging_mixin.py:190} INFO - [2025-02-01T07:48:26.705+0000] {dag.py:4180} INFO - Setting next_dagrun for example_external_task_marker_child to None, run_after=None
[2025-02-01T07:48:26.710+0000] {logging_mixin.py:190} INFO - [2025-02-01T07:48:26.710+0000] {dag.py:4180} INFO - Setting next_dagrun for example_external_task_marker_parent to None, run_after=None
[2025-02-01T07:48:26.734+0000] {processor.py:208} INFO - Processing /home/airflow/.local/lib/python3.12/site-packages/airflow/example_dags/example_external_task_marker_dag.py took 0.105 seconds
[2025-02-01T07:48:58.180+0000] {processor.py:186} INFO - Started process (PID=1660) to work on /home/airflow/.local/lib/python3.12/site-packages/airflow/example_dags/example_external_task_marker_dag.py
[2025-02-01T07:48:58.182+0000] {processor.py:914} INFO - Processing file /home/airflow/.local/lib/python3.12/site-packages/airflow/example_dags/example_external_task_marker_dag.py for tasks to queue
[2025-02-01T07:48:58.187+0000] {logging_mixin.py:190} INFO - [2025-02-01T07:48:58.186+0000] {dagbag.py:588} INFO - Filling up the DagBag from /home/airflow/.local/lib/python3.12/site-packages/airflow/example_dags/example_external_task_marker_dag.py
[2025-02-01T07:48:58.199+0000] {processor.py:925} INFO - DAG(s) 'example_external_task_marker_child', 'example_external_task_marker_parent' retrieved from /home/airflow/.local/lib/python3.12/site-packages/airflow/example_dags/example_external_task_marker_dag.py
[2025-02-01T07:48:58.233+0000] {logging_mixin.py:190} INFO - [2025-02-01T07:48:58.233+0000] {dag.py:3239} INFO - Sync 2 DAGs
[2025-02-01T07:48:58.262+0000] {logging_mixin.py:190} INFO - [2025-02-01T07:48:58.262+0000] {dag.py:4180} INFO - Setting next_dagrun for example_external_task_marker_child to None, run_after=None
[2025-02-01T07:48:58.268+0000] {logging_mixin.py:190} INFO - [2025-02-01T07:48:58.268+0000] {dag.py:4180} INFO - Setting next_dagrun for example_external_task_marker_parent to None, run_after=None
[2025-02-01T07:48:58.308+0000] {processor.py:208} INFO - Processing /home/airflow/.local/lib/python3.12/site-packages/airflow/example_dags/example_external_task_marker_dag.py took 0.149 seconds
[2025-02-01T07:49:29.401+0000] {processor.py:186} INFO - Started process (PID=1726) to work on /home/airflow/.local/lib/python3.12/site-packages/airflow/example_dags/example_external_task_marker_dag.py
[2025-02-01T07:49:29.402+0000] {processor.py:914} INFO - Processing file /home/airflow/.local/lib/python3.12/site-packages/airflow/example_dags/example_external_task_marker_dag.py for tasks to queue
[2025-02-01T07:49:29.405+0000] {logging_mixin.py:190} INFO - [2025-02-01T07:49:29.405+0000] {dagbag.py:588} INFO - Filling up the DagBag from /home/airflow/.local/lib/python3.12/site-packages/airflow/example_dags/example_external_task_marker_dag.py
[2025-02-01T07:49:29.422+0000] {processor.py:925} INFO - DAG(s) 'example_external_task_marker_parent', 'example_external_task_marker_child' retrieved from /home/airflow/.local/lib/python3.12/site-packages/airflow/example_dags/example_external_task_marker_dag.py
[2025-02-01T07:49:29.460+0000] {logging_mixin.py:190} INFO - [2025-02-01T07:49:29.459+0000] {dag.py:3239} INFO - Sync 2 DAGs
[2025-02-01T07:49:29.483+0000] {logging_mixin.py:190} INFO - [2025-02-01T07:49:29.483+0000] {dag.py:4180} INFO - Setting next_dagrun for example_external_task_marker_child to None, run_after=None
[2025-02-01T07:49:29.489+0000] {logging_mixin.py:190} INFO - [2025-02-01T07:49:29.489+0000] {dag.py:4180} INFO - Setting next_dagrun for example_external_task_marker_parent to None, run_after=None
[2025-02-01T07:49:29.515+0000] {processor.py:208} INFO - Processing /home/airflow/.local/lib/python3.12/site-packages/airflow/example_dags/example_external_task_marker_dag.py took 0.126 seconds
[2025-02-01T07:50:01.134+0000] {processor.py:186} INFO - Started process (PID=1792) to work on /home/airflow/.local/lib/python3.12/site-packages/airflow/example_dags/example_external_task_marker_dag.py
[2025-02-01T07:50:01.135+0000] {processor.py:914} INFO - Processing file /home/airflow/.local/lib/python3.12/site-packages/airflow/example_dags/example_external_task_marker_dag.py for tasks to queue
[2025-02-01T07:50:01.139+0000] {logging_mixin.py:190} INFO - [2025-02-01T07:50:01.139+0000] {dagbag.py:588} INFO - Filling up the DagBag from /home/airflow/.local/lib/python3.12/site-packages/airflow/example_dags/example_external_task_marker_dag.py
[2025-02-01T07:50:01.154+0000] {processor.py:925} INFO - DAG(s) 'example_external_task_marker_parent', 'example_external_task_marker_child' retrieved from /home/airflow/.local/lib/python3.12/site-packages/airflow/example_dags/example_external_task_marker_dag.py
[2025-02-01T07:50:01.185+0000] {logging_mixin.py:190} INFO - [2025-02-01T07:50:01.184+0000] {dag.py:3239} INFO - Sync 2 DAGs
[2025-02-01T07:50:01.203+0000] {logging_mixin.py:190} INFO - [2025-02-01T07:50:01.202+0000] {dag.py:4180} INFO - Setting next_dagrun for example_external_task_marker_child to None, run_after=None
[2025-02-01T07:50:01.207+0000] {logging_mixin.py:190} INFO - [2025-02-01T07:50:01.207+0000] {dag.py:4180} INFO - Setting next_dagrun for example_external_task_marker_parent to None, run_after=None
[2025-02-01T07:50:01.229+0000] {processor.py:208} INFO - Processing /home/airflow/.local/lib/python3.12/site-packages/airflow/example_dags/example_external_task_marker_dag.py took 0.105 seconds
[2025-02-01T07:50:32.742+0000] {processor.py:186} INFO - Started process (PID=1858) to work on /home/airflow/.local/lib/python3.12/site-packages/airflow/example_dags/example_external_task_marker_dag.py
[2025-02-01T07:50:32.744+0000] {processor.py:914} INFO - Processing file /home/airflow/.local/lib/python3.12/site-packages/airflow/example_dags/example_external_task_marker_dag.py for tasks to queue
[2025-02-01T07:50:32.748+0000] {logging_mixin.py:190} INFO - [2025-02-01T07:50:32.747+0000] {dagbag.py:588} INFO - Filling up the DagBag from /home/airflow/.local/lib/python3.12/site-packages/airflow/example_dags/example_external_task_marker_dag.py
[2025-02-01T07:50:32.759+0000] {processor.py:925} INFO - DAG(s) 'example_external_task_marker_child', 'example_external_task_marker_parent' retrieved from /home/airflow/.local/lib/python3.12/site-packages/airflow/example_dags/example_external_task_marker_dag.py
[2025-02-01T07:50:32.792+0000] {logging_mixin.py:190} INFO - [2025-02-01T07:50:32.791+0000] {dag.py:3239} INFO - Sync 2 DAGs
[2025-02-01T07:50:32.815+0000] {logging_mixin.py:190} INFO - [2025-02-01T07:50:32.815+0000] {dag.py:4180} INFO - Setting next_dagrun for example_external_task_marker_child to None, run_after=None
[2025-02-01T07:50:32.821+0000] {logging_mixin.py:190} INFO - [2025-02-01T07:50:32.820+0000] {dag.py:4180} INFO - Setting next_dagrun for example_external_task_marker_parent to None, run_after=None
[2025-02-01T07:50:32.843+0000] {processor.py:208} INFO - Processing /home/airflow/.local/lib/python3.12/site-packages/airflow/example_dags/example_external_task_marker_dag.py took 0.109 seconds
[2025-02-01T07:51:04.182+0000] {processor.py:186} INFO - Started process (PID=1928) to work on /home/airflow/.local/lib/python3.12/site-packages/airflow/example_dags/example_external_task_marker_dag.py
[2025-02-01T07:51:04.184+0000] {processor.py:914} INFO - Processing file /home/airflow/.local/lib/python3.12/site-packages/airflow/example_dags/example_external_task_marker_dag.py for tasks to queue
[2025-02-01T07:51:04.188+0000] {logging_mixin.py:190} INFO - [2025-02-01T07:51:04.188+0000] {dagbag.py:588} INFO - Filling up the DagBag from /home/airflow/.local/lib/python3.12/site-packages/airflow/example_dags/example_external_task_marker_dag.py
[2025-02-01T07:51:04.201+0000] {processor.py:925} INFO - DAG(s) 'example_external_task_marker_child', 'example_external_task_marker_parent' retrieved from /home/airflow/.local/lib/python3.12/site-packages/airflow/example_dags/example_external_task_marker_dag.py
[2025-02-01T07:51:04.236+0000] {logging_mixin.py:190} INFO - [2025-02-01T07:51:04.236+0000] {dag.py:3239} INFO - Sync 2 DAGs
[2025-02-01T07:51:04.256+0000] {logging_mixin.py:190} INFO - [2025-02-01T07:51:04.256+0000] {dag.py:4180} INFO - Setting next_dagrun for example_external_task_marker_child to None, run_after=None
[2025-02-01T07:51:04.263+0000] {logging_mixin.py:190} INFO - [2025-02-01T07:51:04.263+0000] {dag.py:4180} INFO - Setting next_dagrun for example_external_task_marker_parent to None, run_after=None
[2025-02-01T07:51:04.295+0000] {processor.py:208} INFO - Processing /home/airflow/.local/lib/python3.12/site-packages/airflow/example_dags/example_external_task_marker_dag.py took 0.122 seconds
[2025-02-01T07:51:35.265+0000] {processor.py:186} INFO - Started process (PID=1994) to work on /home/airflow/.local/lib/python3.12/site-packages/airflow/example_dags/example_external_task_marker_dag.py
[2025-02-01T07:51:35.267+0000] {processor.py:914} INFO - Processing file /home/airflow/.local/lib/python3.12/site-packages/airflow/example_dags/example_external_task_marker_dag.py for tasks to queue
[2025-02-01T07:51:35.270+0000] {logging_mixin.py:190} INFO - [2025-02-01T07:51:35.270+0000] {dagbag.py:588} INFO - Filling up the DagBag from /home/airflow/.local/lib/python3.12/site-packages/airflow/example_dags/example_external_task_marker_dag.py
[2025-02-01T07:51:35.282+0000] {processor.py:925} INFO - DAG(s) 'example_external_task_marker_parent', 'example_external_task_marker_child' retrieved from /home/airflow/.local/lib/python3.12/site-packages/airflow/example_dags/example_external_task_marker_dag.py
[2025-02-01T07:51:35.312+0000] {logging_mixin.py:190} INFO - [2025-02-01T07:51:35.311+0000] {dag.py:3239} INFO - Sync 2 DAGs
[2025-02-01T07:51:35.335+0000] {logging_mixin.py:190} INFO - [2025-02-01T07:51:35.335+0000] {dag.py:4180} INFO - Setting next_dagrun for example_external_task_marker_child to None, run_after=None
[2025-02-01T07:51:35.341+0000] {logging_mixin.py:190} INFO - [2025-02-01T07:51:35.341+0000] {dag.py:4180} INFO - Setting next_dagrun for example_external_task_marker_parent to None, run_after=None
[2025-02-01T07:51:35.364+0000] {processor.py:208} INFO - Processing /home/airflow/.local/lib/python3.12/site-packages/airflow/example_dags/example_external_task_marker_dag.py took 0.107 seconds
[2025-02-01T07:52:07.522+0000] {processor.py:186} INFO - Started process (PID=2066) to work on /home/airflow/.local/lib/python3.12/site-packages/airflow/example_dags/example_external_task_marker_dag.py
[2025-02-01T07:52:07.524+0000] {processor.py:914} INFO - Processing file /home/airflow/.local/lib/python3.12/site-packages/airflow/example_dags/example_external_task_marker_dag.py for tasks to queue
[2025-02-01T07:52:07.527+0000] {logging_mixin.py:190} INFO - [2025-02-01T07:52:07.527+0000] {dagbag.py:588} INFO - Filling up the DagBag from /home/airflow/.local/lib/python3.12/site-packages/airflow/example_dags/example_external_task_marker_dag.py
[2025-02-01T07:52:07.539+0000] {processor.py:925} INFO - DAG(s) 'example_external_task_marker_parent', 'example_external_task_marker_child' retrieved from /home/airflow/.local/lib/python3.12/site-packages/airflow/example_dags/example_external_task_marker_dag.py
[2025-02-01T07:52:07.566+0000] {logging_mixin.py:190} INFO - [2025-02-01T07:52:07.565+0000] {dag.py:3239} INFO - Sync 2 DAGs
[2025-02-01T07:52:07.584+0000] {logging_mixin.py:190} INFO - [2025-02-01T07:52:07.584+0000] {dag.py:4180} INFO - Setting next_dagrun for example_external_task_marker_child to None, run_after=None
[2025-02-01T07:52:07.589+0000] {logging_mixin.py:190} INFO - [2025-02-01T07:52:07.589+0000] {dag.py:4180} INFO - Setting next_dagrun for example_external_task_marker_parent to None, run_after=None
[2025-02-01T07:52:07.613+0000] {processor.py:208} INFO - Processing /home/airflow/.local/lib/python3.12/site-packages/airflow/example_dags/example_external_task_marker_dag.py took 0.102 seconds
[2025-02-01T07:52:39.784+0000] {processor.py:186} INFO - Started process (PID=2134) to work on /home/airflow/.local/lib/python3.12/site-packages/airflow/example_dags/example_external_task_marker_dag.py
[2025-02-01T07:52:39.786+0000] {processor.py:914} INFO - Processing file /home/airflow/.local/lib/python3.12/site-packages/airflow/example_dags/example_external_task_marker_dag.py for tasks to queue
[2025-02-01T07:52:39.790+0000] {logging_mixin.py:190} INFO - [2025-02-01T07:52:39.790+0000] {dagbag.py:588} INFO - Filling up the DagBag from /home/airflow/.local/lib/python3.12/site-packages/airflow/example_dags/example_external_task_marker_dag.py
[2025-02-01T07:52:39.802+0000] {processor.py:925} INFO - DAG(s) 'example_external_task_marker_parent', 'example_external_task_marker_child' retrieved from /home/airflow/.local/lib/python3.12/site-packages/airflow/example_dags/example_external_task_marker_dag.py
[2025-02-01T07:52:39.837+0000] {logging_mixin.py:190} INFO - [2025-02-01T07:52:39.836+0000] {dag.py:3239} INFO - Sync 2 DAGs
[2025-02-01T07:52:39.866+0000] {logging_mixin.py:190} INFO - [2025-02-01T07:52:39.865+0000] {dag.py:4180} INFO - Setting next_dagrun for example_external_task_marker_child to None, run_after=None
[2025-02-01T07:52:39.876+0000] {logging_mixin.py:190} INFO - [2025-02-01T07:52:39.874+0000] {dag.py:4180} INFO - Setting next_dagrun for example_external_task_marker_parent to None, run_after=None
[2025-02-01T07:52:39.903+0000] {processor.py:208} INFO - Processing /home/airflow/.local/lib/python3.12/site-packages/airflow/example_dags/example_external_task_marker_dag.py took 0.131 seconds
[2025-02-01T07:53:11.860+0000] {processor.py:186} INFO - Started process (PID=2200) to work on /home/airflow/.local/lib/python3.12/site-packages/airflow/example_dags/example_external_task_marker_dag.py
[2025-02-01T07:53:11.861+0000] {processor.py:914} INFO - Processing file /home/airflow/.local/lib/python3.12/site-packages/airflow/example_dags/example_external_task_marker_dag.py for tasks to queue
[2025-02-01T07:53:11.864+0000] {logging_mixin.py:190} INFO - [2025-02-01T07:53:11.864+0000] {dagbag.py:588} INFO - Filling up the DagBag from /home/airflow/.local/lib/python3.12/site-packages/airflow/example_dags/example_external_task_marker_dag.py
[2025-02-01T07:53:11.877+0000] {processor.py:925} INFO - DAG(s) 'example_external_task_marker_child', 'example_external_task_marker_parent' retrieved from /home/airflow/.local/lib/python3.12/site-packages/airflow/example_dags/example_external_task_marker_dag.py
[2025-02-01T07:53:11.909+0000] {logging_mixin.py:190} INFO - [2025-02-01T07:53:11.908+0000] {dag.py:3239} INFO - Sync 2 DAGs
[2025-02-01T07:53:11.928+0000] {logging_mixin.py:190} INFO - [2025-02-01T07:53:11.928+0000] {dag.py:4180} INFO - Setting next_dagrun for example_external_task_marker_child to None, run_after=None
[2025-02-01T07:53:11.934+0000] {logging_mixin.py:190} INFO - [2025-02-01T07:53:11.933+0000] {dag.py:4180} INFO - Setting next_dagrun for example_external_task_marker_parent to None, run_after=None
[2025-02-01T07:53:11.963+0000] {processor.py:208} INFO - Processing /home/airflow/.local/lib/python3.12/site-packages/airflow/example_dags/example_external_task_marker_dag.py took 0.113 seconds
[2025-02-01T07:53:43.073+0000] {processor.py:186} INFO - Started process (PID=2266) to work on /home/airflow/.local/lib/python3.12/site-packages/airflow/example_dags/example_external_task_marker_dag.py
[2025-02-01T07:53:43.075+0000] {processor.py:914} INFO - Processing file /home/airflow/.local/lib/python3.12/site-packages/airflow/example_dags/example_external_task_marker_dag.py for tasks to queue
[2025-02-01T07:53:43.078+0000] {logging_mixin.py:190} INFO - [2025-02-01T07:53:43.078+0000] {dagbag.py:588} INFO - Filling up the DagBag from /home/airflow/.local/lib/python3.12/site-packages/airflow/example_dags/example_external_task_marker_dag.py
[2025-02-01T07:53:43.091+0000] {processor.py:925} INFO - DAG(s) 'example_external_task_marker_parent', 'example_external_task_marker_child' retrieved from /home/airflow/.local/lib/python3.12/site-packages/airflow/example_dags/example_external_task_marker_dag.py
[2025-02-01T07:53:43.125+0000] {logging_mixin.py:190} INFO - [2025-02-01T07:53:43.124+0000] {dag.py:3239} INFO - Sync 2 DAGs
[2025-02-01T07:53:43.145+0000] {logging_mixin.py:190} INFO - [2025-02-01T07:53:43.145+0000] {dag.py:4180} INFO - Setting next_dagrun for example_external_task_marker_child to None, run_after=None
[2025-02-01T07:53:43.150+0000] {logging_mixin.py:190} INFO - [2025-02-01T07:53:43.150+0000] {dag.py:4180} INFO - Setting next_dagrun for example_external_task_marker_parent to None, run_after=None
[2025-02-01T07:53:43.172+0000] {processor.py:208} INFO - Processing /home/airflow/.local/lib/python3.12/site-packages/airflow/example_dags/example_external_task_marker_dag.py took 0.108 seconds
[2025-02-01T07:54:13.421+0000] {processor.py:186} INFO - Started process (PID=2331) to work on /home/airflow/.local/lib/python3.12/site-packages/airflow/example_dags/example_external_task_marker_dag.py
[2025-02-01T07:54:13.423+0000] {processor.py:914} INFO - Processing file /home/airflow/.local/lib/python3.12/site-packages/airflow/example_dags/example_external_task_marker_dag.py for tasks to queue
[2025-02-01T07:54:13.428+0000] {logging_mixin.py:190} INFO - [2025-02-01T07:54:13.427+0000] {dagbag.py:588} INFO - Filling up the DagBag from /home/airflow/.local/lib/python3.12/site-packages/airflow/example_dags/example_external_task_marker_dag.py
[2025-02-01T07:54:13.438+0000] {processor.py:925} INFO - DAG(s) 'example_external_task_marker_child', 'example_external_task_marker_parent' retrieved from /home/airflow/.local/lib/python3.12/site-packages/airflow/example_dags/example_external_task_marker_dag.py
[2025-02-01T07:54:13.469+0000] {logging_mixin.py:190} INFO - [2025-02-01T07:54:13.469+0000] {dag.py:3239} INFO - Sync 2 DAGs
[2025-02-01T07:54:13.488+0000] {logging_mixin.py:190} INFO - [2025-02-01T07:54:13.488+0000] {dag.py:4180} INFO - Setting next_dagrun for example_external_task_marker_child to None, run_after=None
[2025-02-01T07:54:13.494+0000] {logging_mixin.py:190} INFO - [2025-02-01T07:54:13.494+0000] {dag.py:4180} INFO - Setting next_dagrun for example_external_task_marker_parent to None, run_after=None
[2025-02-01T07:54:13.519+0000] {processor.py:208} INFO - Processing /home/airflow/.local/lib/python3.12/site-packages/airflow/example_dags/example_external_task_marker_dag.py took 0.107 seconds
[2025-02-01T07:54:43.735+0000] {processor.py:186} INFO - Started process (PID=2396) to work on /home/airflow/.local/lib/python3.12/site-packages/airflow/example_dags/example_external_task_marker_dag.py
[2025-02-01T07:54:43.737+0000] {processor.py:914} INFO - Processing file /home/airflow/.local/lib/python3.12/site-packages/airflow/example_dags/example_external_task_marker_dag.py for tasks to queue
[2025-02-01T07:54:43.741+0000] {logging_mixin.py:190} INFO - [2025-02-01T07:54:43.740+0000] {dagbag.py:588} INFO - Filling up the DagBag from /home/airflow/.local/lib/python3.12/site-packages/airflow/example_dags/example_external_task_marker_dag.py
[2025-02-01T07:54:43.752+0000] {processor.py:925} INFO - DAG(s) 'example_external_task_marker_parent', 'example_external_task_marker_child' retrieved from /home/airflow/.local/lib/python3.12/site-packages/airflow/example_dags/example_external_task_marker_dag.py
[2025-02-01T07:54:43.802+0000] {logging_mixin.py:190} INFO - [2025-02-01T07:54:43.802+0000] {dag.py:3239} INFO - Sync 2 DAGs
[2025-02-01T07:54:43.830+0000] {logging_mixin.py:190} INFO - [2025-02-01T07:54:43.829+0000] {dag.py:4180} INFO - Setting next_dagrun for example_external_task_marker_child to None, run_after=None
[2025-02-01T07:54:43.835+0000] {logging_mixin.py:190} INFO - [2025-02-01T07:54:43.835+0000] {dag.py:4180} INFO - Setting next_dagrun for example_external_task_marker_parent to None, run_after=None
[2025-02-01T07:54:43.861+0000] {processor.py:208} INFO - Processing /home/airflow/.local/lib/python3.12/site-packages/airflow/example_dags/example_external_task_marker_dag.py took 0.137 seconds
[2025-02-01T07:55:14.645+0000] {processor.py:186} INFO - Started process (PID=2462) to work on /home/airflow/.local/lib/python3.12/site-packages/airflow/example_dags/example_external_task_marker_dag.py
[2025-02-01T07:55:14.646+0000] {processor.py:914} INFO - Processing file /home/airflow/.local/lib/python3.12/site-packages/airflow/example_dags/example_external_task_marker_dag.py for tasks to queue
[2025-02-01T07:55:14.649+0000] {logging_mixin.py:190} INFO - [2025-02-01T07:55:14.649+0000] {dagbag.py:588} INFO - Filling up the DagBag from /home/airflow/.local/lib/python3.12/site-packages/airflow/example_dags/example_external_task_marker_dag.py
[2025-02-01T07:55:14.662+0000] {processor.py:925} INFO - DAG(s) 'example_external_task_marker_child', 'example_external_task_marker_parent' retrieved from /home/airflow/.local/lib/python3.12/site-packages/airflow/example_dags/example_external_task_marker_dag.py
[2025-02-01T07:55:14.706+0000] {logging_mixin.py:190} INFO - [2025-02-01T07:55:14.705+0000] {dag.py:3239} INFO - Sync 2 DAGs
[2025-02-01T07:55:14.727+0000] {logging_mixin.py:190} INFO - [2025-02-01T07:55:14.726+0000] {dag.py:4180} INFO - Setting next_dagrun for example_external_task_marker_child to None, run_after=None
[2025-02-01T07:55:14.732+0000] {logging_mixin.py:190} INFO - [2025-02-01T07:55:14.732+0000] {dag.py:4180} INFO - Setting next_dagrun for example_external_task_marker_parent to None, run_after=None
[2025-02-01T07:55:14.756+0000] {processor.py:208} INFO - Processing /home/airflow/.local/lib/python3.12/site-packages/airflow/example_dags/example_external_task_marker_dag.py took 0.120 seconds
[2025-02-01T07:55:46.145+0000] {processor.py:186} INFO - Started process (PID=2528) to work on /home/airflow/.local/lib/python3.12/site-packages/airflow/example_dags/example_external_task_marker_dag.py
[2025-02-01T07:55:46.147+0000] {processor.py:914} INFO - Processing file /home/airflow/.local/lib/python3.12/site-packages/airflow/example_dags/example_external_task_marker_dag.py for tasks to queue
[2025-02-01T07:55:46.154+0000] {logging_mixin.py:190} INFO - [2025-02-01T07:55:46.154+0000] {dagbag.py:588} INFO - Filling up the DagBag from /home/airflow/.local/lib/python3.12/site-packages/airflow/example_dags/example_external_task_marker_dag.py
[2025-02-01T07:55:46.165+0000] {processor.py:925} INFO - DAG(s) 'example_external_task_marker_child', 'example_external_task_marker_parent' retrieved from /home/airflow/.local/lib/python3.12/site-packages/airflow/example_dags/example_external_task_marker_dag.py
[2025-02-01T07:55:46.194+0000] {logging_mixin.py:190} INFO - [2025-02-01T07:55:46.193+0000] {dag.py:3239} INFO - Sync 2 DAGs
[2025-02-01T07:55:46.217+0000] {logging_mixin.py:190} INFO - [2025-02-01T07:55:46.217+0000] {dag.py:4180} INFO - Setting next_dagrun for example_external_task_marker_child to None, run_after=None
[2025-02-01T07:55:46.224+0000] {logging_mixin.py:190} INFO - [2025-02-01T07:55:46.223+0000] {dag.py:4180} INFO - Setting next_dagrun for example_external_task_marker_parent to None, run_after=None
[2025-02-01T07:55:46.253+0000] {processor.py:208} INFO - Processing /home/airflow/.local/lib/python3.12/site-packages/airflow/example_dags/example_external_task_marker_dag.py took 0.116 seconds
[2025-02-01T07:56:17.322+0000] {processor.py:186} INFO - Started process (PID=2594) to work on /home/airflow/.local/lib/python3.12/site-packages/airflow/example_dags/example_external_task_marker_dag.py
[2025-02-01T07:56:17.324+0000] {processor.py:914} INFO - Processing file /home/airflow/.local/lib/python3.12/site-packages/airflow/example_dags/example_external_task_marker_dag.py for tasks to queue
[2025-02-01T07:56:17.328+0000] {logging_mixin.py:190} INFO - [2025-02-01T07:56:17.327+0000] {dagbag.py:588} INFO - Filling up the DagBag from /home/airflow/.local/lib/python3.12/site-packages/airflow/example_dags/example_external_task_marker_dag.py
[2025-02-01T07:56:17.359+0000] {processor.py:925} INFO - DAG(s) 'example_external_task_marker_parent', 'example_external_task_marker_child' retrieved from /home/airflow/.local/lib/python3.12/site-packages/airflow/example_dags/example_external_task_marker_dag.py
[2025-02-01T07:56:17.398+0000] {logging_mixin.py:190} INFO - [2025-02-01T07:56:17.398+0000] {dag.py:3239} INFO - Sync 2 DAGs
[2025-02-01T07:56:17.525+0000] {logging_mixin.py:190} INFO - [2025-02-01T07:56:17.524+0000] {dag.py:4180} INFO - Setting next_dagrun for example_external_task_marker_child to None, run_after=None
[2025-02-01T07:56:17.551+0000] {logging_mixin.py:190} INFO - [2025-02-01T07:56:17.551+0000] {dag.py:4180} INFO - Setting next_dagrun for example_external_task_marker_parent to None, run_after=None
[2025-02-01T07:56:17.585+0000] {processor.py:208} INFO - Processing /home/airflow/.local/lib/python3.12/site-packages/airflow/example_dags/example_external_task_marker_dag.py took 0.281 seconds
[2025-02-01T07:56:48.904+0000] {processor.py:186} INFO - Started process (PID=2660) to work on /home/airflow/.local/lib/python3.12/site-packages/airflow/example_dags/example_external_task_marker_dag.py
[2025-02-01T07:56:48.906+0000] {processor.py:914} INFO - Processing file /home/airflow/.local/lib/python3.12/site-packages/airflow/example_dags/example_external_task_marker_dag.py for tasks to queue
[2025-02-01T07:56:48.910+0000] {logging_mixin.py:190} INFO - [2025-02-01T07:56:48.909+0000] {dagbag.py:588} INFO - Filling up the DagBag from /home/airflow/.local/lib/python3.12/site-packages/airflow/example_dags/example_external_task_marker_dag.py
[2025-02-01T07:56:48.924+0000] {processor.py:925} INFO - DAG(s) 'example_external_task_marker_child', 'example_external_task_marker_parent' retrieved from /home/airflow/.local/lib/python3.12/site-packages/airflow/example_dags/example_external_task_marker_dag.py
[2025-02-01T07:56:48.957+0000] {logging_mixin.py:190} INFO - [2025-02-01T07:56:48.957+0000] {dag.py:3239} INFO - Sync 2 DAGs
[2025-02-01T07:56:48.981+0000] {logging_mixin.py:190} INFO - [2025-02-01T07:56:48.981+0000] {dag.py:4180} INFO - Setting next_dagrun for example_external_task_marker_child to None, run_after=None
[2025-02-01T07:56:48.988+0000] {logging_mixin.py:190} INFO - [2025-02-01T07:56:48.987+0000] {dag.py:4180} INFO - Setting next_dagrun for example_external_task_marker_parent to None, run_after=None
[2025-02-01T07:56:49.015+0000] {processor.py:208} INFO - Processing /home/airflow/.local/lib/python3.12/site-packages/airflow/example_dags/example_external_task_marker_dag.py took 0.120 seconds
[2025-02-01T07:57:20.492+0000] {processor.py:186} INFO - Started process (PID=2726) to work on /home/airflow/.local/lib/python3.12/site-packages/airflow/example_dags/example_external_task_marker_dag.py
[2025-02-01T07:57:20.494+0000] {processor.py:914} INFO - Processing file /home/airflow/.local/lib/python3.12/site-packages/airflow/example_dags/example_external_task_marker_dag.py for tasks to queue
[2025-02-01T07:57:20.499+0000] {logging_mixin.py:190} INFO - [2025-02-01T07:57:20.498+0000] {dagbag.py:588} INFO - Filling up the DagBag from /home/airflow/.local/lib/python3.12/site-packages/airflow/example_dags/example_external_task_marker_dag.py
[2025-02-01T07:57:20.514+0000] {processor.py:925} INFO - DAG(s) 'example_external_task_marker_parent', 'example_external_task_marker_child' retrieved from /home/airflow/.local/lib/python3.12/site-packages/airflow/example_dags/example_external_task_marker_dag.py
[2025-02-01T07:57:20.543+0000] {logging_mixin.py:190} INFO - [2025-02-01T07:57:20.543+0000] {dag.py:3239} INFO - Sync 2 DAGs
[2025-02-01T07:57:20.562+0000] {logging_mixin.py:190} INFO - [2025-02-01T07:57:20.561+0000] {dag.py:4180} INFO - Setting next_dagrun for example_external_task_marker_child to None, run_after=None
[2025-02-01T07:57:20.566+0000] {logging_mixin.py:190} INFO - [2025-02-01T07:57:20.566+0000] {dag.py:4180} INFO - Setting next_dagrun for example_external_task_marker_parent to None, run_after=None
[2025-02-01T07:57:20.590+0000] {processor.py:208} INFO - Processing /home/airflow/.local/lib/python3.12/site-packages/airflow/example_dags/example_external_task_marker_dag.py took 0.110 seconds
[2025-02-01T07:57:52.011+0000] {processor.py:186} INFO - Started process (PID=2794) to work on /home/airflow/.local/lib/python3.12/site-packages/airflow/example_dags/example_external_task_marker_dag.py
[2025-02-01T07:57:52.013+0000] {processor.py:914} INFO - Processing file /home/airflow/.local/lib/python3.12/site-packages/airflow/example_dags/example_external_task_marker_dag.py for tasks to queue
[2025-02-01T07:57:52.016+0000] {logging_mixin.py:190} INFO - [2025-02-01T07:57:52.015+0000] {dagbag.py:588} INFO - Filling up the DagBag from /home/airflow/.local/lib/python3.12/site-packages/airflow/example_dags/example_external_task_marker_dag.py
[2025-02-01T07:57:52.027+0000] {processor.py:925} INFO - DAG(s) 'example_external_task_marker_parent', 'example_external_task_marker_child' retrieved from /home/airflow/.local/lib/python3.12/site-packages/airflow/example_dags/example_external_task_marker_dag.py
[2025-02-01T07:57:52.057+0000] {logging_mixin.py:190} INFO - [2025-02-01T07:57:52.056+0000] {dag.py:3239} INFO - Sync 2 DAGs
[2025-02-01T07:57:52.077+0000] {logging_mixin.py:190} INFO - [2025-02-01T07:57:52.077+0000] {dag.py:4180} INFO - Setting next_dagrun for example_external_task_marker_child to None, run_after=None
[2025-02-01T07:57:52.083+0000] {logging_mixin.py:190} INFO - [2025-02-01T07:57:52.082+0000] {dag.py:4180} INFO - Setting next_dagrun for example_external_task_marker_parent to None, run_after=None
[2025-02-01T07:57:52.107+0000] {processor.py:208} INFO - Processing /home/airflow/.local/lib/python3.12/site-packages/airflow/example_dags/example_external_task_marker_dag.py took 0.109 seconds
[2025-02-01T07:58:23.463+0000] {processor.py:186} INFO - Started process (PID=2860) to work on /home/airflow/.local/lib/python3.12/site-packages/airflow/example_dags/example_external_task_marker_dag.py
[2025-02-01T07:58:23.465+0000] {processor.py:914} INFO - Processing file /home/airflow/.local/lib/python3.12/site-packages/airflow/example_dags/example_external_task_marker_dag.py for tasks to queue
[2025-02-01T07:58:23.468+0000] {logging_mixin.py:190} INFO - [2025-02-01T07:58:23.467+0000] {dagbag.py:588} INFO - Filling up the DagBag from /home/airflow/.local/lib/python3.12/site-packages/airflow/example_dags/example_external_task_marker_dag.py
[2025-02-01T07:58:23.483+0000] {processor.py:925} INFO - DAG(s) 'example_external_task_marker_child', 'example_external_task_marker_parent' retrieved from /home/airflow/.local/lib/python3.12/site-packages/airflow/example_dags/example_external_task_marker_dag.py
[2025-02-01T07:58:23.512+0000] {logging_mixin.py:190} INFO - [2025-02-01T07:58:23.512+0000] {dag.py:3239} INFO - Sync 2 DAGs
[2025-02-01T07:58:23.532+0000] {logging_mixin.py:190} INFO - [2025-02-01T07:58:23.531+0000] {dag.py:4180} INFO - Setting next_dagrun for example_external_task_marker_child to None, run_after=None
[2025-02-01T07:58:23.536+0000] {logging_mixin.py:190} INFO - [2025-02-01T07:58:23.536+0000] {dag.py:4180} INFO - Setting next_dagrun for example_external_task_marker_parent to None, run_after=None
[2025-02-01T07:58:23.557+0000] {processor.py:208} INFO - Processing /home/airflow/.local/lib/python3.12/site-packages/airflow/example_dags/example_external_task_marker_dag.py took 0.113 seconds
[2025-02-01T07:58:54.694+0000] {processor.py:186} INFO - Started process (PID=2926) to work on /home/airflow/.local/lib/python3.12/site-packages/airflow/example_dags/example_external_task_marker_dag.py
[2025-02-01T07:58:54.695+0000] {processor.py:914} INFO - Processing file /home/airflow/.local/lib/python3.12/site-packages/airflow/example_dags/example_external_task_marker_dag.py for tasks to queue
[2025-02-01T07:58:54.698+0000] {logging_mixin.py:190} INFO - [2025-02-01T07:58:54.698+0000] {dagbag.py:588} INFO - Filling up the DagBag from /home/airflow/.local/lib/python3.12/site-packages/airflow/example_dags/example_external_task_marker_dag.py
[2025-02-01T07:58:54.710+0000] {processor.py:925} INFO - DAG(s) 'example_external_task_marker_parent', 'example_external_task_marker_child' retrieved from /home/airflow/.local/lib/python3.12/site-packages/airflow/example_dags/example_external_task_marker_dag.py
[2025-02-01T07:58:54.739+0000] {logging_mixin.py:190} INFO - [2025-02-01T07:58:54.738+0000] {dag.py:3239} INFO - Sync 2 DAGs
[2025-02-01T07:58:54.760+0000] {logging_mixin.py:190} INFO - [2025-02-01T07:58:54.760+0000] {dag.py:4180} INFO - Setting next_dagrun for example_external_task_marker_child to None, run_after=None
[2025-02-01T07:58:54.766+0000] {logging_mixin.py:190} INFO - [2025-02-01T07:58:54.766+0000] {dag.py:4180} INFO - Setting next_dagrun for example_external_task_marker_parent to None, run_after=None
[2025-02-01T07:58:54.786+0000] {processor.py:208} INFO - Processing /home/airflow/.local/lib/python3.12/site-packages/airflow/example_dags/example_external_task_marker_dag.py took 0.102 seconds
[2025-02-01T07:59:26.947+0000] {processor.py:186} INFO - Started process (PID=2994) to work on /home/airflow/.local/lib/python3.12/site-packages/airflow/example_dags/example_external_task_marker_dag.py
[2025-02-01T07:59:26.949+0000] {processor.py:914} INFO - Processing file /home/airflow/.local/lib/python3.12/site-packages/airflow/example_dags/example_external_task_marker_dag.py for tasks to queue
[2025-02-01T07:59:26.953+0000] {logging_mixin.py:190} INFO - [2025-02-01T07:59:26.953+0000] {dagbag.py:588} INFO - Filling up the DagBag from /home/airflow/.local/lib/python3.12/site-packages/airflow/example_dags/example_external_task_marker_dag.py
[2025-02-01T07:59:26.968+0000] {processor.py:925} INFO - DAG(s) 'example_external_task_marker_child', 'example_external_task_marker_parent' retrieved from /home/airflow/.local/lib/python3.12/site-packages/airflow/example_dags/example_external_task_marker_dag.py
[2025-02-01T07:59:27.000+0000] {logging_mixin.py:190} INFO - [2025-02-01T07:59:27.000+0000] {dag.py:3239} INFO - Sync 2 DAGs
[2025-02-01T07:59:27.022+0000] {logging_mixin.py:190} INFO - [2025-02-01T07:59:27.022+0000] {dag.py:4180} INFO - Setting next_dagrun for example_external_task_marker_child to None, run_after=None
[2025-02-01T07:59:27.029+0000] {logging_mixin.py:190} INFO - [2025-02-01T07:59:27.029+0000] {dag.py:4180} INFO - Setting next_dagrun for example_external_task_marker_parent to None, run_after=None
[2025-02-01T07:59:27.054+0000] {processor.py:208} INFO - Processing /home/airflow/.local/lib/python3.12/site-packages/airflow/example_dags/example_external_task_marker_dag.py took 0.121 seconds
[2025-02-01T07:59:58.217+0000] {processor.py:186} INFO - Started process (PID=3061) to work on /home/airflow/.local/lib/python3.12/site-packages/airflow/example_dags/example_external_task_marker_dag.py
[2025-02-01T07:59:58.219+0000] {processor.py:914} INFO - Processing file /home/airflow/.local/lib/python3.12/site-packages/airflow/example_dags/example_external_task_marker_dag.py for tasks to queue
[2025-02-01T07:59:58.225+0000] {logging_mixin.py:190} INFO - [2025-02-01T07:59:58.224+0000] {dagbag.py:588} INFO - Filling up the DagBag from /home/airflow/.local/lib/python3.12/site-packages/airflow/example_dags/example_external_task_marker_dag.py
[2025-02-01T07:59:58.249+0000] {processor.py:925} INFO - DAG(s) 'example_external_task_marker_child', 'example_external_task_marker_parent' retrieved from /home/airflow/.local/lib/python3.12/site-packages/airflow/example_dags/example_external_task_marker_dag.py
[2025-02-01T07:59:58.292+0000] {logging_mixin.py:190} INFO - [2025-02-01T07:59:58.291+0000] {dag.py:3239} INFO - Sync 2 DAGs
[2025-02-01T07:59:58.318+0000] {logging_mixin.py:190} INFO - [2025-02-01T07:59:58.317+0000] {dag.py:4180} INFO - Setting next_dagrun for example_external_task_marker_child to None, run_after=None
[2025-02-01T07:59:58.324+0000] {logging_mixin.py:190} INFO - [2025-02-01T07:59:58.324+0000] {dag.py:4180} INFO - Setting next_dagrun for example_external_task_marker_parent to None, run_after=None
[2025-02-01T07:59:58.361+0000] {processor.py:208} INFO - Processing /home/airflow/.local/lib/python3.12/site-packages/airflow/example_dags/example_external_task_marker_dag.py took 0.164 seconds
[2025-02-01T08:00:28.925+0000] {processor.py:186} INFO - Started process (PID=3127) to work on /home/airflow/.local/lib/python3.12/site-packages/airflow/example_dags/example_external_task_marker_dag.py
[2025-02-01T08:00:28.927+0000] {processor.py:914} INFO - Processing file /home/airflow/.local/lib/python3.12/site-packages/airflow/example_dags/example_external_task_marker_dag.py for tasks to queue
[2025-02-01T08:00:28.931+0000] {logging_mixin.py:190} INFO - [2025-02-01T08:00:28.930+0000] {dagbag.py:588} INFO - Filling up the DagBag from /home/airflow/.local/lib/python3.12/site-packages/airflow/example_dags/example_external_task_marker_dag.py
[2025-02-01T08:00:28.942+0000] {processor.py:925} INFO - DAG(s) 'example_external_task_marker_parent', 'example_external_task_marker_child' retrieved from /home/airflow/.local/lib/python3.12/site-packages/airflow/example_dags/example_external_task_marker_dag.py
[2025-02-01T08:00:28.972+0000] {logging_mixin.py:190} INFO - [2025-02-01T08:00:28.972+0000] {dag.py:3239} INFO - Sync 2 DAGs
[2025-02-01T08:00:28.992+0000] {logging_mixin.py:190} INFO - [2025-02-01T08:00:28.992+0000] {dag.py:4180} INFO - Setting next_dagrun for example_external_task_marker_child to None, run_after=None
[2025-02-01T08:00:28.998+0000] {logging_mixin.py:190} INFO - [2025-02-01T08:00:28.998+0000] {dag.py:4180} INFO - Setting next_dagrun for example_external_task_marker_parent to None, run_after=None
[2025-02-01T08:00:29.022+0000] {processor.py:208} INFO - Processing /home/airflow/.local/lib/python3.12/site-packages/airflow/example_dags/example_external_task_marker_dag.py took 0.108 seconds
[2025-02-01T08:00:59.980+0000] {processor.py:186} INFO - Started process (PID=3194) to work on /home/airflow/.local/lib/python3.12/site-packages/airflow/example_dags/example_external_task_marker_dag.py
[2025-02-01T08:00:59.982+0000] {processor.py:914} INFO - Processing file /home/airflow/.local/lib/python3.12/site-packages/airflow/example_dags/example_external_task_marker_dag.py for tasks to queue
[2025-02-01T08:00:59.985+0000] {logging_mixin.py:190} INFO - [2025-02-01T08:00:59.984+0000] {dagbag.py:588} INFO - Filling up the DagBag from /home/airflow/.local/lib/python3.12/site-packages/airflow/example_dags/example_external_task_marker_dag.py
[2025-02-01T08:00:59.995+0000] {processor.py:925} INFO - DAG(s) 'example_external_task_marker_parent', 'example_external_task_marker_child' retrieved from /home/airflow/.local/lib/python3.12/site-packages/airflow/example_dags/example_external_task_marker_dag.py
[2025-02-01T08:01:00.035+0000] {logging_mixin.py:190} INFO - [2025-02-01T08:01:00.034+0000] {dag.py:3239} INFO - Sync 2 DAGs
[2025-02-01T08:01:00.058+0000] {logging_mixin.py:190} INFO - [2025-02-01T08:01:00.058+0000] {dag.py:4180} INFO - Setting next_dagrun for example_external_task_marker_child to None, run_after=None
[2025-02-01T08:01:00.064+0000] {logging_mixin.py:190} INFO - [2025-02-01T08:01:00.064+0000] {dag.py:4180} INFO - Setting next_dagrun for example_external_task_marker_parent to None, run_after=None
[2025-02-01T08:01:00.090+0000] {processor.py:208} INFO - Processing /home/airflow/.local/lib/python3.12/site-packages/airflow/example_dags/example_external_task_marker_dag.py took 0.119 seconds
[2025-02-01T08:01:31.642+0000] {processor.py:186} INFO - Started process (PID=3260) to work on /home/airflow/.local/lib/python3.12/site-packages/airflow/example_dags/example_external_task_marker_dag.py
[2025-02-01T08:01:31.643+0000] {processor.py:914} INFO - Processing file /home/airflow/.local/lib/python3.12/site-packages/airflow/example_dags/example_external_task_marker_dag.py for tasks to queue
[2025-02-01T08:01:31.646+0000] {logging_mixin.py:190} INFO - [2025-02-01T08:01:31.646+0000] {dagbag.py:588} INFO - Filling up the DagBag from /home/airflow/.local/lib/python3.12/site-packages/airflow/example_dags/example_external_task_marker_dag.py
[2025-02-01T08:01:31.658+0000] {processor.py:925} INFO - DAG(s) 'example_external_task_marker_parent', 'example_external_task_marker_child' retrieved from /home/airflow/.local/lib/python3.12/site-packages/airflow/example_dags/example_external_task_marker_dag.py
[2025-02-01T08:01:31.694+0000] {logging_mixin.py:190} INFO - [2025-02-01T08:01:31.693+0000] {dag.py:3239} INFO - Sync 2 DAGs
[2025-02-01T08:01:31.715+0000] {logging_mixin.py:190} INFO - [2025-02-01T08:01:31.715+0000] {dag.py:4180} INFO - Setting next_dagrun for example_external_task_marker_child to None, run_after=None
[2025-02-01T08:01:31.721+0000] {logging_mixin.py:190} INFO - [2025-02-01T08:01:31.721+0000] {dag.py:4180} INFO - Setting next_dagrun for example_external_task_marker_parent to None, run_after=None
[2025-02-01T08:01:31.745+0000] {processor.py:208} INFO - Processing /home/airflow/.local/lib/python3.12/site-packages/airflow/example_dags/example_external_task_marker_dag.py took 0.117 seconds
