[2025-02-01T07:36:53.610+0000] {processor.py:186} INFO - Started process (PID=119) to work on /home/airflow/.local/lib/python3.12/site-packages/airflow/example_dags/example_subdag_operator.py
[2025-02-01T07:36:53.612+0000] {processor.py:914} INFO - Processing file /home/airflow/.local/lib/python3.12/site-packages/airflow/example_dags/example_subdag_operator.py for tasks to queue
[2025-02-01T07:36:53.617+0000] {logging_mixin.py:190} INFO - [2025-02-01T07:36:53.616+0000] {dagbag.py:588} INFO - Filling up the DagBag from /home/airflow/.local/lib/python3.12/site-packages/airflow/example_dags/example_subdag_operator.py
[2025-02-01T07:36:53.697+0000] {processor.py:925} INFO - DAG(s) 'example_subdag_operator.section-1', 'example_subdag_operator.section-2', 'example_subdag_operator' retrieved from /home/airflow/.local/lib/python3.12/site-packages/airflow/example_dags/example_subdag_operator.py
[2025-02-01T07:36:53.766+0000] {logging_mixin.py:190} INFO - [2025-02-01T07:36:53.765+0000] {dag.py:3239} INFO - Sync 3 DAGs
[2025-02-01T07:36:53.822+0000] {logging_mixin.py:190} INFO - [2025-02-01T07:36:53.822+0000] {dag.py:4180} INFO - Setting next_dagrun for example_subdag_operator to 2022-01-01 00:00:00+00:00, run_after=2022-01-01 00:00:00+00:00
[2025-02-01T07:36:53.830+0000] {logging_mixin.py:190} INFO - [2025-02-01T07:36:53.830+0000] {dag.py:4180} INFO - Setting next_dagrun for example_subdag_operator.section-1 to None, run_after=None
[2025-02-01T07:36:53.833+0000] {logging_mixin.py:190} INFO - [2025-02-01T07:36:53.833+0000] {dag.py:4180} INFO - Setting next_dagrun for example_subdag_operator.section-2 to None, run_after=None
[2025-02-01T07:36:53.853+0000] {logging_mixin.py:190} INFO - [2025-02-01T07:36:53.853+0000] {dag.py:3239} INFO - Sync 2 DAGs
[2025-02-01T07:36:53.868+0000] {logging_mixin.py:190} INFO - [2025-02-01T07:36:53.868+0000] {dag.py:4180} INFO - Setting next_dagrun for example_subdag_operator.section-1 to None, run_after=None
[2025-02-01T07:36:53.870+0000] {logging_mixin.py:190} INFO - [2025-02-01T07:36:53.870+0000] {dag.py:4180} INFO - Setting next_dagrun for example_subdag_operator.section-2 to None, run_after=None
[2025-02-01T07:36:53.906+0000] {processor.py:208} INFO - Processing /home/airflow/.local/lib/python3.12/site-packages/airflow/example_dags/example_subdag_operator.py took 0.309 seconds
[2025-02-01T07:37:24.493+0000] {processor.py:186} INFO - Started process (PID=193) to work on /home/airflow/.local/lib/python3.12/site-packages/airflow/example_dags/example_subdag_operator.py
[2025-02-01T07:37:24.494+0000] {processor.py:914} INFO - Processing file /home/airflow/.local/lib/python3.12/site-packages/airflow/example_dags/example_subdag_operator.py for tasks to queue
[2025-02-01T07:37:24.497+0000] {logging_mixin.py:190} INFO - [2025-02-01T07:37:24.496+0000] {dagbag.py:588} INFO - Filling up the DagBag from /home/airflow/.local/lib/python3.12/site-packages/airflow/example_dags/example_subdag_operator.py
[2025-02-01T07:37:24.533+0000] {processor.py:925} INFO - DAG(s) 'example_subdag_operator.section-1', 'example_subdag_operator.section-2', 'example_subdag_operator' retrieved from /home/airflow/.local/lib/python3.12/site-packages/airflow/example_dags/example_subdag_operator.py
[2025-02-01T07:37:24.556+0000] {logging_mixin.py:190} INFO - [2025-02-01T07:37:24.555+0000] {dag.py:3239} INFO - Sync 3 DAGs
[2025-02-01T07:37:24.594+0000] {logging_mixin.py:190} INFO - [2025-02-01T07:37:24.593+0000] {dag.py:4180} INFO - Setting next_dagrun for example_subdag_operator to 2022-01-01 00:00:00+00:00, run_after=2022-01-01 00:00:00+00:00
[2025-02-01T07:37:24.599+0000] {logging_mixin.py:190} INFO - [2025-02-01T07:37:24.598+0000] {dag.py:4180} INFO - Setting next_dagrun for example_subdag_operator.section-1 to None, run_after=None
[2025-02-01T07:37:24.605+0000] {logging_mixin.py:190} INFO - [2025-02-01T07:37:24.604+0000] {dag.py:4180} INFO - Setting next_dagrun for example_subdag_operator.section-2 to None, run_after=None
[2025-02-01T07:37:24.631+0000] {logging_mixin.py:190} INFO - [2025-02-01T07:37:24.630+0000] {dag.py:3239} INFO - Sync 2 DAGs
[2025-02-01T07:37:24.645+0000] {logging_mixin.py:190} INFO - [2025-02-01T07:37:24.643+0000] {dag.py:4180} INFO - Setting next_dagrun for example_subdag_operator.section-1 to None, run_after=None
[2025-02-01T07:37:24.648+0000] {logging_mixin.py:190} INFO - [2025-02-01T07:37:24.647+0000] {dag.py:4180} INFO - Setting next_dagrun for example_subdag_operator.section-2 to None, run_after=None
[2025-02-01T07:37:24.672+0000] {processor.py:208} INFO - Processing /home/airflow/.local/lib/python3.12/site-packages/airflow/example_dags/example_subdag_operator.py took 0.189 seconds
