[2025-02-01T07:37:00.961+0000] {processor.py:186} INFO - Started process (PID=162) to work on /home/airflow/.local/lib/python3.12/site-packages/airflow/example_dags/example_sla_dag.py
[2025-02-01T07:37:00.962+0000] {processor.py:914} INFO - Processing file /home/airflow/.local/lib/python3.12/site-packages/airflow/example_dags/example_sla_dag.py for tasks to queue
[2025-02-01T07:37:00.966+0000] {logging_mixin.py:190} INFO - [2025-02-01T07:37:00.966+0000] {dagbag.py:588} INFO - Filling up the DagBag from /home/airflow/.local/lib/python3.12/site-packages/airflow/example_dags/example_sla_dag.py
[2025-02-01T07:37:00.983+0000] {processor.py:925} INFO - DAG(s) 'example_sla_dag' retrieved from /home/airflow/.local/lib/python3.12/site-packages/airflow/example_dags/example_sla_dag.py
[2025-02-01T07:37:01.013+0000] {logging_mixin.py:190} INFO - [2025-02-01T07:37:01.012+0000] {dag.py:3239} INFO - Sync 1 DAGs
[2025-02-01T07:37:01.054+0000] {logging_mixin.py:190} INFO - [2025-02-01T07:37:01.054+0000] {dag.py:4180} INFO - Setting next_dagrun for example_sla_dag to 2025-02-01 07:34:00+00:00, run_after=2025-02-01 07:36:00+00:00
[2025-02-01T07:37:01.090+0000] {processor.py:208} INFO - Processing /home/airflow/.local/lib/python3.12/site-packages/airflow/example_dags/example_sla_dag.py took 0.138 seconds
[2025-02-01T07:37:31.926+0000] {processor.py:186} INFO - Started process (PID=228) to work on /home/airflow/.local/lib/python3.12/site-packages/airflow/example_dags/example_sla_dag.py
[2025-02-01T07:37:31.928+0000] {processor.py:914} INFO - Processing file /home/airflow/.local/lib/python3.12/site-packages/airflow/example_dags/example_sla_dag.py for tasks to queue
[2025-02-01T07:37:31.931+0000] {logging_mixin.py:190} INFO - [2025-02-01T07:37:31.931+0000] {dagbag.py:588} INFO - Filling up the DagBag from /home/airflow/.local/lib/python3.12/site-packages/airflow/example_dags/example_sla_dag.py
[2025-02-01T07:37:31.949+0000] {processor.py:925} INFO - DAG(s) 'example_sla_dag' retrieved from /home/airflow/.local/lib/python3.12/site-packages/airflow/example_dags/example_sla_dag.py
[2025-02-01T07:37:31.979+0000] {logging_mixin.py:190} INFO - [2025-02-01T07:37:31.979+0000] {dag.py:3239} INFO - Sync 1 DAGs
[2025-02-01T07:37:32.029+0000] {logging_mixin.py:190} INFO - [2025-02-01T07:37:32.028+0000] {dag.py:4180} INFO - Setting next_dagrun for example_sla_dag to 2025-02-01 07:34:00+00:00, run_after=2025-02-01 07:36:00+00:00
[2025-02-01T07:37:32.061+0000] {processor.py:208} INFO - Processing /home/airflow/.local/lib/python3.12/site-packages/airflow/example_dags/example_sla_dag.py took 0.145 seconds
[2025-02-01T07:38:02.144+0000] {processor.py:186} INFO - Started process (PID=293) to work on /home/airflow/.local/lib/python3.12/site-packages/airflow/example_dags/example_sla_dag.py
[2025-02-01T07:38:02.146+0000] {processor.py:914} INFO - Processing file /home/airflow/.local/lib/python3.12/site-packages/airflow/example_dags/example_sla_dag.py for tasks to queue
[2025-02-01T07:38:02.149+0000] {logging_mixin.py:190} INFO - [2025-02-01T07:38:02.149+0000] {dagbag.py:588} INFO - Filling up the DagBag from /home/airflow/.local/lib/python3.12/site-packages/airflow/example_dags/example_sla_dag.py
[2025-02-01T07:38:02.166+0000] {processor.py:925} INFO - DAG(s) 'example_sla_dag' retrieved from /home/airflow/.local/lib/python3.12/site-packages/airflow/example_dags/example_sla_dag.py
[2025-02-01T07:38:02.196+0000] {logging_mixin.py:190} INFO - [2025-02-01T07:38:02.195+0000] {dag.py:3239} INFO - Sync 1 DAGs
[2025-02-01T07:38:02.251+0000] {logging_mixin.py:190} INFO - [2025-02-01T07:38:02.251+0000] {dag.py:4180} INFO - Setting next_dagrun for example_sla_dag to 2025-02-01 07:36:00+00:00, run_after=2025-02-01 07:38:00+00:00
[2025-02-01T07:38:02.289+0000] {processor.py:208} INFO - Processing /home/airflow/.local/lib/python3.12/site-packages/airflow/example_dags/example_sla_dag.py took 0.165 seconds
[2025-02-01T07:38:32.679+0000] {processor.py:186} INFO - Started process (PID=359) to work on /home/airflow/.local/lib/python3.12/site-packages/airflow/example_dags/example_sla_dag.py
[2025-02-01T07:38:32.680+0000] {processor.py:914} INFO - Processing file /home/airflow/.local/lib/python3.12/site-packages/airflow/example_dags/example_sla_dag.py for tasks to queue
[2025-02-01T07:38:32.683+0000] {logging_mixin.py:190} INFO - [2025-02-01T07:38:32.683+0000] {dagbag.py:588} INFO - Filling up the DagBag from /home/airflow/.local/lib/python3.12/site-packages/airflow/example_dags/example_sla_dag.py
[2025-02-01T07:38:32.699+0000] {processor.py:925} INFO - DAG(s) 'example_sla_dag' retrieved from /home/airflow/.local/lib/python3.12/site-packages/airflow/example_dags/example_sla_dag.py
[2025-02-01T07:38:32.724+0000] {logging_mixin.py:190} INFO - [2025-02-01T07:38:32.723+0000] {dag.py:3239} INFO - Sync 1 DAGs
[2025-02-01T07:38:32.755+0000] {logging_mixin.py:190} INFO - [2025-02-01T07:38:32.755+0000] {dag.py:4180} INFO - Setting next_dagrun for example_sla_dag to 2025-02-01 07:36:00+00:00, run_after=2025-02-01 07:38:00+00:00
[2025-02-01T07:38:32.795+0000] {processor.py:208} INFO - Processing /home/airflow/.local/lib/python3.12/site-packages/airflow/example_dags/example_sla_dag.py took 0.125 seconds
[2025-02-01T07:39:03.583+0000] {processor.py:186} INFO - Started process (PID=424) to work on /home/airflow/.local/lib/python3.12/site-packages/airflow/example_dags/example_sla_dag.py
[2025-02-01T07:39:03.585+0000] {processor.py:914} INFO - Processing file /home/airflow/.local/lib/python3.12/site-packages/airflow/example_dags/example_sla_dag.py for tasks to queue
[2025-02-01T07:39:03.588+0000] {logging_mixin.py:190} INFO - [2025-02-01T07:39:03.587+0000] {dagbag.py:588} INFO - Filling up the DagBag from /home/airflow/.local/lib/python3.12/site-packages/airflow/example_dags/example_sla_dag.py
[2025-02-01T07:39:03.605+0000] {processor.py:925} INFO - DAG(s) 'example_sla_dag' retrieved from /home/airflow/.local/lib/python3.12/site-packages/airflow/example_dags/example_sla_dag.py
[2025-02-01T07:39:03.629+0000] {logging_mixin.py:190} INFO - [2025-02-01T07:39:03.629+0000] {dag.py:3239} INFO - Sync 1 DAGs
[2025-02-01T07:39:03.664+0000] {logging_mixin.py:190} INFO - [2025-02-01T07:39:03.664+0000] {dag.py:4180} INFO - Setting next_dagrun for example_sla_dag to 2025-02-01 07:36:00+00:00, run_after=2025-02-01 07:38:00+00:00
[2025-02-01T07:39:03.693+0000] {processor.py:208} INFO - Processing /home/airflow/.local/lib/python3.12/site-packages/airflow/example_dags/example_sla_dag.py took 0.119 seconds
[2025-02-01T07:39:35.699+0000] {processor.py:186} INFO - Started process (PID=496) to work on /home/airflow/.local/lib/python3.12/site-packages/airflow/example_dags/example_sla_dag.py
[2025-02-01T07:39:35.701+0000] {processor.py:914} INFO - Processing file /home/airflow/.local/lib/python3.12/site-packages/airflow/example_dags/example_sla_dag.py for tasks to queue
[2025-02-01T07:39:35.705+0000] {logging_mixin.py:190} INFO - [2025-02-01T07:39:35.704+0000] {dagbag.py:588} INFO - Filling up the DagBag from /home/airflow/.local/lib/python3.12/site-packages/airflow/example_dags/example_sla_dag.py
[2025-02-01T07:39:35.723+0000] {processor.py:925} INFO - DAG(s) 'example_sla_dag' retrieved from /home/airflow/.local/lib/python3.12/site-packages/airflow/example_dags/example_sla_dag.py
[2025-02-01T07:39:35.754+0000] {logging_mixin.py:190} INFO - [2025-02-01T07:39:35.754+0000] {dag.py:3239} INFO - Sync 1 DAGs
[2025-02-01T07:39:35.791+0000] {logging_mixin.py:190} INFO - [2025-02-01T07:39:35.791+0000] {dag.py:4180} INFO - Setting next_dagrun for example_sla_dag to 2025-02-01 07:36:00+00:00, run_after=2025-02-01 07:38:00+00:00
[2025-02-01T07:39:35.821+0000] {processor.py:208} INFO - Processing /home/airflow/.local/lib/python3.12/site-packages/airflow/example_dags/example_sla_dag.py took 0.132 seconds
[2025-02-01T07:40:07.155+0000] {processor.py:186} INFO - Started process (PID=562) to work on /home/airflow/.local/lib/python3.12/site-packages/airflow/example_dags/example_sla_dag.py
[2025-02-01T07:40:07.157+0000] {processor.py:914} INFO - Processing file /home/airflow/.local/lib/python3.12/site-packages/airflow/example_dags/example_sla_dag.py for tasks to queue
[2025-02-01T07:40:07.160+0000] {logging_mixin.py:190} INFO - [2025-02-01T07:40:07.160+0000] {dagbag.py:588} INFO - Filling up the DagBag from /home/airflow/.local/lib/python3.12/site-packages/airflow/example_dags/example_sla_dag.py
[2025-02-01T07:40:07.176+0000] {processor.py:925} INFO - DAG(s) 'example_sla_dag' retrieved from /home/airflow/.local/lib/python3.12/site-packages/airflow/example_dags/example_sla_dag.py
[2025-02-01T07:40:07.200+0000] {logging_mixin.py:190} INFO - [2025-02-01T07:40:07.199+0000] {dag.py:3239} INFO - Sync 1 DAGs
[2025-02-01T07:40:07.229+0000] {logging_mixin.py:190} INFO - [2025-02-01T07:40:07.229+0000] {dag.py:4180} INFO - Setting next_dagrun for example_sla_dag to 2025-02-01 07:38:00+00:00, run_after=2025-02-01 07:40:00+00:00
[2025-02-01T07:40:07.255+0000] {processor.py:208} INFO - Processing /home/airflow/.local/lib/python3.12/site-packages/airflow/example_dags/example_sla_dag.py took 0.109 seconds
[2025-02-01T07:40:38.277+0000] {processor.py:186} INFO - Started process (PID=628) to work on /home/airflow/.local/lib/python3.12/site-packages/airflow/example_dags/example_sla_dag.py
[2025-02-01T07:40:38.279+0000] {processor.py:914} INFO - Processing file /home/airflow/.local/lib/python3.12/site-packages/airflow/example_dags/example_sla_dag.py for tasks to queue
[2025-02-01T07:40:38.282+0000] {logging_mixin.py:190} INFO - [2025-02-01T07:40:38.281+0000] {dagbag.py:588} INFO - Filling up the DagBag from /home/airflow/.local/lib/python3.12/site-packages/airflow/example_dags/example_sla_dag.py
[2025-02-01T07:40:38.299+0000] {processor.py:925} INFO - DAG(s) 'example_sla_dag' retrieved from /home/airflow/.local/lib/python3.12/site-packages/airflow/example_dags/example_sla_dag.py
[2025-02-01T07:40:38.323+0000] {logging_mixin.py:190} INFO - [2025-02-01T07:40:38.323+0000] {dag.py:3239} INFO - Sync 1 DAGs
[2025-02-01T07:40:38.355+0000] {logging_mixin.py:190} INFO - [2025-02-01T07:40:38.355+0000] {dag.py:4180} INFO - Setting next_dagrun for example_sla_dag to 2025-02-01 07:38:00+00:00, run_after=2025-02-01 07:40:00+00:00
[2025-02-01T07:40:38.381+0000] {processor.py:208} INFO - Processing /home/airflow/.local/lib/python3.12/site-packages/airflow/example_dags/example_sla_dag.py took 0.113 seconds
[2025-02-01T07:41:08.935+0000] {processor.py:186} INFO - Started process (PID=694) to work on /home/airflow/.local/lib/python3.12/site-packages/airflow/example_dags/example_sla_dag.py
[2025-02-01T07:41:08.936+0000] {processor.py:914} INFO - Processing file /home/airflow/.local/lib/python3.12/site-packages/airflow/example_dags/example_sla_dag.py for tasks to queue
[2025-02-01T07:41:08.940+0000] {logging_mixin.py:190} INFO - [2025-02-01T07:41:08.940+0000] {dagbag.py:588} INFO - Filling up the DagBag from /home/airflow/.local/lib/python3.12/site-packages/airflow/example_dags/example_sla_dag.py
[2025-02-01T07:41:08.962+0000] {processor.py:925} INFO - DAG(s) 'example_sla_dag' retrieved from /home/airflow/.local/lib/python3.12/site-packages/airflow/example_dags/example_sla_dag.py
[2025-02-01T07:41:09.000+0000] {logging_mixin.py:190} INFO - [2025-02-01T07:41:08.999+0000] {dag.py:3239} INFO - Sync 1 DAGs
[2025-02-01T07:41:09.042+0000] {logging_mixin.py:190} INFO - [2025-02-01T07:41:09.042+0000] {dag.py:4180} INFO - Setting next_dagrun for example_sla_dag to 2025-02-01 07:38:00+00:00, run_after=2025-02-01 07:40:00+00:00
[2025-02-01T07:41:09.069+0000] {processor.py:208} INFO - Processing /home/airflow/.local/lib/python3.12/site-packages/airflow/example_dags/example_sla_dag.py took 0.144 seconds
[2025-02-01T07:41:40.001+0000] {processor.py:186} INFO - Started process (PID=759) to work on /home/airflow/.local/lib/python3.12/site-packages/airflow/example_dags/example_sla_dag.py
[2025-02-01T07:41:40.002+0000] {processor.py:914} INFO - Processing file /home/airflow/.local/lib/python3.12/site-packages/airflow/example_dags/example_sla_dag.py for tasks to queue
[2025-02-01T07:41:40.005+0000] {logging_mixin.py:190} INFO - [2025-02-01T07:41:40.005+0000] {dagbag.py:588} INFO - Filling up the DagBag from /home/airflow/.local/lib/python3.12/site-packages/airflow/example_dags/example_sla_dag.py
[2025-02-01T07:41:40.025+0000] {processor.py:925} INFO - DAG(s) 'example_sla_dag' retrieved from /home/airflow/.local/lib/python3.12/site-packages/airflow/example_dags/example_sla_dag.py
[2025-02-01T07:41:40.050+0000] {logging_mixin.py:190} INFO - [2025-02-01T07:41:40.049+0000] {dag.py:3239} INFO - Sync 1 DAGs
[2025-02-01T07:41:40.086+0000] {logging_mixin.py:190} INFO - [2025-02-01T07:41:40.086+0000] {dag.py:4180} INFO - Setting next_dagrun for example_sla_dag to 2025-02-01 07:38:00+00:00, run_after=2025-02-01 07:40:00+00:00
[2025-02-01T07:41:40.112+0000] {processor.py:208} INFO - Processing /home/airflow/.local/lib/python3.12/site-packages/airflow/example_dags/example_sla_dag.py took 0.125 seconds
[2025-02-01T07:42:11.483+0000] {processor.py:186} INFO - Started process (PID=825) to work on /home/airflow/.local/lib/python3.12/site-packages/airflow/example_dags/example_sla_dag.py
[2025-02-01T07:42:11.485+0000] {processor.py:914} INFO - Processing file /home/airflow/.local/lib/python3.12/site-packages/airflow/example_dags/example_sla_dag.py for tasks to queue
[2025-02-01T07:42:11.488+0000] {logging_mixin.py:190} INFO - [2025-02-01T07:42:11.487+0000] {dagbag.py:588} INFO - Filling up the DagBag from /home/airflow/.local/lib/python3.12/site-packages/airflow/example_dags/example_sla_dag.py
[2025-02-01T07:42:11.503+0000] {processor.py:925} INFO - DAG(s) 'example_sla_dag' retrieved from /home/airflow/.local/lib/python3.12/site-packages/airflow/example_dags/example_sla_dag.py
[2025-02-01T07:42:11.528+0000] {logging_mixin.py:190} INFO - [2025-02-01T07:42:11.528+0000] {dag.py:3239} INFO - Sync 1 DAGs
[2025-02-01T07:42:11.564+0000] {logging_mixin.py:190} INFO - [2025-02-01T07:42:11.564+0000] {dag.py:4180} INFO - Setting next_dagrun for example_sla_dag to 2025-02-01 07:40:00+00:00, run_after=2025-02-01 07:42:00+00:00
[2025-02-01T07:42:11.595+0000] {processor.py:208} INFO - Processing /home/airflow/.local/lib/python3.12/site-packages/airflow/example_dags/example_sla_dag.py took 0.120 seconds
[2025-02-01T07:42:43.285+0000] {processor.py:186} INFO - Started process (PID=891) to work on /home/airflow/.local/lib/python3.12/site-packages/airflow/example_dags/example_sla_dag.py
[2025-02-01T07:42:43.286+0000] {processor.py:914} INFO - Processing file /home/airflow/.local/lib/python3.12/site-packages/airflow/example_dags/example_sla_dag.py for tasks to queue
[2025-02-01T07:42:43.289+0000] {logging_mixin.py:190} INFO - [2025-02-01T07:42:43.289+0000] {dagbag.py:588} INFO - Filling up the DagBag from /home/airflow/.local/lib/python3.12/site-packages/airflow/example_dags/example_sla_dag.py
[2025-02-01T07:42:43.308+0000] {processor.py:925} INFO - DAG(s) 'example_sla_dag' retrieved from /home/airflow/.local/lib/python3.12/site-packages/airflow/example_dags/example_sla_dag.py
[2025-02-01T07:42:43.352+0000] {logging_mixin.py:190} INFO - [2025-02-01T07:42:43.351+0000] {dag.py:3239} INFO - Sync 1 DAGs
[2025-02-01T07:42:43.387+0000] {logging_mixin.py:190} INFO - [2025-02-01T07:42:43.387+0000] {dag.py:4180} INFO - Setting next_dagrun for example_sla_dag to 2025-02-01 07:40:00+00:00, run_after=2025-02-01 07:42:00+00:00
[2025-02-01T07:42:43.409+0000] {processor.py:208} INFO - Processing /home/airflow/.local/lib/python3.12/site-packages/airflow/example_dags/example_sla_dag.py took 0.136 seconds
[2025-02-01T07:43:14.267+0000] {processor.py:186} INFO - Started process (PID=957) to work on /home/airflow/.local/lib/python3.12/site-packages/airflow/example_dags/example_sla_dag.py
[2025-02-01T07:43:14.268+0000] {processor.py:914} INFO - Processing file /home/airflow/.local/lib/python3.12/site-packages/airflow/example_dags/example_sla_dag.py for tasks to queue
[2025-02-01T07:43:14.272+0000] {logging_mixin.py:190} INFO - [2025-02-01T07:43:14.271+0000] {dagbag.py:588} INFO - Filling up the DagBag from /home/airflow/.local/lib/python3.12/site-packages/airflow/example_dags/example_sla_dag.py
[2025-02-01T07:43:14.285+0000] {processor.py:925} INFO - DAG(s) 'example_sla_dag' retrieved from /home/airflow/.local/lib/python3.12/site-packages/airflow/example_dags/example_sla_dag.py
[2025-02-01T07:43:14.313+0000] {logging_mixin.py:190} INFO - [2025-02-01T07:43:14.312+0000] {dag.py:3239} INFO - Sync 1 DAGs
[2025-02-01T07:43:14.349+0000] {logging_mixin.py:190} INFO - [2025-02-01T07:43:14.349+0000] {dag.py:4180} INFO - Setting next_dagrun for example_sla_dag to 2025-02-01 07:40:00+00:00, run_after=2025-02-01 07:42:00+00:00
[2025-02-01T07:43:14.376+0000] {processor.py:208} INFO - Processing /home/airflow/.local/lib/python3.12/site-packages/airflow/example_dags/example_sla_dag.py took 0.119 seconds
[2025-02-01T07:43:45.774+0000] {processor.py:186} INFO - Started process (PID=1023) to work on /home/airflow/.local/lib/python3.12/site-packages/airflow/example_dags/example_sla_dag.py
[2025-02-01T07:43:45.777+0000] {processor.py:914} INFO - Processing file /home/airflow/.local/lib/python3.12/site-packages/airflow/example_dags/example_sla_dag.py for tasks to queue
[2025-02-01T07:43:45.780+0000] {logging_mixin.py:190} INFO - [2025-02-01T07:43:45.779+0000] {dagbag.py:588} INFO - Filling up the DagBag from /home/airflow/.local/lib/python3.12/site-packages/airflow/example_dags/example_sla_dag.py
[2025-02-01T07:43:45.793+0000] {processor.py:925} INFO - DAG(s) 'example_sla_dag' retrieved from /home/airflow/.local/lib/python3.12/site-packages/airflow/example_dags/example_sla_dag.py
[2025-02-01T07:43:45.816+0000] {logging_mixin.py:190} INFO - [2025-02-01T07:43:45.816+0000] {dag.py:3239} INFO - Sync 1 DAGs
[2025-02-01T07:43:45.852+0000] {logging_mixin.py:190} INFO - [2025-02-01T07:43:45.852+0000] {dag.py:4180} INFO - Setting next_dagrun for example_sla_dag to 2025-02-01 07:40:00+00:00, run_after=2025-02-01 07:42:00+00:00
[2025-02-01T07:43:45.877+0000] {processor.py:208} INFO - Processing /home/airflow/.local/lib/python3.12/site-packages/airflow/example_dags/example_sla_dag.py took 0.111 seconds
[2025-02-01T07:44:18.653+0000] {processor.py:186} INFO - Started process (PID=1089) to work on /home/airflow/.local/lib/python3.12/site-packages/airflow/example_dags/example_sla_dag.py
[2025-02-01T07:44:18.654+0000] {processor.py:914} INFO - Processing file /home/airflow/.local/lib/python3.12/site-packages/airflow/example_dags/example_sla_dag.py for tasks to queue
[2025-02-01T07:44:18.658+0000] {logging_mixin.py:190} INFO - [2025-02-01T07:44:18.657+0000] {dagbag.py:588} INFO - Filling up the DagBag from /home/airflow/.local/lib/python3.12/site-packages/airflow/example_dags/example_sla_dag.py
[2025-02-01T07:44:18.673+0000] {processor.py:925} INFO - DAG(s) 'example_sla_dag' retrieved from /home/airflow/.local/lib/python3.12/site-packages/airflow/example_dags/example_sla_dag.py
[2025-02-01T07:44:18.698+0000] {logging_mixin.py:190} INFO - [2025-02-01T07:44:18.698+0000] {dag.py:3239} INFO - Sync 1 DAGs
[2025-02-01T07:44:18.744+0000] {logging_mixin.py:190} INFO - [2025-02-01T07:44:18.743+0000] {dag.py:4180} INFO - Setting next_dagrun for example_sla_dag to 2025-02-01 07:42:00+00:00, run_after=2025-02-01 07:44:00+00:00
[2025-02-01T07:44:18.795+0000] {processor.py:208} INFO - Processing /home/airflow/.local/lib/python3.12/site-packages/airflow/example_dags/example_sla_dag.py took 0.151 seconds
[2025-02-01T07:44:49.459+0000] {processor.py:186} INFO - Started process (PID=1155) to work on /home/airflow/.local/lib/python3.12/site-packages/airflow/example_dags/example_sla_dag.py
[2025-02-01T07:44:49.460+0000] {processor.py:914} INFO - Processing file /home/airflow/.local/lib/python3.12/site-packages/airflow/example_dags/example_sla_dag.py for tasks to queue
[2025-02-01T07:44:49.463+0000] {logging_mixin.py:190} INFO - [2025-02-01T07:44:49.463+0000] {dagbag.py:588} INFO - Filling up the DagBag from /home/airflow/.local/lib/python3.12/site-packages/airflow/example_dags/example_sla_dag.py
[2025-02-01T07:44:49.477+0000] {processor.py:925} INFO - DAG(s) 'example_sla_dag' retrieved from /home/airflow/.local/lib/python3.12/site-packages/airflow/example_dags/example_sla_dag.py
[2025-02-01T07:44:49.502+0000] {logging_mixin.py:190} INFO - [2025-02-01T07:44:49.501+0000] {dag.py:3239} INFO - Sync 1 DAGs
[2025-02-01T07:44:49.535+0000] {logging_mixin.py:190} INFO - [2025-02-01T07:44:49.534+0000] {dag.py:4180} INFO - Setting next_dagrun for example_sla_dag to 2025-02-01 07:42:00+00:00, run_after=2025-02-01 07:44:00+00:00
[2025-02-01T07:44:49.578+0000] {processor.py:208} INFO - Processing /home/airflow/.local/lib/python3.12/site-packages/airflow/example_dags/example_sla_dag.py took 0.133 seconds
[2025-02-01T07:45:21.062+0000] {processor.py:186} INFO - Started process (PID=1221) to work on /home/airflow/.local/lib/python3.12/site-packages/airflow/example_dags/example_sla_dag.py
[2025-02-01T07:45:21.063+0000] {processor.py:914} INFO - Processing file /home/airflow/.local/lib/python3.12/site-packages/airflow/example_dags/example_sla_dag.py for tasks to queue
[2025-02-01T07:45:21.066+0000] {logging_mixin.py:190} INFO - [2025-02-01T07:45:21.066+0000] {dagbag.py:588} INFO - Filling up the DagBag from /home/airflow/.local/lib/python3.12/site-packages/airflow/example_dags/example_sla_dag.py
[2025-02-01T07:45:21.079+0000] {processor.py:925} INFO - DAG(s) 'example_sla_dag' retrieved from /home/airflow/.local/lib/python3.12/site-packages/airflow/example_dags/example_sla_dag.py
[2025-02-01T07:45:21.116+0000] {logging_mixin.py:190} INFO - [2025-02-01T07:45:21.116+0000] {dag.py:3239} INFO - Sync 1 DAGs
[2025-02-01T07:45:21.152+0000] {logging_mixin.py:190} INFO - [2025-02-01T07:45:21.151+0000] {dag.py:4180} INFO - Setting next_dagrun for example_sla_dag to 2025-02-01 07:42:00+00:00, run_after=2025-02-01 07:44:00+00:00
[2025-02-01T07:45:21.181+0000] {processor.py:208} INFO - Processing /home/airflow/.local/lib/python3.12/site-packages/airflow/example_dags/example_sla_dag.py took 0.128 seconds
[2025-02-01T07:45:53.179+0000] {processor.py:186} INFO - Started process (PID=1287) to work on /home/airflow/.local/lib/python3.12/site-packages/airflow/example_dags/example_sla_dag.py
[2025-02-01T07:45:53.181+0000] {processor.py:914} INFO - Processing file /home/airflow/.local/lib/python3.12/site-packages/airflow/example_dags/example_sla_dag.py for tasks to queue
[2025-02-01T07:45:53.185+0000] {logging_mixin.py:190} INFO - [2025-02-01T07:45:53.185+0000] {dagbag.py:588} INFO - Filling up the DagBag from /home/airflow/.local/lib/python3.12/site-packages/airflow/example_dags/example_sla_dag.py
[2025-02-01T07:45:53.203+0000] {processor.py:925} INFO - DAG(s) 'example_sla_dag' retrieved from /home/airflow/.local/lib/python3.12/site-packages/airflow/example_dags/example_sla_dag.py
[2025-02-01T07:45:53.230+0000] {logging_mixin.py:190} INFO - [2025-02-01T07:45:53.230+0000] {dag.py:3239} INFO - Sync 1 DAGs
[2025-02-01T07:45:53.276+0000] {logging_mixin.py:190} INFO - [2025-02-01T07:45:53.276+0000] {dag.py:4180} INFO - Setting next_dagrun for example_sla_dag to 2025-02-01 07:42:00+00:00, run_after=2025-02-01 07:44:00+00:00
[2025-02-01T07:45:53.311+0000] {processor.py:208} INFO - Processing /home/airflow/.local/lib/python3.12/site-packages/airflow/example_dags/example_sla_dag.py took 0.142 seconds
[2025-02-01T07:46:23.526+0000] {processor.py:186} INFO - Started process (PID=1353) to work on /home/airflow/.local/lib/python3.12/site-packages/airflow/example_dags/example_sla_dag.py
[2025-02-01T07:46:23.528+0000] {processor.py:914} INFO - Processing file /home/airflow/.local/lib/python3.12/site-packages/airflow/example_dags/example_sla_dag.py for tasks to queue
[2025-02-01T07:46:23.532+0000] {logging_mixin.py:190} INFO - [2025-02-01T07:46:23.531+0000] {dagbag.py:588} INFO - Filling up the DagBag from /home/airflow/.local/lib/python3.12/site-packages/airflow/example_dags/example_sla_dag.py
[2025-02-01T07:46:23.551+0000] {processor.py:925} INFO - DAG(s) 'example_sla_dag' retrieved from /home/airflow/.local/lib/python3.12/site-packages/airflow/example_dags/example_sla_dag.py
[2025-02-01T07:46:23.586+0000] {logging_mixin.py:190} INFO - [2025-02-01T07:46:23.586+0000] {dag.py:3239} INFO - Sync 1 DAGs
[2025-02-01T07:46:23.623+0000] {logging_mixin.py:190} INFO - [2025-02-01T07:46:23.622+0000] {dag.py:4180} INFO - Setting next_dagrun for example_sla_dag to 2025-02-01 07:44:00+00:00, run_after=2025-02-01 07:46:00+00:00
[2025-02-01T07:46:23.658+0000] {processor.py:208} INFO - Processing /home/airflow/.local/lib/python3.12/site-packages/airflow/example_dags/example_sla_dag.py took 0.142 seconds
[2025-02-01T07:46:54.778+0000] {processor.py:186} INFO - Started process (PID=1419) to work on /home/airflow/.local/lib/python3.12/site-packages/airflow/example_dags/example_sla_dag.py
[2025-02-01T07:46:54.779+0000] {processor.py:914} INFO - Processing file /home/airflow/.local/lib/python3.12/site-packages/airflow/example_dags/example_sla_dag.py for tasks to queue
[2025-02-01T07:46:54.782+0000] {logging_mixin.py:190} INFO - [2025-02-01T07:46:54.782+0000] {dagbag.py:588} INFO - Filling up the DagBag from /home/airflow/.local/lib/python3.12/site-packages/airflow/example_dags/example_sla_dag.py
[2025-02-01T07:46:54.797+0000] {processor.py:925} INFO - DAG(s) 'example_sla_dag' retrieved from /home/airflow/.local/lib/python3.12/site-packages/airflow/example_dags/example_sla_dag.py
[2025-02-01T07:46:54.829+0000] {logging_mixin.py:190} INFO - [2025-02-01T07:46:54.829+0000] {dag.py:3239} INFO - Sync 1 DAGs
[2025-02-01T07:46:54.869+0000] {logging_mixin.py:190} INFO - [2025-02-01T07:46:54.869+0000] {dag.py:4180} INFO - Setting next_dagrun for example_sla_dag to 2025-02-01 07:44:00+00:00, run_after=2025-02-01 07:46:00+00:00
[2025-02-01T07:46:54.895+0000] {processor.py:208} INFO - Processing /home/airflow/.local/lib/python3.12/site-packages/airflow/example_dags/example_sla_dag.py took 0.127 seconds
[2025-02-01T07:47:26.572+0000] {processor.py:186} INFO - Started process (PID=1485) to work on /home/airflow/.local/lib/python3.12/site-packages/airflow/example_dags/example_sla_dag.py
[2025-02-01T07:47:26.574+0000] {processor.py:914} INFO - Processing file /home/airflow/.local/lib/python3.12/site-packages/airflow/example_dags/example_sla_dag.py for tasks to queue
[2025-02-01T07:47:26.577+0000] {logging_mixin.py:190} INFO - [2025-02-01T07:47:26.577+0000] {dagbag.py:588} INFO - Filling up the DagBag from /home/airflow/.local/lib/python3.12/site-packages/airflow/example_dags/example_sla_dag.py
[2025-02-01T07:47:26.592+0000] {processor.py:925} INFO - DAG(s) 'example_sla_dag' retrieved from /home/airflow/.local/lib/python3.12/site-packages/airflow/example_dags/example_sla_dag.py
[2025-02-01T07:47:26.623+0000] {logging_mixin.py:190} INFO - [2025-02-01T07:47:26.620+0000] {dag.py:3239} INFO - Sync 1 DAGs
[2025-02-01T07:47:26.657+0000] {logging_mixin.py:190} INFO - [2025-02-01T07:47:26.657+0000] {dag.py:4180} INFO - Setting next_dagrun for example_sla_dag to 2025-02-01 07:44:00+00:00, run_after=2025-02-01 07:46:00+00:00
[2025-02-01T07:47:26.679+0000] {processor.py:208} INFO - Processing /home/airflow/.local/lib/python3.12/site-packages/airflow/example_dags/example_sla_dag.py took 0.116 seconds
[2025-02-01T07:47:58.366+0000] {processor.py:186} INFO - Started process (PID=1551) to work on /home/airflow/.local/lib/python3.12/site-packages/airflow/example_dags/example_sla_dag.py
[2025-02-01T07:47:58.368+0000] {processor.py:914} INFO - Processing file /home/airflow/.local/lib/python3.12/site-packages/airflow/example_dags/example_sla_dag.py for tasks to queue
[2025-02-01T07:47:58.371+0000] {logging_mixin.py:190} INFO - [2025-02-01T07:47:58.371+0000] {dagbag.py:588} INFO - Filling up the DagBag from /home/airflow/.local/lib/python3.12/site-packages/airflow/example_dags/example_sla_dag.py
[2025-02-01T07:47:58.386+0000] {processor.py:925} INFO - DAG(s) 'example_sla_dag' retrieved from /home/airflow/.local/lib/python3.12/site-packages/airflow/example_dags/example_sla_dag.py
[2025-02-01T07:47:58.409+0000] {logging_mixin.py:190} INFO - [2025-02-01T07:47:58.409+0000] {dag.py:3239} INFO - Sync 1 DAGs
[2025-02-01T07:47:58.447+0000] {logging_mixin.py:190} INFO - [2025-02-01T07:47:58.447+0000] {dag.py:4180} INFO - Setting next_dagrun for example_sla_dag to 2025-02-01 07:44:00+00:00, run_after=2025-02-01 07:46:00+00:00
[2025-02-01T07:47:58.473+0000] {processor.py:208} INFO - Processing /home/airflow/.local/lib/python3.12/site-packages/airflow/example_dags/example_sla_dag.py took 0.116 seconds
[2025-02-01T07:48:28.800+0000] {processor.py:186} INFO - Started process (PID=1617) to work on /home/airflow/.local/lib/python3.12/site-packages/airflow/example_dags/example_sla_dag.py
[2025-02-01T07:48:28.801+0000] {processor.py:914} INFO - Processing file /home/airflow/.local/lib/python3.12/site-packages/airflow/example_dags/example_sla_dag.py for tasks to queue
[2025-02-01T07:48:28.805+0000] {logging_mixin.py:190} INFO - [2025-02-01T07:48:28.805+0000] {dagbag.py:588} INFO - Filling up the DagBag from /home/airflow/.local/lib/python3.12/site-packages/airflow/example_dags/example_sla_dag.py
[2025-02-01T07:48:28.821+0000] {processor.py:925} INFO - DAG(s) 'example_sla_dag' retrieved from /home/airflow/.local/lib/python3.12/site-packages/airflow/example_dags/example_sla_dag.py
[2025-02-01T07:48:28.852+0000] {logging_mixin.py:190} INFO - [2025-02-01T07:48:28.852+0000] {dag.py:3239} INFO - Sync 1 DAGs
[2025-02-01T07:48:28.930+0000] {logging_mixin.py:190} INFO - [2025-02-01T07:48:28.921+0000] {dag.py:4180} INFO - Setting next_dagrun for example_sla_dag to 2025-02-01 07:46:00+00:00, run_after=2025-02-01 07:48:00+00:00
[2025-02-01T07:48:28.992+0000] {processor.py:208} INFO - Processing /home/airflow/.local/lib/python3.12/site-packages/airflow/example_dags/example_sla_dag.py took 0.203 seconds
[2025-02-01T07:49:00.244+0000] {processor.py:186} INFO - Started process (PID=1683) to work on /home/airflow/.local/lib/python3.12/site-packages/airflow/example_dags/example_sla_dag.py
[2025-02-01T07:49:00.245+0000] {processor.py:914} INFO - Processing file /home/airflow/.local/lib/python3.12/site-packages/airflow/example_dags/example_sla_dag.py for tasks to queue
[2025-02-01T07:49:00.248+0000] {logging_mixin.py:190} INFO - [2025-02-01T07:49:00.247+0000] {dagbag.py:588} INFO - Filling up the DagBag from /home/airflow/.local/lib/python3.12/site-packages/airflow/example_dags/example_sla_dag.py
[2025-02-01T07:49:00.260+0000] {processor.py:925} INFO - DAG(s) 'example_sla_dag' retrieved from /home/airflow/.local/lib/python3.12/site-packages/airflow/example_dags/example_sla_dag.py
[2025-02-01T07:49:00.282+0000] {logging_mixin.py:190} INFO - [2025-02-01T07:49:00.282+0000] {dag.py:3239} INFO - Sync 1 DAGs
[2025-02-01T07:49:00.318+0000] {logging_mixin.py:190} INFO - [2025-02-01T07:49:00.318+0000] {dag.py:4180} INFO - Setting next_dagrun for example_sla_dag to 2025-02-01 07:46:00+00:00, run_after=2025-02-01 07:48:00+00:00
[2025-02-01T07:49:00.348+0000] {processor.py:208} INFO - Processing /home/airflow/.local/lib/python3.12/site-packages/airflow/example_dags/example_sla_dag.py took 0.113 seconds
[2025-02-01T07:49:32.100+0000] {processor.py:186} INFO - Started process (PID=1754) to work on /home/airflow/.local/lib/python3.12/site-packages/airflow/example_dags/example_sla_dag.py
[2025-02-01T07:49:32.102+0000] {processor.py:914} INFO - Processing file /home/airflow/.local/lib/python3.12/site-packages/airflow/example_dags/example_sla_dag.py for tasks to queue
[2025-02-01T07:49:32.105+0000] {logging_mixin.py:190} INFO - [2025-02-01T07:49:32.105+0000] {dagbag.py:588} INFO - Filling up the DagBag from /home/airflow/.local/lib/python3.12/site-packages/airflow/example_dags/example_sla_dag.py
[2025-02-01T07:49:32.124+0000] {processor.py:925} INFO - DAG(s) 'example_sla_dag' retrieved from /home/airflow/.local/lib/python3.12/site-packages/airflow/example_dags/example_sla_dag.py
[2025-02-01T07:49:32.155+0000] {logging_mixin.py:190} INFO - [2025-02-01T07:49:32.155+0000] {dag.py:3239} INFO - Sync 1 DAGs
[2025-02-01T07:49:32.196+0000] {logging_mixin.py:190} INFO - [2025-02-01T07:49:32.195+0000] {dag.py:4180} INFO - Setting next_dagrun for example_sla_dag to 2025-02-01 07:46:00+00:00, run_after=2025-02-01 07:48:00+00:00
[2025-02-01T07:49:32.224+0000] {processor.py:208} INFO - Processing /home/airflow/.local/lib/python3.12/site-packages/airflow/example_dags/example_sla_dag.py took 0.134 seconds
[2025-02-01T07:50:03.438+0000] {processor.py:186} INFO - Started process (PID=1820) to work on /home/airflow/.local/lib/python3.12/site-packages/airflow/example_dags/example_sla_dag.py
[2025-02-01T07:50:03.440+0000] {processor.py:914} INFO - Processing file /home/airflow/.local/lib/python3.12/site-packages/airflow/example_dags/example_sla_dag.py for tasks to queue
[2025-02-01T07:50:03.443+0000] {logging_mixin.py:190} INFO - [2025-02-01T07:50:03.443+0000] {dagbag.py:588} INFO - Filling up the DagBag from /home/airflow/.local/lib/python3.12/site-packages/airflow/example_dags/example_sla_dag.py
[2025-02-01T07:50:03.460+0000] {processor.py:925} INFO - DAG(s) 'example_sla_dag' retrieved from /home/airflow/.local/lib/python3.12/site-packages/airflow/example_dags/example_sla_dag.py
[2025-02-01T07:50:03.498+0000] {logging_mixin.py:190} INFO - [2025-02-01T07:50:03.497+0000] {dag.py:3239} INFO - Sync 1 DAGs
[2025-02-01T07:50:03.552+0000] {logging_mixin.py:190} INFO - [2025-02-01T07:50:03.552+0000] {dag.py:4180} INFO - Setting next_dagrun for example_sla_dag to 2025-02-01 07:48:00+00:00, run_after=2025-02-01 07:50:00+00:00
[2025-02-01T07:50:03.591+0000] {processor.py:208} INFO - Processing /home/airflow/.local/lib/python3.12/site-packages/airflow/example_dags/example_sla_dag.py took 0.163 seconds
[2025-02-01T07:50:35.398+0000] {processor.py:186} INFO - Started process (PID=1887) to work on /home/airflow/.local/lib/python3.12/site-packages/airflow/example_dags/example_sla_dag.py
[2025-02-01T07:50:35.399+0000] {processor.py:914} INFO - Processing file /home/airflow/.local/lib/python3.12/site-packages/airflow/example_dags/example_sla_dag.py for tasks to queue
[2025-02-01T07:50:35.402+0000] {logging_mixin.py:190} INFO - [2025-02-01T07:50:35.402+0000] {dagbag.py:588} INFO - Filling up the DagBag from /home/airflow/.local/lib/python3.12/site-packages/airflow/example_dags/example_sla_dag.py
[2025-02-01T07:50:35.417+0000] {processor.py:925} INFO - DAG(s) 'example_sla_dag' retrieved from /home/airflow/.local/lib/python3.12/site-packages/airflow/example_dags/example_sla_dag.py
[2025-02-01T07:50:35.442+0000] {logging_mixin.py:190} INFO - [2025-02-01T07:50:35.442+0000] {dag.py:3239} INFO - Sync 1 DAGs
[2025-02-01T07:50:35.477+0000] {logging_mixin.py:190} INFO - [2025-02-01T07:50:35.477+0000] {dag.py:4180} INFO - Setting next_dagrun for example_sla_dag to 2025-02-01 07:48:00+00:00, run_after=2025-02-01 07:50:00+00:00
[2025-02-01T07:50:35.512+0000] {processor.py:208} INFO - Processing /home/airflow/.local/lib/python3.12/site-packages/airflow/example_dags/example_sla_dag.py took 0.125 seconds
[2025-02-01T07:51:06.399+0000] {processor.py:186} INFO - Started process (PID=1959) to work on /home/airflow/.local/lib/python3.12/site-packages/airflow/example_dags/example_sla_dag.py
[2025-02-01T07:51:06.400+0000] {processor.py:914} INFO - Processing file /home/airflow/.local/lib/python3.12/site-packages/airflow/example_dags/example_sla_dag.py for tasks to queue
[2025-02-01T07:51:06.404+0000] {logging_mixin.py:190} INFO - [2025-02-01T07:51:06.403+0000] {dagbag.py:588} INFO - Filling up the DagBag from /home/airflow/.local/lib/python3.12/site-packages/airflow/example_dags/example_sla_dag.py
[2025-02-01T07:51:06.417+0000] {processor.py:925} INFO - DAG(s) 'example_sla_dag' retrieved from /home/airflow/.local/lib/python3.12/site-packages/airflow/example_dags/example_sla_dag.py
[2025-02-01T07:51:06.442+0000] {logging_mixin.py:190} INFO - [2025-02-01T07:51:06.442+0000] {dag.py:3239} INFO - Sync 1 DAGs
[2025-02-01T07:51:06.476+0000] {logging_mixin.py:190} INFO - [2025-02-01T07:51:06.475+0000] {dag.py:4180} INFO - Setting next_dagrun for example_sla_dag to 2025-02-01 07:48:00+00:00, run_after=2025-02-01 07:50:00+00:00
[2025-02-01T07:51:06.498+0000] {processor.py:208} INFO - Processing /home/airflow/.local/lib/python3.12/site-packages/airflow/example_dags/example_sla_dag.py took 0.107 seconds
[2025-02-01T07:51:37.515+0000] {processor.py:186} INFO - Started process (PID=2025) to work on /home/airflow/.local/lib/python3.12/site-packages/airflow/example_dags/example_sla_dag.py
[2025-02-01T07:51:37.517+0000] {processor.py:914} INFO - Processing file /home/airflow/.local/lib/python3.12/site-packages/airflow/example_dags/example_sla_dag.py for tasks to queue
[2025-02-01T07:51:37.520+0000] {logging_mixin.py:190} INFO - [2025-02-01T07:51:37.519+0000] {dagbag.py:588} INFO - Filling up the DagBag from /home/airflow/.local/lib/python3.12/site-packages/airflow/example_dags/example_sla_dag.py
[2025-02-01T07:51:37.535+0000] {processor.py:925} INFO - DAG(s) 'example_sla_dag' retrieved from /home/airflow/.local/lib/python3.12/site-packages/airflow/example_dags/example_sla_dag.py
[2025-02-01T07:51:37.559+0000] {logging_mixin.py:190} INFO - [2025-02-01T07:51:37.558+0000] {dag.py:3239} INFO - Sync 1 DAGs
[2025-02-01T07:51:37.589+0000] {logging_mixin.py:190} INFO - [2025-02-01T07:51:37.589+0000] {dag.py:4180} INFO - Setting next_dagrun for example_sla_dag to 2025-02-01 07:48:00+00:00, run_after=2025-02-01 07:50:00+00:00
[2025-02-01T07:51:37.612+0000] {processor.py:208} INFO - Processing /home/airflow/.local/lib/python3.12/site-packages/airflow/example_dags/example_sla_dag.py took 0.106 seconds
[2025-02-01T07:52:09.984+0000] {processor.py:186} INFO - Started process (PID=2091) to work on /home/airflow/.local/lib/python3.12/site-packages/airflow/example_dags/example_sla_dag.py
[2025-02-01T07:52:09.986+0000] {processor.py:914} INFO - Processing file /home/airflow/.local/lib/python3.12/site-packages/airflow/example_dags/example_sla_dag.py for tasks to queue
[2025-02-01T07:52:09.990+0000] {logging_mixin.py:190} INFO - [2025-02-01T07:52:09.990+0000] {dagbag.py:588} INFO - Filling up the DagBag from /home/airflow/.local/lib/python3.12/site-packages/airflow/example_dags/example_sla_dag.py
[2025-02-01T07:52:10.007+0000] {processor.py:925} INFO - DAG(s) 'example_sla_dag' retrieved from /home/airflow/.local/lib/python3.12/site-packages/airflow/example_dags/example_sla_dag.py
[2025-02-01T07:52:10.108+0000] {logging_mixin.py:190} INFO - [2025-02-01T07:52:10.108+0000] {dag.py:3239} INFO - Sync 1 DAGs
[2025-02-01T07:52:10.211+0000] {logging_mixin.py:190} INFO - [2025-02-01T07:52:10.211+0000] {dag.py:4180} INFO - Setting next_dagrun for example_sla_dag to 2025-02-01 07:50:00+00:00, run_after=2025-02-01 07:52:00+00:00
[2025-02-01T07:52:10.245+0000] {processor.py:208} INFO - Processing /home/airflow/.local/lib/python3.12/site-packages/airflow/example_dags/example_sla_dag.py took 0.272 seconds
[2025-02-01T07:52:42.293+0000] {processor.py:186} INFO - Started process (PID=2157) to work on /home/airflow/.local/lib/python3.12/site-packages/airflow/example_dags/example_sla_dag.py
[2025-02-01T07:52:42.294+0000] {processor.py:914} INFO - Processing file /home/airflow/.local/lib/python3.12/site-packages/airflow/example_dags/example_sla_dag.py for tasks to queue
[2025-02-01T07:52:42.297+0000] {logging_mixin.py:190} INFO - [2025-02-01T07:52:42.297+0000] {dagbag.py:588} INFO - Filling up the DagBag from /home/airflow/.local/lib/python3.12/site-packages/airflow/example_dags/example_sla_dag.py
[2025-02-01T07:52:42.311+0000] {processor.py:925} INFO - DAG(s) 'example_sla_dag' retrieved from /home/airflow/.local/lib/python3.12/site-packages/airflow/example_dags/example_sla_dag.py
[2025-02-01T07:52:42.333+0000] {logging_mixin.py:190} INFO - [2025-02-01T07:52:42.332+0000] {dag.py:3239} INFO - Sync 1 DAGs
[2025-02-01T07:52:42.363+0000] {logging_mixin.py:190} INFO - [2025-02-01T07:52:42.363+0000] {dag.py:4180} INFO - Setting next_dagrun for example_sla_dag to 2025-02-01 07:50:00+00:00, run_after=2025-02-01 07:52:00+00:00
[2025-02-01T07:52:42.396+0000] {processor.py:208} INFO - Processing /home/airflow/.local/lib/python3.12/site-packages/airflow/example_dags/example_sla_dag.py took 0.112 seconds
[2025-02-01T07:53:14.307+0000] {processor.py:186} INFO - Started process (PID=2223) to work on /home/airflow/.local/lib/python3.12/site-packages/airflow/example_dags/example_sla_dag.py
[2025-02-01T07:53:14.309+0000] {processor.py:914} INFO - Processing file /home/airflow/.local/lib/python3.12/site-packages/airflow/example_dags/example_sla_dag.py for tasks to queue
[2025-02-01T07:53:14.312+0000] {logging_mixin.py:190} INFO - [2025-02-01T07:53:14.312+0000] {dagbag.py:588} INFO - Filling up the DagBag from /home/airflow/.local/lib/python3.12/site-packages/airflow/example_dags/example_sla_dag.py
[2025-02-01T07:53:14.329+0000] {processor.py:925} INFO - DAG(s) 'example_sla_dag' retrieved from /home/airflow/.local/lib/python3.12/site-packages/airflow/example_dags/example_sla_dag.py
[2025-02-01T07:53:14.353+0000] {logging_mixin.py:190} INFO - [2025-02-01T07:53:14.353+0000] {dag.py:3239} INFO - Sync 1 DAGs
[2025-02-01T07:53:14.386+0000] {logging_mixin.py:190} INFO - [2025-02-01T07:53:14.386+0000] {dag.py:4180} INFO - Setting next_dagrun for example_sla_dag to 2025-02-01 07:50:00+00:00, run_after=2025-02-01 07:52:00+00:00
[2025-02-01T07:53:14.412+0000] {processor.py:208} INFO - Processing /home/airflow/.local/lib/python3.12/site-packages/airflow/example_dags/example_sla_dag.py took 0.114 seconds
[2025-02-01T07:53:45.828+0000] {processor.py:186} INFO - Started process (PID=2289) to work on /home/airflow/.local/lib/python3.12/site-packages/airflow/example_dags/example_sla_dag.py
[2025-02-01T07:53:45.829+0000] {processor.py:914} INFO - Processing file /home/airflow/.local/lib/python3.12/site-packages/airflow/example_dags/example_sla_dag.py for tasks to queue
[2025-02-01T07:53:45.832+0000] {logging_mixin.py:190} INFO - [2025-02-01T07:53:45.832+0000] {dagbag.py:588} INFO - Filling up the DagBag from /home/airflow/.local/lib/python3.12/site-packages/airflow/example_dags/example_sla_dag.py
[2025-02-01T07:53:45.863+0000] {processor.py:925} INFO - DAG(s) 'example_sla_dag' retrieved from /home/airflow/.local/lib/python3.12/site-packages/airflow/example_dags/example_sla_dag.py
[2025-02-01T07:53:45.887+0000] {logging_mixin.py:190} INFO - [2025-02-01T07:53:45.887+0000] {dag.py:3239} INFO - Sync 1 DAGs
[2025-02-01T07:53:45.921+0000] {logging_mixin.py:190} INFO - [2025-02-01T07:53:45.921+0000] {dag.py:4180} INFO - Setting next_dagrun for example_sla_dag to 2025-02-01 07:50:00+00:00, run_after=2025-02-01 07:52:00+00:00
[2025-02-01T07:53:45.948+0000] {processor.py:208} INFO - Processing /home/airflow/.local/lib/python3.12/site-packages/airflow/example_dags/example_sla_dag.py took 0.130 seconds
[2025-02-01T07:54:17.779+0000] {processor.py:186} INFO - Started process (PID=2357) to work on /home/airflow/.local/lib/python3.12/site-packages/airflow/example_dags/example_sla_dag.py
[2025-02-01T07:54:17.780+0000] {processor.py:914} INFO - Processing file /home/airflow/.local/lib/python3.12/site-packages/airflow/example_dags/example_sla_dag.py for tasks to queue
[2025-02-01T07:54:17.783+0000] {logging_mixin.py:190} INFO - [2025-02-01T07:54:17.783+0000] {dagbag.py:588} INFO - Filling up the DagBag from /home/airflow/.local/lib/python3.12/site-packages/airflow/example_dags/example_sla_dag.py
[2025-02-01T07:54:17.796+0000] {processor.py:925} INFO - DAG(s) 'example_sla_dag' retrieved from /home/airflow/.local/lib/python3.12/site-packages/airflow/example_dags/example_sla_dag.py
[2025-02-01T07:54:17.826+0000] {logging_mixin.py:190} INFO - [2025-02-01T07:54:17.825+0000] {dag.py:3239} INFO - Sync 1 DAGs
[2025-02-01T07:54:17.863+0000] {logging_mixin.py:190} INFO - [2025-02-01T07:54:17.862+0000] {dag.py:4180} INFO - Setting next_dagrun for example_sla_dag to 2025-02-01 07:52:00+00:00, run_after=2025-02-01 07:54:00+00:00
[2025-02-01T07:54:17.897+0000] {processor.py:208} INFO - Processing /home/airflow/.local/lib/python3.12/site-packages/airflow/example_dags/example_sla_dag.py took 0.127 seconds
[2025-02-01T07:54:49.258+0000] {processor.py:186} INFO - Started process (PID=2423) to work on /home/airflow/.local/lib/python3.12/site-packages/airflow/example_dags/example_sla_dag.py
[2025-02-01T07:54:49.260+0000] {processor.py:914} INFO - Processing file /home/airflow/.local/lib/python3.12/site-packages/airflow/example_dags/example_sla_dag.py for tasks to queue
[2025-02-01T07:54:49.264+0000] {logging_mixin.py:190} INFO - [2025-02-01T07:54:49.263+0000] {dagbag.py:588} INFO - Filling up the DagBag from /home/airflow/.local/lib/python3.12/site-packages/airflow/example_dags/example_sla_dag.py
[2025-02-01T07:54:49.277+0000] {processor.py:925} INFO - DAG(s) 'example_sla_dag' retrieved from /home/airflow/.local/lib/python3.12/site-packages/airflow/example_dags/example_sla_dag.py
[2025-02-01T07:54:49.304+0000] {logging_mixin.py:190} INFO - [2025-02-01T07:54:49.303+0000] {dag.py:3239} INFO - Sync 1 DAGs
[2025-02-01T07:54:49.342+0000] {logging_mixin.py:190} INFO - [2025-02-01T07:54:49.342+0000] {dag.py:4180} INFO - Setting next_dagrun for example_sla_dag to 2025-02-01 07:52:00+00:00, run_after=2025-02-01 07:54:00+00:00
[2025-02-01T07:54:49.370+0000] {processor.py:208} INFO - Processing /home/airflow/.local/lib/python3.12/site-packages/airflow/example_dags/example_sla_dag.py took 0.122 seconds
[2025-02-01T07:55:19.640+0000] {processor.py:186} INFO - Started process (PID=2488) to work on /home/airflow/.local/lib/python3.12/site-packages/airflow/example_dags/example_sla_dag.py
[2025-02-01T07:55:19.641+0000] {processor.py:914} INFO - Processing file /home/airflow/.local/lib/python3.12/site-packages/airflow/example_dags/example_sla_dag.py for tasks to queue
[2025-02-01T07:55:19.645+0000] {logging_mixin.py:190} INFO - [2025-02-01T07:55:19.644+0000] {dagbag.py:588} INFO - Filling up the DagBag from /home/airflow/.local/lib/python3.12/site-packages/airflow/example_dags/example_sla_dag.py
[2025-02-01T07:55:19.659+0000] {processor.py:925} INFO - DAG(s) 'example_sla_dag' retrieved from /home/airflow/.local/lib/python3.12/site-packages/airflow/example_dags/example_sla_dag.py
[2025-02-01T07:55:19.685+0000] {logging_mixin.py:190} INFO - [2025-02-01T07:55:19.684+0000] {dag.py:3239} INFO - Sync 1 DAGs
[2025-02-01T07:55:19.720+0000] {logging_mixin.py:190} INFO - [2025-02-01T07:55:19.720+0000] {dag.py:4180} INFO - Setting next_dagrun for example_sla_dag to 2025-02-01 07:52:00+00:00, run_after=2025-02-01 07:54:00+00:00
[2025-02-01T07:55:19.745+0000] {processor.py:208} INFO - Processing /home/airflow/.local/lib/python3.12/site-packages/airflow/example_dags/example_sla_dag.py took 0.115 seconds
[2025-02-01T07:55:50.044+0000] {processor.py:186} INFO - Started process (PID=2554) to work on /home/airflow/.local/lib/python3.12/site-packages/airflow/example_dags/example_sla_dag.py
[2025-02-01T07:55:50.047+0000] {processor.py:914} INFO - Processing file /home/airflow/.local/lib/python3.12/site-packages/airflow/example_dags/example_sla_dag.py for tasks to queue
[2025-02-01T07:55:50.052+0000] {logging_mixin.py:190} INFO - [2025-02-01T07:55:50.052+0000] {dagbag.py:588} INFO - Filling up the DagBag from /home/airflow/.local/lib/python3.12/site-packages/airflow/example_dags/example_sla_dag.py
[2025-02-01T07:55:50.079+0000] {processor.py:925} INFO - DAG(s) 'example_sla_dag' retrieved from /home/airflow/.local/lib/python3.12/site-packages/airflow/example_dags/example_sla_dag.py
[2025-02-01T07:55:50.106+0000] {logging_mixin.py:190} INFO - [2025-02-01T07:55:50.106+0000] {dag.py:3239} INFO - Sync 1 DAGs
[2025-02-01T07:55:50.147+0000] {logging_mixin.py:190} INFO - [2025-02-01T07:55:50.147+0000] {dag.py:4180} INFO - Setting next_dagrun for example_sla_dag to 2025-02-01 07:52:00+00:00, run_after=2025-02-01 07:54:00+00:00
[2025-02-01T07:55:50.178+0000] {processor.py:208} INFO - Processing /home/airflow/.local/lib/python3.12/site-packages/airflow/example_dags/example_sla_dag.py took 0.147 seconds
[2025-02-01T07:56:20.927+0000] {processor.py:186} INFO - Started process (PID=2620) to work on /home/airflow/.local/lib/python3.12/site-packages/airflow/example_dags/example_sla_dag.py
[2025-02-01T07:56:20.930+0000] {processor.py:914} INFO - Processing file /home/airflow/.local/lib/python3.12/site-packages/airflow/example_dags/example_sla_dag.py for tasks to queue
[2025-02-01T07:56:20.935+0000] {logging_mixin.py:190} INFO - [2025-02-01T07:56:20.934+0000] {dagbag.py:588} INFO - Filling up the DagBag from /home/airflow/.local/lib/python3.12/site-packages/airflow/example_dags/example_sla_dag.py
[2025-02-01T07:56:20.953+0000] {processor.py:925} INFO - DAG(s) 'example_sla_dag' retrieved from /home/airflow/.local/lib/python3.12/site-packages/airflow/example_dags/example_sla_dag.py
[2025-02-01T07:56:20.983+0000] {logging_mixin.py:190} INFO - [2025-02-01T07:56:20.983+0000] {dag.py:3239} INFO - Sync 1 DAGs
[2025-02-01T07:56:21.039+0000] {logging_mixin.py:190} INFO - [2025-02-01T07:56:21.038+0000] {dag.py:4180} INFO - Setting next_dagrun for example_sla_dag to 2025-02-01 07:54:00+00:00, run_after=2025-02-01 07:56:00+00:00
[2025-02-01T07:56:21.075+0000] {processor.py:208} INFO - Processing /home/airflow/.local/lib/python3.12/site-packages/airflow/example_dags/example_sla_dag.py took 0.159 seconds
[2025-02-01T07:56:52.227+0000] {processor.py:186} INFO - Started process (PID=2686) to work on /home/airflow/.local/lib/python3.12/site-packages/airflow/example_dags/example_sla_dag.py
[2025-02-01T07:56:52.229+0000] {processor.py:914} INFO - Processing file /home/airflow/.local/lib/python3.12/site-packages/airflow/example_dags/example_sla_dag.py for tasks to queue
[2025-02-01T07:56:52.233+0000] {logging_mixin.py:190} INFO - [2025-02-01T07:56:52.232+0000] {dagbag.py:588} INFO - Filling up the DagBag from /home/airflow/.local/lib/python3.12/site-packages/airflow/example_dags/example_sla_dag.py
[2025-02-01T07:56:52.249+0000] {processor.py:925} INFO - DAG(s) 'example_sla_dag' retrieved from /home/airflow/.local/lib/python3.12/site-packages/airflow/example_dags/example_sla_dag.py
[2025-02-01T07:56:52.277+0000] {logging_mixin.py:190} INFO - [2025-02-01T07:56:52.277+0000] {dag.py:3239} INFO - Sync 1 DAGs
[2025-02-01T07:56:52.319+0000] {logging_mixin.py:190} INFO - [2025-02-01T07:56:52.318+0000] {dag.py:4180} INFO - Setting next_dagrun for example_sla_dag to 2025-02-01 07:54:00+00:00, run_after=2025-02-01 07:56:00+00:00
[2025-02-01T07:56:52.346+0000] {processor.py:208} INFO - Processing /home/airflow/.local/lib/python3.12/site-packages/airflow/example_dags/example_sla_dag.py took 0.131 seconds
[2025-02-01T07:57:23.705+0000] {processor.py:186} INFO - Started process (PID=2752) to work on /home/airflow/.local/lib/python3.12/site-packages/airflow/example_dags/example_sla_dag.py
[2025-02-01T07:57:23.707+0000] {processor.py:914} INFO - Processing file /home/airflow/.local/lib/python3.12/site-packages/airflow/example_dags/example_sla_dag.py for tasks to queue
[2025-02-01T07:57:23.710+0000] {logging_mixin.py:190} INFO - [2025-02-01T07:57:23.709+0000] {dagbag.py:588} INFO - Filling up the DagBag from /home/airflow/.local/lib/python3.12/site-packages/airflow/example_dags/example_sla_dag.py
[2025-02-01T07:57:23.725+0000] {processor.py:925} INFO - DAG(s) 'example_sla_dag' retrieved from /home/airflow/.local/lib/python3.12/site-packages/airflow/example_dags/example_sla_dag.py
[2025-02-01T07:57:23.762+0000] {logging_mixin.py:190} INFO - [2025-02-01T07:57:23.762+0000] {dag.py:3239} INFO - Sync 1 DAGs
[2025-02-01T07:57:23.802+0000] {logging_mixin.py:190} INFO - [2025-02-01T07:57:23.802+0000] {dag.py:4180} INFO - Setting next_dagrun for example_sla_dag to 2025-02-01 07:54:00+00:00, run_after=2025-02-01 07:56:00+00:00
[2025-02-01T07:57:23.828+0000] {processor.py:208} INFO - Processing /home/airflow/.local/lib/python3.12/site-packages/airflow/example_dags/example_sla_dag.py took 0.134 seconds
[2025-02-01T07:57:55.550+0000] {processor.py:186} INFO - Started process (PID=2820) to work on /home/airflow/.local/lib/python3.12/site-packages/airflow/example_dags/example_sla_dag.py
[2025-02-01T07:57:55.551+0000] {processor.py:914} INFO - Processing file /home/airflow/.local/lib/python3.12/site-packages/airflow/example_dags/example_sla_dag.py for tasks to queue
[2025-02-01T07:57:55.555+0000] {logging_mixin.py:190} INFO - [2025-02-01T07:57:55.554+0000] {dagbag.py:588} INFO - Filling up the DagBag from /home/airflow/.local/lib/python3.12/site-packages/airflow/example_dags/example_sla_dag.py
[2025-02-01T07:57:55.572+0000] {processor.py:925} INFO - DAG(s) 'example_sla_dag' retrieved from /home/airflow/.local/lib/python3.12/site-packages/airflow/example_dags/example_sla_dag.py
[2025-02-01T07:57:55.600+0000] {logging_mixin.py:190} INFO - [2025-02-01T07:57:55.600+0000] {dag.py:3239} INFO - Sync 1 DAGs
[2025-02-01T07:57:55.644+0000] {logging_mixin.py:190} INFO - [2025-02-01T07:57:55.644+0000] {dag.py:4180} INFO - Setting next_dagrun for example_sla_dag to 2025-02-01 07:54:00+00:00, run_after=2025-02-01 07:56:00+00:00
[2025-02-01T07:57:55.677+0000] {processor.py:208} INFO - Processing /home/airflow/.local/lib/python3.12/site-packages/airflow/example_dags/example_sla_dag.py took 0.138 seconds
[2025-02-01T07:58:26.212+0000] {processor.py:186} INFO - Started process (PID=2886) to work on /home/airflow/.local/lib/python3.12/site-packages/airflow/example_dags/example_sla_dag.py
[2025-02-01T07:58:26.213+0000] {processor.py:914} INFO - Processing file /home/airflow/.local/lib/python3.12/site-packages/airflow/example_dags/example_sla_dag.py for tasks to queue
[2025-02-01T07:58:26.216+0000] {logging_mixin.py:190} INFO - [2025-02-01T07:58:26.216+0000] {dagbag.py:588} INFO - Filling up the DagBag from /home/airflow/.local/lib/python3.12/site-packages/airflow/example_dags/example_sla_dag.py
[2025-02-01T07:58:26.233+0000] {processor.py:925} INFO - DAG(s) 'example_sla_dag' retrieved from /home/airflow/.local/lib/python3.12/site-packages/airflow/example_dags/example_sla_dag.py
[2025-02-01T07:58:26.259+0000] {logging_mixin.py:190} INFO - [2025-02-01T07:58:26.259+0000] {dag.py:3239} INFO - Sync 1 DAGs
[2025-02-01T07:58:26.289+0000] {logging_mixin.py:190} INFO - [2025-02-01T07:58:26.288+0000] {dag.py:4180} INFO - Setting next_dagrun for example_sla_dag to 2025-02-01 07:56:00+00:00, run_after=2025-02-01 07:58:00+00:00
[2025-02-01T07:58:26.531+0000] {processor.py:208} INFO - Processing /home/airflow/.local/lib/python3.12/site-packages/airflow/example_dags/example_sla_dag.py took 0.329 seconds
[2025-02-01T07:58:58.595+0000] {processor.py:186} INFO - Started process (PID=2953) to work on /home/airflow/.local/lib/python3.12/site-packages/airflow/example_dags/example_sla_dag.py
[2025-02-01T07:58:58.596+0000] {processor.py:914} INFO - Processing file /home/airflow/.local/lib/python3.12/site-packages/airflow/example_dags/example_sla_dag.py for tasks to queue
[2025-02-01T07:58:58.600+0000] {logging_mixin.py:190} INFO - [2025-02-01T07:58:58.600+0000] {dagbag.py:588} INFO - Filling up the DagBag from /home/airflow/.local/lib/python3.12/site-packages/airflow/example_dags/example_sla_dag.py
[2025-02-01T07:58:58.616+0000] {processor.py:925} INFO - DAG(s) 'example_sla_dag' retrieved from /home/airflow/.local/lib/python3.12/site-packages/airflow/example_dags/example_sla_dag.py
[2025-02-01T07:58:58.643+0000] {logging_mixin.py:190} INFO - [2025-02-01T07:58:58.643+0000] {dag.py:3239} INFO - Sync 1 DAGs
[2025-02-01T07:58:58.680+0000] {logging_mixin.py:190} INFO - [2025-02-01T07:58:58.679+0000] {dag.py:4180} INFO - Setting next_dagrun for example_sla_dag to 2025-02-01 07:56:00+00:00, run_after=2025-02-01 07:58:00+00:00
[2025-02-01T07:58:58.931+0000] {processor.py:208} INFO - Processing /home/airflow/.local/lib/python3.12/site-packages/airflow/example_dags/example_sla_dag.py took 0.347 seconds
[2025-02-01T07:59:31.084+0000] {processor.py:186} INFO - Started process (PID=3020) to work on /home/airflow/.local/lib/python3.12/site-packages/airflow/example_dags/example_sla_dag.py
[2025-02-01T07:59:31.085+0000] {processor.py:914} INFO - Processing file /home/airflow/.local/lib/python3.12/site-packages/airflow/example_dags/example_sla_dag.py for tasks to queue
[2025-02-01T07:59:31.089+0000] {logging_mixin.py:190} INFO - [2025-02-01T07:59:31.088+0000] {dagbag.py:588} INFO - Filling up the DagBag from /home/airflow/.local/lib/python3.12/site-packages/airflow/example_dags/example_sla_dag.py
[2025-02-01T07:59:31.102+0000] {processor.py:925} INFO - DAG(s) 'example_sla_dag' retrieved from /home/airflow/.local/lib/python3.12/site-packages/airflow/example_dags/example_sla_dag.py
[2025-02-01T07:59:31.130+0000] {logging_mixin.py:190} INFO - [2025-02-01T07:59:31.129+0000] {dag.py:3239} INFO - Sync 1 DAGs
[2025-02-01T07:59:31.361+0000] {logging_mixin.py:190} INFO - [2025-02-01T07:59:31.361+0000] {dag.py:4180} INFO - Setting next_dagrun for example_sla_dag to 2025-02-01 07:56:00+00:00, run_after=2025-02-01 07:58:00+00:00
[2025-02-01T07:59:31.384+0000] {processor.py:208} INFO - Processing /home/airflow/.local/lib/python3.12/site-packages/airflow/example_dags/example_sla_dag.py took 0.309 seconds
[2025-02-01T08:00:02.399+0000] {processor.py:186} INFO - Started process (PID=3087) to work on /home/airflow/.local/lib/python3.12/site-packages/airflow/example_dags/example_sla_dag.py
[2025-02-01T08:00:02.408+0000] {processor.py:914} INFO - Processing file /home/airflow/.local/lib/python3.12/site-packages/airflow/example_dags/example_sla_dag.py for tasks to queue
[2025-02-01T08:00:02.413+0000] {logging_mixin.py:190} INFO - [2025-02-01T08:00:02.413+0000] {dagbag.py:588} INFO - Filling up the DagBag from /home/airflow/.local/lib/python3.12/site-packages/airflow/example_dags/example_sla_dag.py
[2025-02-01T08:00:02.433+0000] {processor.py:925} INFO - DAG(s) 'example_sla_dag' retrieved from /home/airflow/.local/lib/python3.12/site-packages/airflow/example_dags/example_sla_dag.py
[2025-02-01T08:00:02.461+0000] {logging_mixin.py:190} INFO - [2025-02-01T08:00:02.460+0000] {dag.py:3239} INFO - Sync 1 DAGs
[2025-02-01T08:00:02.498+0000] {logging_mixin.py:190} INFO - [2025-02-01T08:00:02.498+0000] {dag.py:4180} INFO - Setting next_dagrun for example_sla_dag to 2025-02-01 07:58:00+00:00, run_after=2025-02-01 08:00:00+00:00
[2025-02-01T08:00:02.539+0000] {processor.py:208} INFO - Processing /home/airflow/.local/lib/python3.12/site-packages/airflow/example_dags/example_sla_dag.py took 0.163 seconds
[2025-02-01T08:00:32.992+0000] {processor.py:186} INFO - Started process (PID=3153) to work on /home/airflow/.local/lib/python3.12/site-packages/airflow/example_dags/example_sla_dag.py
[2025-02-01T08:00:32.994+0000] {processor.py:914} INFO - Processing file /home/airflow/.local/lib/python3.12/site-packages/airflow/example_dags/example_sla_dag.py for tasks to queue
[2025-02-01T08:00:32.998+0000] {logging_mixin.py:190} INFO - [2025-02-01T08:00:32.998+0000] {dagbag.py:588} INFO - Filling up the DagBag from /home/airflow/.local/lib/python3.12/site-packages/airflow/example_dags/example_sla_dag.py
[2025-02-01T08:00:33.013+0000] {processor.py:925} INFO - DAG(s) 'example_sla_dag' retrieved from /home/airflow/.local/lib/python3.12/site-packages/airflow/example_dags/example_sla_dag.py
[2025-02-01T08:00:33.041+0000] {logging_mixin.py:190} INFO - [2025-02-01T08:00:33.041+0000] {dag.py:3239} INFO - Sync 1 DAGs
[2025-02-01T08:00:33.081+0000] {logging_mixin.py:190} INFO - [2025-02-01T08:00:33.081+0000] {dag.py:4180} INFO - Setting next_dagrun for example_sla_dag to 2025-02-01 07:58:00+00:00, run_after=2025-02-01 08:00:00+00:00
[2025-02-01T08:00:33.107+0000] {processor.py:208} INFO - Processing /home/airflow/.local/lib/python3.12/site-packages/airflow/example_dags/example_sla_dag.py took 0.132 seconds
[2025-02-01T08:01:03.437+0000] {processor.py:186} INFO - Started process (PID=3220) to work on /home/airflow/.local/lib/python3.12/site-packages/airflow/example_dags/example_sla_dag.py
[2025-02-01T08:01:03.438+0000] {processor.py:914} INFO - Processing file /home/airflow/.local/lib/python3.12/site-packages/airflow/example_dags/example_sla_dag.py for tasks to queue
[2025-02-01T08:01:03.443+0000] {logging_mixin.py:190} INFO - [2025-02-01T08:01:03.442+0000] {dagbag.py:588} INFO - Filling up the DagBag from /home/airflow/.local/lib/python3.12/site-packages/airflow/example_dags/example_sla_dag.py
[2025-02-01T08:01:03.464+0000] {processor.py:925} INFO - DAG(s) 'example_sla_dag' retrieved from /home/airflow/.local/lib/python3.12/site-packages/airflow/example_dags/example_sla_dag.py
[2025-02-01T08:01:03.492+0000] {logging_mixin.py:190} INFO - [2025-02-01T08:01:03.491+0000] {dag.py:3239} INFO - Sync 1 DAGs
[2025-02-01T08:01:03.526+0000] {logging_mixin.py:190} INFO - [2025-02-01T08:01:03.526+0000] {dag.py:4180} INFO - Setting next_dagrun for example_sla_dag to 2025-02-01 07:58:00+00:00, run_after=2025-02-01 08:00:00+00:00
[2025-02-01T08:01:03.553+0000] {processor.py:208} INFO - Processing /home/airflow/.local/lib/python3.12/site-packages/airflow/example_dags/example_sla_dag.py took 0.129 seconds
[2025-02-01T08:01:34.862+0000] {processor.py:186} INFO - Started process (PID=3286) to work on /home/airflow/.local/lib/python3.12/site-packages/airflow/example_dags/example_sla_dag.py
[2025-02-01T08:01:34.864+0000] {processor.py:914} INFO - Processing file /home/airflow/.local/lib/python3.12/site-packages/airflow/example_dags/example_sla_dag.py for tasks to queue
[2025-02-01T08:01:34.868+0000] {logging_mixin.py:190} INFO - [2025-02-01T08:01:34.868+0000] {dagbag.py:588} INFO - Filling up the DagBag from /home/airflow/.local/lib/python3.12/site-packages/airflow/example_dags/example_sla_dag.py
[2025-02-01T08:01:34.888+0000] {processor.py:925} INFO - DAG(s) 'example_sla_dag' retrieved from /home/airflow/.local/lib/python3.12/site-packages/airflow/example_dags/example_sla_dag.py
[2025-02-01T08:01:34.918+0000] {logging_mixin.py:190} INFO - [2025-02-01T08:01:34.918+0000] {dag.py:3239} INFO - Sync 1 DAGs
[2025-02-01T08:01:34.958+0000] {logging_mixin.py:190} INFO - [2025-02-01T08:01:34.958+0000] {dag.py:4180} INFO - Setting next_dagrun for example_sla_dag to 2025-02-01 07:58:00+00:00, run_after=2025-02-01 08:00:00+00:00
[2025-02-01T08:01:34.988+0000] {processor.py:208} INFO - Processing /home/airflow/.local/lib/python3.12/site-packages/airflow/example_dags/example_sla_dag.py took 0.140 seconds
