[2025-02-01T07:36:53.977+0000] {processor.py:186} INFO - Started process (PID=120) to work on /home/airflow/.local/lib/python3.12/site-packages/airflow/example_dags/example_nested_branch_dag.py
[2025-02-01T07:36:53.979+0000] {processor.py:914} INFO - Processing file /home/airflow/.local/lib/python3.12/site-packages/airflow/example_dags/example_nested_branch_dag.py for tasks to queue
[2025-02-01T07:36:53.982+0000] {logging_mixin.py:190} INFO - [2025-02-01T07:36:53.982+0000] {dagbag.py:588} INFO - Filling up the DagBag from /home/airflow/.local/lib/python3.12/site-packages/airflow/example_dags/example_nested_branch_dag.py
[2025-02-01T07:36:54.014+0000] {processor.py:925} INFO - DAG(s) 'example_nested_branch_dag' retrieved from /home/airflow/.local/lib/python3.12/site-packages/airflow/example_dags/example_nested_branch_dag.py
[2025-02-01T07:36:54.082+0000] {logging_mixin.py:190} INFO - [2025-02-01T07:36:54.081+0000] {dag.py:3239} INFO - Sync 1 DAGs
[2025-02-01T07:36:54.172+0000] {logging_mixin.py:190} INFO - [2025-02-01T07:36:54.171+0000] {dag.py:4180} INFO - Setting next_dagrun for example_nested_branch_dag to 2025-01-31 00:00:00+00:00, run_after=2025-02-01 00:00:00+00:00
[2025-02-01T07:36:54.231+0000] {processor.py:208} INFO - Processing /home/airflow/.local/lib/python3.12/site-packages/airflow/example_dags/example_nested_branch_dag.py took 0.272 seconds
[2025-02-01T07:37:24.758+0000] {processor.py:186} INFO - Started process (PID=194) to work on /home/airflow/.local/lib/python3.12/site-packages/airflow/example_dags/example_nested_branch_dag.py
[2025-02-01T07:37:24.759+0000] {processor.py:914} INFO - Processing file /home/airflow/.local/lib/python3.12/site-packages/airflow/example_dags/example_nested_branch_dag.py for tasks to queue
[2025-02-01T07:37:24.762+0000] {logging_mixin.py:190} INFO - [2025-02-01T07:37:24.762+0000] {dagbag.py:588} INFO - Filling up the DagBag from /home/airflow/.local/lib/python3.12/site-packages/airflow/example_dags/example_nested_branch_dag.py
[2025-02-01T07:37:24.778+0000] {processor.py:925} INFO - DAG(s) 'example_nested_branch_dag' retrieved from /home/airflow/.local/lib/python3.12/site-packages/airflow/example_dags/example_nested_branch_dag.py
[2025-02-01T07:37:24.808+0000] {logging_mixin.py:190} INFO - [2025-02-01T07:37:24.808+0000] {dag.py:3239} INFO - Sync 1 DAGs
[2025-02-01T07:37:24.847+0000] {logging_mixin.py:190} INFO - [2025-02-01T07:37:24.846+0000] {dag.py:4180} INFO - Setting next_dagrun for example_nested_branch_dag to 2025-01-31 00:00:00+00:00, run_after=2025-02-01 00:00:00+00:00
[2025-02-01T07:37:24.884+0000] {processor.py:208} INFO - Processing /home/airflow/.local/lib/python3.12/site-packages/airflow/example_dags/example_nested_branch_dag.py took 0.137 seconds
[2025-02-01T07:37:55.966+0000] {processor.py:186} INFO - Started process (PID=260) to work on /home/airflow/.local/lib/python3.12/site-packages/airflow/example_dags/example_nested_branch_dag.py
[2025-02-01T07:37:55.968+0000] {processor.py:914} INFO - Processing file /home/airflow/.local/lib/python3.12/site-packages/airflow/example_dags/example_nested_branch_dag.py for tasks to queue
[2025-02-01T07:37:55.973+0000] {logging_mixin.py:190} INFO - [2025-02-01T07:37:55.972+0000] {dagbag.py:588} INFO - Filling up the DagBag from /home/airflow/.local/lib/python3.12/site-packages/airflow/example_dags/example_nested_branch_dag.py
[2025-02-01T07:37:55.991+0000] {processor.py:925} INFO - DAG(s) 'example_nested_branch_dag' retrieved from /home/airflow/.local/lib/python3.12/site-packages/airflow/example_dags/example_nested_branch_dag.py
[2025-02-01T07:37:56.020+0000] {logging_mixin.py:190} INFO - [2025-02-01T07:37:56.020+0000] {dag.py:3239} INFO - Sync 1 DAGs
[2025-02-01T07:37:56.077+0000] {logging_mixin.py:190} INFO - [2025-02-01T07:37:56.073+0000] {dag.py:4180} INFO - Setting next_dagrun for example_nested_branch_dag to 2025-01-31 00:00:00+00:00, run_after=2025-02-01 00:00:00+00:00
[2025-02-01T07:37:56.120+0000] {processor.py:208} INFO - Processing /home/airflow/.local/lib/python3.12/site-packages/airflow/example_dags/example_nested_branch_dag.py took 0.170 seconds
[2025-02-01T07:38:28.262+0000] {processor.py:186} INFO - Started process (PID=326) to work on /home/airflow/.local/lib/python3.12/site-packages/airflow/example_dags/example_nested_branch_dag.py
[2025-02-01T07:38:28.263+0000] {processor.py:914} INFO - Processing file /home/airflow/.local/lib/python3.12/site-packages/airflow/example_dags/example_nested_branch_dag.py for tasks to queue
[2025-02-01T07:38:28.266+0000] {logging_mixin.py:190} INFO - [2025-02-01T07:38:28.266+0000] {dagbag.py:588} INFO - Filling up the DagBag from /home/airflow/.local/lib/python3.12/site-packages/airflow/example_dags/example_nested_branch_dag.py
[2025-02-01T07:38:28.284+0000] {processor.py:925} INFO - DAG(s) 'example_nested_branch_dag' retrieved from /home/airflow/.local/lib/python3.12/site-packages/airflow/example_dags/example_nested_branch_dag.py
[2025-02-01T07:38:28.311+0000] {logging_mixin.py:190} INFO - [2025-02-01T07:38:28.311+0000] {dag.py:3239} INFO - Sync 1 DAGs
[2025-02-01T07:38:28.345+0000] {logging_mixin.py:190} INFO - [2025-02-01T07:38:28.345+0000] {dag.py:4180} INFO - Setting next_dagrun for example_nested_branch_dag to 2025-01-31 00:00:00+00:00, run_after=2025-02-01 00:00:00+00:00
[2025-02-01T07:38:28.375+0000] {processor.py:208} INFO - Processing /home/airflow/.local/lib/python3.12/site-packages/airflow/example_dags/example_nested_branch_dag.py took 0.123 seconds
[2025-02-01T07:38:59.956+0000] {processor.py:186} INFO - Started process (PID=392) to work on /home/airflow/.local/lib/python3.12/site-packages/airflow/example_dags/example_nested_branch_dag.py
[2025-02-01T07:38:59.957+0000] {processor.py:914} INFO - Processing file /home/airflow/.local/lib/python3.12/site-packages/airflow/example_dags/example_nested_branch_dag.py for tasks to queue
[2025-02-01T07:38:59.961+0000] {logging_mixin.py:190} INFO - [2025-02-01T07:38:59.961+0000] {dagbag.py:588} INFO - Filling up the DagBag from /home/airflow/.local/lib/python3.12/site-packages/airflow/example_dags/example_nested_branch_dag.py
[2025-02-01T07:38:59.977+0000] {processor.py:925} INFO - DAG(s) 'example_nested_branch_dag' retrieved from /home/airflow/.local/lib/python3.12/site-packages/airflow/example_dags/example_nested_branch_dag.py
[2025-02-01T07:39:00.012+0000] {logging_mixin.py:190} INFO - [2025-02-01T07:39:00.011+0000] {dag.py:3239} INFO - Sync 1 DAGs
[2025-02-01T07:39:00.051+0000] {logging_mixin.py:190} INFO - [2025-02-01T07:39:00.050+0000] {dag.py:4180} INFO - Setting next_dagrun for example_nested_branch_dag to 2025-01-31 00:00:00+00:00, run_after=2025-02-01 00:00:00+00:00
[2025-02-01T07:39:00.086+0000] {processor.py:208} INFO - Processing /home/airflow/.local/lib/python3.12/site-packages/airflow/example_dags/example_nested_branch_dag.py took 0.140 seconds
[2025-02-01T07:39:31.243+0000] {processor.py:186} INFO - Started process (PID=458) to work on /home/airflow/.local/lib/python3.12/site-packages/airflow/example_dags/example_nested_branch_dag.py
[2025-02-01T07:39:31.245+0000] {processor.py:914} INFO - Processing file /home/airflow/.local/lib/python3.12/site-packages/airflow/example_dags/example_nested_branch_dag.py for tasks to queue
[2025-02-01T07:39:31.248+0000] {logging_mixin.py:190} INFO - [2025-02-01T07:39:31.248+0000] {dagbag.py:588} INFO - Filling up the DagBag from /home/airflow/.local/lib/python3.12/site-packages/airflow/example_dags/example_nested_branch_dag.py
[2025-02-01T07:39:31.266+0000] {processor.py:925} INFO - DAG(s) 'example_nested_branch_dag' retrieved from /home/airflow/.local/lib/python3.12/site-packages/airflow/example_dags/example_nested_branch_dag.py
[2025-02-01T07:39:31.302+0000] {logging_mixin.py:190} INFO - [2025-02-01T07:39:31.301+0000] {dag.py:3239} INFO - Sync 1 DAGs
[2025-02-01T07:39:31.344+0000] {logging_mixin.py:190} INFO - [2025-02-01T07:39:31.344+0000] {dag.py:4180} INFO - Setting next_dagrun for example_nested_branch_dag to 2025-01-31 00:00:00+00:00, run_after=2025-02-01 00:00:00+00:00
[2025-02-01T07:39:31.375+0000] {processor.py:208} INFO - Processing /home/airflow/.local/lib/python3.12/site-packages/airflow/example_dags/example_nested_branch_dag.py took 0.141 seconds
[2025-02-01T07:40:02.314+0000] {processor.py:186} INFO - Started process (PID=523) to work on /home/airflow/.local/lib/python3.12/site-packages/airflow/example_dags/example_nested_branch_dag.py
[2025-02-01T07:40:02.316+0000] {processor.py:914} INFO - Processing file /home/airflow/.local/lib/python3.12/site-packages/airflow/example_dags/example_nested_branch_dag.py for tasks to queue
[2025-02-01T07:40:02.320+0000] {logging_mixin.py:190} INFO - [2025-02-01T07:40:02.319+0000] {dagbag.py:588} INFO - Filling up the DagBag from /home/airflow/.local/lib/python3.12/site-packages/airflow/example_dags/example_nested_branch_dag.py
[2025-02-01T07:40:02.335+0000] {processor.py:925} INFO - DAG(s) 'example_nested_branch_dag' retrieved from /home/airflow/.local/lib/python3.12/site-packages/airflow/example_dags/example_nested_branch_dag.py
[2025-02-01T07:40:02.363+0000] {logging_mixin.py:190} INFO - [2025-02-01T07:40:02.362+0000] {dag.py:3239} INFO - Sync 1 DAGs
[2025-02-01T07:40:02.397+0000] {logging_mixin.py:190} INFO - [2025-02-01T07:40:02.396+0000] {dag.py:4180} INFO - Setting next_dagrun for example_nested_branch_dag to 2025-01-31 00:00:00+00:00, run_after=2025-02-01 00:00:00+00:00
[2025-02-01T07:40:02.428+0000] {processor.py:208} INFO - Processing /home/airflow/.local/lib/python3.12/site-packages/airflow/example_dags/example_nested_branch_dag.py took 0.123 seconds
[2025-02-01T07:40:33.522+0000] {processor.py:186} INFO - Started process (PID=589) to work on /home/airflow/.local/lib/python3.12/site-packages/airflow/example_dags/example_nested_branch_dag.py
[2025-02-01T07:40:33.524+0000] {processor.py:914} INFO - Processing file /home/airflow/.local/lib/python3.12/site-packages/airflow/example_dags/example_nested_branch_dag.py for tasks to queue
[2025-02-01T07:40:33.528+0000] {logging_mixin.py:190} INFO - [2025-02-01T07:40:33.527+0000] {dagbag.py:588} INFO - Filling up the DagBag from /home/airflow/.local/lib/python3.12/site-packages/airflow/example_dags/example_nested_branch_dag.py
[2025-02-01T07:40:33.545+0000] {processor.py:925} INFO - DAG(s) 'example_nested_branch_dag' retrieved from /home/airflow/.local/lib/python3.12/site-packages/airflow/example_dags/example_nested_branch_dag.py
[2025-02-01T07:40:33.581+0000] {logging_mixin.py:190} INFO - [2025-02-01T07:40:33.580+0000] {dag.py:3239} INFO - Sync 1 DAGs
[2025-02-01T07:40:33.631+0000] {logging_mixin.py:190} INFO - [2025-02-01T07:40:33.630+0000] {dag.py:4180} INFO - Setting next_dagrun for example_nested_branch_dag to 2025-01-31 00:00:00+00:00, run_after=2025-02-01 00:00:00+00:00
[2025-02-01T07:40:33.662+0000] {processor.py:208} INFO - Processing /home/airflow/.local/lib/python3.12/site-packages/airflow/example_dags/example_nested_branch_dag.py took 0.153 seconds
[2025-02-01T07:41:03.975+0000] {processor.py:186} INFO - Started process (PID=654) to work on /home/airflow/.local/lib/python3.12/site-packages/airflow/example_dags/example_nested_branch_dag.py
[2025-02-01T07:41:03.976+0000] {processor.py:914} INFO - Processing file /home/airflow/.local/lib/python3.12/site-packages/airflow/example_dags/example_nested_branch_dag.py for tasks to queue
[2025-02-01T07:41:03.981+0000] {logging_mixin.py:190} INFO - [2025-02-01T07:41:03.980+0000] {dagbag.py:588} INFO - Filling up the DagBag from /home/airflow/.local/lib/python3.12/site-packages/airflow/example_dags/example_nested_branch_dag.py
[2025-02-01T07:41:04.006+0000] {processor.py:925} INFO - DAG(s) 'example_nested_branch_dag' retrieved from /home/airflow/.local/lib/python3.12/site-packages/airflow/example_dags/example_nested_branch_dag.py
[2025-02-01T07:41:04.043+0000] {logging_mixin.py:190} INFO - [2025-02-01T07:41:04.043+0000] {dag.py:3239} INFO - Sync 1 DAGs
[2025-02-01T07:41:04.082+0000] {logging_mixin.py:190} INFO - [2025-02-01T07:41:04.082+0000] {dag.py:4180} INFO - Setting next_dagrun for example_nested_branch_dag to 2025-01-31 00:00:00+00:00, run_after=2025-02-01 00:00:00+00:00
[2025-02-01T07:41:04.118+0000] {processor.py:208} INFO - Processing /home/airflow/.local/lib/python3.12/site-packages/airflow/example_dags/example_nested_branch_dag.py took 0.158 seconds
[2025-02-01T07:41:34.423+0000] {processor.py:186} INFO - Started process (PID=719) to work on /home/airflow/.local/lib/python3.12/site-packages/airflow/example_dags/example_nested_branch_dag.py
[2025-02-01T07:41:34.424+0000] {processor.py:914} INFO - Processing file /home/airflow/.local/lib/python3.12/site-packages/airflow/example_dags/example_nested_branch_dag.py for tasks to queue
[2025-02-01T07:41:34.428+0000] {logging_mixin.py:190} INFO - [2025-02-01T07:41:34.427+0000] {dagbag.py:588} INFO - Filling up the DagBag from /home/airflow/.local/lib/python3.12/site-packages/airflow/example_dags/example_nested_branch_dag.py
[2025-02-01T07:41:34.447+0000] {processor.py:925} INFO - DAG(s) 'example_nested_branch_dag' retrieved from /home/airflow/.local/lib/python3.12/site-packages/airflow/example_dags/example_nested_branch_dag.py
[2025-02-01T07:41:34.482+0000] {logging_mixin.py:190} INFO - [2025-02-01T07:41:34.481+0000] {dag.py:3239} INFO - Sync 1 DAGs
[2025-02-01T07:41:34.551+0000] {logging_mixin.py:190} INFO - [2025-02-01T07:41:34.550+0000] {dag.py:4180} INFO - Setting next_dagrun for example_nested_branch_dag to 2025-01-31 00:00:00+00:00, run_after=2025-02-01 00:00:00+00:00
[2025-02-01T07:41:34.581+0000] {processor.py:208} INFO - Processing /home/airflow/.local/lib/python3.12/site-packages/airflow/example_dags/example_nested_branch_dag.py took 0.176 seconds
[2025-02-01T07:42:05.344+0000] {processor.py:186} INFO - Started process (PID=791) to work on /home/airflow/.local/lib/python3.12/site-packages/airflow/example_dags/example_nested_branch_dag.py
[2025-02-01T07:42:05.345+0000] {processor.py:914} INFO - Processing file /home/airflow/.local/lib/python3.12/site-packages/airflow/example_dags/example_nested_branch_dag.py for tasks to queue
[2025-02-01T07:42:05.348+0000] {logging_mixin.py:190} INFO - [2025-02-01T07:42:05.348+0000] {dagbag.py:588} INFO - Filling up the DagBag from /home/airflow/.local/lib/python3.12/site-packages/airflow/example_dags/example_nested_branch_dag.py
[2025-02-01T07:42:05.385+0000] {processor.py:925} INFO - DAG(s) 'example_nested_branch_dag' retrieved from /home/airflow/.local/lib/python3.12/site-packages/airflow/example_dags/example_nested_branch_dag.py
[2025-02-01T07:42:05.426+0000] {logging_mixin.py:190} INFO - [2025-02-01T07:42:05.426+0000] {dag.py:3239} INFO - Sync 1 DAGs
[2025-02-01T07:42:05.463+0000] {logging_mixin.py:190} INFO - [2025-02-01T07:42:05.463+0000] {dag.py:4180} INFO - Setting next_dagrun for example_nested_branch_dag to 2025-01-31 00:00:00+00:00, run_after=2025-02-01 00:00:00+00:00
[2025-02-01T07:42:05.495+0000] {processor.py:208} INFO - Processing /home/airflow/.local/lib/python3.12/site-packages/airflow/example_dags/example_nested_branch_dag.py took 0.164 seconds
[2025-02-01T07:42:35.674+0000] {processor.py:186} INFO - Started process (PID=857) to work on /home/airflow/.local/lib/python3.12/site-packages/airflow/example_dags/example_nested_branch_dag.py
[2025-02-01T07:42:35.675+0000] {processor.py:914} INFO - Processing file /home/airflow/.local/lib/python3.12/site-packages/airflow/example_dags/example_nested_branch_dag.py for tasks to queue
[2025-02-01T07:42:35.679+0000] {logging_mixin.py:190} INFO - [2025-02-01T07:42:35.678+0000] {dagbag.py:588} INFO - Filling up the DagBag from /home/airflow/.local/lib/python3.12/site-packages/airflow/example_dags/example_nested_branch_dag.py
[2025-02-01T07:42:35.696+0000] {processor.py:925} INFO - DAG(s) 'example_nested_branch_dag' retrieved from /home/airflow/.local/lib/python3.12/site-packages/airflow/example_dags/example_nested_branch_dag.py
[2025-02-01T07:42:35.728+0000] {logging_mixin.py:190} INFO - [2025-02-01T07:42:35.728+0000] {dag.py:3239} INFO - Sync 1 DAGs
[2025-02-01T07:42:35.763+0000] {logging_mixin.py:190} INFO - [2025-02-01T07:42:35.762+0000] {dag.py:4180} INFO - Setting next_dagrun for example_nested_branch_dag to 2025-01-31 00:00:00+00:00, run_after=2025-02-01 00:00:00+00:00
[2025-02-01T07:42:35.793+0000] {processor.py:208} INFO - Processing /home/airflow/.local/lib/python3.12/site-packages/airflow/example_dags/example_nested_branch_dag.py took 0.129 seconds
[2025-02-01T07:43:06.171+0000] {processor.py:186} INFO - Started process (PID=923) to work on /home/airflow/.local/lib/python3.12/site-packages/airflow/example_dags/example_nested_branch_dag.py
[2025-02-01T07:43:06.174+0000] {processor.py:914} INFO - Processing file /home/airflow/.local/lib/python3.12/site-packages/airflow/example_dags/example_nested_branch_dag.py for tasks to queue
[2025-02-01T07:43:06.178+0000] {logging_mixin.py:190} INFO - [2025-02-01T07:43:06.178+0000] {dagbag.py:588} INFO - Filling up the DagBag from /home/airflow/.local/lib/python3.12/site-packages/airflow/example_dags/example_nested_branch_dag.py
[2025-02-01T07:43:06.206+0000] {processor.py:925} INFO - DAG(s) 'example_nested_branch_dag' retrieved from /home/airflow/.local/lib/python3.12/site-packages/airflow/example_dags/example_nested_branch_dag.py
[2025-02-01T07:43:06.241+0000] {logging_mixin.py:190} INFO - [2025-02-01T07:43:06.240+0000] {dag.py:3239} INFO - Sync 1 DAGs
[2025-02-01T07:43:06.278+0000] {logging_mixin.py:190} INFO - [2025-02-01T07:43:06.277+0000] {dag.py:4180} INFO - Setting next_dagrun for example_nested_branch_dag to 2025-01-31 00:00:00+00:00, run_after=2025-02-01 00:00:00+00:00
[2025-02-01T07:43:06.308+0000] {processor.py:208} INFO - Processing /home/airflow/.local/lib/python3.12/site-packages/airflow/example_dags/example_nested_branch_dag.py took 0.148 seconds
[2025-02-01T07:43:37.024+0000] {processor.py:186} INFO - Started process (PID=988) to work on /home/airflow/.local/lib/python3.12/site-packages/airflow/example_dags/example_nested_branch_dag.py
[2025-02-01T07:43:37.026+0000] {processor.py:914} INFO - Processing file /home/airflow/.local/lib/python3.12/site-packages/airflow/example_dags/example_nested_branch_dag.py for tasks to queue
[2025-02-01T07:43:37.029+0000] {logging_mixin.py:190} INFO - [2025-02-01T07:43:37.029+0000] {dagbag.py:588} INFO - Filling up the DagBag from /home/airflow/.local/lib/python3.12/site-packages/airflow/example_dags/example_nested_branch_dag.py
[2025-02-01T07:43:37.046+0000] {processor.py:925} INFO - DAG(s) 'example_nested_branch_dag' retrieved from /home/airflow/.local/lib/python3.12/site-packages/airflow/example_dags/example_nested_branch_dag.py
[2025-02-01T07:43:37.072+0000] {logging_mixin.py:190} INFO - [2025-02-01T07:43:37.072+0000] {dag.py:3239} INFO - Sync 1 DAGs
[2025-02-01T07:43:37.102+0000] {logging_mixin.py:190} INFO - [2025-02-01T07:43:37.102+0000] {dag.py:4180} INFO - Setting next_dagrun for example_nested_branch_dag to 2025-01-31 00:00:00+00:00, run_after=2025-02-01 00:00:00+00:00
[2025-02-01T07:43:37.131+0000] {processor.py:208} INFO - Processing /home/airflow/.local/lib/python3.12/site-packages/airflow/example_dags/example_nested_branch_dag.py took 0.118 seconds
[2025-02-01T07:44:07.680+0000] {processor.py:186} INFO - Started process (PID=1054) to work on /home/airflow/.local/lib/python3.12/site-packages/airflow/example_dags/example_nested_branch_dag.py
[2025-02-01T07:44:07.682+0000] {processor.py:914} INFO - Processing file /home/airflow/.local/lib/python3.12/site-packages/airflow/example_dags/example_nested_branch_dag.py for tasks to queue
[2025-02-01T07:44:07.685+0000] {logging_mixin.py:190} INFO - [2025-02-01T07:44:07.685+0000] {dagbag.py:588} INFO - Filling up the DagBag from /home/airflow/.local/lib/python3.12/site-packages/airflow/example_dags/example_nested_branch_dag.py
[2025-02-01T07:44:07.703+0000] {processor.py:925} INFO - DAG(s) 'example_nested_branch_dag' retrieved from /home/airflow/.local/lib/python3.12/site-packages/airflow/example_dags/example_nested_branch_dag.py
[2025-02-01T07:44:07.736+0000] {logging_mixin.py:190} INFO - [2025-02-01T07:44:07.736+0000] {dag.py:3239} INFO - Sync 1 DAGs
[2025-02-01T07:44:07.772+0000] {logging_mixin.py:190} INFO - [2025-02-01T07:44:07.771+0000] {dag.py:4180} INFO - Setting next_dagrun for example_nested_branch_dag to 2025-01-31 00:00:00+00:00, run_after=2025-02-01 00:00:00+00:00
[2025-02-01T07:44:07.805+0000] {processor.py:208} INFO - Processing /home/airflow/.local/lib/python3.12/site-packages/airflow/example_dags/example_nested_branch_dag.py took 0.142 seconds
[2025-02-01T07:44:37.939+0000] {processor.py:186} INFO - Started process (PID=1120) to work on /home/airflow/.local/lib/python3.12/site-packages/airflow/example_dags/example_nested_branch_dag.py
[2025-02-01T07:44:37.941+0000] {processor.py:914} INFO - Processing file /home/airflow/.local/lib/python3.12/site-packages/airflow/example_dags/example_nested_branch_dag.py for tasks to queue
[2025-02-01T07:44:37.945+0000] {logging_mixin.py:190} INFO - [2025-02-01T07:44:37.945+0000] {dagbag.py:588} INFO - Filling up the DagBag from /home/airflow/.local/lib/python3.12/site-packages/airflow/example_dags/example_nested_branch_dag.py
[2025-02-01T07:44:37.962+0000] {processor.py:925} INFO - DAG(s) 'example_nested_branch_dag' retrieved from /home/airflow/.local/lib/python3.12/site-packages/airflow/example_dags/example_nested_branch_dag.py
[2025-02-01T07:44:38.011+0000] {logging_mixin.py:190} INFO - [2025-02-01T07:44:38.011+0000] {dag.py:3239} INFO - Sync 1 DAGs
[2025-02-01T07:44:38.048+0000] {logging_mixin.py:190} INFO - [2025-02-01T07:44:38.047+0000] {dag.py:4180} INFO - Setting next_dagrun for example_nested_branch_dag to 2025-01-31 00:00:00+00:00, run_after=2025-02-01 00:00:00+00:00
[2025-02-01T07:44:38.075+0000] {processor.py:208} INFO - Processing /home/airflow/.local/lib/python3.12/site-packages/airflow/example_dags/example_nested_branch_dag.py took 0.149 seconds
[2025-02-01T07:45:08.911+0000] {processor.py:186} INFO - Started process (PID=1186) to work on /home/airflow/.local/lib/python3.12/site-packages/airflow/example_dags/example_nested_branch_dag.py
[2025-02-01T07:45:08.914+0000] {processor.py:914} INFO - Processing file /home/airflow/.local/lib/python3.12/site-packages/airflow/example_dags/example_nested_branch_dag.py for tasks to queue
[2025-02-01T07:45:08.922+0000] {logging_mixin.py:190} INFO - [2025-02-01T07:45:08.921+0000] {dagbag.py:588} INFO - Filling up the DagBag from /home/airflow/.local/lib/python3.12/site-packages/airflow/example_dags/example_nested_branch_dag.py
[2025-02-01T07:45:08.943+0000] {processor.py:925} INFO - DAG(s) 'example_nested_branch_dag' retrieved from /home/airflow/.local/lib/python3.12/site-packages/airflow/example_dags/example_nested_branch_dag.py
[2025-02-01T07:45:08.971+0000] {logging_mixin.py:190} INFO - [2025-02-01T07:45:08.970+0000] {dag.py:3239} INFO - Sync 1 DAGs
[2025-02-01T07:45:09.043+0000] {logging_mixin.py:190} INFO - [2025-02-01T07:45:09.042+0000] {dag.py:4180} INFO - Setting next_dagrun for example_nested_branch_dag to 2025-01-31 00:00:00+00:00, run_after=2025-02-01 00:00:00+00:00
[2025-02-01T07:45:09.073+0000] {processor.py:208} INFO - Processing /home/airflow/.local/lib/python3.12/site-packages/airflow/example_dags/example_nested_branch_dag.py took 0.178 seconds
[2025-02-01T07:45:39.335+0000] {processor.py:186} INFO - Started process (PID=1252) to work on /home/airflow/.local/lib/python3.12/site-packages/airflow/example_dags/example_nested_branch_dag.py
[2025-02-01T07:45:39.337+0000] {processor.py:914} INFO - Processing file /home/airflow/.local/lib/python3.12/site-packages/airflow/example_dags/example_nested_branch_dag.py for tasks to queue
[2025-02-01T07:45:39.341+0000] {logging_mixin.py:190} INFO - [2025-02-01T07:45:39.340+0000] {dagbag.py:588} INFO - Filling up the DagBag from /home/airflow/.local/lib/python3.12/site-packages/airflow/example_dags/example_nested_branch_dag.py
[2025-02-01T07:45:39.361+0000] {processor.py:925} INFO - DAG(s) 'example_nested_branch_dag' retrieved from /home/airflow/.local/lib/python3.12/site-packages/airflow/example_dags/example_nested_branch_dag.py
[2025-02-01T07:45:39.396+0000] {logging_mixin.py:190} INFO - [2025-02-01T07:45:39.396+0000] {dag.py:3239} INFO - Sync 1 DAGs
[2025-02-01T07:45:39.438+0000] {logging_mixin.py:190} INFO - [2025-02-01T07:45:39.438+0000] {dag.py:4180} INFO - Setting next_dagrun for example_nested_branch_dag to 2025-01-31 00:00:00+00:00, run_after=2025-02-01 00:00:00+00:00
[2025-02-01T07:45:39.474+0000] {processor.py:208} INFO - Processing /home/airflow/.local/lib/python3.12/site-packages/airflow/example_dags/example_nested_branch_dag.py took 0.150 seconds
[2025-02-01T07:46:09.706+0000] {processor.py:186} INFO - Started process (PID=1318) to work on /home/airflow/.local/lib/python3.12/site-packages/airflow/example_dags/example_nested_branch_dag.py
[2025-02-01T07:46:09.708+0000] {processor.py:914} INFO - Processing file /home/airflow/.local/lib/python3.12/site-packages/airflow/example_dags/example_nested_branch_dag.py for tasks to queue
[2025-02-01T07:46:09.712+0000] {logging_mixin.py:190} INFO - [2025-02-01T07:46:09.711+0000] {dagbag.py:588} INFO - Filling up the DagBag from /home/airflow/.local/lib/python3.12/site-packages/airflow/example_dags/example_nested_branch_dag.py
[2025-02-01T07:46:09.730+0000] {processor.py:925} INFO - DAG(s) 'example_nested_branch_dag' retrieved from /home/airflow/.local/lib/python3.12/site-packages/airflow/example_dags/example_nested_branch_dag.py
[2025-02-01T07:46:09.776+0000] {logging_mixin.py:190} INFO - [2025-02-01T07:46:09.775+0000] {dag.py:3239} INFO - Sync 1 DAGs
[2025-02-01T07:46:09.857+0000] {logging_mixin.py:190} INFO - [2025-02-01T07:46:09.856+0000] {dag.py:4180} INFO - Setting next_dagrun for example_nested_branch_dag to 2025-01-31 00:00:00+00:00, run_after=2025-02-01 00:00:00+00:00
[2025-02-01T07:46:09.902+0000] {processor.py:208} INFO - Processing /home/airflow/.local/lib/python3.12/site-packages/airflow/example_dags/example_nested_branch_dag.py took 0.206 seconds
[2025-02-01T07:46:40.408+0000] {processor.py:186} INFO - Started process (PID=1384) to work on /home/airflow/.local/lib/python3.12/site-packages/airflow/example_dags/example_nested_branch_dag.py
[2025-02-01T07:46:40.410+0000] {processor.py:914} INFO - Processing file /home/airflow/.local/lib/python3.12/site-packages/airflow/example_dags/example_nested_branch_dag.py for tasks to queue
[2025-02-01T07:46:40.416+0000] {logging_mixin.py:190} INFO - [2025-02-01T07:46:40.416+0000] {dagbag.py:588} INFO - Filling up the DagBag from /home/airflow/.local/lib/python3.12/site-packages/airflow/example_dags/example_nested_branch_dag.py
[2025-02-01T07:46:40.434+0000] {processor.py:925} INFO - DAG(s) 'example_nested_branch_dag' retrieved from /home/airflow/.local/lib/python3.12/site-packages/airflow/example_dags/example_nested_branch_dag.py
[2025-02-01T07:46:40.465+0000] {logging_mixin.py:190} INFO - [2025-02-01T07:46:40.464+0000] {dag.py:3239} INFO - Sync 1 DAGs
[2025-02-01T07:46:40.501+0000] {logging_mixin.py:190} INFO - [2025-02-01T07:46:40.501+0000] {dag.py:4180} INFO - Setting next_dagrun for example_nested_branch_dag to 2025-01-31 00:00:00+00:00, run_after=2025-02-01 00:00:00+00:00
[2025-02-01T07:46:40.529+0000] {processor.py:208} INFO - Processing /home/airflow/.local/lib/python3.12/site-packages/airflow/example_dags/example_nested_branch_dag.py took 0.131 seconds
[2025-02-01T07:47:11.068+0000] {processor.py:186} INFO - Started process (PID=1450) to work on /home/airflow/.local/lib/python3.12/site-packages/airflow/example_dags/example_nested_branch_dag.py
[2025-02-01T07:47:11.070+0000] {processor.py:914} INFO - Processing file /home/airflow/.local/lib/python3.12/site-packages/airflow/example_dags/example_nested_branch_dag.py for tasks to queue
[2025-02-01T07:47:11.074+0000] {logging_mixin.py:190} INFO - [2025-02-01T07:47:11.073+0000] {dagbag.py:588} INFO - Filling up the DagBag from /home/airflow/.local/lib/python3.12/site-packages/airflow/example_dags/example_nested_branch_dag.py
[2025-02-01T07:47:11.090+0000] {processor.py:925} INFO - DAG(s) 'example_nested_branch_dag' retrieved from /home/airflow/.local/lib/python3.12/site-packages/airflow/example_dags/example_nested_branch_dag.py
[2025-02-01T07:47:11.121+0000] {logging_mixin.py:190} INFO - [2025-02-01T07:47:11.121+0000] {dag.py:3239} INFO - Sync 1 DAGs
[2025-02-01T07:47:11.151+0000] {logging_mixin.py:190} INFO - [2025-02-01T07:47:11.150+0000] {dag.py:4180} INFO - Setting next_dagrun for example_nested_branch_dag to 2025-01-31 00:00:00+00:00, run_after=2025-02-01 00:00:00+00:00
[2025-02-01T07:47:11.182+0000] {processor.py:208} INFO - Processing /home/airflow/.local/lib/python3.12/site-packages/airflow/example_dags/example_nested_branch_dag.py took 0.123 seconds
[2025-02-01T07:47:41.609+0000] {processor.py:186} INFO - Started process (PID=1516) to work on /home/airflow/.local/lib/python3.12/site-packages/airflow/example_dags/example_nested_branch_dag.py
[2025-02-01T07:47:41.610+0000] {processor.py:914} INFO - Processing file /home/airflow/.local/lib/python3.12/site-packages/airflow/example_dags/example_nested_branch_dag.py for tasks to queue
[2025-02-01T07:47:41.615+0000] {logging_mixin.py:190} INFO - [2025-02-01T07:47:41.614+0000] {dagbag.py:588} INFO - Filling up the DagBag from /home/airflow/.local/lib/python3.12/site-packages/airflow/example_dags/example_nested_branch_dag.py
[2025-02-01T07:47:41.637+0000] {processor.py:925} INFO - DAG(s) 'example_nested_branch_dag' retrieved from /home/airflow/.local/lib/python3.12/site-packages/airflow/example_dags/example_nested_branch_dag.py
[2025-02-01T07:47:41.688+0000] {logging_mixin.py:190} INFO - [2025-02-01T07:47:41.687+0000] {dag.py:3239} INFO - Sync 1 DAGs
[2025-02-01T07:47:41.725+0000] {logging_mixin.py:190} INFO - [2025-02-01T07:47:41.724+0000] {dag.py:4180} INFO - Setting next_dagrun for example_nested_branch_dag to 2025-01-31 00:00:00+00:00, run_after=2025-02-01 00:00:00+00:00
[2025-02-01T07:47:41.755+0000] {processor.py:208} INFO - Processing /home/airflow/.local/lib/python3.12/site-packages/airflow/example_dags/example_nested_branch_dag.py took 0.158 seconds
[2025-02-01T07:48:12.385+0000] {processor.py:186} INFO - Started process (PID=1581) to work on /home/airflow/.local/lib/python3.12/site-packages/airflow/example_dags/example_nested_branch_dag.py
[2025-02-01T07:48:12.387+0000] {processor.py:914} INFO - Processing file /home/airflow/.local/lib/python3.12/site-packages/airflow/example_dags/example_nested_branch_dag.py for tasks to queue
[2025-02-01T07:48:12.392+0000] {logging_mixin.py:190} INFO - [2025-02-01T07:48:12.391+0000] {dagbag.py:588} INFO - Filling up the DagBag from /home/airflow/.local/lib/python3.12/site-packages/airflow/example_dags/example_nested_branch_dag.py
[2025-02-01T07:48:12.407+0000] {processor.py:925} INFO - DAG(s) 'example_nested_branch_dag' retrieved from /home/airflow/.local/lib/python3.12/site-packages/airflow/example_dags/example_nested_branch_dag.py
[2025-02-01T07:48:12.437+0000] {logging_mixin.py:190} INFO - [2025-02-01T07:48:12.437+0000] {dag.py:3239} INFO - Sync 1 DAGs
[2025-02-01T07:48:12.470+0000] {logging_mixin.py:190} INFO - [2025-02-01T07:48:12.470+0000] {dag.py:4180} INFO - Setting next_dagrun for example_nested_branch_dag to 2025-01-31 00:00:00+00:00, run_after=2025-02-01 00:00:00+00:00
[2025-02-01T07:48:12.498+0000] {processor.py:208} INFO - Processing /home/airflow/.local/lib/python3.12/site-packages/airflow/example_dags/example_nested_branch_dag.py took 0.125 seconds
[2025-02-01T07:48:43.528+0000] {processor.py:186} INFO - Started process (PID=1647) to work on /home/airflow/.local/lib/python3.12/site-packages/airflow/example_dags/example_nested_branch_dag.py
[2025-02-01T07:48:43.530+0000] {processor.py:914} INFO - Processing file /home/airflow/.local/lib/python3.12/site-packages/airflow/example_dags/example_nested_branch_dag.py for tasks to queue
[2025-02-01T07:48:43.534+0000] {logging_mixin.py:190} INFO - [2025-02-01T07:48:43.533+0000] {dagbag.py:588} INFO - Filling up the DagBag from /home/airflow/.local/lib/python3.12/site-packages/airflow/example_dags/example_nested_branch_dag.py
[2025-02-01T07:48:43.553+0000] {processor.py:925} INFO - DAG(s) 'example_nested_branch_dag' retrieved from /home/airflow/.local/lib/python3.12/site-packages/airflow/example_dags/example_nested_branch_dag.py
[2025-02-01T07:48:43.580+0000] {logging_mixin.py:190} INFO - [2025-02-01T07:48:43.579+0000] {dag.py:3239} INFO - Sync 1 DAGs
[2025-02-01T07:48:43.615+0000] {logging_mixin.py:190} INFO - [2025-02-01T07:48:43.615+0000] {dag.py:4180} INFO - Setting next_dagrun for example_nested_branch_dag to 2025-01-31 00:00:00+00:00, run_after=2025-02-01 00:00:00+00:00
[2025-02-01T07:48:43.651+0000] {processor.py:208} INFO - Processing /home/airflow/.local/lib/python3.12/site-packages/airflow/example_dags/example_nested_branch_dag.py took 0.132 seconds
[2025-02-01T07:49:14.004+0000] {processor.py:186} INFO - Started process (PID=1713) to work on /home/airflow/.local/lib/python3.12/site-packages/airflow/example_dags/example_nested_branch_dag.py
[2025-02-01T07:49:14.005+0000] {processor.py:914} INFO - Processing file /home/airflow/.local/lib/python3.12/site-packages/airflow/example_dags/example_nested_branch_dag.py for tasks to queue
[2025-02-01T07:49:14.009+0000] {logging_mixin.py:190} INFO - [2025-02-01T07:49:14.009+0000] {dagbag.py:588} INFO - Filling up the DagBag from /home/airflow/.local/lib/python3.12/site-packages/airflow/example_dags/example_nested_branch_dag.py
[2025-02-01T07:49:14.034+0000] {processor.py:925} INFO - DAG(s) 'example_nested_branch_dag' retrieved from /home/airflow/.local/lib/python3.12/site-packages/airflow/example_dags/example_nested_branch_dag.py
[2025-02-01T07:49:14.098+0000] {logging_mixin.py:190} INFO - [2025-02-01T07:49:14.098+0000] {dag.py:3239} INFO - Sync 1 DAGs
[2025-02-01T07:49:14.136+0000] {logging_mixin.py:190} INFO - [2025-02-01T07:49:14.136+0000] {dag.py:4180} INFO - Setting next_dagrun for example_nested_branch_dag to 2025-01-31 00:00:00+00:00, run_after=2025-02-01 00:00:00+00:00
[2025-02-01T07:49:14.172+0000] {processor.py:208} INFO - Processing /home/airflow/.local/lib/python3.12/site-packages/airflow/example_dags/example_nested_branch_dag.py took 0.181 seconds
[2025-02-01T07:49:44.939+0000] {processor.py:186} INFO - Started process (PID=1779) to work on /home/airflow/.local/lib/python3.12/site-packages/airflow/example_dags/example_nested_branch_dag.py
[2025-02-01T07:49:44.940+0000] {processor.py:914} INFO - Processing file /home/airflow/.local/lib/python3.12/site-packages/airflow/example_dags/example_nested_branch_dag.py for tasks to queue
[2025-02-01T07:49:44.944+0000] {logging_mixin.py:190} INFO - [2025-02-01T07:49:44.944+0000] {dagbag.py:588} INFO - Filling up the DagBag from /home/airflow/.local/lib/python3.12/site-packages/airflow/example_dags/example_nested_branch_dag.py
[2025-02-01T07:49:44.964+0000] {processor.py:925} INFO - DAG(s) 'example_nested_branch_dag' retrieved from /home/airflow/.local/lib/python3.12/site-packages/airflow/example_dags/example_nested_branch_dag.py
[2025-02-01T07:49:45.022+0000] {logging_mixin.py:190} INFO - [2025-02-01T07:49:45.022+0000] {dag.py:3239} INFO - Sync 1 DAGs
[2025-02-01T07:49:45.077+0000] {logging_mixin.py:190} INFO - [2025-02-01T07:49:45.076+0000] {dag.py:4180} INFO - Setting next_dagrun for example_nested_branch_dag to 2025-01-31 00:00:00+00:00, run_after=2025-02-01 00:00:00+00:00
[2025-02-01T07:49:45.105+0000] {processor.py:208} INFO - Processing /home/airflow/.local/lib/python3.12/site-packages/airflow/example_dags/example_nested_branch_dag.py took 0.181 seconds
[2025-02-01T07:50:15.602+0000] {processor.py:186} INFO - Started process (PID=1845) to work on /home/airflow/.local/lib/python3.12/site-packages/airflow/example_dags/example_nested_branch_dag.py
[2025-02-01T07:50:15.604+0000] {processor.py:914} INFO - Processing file /home/airflow/.local/lib/python3.12/site-packages/airflow/example_dags/example_nested_branch_dag.py for tasks to queue
[2025-02-01T07:50:15.609+0000] {logging_mixin.py:190} INFO - [2025-02-01T07:50:15.608+0000] {dagbag.py:588} INFO - Filling up the DagBag from /home/airflow/.local/lib/python3.12/site-packages/airflow/example_dags/example_nested_branch_dag.py
[2025-02-01T07:50:15.627+0000] {processor.py:925} INFO - DAG(s) 'example_nested_branch_dag' retrieved from /home/airflow/.local/lib/python3.12/site-packages/airflow/example_dags/example_nested_branch_dag.py
[2025-02-01T07:50:15.659+0000] {logging_mixin.py:190} INFO - [2025-02-01T07:50:15.658+0000] {dag.py:3239} INFO - Sync 1 DAGs
[2025-02-01T07:50:15.695+0000] {logging_mixin.py:190} INFO - [2025-02-01T07:50:15.694+0000] {dag.py:4180} INFO - Setting next_dagrun for example_nested_branch_dag to 2025-01-31 00:00:00+00:00, run_after=2025-02-01 00:00:00+00:00
[2025-02-01T07:50:15.729+0000] {processor.py:208} INFO - Processing /home/airflow/.local/lib/python3.12/site-packages/airflow/example_dags/example_nested_branch_dag.py took 0.138 seconds
[2025-02-01T07:50:46.735+0000] {processor.py:186} INFO - Started process (PID=1911) to work on /home/airflow/.local/lib/python3.12/site-packages/airflow/example_dags/example_nested_branch_dag.py
[2025-02-01T07:50:46.736+0000] {processor.py:914} INFO - Processing file /home/airflow/.local/lib/python3.12/site-packages/airflow/example_dags/example_nested_branch_dag.py for tasks to queue
[2025-02-01T07:50:46.740+0000] {logging_mixin.py:190} INFO - [2025-02-01T07:50:46.739+0000] {dagbag.py:588} INFO - Filling up the DagBag from /home/airflow/.local/lib/python3.12/site-packages/airflow/example_dags/example_nested_branch_dag.py
[2025-02-01T07:50:46.765+0000] {processor.py:925} INFO - DAG(s) 'example_nested_branch_dag' retrieved from /home/airflow/.local/lib/python3.12/site-packages/airflow/example_dags/example_nested_branch_dag.py
[2025-02-01T07:50:46.803+0000] {logging_mixin.py:190} INFO - [2025-02-01T07:50:46.803+0000] {dag.py:3239} INFO - Sync 1 DAGs
[2025-02-01T07:50:46.845+0000] {logging_mixin.py:190} INFO - [2025-02-01T07:50:46.845+0000] {dag.py:4180} INFO - Setting next_dagrun for example_nested_branch_dag to 2025-01-31 00:00:00+00:00, run_after=2025-02-01 00:00:00+00:00
[2025-02-01T07:50:46.883+0000] {processor.py:208} INFO - Processing /home/airflow/.local/lib/python3.12/site-packages/airflow/example_dags/example_nested_branch_dag.py took 0.159 seconds
[2025-02-01T07:51:17.831+0000] {processor.py:186} INFO - Started process (PID=1977) to work on /home/airflow/.local/lib/python3.12/site-packages/airflow/example_dags/example_nested_branch_dag.py
[2025-02-01T07:51:17.834+0000] {processor.py:914} INFO - Processing file /home/airflow/.local/lib/python3.12/site-packages/airflow/example_dags/example_nested_branch_dag.py for tasks to queue
[2025-02-01T07:51:17.840+0000] {logging_mixin.py:190} INFO - [2025-02-01T07:51:17.840+0000] {dagbag.py:588} INFO - Filling up the DagBag from /home/airflow/.local/lib/python3.12/site-packages/airflow/example_dags/example_nested_branch_dag.py
[2025-02-01T07:51:17.863+0000] {processor.py:925} INFO - DAG(s) 'example_nested_branch_dag' retrieved from /home/airflow/.local/lib/python3.12/site-packages/airflow/example_dags/example_nested_branch_dag.py
[2025-02-01T07:51:17.891+0000] {logging_mixin.py:190} INFO - [2025-02-01T07:51:17.891+0000] {dag.py:3239} INFO - Sync 1 DAGs
[2025-02-01T07:51:17.929+0000] {logging_mixin.py:190} INFO - [2025-02-01T07:51:17.929+0000] {dag.py:4180} INFO - Setting next_dagrun for example_nested_branch_dag to 2025-01-31 00:00:00+00:00, run_after=2025-02-01 00:00:00+00:00
[2025-02-01T07:51:17.958+0000] {processor.py:208} INFO - Processing /home/airflow/.local/lib/python3.12/site-packages/airflow/example_dags/example_nested_branch_dag.py took 0.147 seconds
[2025-02-01T07:51:48.364+0000] {processor.py:186} INFO - Started process (PID=2043) to work on /home/airflow/.local/lib/python3.12/site-packages/airflow/example_dags/example_nested_branch_dag.py
[2025-02-01T07:51:48.366+0000] {processor.py:914} INFO - Processing file /home/airflow/.local/lib/python3.12/site-packages/airflow/example_dags/example_nested_branch_dag.py for tasks to queue
[2025-02-01T07:51:48.369+0000] {logging_mixin.py:190} INFO - [2025-02-01T07:51:48.369+0000] {dagbag.py:588} INFO - Filling up the DagBag from /home/airflow/.local/lib/python3.12/site-packages/airflow/example_dags/example_nested_branch_dag.py
[2025-02-01T07:51:48.385+0000] {processor.py:925} INFO - DAG(s) 'example_nested_branch_dag' retrieved from /home/airflow/.local/lib/python3.12/site-packages/airflow/example_dags/example_nested_branch_dag.py
[2025-02-01T07:51:48.414+0000] {logging_mixin.py:190} INFO - [2025-02-01T07:51:48.413+0000] {dag.py:3239} INFO - Sync 1 DAGs
[2025-02-01T07:51:48.448+0000] {logging_mixin.py:190} INFO - [2025-02-01T07:51:48.448+0000] {dag.py:4180} INFO - Setting next_dagrun for example_nested_branch_dag to 2025-01-31 00:00:00+00:00, run_after=2025-02-01 00:00:00+00:00
[2025-02-01T07:51:48.475+0000] {processor.py:208} INFO - Processing /home/airflow/.local/lib/python3.12/site-packages/airflow/example_dags/example_nested_branch_dag.py took 0.125 seconds
[2025-02-01T07:52:18.677+0000] {processor.py:186} INFO - Started process (PID=2109) to work on /home/airflow/.local/lib/python3.12/site-packages/airflow/example_dags/example_nested_branch_dag.py
[2025-02-01T07:52:18.679+0000] {processor.py:914} INFO - Processing file /home/airflow/.local/lib/python3.12/site-packages/airflow/example_dags/example_nested_branch_dag.py for tasks to queue
[2025-02-01T07:52:18.683+0000] {logging_mixin.py:190} INFO - [2025-02-01T07:52:18.682+0000] {dagbag.py:588} INFO - Filling up the DagBag from /home/airflow/.local/lib/python3.12/site-packages/airflow/example_dags/example_nested_branch_dag.py
[2025-02-01T07:52:18.701+0000] {processor.py:925} INFO - DAG(s) 'example_nested_branch_dag' retrieved from /home/airflow/.local/lib/python3.12/site-packages/airflow/example_dags/example_nested_branch_dag.py
[2025-02-01T07:52:18.734+0000] {logging_mixin.py:190} INFO - [2025-02-01T07:52:18.733+0000] {dag.py:3239} INFO - Sync 1 DAGs
[2025-02-01T07:52:18.773+0000] {logging_mixin.py:190} INFO - [2025-02-01T07:52:18.773+0000] {dag.py:4180} INFO - Setting next_dagrun for example_nested_branch_dag to 2025-01-31 00:00:00+00:00, run_after=2025-02-01 00:00:00+00:00
[2025-02-01T07:52:18.797+0000] {processor.py:208} INFO - Processing /home/airflow/.local/lib/python3.12/site-packages/airflow/example_dags/example_nested_branch_dag.py took 0.131 seconds
[2025-02-01T07:52:49.037+0000] {processor.py:186} INFO - Started process (PID=2175) to work on /home/airflow/.local/lib/python3.12/site-packages/airflow/example_dags/example_nested_branch_dag.py
[2025-02-01T07:52:49.039+0000] {processor.py:914} INFO - Processing file /home/airflow/.local/lib/python3.12/site-packages/airflow/example_dags/example_nested_branch_dag.py for tasks to queue
[2025-02-01T07:52:49.043+0000] {logging_mixin.py:190} INFO - [2025-02-01T07:52:49.043+0000] {dagbag.py:588} INFO - Filling up the DagBag from /home/airflow/.local/lib/python3.12/site-packages/airflow/example_dags/example_nested_branch_dag.py
[2025-02-01T07:52:49.066+0000] {processor.py:925} INFO - DAG(s) 'example_nested_branch_dag' retrieved from /home/airflow/.local/lib/python3.12/site-packages/airflow/example_dags/example_nested_branch_dag.py
[2025-02-01T07:52:49.105+0000] {logging_mixin.py:190} INFO - [2025-02-01T07:52:49.104+0000] {dag.py:3239} INFO - Sync 1 DAGs
[2025-02-01T07:52:49.138+0000] {logging_mixin.py:190} INFO - [2025-02-01T07:52:49.138+0000] {dag.py:4180} INFO - Setting next_dagrun for example_nested_branch_dag to 2025-01-31 00:00:00+00:00, run_after=2025-02-01 00:00:00+00:00
[2025-02-01T07:52:49.170+0000] {processor.py:208} INFO - Processing /home/airflow/.local/lib/python3.12/site-packages/airflow/example_dags/example_nested_branch_dag.py took 0.147 seconds
