[2025-02-01T07:37:01.306+0000] {processor.py:186} INFO - Started process (PID=166) to work on /home/airflow/.local/lib/python3.12/site-packages/airflow/example_dags/example_xcomargs.py
[2025-02-01T07:37:01.308+0000] {processor.py:914} INFO - Processing file /home/airflow/.local/lib/python3.12/site-packages/airflow/example_dags/example_xcomargs.py for tasks to queue
[2025-02-01T07:37:01.311+0000] {logging_mixin.py:190} INFO - [2025-02-01T07:37:01.310+0000] {dagbag.py:588} INFO - Filling up the DagBag from /home/airflow/.local/lib/python3.12/site-packages/airflow/example_dags/example_xcomargs.py
[2025-02-01T07:37:01.334+0000] {processor.py:925} INFO - DAG(s) 'example_xcom_args_with_operators', 'example_xcom_args' retrieved from /home/airflow/.local/lib/python3.12/site-packages/airflow/example_dags/example_xcomargs.py
[2025-02-01T07:37:01.368+0000] {logging_mixin.py:190} INFO - [2025-02-01T07:37:01.368+0000] {dag.py:3239} INFO - Sync 2 DAGs
[2025-02-01T07:37:01.393+0000] {logging_mixin.py:190} INFO - [2025-02-01T07:37:01.392+0000] {dag.py:4180} INFO - Setting next_dagrun for example_xcom_args to None, run_after=None
[2025-02-01T07:37:01.397+0000] {logging_mixin.py:190} INFO - [2025-02-01T07:37:01.397+0000] {dag.py:4180} INFO - Setting next_dagrun for example_xcom_args_with_operators to None, run_after=None
[2025-02-01T07:37:01.420+0000] {processor.py:208} INFO - Processing /home/airflow/.local/lib/python3.12/site-packages/airflow/example_dags/example_xcomargs.py took 0.124 seconds
[2025-02-01T07:37:32.446+0000] {processor.py:186} INFO - Started process (PID=232) to work on /home/airflow/.local/lib/python3.12/site-packages/airflow/example_dags/example_xcomargs.py
[2025-02-01T07:37:32.448+0000] {processor.py:914} INFO - Processing file /home/airflow/.local/lib/python3.12/site-packages/airflow/example_dags/example_xcomargs.py for tasks to queue
[2025-02-01T07:37:32.453+0000] {logging_mixin.py:190} INFO - [2025-02-01T07:37:32.452+0000] {dagbag.py:588} INFO - Filling up the DagBag from /home/airflow/.local/lib/python3.12/site-packages/airflow/example_dags/example_xcomargs.py
[2025-02-01T07:37:32.468+0000] {processor.py:925} INFO - DAG(s) 'example_xcom_args', 'example_xcom_args_with_operators' retrieved from /home/airflow/.local/lib/python3.12/site-packages/airflow/example_dags/example_xcomargs.py
[2025-02-01T07:37:32.531+0000] {logging_mixin.py:190} INFO - [2025-02-01T07:37:32.531+0000] {dag.py:3239} INFO - Sync 2 DAGs
[2025-02-01T07:37:32.586+0000] {logging_mixin.py:190} INFO - [2025-02-01T07:37:32.586+0000] {dag.py:4180} INFO - Setting next_dagrun for example_xcom_args to None, run_after=None
[2025-02-01T07:37:32.602+0000] {logging_mixin.py:190} INFO - [2025-02-01T07:37:32.601+0000] {dag.py:4180} INFO - Setting next_dagrun for example_xcom_args_with_operators to None, run_after=None
[2025-02-01T07:37:32.641+0000] {processor.py:208} INFO - Processing /home/airflow/.local/lib/python3.12/site-packages/airflow/example_dags/example_xcomargs.py took 0.209 seconds
[2025-02-01T07:38:02.974+0000] {processor.py:186} INFO - Started process (PID=298) to work on /home/airflow/.local/lib/python3.12/site-packages/airflow/example_dags/example_xcomargs.py
[2025-02-01T07:38:02.976+0000] {processor.py:914} INFO - Processing file /home/airflow/.local/lib/python3.12/site-packages/airflow/example_dags/example_xcomargs.py for tasks to queue
[2025-02-01T07:38:02.981+0000] {logging_mixin.py:190} INFO - [2025-02-01T07:38:02.981+0000] {dagbag.py:588} INFO - Filling up the DagBag from /home/airflow/.local/lib/python3.12/site-packages/airflow/example_dags/example_xcomargs.py
[2025-02-01T07:38:02.998+0000] {processor.py:925} INFO - DAG(s) 'example_xcom_args_with_operators', 'example_xcom_args' retrieved from /home/airflow/.local/lib/python3.12/site-packages/airflow/example_dags/example_xcomargs.py
[2025-02-01T07:38:03.044+0000] {logging_mixin.py:190} INFO - [2025-02-01T07:38:03.044+0000] {dag.py:3239} INFO - Sync 2 DAGs
[2025-02-01T07:38:03.089+0000] {logging_mixin.py:190} INFO - [2025-02-01T07:38:03.088+0000] {dag.py:4180} INFO - Setting next_dagrun for example_xcom_args to None, run_after=None
[2025-02-01T07:38:03.108+0000] {logging_mixin.py:190} INFO - [2025-02-01T07:38:03.108+0000] {dag.py:4180} INFO - Setting next_dagrun for example_xcom_args_with_operators to None, run_after=None
[2025-02-01T07:38:03.155+0000] {processor.py:208} INFO - Processing /home/airflow/.local/lib/python3.12/site-packages/airflow/example_dags/example_xcomargs.py took 0.191 seconds
[2025-02-01T07:38:33.410+0000] {processor.py:186} INFO - Started process (PID=363) to work on /home/airflow/.local/lib/python3.12/site-packages/airflow/example_dags/example_xcomargs.py
[2025-02-01T07:38:33.411+0000] {processor.py:914} INFO - Processing file /home/airflow/.local/lib/python3.12/site-packages/airflow/example_dags/example_xcomargs.py for tasks to queue
[2025-02-01T07:38:33.416+0000] {logging_mixin.py:190} INFO - [2025-02-01T07:38:33.415+0000] {dagbag.py:588} INFO - Filling up the DagBag from /home/airflow/.local/lib/python3.12/site-packages/airflow/example_dags/example_xcomargs.py
[2025-02-01T07:38:33.432+0000] {processor.py:925} INFO - DAG(s) 'example_xcom_args', 'example_xcom_args_with_operators' retrieved from /home/airflow/.local/lib/python3.12/site-packages/airflow/example_dags/example_xcomargs.py
[2025-02-01T07:38:33.464+0000] {logging_mixin.py:190} INFO - [2025-02-01T07:38:33.464+0000] {dag.py:3239} INFO - Sync 2 DAGs
[2025-02-01T07:38:33.482+0000] {logging_mixin.py:190} INFO - [2025-02-01T07:38:33.482+0000] {dag.py:4180} INFO - Setting next_dagrun for example_xcom_args to None, run_after=None
[2025-02-01T07:38:33.487+0000] {logging_mixin.py:190} INFO - [2025-02-01T07:38:33.487+0000] {dag.py:4180} INFO - Setting next_dagrun for example_xcom_args_with_operators to None, run_after=None
[2025-02-01T07:38:33.521+0000] {processor.py:208} INFO - Processing /home/airflow/.local/lib/python3.12/site-packages/airflow/example_dags/example_xcomargs.py took 0.121 seconds
[2025-02-01T07:39:04.192+0000] {processor.py:186} INFO - Started process (PID=429) to work on /home/airflow/.local/lib/python3.12/site-packages/airflow/example_dags/example_xcomargs.py
[2025-02-01T07:39:04.193+0000] {processor.py:914} INFO - Processing file /home/airflow/.local/lib/python3.12/site-packages/airflow/example_dags/example_xcomargs.py for tasks to queue
[2025-02-01T07:39:04.199+0000] {logging_mixin.py:190} INFO - [2025-02-01T07:39:04.198+0000] {dagbag.py:588} INFO - Filling up the DagBag from /home/airflow/.local/lib/python3.12/site-packages/airflow/example_dags/example_xcomargs.py
[2025-02-01T07:39:04.216+0000] {processor.py:925} INFO - DAG(s) 'example_xcom_args', 'example_xcom_args_with_operators' retrieved from /home/airflow/.local/lib/python3.12/site-packages/airflow/example_dags/example_xcomargs.py
[2025-02-01T07:39:04.269+0000] {logging_mixin.py:190} INFO - [2025-02-01T07:39:04.269+0000] {dag.py:3239} INFO - Sync 2 DAGs
[2025-02-01T07:39:04.311+0000] {logging_mixin.py:190} INFO - [2025-02-01T07:39:04.311+0000] {dag.py:4180} INFO - Setting next_dagrun for example_xcom_args to None, run_after=None
[2025-02-01T07:39:04.317+0000] {logging_mixin.py:190} INFO - [2025-02-01T07:39:04.316+0000] {dag.py:4180} INFO - Setting next_dagrun for example_xcom_args_with_operators to None, run_after=None
[2025-02-01T07:39:04.345+0000] {processor.py:208} INFO - Processing /home/airflow/.local/lib/python3.12/site-packages/airflow/example_dags/example_xcomargs.py took 0.165 seconds
[2025-02-01T07:39:36.402+0000] {processor.py:186} INFO - Started process (PID=501) to work on /home/airflow/.local/lib/python3.12/site-packages/airflow/example_dags/example_xcomargs.py
[2025-02-01T07:39:36.404+0000] {processor.py:914} INFO - Processing file /home/airflow/.local/lib/python3.12/site-packages/airflow/example_dags/example_xcomargs.py for tasks to queue
[2025-02-01T07:39:36.406+0000] {logging_mixin.py:190} INFO - [2025-02-01T07:39:36.406+0000] {dagbag.py:588} INFO - Filling up the DagBag from /home/airflow/.local/lib/python3.12/site-packages/airflow/example_dags/example_xcomargs.py
[2025-02-01T07:39:36.422+0000] {processor.py:925} INFO - DAG(s) 'example_xcom_args_with_operators', 'example_xcom_args' retrieved from /home/airflow/.local/lib/python3.12/site-packages/airflow/example_dags/example_xcomargs.py
[2025-02-01T07:39:36.462+0000] {logging_mixin.py:190} INFO - [2025-02-01T07:39:36.461+0000] {dag.py:3239} INFO - Sync 2 DAGs
[2025-02-01T07:39:36.484+0000] {logging_mixin.py:190} INFO - [2025-02-01T07:39:36.484+0000] {dag.py:4180} INFO - Setting next_dagrun for example_xcom_args to None, run_after=None
[2025-02-01T07:39:36.493+0000] {logging_mixin.py:190} INFO - [2025-02-01T07:39:36.493+0000] {dag.py:4180} INFO - Setting next_dagrun for example_xcom_args_with_operators to None, run_after=None
[2025-02-01T07:39:36.533+0000] {processor.py:208} INFO - Processing /home/airflow/.local/lib/python3.12/site-packages/airflow/example_dags/example_xcomargs.py took 0.140 seconds
[2025-02-01T07:40:08.326+0000] {processor.py:186} INFO - Started process (PID=567) to work on /home/airflow/.local/lib/python3.12/site-packages/airflow/example_dags/example_xcomargs.py
[2025-02-01T07:40:08.328+0000] {processor.py:914} INFO - Processing file /home/airflow/.local/lib/python3.12/site-packages/airflow/example_dags/example_xcomargs.py for tasks to queue
[2025-02-01T07:40:08.332+0000] {logging_mixin.py:190} INFO - [2025-02-01T07:40:08.332+0000] {dagbag.py:588} INFO - Filling up the DagBag from /home/airflow/.local/lib/python3.12/site-packages/airflow/example_dags/example_xcomargs.py
[2025-02-01T07:40:08.347+0000] {processor.py:925} INFO - DAG(s) 'example_xcom_args', 'example_xcom_args_with_operators' retrieved from /home/airflow/.local/lib/python3.12/site-packages/airflow/example_dags/example_xcomargs.py
[2025-02-01T07:40:08.384+0000] {logging_mixin.py:190} INFO - [2025-02-01T07:40:08.383+0000] {dag.py:3239} INFO - Sync 2 DAGs
[2025-02-01T07:40:08.404+0000] {logging_mixin.py:190} INFO - [2025-02-01T07:40:08.404+0000] {dag.py:4180} INFO - Setting next_dagrun for example_xcom_args to None, run_after=None
[2025-02-01T07:40:08.409+0000] {logging_mixin.py:190} INFO - [2025-02-01T07:40:08.409+0000] {dag.py:4180} INFO - Setting next_dagrun for example_xcom_args_with_operators to None, run_after=None
[2025-02-01T07:40:08.434+0000] {processor.py:208} INFO - Processing /home/airflow/.local/lib/python3.12/site-packages/airflow/example_dags/example_xcomargs.py took 0.118 seconds
[2025-02-01T07:40:38.666+0000] {processor.py:186} INFO - Started process (PID=633) to work on /home/airflow/.local/lib/python3.12/site-packages/airflow/example_dags/example_xcomargs.py
[2025-02-01T07:40:38.667+0000] {processor.py:914} INFO - Processing file /home/airflow/.local/lib/python3.12/site-packages/airflow/example_dags/example_xcomargs.py for tasks to queue
[2025-02-01T07:40:38.670+0000] {logging_mixin.py:190} INFO - [2025-02-01T07:40:38.670+0000] {dagbag.py:588} INFO - Filling up the DagBag from /home/airflow/.local/lib/python3.12/site-packages/airflow/example_dags/example_xcomargs.py
[2025-02-01T07:40:38.683+0000] {processor.py:925} INFO - DAG(s) 'example_xcom_args_with_operators', 'example_xcom_args' retrieved from /home/airflow/.local/lib/python3.12/site-packages/airflow/example_dags/example_xcomargs.py
[2025-02-01T07:40:38.716+0000] {logging_mixin.py:190} INFO - [2025-02-01T07:40:38.715+0000] {dag.py:3239} INFO - Sync 2 DAGs
[2025-02-01T07:40:38.736+0000] {logging_mixin.py:190} INFO - [2025-02-01T07:40:38.736+0000] {dag.py:4180} INFO - Setting next_dagrun for example_xcom_args to None, run_after=None
[2025-02-01T07:40:38.741+0000] {logging_mixin.py:190} INFO - [2025-02-01T07:40:38.741+0000] {dag.py:4180} INFO - Setting next_dagrun for example_xcom_args_with_operators to None, run_after=None
[2025-02-01T07:40:38.770+0000] {processor.py:208} INFO - Processing /home/airflow/.local/lib/python3.12/site-packages/airflow/example_dags/example_xcomargs.py took 0.113 seconds
[2025-02-01T07:41:09.577+0000] {processor.py:186} INFO - Started process (PID=698) to work on /home/airflow/.local/lib/python3.12/site-packages/airflow/example_dags/example_xcomargs.py
[2025-02-01T07:41:09.579+0000] {processor.py:914} INFO - Processing file /home/airflow/.local/lib/python3.12/site-packages/airflow/example_dags/example_xcomargs.py for tasks to queue
[2025-02-01T07:41:09.582+0000] {logging_mixin.py:190} INFO - [2025-02-01T07:41:09.582+0000] {dagbag.py:588} INFO - Filling up the DagBag from /home/airflow/.local/lib/python3.12/site-packages/airflow/example_dags/example_xcomargs.py
[2025-02-01T07:41:09.600+0000] {processor.py:925} INFO - DAG(s) 'example_xcom_args_with_operators', 'example_xcom_args' retrieved from /home/airflow/.local/lib/python3.12/site-packages/airflow/example_dags/example_xcomargs.py
[2025-02-01T07:41:09.655+0000] {logging_mixin.py:190} INFO - [2025-02-01T07:41:09.655+0000] {dag.py:3239} INFO - Sync 2 DAGs
[2025-02-01T07:41:09.680+0000] {logging_mixin.py:190} INFO - [2025-02-01T07:41:09.680+0000] {dag.py:4180} INFO - Setting next_dagrun for example_xcom_args to None, run_after=None
[2025-02-01T07:41:09.686+0000] {logging_mixin.py:190} INFO - [2025-02-01T07:41:09.685+0000] {dag.py:4180} INFO - Setting next_dagrun for example_xcom_args_with_operators to None, run_after=None
[2025-02-01T07:41:09.714+0000] {processor.py:208} INFO - Processing /home/airflow/.local/lib/python3.12/site-packages/airflow/example_dags/example_xcomargs.py took 0.146 seconds
[2025-02-01T07:41:40.310+0000] {processor.py:186} INFO - Started process (PID=763) to work on /home/airflow/.local/lib/python3.12/site-packages/airflow/example_dags/example_xcomargs.py
[2025-02-01T07:41:40.311+0000] {processor.py:914} INFO - Processing file /home/airflow/.local/lib/python3.12/site-packages/airflow/example_dags/example_xcomargs.py for tasks to queue
[2025-02-01T07:41:40.315+0000] {logging_mixin.py:190} INFO - [2025-02-01T07:41:40.314+0000] {dagbag.py:588} INFO - Filling up the DagBag from /home/airflow/.local/lib/python3.12/site-packages/airflow/example_dags/example_xcomargs.py
[2025-02-01T07:41:40.328+0000] {processor.py:925} INFO - DAG(s) 'example_xcom_args_with_operators', 'example_xcom_args' retrieved from /home/airflow/.local/lib/python3.12/site-packages/airflow/example_dags/example_xcomargs.py
[2025-02-01T07:41:40.356+0000] {logging_mixin.py:190} INFO - [2025-02-01T07:41:40.356+0000] {dag.py:3239} INFO - Sync 2 DAGs
[2025-02-01T07:41:40.378+0000] {logging_mixin.py:190} INFO - [2025-02-01T07:41:40.378+0000] {dag.py:4180} INFO - Setting next_dagrun for example_xcom_args to None, run_after=None
[2025-02-01T07:41:40.383+0000] {logging_mixin.py:190} INFO - [2025-02-01T07:41:40.383+0000] {dag.py:4180} INFO - Setting next_dagrun for example_xcom_args_with_operators to None, run_after=None
[2025-02-01T07:41:40.406+0000] {processor.py:208} INFO - Processing /home/airflow/.local/lib/python3.12/site-packages/airflow/example_dags/example_xcomargs.py took 0.106 seconds
[2025-02-01T07:42:11.874+0000] {processor.py:186} INFO - Started process (PID=829) to work on /home/airflow/.local/lib/python3.12/site-packages/airflow/example_dags/example_xcomargs.py
[2025-02-01T07:42:11.875+0000] {processor.py:914} INFO - Processing file /home/airflow/.local/lib/python3.12/site-packages/airflow/example_dags/example_xcomargs.py for tasks to queue
[2025-02-01T07:42:11.878+0000] {logging_mixin.py:190} INFO - [2025-02-01T07:42:11.878+0000] {dagbag.py:588} INFO - Filling up the DagBag from /home/airflow/.local/lib/python3.12/site-packages/airflow/example_dags/example_xcomargs.py
[2025-02-01T07:42:11.891+0000] {processor.py:925} INFO - DAG(s) 'example_xcom_args', 'example_xcom_args_with_operators' retrieved from /home/airflow/.local/lib/python3.12/site-packages/airflow/example_dags/example_xcomargs.py
[2025-02-01T07:42:11.923+0000] {logging_mixin.py:190} INFO - [2025-02-01T07:42:11.922+0000] {dag.py:3239} INFO - Sync 2 DAGs
[2025-02-01T07:42:11.942+0000] {logging_mixin.py:190} INFO - [2025-02-01T07:42:11.942+0000] {dag.py:4180} INFO - Setting next_dagrun for example_xcom_args to None, run_after=None
[2025-02-01T07:42:11.947+0000] {logging_mixin.py:190} INFO - [2025-02-01T07:42:11.947+0000] {dag.py:4180} INFO - Setting next_dagrun for example_xcom_args_with_operators to None, run_after=None
[2025-02-01T07:42:11.969+0000] {processor.py:208} INFO - Processing /home/airflow/.local/lib/python3.12/site-packages/airflow/example_dags/example_xcomargs.py took 0.104 seconds
[2025-02-01T07:42:43.874+0000] {processor.py:186} INFO - Started process (PID=895) to work on /home/airflow/.local/lib/python3.12/site-packages/airflow/example_dags/example_xcomargs.py
[2025-02-01T07:42:43.876+0000] {processor.py:914} INFO - Processing file /home/airflow/.local/lib/python3.12/site-packages/airflow/example_dags/example_xcomargs.py for tasks to queue
[2025-02-01T07:42:43.880+0000] {logging_mixin.py:190} INFO - [2025-02-01T07:42:43.879+0000] {dagbag.py:588} INFO - Filling up the DagBag from /home/airflow/.local/lib/python3.12/site-packages/airflow/example_dags/example_xcomargs.py
[2025-02-01T07:42:43.892+0000] {processor.py:925} INFO - DAG(s) 'example_xcom_args', 'example_xcom_args_with_operators' retrieved from /home/airflow/.local/lib/python3.12/site-packages/airflow/example_dags/example_xcomargs.py
[2025-02-01T07:42:43.925+0000] {logging_mixin.py:190} INFO - [2025-02-01T07:42:43.925+0000] {dag.py:3239} INFO - Sync 2 DAGs
[2025-02-01T07:42:43.944+0000] {logging_mixin.py:190} INFO - [2025-02-01T07:42:43.943+0000] {dag.py:4180} INFO - Setting next_dagrun for example_xcom_args to None, run_after=None
[2025-02-01T07:42:43.949+0000] {logging_mixin.py:190} INFO - [2025-02-01T07:42:43.948+0000] {dag.py:4180} INFO - Setting next_dagrun for example_xcom_args_with_operators to None, run_after=None
[2025-02-01T07:42:43.972+0000] {processor.py:208} INFO - Processing /home/airflow/.local/lib/python3.12/site-packages/airflow/example_dags/example_xcomargs.py took 0.108 seconds
[2025-02-01T07:43:14.673+0000] {processor.py:186} INFO - Started process (PID=961) to work on /home/airflow/.local/lib/python3.12/site-packages/airflow/example_dags/example_xcomargs.py
[2025-02-01T07:43:14.675+0000] {processor.py:914} INFO - Processing file /home/airflow/.local/lib/python3.12/site-packages/airflow/example_dags/example_xcomargs.py for tasks to queue
[2025-02-01T07:43:14.679+0000] {logging_mixin.py:190} INFO - [2025-02-01T07:43:14.679+0000] {dagbag.py:588} INFO - Filling up the DagBag from /home/airflow/.local/lib/python3.12/site-packages/airflow/example_dags/example_xcomargs.py
[2025-02-01T07:43:14.697+0000] {processor.py:925} INFO - DAG(s) 'example_xcom_args_with_operators', 'example_xcom_args' retrieved from /home/airflow/.local/lib/python3.12/site-packages/airflow/example_dags/example_xcomargs.py
[2025-02-01T07:43:14.742+0000] {logging_mixin.py:190} INFO - [2025-02-01T07:43:14.741+0000] {dag.py:3239} INFO - Sync 2 DAGs
[2025-02-01T07:43:14.768+0000] {logging_mixin.py:190} INFO - [2025-02-01T07:43:14.768+0000] {dag.py:4180} INFO - Setting next_dagrun for example_xcom_args to None, run_after=None
[2025-02-01T07:43:14.775+0000] {logging_mixin.py:190} INFO - [2025-02-01T07:43:14.775+0000] {dag.py:4180} INFO - Setting next_dagrun for example_xcom_args_with_operators to None, run_after=None
[2025-02-01T07:43:14.811+0000] {processor.py:208} INFO - Processing /home/airflow/.local/lib/python3.12/site-packages/airflow/example_dags/example_xcomargs.py took 0.150 seconds
[2025-02-01T07:43:46.215+0000] {processor.py:186} INFO - Started process (PID=1027) to work on /home/airflow/.local/lib/python3.12/site-packages/airflow/example_dags/example_xcomargs.py
[2025-02-01T07:43:46.217+0000] {processor.py:914} INFO - Processing file /home/airflow/.local/lib/python3.12/site-packages/airflow/example_dags/example_xcomargs.py for tasks to queue
[2025-02-01T07:43:46.220+0000] {logging_mixin.py:190} INFO - [2025-02-01T07:43:46.219+0000] {dagbag.py:588} INFO - Filling up the DagBag from /home/airflow/.local/lib/python3.12/site-packages/airflow/example_dags/example_xcomargs.py
[2025-02-01T07:43:46.234+0000] {processor.py:925} INFO - DAG(s) 'example_xcom_args', 'example_xcom_args_with_operators' retrieved from /home/airflow/.local/lib/python3.12/site-packages/airflow/example_dags/example_xcomargs.py
[2025-02-01T07:43:46.261+0000] {logging_mixin.py:190} INFO - [2025-02-01T07:43:46.261+0000] {dag.py:3239} INFO - Sync 2 DAGs
[2025-02-01T07:43:46.281+0000] {logging_mixin.py:190} INFO - [2025-02-01T07:43:46.281+0000] {dag.py:4180} INFO - Setting next_dagrun for example_xcom_args to None, run_after=None
[2025-02-01T07:43:46.286+0000] {logging_mixin.py:190} INFO - [2025-02-01T07:43:46.286+0000] {dag.py:4180} INFO - Setting next_dagrun for example_xcom_args_with_operators to None, run_after=None
[2025-02-01T07:43:46.305+0000] {processor.py:208} INFO - Processing /home/airflow/.local/lib/python3.12/site-packages/airflow/example_dags/example_xcomargs.py took 0.098 seconds
[2025-02-01T07:44:18.999+0000] {processor.py:186} INFO - Started process (PID=1093) to work on /home/airflow/.local/lib/python3.12/site-packages/airflow/example_dags/example_xcomargs.py
[2025-02-01T07:44:19.000+0000] {processor.py:914} INFO - Processing file /home/airflow/.local/lib/python3.12/site-packages/airflow/example_dags/example_xcomargs.py for tasks to queue
[2025-02-01T07:44:19.003+0000] {logging_mixin.py:190} INFO - [2025-02-01T07:44:19.003+0000] {dagbag.py:588} INFO - Filling up the DagBag from /home/airflow/.local/lib/python3.12/site-packages/airflow/example_dags/example_xcomargs.py
[2025-02-01T07:44:19.017+0000] {processor.py:925} INFO - DAG(s) 'example_xcom_args', 'example_xcom_args_with_operators' retrieved from /home/airflow/.local/lib/python3.12/site-packages/airflow/example_dags/example_xcomargs.py
[2025-02-01T07:44:19.044+0000] {logging_mixin.py:190} INFO - [2025-02-01T07:44:19.044+0000] {dag.py:3239} INFO - Sync 2 DAGs
[2025-02-01T07:44:19.067+0000] {logging_mixin.py:190} INFO - [2025-02-01T07:44:19.067+0000] {dag.py:4180} INFO - Setting next_dagrun for example_xcom_args to None, run_after=None
[2025-02-01T07:44:19.072+0000] {logging_mixin.py:190} INFO - [2025-02-01T07:44:19.071+0000] {dag.py:4180} INFO - Setting next_dagrun for example_xcom_args_with_operators to None, run_after=None
[2025-02-01T07:44:19.091+0000] {processor.py:208} INFO - Processing /home/airflow/.local/lib/python3.12/site-packages/airflow/example_dags/example_xcomargs.py took 0.101 seconds
[2025-02-01T07:44:49.989+0000] {processor.py:186} INFO - Started process (PID=1159) to work on /home/airflow/.local/lib/python3.12/site-packages/airflow/example_dags/example_xcomargs.py
[2025-02-01T07:44:49.991+0000] {processor.py:914} INFO - Processing file /home/airflow/.local/lib/python3.12/site-packages/airflow/example_dags/example_xcomargs.py for tasks to queue
[2025-02-01T07:44:49.995+0000] {logging_mixin.py:190} INFO - [2025-02-01T07:44:49.994+0000] {dagbag.py:588} INFO - Filling up the DagBag from /home/airflow/.local/lib/python3.12/site-packages/airflow/example_dags/example_xcomargs.py
[2025-02-01T07:44:50.011+0000] {processor.py:925} INFO - DAG(s) 'example_xcom_args', 'example_xcom_args_with_operators' retrieved from /home/airflow/.local/lib/python3.12/site-packages/airflow/example_dags/example_xcomargs.py
[2025-02-01T07:44:50.046+0000] {logging_mixin.py:190} INFO - [2025-02-01T07:44:50.046+0000] {dag.py:3239} INFO - Sync 2 DAGs
[2025-02-01T07:44:50.069+0000] {logging_mixin.py:190} INFO - [2025-02-01T07:44:50.068+0000] {dag.py:4180} INFO - Setting next_dagrun for example_xcom_args to None, run_after=None
[2025-02-01T07:44:50.075+0000] {logging_mixin.py:190} INFO - [2025-02-01T07:44:50.074+0000] {dag.py:4180} INFO - Setting next_dagrun for example_xcom_args_with_operators to None, run_after=None
[2025-02-01T07:44:50.103+0000] {processor.py:208} INFO - Processing /home/airflow/.local/lib/python3.12/site-packages/airflow/example_dags/example_xcomargs.py took 0.125 seconds
[2025-02-01T07:45:21.398+0000] {processor.py:186} INFO - Started process (PID=1225) to work on /home/airflow/.local/lib/python3.12/site-packages/airflow/example_dags/example_xcomargs.py
[2025-02-01T07:45:21.400+0000] {processor.py:914} INFO - Processing file /home/airflow/.local/lib/python3.12/site-packages/airflow/example_dags/example_xcomargs.py for tasks to queue
[2025-02-01T07:45:21.406+0000] {logging_mixin.py:190} INFO - [2025-02-01T07:45:21.406+0000] {dagbag.py:588} INFO - Filling up the DagBag from /home/airflow/.local/lib/python3.12/site-packages/airflow/example_dags/example_xcomargs.py
[2025-02-01T07:45:21.433+0000] {processor.py:925} INFO - DAG(s) 'example_xcom_args_with_operators', 'example_xcom_args' retrieved from /home/airflow/.local/lib/python3.12/site-packages/airflow/example_dags/example_xcomargs.py
[2025-02-01T07:45:21.484+0000] {logging_mixin.py:190} INFO - [2025-02-01T07:45:21.484+0000] {dag.py:3239} INFO - Sync 2 DAGs
[2025-02-01T07:45:21.518+0000] {logging_mixin.py:190} INFO - [2025-02-01T07:45:21.517+0000] {dag.py:4180} INFO - Setting next_dagrun for example_xcom_args to None, run_after=None
[2025-02-01T07:45:21.526+0000] {logging_mixin.py:190} INFO - [2025-02-01T07:45:21.526+0000] {dag.py:4180} INFO - Setting next_dagrun for example_xcom_args_with_operators to None, run_after=None
[2025-02-01T07:45:21.572+0000] {processor.py:208} INFO - Processing /home/airflow/.local/lib/python3.12/site-packages/airflow/example_dags/example_xcomargs.py took 0.190 seconds
[2025-02-01T07:45:53.531+0000] {processor.py:186} INFO - Started process (PID=1291) to work on /home/airflow/.local/lib/python3.12/site-packages/airflow/example_dags/example_xcomargs.py
[2025-02-01T07:45:53.532+0000] {processor.py:914} INFO - Processing file /home/airflow/.local/lib/python3.12/site-packages/airflow/example_dags/example_xcomargs.py for tasks to queue
[2025-02-01T07:45:53.537+0000] {logging_mixin.py:190} INFO - [2025-02-01T07:45:53.537+0000] {dagbag.py:588} INFO - Filling up the DagBag from /home/airflow/.local/lib/python3.12/site-packages/airflow/example_dags/example_xcomargs.py
[2025-02-01T07:45:53.553+0000] {processor.py:925} INFO - DAG(s) 'example_xcom_args_with_operators', 'example_xcom_args' retrieved from /home/airflow/.local/lib/python3.12/site-packages/airflow/example_dags/example_xcomargs.py
[2025-02-01T07:45:53.580+0000] {logging_mixin.py:190} INFO - [2025-02-01T07:45:53.580+0000] {dag.py:3239} INFO - Sync 2 DAGs
[2025-02-01T07:45:53.600+0000] {logging_mixin.py:190} INFO - [2025-02-01T07:45:53.599+0000] {dag.py:4180} INFO - Setting next_dagrun for example_xcom_args to None, run_after=None
[2025-02-01T07:45:53.605+0000] {logging_mixin.py:190} INFO - [2025-02-01T07:45:53.605+0000] {dag.py:4180} INFO - Setting next_dagrun for example_xcom_args_with_operators to None, run_after=None
[2025-02-01T07:45:53.642+0000] {processor.py:208} INFO - Processing /home/airflow/.local/lib/python3.12/site-packages/airflow/example_dags/example_xcomargs.py took 0.124 seconds
[2025-02-01T07:46:23.886+0000] {processor.py:186} INFO - Started process (PID=1357) to work on /home/airflow/.local/lib/python3.12/site-packages/airflow/example_dags/example_xcomargs.py
[2025-02-01T07:46:23.887+0000] {processor.py:914} INFO - Processing file /home/airflow/.local/lib/python3.12/site-packages/airflow/example_dags/example_xcomargs.py for tasks to queue
[2025-02-01T07:46:23.891+0000] {logging_mixin.py:190} INFO - [2025-02-01T07:46:23.890+0000] {dagbag.py:588} INFO - Filling up the DagBag from /home/airflow/.local/lib/python3.12/site-packages/airflow/example_dags/example_xcomargs.py
[2025-02-01T07:46:23.905+0000] {processor.py:925} INFO - DAG(s) 'example_xcom_args_with_operators', 'example_xcom_args' retrieved from /home/airflow/.local/lib/python3.12/site-packages/airflow/example_dags/example_xcomargs.py
[2025-02-01T07:46:23.938+0000] {logging_mixin.py:190} INFO - [2025-02-01T07:46:23.938+0000] {dag.py:3239} INFO - Sync 2 DAGs
[2025-02-01T07:46:23.960+0000] {logging_mixin.py:190} INFO - [2025-02-01T07:46:23.960+0000] {dag.py:4180} INFO - Setting next_dagrun for example_xcom_args to None, run_after=None
[2025-02-01T07:46:23.965+0000] {logging_mixin.py:190} INFO - [2025-02-01T07:46:23.965+0000] {dag.py:4180} INFO - Setting next_dagrun for example_xcom_args_with_operators to None, run_after=None
[2025-02-01T07:46:24.002+0000] {processor.py:208} INFO - Processing /home/airflow/.local/lib/python3.12/site-packages/airflow/example_dags/example_xcomargs.py took 0.124 seconds
[2025-02-01T07:46:55.129+0000] {processor.py:186} INFO - Started process (PID=1423) to work on /home/airflow/.local/lib/python3.12/site-packages/airflow/example_dags/example_xcomargs.py
[2025-02-01T07:46:55.130+0000] {processor.py:914} INFO - Processing file /home/airflow/.local/lib/python3.12/site-packages/airflow/example_dags/example_xcomargs.py for tasks to queue
[2025-02-01T07:46:55.133+0000] {logging_mixin.py:190} INFO - [2025-02-01T07:46:55.133+0000] {dagbag.py:588} INFO - Filling up the DagBag from /home/airflow/.local/lib/python3.12/site-packages/airflow/example_dags/example_xcomargs.py
[2025-02-01T07:46:55.146+0000] {processor.py:925} INFO - DAG(s) 'example_xcom_args', 'example_xcom_args_with_operators' retrieved from /home/airflow/.local/lib/python3.12/site-packages/airflow/example_dags/example_xcomargs.py
[2025-02-01T07:46:55.177+0000] {logging_mixin.py:190} INFO - [2025-02-01T07:46:55.177+0000] {dag.py:3239} INFO - Sync 2 DAGs
[2025-02-01T07:46:55.199+0000] {logging_mixin.py:190} INFO - [2025-02-01T07:46:55.198+0000] {dag.py:4180} INFO - Setting next_dagrun for example_xcom_args to None, run_after=None
[2025-02-01T07:46:55.206+0000] {logging_mixin.py:190} INFO - [2025-02-01T07:46:55.206+0000] {dag.py:4180} INFO - Setting next_dagrun for example_xcom_args_with_operators to None, run_after=None
[2025-02-01T07:46:55.231+0000] {processor.py:208} INFO - Processing /home/airflow/.local/lib/python3.12/site-packages/airflow/example_dags/example_xcomargs.py took 0.112 seconds
[2025-02-01T07:47:26.983+0000] {processor.py:186} INFO - Started process (PID=1489) to work on /home/airflow/.local/lib/python3.12/site-packages/airflow/example_dags/example_xcomargs.py
[2025-02-01T07:47:26.984+0000] {processor.py:914} INFO - Processing file /home/airflow/.local/lib/python3.12/site-packages/airflow/example_dags/example_xcomargs.py for tasks to queue
[2025-02-01T07:47:26.997+0000] {logging_mixin.py:190} INFO - [2025-02-01T07:47:26.996+0000] {dagbag.py:588} INFO - Filling up the DagBag from /home/airflow/.local/lib/python3.12/site-packages/airflow/example_dags/example_xcomargs.py
[2025-02-01T07:47:27.021+0000] {processor.py:925} INFO - DAG(s) 'example_xcom_args_with_operators', 'example_xcom_args' retrieved from /home/airflow/.local/lib/python3.12/site-packages/airflow/example_dags/example_xcomargs.py
[2025-02-01T07:47:27.068+0000] {logging_mixin.py:190} INFO - [2025-02-01T07:47:27.068+0000] {dag.py:3239} INFO - Sync 2 DAGs
[2025-02-01T07:47:27.094+0000] {logging_mixin.py:190} INFO - [2025-02-01T07:47:27.094+0000] {dag.py:4180} INFO - Setting next_dagrun for example_xcom_args to None, run_after=None
[2025-02-01T07:47:27.101+0000] {logging_mixin.py:190} INFO - [2025-02-01T07:47:27.100+0000] {dag.py:4180} INFO - Setting next_dagrun for example_xcom_args_with_operators to None, run_after=None
[2025-02-01T07:47:27.131+0000] {processor.py:208} INFO - Processing /home/airflow/.local/lib/python3.12/site-packages/airflow/example_dags/example_xcomargs.py took 0.162 seconds
[2025-02-01T07:47:58.695+0000] {processor.py:186} INFO - Started process (PID=1555) to work on /home/airflow/.local/lib/python3.12/site-packages/airflow/example_dags/example_xcomargs.py
[2025-02-01T07:47:58.697+0000] {processor.py:914} INFO - Processing file /home/airflow/.local/lib/python3.12/site-packages/airflow/example_dags/example_xcomargs.py for tasks to queue
[2025-02-01T07:47:58.703+0000] {logging_mixin.py:190} INFO - [2025-02-01T07:47:58.702+0000] {dagbag.py:588} INFO - Filling up the DagBag from /home/airflow/.local/lib/python3.12/site-packages/airflow/example_dags/example_xcomargs.py
[2025-02-01T07:47:58.720+0000] {processor.py:925} INFO - DAG(s) 'example_xcom_args', 'example_xcom_args_with_operators' retrieved from /home/airflow/.local/lib/python3.12/site-packages/airflow/example_dags/example_xcomargs.py
[2025-02-01T07:47:58.752+0000] {logging_mixin.py:190} INFO - [2025-02-01T07:47:58.752+0000] {dag.py:3239} INFO - Sync 2 DAGs
[2025-02-01T07:47:58.774+0000] {logging_mixin.py:190} INFO - [2025-02-01T07:47:58.773+0000] {dag.py:4180} INFO - Setting next_dagrun for example_xcom_args to None, run_after=None
[2025-02-01T07:47:58.779+0000] {logging_mixin.py:190} INFO - [2025-02-01T07:47:58.778+0000] {dag.py:4180} INFO - Setting next_dagrun for example_xcom_args_with_operators to None, run_after=None
[2025-02-01T07:47:58.804+0000] {processor.py:208} INFO - Processing /home/airflow/.local/lib/python3.12/site-packages/airflow/example_dags/example_xcomargs.py took 0.124 seconds
[2025-02-01T07:48:29.213+0000] {processor.py:186} INFO - Started process (PID=1621) to work on /home/airflow/.local/lib/python3.12/site-packages/airflow/example_dags/example_xcomargs.py
[2025-02-01T07:48:29.215+0000] {processor.py:914} INFO - Processing file /home/airflow/.local/lib/python3.12/site-packages/airflow/example_dags/example_xcomargs.py for tasks to queue
[2025-02-01T07:48:29.217+0000] {logging_mixin.py:190} INFO - [2025-02-01T07:48:29.217+0000] {dagbag.py:588} INFO - Filling up the DagBag from /home/airflow/.local/lib/python3.12/site-packages/airflow/example_dags/example_xcomargs.py
[2025-02-01T07:48:29.230+0000] {processor.py:925} INFO - DAG(s) 'example_xcom_args_with_operators', 'example_xcom_args' retrieved from /home/airflow/.local/lib/python3.12/site-packages/airflow/example_dags/example_xcomargs.py
[2025-02-01T07:48:29.258+0000] {logging_mixin.py:190} INFO - [2025-02-01T07:48:29.257+0000] {dag.py:3239} INFO - Sync 2 DAGs
[2025-02-01T07:48:29.277+0000] {logging_mixin.py:190} INFO - [2025-02-01T07:48:29.277+0000] {dag.py:4180} INFO - Setting next_dagrun for example_xcom_args to None, run_after=None
[2025-02-01T07:48:29.283+0000] {logging_mixin.py:190} INFO - [2025-02-01T07:48:29.282+0000] {dag.py:4180} INFO - Setting next_dagrun for example_xcom_args_with_operators to None, run_after=None
[2025-02-01T07:48:29.305+0000] {processor.py:208} INFO - Processing /home/airflow/.local/lib/python3.12/site-packages/airflow/example_dags/example_xcomargs.py took 0.101 seconds
[2025-02-01T07:49:00.614+0000] {processor.py:186} INFO - Started process (PID=1687) to work on /home/airflow/.local/lib/python3.12/site-packages/airflow/example_dags/example_xcomargs.py
[2025-02-01T07:49:00.615+0000] {processor.py:914} INFO - Processing file /home/airflow/.local/lib/python3.12/site-packages/airflow/example_dags/example_xcomargs.py for tasks to queue
[2025-02-01T07:49:00.618+0000] {logging_mixin.py:190} INFO - [2025-02-01T07:49:00.618+0000] {dagbag.py:588} INFO - Filling up the DagBag from /home/airflow/.local/lib/python3.12/site-packages/airflow/example_dags/example_xcomargs.py
[2025-02-01T07:49:00.632+0000] {processor.py:925} INFO - DAG(s) 'example_xcom_args_with_operators', 'example_xcom_args' retrieved from /home/airflow/.local/lib/python3.12/site-packages/airflow/example_dags/example_xcomargs.py
[2025-02-01T07:49:00.665+0000] {logging_mixin.py:190} INFO - [2025-02-01T07:49:00.664+0000] {dag.py:3239} INFO - Sync 2 DAGs
[2025-02-01T07:49:00.685+0000] {logging_mixin.py:190} INFO - [2025-02-01T07:49:00.684+0000] {dag.py:4180} INFO - Setting next_dagrun for example_xcom_args to None, run_after=None
[2025-02-01T07:49:00.689+0000] {logging_mixin.py:190} INFO - [2025-02-01T07:49:00.689+0000] {dag.py:4180} INFO - Setting next_dagrun for example_xcom_args_with_operators to None, run_after=None
[2025-02-01T07:49:00.710+0000] {processor.py:208} INFO - Processing /home/airflow/.local/lib/python3.12/site-packages/airflow/example_dags/example_xcomargs.py took 0.106 seconds
[2025-02-01T07:49:32.691+0000] {processor.py:186} INFO - Started process (PID=1758) to work on /home/airflow/.local/lib/python3.12/site-packages/airflow/example_dags/example_xcomargs.py
[2025-02-01T07:49:32.703+0000] {processor.py:914} INFO - Processing file /home/airflow/.local/lib/python3.12/site-packages/airflow/example_dags/example_xcomargs.py for tasks to queue
[2025-02-01T07:49:32.708+0000] {logging_mixin.py:190} INFO - [2025-02-01T07:49:32.707+0000] {dagbag.py:588} INFO - Filling up the DagBag from /home/airflow/.local/lib/python3.12/site-packages/airflow/example_dags/example_xcomargs.py
[2025-02-01T07:49:32.722+0000] {processor.py:925} INFO - DAG(s) 'example_xcom_args', 'example_xcom_args_with_operators' retrieved from /home/airflow/.local/lib/python3.12/site-packages/airflow/example_dags/example_xcomargs.py
[2025-02-01T07:49:32.784+0000] {logging_mixin.py:190} INFO - [2025-02-01T07:49:32.784+0000] {dag.py:3239} INFO - Sync 2 DAGs
[2025-02-01T07:49:32.806+0000] {logging_mixin.py:190} INFO - [2025-02-01T07:49:32.805+0000] {dag.py:4180} INFO - Setting next_dagrun for example_xcom_args to None, run_after=None
[2025-02-01T07:49:32.813+0000] {logging_mixin.py:190} INFO - [2025-02-01T07:49:32.813+0000] {dag.py:4180} INFO - Setting next_dagrun for example_xcom_args_with_operators to None, run_after=None
[2025-02-01T07:49:32.836+0000] {processor.py:208} INFO - Processing /home/airflow/.local/lib/python3.12/site-packages/airflow/example_dags/example_xcomargs.py took 0.157 seconds
[2025-02-01T07:50:03.840+0000] {processor.py:186} INFO - Started process (PID=1825) to work on /home/airflow/.local/lib/python3.12/site-packages/airflow/example_dags/example_xcomargs.py
[2025-02-01T07:50:03.842+0000] {processor.py:914} INFO - Processing file /home/airflow/.local/lib/python3.12/site-packages/airflow/example_dags/example_xcomargs.py for tasks to queue
[2025-02-01T07:50:03.844+0000] {logging_mixin.py:190} INFO - [2025-02-01T07:50:03.844+0000] {dagbag.py:588} INFO - Filling up the DagBag from /home/airflow/.local/lib/python3.12/site-packages/airflow/example_dags/example_xcomargs.py
[2025-02-01T07:50:03.858+0000] {processor.py:925} INFO - DAG(s) 'example_xcom_args', 'example_xcom_args_with_operators' retrieved from /home/airflow/.local/lib/python3.12/site-packages/airflow/example_dags/example_xcomargs.py
[2025-02-01T07:50:03.892+0000] {logging_mixin.py:190} INFO - [2025-02-01T07:50:03.891+0000] {dag.py:3239} INFO - Sync 2 DAGs
[2025-02-01T07:50:03.916+0000] {logging_mixin.py:190} INFO - [2025-02-01T07:50:03.915+0000] {dag.py:4180} INFO - Setting next_dagrun for example_xcom_args to None, run_after=None
[2025-02-01T07:50:03.921+0000] {logging_mixin.py:190} INFO - [2025-02-01T07:50:03.921+0000] {dag.py:4180} INFO - Setting next_dagrun for example_xcom_args_with_operators to None, run_after=None
[2025-02-01T07:50:03.946+0000] {processor.py:208} INFO - Processing /home/airflow/.local/lib/python3.12/site-packages/airflow/example_dags/example_xcomargs.py took 0.114 seconds
[2025-02-01T07:50:35.749+0000] {processor.py:186} INFO - Started process (PID=1897) to work on /home/airflow/.local/lib/python3.12/site-packages/airflow/example_dags/example_xcomargs.py
[2025-02-01T07:50:35.750+0000] {processor.py:914} INFO - Processing file /home/airflow/.local/lib/python3.12/site-packages/airflow/example_dags/example_xcomargs.py for tasks to queue
[2025-02-01T07:50:35.754+0000] {logging_mixin.py:190} INFO - [2025-02-01T07:50:35.753+0000] {dagbag.py:588} INFO - Filling up the DagBag from /home/airflow/.local/lib/python3.12/site-packages/airflow/example_dags/example_xcomargs.py
[2025-02-01T07:50:35.767+0000] {processor.py:925} INFO - DAG(s) 'example_xcom_args_with_operators', 'example_xcom_args' retrieved from /home/airflow/.local/lib/python3.12/site-packages/airflow/example_dags/example_xcomargs.py
[2025-02-01T07:50:35.795+0000] {logging_mixin.py:190} INFO - [2025-02-01T07:50:35.795+0000] {dag.py:3239} INFO - Sync 2 DAGs
[2025-02-01T07:50:35.812+0000] {logging_mixin.py:190} INFO - [2025-02-01T07:50:35.812+0000] {dag.py:4180} INFO - Setting next_dagrun for example_xcom_args to None, run_after=None
[2025-02-01T07:50:35.817+0000] {logging_mixin.py:190} INFO - [2025-02-01T07:50:35.816+0000] {dag.py:4180} INFO - Setting next_dagrun for example_xcom_args_with_operators to None, run_after=None
[2025-02-01T07:50:35.838+0000] {processor.py:208} INFO - Processing /home/airflow/.local/lib/python3.12/site-packages/airflow/example_dags/example_xcomargs.py took 0.100 seconds
[2025-02-01T07:51:06.698+0000] {processor.py:186} INFO - Started process (PID=1963) to work on /home/airflow/.local/lib/python3.12/site-packages/airflow/example_dags/example_xcomargs.py
[2025-02-01T07:51:06.700+0000] {processor.py:914} INFO - Processing file /home/airflow/.local/lib/python3.12/site-packages/airflow/example_dags/example_xcomargs.py for tasks to queue
[2025-02-01T07:51:06.703+0000] {logging_mixin.py:190} INFO - [2025-02-01T07:51:06.703+0000] {dagbag.py:588} INFO - Filling up the DagBag from /home/airflow/.local/lib/python3.12/site-packages/airflow/example_dags/example_xcomargs.py
[2025-02-01T07:51:06.718+0000] {processor.py:925} INFO - DAG(s) 'example_xcom_args_with_operators', 'example_xcom_args' retrieved from /home/airflow/.local/lib/python3.12/site-packages/airflow/example_dags/example_xcomargs.py
[2025-02-01T07:51:06.746+0000] {logging_mixin.py:190} INFO - [2025-02-01T07:51:06.746+0000] {dag.py:3239} INFO - Sync 2 DAGs
[2025-02-01T07:51:06.764+0000] {logging_mixin.py:190} INFO - [2025-02-01T07:51:06.764+0000] {dag.py:4180} INFO - Setting next_dagrun for example_xcom_args to None, run_after=None
[2025-02-01T07:51:06.769+0000] {logging_mixin.py:190} INFO - [2025-02-01T07:51:06.769+0000] {dag.py:4180} INFO - Setting next_dagrun for example_xcom_args_with_operators to None, run_after=None
[2025-02-01T07:51:06.792+0000] {processor.py:208} INFO - Processing /home/airflow/.local/lib/python3.12/site-packages/airflow/example_dags/example_xcomargs.py took 0.103 seconds
[2025-02-01T07:51:37.837+0000] {processor.py:186} INFO - Started process (PID=2029) to work on /home/airflow/.local/lib/python3.12/site-packages/airflow/example_dags/example_xcomargs.py
[2025-02-01T07:51:37.839+0000] {processor.py:914} INFO - Processing file /home/airflow/.local/lib/python3.12/site-packages/airflow/example_dags/example_xcomargs.py for tasks to queue
[2025-02-01T07:51:37.842+0000] {logging_mixin.py:190} INFO - [2025-02-01T07:51:37.841+0000] {dagbag.py:588} INFO - Filling up the DagBag from /home/airflow/.local/lib/python3.12/site-packages/airflow/example_dags/example_xcomargs.py
[2025-02-01T07:51:37.855+0000] {processor.py:925} INFO - DAG(s) 'example_xcom_args_with_operators', 'example_xcom_args' retrieved from /home/airflow/.local/lib/python3.12/site-packages/airflow/example_dags/example_xcomargs.py
[2025-02-01T07:51:37.884+0000] {logging_mixin.py:190} INFO - [2025-02-01T07:51:37.883+0000] {dag.py:3239} INFO - Sync 2 DAGs
[2025-02-01T07:51:37.901+0000] {logging_mixin.py:190} INFO - [2025-02-01T07:51:37.901+0000] {dag.py:4180} INFO - Setting next_dagrun for example_xcom_args to None, run_after=None
[2025-02-01T07:51:37.906+0000] {logging_mixin.py:190} INFO - [2025-02-01T07:51:37.905+0000] {dag.py:4180} INFO - Setting next_dagrun for example_xcom_args_with_operators to None, run_after=None
[2025-02-01T07:51:37.928+0000] {processor.py:208} INFO - Processing /home/airflow/.local/lib/python3.12/site-packages/airflow/example_dags/example_xcomargs.py took 0.100 seconds
[2025-02-01T07:52:10.560+0000] {processor.py:186} INFO - Started process (PID=2095) to work on /home/airflow/.local/lib/python3.12/site-packages/airflow/example_dags/example_xcomargs.py
[2025-02-01T07:52:10.561+0000] {processor.py:914} INFO - Processing file /home/airflow/.local/lib/python3.12/site-packages/airflow/example_dags/example_xcomargs.py for tasks to queue
[2025-02-01T07:52:10.616+0000] {logging_mixin.py:190} INFO - [2025-02-01T07:52:10.615+0000] {dagbag.py:588} INFO - Filling up the DagBag from /home/airflow/.local/lib/python3.12/site-packages/airflow/example_dags/example_xcomargs.py
[2025-02-01T07:52:10.652+0000] {processor.py:925} INFO - DAG(s) 'example_xcom_args', 'example_xcom_args_with_operators' retrieved from /home/airflow/.local/lib/python3.12/site-packages/airflow/example_dags/example_xcomargs.py
[2025-02-01T07:52:10.689+0000] {logging_mixin.py:190} INFO - [2025-02-01T07:52:10.688+0000] {dag.py:3239} INFO - Sync 2 DAGs
[2025-02-01T07:52:10.716+0000] {logging_mixin.py:190} INFO - [2025-02-01T07:52:10.715+0000] {dag.py:4180} INFO - Setting next_dagrun for example_xcom_args to None, run_after=None
[2025-02-01T07:52:10.722+0000] {logging_mixin.py:190} INFO - [2025-02-01T07:52:10.722+0000] {dag.py:4180} INFO - Setting next_dagrun for example_xcom_args_with_operators to None, run_after=None
[2025-02-01T07:52:10.747+0000] {processor.py:208} INFO - Processing /home/airflow/.local/lib/python3.12/site-packages/airflow/example_dags/example_xcomargs.py took 0.197 seconds
[2025-02-01T07:52:42.684+0000] {processor.py:186} INFO - Started process (PID=2161) to work on /home/airflow/.local/lib/python3.12/site-packages/airflow/example_dags/example_xcomargs.py
[2025-02-01T07:52:42.686+0000] {processor.py:914} INFO - Processing file /home/airflow/.local/lib/python3.12/site-packages/airflow/example_dags/example_xcomargs.py for tasks to queue
[2025-02-01T07:52:42.698+0000] {logging_mixin.py:190} INFO - [2025-02-01T07:52:42.697+0000] {dagbag.py:588} INFO - Filling up the DagBag from /home/airflow/.local/lib/python3.12/site-packages/airflow/example_dags/example_xcomargs.py
[2025-02-01T07:52:42.718+0000] {processor.py:925} INFO - DAG(s) 'example_xcom_args_with_operators', 'example_xcom_args' retrieved from /home/airflow/.local/lib/python3.12/site-packages/airflow/example_dags/example_xcomargs.py
[2025-02-01T07:52:42.747+0000] {logging_mixin.py:190} INFO - [2025-02-01T07:52:42.747+0000] {dag.py:3239} INFO - Sync 2 DAGs
[2025-02-01T07:52:42.766+0000] {logging_mixin.py:190} INFO - [2025-02-01T07:52:42.766+0000] {dag.py:4180} INFO - Setting next_dagrun for example_xcom_args to None, run_after=None
[2025-02-01T07:52:42.772+0000] {logging_mixin.py:190} INFO - [2025-02-01T07:52:42.771+0000] {dag.py:4180} INFO - Setting next_dagrun for example_xcom_args_with_operators to None, run_after=None
[2025-02-01T07:52:42.797+0000] {processor.py:208} INFO - Processing /home/airflow/.local/lib/python3.12/site-packages/airflow/example_dags/example_xcomargs.py took 0.129 seconds
