[2025-02-01T07:36:54.322+0000] {processor.py:186} INFO - Started process (PID=122) to work on /home/airflow/.local/lib/python3.12/site-packages/airflow/example_dags/example_branch_labels.py
[2025-02-01T07:36:54.324+0000] {processor.py:914} INFO - Processing file /home/airflow/.local/lib/python3.12/site-packages/airflow/example_dags/example_branch_labels.py for tasks to queue
[2025-02-01T07:36:54.329+0000] {logging_mixin.py:190} INFO - [2025-02-01T07:36:54.328+0000] {dagbag.py:588} INFO - Filling up the DagBag from /home/airflow/.local/lib/python3.12/site-packages/airflow/example_dags/example_branch_labels.py
[2025-02-01T07:36:54.363+0000] {processor.py:925} INFO - DAG(s) 'example_branch_labels' retrieved from /home/airflow/.local/lib/python3.12/site-packages/airflow/example_dags/example_branch_labels.py
[2025-02-01T07:36:54.418+0000] {logging_mixin.py:190} INFO - [2025-02-01T07:36:54.417+0000] {dag.py:3239} INFO - Sync 1 DAGs
[2025-02-01T07:36:54.467+0000] {logging_mixin.py:190} INFO - [2025-02-01T07:36:54.466+0000] {dag.py:4180} INFO - Setting next_dagrun for example_branch_labels to 2025-01-31 00:00:00+00:00, run_after=2025-02-01 00:00:00+00:00
[2025-02-01T07:36:54.502+0000] {processor.py:208} INFO - Processing /home/airflow/.local/lib/python3.12/site-packages/airflow/example_dags/example_branch_labels.py took 0.192 seconds
[2025-02-01T07:37:24.954+0000] {processor.py:186} INFO - Started process (PID=196) to work on /home/airflow/.local/lib/python3.12/site-packages/airflow/example_dags/example_branch_labels.py
[2025-02-01T07:37:24.955+0000] {processor.py:914} INFO - Processing file /home/airflow/.local/lib/python3.12/site-packages/airflow/example_dags/example_branch_labels.py for tasks to queue
[2025-02-01T07:37:24.958+0000] {logging_mixin.py:190} INFO - [2025-02-01T07:37:24.958+0000] {dagbag.py:588} INFO - Filling up the DagBag from /home/airflow/.local/lib/python3.12/site-packages/airflow/example_dags/example_branch_labels.py
[2025-02-01T07:37:24.976+0000] {processor.py:925} INFO - DAG(s) 'example_branch_labels' retrieved from /home/airflow/.local/lib/python3.12/site-packages/airflow/example_dags/example_branch_labels.py
[2025-02-01T07:37:25.012+0000] {logging_mixin.py:190} INFO - [2025-02-01T07:37:25.010+0000] {dag.py:3239} INFO - Sync 1 DAGs
[2025-02-01T07:37:25.051+0000] {logging_mixin.py:190} INFO - [2025-02-01T07:37:25.050+0000] {dag.py:4180} INFO - Setting next_dagrun for example_branch_labels to 2025-01-31 00:00:00+00:00, run_after=2025-02-01 00:00:00+00:00
[2025-02-01T07:37:25.088+0000] {processor.py:208} INFO - Processing /home/airflow/.local/lib/python3.12/site-packages/airflow/example_dags/example_branch_labels.py took 0.146 seconds
[2025-02-01T07:37:56.336+0000] {processor.py:186} INFO - Started process (PID=262) to work on /home/airflow/.local/lib/python3.12/site-packages/airflow/example_dags/example_branch_labels.py
[2025-02-01T07:37:56.338+0000] {processor.py:914} INFO - Processing file /home/airflow/.local/lib/python3.12/site-packages/airflow/example_dags/example_branch_labels.py for tasks to queue
[2025-02-01T07:37:56.342+0000] {logging_mixin.py:190} INFO - [2025-02-01T07:37:56.341+0000] {dagbag.py:588} INFO - Filling up the DagBag from /home/airflow/.local/lib/python3.12/site-packages/airflow/example_dags/example_branch_labels.py
[2025-02-01T07:37:56.358+0000] {processor.py:925} INFO - DAG(s) 'example_branch_labels' retrieved from /home/airflow/.local/lib/python3.12/site-packages/airflow/example_dags/example_branch_labels.py
[2025-02-01T07:37:56.398+0000] {logging_mixin.py:190} INFO - [2025-02-01T07:37:56.398+0000] {dag.py:3239} INFO - Sync 1 DAGs
[2025-02-01T07:37:56.470+0000] {logging_mixin.py:190} INFO - [2025-02-01T07:37:56.470+0000] {dag.py:4180} INFO - Setting next_dagrun for example_branch_labels to 2025-01-31 00:00:00+00:00, run_after=2025-02-01 00:00:00+00:00
[2025-02-01T07:37:56.514+0000] {processor.py:208} INFO - Processing /home/airflow/.local/lib/python3.12/site-packages/airflow/example_dags/example_branch_labels.py took 0.187 seconds
[2025-02-01T07:38:28.429+0000] {processor.py:186} INFO - Started process (PID=328) to work on /home/airflow/.local/lib/python3.12/site-packages/airflow/example_dags/example_branch_labels.py
[2025-02-01T07:38:28.431+0000] {processor.py:914} INFO - Processing file /home/airflow/.local/lib/python3.12/site-packages/airflow/example_dags/example_branch_labels.py for tasks to queue
[2025-02-01T07:38:28.434+0000] {logging_mixin.py:190} INFO - [2025-02-01T07:38:28.434+0000] {dagbag.py:588} INFO - Filling up the DagBag from /home/airflow/.local/lib/python3.12/site-packages/airflow/example_dags/example_branch_labels.py
[2025-02-01T07:38:28.447+0000] {processor.py:925} INFO - DAG(s) 'example_branch_labels' retrieved from /home/airflow/.local/lib/python3.12/site-packages/airflow/example_dags/example_branch_labels.py
[2025-02-01T07:38:28.473+0000] {logging_mixin.py:190} INFO - [2025-02-01T07:38:28.473+0000] {dag.py:3239} INFO - Sync 1 DAGs
[2025-02-01T07:38:28.522+0000] {logging_mixin.py:190} INFO - [2025-02-01T07:38:28.522+0000] {dag.py:4180} INFO - Setting next_dagrun for example_branch_labels to 2025-01-31 00:00:00+00:00, run_after=2025-02-01 00:00:00+00:00
[2025-02-01T07:38:28.555+0000] {processor.py:208} INFO - Processing /home/airflow/.local/lib/python3.12/site-packages/airflow/example_dags/example_branch_labels.py took 0.135 seconds
[2025-02-01T07:39:00.424+0000] {processor.py:186} INFO - Started process (PID=394) to work on /home/airflow/.local/lib/python3.12/site-packages/airflow/example_dags/example_branch_labels.py
[2025-02-01T07:39:00.425+0000] {processor.py:914} INFO - Processing file /home/airflow/.local/lib/python3.12/site-packages/airflow/example_dags/example_branch_labels.py for tasks to queue
[2025-02-01T07:39:00.430+0000] {logging_mixin.py:190} INFO - [2025-02-01T07:39:00.429+0000] {dagbag.py:588} INFO - Filling up the DagBag from /home/airflow/.local/lib/python3.12/site-packages/airflow/example_dags/example_branch_labels.py
[2025-02-01T07:39:00.447+0000] {processor.py:925} INFO - DAG(s) 'example_branch_labels' retrieved from /home/airflow/.local/lib/python3.12/site-packages/airflow/example_dags/example_branch_labels.py
[2025-02-01T07:39:00.473+0000] {logging_mixin.py:190} INFO - [2025-02-01T07:39:00.473+0000] {dag.py:3239} INFO - Sync 1 DAGs
[2025-02-01T07:39:00.513+0000] {logging_mixin.py:190} INFO - [2025-02-01T07:39:00.512+0000] {dag.py:4180} INFO - Setting next_dagrun for example_branch_labels to 2025-01-31 00:00:00+00:00, run_after=2025-02-01 00:00:00+00:00
[2025-02-01T07:39:00.547+0000] {processor.py:208} INFO - Processing /home/airflow/.local/lib/python3.12/site-packages/airflow/example_dags/example_branch_labels.py took 0.133 seconds
[2025-02-01T07:39:31.594+0000] {processor.py:186} INFO - Started process (PID=460) to work on /home/airflow/.local/lib/python3.12/site-packages/airflow/example_dags/example_branch_labels.py
[2025-02-01T07:39:31.600+0000] {processor.py:914} INFO - Processing file /home/airflow/.local/lib/python3.12/site-packages/airflow/example_dags/example_branch_labels.py for tasks to queue
[2025-02-01T07:39:31.604+0000] {logging_mixin.py:190} INFO - [2025-02-01T07:39:31.603+0000] {dagbag.py:588} INFO - Filling up the DagBag from /home/airflow/.local/lib/python3.12/site-packages/airflow/example_dags/example_branch_labels.py
[2025-02-01T07:39:31.623+0000] {processor.py:925} INFO - DAG(s) 'example_branch_labels' retrieved from /home/airflow/.local/lib/python3.12/site-packages/airflow/example_dags/example_branch_labels.py
[2025-02-01T07:39:31.666+0000] {logging_mixin.py:190} INFO - [2025-02-01T07:39:31.665+0000] {dag.py:3239} INFO - Sync 1 DAGs
[2025-02-01T07:39:31.713+0000] {logging_mixin.py:190} INFO - [2025-02-01T07:39:31.713+0000] {dag.py:4180} INFO - Setting next_dagrun for example_branch_labels to 2025-01-31 00:00:00+00:00, run_after=2025-02-01 00:00:00+00:00
[2025-02-01T07:39:31.741+0000] {processor.py:208} INFO - Processing /home/airflow/.local/lib/python3.12/site-packages/airflow/example_dags/example_branch_labels.py took 0.157 seconds
[2025-02-01T07:40:02.769+0000] {processor.py:186} INFO - Started process (PID=525) to work on /home/airflow/.local/lib/python3.12/site-packages/airflow/example_dags/example_branch_labels.py
[2025-02-01T07:40:02.770+0000] {processor.py:914} INFO - Processing file /home/airflow/.local/lib/python3.12/site-packages/airflow/example_dags/example_branch_labels.py for tasks to queue
[2025-02-01T07:40:02.773+0000] {logging_mixin.py:190} INFO - [2025-02-01T07:40:02.773+0000] {dagbag.py:588} INFO - Filling up the DagBag from /home/airflow/.local/lib/python3.12/site-packages/airflow/example_dags/example_branch_labels.py
[2025-02-01T07:40:02.786+0000] {processor.py:925} INFO - DAG(s) 'example_branch_labels' retrieved from /home/airflow/.local/lib/python3.12/site-packages/airflow/example_dags/example_branch_labels.py
[2025-02-01T07:40:02.808+0000] {logging_mixin.py:190} INFO - [2025-02-01T07:40:02.808+0000] {dag.py:3239} INFO - Sync 1 DAGs
[2025-02-01T07:40:02.839+0000] {logging_mixin.py:190} INFO - [2025-02-01T07:40:02.839+0000] {dag.py:4180} INFO - Setting next_dagrun for example_branch_labels to 2025-01-31 00:00:00+00:00, run_after=2025-02-01 00:00:00+00:00
[2025-02-01T07:40:02.884+0000] {processor.py:208} INFO - Processing /home/airflow/.local/lib/python3.12/site-packages/airflow/example_dags/example_branch_labels.py took 0.125 seconds
[2025-02-01T07:40:33.860+0000] {processor.py:186} INFO - Started process (PID=591) to work on /home/airflow/.local/lib/python3.12/site-packages/airflow/example_dags/example_branch_labels.py
[2025-02-01T07:40:33.862+0000] {processor.py:914} INFO - Processing file /home/airflow/.local/lib/python3.12/site-packages/airflow/example_dags/example_branch_labels.py for tasks to queue
[2025-02-01T07:40:33.865+0000] {logging_mixin.py:190} INFO - [2025-02-01T07:40:33.864+0000] {dagbag.py:588} INFO - Filling up the DagBag from /home/airflow/.local/lib/python3.12/site-packages/airflow/example_dags/example_branch_labels.py
[2025-02-01T07:40:33.878+0000] {processor.py:925} INFO - DAG(s) 'example_branch_labels' retrieved from /home/airflow/.local/lib/python3.12/site-packages/airflow/example_dags/example_branch_labels.py
[2025-02-01T07:40:33.908+0000] {logging_mixin.py:190} INFO - [2025-02-01T07:40:33.907+0000] {dag.py:3239} INFO - Sync 1 DAGs
[2025-02-01T07:40:33.942+0000] {logging_mixin.py:190} INFO - [2025-02-01T07:40:33.942+0000] {dag.py:4180} INFO - Setting next_dagrun for example_branch_labels to 2025-01-31 00:00:00+00:00, run_after=2025-02-01 00:00:00+00:00
[2025-02-01T07:40:33.983+0000] {processor.py:208} INFO - Processing /home/airflow/.local/lib/python3.12/site-packages/airflow/example_dags/example_branch_labels.py took 0.131 seconds
[2025-02-01T07:41:05.319+0000] {processor.py:186} INFO - Started process (PID=663) to work on /home/airflow/.local/lib/python3.12/site-packages/airflow/example_dags/example_branch_labels.py
[2025-02-01T07:41:05.320+0000] {processor.py:914} INFO - Processing file /home/airflow/.local/lib/python3.12/site-packages/airflow/example_dags/example_branch_labels.py for tasks to queue
[2025-02-01T07:41:05.324+0000] {logging_mixin.py:190} INFO - [2025-02-01T07:41:05.323+0000] {dagbag.py:588} INFO - Filling up the DagBag from /home/airflow/.local/lib/python3.12/site-packages/airflow/example_dags/example_branch_labels.py
[2025-02-01T07:41:05.336+0000] {processor.py:925} INFO - DAG(s) 'example_branch_labels' retrieved from /home/airflow/.local/lib/python3.12/site-packages/airflow/example_dags/example_branch_labels.py
[2025-02-01T07:41:05.366+0000] {logging_mixin.py:190} INFO - [2025-02-01T07:41:05.366+0000] {dag.py:3239} INFO - Sync 1 DAGs
[2025-02-01T07:41:05.400+0000] {logging_mixin.py:190} INFO - [2025-02-01T07:41:05.399+0000] {dag.py:4180} INFO - Setting next_dagrun for example_branch_labels to 2025-01-31 00:00:00+00:00, run_after=2025-02-01 00:00:00+00:00
[2025-02-01T07:41:05.424+0000] {processor.py:208} INFO - Processing /home/airflow/.local/lib/python3.12/site-packages/airflow/example_dags/example_branch_labels.py took 0.114 seconds
[2025-02-01T07:41:36.878+0000] {processor.py:186} INFO - Started process (PID=729) to work on /home/airflow/.local/lib/python3.12/site-packages/airflow/example_dags/example_branch_labels.py
[2025-02-01T07:41:36.880+0000] {processor.py:914} INFO - Processing file /home/airflow/.local/lib/python3.12/site-packages/airflow/example_dags/example_branch_labels.py for tasks to queue
[2025-02-01T07:41:36.884+0000] {logging_mixin.py:190} INFO - [2025-02-01T07:41:36.884+0000] {dagbag.py:588} INFO - Filling up the DagBag from /home/airflow/.local/lib/python3.12/site-packages/airflow/example_dags/example_branch_labels.py
[2025-02-01T07:41:36.903+0000] {processor.py:925} INFO - DAG(s) 'example_branch_labels' retrieved from /home/airflow/.local/lib/python3.12/site-packages/airflow/example_dags/example_branch_labels.py
[2025-02-01T07:41:36.942+0000] {logging_mixin.py:190} INFO - [2025-02-01T07:41:36.941+0000] {dag.py:3239} INFO - Sync 1 DAGs
[2025-02-01T07:41:36.990+0000] {logging_mixin.py:190} INFO - [2025-02-01T07:41:36.989+0000] {dag.py:4180} INFO - Setting next_dagrun for example_branch_labels to 2025-01-31 00:00:00+00:00, run_after=2025-02-01 00:00:00+00:00
[2025-02-01T07:41:37.014+0000] {processor.py:208} INFO - Processing /home/airflow/.local/lib/python3.12/site-packages/airflow/example_dags/example_branch_labels.py took 0.157 seconds
[2025-02-01T07:42:08.748+0000] {processor.py:186} INFO - Started process (PID=795) to work on /home/airflow/.local/lib/python3.12/site-packages/airflow/example_dags/example_branch_labels.py
[2025-02-01T07:42:08.749+0000] {processor.py:914} INFO - Processing file /home/airflow/.local/lib/python3.12/site-packages/airflow/example_dags/example_branch_labels.py for tasks to queue
[2025-02-01T07:42:08.754+0000] {logging_mixin.py:190} INFO - [2025-02-01T07:42:08.753+0000] {dagbag.py:588} INFO - Filling up the DagBag from /home/airflow/.local/lib/python3.12/site-packages/airflow/example_dags/example_branch_labels.py
[2025-02-01T07:42:08.772+0000] {processor.py:925} INFO - DAG(s) 'example_branch_labels' retrieved from /home/airflow/.local/lib/python3.12/site-packages/airflow/example_dags/example_branch_labels.py
[2025-02-01T07:42:08.807+0000] {logging_mixin.py:190} INFO - [2025-02-01T07:42:08.807+0000] {dag.py:3239} INFO - Sync 1 DAGs
[2025-02-01T07:42:08.842+0000] {logging_mixin.py:190} INFO - [2025-02-01T07:42:08.842+0000] {dag.py:4180} INFO - Setting next_dagrun for example_branch_labels to 2025-01-31 00:00:00+00:00, run_after=2025-02-01 00:00:00+00:00
[2025-02-01T07:42:08.874+0000] {processor.py:208} INFO - Processing /home/airflow/.local/lib/python3.12/site-packages/airflow/example_dags/example_branch_labels.py took 0.136 seconds
[2025-02-01T07:42:40.082+0000] {processor.py:186} INFO - Started process (PID=861) to work on /home/airflow/.local/lib/python3.12/site-packages/airflow/example_dags/example_branch_labels.py
[2025-02-01T07:42:40.083+0000] {processor.py:914} INFO - Processing file /home/airflow/.local/lib/python3.12/site-packages/airflow/example_dags/example_branch_labels.py for tasks to queue
[2025-02-01T07:42:40.087+0000] {logging_mixin.py:190} INFO - [2025-02-01T07:42:40.087+0000] {dagbag.py:588} INFO - Filling up the DagBag from /home/airflow/.local/lib/python3.12/site-packages/airflow/example_dags/example_branch_labels.py
[2025-02-01T07:42:40.102+0000] {processor.py:925} INFO - DAG(s) 'example_branch_labels' retrieved from /home/airflow/.local/lib/python3.12/site-packages/airflow/example_dags/example_branch_labels.py
[2025-02-01T07:42:40.133+0000] {logging_mixin.py:190} INFO - [2025-02-01T07:42:40.133+0000] {dag.py:3239} INFO - Sync 1 DAGs
[2025-02-01T07:42:40.171+0000] {logging_mixin.py:190} INFO - [2025-02-01T07:42:40.170+0000] {dag.py:4180} INFO - Setting next_dagrun for example_branch_labels to 2025-01-31 00:00:00+00:00, run_after=2025-02-01 00:00:00+00:00
[2025-02-01T07:42:40.204+0000] {processor.py:208} INFO - Processing /home/airflow/.local/lib/python3.12/site-packages/airflow/example_dags/example_branch_labels.py took 0.133 seconds
[2025-02-01T07:43:11.556+0000] {processor.py:186} INFO - Started process (PID=927) to work on /home/airflow/.local/lib/python3.12/site-packages/airflow/example_dags/example_branch_labels.py
[2025-02-01T07:43:11.558+0000] {processor.py:914} INFO - Processing file /home/airflow/.local/lib/python3.12/site-packages/airflow/example_dags/example_branch_labels.py for tasks to queue
[2025-02-01T07:43:11.562+0000] {logging_mixin.py:190} INFO - [2025-02-01T07:43:11.561+0000] {dagbag.py:588} INFO - Filling up the DagBag from /home/airflow/.local/lib/python3.12/site-packages/airflow/example_dags/example_branch_labels.py
[2025-02-01T07:43:11.575+0000] {processor.py:925} INFO - DAG(s) 'example_branch_labels' retrieved from /home/airflow/.local/lib/python3.12/site-packages/airflow/example_dags/example_branch_labels.py
[2025-02-01T07:43:11.600+0000] {logging_mixin.py:190} INFO - [2025-02-01T07:43:11.600+0000] {dag.py:3239} INFO - Sync 1 DAGs
[2025-02-01T07:43:11.630+0000] {logging_mixin.py:190} INFO - [2025-02-01T07:43:11.630+0000] {dag.py:4180} INFO - Setting next_dagrun for example_branch_labels to 2025-01-31 00:00:00+00:00, run_after=2025-02-01 00:00:00+00:00
[2025-02-01T07:43:11.656+0000] {processor.py:208} INFO - Processing /home/airflow/.local/lib/python3.12/site-packages/airflow/example_dags/example_branch_labels.py took 0.108 seconds
[2025-02-01T07:43:43.191+0000] {processor.py:186} INFO - Started process (PID=993) to work on /home/airflow/.local/lib/python3.12/site-packages/airflow/example_dags/example_branch_labels.py
[2025-02-01T07:43:43.193+0000] {processor.py:914} INFO - Processing file /home/airflow/.local/lib/python3.12/site-packages/airflow/example_dags/example_branch_labels.py for tasks to queue
[2025-02-01T07:43:43.196+0000] {logging_mixin.py:190} INFO - [2025-02-01T07:43:43.196+0000] {dagbag.py:588} INFO - Filling up the DagBag from /home/airflow/.local/lib/python3.12/site-packages/airflow/example_dags/example_branch_labels.py
[2025-02-01T07:43:43.212+0000] {processor.py:925} INFO - DAG(s) 'example_branch_labels' retrieved from /home/airflow/.local/lib/python3.12/site-packages/airflow/example_dags/example_branch_labels.py
[2025-02-01T07:43:43.237+0000] {logging_mixin.py:190} INFO - [2025-02-01T07:43:43.237+0000] {dag.py:3239} INFO - Sync 1 DAGs
[2025-02-01T07:43:43.273+0000] {logging_mixin.py:190} INFO - [2025-02-01T07:43:43.273+0000] {dag.py:4180} INFO - Setting next_dagrun for example_branch_labels to 2025-01-31 00:00:00+00:00, run_after=2025-02-01 00:00:00+00:00
[2025-02-01T07:43:43.300+0000] {processor.py:208} INFO - Processing /home/airflow/.local/lib/python3.12/site-packages/airflow/example_dags/example_branch_labels.py took 0.119 seconds
[2025-02-01T07:44:15.000+0000] {processor.py:186} INFO - Started process (PID=1059) to work on /home/airflow/.local/lib/python3.12/site-packages/airflow/example_dags/example_branch_labels.py
[2025-02-01T07:44:15.001+0000] {processor.py:914} INFO - Processing file /home/airflow/.local/lib/python3.12/site-packages/airflow/example_dags/example_branch_labels.py for tasks to queue
[2025-02-01T07:44:15.005+0000] {logging_mixin.py:190} INFO - [2025-02-01T07:44:15.004+0000] {dagbag.py:588} INFO - Filling up the DagBag from /home/airflow/.local/lib/python3.12/site-packages/airflow/example_dags/example_branch_labels.py
[2025-02-01T07:44:15.019+0000] {processor.py:925} INFO - DAG(s) 'example_branch_labels' retrieved from /home/airflow/.local/lib/python3.12/site-packages/airflow/example_dags/example_branch_labels.py
[2025-02-01T07:44:15.052+0000] {logging_mixin.py:190} INFO - [2025-02-01T07:44:15.051+0000] {dag.py:3239} INFO - Sync 1 DAGs
[2025-02-01T07:44:15.088+0000] {logging_mixin.py:190} INFO - [2025-02-01T07:44:15.088+0000] {dag.py:4180} INFO - Setting next_dagrun for example_branch_labels to 2025-01-31 00:00:00+00:00, run_after=2025-02-01 00:00:00+00:00
[2025-02-01T07:44:15.116+0000] {processor.py:208} INFO - Processing /home/airflow/.local/lib/python3.12/site-packages/airflow/example_dags/example_branch_labels.py took 0.127 seconds
[2025-02-01T07:44:46.229+0000] {processor.py:186} INFO - Started process (PID=1125) to work on /home/airflow/.local/lib/python3.12/site-packages/airflow/example_dags/example_branch_labels.py
[2025-02-01T07:44:46.230+0000] {processor.py:914} INFO - Processing file /home/airflow/.local/lib/python3.12/site-packages/airflow/example_dags/example_branch_labels.py for tasks to queue
[2025-02-01T07:44:46.234+0000] {logging_mixin.py:190} INFO - [2025-02-01T07:44:46.234+0000] {dagbag.py:588} INFO - Filling up the DagBag from /home/airflow/.local/lib/python3.12/site-packages/airflow/example_dags/example_branch_labels.py
[2025-02-01T07:44:46.248+0000] {processor.py:925} INFO - DAG(s) 'example_branch_labels' retrieved from /home/airflow/.local/lib/python3.12/site-packages/airflow/example_dags/example_branch_labels.py
[2025-02-01T07:44:46.279+0000] {logging_mixin.py:190} INFO - [2025-02-01T07:44:46.279+0000] {dag.py:3239} INFO - Sync 1 DAGs
[2025-02-01T07:44:46.315+0000] {logging_mixin.py:190} INFO - [2025-02-01T07:44:46.315+0000] {dag.py:4180} INFO - Setting next_dagrun for example_branch_labels to 2025-01-31 00:00:00+00:00, run_after=2025-02-01 00:00:00+00:00
[2025-02-01T07:44:46.340+0000] {processor.py:208} INFO - Processing /home/airflow/.local/lib/python3.12/site-packages/airflow/example_dags/example_branch_labels.py took 0.123 seconds
[2025-02-01T07:45:17.502+0000] {processor.py:186} INFO - Started process (PID=1191) to work on /home/airflow/.local/lib/python3.12/site-packages/airflow/example_dags/example_branch_labels.py
[2025-02-01T07:45:17.503+0000] {processor.py:914} INFO - Processing file /home/airflow/.local/lib/python3.12/site-packages/airflow/example_dags/example_branch_labels.py for tasks to queue
[2025-02-01T07:45:17.507+0000] {logging_mixin.py:190} INFO - [2025-02-01T07:45:17.506+0000] {dagbag.py:588} INFO - Filling up the DagBag from /home/airflow/.local/lib/python3.12/site-packages/airflow/example_dags/example_branch_labels.py
[2025-02-01T07:45:17.523+0000] {processor.py:925} INFO - DAG(s) 'example_branch_labels' retrieved from /home/airflow/.local/lib/python3.12/site-packages/airflow/example_dags/example_branch_labels.py
[2025-02-01T07:45:17.550+0000] {logging_mixin.py:190} INFO - [2025-02-01T07:45:17.550+0000] {dag.py:3239} INFO - Sync 1 DAGs
[2025-02-01T07:45:17.585+0000] {logging_mixin.py:190} INFO - [2025-02-01T07:45:17.585+0000] {dag.py:4180} INFO - Setting next_dagrun for example_branch_labels to 2025-01-31 00:00:00+00:00, run_after=2025-02-01 00:00:00+00:00
[2025-02-01T07:45:17.617+0000] {processor.py:208} INFO - Processing /home/airflow/.local/lib/python3.12/site-packages/airflow/example_dags/example_branch_labels.py took 0.125 seconds
[2025-02-01T07:45:47.776+0000] {processor.py:186} INFO - Started process (PID=1256) to work on /home/airflow/.local/lib/python3.12/site-packages/airflow/example_dags/example_branch_labels.py
[2025-02-01T07:45:47.778+0000] {processor.py:914} INFO - Processing file /home/airflow/.local/lib/python3.12/site-packages/airflow/example_dags/example_branch_labels.py for tasks to queue
[2025-02-01T07:45:47.785+0000] {logging_mixin.py:190} INFO - [2025-02-01T07:45:47.784+0000] {dagbag.py:588} INFO - Filling up the DagBag from /home/airflow/.local/lib/python3.12/site-packages/airflow/example_dags/example_branch_labels.py
[2025-02-01T07:45:47.801+0000] {processor.py:925} INFO - DAG(s) 'example_branch_labels' retrieved from /home/airflow/.local/lib/python3.12/site-packages/airflow/example_dags/example_branch_labels.py
[2025-02-01T07:45:47.832+0000] {logging_mixin.py:190} INFO - [2025-02-01T07:45:47.832+0000] {dag.py:3239} INFO - Sync 1 DAGs
[2025-02-01T07:45:47.882+0000] {logging_mixin.py:190} INFO - [2025-02-01T07:45:47.881+0000] {dag.py:4180} INFO - Setting next_dagrun for example_branch_labels to 2025-01-31 00:00:00+00:00, run_after=2025-02-01 00:00:00+00:00
[2025-02-01T07:45:47.924+0000] {processor.py:208} INFO - Processing /home/airflow/.local/lib/python3.12/site-packages/airflow/example_dags/example_branch_labels.py took 0.159 seconds
[2025-02-01T07:46:18.027+0000] {processor.py:186} INFO - Started process (PID=1321) to work on /home/airflow/.local/lib/python3.12/site-packages/airflow/example_dags/example_branch_labels.py
[2025-02-01T07:46:18.029+0000] {processor.py:914} INFO - Processing file /home/airflow/.local/lib/python3.12/site-packages/airflow/example_dags/example_branch_labels.py for tasks to queue
[2025-02-01T07:46:18.032+0000] {logging_mixin.py:190} INFO - [2025-02-01T07:46:18.031+0000] {dagbag.py:588} INFO - Filling up the DagBag from /home/airflow/.local/lib/python3.12/site-packages/airflow/example_dags/example_branch_labels.py
[2025-02-01T07:46:18.046+0000] {processor.py:925} INFO - DAG(s) 'example_branch_labels' retrieved from /home/airflow/.local/lib/python3.12/site-packages/airflow/example_dags/example_branch_labels.py
[2025-02-01T07:46:18.071+0000] {logging_mixin.py:190} INFO - [2025-02-01T07:46:18.070+0000] {dag.py:3239} INFO - Sync 1 DAGs
[2025-02-01T07:46:18.125+0000] {logging_mixin.py:190} INFO - [2025-02-01T07:46:18.124+0000] {dag.py:4180} INFO - Setting next_dagrun for example_branch_labels to 2025-01-31 00:00:00+00:00, run_after=2025-02-01 00:00:00+00:00
[2025-02-01T07:46:18.159+0000] {processor.py:208} INFO - Processing /home/airflow/.local/lib/python3.12/site-packages/airflow/example_dags/example_branch_labels.py took 0.144 seconds
[2025-02-01T07:46:48.796+0000] {processor.py:186} INFO - Started process (PID=1387) to work on /home/airflow/.local/lib/python3.12/site-packages/airflow/example_dags/example_branch_labels.py
[2025-02-01T07:46:48.798+0000] {processor.py:914} INFO - Processing file /home/airflow/.local/lib/python3.12/site-packages/airflow/example_dags/example_branch_labels.py for tasks to queue
[2025-02-01T07:46:48.802+0000] {logging_mixin.py:190} INFO - [2025-02-01T07:46:48.801+0000] {dagbag.py:588} INFO - Filling up the DagBag from /home/airflow/.local/lib/python3.12/site-packages/airflow/example_dags/example_branch_labels.py
[2025-02-01T07:46:48.819+0000] {processor.py:925} INFO - DAG(s) 'example_branch_labels' retrieved from /home/airflow/.local/lib/python3.12/site-packages/airflow/example_dags/example_branch_labels.py
[2025-02-01T07:46:48.869+0000] {logging_mixin.py:190} INFO - [2025-02-01T07:46:48.869+0000] {dag.py:3239} INFO - Sync 1 DAGs
[2025-02-01T07:46:48.918+0000] {logging_mixin.py:190} INFO - [2025-02-01T07:46:48.917+0000] {dag.py:4180} INFO - Setting next_dagrun for example_branch_labels to 2025-01-31 00:00:00+00:00, run_after=2025-02-01 00:00:00+00:00
[2025-02-01T07:46:48.947+0000] {processor.py:208} INFO - Processing /home/airflow/.local/lib/python3.12/site-packages/airflow/example_dags/example_branch_labels.py took 0.163 seconds
[2025-02-01T07:47:19.396+0000] {processor.py:186} INFO - Started process (PID=1452) to work on /home/airflow/.local/lib/python3.12/site-packages/airflow/example_dags/example_branch_labels.py
[2025-02-01T07:47:19.397+0000] {processor.py:914} INFO - Processing file /home/airflow/.local/lib/python3.12/site-packages/airflow/example_dags/example_branch_labels.py for tasks to queue
[2025-02-01T07:47:19.401+0000] {logging_mixin.py:190} INFO - [2025-02-01T07:47:19.400+0000] {dagbag.py:588} INFO - Filling up the DagBag from /home/airflow/.local/lib/python3.12/site-packages/airflow/example_dags/example_branch_labels.py
[2025-02-01T07:47:19.416+0000] {processor.py:925} INFO - DAG(s) 'example_branch_labels' retrieved from /home/airflow/.local/lib/python3.12/site-packages/airflow/example_dags/example_branch_labels.py
[2025-02-01T07:47:19.447+0000] {logging_mixin.py:190} INFO - [2025-02-01T07:47:19.447+0000] {dag.py:3239} INFO - Sync 1 DAGs
[2025-02-01T07:47:19.479+0000] {logging_mixin.py:190} INFO - [2025-02-01T07:47:19.479+0000] {dag.py:4180} INFO - Setting next_dagrun for example_branch_labels to 2025-01-31 00:00:00+00:00, run_after=2025-02-01 00:00:00+00:00
[2025-02-01T07:47:19.511+0000] {processor.py:208} INFO - Processing /home/airflow/.local/lib/python3.12/site-packages/airflow/example_dags/example_branch_labels.py took 0.127 seconds
[2025-02-01T07:47:49.975+0000] {processor.py:186} INFO - Started process (PID=1518) to work on /home/airflow/.local/lib/python3.12/site-packages/airflow/example_dags/example_branch_labels.py
[2025-02-01T07:47:49.976+0000] {processor.py:914} INFO - Processing file /home/airflow/.local/lib/python3.12/site-packages/airflow/example_dags/example_branch_labels.py for tasks to queue
[2025-02-01T07:47:49.981+0000] {logging_mixin.py:190} INFO - [2025-02-01T07:47:49.981+0000] {dagbag.py:588} INFO - Filling up the DagBag from /home/airflow/.local/lib/python3.12/site-packages/airflow/example_dags/example_branch_labels.py
[2025-02-01T07:47:49.996+0000] {processor.py:925} INFO - DAG(s) 'example_branch_labels' retrieved from /home/airflow/.local/lib/python3.12/site-packages/airflow/example_dags/example_branch_labels.py
[2025-02-01T07:47:50.025+0000] {logging_mixin.py:190} INFO - [2025-02-01T07:47:50.024+0000] {dag.py:3239} INFO - Sync 1 DAGs
[2025-02-01T07:47:50.061+0000] {logging_mixin.py:190} INFO - [2025-02-01T07:47:50.061+0000] {dag.py:4180} INFO - Setting next_dagrun for example_branch_labels to 2025-01-31 00:00:00+00:00, run_after=2025-02-01 00:00:00+00:00
[2025-02-01T07:47:50.088+0000] {processor.py:208} INFO - Processing /home/airflow/.local/lib/python3.12/site-packages/airflow/example_dags/example_branch_labels.py took 0.126 seconds
[2025-02-01T07:48:20.744+0000] {processor.py:186} INFO - Started process (PID=1584) to work on /home/airflow/.local/lib/python3.12/site-packages/airflow/example_dags/example_branch_labels.py
[2025-02-01T07:48:20.746+0000] {processor.py:914} INFO - Processing file /home/airflow/.local/lib/python3.12/site-packages/airflow/example_dags/example_branch_labels.py for tasks to queue
[2025-02-01T07:48:20.749+0000] {logging_mixin.py:190} INFO - [2025-02-01T07:48:20.749+0000] {dagbag.py:588} INFO - Filling up the DagBag from /home/airflow/.local/lib/python3.12/site-packages/airflow/example_dags/example_branch_labels.py
[2025-02-01T07:48:20.767+0000] {processor.py:925} INFO - DAG(s) 'example_branch_labels' retrieved from /home/airflow/.local/lib/python3.12/site-packages/airflow/example_dags/example_branch_labels.py
[2025-02-01T07:48:20.805+0000] {logging_mixin.py:190} INFO - [2025-02-01T07:48:20.804+0000] {dag.py:3239} INFO - Sync 1 DAGs
[2025-02-01T07:48:20.847+0000] {logging_mixin.py:190} INFO - [2025-02-01T07:48:20.847+0000] {dag.py:4180} INFO - Setting next_dagrun for example_branch_labels to 2025-01-31 00:00:00+00:00, run_after=2025-02-01 00:00:00+00:00
[2025-02-01T07:48:20.899+0000] {processor.py:208} INFO - Processing /home/airflow/.local/lib/python3.12/site-packages/airflow/example_dags/example_branch_labels.py took 0.165 seconds
[2025-02-01T07:48:51.233+0000] {processor.py:186} INFO - Started process (PID=1650) to work on /home/airflow/.local/lib/python3.12/site-packages/airflow/example_dags/example_branch_labels.py
[2025-02-01T07:48:51.235+0000] {processor.py:914} INFO - Processing file /home/airflow/.local/lib/python3.12/site-packages/airflow/example_dags/example_branch_labels.py for tasks to queue
[2025-02-01T07:48:51.239+0000] {logging_mixin.py:190} INFO - [2025-02-01T07:48:51.239+0000] {dagbag.py:588} INFO - Filling up the DagBag from /home/airflow/.local/lib/python3.12/site-packages/airflow/example_dags/example_branch_labels.py
[2025-02-01T07:48:51.259+0000] {processor.py:925} INFO - DAG(s) 'example_branch_labels' retrieved from /home/airflow/.local/lib/python3.12/site-packages/airflow/example_dags/example_branch_labels.py
[2025-02-01T07:48:51.287+0000] {logging_mixin.py:190} INFO - [2025-02-01T07:48:51.287+0000] {dag.py:3239} INFO - Sync 1 DAGs
[2025-02-01T07:48:51.318+0000] {logging_mixin.py:190} INFO - [2025-02-01T07:48:51.318+0000] {dag.py:4180} INFO - Setting next_dagrun for example_branch_labels to 2025-01-31 00:00:00+00:00, run_after=2025-02-01 00:00:00+00:00
[2025-02-01T07:48:51.350+0000] {processor.py:208} INFO - Processing /home/airflow/.local/lib/python3.12/site-packages/airflow/example_dags/example_branch_labels.py took 0.131 seconds
[2025-02-01T07:49:22.386+0000] {processor.py:186} INFO - Started process (PID=1716) to work on /home/airflow/.local/lib/python3.12/site-packages/airflow/example_dags/example_branch_labels.py
[2025-02-01T07:49:22.387+0000] {processor.py:914} INFO - Processing file /home/airflow/.local/lib/python3.12/site-packages/airflow/example_dags/example_branch_labels.py for tasks to queue
[2025-02-01T07:49:22.390+0000] {logging_mixin.py:190} INFO - [2025-02-01T07:49:22.390+0000] {dagbag.py:588} INFO - Filling up the DagBag from /home/airflow/.local/lib/python3.12/site-packages/airflow/example_dags/example_branch_labels.py
[2025-02-01T07:49:22.406+0000] {processor.py:925} INFO - DAG(s) 'example_branch_labels' retrieved from /home/airflow/.local/lib/python3.12/site-packages/airflow/example_dags/example_branch_labels.py
[2025-02-01T07:49:22.441+0000] {logging_mixin.py:190} INFO - [2025-02-01T07:49:22.440+0000] {dag.py:3239} INFO - Sync 1 DAGs
[2025-02-01T07:49:22.483+0000] {logging_mixin.py:190} INFO - [2025-02-01T07:49:22.483+0000] {dag.py:4180} INFO - Setting next_dagrun for example_branch_labels to 2025-01-31 00:00:00+00:00, run_after=2025-02-01 00:00:00+00:00
[2025-02-01T07:49:22.509+0000] {processor.py:208} INFO - Processing /home/airflow/.local/lib/python3.12/site-packages/airflow/example_dags/example_branch_labels.py took 0.135 seconds
[2025-02-01T07:49:53.360+0000] {processor.py:186} INFO - Started process (PID=1782) to work on /home/airflow/.local/lib/python3.12/site-packages/airflow/example_dags/example_branch_labels.py
[2025-02-01T07:49:53.361+0000] {processor.py:914} INFO - Processing file /home/airflow/.local/lib/python3.12/site-packages/airflow/example_dags/example_branch_labels.py for tasks to queue
[2025-02-01T07:49:53.367+0000] {logging_mixin.py:190} INFO - [2025-02-01T07:49:53.364+0000] {dagbag.py:588} INFO - Filling up the DagBag from /home/airflow/.local/lib/python3.12/site-packages/airflow/example_dags/example_branch_labels.py
[2025-02-01T07:49:53.383+0000] {processor.py:925} INFO - DAG(s) 'example_branch_labels' retrieved from /home/airflow/.local/lib/python3.12/site-packages/airflow/example_dags/example_branch_labels.py
[2025-02-01T07:49:53.409+0000] {logging_mixin.py:190} INFO - [2025-02-01T07:49:53.409+0000] {dag.py:3239} INFO - Sync 1 DAGs
[2025-02-01T07:49:53.441+0000] {logging_mixin.py:190} INFO - [2025-02-01T07:49:53.440+0000] {dag.py:4180} INFO - Setting next_dagrun for example_branch_labels to 2025-01-31 00:00:00+00:00, run_after=2025-02-01 00:00:00+00:00
[2025-02-01T07:49:53.478+0000] {processor.py:208} INFO - Processing /home/airflow/.local/lib/python3.12/site-packages/airflow/example_dags/example_branch_labels.py took 0.129 seconds
[2025-02-01T07:50:23.886+0000] {processor.py:186} INFO - Started process (PID=1847) to work on /home/airflow/.local/lib/python3.12/site-packages/airflow/example_dags/example_branch_labels.py
[2025-02-01T07:50:23.887+0000] {processor.py:914} INFO - Processing file /home/airflow/.local/lib/python3.12/site-packages/airflow/example_dags/example_branch_labels.py for tasks to queue
[2025-02-01T07:50:23.891+0000] {logging_mixin.py:190} INFO - [2025-02-01T07:50:23.890+0000] {dagbag.py:588} INFO - Filling up the DagBag from /home/airflow/.local/lib/python3.12/site-packages/airflow/example_dags/example_branch_labels.py
[2025-02-01T07:50:23.911+0000] {processor.py:925} INFO - DAG(s) 'example_branch_labels' retrieved from /home/airflow/.local/lib/python3.12/site-packages/airflow/example_dags/example_branch_labels.py
[2025-02-01T07:50:23.939+0000] {logging_mixin.py:190} INFO - [2025-02-01T07:50:23.939+0000] {dag.py:3239} INFO - Sync 1 DAGs
[2025-02-01T07:50:23.972+0000] {logging_mixin.py:190} INFO - [2025-02-01T07:50:23.971+0000] {dag.py:4180} INFO - Setting next_dagrun for example_branch_labels to 2025-01-31 00:00:00+00:00, run_after=2025-02-01 00:00:00+00:00
[2025-02-01T07:50:23.997+0000] {processor.py:208} INFO - Processing /home/airflow/.local/lib/python3.12/site-packages/airflow/example_dags/example_branch_labels.py took 0.125 seconds
[2025-02-01T07:50:54.076+0000] {processor.py:186} INFO - Started process (PID=1913) to work on /home/airflow/.local/lib/python3.12/site-packages/airflow/example_dags/example_branch_labels.py
[2025-02-01T07:50:54.078+0000] {processor.py:914} INFO - Processing file /home/airflow/.local/lib/python3.12/site-packages/airflow/example_dags/example_branch_labels.py for tasks to queue
[2025-02-01T07:50:54.082+0000] {logging_mixin.py:190} INFO - [2025-02-01T07:50:54.081+0000] {dagbag.py:588} INFO - Filling up the DagBag from /home/airflow/.local/lib/python3.12/site-packages/airflow/example_dags/example_branch_labels.py
[2025-02-01T07:50:54.094+0000] {processor.py:925} INFO - DAG(s) 'example_branch_labels' retrieved from /home/airflow/.local/lib/python3.12/site-packages/airflow/example_dags/example_branch_labels.py
[2025-02-01T07:50:54.123+0000] {logging_mixin.py:190} INFO - [2025-02-01T07:50:54.123+0000] {dag.py:3239} INFO - Sync 1 DAGs
[2025-02-01T07:50:54.164+0000] {logging_mixin.py:190} INFO - [2025-02-01T07:50:54.163+0000] {dag.py:4180} INFO - Setting next_dagrun for example_branch_labels to 2025-01-31 00:00:00+00:00, run_after=2025-02-01 00:00:00+00:00
[2025-02-01T07:50:54.188+0000] {processor.py:208} INFO - Processing /home/airflow/.local/lib/python3.12/site-packages/airflow/example_dags/example_branch_labels.py took 0.124 seconds
[2025-02-01T07:51:25.139+0000] {processor.py:186} INFO - Started process (PID=1979) to work on /home/airflow/.local/lib/python3.12/site-packages/airflow/example_dags/example_branch_labels.py
[2025-02-01T07:51:25.140+0000] {processor.py:914} INFO - Processing file /home/airflow/.local/lib/python3.12/site-packages/airflow/example_dags/example_branch_labels.py for tasks to queue
[2025-02-01T07:51:25.144+0000] {logging_mixin.py:190} INFO - [2025-02-01T07:51:25.144+0000] {dagbag.py:588} INFO - Filling up the DagBag from /home/airflow/.local/lib/python3.12/site-packages/airflow/example_dags/example_branch_labels.py
[2025-02-01T07:51:25.158+0000] {processor.py:925} INFO - DAG(s) 'example_branch_labels' retrieved from /home/airflow/.local/lib/python3.12/site-packages/airflow/example_dags/example_branch_labels.py
[2025-02-01T07:51:25.187+0000] {logging_mixin.py:190} INFO - [2025-02-01T07:51:25.186+0000] {dag.py:3239} INFO - Sync 1 DAGs
[2025-02-01T07:51:25.220+0000] {logging_mixin.py:190} INFO - [2025-02-01T07:51:25.220+0000] {dag.py:4180} INFO - Setting next_dagrun for example_branch_labels to 2025-01-31 00:00:00+00:00, run_after=2025-02-01 00:00:00+00:00
[2025-02-01T07:51:25.245+0000] {processor.py:208} INFO - Processing /home/airflow/.local/lib/python3.12/site-packages/airflow/example_dags/example_branch_labels.py took 0.117 seconds
[2025-02-01T07:51:55.660+0000] {processor.py:186} INFO - Started process (PID=2045) to work on /home/airflow/.local/lib/python3.12/site-packages/airflow/example_dags/example_branch_labels.py
[2025-02-01T07:51:55.661+0000] {processor.py:914} INFO - Processing file /home/airflow/.local/lib/python3.12/site-packages/airflow/example_dags/example_branch_labels.py for tasks to queue
[2025-02-01T07:51:55.665+0000] {logging_mixin.py:190} INFO - [2025-02-01T07:51:55.665+0000] {dagbag.py:588} INFO - Filling up the DagBag from /home/airflow/.local/lib/python3.12/site-packages/airflow/example_dags/example_branch_labels.py
[2025-02-01T07:51:55.678+0000] {processor.py:925} INFO - DAG(s) 'example_branch_labels' retrieved from /home/airflow/.local/lib/python3.12/site-packages/airflow/example_dags/example_branch_labels.py
[2025-02-01T07:51:55.703+0000] {logging_mixin.py:190} INFO - [2025-02-01T07:51:55.702+0000] {dag.py:3239} INFO - Sync 1 DAGs
[2025-02-01T07:51:55.734+0000] {logging_mixin.py:190} INFO - [2025-02-01T07:51:55.734+0000] {dag.py:4180} INFO - Setting next_dagrun for example_branch_labels to 2025-01-31 00:00:00+00:00, run_after=2025-02-01 00:00:00+00:00
[2025-02-01T07:51:55.757+0000] {processor.py:208} INFO - Processing /home/airflow/.local/lib/python3.12/site-packages/airflow/example_dags/example_branch_labels.py took 0.108 seconds
[2025-02-01T07:52:25.920+0000] {processor.py:186} INFO - Started process (PID=2111) to work on /home/airflow/.local/lib/python3.12/site-packages/airflow/example_dags/example_branch_labels.py
[2025-02-01T07:52:25.922+0000] {processor.py:914} INFO - Processing file /home/airflow/.local/lib/python3.12/site-packages/airflow/example_dags/example_branch_labels.py for tasks to queue
[2025-02-01T07:52:25.925+0000] {logging_mixin.py:190} INFO - [2025-02-01T07:52:25.925+0000] {dagbag.py:588} INFO - Filling up the DagBag from /home/airflow/.local/lib/python3.12/site-packages/airflow/example_dags/example_branch_labels.py
[2025-02-01T07:52:25.945+0000] {processor.py:925} INFO - DAG(s) 'example_branch_labels' retrieved from /home/airflow/.local/lib/python3.12/site-packages/airflow/example_dags/example_branch_labels.py
[2025-02-01T07:52:25.980+0000] {logging_mixin.py:190} INFO - [2025-02-01T07:52:25.979+0000] {dag.py:3239} INFO - Sync 1 DAGs
[2025-02-01T07:52:26.012+0000] {logging_mixin.py:190} INFO - [2025-02-01T07:52:26.012+0000] {dag.py:4180} INFO - Setting next_dagrun for example_branch_labels to 2025-01-31 00:00:00+00:00, run_after=2025-02-01 00:00:00+00:00
[2025-02-01T07:52:26.040+0000] {processor.py:208} INFO - Processing /home/airflow/.local/lib/python3.12/site-packages/airflow/example_dags/example_branch_labels.py took 0.131 seconds
[2025-02-01T07:52:56.382+0000] {processor.py:186} INFO - Started process (PID=2177) to work on /home/airflow/.local/lib/python3.12/site-packages/airflow/example_dags/example_branch_labels.py
[2025-02-01T07:52:56.383+0000] {processor.py:914} INFO - Processing file /home/airflow/.local/lib/python3.12/site-packages/airflow/example_dags/example_branch_labels.py for tasks to queue
[2025-02-01T07:52:56.388+0000] {logging_mixin.py:190} INFO - [2025-02-01T07:52:56.387+0000] {dagbag.py:588} INFO - Filling up the DagBag from /home/airflow/.local/lib/python3.12/site-packages/airflow/example_dags/example_branch_labels.py
[2025-02-01T07:52:56.407+0000] {processor.py:925} INFO - DAG(s) 'example_branch_labels' retrieved from /home/airflow/.local/lib/python3.12/site-packages/airflow/example_dags/example_branch_labels.py
[2025-02-01T07:52:56.451+0000] {logging_mixin.py:190} INFO - [2025-02-01T07:52:56.450+0000] {dag.py:3239} INFO - Sync 1 DAGs
[2025-02-01T07:52:56.488+0000] {logging_mixin.py:190} INFO - [2025-02-01T07:52:56.488+0000] {dag.py:4180} INFO - Setting next_dagrun for example_branch_labels to 2025-01-31 00:00:00+00:00, run_after=2025-02-01 00:00:00+00:00
[2025-02-01T07:52:56.524+0000] {processor.py:208} INFO - Processing /home/airflow/.local/lib/python3.12/site-packages/airflow/example_dags/example_branch_labels.py took 0.154 seconds
