[2025-02-01T07:37:00.983+0000] {processor.py:186} INFO - Started process (PID=163) to work on /home/airflow/.local/lib/python3.12/site-packages/airflow/example_dags/tutorial_dag.py
[2025-02-01T07:37:00.984+0000] {processor.py:914} INFO - Processing file /home/airflow/.local/lib/python3.12/site-packages/airflow/example_dags/tutorial_dag.py for tasks to queue
[2025-02-01T07:37:00.988+0000] {logging_mixin.py:190} INFO - [2025-02-01T07:37:00.988+0000] {dagbag.py:588} INFO - Filling up the DagBag from /home/airflow/.local/lib/python3.12/site-packages/airflow/example_dags/tutorial_dag.py
[2025-02-01T07:37:01.002+0000] {processor.py:925} INFO - DAG(s) 'tutorial_dag' retrieved from /home/airflow/.local/lib/python3.12/site-packages/airflow/example_dags/tutorial_dag.py
[2025-02-01T07:37:01.030+0000] {logging_mixin.py:190} INFO - [2025-02-01T07:37:01.030+0000] {dag.py:3239} INFO - Sync 1 DAGs
[2025-02-01T07:37:01.052+0000] {logging_mixin.py:190} INFO - [2025-02-01T07:37:01.051+0000] {dag.py:4180} INFO - Setting next_dagrun for tutorial_dag to None, run_after=None
[2025-02-01T07:37:01.075+0000] {processor.py:208} INFO - Processing /home/airflow/.local/lib/python3.12/site-packages/airflow/example_dags/tutorial_dag.py took 0.102 seconds
[2025-02-01T07:37:32.120+0000] {processor.py:186} INFO - Started process (PID=229) to work on /home/airflow/.local/lib/python3.12/site-packages/airflow/example_dags/tutorial_dag.py
[2025-02-01T07:37:32.121+0000] {processor.py:914} INFO - Processing file /home/airflow/.local/lib/python3.12/site-packages/airflow/example_dags/tutorial_dag.py for tasks to queue
[2025-02-01T07:37:32.130+0000] {logging_mixin.py:190} INFO - [2025-02-01T07:37:32.130+0000] {dagbag.py:588} INFO - Filling up the DagBag from /home/airflow/.local/lib/python3.12/site-packages/airflow/example_dags/tutorial_dag.py
[2025-02-01T07:37:32.141+0000] {processor.py:925} INFO - DAG(s) 'tutorial_dag' retrieved from /home/airflow/.local/lib/python3.12/site-packages/airflow/example_dags/tutorial_dag.py
[2025-02-01T07:37:32.167+0000] {logging_mixin.py:190} INFO - [2025-02-01T07:37:32.167+0000] {dag.py:3239} INFO - Sync 1 DAGs
[2025-02-01T07:37:32.186+0000] {logging_mixin.py:190} INFO - [2025-02-01T07:37:32.186+0000] {dag.py:4180} INFO - Setting next_dagrun for tutorial_dag to None, run_after=None
[2025-02-01T07:37:32.212+0000] {processor.py:208} INFO - Processing /home/airflow/.local/lib/python3.12/site-packages/airflow/example_dags/tutorial_dag.py took 0.108 seconds
[2025-02-01T07:38:02.461+0000] {processor.py:186} INFO - Started process (PID=295) to work on /home/airflow/.local/lib/python3.12/site-packages/airflow/example_dags/tutorial_dag.py
[2025-02-01T07:38:02.463+0000] {processor.py:914} INFO - Processing file /home/airflow/.local/lib/python3.12/site-packages/airflow/example_dags/tutorial_dag.py for tasks to queue
[2025-02-01T07:38:02.466+0000] {logging_mixin.py:190} INFO - [2025-02-01T07:38:02.466+0000] {dagbag.py:588} INFO - Filling up the DagBag from /home/airflow/.local/lib/python3.12/site-packages/airflow/example_dags/tutorial_dag.py
[2025-02-01T07:38:02.476+0000] {processor.py:925} INFO - DAG(s) 'tutorial_dag' retrieved from /home/airflow/.local/lib/python3.12/site-packages/airflow/example_dags/tutorial_dag.py
[2025-02-01T07:38:02.500+0000] {logging_mixin.py:190} INFO - [2025-02-01T07:38:02.500+0000] {dag.py:3239} INFO - Sync 1 DAGs
[2025-02-01T07:38:02.519+0000] {logging_mixin.py:190} INFO - [2025-02-01T07:38:02.519+0000] {dag.py:4180} INFO - Setting next_dagrun for tutorial_dag to None, run_after=None
[2025-02-01T07:38:02.567+0000] {processor.py:208} INFO - Processing /home/airflow/.local/lib/python3.12/site-packages/airflow/example_dags/tutorial_dag.py took 0.116 seconds
[2025-02-01T07:38:32.848+0000] {processor.py:186} INFO - Started process (PID=360) to work on /home/airflow/.local/lib/python3.12/site-packages/airflow/example_dags/tutorial_dag.py
[2025-02-01T07:38:32.849+0000] {processor.py:914} INFO - Processing file /home/airflow/.local/lib/python3.12/site-packages/airflow/example_dags/tutorial_dag.py for tasks to queue
[2025-02-01T07:38:32.852+0000] {logging_mixin.py:190} INFO - [2025-02-01T07:38:32.852+0000] {dagbag.py:588} INFO - Filling up the DagBag from /home/airflow/.local/lib/python3.12/site-packages/airflow/example_dags/tutorial_dag.py
[2025-02-01T07:38:32.870+0000] {processor.py:925} INFO - DAG(s) 'tutorial_dag' retrieved from /home/airflow/.local/lib/python3.12/site-packages/airflow/example_dags/tutorial_dag.py
[2025-02-01T07:38:32.905+0000] {logging_mixin.py:190} INFO - [2025-02-01T07:38:32.904+0000] {dag.py:3239} INFO - Sync 1 DAGs
[2025-02-01T07:38:32.927+0000] {logging_mixin.py:190} INFO - [2025-02-01T07:38:32.927+0000] {dag.py:4180} INFO - Setting next_dagrun for tutorial_dag to None, run_after=None
[2025-02-01T07:38:32.974+0000] {processor.py:208} INFO - Processing /home/airflow/.local/lib/python3.12/site-packages/airflow/example_dags/tutorial_dag.py took 0.135 seconds
[2025-02-01T07:39:03.743+0000] {processor.py:186} INFO - Started process (PID=425) to work on /home/airflow/.local/lib/python3.12/site-packages/airflow/example_dags/tutorial_dag.py
[2025-02-01T07:39:03.745+0000] {processor.py:914} INFO - Processing file /home/airflow/.local/lib/python3.12/site-packages/airflow/example_dags/tutorial_dag.py for tasks to queue
[2025-02-01T07:39:03.748+0000] {logging_mixin.py:190} INFO - [2025-02-01T07:39:03.747+0000] {dagbag.py:588} INFO - Filling up the DagBag from /home/airflow/.local/lib/python3.12/site-packages/airflow/example_dags/tutorial_dag.py
[2025-02-01T07:39:03.759+0000] {processor.py:925} INFO - DAG(s) 'tutorial_dag' retrieved from /home/airflow/.local/lib/python3.12/site-packages/airflow/example_dags/tutorial_dag.py
[2025-02-01T07:39:03.788+0000] {logging_mixin.py:190} INFO - [2025-02-01T07:39:03.788+0000] {dag.py:3239} INFO - Sync 1 DAGs
[2025-02-01T07:39:03.806+0000] {logging_mixin.py:190} INFO - [2025-02-01T07:39:03.805+0000] {dag.py:4180} INFO - Setting next_dagrun for tutorial_dag to None, run_after=None
[2025-02-01T07:39:03.831+0000] {processor.py:208} INFO - Processing /home/airflow/.local/lib/python3.12/site-packages/airflow/example_dags/tutorial_dag.py took 0.096 seconds
[2025-02-01T07:39:35.891+0000] {processor.py:186} INFO - Started process (PID=498) to work on /home/airflow/.local/lib/python3.12/site-packages/airflow/example_dags/tutorial_dag.py
[2025-02-01T07:39:35.893+0000] {processor.py:914} INFO - Processing file /home/airflow/.local/lib/python3.12/site-packages/airflow/example_dags/tutorial_dag.py for tasks to queue
[2025-02-01T07:39:35.896+0000] {logging_mixin.py:190} INFO - [2025-02-01T07:39:35.896+0000] {dagbag.py:588} INFO - Filling up the DagBag from /home/airflow/.local/lib/python3.12/site-packages/airflow/example_dags/tutorial_dag.py
[2025-02-01T07:39:35.907+0000] {processor.py:925} INFO - DAG(s) 'tutorial_dag' retrieved from /home/airflow/.local/lib/python3.12/site-packages/airflow/example_dags/tutorial_dag.py
[2025-02-01T07:39:35.932+0000] {logging_mixin.py:190} INFO - [2025-02-01T07:39:35.932+0000] {dag.py:3239} INFO - Sync 1 DAGs
[2025-02-01T07:39:35.952+0000] {logging_mixin.py:190} INFO - [2025-02-01T07:39:35.951+0000] {dag.py:4180} INFO - Setting next_dagrun for tutorial_dag to None, run_after=None
[2025-02-01T07:39:35.981+0000] {processor.py:208} INFO - Processing /home/airflow/.local/lib/python3.12/site-packages/airflow/example_dags/tutorial_dag.py took 0.102 seconds
[2025-02-01T07:40:07.200+0000] {processor.py:186} INFO - Started process (PID=563) to work on /home/airflow/.local/lib/python3.12/site-packages/airflow/example_dags/tutorial_dag.py
[2025-02-01T07:40:07.201+0000] {processor.py:914} INFO - Processing file /home/airflow/.local/lib/python3.12/site-packages/airflow/example_dags/tutorial_dag.py for tasks to queue
[2025-02-01T07:40:07.204+0000] {logging_mixin.py:190} INFO - [2025-02-01T07:40:07.204+0000] {dagbag.py:588} INFO - Filling up the DagBag from /home/airflow/.local/lib/python3.12/site-packages/airflow/example_dags/tutorial_dag.py
[2025-02-01T07:40:07.213+0000] {processor.py:925} INFO - DAG(s) 'tutorial_dag' retrieved from /home/airflow/.local/lib/python3.12/site-packages/airflow/example_dags/tutorial_dag.py
[2025-02-01T07:40:07.238+0000] {logging_mixin.py:190} INFO - [2025-02-01T07:40:07.238+0000] {dag.py:3239} INFO - Sync 1 DAGs
[2025-02-01T07:40:07.256+0000] {logging_mixin.py:190} INFO - [2025-02-01T07:40:07.255+0000] {dag.py:4180} INFO - Setting next_dagrun for tutorial_dag to None, run_after=None
[2025-02-01T07:40:07.281+0000] {processor.py:208} INFO - Processing /home/airflow/.local/lib/python3.12/site-packages/airflow/example_dags/tutorial_dag.py took 0.091 seconds
[2025-02-01T07:40:38.327+0000] {processor.py:186} INFO - Started process (PID=629) to work on /home/airflow/.local/lib/python3.12/site-packages/airflow/example_dags/tutorial_dag.py
[2025-02-01T07:40:38.328+0000] {processor.py:914} INFO - Processing file /home/airflow/.local/lib/python3.12/site-packages/airflow/example_dags/tutorial_dag.py for tasks to queue
[2025-02-01T07:40:38.331+0000] {logging_mixin.py:190} INFO - [2025-02-01T07:40:38.330+0000] {dagbag.py:588} INFO - Filling up the DagBag from /home/airflow/.local/lib/python3.12/site-packages/airflow/example_dags/tutorial_dag.py
[2025-02-01T07:40:38.344+0000] {processor.py:925} INFO - DAG(s) 'tutorial_dag' retrieved from /home/airflow/.local/lib/python3.12/site-packages/airflow/example_dags/tutorial_dag.py
[2025-02-01T07:40:38.371+0000] {logging_mixin.py:190} INFO - [2025-02-01T07:40:38.370+0000] {dag.py:3239} INFO - Sync 1 DAGs
[2025-02-01T07:40:38.393+0000] {logging_mixin.py:190} INFO - [2025-02-01T07:40:38.393+0000] {dag.py:4180} INFO - Setting next_dagrun for tutorial_dag to None, run_after=None
[2025-02-01T07:40:38.425+0000] {processor.py:208} INFO - Processing /home/airflow/.local/lib/python3.12/site-packages/airflow/example_dags/tutorial_dag.py took 0.109 seconds
[2025-02-01T07:41:09.114+0000] {processor.py:186} INFO - Started process (PID=695) to work on /home/airflow/.local/lib/python3.12/site-packages/airflow/example_dags/tutorial_dag.py
[2025-02-01T07:41:09.116+0000] {processor.py:914} INFO - Processing file /home/airflow/.local/lib/python3.12/site-packages/airflow/example_dags/tutorial_dag.py for tasks to queue
[2025-02-01T07:41:09.119+0000] {logging_mixin.py:190} INFO - [2025-02-01T07:41:09.118+0000] {dagbag.py:588} INFO - Filling up the DagBag from /home/airflow/.local/lib/python3.12/site-packages/airflow/example_dags/tutorial_dag.py
[2025-02-01T07:41:09.128+0000] {processor.py:925} INFO - DAG(s) 'tutorial_dag' retrieved from /home/airflow/.local/lib/python3.12/site-packages/airflow/example_dags/tutorial_dag.py
[2025-02-01T07:41:09.152+0000] {logging_mixin.py:190} INFO - [2025-02-01T07:41:09.151+0000] {dag.py:3239} INFO - Sync 1 DAGs
[2025-02-01T07:41:09.171+0000] {logging_mixin.py:190} INFO - [2025-02-01T07:41:09.171+0000] {dag.py:4180} INFO - Setting next_dagrun for tutorial_dag to None, run_after=None
[2025-02-01T07:41:09.196+0000] {processor.py:208} INFO - Processing /home/airflow/.local/lib/python3.12/site-packages/airflow/example_dags/tutorial_dag.py took 0.093 seconds
[2025-02-01T07:41:40.078+0000] {processor.py:186} INFO - Started process (PID=760) to work on /home/airflow/.local/lib/python3.12/site-packages/airflow/example_dags/tutorial_dag.py
[2025-02-01T07:41:40.079+0000] {processor.py:914} INFO - Processing file /home/airflow/.local/lib/python3.12/site-packages/airflow/example_dags/tutorial_dag.py for tasks to queue
[2025-02-01T07:41:40.083+0000] {logging_mixin.py:190} INFO - [2025-02-01T07:41:40.082+0000] {dagbag.py:588} INFO - Filling up the DagBag from /home/airflow/.local/lib/python3.12/site-packages/airflow/example_dags/tutorial_dag.py
[2025-02-01T07:41:40.092+0000] {processor.py:925} INFO - DAG(s) 'tutorial_dag' retrieved from /home/airflow/.local/lib/python3.12/site-packages/airflow/example_dags/tutorial_dag.py
[2025-02-01T07:41:40.115+0000] {logging_mixin.py:190} INFO - [2025-02-01T07:41:40.115+0000] {dag.py:3239} INFO - Sync 1 DAGs
[2025-02-01T07:41:40.132+0000] {logging_mixin.py:190} INFO - [2025-02-01T07:41:40.132+0000] {dag.py:4180} INFO - Setting next_dagrun for tutorial_dag to None, run_after=None
[2025-02-01T07:41:40.156+0000] {processor.py:208} INFO - Processing /home/airflow/.local/lib/python3.12/site-packages/airflow/example_dags/tutorial_dag.py took 0.088 seconds
[2025-02-01T07:42:11.597+0000] {processor.py:186} INFO - Started process (PID=826) to work on /home/airflow/.local/lib/python3.12/site-packages/airflow/example_dags/tutorial_dag.py
[2025-02-01T07:42:11.652+0000] {processor.py:914} INFO - Processing file /home/airflow/.local/lib/python3.12/site-packages/airflow/example_dags/tutorial_dag.py for tasks to queue
[2025-02-01T07:42:11.657+0000] {logging_mixin.py:190} INFO - [2025-02-01T07:42:11.656+0000] {dagbag.py:588} INFO - Filling up the DagBag from /home/airflow/.local/lib/python3.12/site-packages/airflow/example_dags/tutorial_dag.py
[2025-02-01T07:42:11.668+0000] {processor.py:925} INFO - DAG(s) 'tutorial_dag' retrieved from /home/airflow/.local/lib/python3.12/site-packages/airflow/example_dags/tutorial_dag.py
[2025-02-01T07:42:11.699+0000] {logging_mixin.py:190} INFO - [2025-02-01T07:42:11.699+0000] {dag.py:3239} INFO - Sync 1 DAGs
[2025-02-01T07:42:11.724+0000] {logging_mixin.py:190} INFO - [2025-02-01T07:42:11.724+0000] {dag.py:4180} INFO - Setting next_dagrun for tutorial_dag to None, run_after=None
[2025-02-01T07:42:11.754+0000] {processor.py:208} INFO - Processing /home/airflow/.local/lib/python3.12/site-packages/airflow/example_dags/tutorial_dag.py took 0.166 seconds
[2025-02-01T07:42:43.297+0000] {processor.py:186} INFO - Started process (PID=892) to work on /home/airflow/.local/lib/python3.12/site-packages/airflow/example_dags/tutorial_dag.py
[2025-02-01T07:42:43.299+0000] {processor.py:914} INFO - Processing file /home/airflow/.local/lib/python3.12/site-packages/airflow/example_dags/tutorial_dag.py for tasks to queue
[2025-02-01T07:42:43.303+0000] {logging_mixin.py:190} INFO - [2025-02-01T07:42:43.302+0000] {dagbag.py:588} INFO - Filling up the DagBag from /home/airflow/.local/lib/python3.12/site-packages/airflow/example_dags/tutorial_dag.py
[2025-02-01T07:42:43.315+0000] {processor.py:925} INFO - DAG(s) 'tutorial_dag' retrieved from /home/airflow/.local/lib/python3.12/site-packages/airflow/example_dags/tutorial_dag.py
[2025-02-01T07:42:43.365+0000] {logging_mixin.py:190} INFO - [2025-02-01T07:42:43.365+0000] {dag.py:3239} INFO - Sync 1 DAGs
[2025-02-01T07:42:43.387+0000] {logging_mixin.py:190} INFO - [2025-02-01T07:42:43.386+0000] {dag.py:4180} INFO - Setting next_dagrun for tutorial_dag to None, run_after=None
[2025-02-01T07:42:43.412+0000] {processor.py:208} INFO - Processing /home/airflow/.local/lib/python3.12/site-packages/airflow/example_dags/tutorial_dag.py took 0.125 seconds
[2025-02-01T07:43:14.331+0000] {processor.py:186} INFO - Started process (PID=958) to work on /home/airflow/.local/lib/python3.12/site-packages/airflow/example_dags/tutorial_dag.py
[2025-02-01T07:43:14.333+0000] {processor.py:914} INFO - Processing file /home/airflow/.local/lib/python3.12/site-packages/airflow/example_dags/tutorial_dag.py for tasks to queue
[2025-02-01T07:43:14.336+0000] {logging_mixin.py:190} INFO - [2025-02-01T07:43:14.336+0000] {dagbag.py:588} INFO - Filling up the DagBag from /home/airflow/.local/lib/python3.12/site-packages/airflow/example_dags/tutorial_dag.py
[2025-02-01T07:43:14.350+0000] {processor.py:925} INFO - DAG(s) 'tutorial_dag' retrieved from /home/airflow/.local/lib/python3.12/site-packages/airflow/example_dags/tutorial_dag.py
[2025-02-01T07:43:14.376+0000] {logging_mixin.py:190} INFO - [2025-02-01T07:43:14.376+0000] {dag.py:3239} INFO - Sync 1 DAGs
[2025-02-01T07:43:14.401+0000] {logging_mixin.py:190} INFO - [2025-02-01T07:43:14.400+0000] {dag.py:4180} INFO - Setting next_dagrun for tutorial_dag to None, run_after=None
[2025-02-01T07:43:14.428+0000] {processor.py:208} INFO - Processing /home/airflow/.local/lib/python3.12/site-packages/airflow/example_dags/tutorial_dag.py took 0.107 seconds
[2025-02-01T07:43:45.927+0000] {processor.py:186} INFO - Started process (PID=1024) to work on /home/airflow/.local/lib/python3.12/site-packages/airflow/example_dags/tutorial_dag.py
[2025-02-01T07:43:45.929+0000] {processor.py:914} INFO - Processing file /home/airflow/.local/lib/python3.12/site-packages/airflow/example_dags/tutorial_dag.py for tasks to queue
[2025-02-01T07:43:45.932+0000] {logging_mixin.py:190} INFO - [2025-02-01T07:43:45.931+0000] {dagbag.py:588} INFO - Filling up the DagBag from /home/airflow/.local/lib/python3.12/site-packages/airflow/example_dags/tutorial_dag.py
[2025-02-01T07:43:45.941+0000] {processor.py:925} INFO - DAG(s) 'tutorial_dag' retrieved from /home/airflow/.local/lib/python3.12/site-packages/airflow/example_dags/tutorial_dag.py
[2025-02-01T07:43:45.965+0000] {logging_mixin.py:190} INFO - [2025-02-01T07:43:45.964+0000] {dag.py:3239} INFO - Sync 1 DAGs
[2025-02-01T07:43:45.984+0000] {logging_mixin.py:190} INFO - [2025-02-01T07:43:45.984+0000] {dag.py:4180} INFO - Setting next_dagrun for tutorial_dag to None, run_after=None
[2025-02-01T07:43:46.013+0000] {processor.py:208} INFO - Processing /home/airflow/.local/lib/python3.12/site-packages/airflow/example_dags/tutorial_dag.py took 0.095 seconds
[2025-02-01T07:44:18.702+0000] {processor.py:186} INFO - Started process (PID=1090) to work on /home/airflow/.local/lib/python3.12/site-packages/airflow/example_dags/tutorial_dag.py
[2025-02-01T07:44:18.705+0000] {processor.py:914} INFO - Processing file /home/airflow/.local/lib/python3.12/site-packages/airflow/example_dags/tutorial_dag.py for tasks to queue
[2025-02-01T07:44:18.708+0000] {logging_mixin.py:190} INFO - [2025-02-01T07:44:18.708+0000] {dagbag.py:588} INFO - Filling up the DagBag from /home/airflow/.local/lib/python3.12/site-packages/airflow/example_dags/tutorial_dag.py
[2025-02-01T07:44:18.719+0000] {processor.py:925} INFO - DAG(s) 'tutorial_dag' retrieved from /home/airflow/.local/lib/python3.12/site-packages/airflow/example_dags/tutorial_dag.py
[2025-02-01T07:44:18.772+0000] {logging_mixin.py:190} INFO - [2025-02-01T07:44:18.772+0000] {dag.py:3239} INFO - Sync 1 DAGs
[2025-02-01T07:44:18.794+0000] {logging_mixin.py:190} INFO - [2025-02-01T07:44:18.794+0000] {dag.py:4180} INFO - Setting next_dagrun for tutorial_dag to None, run_after=None
[2025-02-01T07:44:18.822+0000] {processor.py:208} INFO - Processing /home/airflow/.local/lib/python3.12/site-packages/airflow/example_dags/tutorial_dag.py took 0.129 seconds
[2025-02-01T07:44:49.642+0000] {processor.py:186} INFO - Started process (PID=1156) to work on /home/airflow/.local/lib/python3.12/site-packages/airflow/example_dags/tutorial_dag.py
[2025-02-01T07:44:49.644+0000] {processor.py:914} INFO - Processing file /home/airflow/.local/lib/python3.12/site-packages/airflow/example_dags/tutorial_dag.py for tasks to queue
[2025-02-01T07:44:49.648+0000] {logging_mixin.py:190} INFO - [2025-02-01T07:44:49.647+0000] {dagbag.py:588} INFO - Filling up the DagBag from /home/airflow/.local/lib/python3.12/site-packages/airflow/example_dags/tutorial_dag.py
[2025-02-01T07:44:49.657+0000] {processor.py:925} INFO - DAG(s) 'tutorial_dag' retrieved from /home/airflow/.local/lib/python3.12/site-packages/airflow/example_dags/tutorial_dag.py
[2025-02-01T07:44:49.711+0000] {logging_mixin.py:190} INFO - [2025-02-01T07:44:49.710+0000] {dag.py:3239} INFO - Sync 1 DAGs
[2025-02-01T07:44:49.732+0000] {logging_mixin.py:190} INFO - [2025-02-01T07:44:49.732+0000] {dag.py:4180} INFO - Setting next_dagrun for tutorial_dag to None, run_after=None
[2025-02-01T07:44:49.759+0000] {processor.py:208} INFO - Processing /home/airflow/.local/lib/python3.12/site-packages/airflow/example_dags/tutorial_dag.py took 0.126 seconds
[2025-02-01T07:45:21.146+0000] {processor.py:186} INFO - Started process (PID=1222) to work on /home/airflow/.local/lib/python3.12/site-packages/airflow/example_dags/tutorial_dag.py
[2025-02-01T07:45:21.147+0000] {processor.py:914} INFO - Processing file /home/airflow/.local/lib/python3.12/site-packages/airflow/example_dags/tutorial_dag.py for tasks to queue
[2025-02-01T07:45:21.150+0000] {logging_mixin.py:190} INFO - [2025-02-01T07:45:21.149+0000] {dagbag.py:588} INFO - Filling up the DagBag from /home/airflow/.local/lib/python3.12/site-packages/airflow/example_dags/tutorial_dag.py
[2025-02-01T07:45:21.159+0000] {processor.py:925} INFO - DAG(s) 'tutorial_dag' retrieved from /home/airflow/.local/lib/python3.12/site-packages/airflow/example_dags/tutorial_dag.py
[2025-02-01T07:45:21.183+0000] {logging_mixin.py:190} INFO - [2025-02-01T07:45:21.182+0000] {dag.py:3239} INFO - Sync 1 DAGs
[2025-02-01T07:45:21.203+0000] {logging_mixin.py:190} INFO - [2025-02-01T07:45:21.202+0000] {dag.py:4180} INFO - Setting next_dagrun for tutorial_dag to None, run_after=None
[2025-02-01T07:45:21.241+0000] {processor.py:208} INFO - Processing /home/airflow/.local/lib/python3.12/site-packages/airflow/example_dags/tutorial_dag.py took 0.104 seconds
[2025-02-01T07:45:53.229+0000] {processor.py:186} INFO - Started process (PID=1288) to work on /home/airflow/.local/lib/python3.12/site-packages/airflow/example_dags/tutorial_dag.py
[2025-02-01T07:45:53.230+0000] {processor.py:914} INFO - Processing file /home/airflow/.local/lib/python3.12/site-packages/airflow/example_dags/tutorial_dag.py for tasks to queue
[2025-02-01T07:45:53.234+0000] {logging_mixin.py:190} INFO - [2025-02-01T07:45:53.233+0000] {dagbag.py:588} INFO - Filling up the DagBag from /home/airflow/.local/lib/python3.12/site-packages/airflow/example_dags/tutorial_dag.py
[2025-02-01T07:45:53.253+0000] {processor.py:925} INFO - DAG(s) 'tutorial_dag' retrieved from /home/airflow/.local/lib/python3.12/site-packages/airflow/example_dags/tutorial_dag.py
[2025-02-01T07:45:53.283+0000] {logging_mixin.py:190} INFO - [2025-02-01T07:45:53.283+0000] {dag.py:3239} INFO - Sync 1 DAGs
[2025-02-01T07:45:53.303+0000] {logging_mixin.py:190} INFO - [2025-02-01T07:45:53.303+0000] {dag.py:4180} INFO - Setting next_dagrun for tutorial_dag to None, run_after=None
[2025-02-01T07:45:53.334+0000] {processor.py:208} INFO - Processing /home/airflow/.local/lib/python3.12/site-packages/airflow/example_dags/tutorial_dag.py took 0.115 seconds
[2025-02-01T07:46:23.527+0000] {processor.py:186} INFO - Started process (PID=1354) to work on /home/airflow/.local/lib/python3.12/site-packages/airflow/example_dags/tutorial_dag.py
[2025-02-01T07:46:23.528+0000] {processor.py:914} INFO - Processing file /home/airflow/.local/lib/python3.12/site-packages/airflow/example_dags/tutorial_dag.py for tasks to queue
[2025-02-01T07:46:23.532+0000] {logging_mixin.py:190} INFO - [2025-02-01T07:46:23.531+0000] {dagbag.py:588} INFO - Filling up the DagBag from /home/airflow/.local/lib/python3.12/site-packages/airflow/example_dags/tutorial_dag.py
[2025-02-01T07:46:23.548+0000] {processor.py:925} INFO - DAG(s) 'tutorial_dag' retrieved from /home/airflow/.local/lib/python3.12/site-packages/airflow/example_dags/tutorial_dag.py
[2025-02-01T07:46:23.579+0000] {logging_mixin.py:190} INFO - [2025-02-01T07:46:23.578+0000] {dag.py:3239} INFO - Sync 1 DAGs
[2025-02-01T07:46:23.601+0000] {logging_mixin.py:190} INFO - [2025-02-01T07:46:23.601+0000] {dag.py:4180} INFO - Setting next_dagrun for tutorial_dag to None, run_after=None
[2025-02-01T07:46:23.630+0000] {processor.py:208} INFO - Processing /home/airflow/.local/lib/python3.12/site-packages/airflow/example_dags/tutorial_dag.py took 0.113 seconds
[2025-02-01T07:46:54.956+0000] {processor.py:186} INFO - Started process (PID=1420) to work on /home/airflow/.local/lib/python3.12/site-packages/airflow/example_dags/tutorial_dag.py
[2025-02-01T07:46:54.958+0000] {processor.py:914} INFO - Processing file /home/airflow/.local/lib/python3.12/site-packages/airflow/example_dags/tutorial_dag.py for tasks to queue
[2025-02-01T07:46:54.962+0000] {logging_mixin.py:190} INFO - [2025-02-01T07:46:54.961+0000] {dagbag.py:588} INFO - Filling up the DagBag from /home/airflow/.local/lib/python3.12/site-packages/airflow/example_dags/tutorial_dag.py
[2025-02-01T07:46:54.972+0000] {processor.py:925} INFO - DAG(s) 'tutorial_dag' retrieved from /home/airflow/.local/lib/python3.12/site-packages/airflow/example_dags/tutorial_dag.py
[2025-02-01T07:46:54.999+0000] {logging_mixin.py:190} INFO - [2025-02-01T07:46:54.998+0000] {dag.py:3239} INFO - Sync 1 DAGs
[2025-02-01T07:46:55.019+0000] {logging_mixin.py:190} INFO - [2025-02-01T07:46:55.019+0000] {dag.py:4180} INFO - Setting next_dagrun for tutorial_dag to None, run_after=None
[2025-02-01T07:46:55.050+0000] {processor.py:208} INFO - Processing /home/airflow/.local/lib/python3.12/site-packages/airflow/example_dags/tutorial_dag.py took 0.103 seconds
[2025-02-01T07:47:26.648+0000] {processor.py:186} INFO - Started process (PID=1486) to work on /home/airflow/.local/lib/python3.12/site-packages/airflow/example_dags/tutorial_dag.py
[2025-02-01T07:47:26.650+0000] {processor.py:914} INFO - Processing file /home/airflow/.local/lib/python3.12/site-packages/airflow/example_dags/tutorial_dag.py for tasks to queue
[2025-02-01T07:47:26.653+0000] {logging_mixin.py:190} INFO - [2025-02-01T07:47:26.652+0000] {dagbag.py:588} INFO - Filling up the DagBag from /home/airflow/.local/lib/python3.12/site-packages/airflow/example_dags/tutorial_dag.py
[2025-02-01T07:47:26.662+0000] {processor.py:925} INFO - DAG(s) 'tutorial_dag' retrieved from /home/airflow/.local/lib/python3.12/site-packages/airflow/example_dags/tutorial_dag.py
[2025-02-01T07:47:26.687+0000] {logging_mixin.py:190} INFO - [2025-02-01T07:47:26.686+0000] {dag.py:3239} INFO - Sync 1 DAGs
[2025-02-01T07:47:26.711+0000] {logging_mixin.py:190} INFO - [2025-02-01T07:47:26.711+0000] {dag.py:4180} INFO - Setting next_dagrun for tutorial_dag to None, run_after=None
[2025-02-01T07:47:26.736+0000] {processor.py:208} INFO - Processing /home/airflow/.local/lib/python3.12/site-packages/airflow/example_dags/tutorial_dag.py took 0.098 seconds
[2025-02-01T07:47:58.384+0000] {processor.py:186} INFO - Started process (PID=1552) to work on /home/airflow/.local/lib/python3.12/site-packages/airflow/example_dags/tutorial_dag.py
[2025-02-01T07:47:58.385+0000] {processor.py:914} INFO - Processing file /home/airflow/.local/lib/python3.12/site-packages/airflow/example_dags/tutorial_dag.py for tasks to queue
[2025-02-01T07:47:58.388+0000] {logging_mixin.py:190} INFO - [2025-02-01T07:47:58.388+0000] {dagbag.py:588} INFO - Filling up the DagBag from /home/airflow/.local/lib/python3.12/site-packages/airflow/example_dags/tutorial_dag.py
[2025-02-01T07:47:58.401+0000] {processor.py:925} INFO - DAG(s) 'tutorial_dag' retrieved from /home/airflow/.local/lib/python3.12/site-packages/airflow/example_dags/tutorial_dag.py
[2025-02-01T07:47:58.426+0000] {logging_mixin.py:190} INFO - [2025-02-01T07:47:58.426+0000] {dag.py:3239} INFO - Sync 1 DAGs
[2025-02-01T07:47:58.449+0000] {logging_mixin.py:190} INFO - [2025-02-01T07:47:58.449+0000] {dag.py:4180} INFO - Setting next_dagrun for tutorial_dag to None, run_after=None
[2025-02-01T07:47:58.479+0000] {processor.py:208} INFO - Processing /home/airflow/.local/lib/python3.12/site-packages/airflow/example_dags/tutorial_dag.py took 0.105 seconds
[2025-02-01T07:48:29.018+0000] {processor.py:186} INFO - Started process (PID=1618) to work on /home/airflow/.local/lib/python3.12/site-packages/airflow/example_dags/tutorial_dag.py
[2025-02-01T07:48:29.019+0000] {processor.py:914} INFO - Processing file /home/airflow/.local/lib/python3.12/site-packages/airflow/example_dags/tutorial_dag.py for tasks to queue
[2025-02-01T07:48:29.023+0000] {logging_mixin.py:190} INFO - [2025-02-01T07:48:29.022+0000] {dagbag.py:588} INFO - Filling up the DagBag from /home/airflow/.local/lib/python3.12/site-packages/airflow/example_dags/tutorial_dag.py
[2025-02-01T07:48:29.035+0000] {processor.py:925} INFO - DAG(s) 'tutorial_dag' retrieved from /home/airflow/.local/lib/python3.12/site-packages/airflow/example_dags/tutorial_dag.py
[2025-02-01T07:48:29.063+0000] {logging_mixin.py:190} INFO - [2025-02-01T07:48:29.063+0000] {dag.py:3239} INFO - Sync 1 DAGs
[2025-02-01T07:48:29.083+0000] {logging_mixin.py:190} INFO - [2025-02-01T07:48:29.083+0000] {dag.py:4180} INFO - Setting next_dagrun for tutorial_dag to None, run_after=None
[2025-02-01T07:48:29.108+0000] {processor.py:208} INFO - Processing /home/airflow/.local/lib/python3.12/site-packages/airflow/example_dags/tutorial_dag.py took 0.104 seconds
[2025-02-01T07:49:00.254+0000] {processor.py:186} INFO - Started process (PID=1684) to work on /home/airflow/.local/lib/python3.12/site-packages/airflow/example_dags/tutorial_dag.py
[2025-02-01T07:49:00.255+0000] {processor.py:914} INFO - Processing file /home/airflow/.local/lib/python3.12/site-packages/airflow/example_dags/tutorial_dag.py for tasks to queue
[2025-02-01T07:49:00.258+0000] {logging_mixin.py:190} INFO - [2025-02-01T07:49:00.257+0000] {dagbag.py:588} INFO - Filling up the DagBag from /home/airflow/.local/lib/python3.12/site-packages/airflow/example_dags/tutorial_dag.py
[2025-02-01T07:49:00.268+0000] {processor.py:925} INFO - DAG(s) 'tutorial_dag' retrieved from /home/airflow/.local/lib/python3.12/site-packages/airflow/example_dags/tutorial_dag.py
[2025-02-01T07:49:00.291+0000] {logging_mixin.py:190} INFO - [2025-02-01T07:49:00.291+0000] {dag.py:3239} INFO - Sync 1 DAGs
[2025-02-01T07:49:00.312+0000] {logging_mixin.py:190} INFO - [2025-02-01T07:49:00.312+0000] {dag.py:4180} INFO - Setting next_dagrun for tutorial_dag to None, run_after=None
[2025-02-01T07:49:00.339+0000] {processor.py:208} INFO - Processing /home/airflow/.local/lib/python3.12/site-packages/airflow/example_dags/tutorial_dag.py took 0.093 seconds
[2025-02-01T07:49:32.157+0000] {processor.py:186} INFO - Started process (PID=1755) to work on /home/airflow/.local/lib/python3.12/site-packages/airflow/example_dags/tutorial_dag.py
[2025-02-01T07:49:32.158+0000] {processor.py:914} INFO - Processing file /home/airflow/.local/lib/python3.12/site-packages/airflow/example_dags/tutorial_dag.py for tasks to queue
[2025-02-01T07:49:32.161+0000] {logging_mixin.py:190} INFO - [2025-02-01T07:49:32.161+0000] {dagbag.py:588} INFO - Filling up the DagBag from /home/airflow/.local/lib/python3.12/site-packages/airflow/example_dags/tutorial_dag.py
[2025-02-01T07:49:32.173+0000] {processor.py:925} INFO - DAG(s) 'tutorial_dag' retrieved from /home/airflow/.local/lib/python3.12/site-packages/airflow/example_dags/tutorial_dag.py
[2025-02-01T07:49:32.201+0000] {logging_mixin.py:190} INFO - [2025-02-01T07:49:32.200+0000] {dag.py:3239} INFO - Sync 1 DAGs
[2025-02-01T07:49:32.222+0000] {logging_mixin.py:190} INFO - [2025-02-01T07:49:32.222+0000] {dag.py:4180} INFO - Setting next_dagrun for tutorial_dag to None, run_after=None
[2025-02-01T07:49:32.253+0000] {processor.py:208} INFO - Processing /home/airflow/.local/lib/python3.12/site-packages/airflow/example_dags/tutorial_dag.py took 0.107 seconds
[2025-02-01T07:50:03.514+0000] {processor.py:186} INFO - Started process (PID=1821) to work on /home/airflow/.local/lib/python3.12/site-packages/airflow/example_dags/tutorial_dag.py
[2025-02-01T07:50:03.515+0000] {processor.py:914} INFO - Processing file /home/airflow/.local/lib/python3.12/site-packages/airflow/example_dags/tutorial_dag.py for tasks to queue
[2025-02-01T07:50:03.519+0000] {logging_mixin.py:190} INFO - [2025-02-01T07:50:03.518+0000] {dagbag.py:588} INFO - Filling up the DagBag from /home/airflow/.local/lib/python3.12/site-packages/airflow/example_dags/tutorial_dag.py
[2025-02-01T07:50:03.550+0000] {processor.py:925} INFO - DAG(s) 'tutorial_dag' retrieved from /home/airflow/.local/lib/python3.12/site-packages/airflow/example_dags/tutorial_dag.py
[2025-02-01T07:50:03.585+0000] {logging_mixin.py:190} INFO - [2025-02-01T07:50:03.584+0000] {dag.py:3239} INFO - Sync 1 DAGs
[2025-02-01T07:50:03.604+0000] {logging_mixin.py:190} INFO - [2025-02-01T07:50:03.603+0000] {dag.py:4180} INFO - Setting next_dagrun for tutorial_dag to None, run_after=None
[2025-02-01T07:50:03.631+0000] {processor.py:208} INFO - Processing /home/airflow/.local/lib/python3.12/site-packages/airflow/example_dags/tutorial_dag.py took 0.128 seconds
[2025-02-01T07:50:35.469+0000] {processor.py:186} INFO - Started process (PID=1888) to work on /home/airflow/.local/lib/python3.12/site-packages/airflow/example_dags/tutorial_dag.py
[2025-02-01T07:50:35.470+0000] {processor.py:914} INFO - Processing file /home/airflow/.local/lib/python3.12/site-packages/airflow/example_dags/tutorial_dag.py for tasks to queue
[2025-02-01T07:50:35.474+0000] {logging_mixin.py:190} INFO - [2025-02-01T07:50:35.473+0000] {dagbag.py:588} INFO - Filling up the DagBag from /home/airflow/.local/lib/python3.12/site-packages/airflow/example_dags/tutorial_dag.py
[2025-02-01T07:50:35.484+0000] {processor.py:925} INFO - DAG(s) 'tutorial_dag' retrieved from /home/airflow/.local/lib/python3.12/site-packages/airflow/example_dags/tutorial_dag.py
[2025-02-01T07:50:35.510+0000] {logging_mixin.py:190} INFO - [2025-02-01T07:50:35.509+0000] {dag.py:3239} INFO - Sync 1 DAGs
[2025-02-01T07:50:35.533+0000] {logging_mixin.py:190} INFO - [2025-02-01T07:50:35.533+0000] {dag.py:4180} INFO - Setting next_dagrun for tutorial_dag to None, run_after=None
[2025-02-01T07:50:35.568+0000] {processor.py:208} INFO - Processing /home/airflow/.local/lib/python3.12/site-packages/airflow/example_dags/tutorial_dag.py took 0.109 seconds
[2025-02-01T07:51:06.469+0000] {processor.py:186} INFO - Started process (PID=1960) to work on /home/airflow/.local/lib/python3.12/site-packages/airflow/example_dags/tutorial_dag.py
[2025-02-01T07:51:06.470+0000] {processor.py:914} INFO - Processing file /home/airflow/.local/lib/python3.12/site-packages/airflow/example_dags/tutorial_dag.py for tasks to queue
[2025-02-01T07:51:06.474+0000] {logging_mixin.py:190} INFO - [2025-02-01T07:51:06.474+0000] {dagbag.py:588} INFO - Filling up the DagBag from /home/airflow/.local/lib/python3.12/site-packages/airflow/example_dags/tutorial_dag.py
[2025-02-01T07:51:06.484+0000] {processor.py:925} INFO - DAG(s) 'tutorial_dag' retrieved from /home/airflow/.local/lib/python3.12/site-packages/airflow/example_dags/tutorial_dag.py
[2025-02-01T07:51:06.507+0000] {logging_mixin.py:190} INFO - [2025-02-01T07:51:06.507+0000] {dag.py:3239} INFO - Sync 1 DAGs
[2025-02-01T07:51:06.528+0000] {logging_mixin.py:190} INFO - [2025-02-01T07:51:06.528+0000] {dag.py:4180} INFO - Setting next_dagrun for tutorial_dag to None, run_after=None
[2025-02-01T07:51:06.556+0000] {processor.py:208} INFO - Processing /home/airflow/.local/lib/python3.12/site-packages/airflow/example_dags/tutorial_dag.py took 0.096 seconds
[2025-02-01T07:51:37.556+0000] {processor.py:186} INFO - Started process (PID=2026) to work on /home/airflow/.local/lib/python3.12/site-packages/airflow/example_dags/tutorial_dag.py
[2025-02-01T07:51:37.557+0000] {processor.py:914} INFO - Processing file /home/airflow/.local/lib/python3.12/site-packages/airflow/example_dags/tutorial_dag.py for tasks to queue
[2025-02-01T07:51:37.560+0000] {logging_mixin.py:190} INFO - [2025-02-01T07:51:37.560+0000] {dagbag.py:588} INFO - Filling up the DagBag from /home/airflow/.local/lib/python3.12/site-packages/airflow/example_dags/tutorial_dag.py
[2025-02-01T07:51:37.569+0000] {processor.py:925} INFO - DAG(s) 'tutorial_dag' retrieved from /home/airflow/.local/lib/python3.12/site-packages/airflow/example_dags/tutorial_dag.py
[2025-02-01T07:51:37.591+0000] {logging_mixin.py:190} INFO - [2025-02-01T07:51:37.590+0000] {dag.py:3239} INFO - Sync 1 DAGs
[2025-02-01T07:51:37.608+0000] {logging_mixin.py:190} INFO - [2025-02-01T07:51:37.608+0000] {dag.py:4180} INFO - Setting next_dagrun for tutorial_dag to None, run_after=None
[2025-02-01T07:51:37.634+0000] {processor.py:208} INFO - Processing /home/airflow/.local/lib/python3.12/site-packages/airflow/example_dags/tutorial_dag.py took 0.087 seconds
[2025-02-01T07:52:10.009+0000] {processor.py:186} INFO - Started process (PID=2092) to work on /home/airflow/.local/lib/python3.12/site-packages/airflow/example_dags/tutorial_dag.py
[2025-02-01T07:52:10.066+0000] {processor.py:914} INFO - Processing file /home/airflow/.local/lib/python3.12/site-packages/airflow/example_dags/tutorial_dag.py for tasks to queue
[2025-02-01T07:52:10.161+0000] {logging_mixin.py:190} INFO - [2025-02-01T07:52:10.160+0000] {dagbag.py:588} INFO - Filling up the DagBag from /home/airflow/.local/lib/python3.12/site-packages/airflow/example_dags/tutorial_dag.py
[2025-02-01T07:52:10.180+0000] {processor.py:925} INFO - DAG(s) 'tutorial_dag' retrieved from /home/airflow/.local/lib/python3.12/site-packages/airflow/example_dags/tutorial_dag.py
[2025-02-01T07:52:10.213+0000] {logging_mixin.py:190} INFO - [2025-02-01T07:52:10.213+0000] {dag.py:3239} INFO - Sync 1 DAGs
[2025-02-01T07:52:10.237+0000] {logging_mixin.py:190} INFO - [2025-02-01T07:52:10.236+0000] {dag.py:4180} INFO - Setting next_dagrun for tutorial_dag to None, run_after=None
[2025-02-01T07:52:10.282+0000] {processor.py:208} INFO - Processing /home/airflow/.local/lib/python3.12/site-packages/airflow/example_dags/tutorial_dag.py took 0.288 seconds
[2025-02-01T07:52:42.302+0000] {processor.py:186} INFO - Started process (PID=2158) to work on /home/airflow/.local/lib/python3.12/site-packages/airflow/example_dags/tutorial_dag.py
[2025-02-01T07:52:42.304+0000] {processor.py:914} INFO - Processing file /home/airflow/.local/lib/python3.12/site-packages/airflow/example_dags/tutorial_dag.py for tasks to queue
[2025-02-01T07:52:42.307+0000] {logging_mixin.py:190} INFO - [2025-02-01T07:52:42.307+0000] {dagbag.py:588} INFO - Filling up the DagBag from /home/airflow/.local/lib/python3.12/site-packages/airflow/example_dags/tutorial_dag.py
[2025-02-01T07:52:42.317+0000] {processor.py:925} INFO - DAG(s) 'tutorial_dag' retrieved from /home/airflow/.local/lib/python3.12/site-packages/airflow/example_dags/tutorial_dag.py
[2025-02-01T07:52:42.338+0000] {logging_mixin.py:190} INFO - [2025-02-01T07:52:42.338+0000] {dag.py:3239} INFO - Sync 1 DAGs
[2025-02-01T07:52:42.356+0000] {logging_mixin.py:190} INFO - [2025-02-01T07:52:42.356+0000] {dag.py:4180} INFO - Setting next_dagrun for tutorial_dag to None, run_after=None
[2025-02-01T07:52:42.387+0000] {processor.py:208} INFO - Processing /home/airflow/.local/lib/python3.12/site-packages/airflow/example_dags/tutorial_dag.py took 0.093 seconds
[2025-02-01T07:53:14.345+0000] {processor.py:186} INFO - Started process (PID=2224) to work on /home/airflow/.local/lib/python3.12/site-packages/airflow/example_dags/tutorial_dag.py
[2025-02-01T07:53:14.347+0000] {processor.py:914} INFO - Processing file /home/airflow/.local/lib/python3.12/site-packages/airflow/example_dags/tutorial_dag.py for tasks to queue
[2025-02-01T07:53:14.350+0000] {logging_mixin.py:190} INFO - [2025-02-01T07:53:14.350+0000] {dagbag.py:588} INFO - Filling up the DagBag from /home/airflow/.local/lib/python3.12/site-packages/airflow/example_dags/tutorial_dag.py
[2025-02-01T07:53:14.362+0000] {processor.py:925} INFO - DAG(s) 'tutorial_dag' retrieved from /home/airflow/.local/lib/python3.12/site-packages/airflow/example_dags/tutorial_dag.py
[2025-02-01T07:53:14.386+0000] {logging_mixin.py:190} INFO - [2025-02-01T07:53:14.386+0000] {dag.py:3239} INFO - Sync 1 DAGs
[2025-02-01T07:53:14.405+0000] {logging_mixin.py:190} INFO - [2025-02-01T07:53:14.404+0000] {dag.py:4180} INFO - Setting next_dagrun for tutorial_dag to None, run_after=None
[2025-02-01T07:53:14.430+0000] {processor.py:208} INFO - Processing /home/airflow/.local/lib/python3.12/site-packages/airflow/example_dags/tutorial_dag.py took 0.094 seconds
[2025-02-01T07:53:45.974+0000] {processor.py:186} INFO - Started process (PID=2290) to work on /home/airflow/.local/lib/python3.12/site-packages/airflow/example_dags/tutorial_dag.py
[2025-02-01T07:53:45.976+0000] {processor.py:914} INFO - Processing file /home/airflow/.local/lib/python3.12/site-packages/airflow/example_dags/tutorial_dag.py for tasks to queue
[2025-02-01T07:53:45.981+0000] {logging_mixin.py:190} INFO - [2025-02-01T07:53:45.980+0000] {dagbag.py:588} INFO - Filling up the DagBag from /home/airflow/.local/lib/python3.12/site-packages/airflow/example_dags/tutorial_dag.py
[2025-02-01T07:53:45.992+0000] {processor.py:925} INFO - DAG(s) 'tutorial_dag' retrieved from /home/airflow/.local/lib/python3.12/site-packages/airflow/example_dags/tutorial_dag.py
[2025-02-01T07:53:46.015+0000] {logging_mixin.py:190} INFO - [2025-02-01T07:53:46.014+0000] {dag.py:3239} INFO - Sync 1 DAGs
[2025-02-01T07:53:46.033+0000] {logging_mixin.py:190} INFO - [2025-02-01T07:53:46.033+0000] {dag.py:4180} INFO - Setting next_dagrun for tutorial_dag to None, run_after=None
[2025-02-01T07:53:46.062+0000] {processor.py:208} INFO - Processing /home/airflow/.local/lib/python3.12/site-packages/airflow/example_dags/tutorial_dag.py took 0.098 seconds
[2025-02-01T07:54:17.962+0000] {processor.py:186} INFO - Started process (PID=2358) to work on /home/airflow/.local/lib/python3.12/site-packages/airflow/example_dags/tutorial_dag.py
[2025-02-01T07:54:17.964+0000] {processor.py:914} INFO - Processing file /home/airflow/.local/lib/python3.12/site-packages/airflow/example_dags/tutorial_dag.py for tasks to queue
[2025-02-01T07:54:17.966+0000] {logging_mixin.py:190} INFO - [2025-02-01T07:54:17.966+0000] {dagbag.py:588} INFO - Filling up the DagBag from /home/airflow/.local/lib/python3.12/site-packages/airflow/example_dags/tutorial_dag.py
[2025-02-01T07:54:17.975+0000] {processor.py:925} INFO - DAG(s) 'tutorial_dag' retrieved from /home/airflow/.local/lib/python3.12/site-packages/airflow/example_dags/tutorial_dag.py
[2025-02-01T07:54:18.002+0000] {logging_mixin.py:190} INFO - [2025-02-01T07:54:18.002+0000] {dag.py:3239} INFO - Sync 1 DAGs
[2025-02-01T07:54:18.020+0000] {logging_mixin.py:190} INFO - [2025-02-01T07:54:18.019+0000] {dag.py:4180} INFO - Setting next_dagrun for tutorial_dag to None, run_after=None
[2025-02-01T07:54:18.054+0000] {processor.py:208} INFO - Processing /home/airflow/.local/lib/python3.12/site-packages/airflow/example_dags/tutorial_dag.py took 0.104 seconds
[2025-02-01T07:54:49.431+0000] {processor.py:186} INFO - Started process (PID=2424) to work on /home/airflow/.local/lib/python3.12/site-packages/airflow/example_dags/tutorial_dag.py
[2025-02-01T07:54:49.432+0000] {processor.py:914} INFO - Processing file /home/airflow/.local/lib/python3.12/site-packages/airflow/example_dags/tutorial_dag.py for tasks to queue
[2025-02-01T07:54:49.438+0000] {logging_mixin.py:190} INFO - [2025-02-01T07:54:49.437+0000] {dagbag.py:588} INFO - Filling up the DagBag from /home/airflow/.local/lib/python3.12/site-packages/airflow/example_dags/tutorial_dag.py
[2025-02-01T07:54:49.471+0000] {processor.py:925} INFO - DAG(s) 'tutorial_dag' retrieved from /home/airflow/.local/lib/python3.12/site-packages/airflow/example_dags/tutorial_dag.py
[2025-02-01T07:54:49.513+0000] {logging_mixin.py:190} INFO - [2025-02-01T07:54:49.513+0000] {dag.py:3239} INFO - Sync 1 DAGs
[2025-02-01T07:54:49.531+0000] {logging_mixin.py:190} INFO - [2025-02-01T07:54:49.531+0000] {dag.py:4180} INFO - Setting next_dagrun for tutorial_dag to None, run_after=None
[2025-02-01T07:54:49.555+0000] {processor.py:208} INFO - Processing /home/airflow/.local/lib/python3.12/site-packages/airflow/example_dags/tutorial_dag.py took 0.137 seconds
[2025-02-01T07:55:20.635+0000] {processor.py:186} INFO - Started process (PID=2490) to work on /home/airflow/.local/lib/python3.12/site-packages/airflow/example_dags/tutorial_dag.py
[2025-02-01T07:55:20.636+0000] {processor.py:914} INFO - Processing file /home/airflow/.local/lib/python3.12/site-packages/airflow/example_dags/tutorial_dag.py for tasks to queue
[2025-02-01T07:55:20.640+0000] {logging_mixin.py:190} INFO - [2025-02-01T07:55:20.639+0000] {dagbag.py:588} INFO - Filling up the DagBag from /home/airflow/.local/lib/python3.12/site-packages/airflow/example_dags/tutorial_dag.py
[2025-02-01T07:55:20.653+0000] {processor.py:925} INFO - DAG(s) 'tutorial_dag' retrieved from /home/airflow/.local/lib/python3.12/site-packages/airflow/example_dags/tutorial_dag.py
[2025-02-01T07:55:20.683+0000] {logging_mixin.py:190} INFO - [2025-02-01T07:55:20.682+0000] {dag.py:3239} INFO - Sync 1 DAGs
[2025-02-01T07:55:20.702+0000] {logging_mixin.py:190} INFO - [2025-02-01T07:55:20.702+0000] {dag.py:4180} INFO - Setting next_dagrun for tutorial_dag to None, run_after=None
[2025-02-01T07:55:20.729+0000] {processor.py:208} INFO - Processing /home/airflow/.local/lib/python3.12/site-packages/airflow/example_dags/tutorial_dag.py took 0.104 seconds
[2025-02-01T07:55:51.097+0000] {processor.py:186} INFO - Started process (PID=2555) to work on /home/airflow/.local/lib/python3.12/site-packages/airflow/example_dags/tutorial_dag.py
[2025-02-01T07:55:51.099+0000] {processor.py:914} INFO - Processing file /home/airflow/.local/lib/python3.12/site-packages/airflow/example_dags/tutorial_dag.py for tasks to queue
[2025-02-01T07:55:51.105+0000] {logging_mixin.py:190} INFO - [2025-02-01T07:55:51.104+0000] {dagbag.py:588} INFO - Filling up the DagBag from /home/airflow/.local/lib/python3.12/site-packages/airflow/example_dags/tutorial_dag.py
[2025-02-01T07:55:51.121+0000] {processor.py:925} INFO - DAG(s) 'tutorial_dag' retrieved from /home/airflow/.local/lib/python3.12/site-packages/airflow/example_dags/tutorial_dag.py
[2025-02-01T07:55:51.155+0000] {logging_mixin.py:190} INFO - [2025-02-01T07:55:51.155+0000] {dag.py:3239} INFO - Sync 1 DAGs
[2025-02-01T07:55:51.186+0000] {logging_mixin.py:190} INFO - [2025-02-01T07:55:51.186+0000] {dag.py:4180} INFO - Setting next_dagrun for tutorial_dag to None, run_after=None
[2025-02-01T07:55:51.222+0000] {processor.py:208} INFO - Processing /home/airflow/.local/lib/python3.12/site-packages/airflow/example_dags/tutorial_dag.py took 0.139 seconds
[2025-02-01T07:56:22.400+0000] {processor.py:186} INFO - Started process (PID=2623) to work on /home/airflow/.local/lib/python3.12/site-packages/airflow/example_dags/tutorial_dag.py
[2025-02-01T07:56:22.402+0000] {processor.py:914} INFO - Processing file /home/airflow/.local/lib/python3.12/site-packages/airflow/example_dags/tutorial_dag.py for tasks to queue
[2025-02-01T07:56:22.405+0000] {logging_mixin.py:190} INFO - [2025-02-01T07:56:22.405+0000] {dagbag.py:588} INFO - Filling up the DagBag from /home/airflow/.local/lib/python3.12/site-packages/airflow/example_dags/tutorial_dag.py
[2025-02-01T07:56:22.415+0000] {processor.py:925} INFO - DAG(s) 'tutorial_dag' retrieved from /home/airflow/.local/lib/python3.12/site-packages/airflow/example_dags/tutorial_dag.py
[2025-02-01T07:56:22.447+0000] {logging_mixin.py:190} INFO - [2025-02-01T07:56:22.446+0000] {dag.py:3239} INFO - Sync 1 DAGs
[2025-02-01T07:56:22.477+0000] {logging_mixin.py:190} INFO - [2025-02-01T07:56:22.477+0000] {dag.py:4180} INFO - Setting next_dagrun for tutorial_dag to None, run_after=None
[2025-02-01T07:56:22.509+0000] {processor.py:208} INFO - Processing /home/airflow/.local/lib/python3.12/site-packages/airflow/example_dags/tutorial_dag.py took 0.119 seconds
[2025-02-01T07:56:53.579+0000] {processor.py:186} INFO - Started process (PID=2689) to work on /home/airflow/.local/lib/python3.12/site-packages/airflow/example_dags/tutorial_dag.py
[2025-02-01T07:56:53.580+0000] {processor.py:914} INFO - Processing file /home/airflow/.local/lib/python3.12/site-packages/airflow/example_dags/tutorial_dag.py for tasks to queue
[2025-02-01T07:56:53.584+0000] {logging_mixin.py:190} INFO - [2025-02-01T07:56:53.583+0000] {dagbag.py:588} INFO - Filling up the DagBag from /home/airflow/.local/lib/python3.12/site-packages/airflow/example_dags/tutorial_dag.py
[2025-02-01T07:56:53.595+0000] {processor.py:925} INFO - DAG(s) 'tutorial_dag' retrieved from /home/airflow/.local/lib/python3.12/site-packages/airflow/example_dags/tutorial_dag.py
[2025-02-01T07:56:53.623+0000] {logging_mixin.py:190} INFO - [2025-02-01T07:56:53.623+0000] {dag.py:3239} INFO - Sync 1 DAGs
[2025-02-01T07:56:53.645+0000] {logging_mixin.py:190} INFO - [2025-02-01T07:56:53.645+0000] {dag.py:4180} INFO - Setting next_dagrun for tutorial_dag to None, run_after=None
[2025-02-01T07:56:53.681+0000] {processor.py:208} INFO - Processing /home/airflow/.local/lib/python3.12/site-packages/airflow/example_dags/tutorial_dag.py took 0.116 seconds
[2025-02-01T07:57:24.019+0000] {processor.py:186} INFO - Started process (PID=2755) to work on /home/airflow/.local/lib/python3.12/site-packages/airflow/example_dags/tutorial_dag.py
[2025-02-01T07:57:24.020+0000] {processor.py:914} INFO - Processing file /home/airflow/.local/lib/python3.12/site-packages/airflow/example_dags/tutorial_dag.py for tasks to queue
[2025-02-01T07:57:24.024+0000] {logging_mixin.py:190} INFO - [2025-02-01T07:57:24.023+0000] {dagbag.py:588} INFO - Filling up the DagBag from /home/airflow/.local/lib/python3.12/site-packages/airflow/example_dags/tutorial_dag.py
[2025-02-01T07:57:24.036+0000] {processor.py:925} INFO - DAG(s) 'tutorial_dag' retrieved from /home/airflow/.local/lib/python3.12/site-packages/airflow/example_dags/tutorial_dag.py
[2025-02-01T07:57:24.070+0000] {logging_mixin.py:190} INFO - [2025-02-01T07:57:24.070+0000] {dag.py:3239} INFO - Sync 1 DAGs
[2025-02-01T07:57:24.094+0000] {logging_mixin.py:190} INFO - [2025-02-01T07:57:24.093+0000] {dag.py:4180} INFO - Setting next_dagrun for tutorial_dag to None, run_after=None
[2025-02-01T07:57:24.121+0000] {processor.py:208} INFO - Processing /home/airflow/.local/lib/python3.12/site-packages/airflow/example_dags/tutorial_dag.py took 0.114 seconds
[2025-02-01T07:57:55.722+0000] {processor.py:186} INFO - Started process (PID=2821) to work on /home/airflow/.local/lib/python3.12/site-packages/airflow/example_dags/tutorial_dag.py
[2025-02-01T07:57:55.723+0000] {processor.py:914} INFO - Processing file /home/airflow/.local/lib/python3.12/site-packages/airflow/example_dags/tutorial_dag.py for tasks to queue
[2025-02-01T07:57:55.726+0000] {logging_mixin.py:190} INFO - [2025-02-01T07:57:55.726+0000] {dagbag.py:588} INFO - Filling up the DagBag from /home/airflow/.local/lib/python3.12/site-packages/airflow/example_dags/tutorial_dag.py
[2025-02-01T07:57:55.735+0000] {processor.py:925} INFO - DAG(s) 'tutorial_dag' retrieved from /home/airflow/.local/lib/python3.12/site-packages/airflow/example_dags/tutorial_dag.py
[2025-02-01T07:57:55.760+0000] {logging_mixin.py:190} INFO - [2025-02-01T07:57:55.759+0000] {dag.py:3239} INFO - Sync 1 DAGs
[2025-02-01T07:57:55.781+0000] {logging_mixin.py:190} INFO - [2025-02-01T07:57:55.781+0000] {dag.py:4180} INFO - Setting next_dagrun for tutorial_dag to None, run_after=None
[2025-02-01T07:57:55.813+0000] {processor.py:208} INFO - Processing /home/airflow/.local/lib/python3.12/site-packages/airflow/example_dags/tutorial_dag.py took 0.100 seconds
[2025-02-01T07:58:26.381+0000] {processor.py:186} INFO - Started process (PID=2887) to work on /home/airflow/.local/lib/python3.12/site-packages/airflow/example_dags/tutorial_dag.py
[2025-02-01T07:58:26.382+0000] {processor.py:914} INFO - Processing file /home/airflow/.local/lib/python3.12/site-packages/airflow/example_dags/tutorial_dag.py for tasks to queue
[2025-02-01T07:58:26.385+0000] {logging_mixin.py:190} INFO - [2025-02-01T07:58:26.385+0000] {dagbag.py:588} INFO - Filling up the DagBag from /home/airflow/.local/lib/python3.12/site-packages/airflow/example_dags/tutorial_dag.py
[2025-02-01T07:58:26.398+0000] {processor.py:925} INFO - DAG(s) 'tutorial_dag' retrieved from /home/airflow/.local/lib/python3.12/site-packages/airflow/example_dags/tutorial_dag.py
[2025-02-01T07:58:26.428+0000] {logging_mixin.py:190} INFO - [2025-02-01T07:58:26.428+0000] {dag.py:3239} INFO - Sync 1 DAGs
[2025-02-01T07:58:26.451+0000] {logging_mixin.py:190} INFO - [2025-02-01T07:58:26.451+0000] {dag.py:4180} INFO - Setting next_dagrun for tutorial_dag to None, run_after=None
[2025-02-01T07:58:26.480+0000] {processor.py:208} INFO - Processing /home/airflow/.local/lib/python3.12/site-packages/airflow/example_dags/tutorial_dag.py took 0.109 seconds
[2025-02-01T07:58:58.636+0000] {processor.py:186} INFO - Started process (PID=2954) to work on /home/airflow/.local/lib/python3.12/site-packages/airflow/example_dags/tutorial_dag.py
[2025-02-01T07:58:58.637+0000] {processor.py:914} INFO - Processing file /home/airflow/.local/lib/python3.12/site-packages/airflow/example_dags/tutorial_dag.py for tasks to queue
[2025-02-01T07:58:58.640+0000] {logging_mixin.py:190} INFO - [2025-02-01T07:58:58.640+0000] {dagbag.py:588} INFO - Filling up the DagBag from /home/airflow/.local/lib/python3.12/site-packages/airflow/example_dags/tutorial_dag.py
[2025-02-01T07:58:58.649+0000] {processor.py:925} INFO - DAG(s) 'tutorial_dag' retrieved from /home/airflow/.local/lib/python3.12/site-packages/airflow/example_dags/tutorial_dag.py
[2025-02-01T07:58:58.675+0000] {logging_mixin.py:190} INFO - [2025-02-01T07:58:58.675+0000] {dag.py:3239} INFO - Sync 1 DAGs
[2025-02-01T07:58:58.694+0000] {logging_mixin.py:190} INFO - [2025-02-01T07:58:58.693+0000] {dag.py:4180} INFO - Setting next_dagrun for tutorial_dag to None, run_after=None
[2025-02-01T07:58:58.720+0000] {processor.py:208} INFO - Processing /home/airflow/.local/lib/python3.12/site-packages/airflow/example_dags/tutorial_dag.py took 0.096 seconds
[2025-02-01T07:59:31.453+0000] {processor.py:186} INFO - Started process (PID=3021) to work on /home/airflow/.local/lib/python3.12/site-packages/airflow/example_dags/tutorial_dag.py
[2025-02-01T07:59:31.454+0000] {processor.py:914} INFO - Processing file /home/airflow/.local/lib/python3.12/site-packages/airflow/example_dags/tutorial_dag.py for tasks to queue
[2025-02-01T07:59:31.457+0000] {logging_mixin.py:190} INFO - [2025-02-01T07:59:31.457+0000] {dagbag.py:588} INFO - Filling up the DagBag from /home/airflow/.local/lib/python3.12/site-packages/airflow/example_dags/tutorial_dag.py
[2025-02-01T07:59:31.470+0000] {processor.py:925} INFO - DAG(s) 'tutorial_dag' retrieved from /home/airflow/.local/lib/python3.12/site-packages/airflow/example_dags/tutorial_dag.py
[2025-02-01T07:59:31.496+0000] {logging_mixin.py:190} INFO - [2025-02-01T07:59:31.496+0000] {dag.py:3239} INFO - Sync 1 DAGs
[2025-02-01T07:59:31.516+0000] {logging_mixin.py:190} INFO - [2025-02-01T07:59:31.516+0000] {dag.py:4180} INFO - Setting next_dagrun for tutorial_dag to None, run_after=None
[2025-02-01T07:59:31.747+0000] {processor.py:208} INFO - Processing /home/airflow/.local/lib/python3.12/site-packages/airflow/example_dags/tutorial_dag.py took 0.305 seconds
[2025-02-01T08:00:02.397+0000] {processor.py:186} INFO - Started process (PID=3088) to work on /home/airflow/.local/lib/python3.12/site-packages/airflow/example_dags/tutorial_dag.py
[2025-02-01T08:00:02.404+0000] {processor.py:914} INFO - Processing file /home/airflow/.local/lib/python3.12/site-packages/airflow/example_dags/tutorial_dag.py for tasks to queue
[2025-02-01T08:00:02.408+0000] {logging_mixin.py:190} INFO - [2025-02-01T08:00:02.407+0000] {dagbag.py:588} INFO - Filling up the DagBag from /home/airflow/.local/lib/python3.12/site-packages/airflow/example_dags/tutorial_dag.py
[2025-02-01T08:00:02.426+0000] {processor.py:925} INFO - DAG(s) 'tutorial_dag' retrieved from /home/airflow/.local/lib/python3.12/site-packages/airflow/example_dags/tutorial_dag.py
[2025-02-01T08:00:02.462+0000] {logging_mixin.py:190} INFO - [2025-02-01T08:00:02.462+0000] {dag.py:3239} INFO - Sync 1 DAGs
[2025-02-01T08:00:02.485+0000] {logging_mixin.py:190} INFO - [2025-02-01T08:00:02.484+0000] {dag.py:4180} INFO - Setting next_dagrun for tutorial_dag to None, run_after=None
[2025-02-01T08:00:02.522+0000] {processor.py:208} INFO - Processing /home/airflow/.local/lib/python3.12/site-packages/airflow/example_dags/tutorial_dag.py took 0.146 seconds
[2025-02-01T08:00:32.992+0000] {processor.py:186} INFO - Started process (PID=3154) to work on /home/airflow/.local/lib/python3.12/site-packages/airflow/example_dags/tutorial_dag.py
[2025-02-01T08:00:32.995+0000] {processor.py:914} INFO - Processing file /home/airflow/.local/lib/python3.12/site-packages/airflow/example_dags/tutorial_dag.py for tasks to queue
[2025-02-01T08:00:33.000+0000] {logging_mixin.py:190} INFO - [2025-02-01T08:00:32.999+0000] {dagbag.py:588} INFO - Filling up the DagBag from /home/airflow/.local/lib/python3.12/site-packages/airflow/example_dags/tutorial_dag.py
[2025-02-01T08:00:33.014+0000] {processor.py:925} INFO - DAG(s) 'tutorial_dag' retrieved from /home/airflow/.local/lib/python3.12/site-packages/airflow/example_dags/tutorial_dag.py
[2025-02-01T08:00:33.040+0000] {logging_mixin.py:190} INFO - [2025-02-01T08:00:33.040+0000] {dag.py:3239} INFO - Sync 1 DAGs
[2025-02-01T08:00:33.062+0000] {logging_mixin.py:190} INFO - [2025-02-01T08:00:33.062+0000] {dag.py:4180} INFO - Setting next_dagrun for tutorial_dag to None, run_after=None
[2025-02-01T08:00:33.094+0000] {processor.py:208} INFO - Processing /home/airflow/.local/lib/python3.12/site-packages/airflow/example_dags/tutorial_dag.py took 0.116 seconds
[2025-02-01T08:01:03.476+0000] {processor.py:186} INFO - Started process (PID=3221) to work on /home/airflow/.local/lib/python3.12/site-packages/airflow/example_dags/tutorial_dag.py
[2025-02-01T08:01:03.478+0000] {processor.py:914} INFO - Processing file /home/airflow/.local/lib/python3.12/site-packages/airflow/example_dags/tutorial_dag.py for tasks to queue
[2025-02-01T08:01:03.481+0000] {logging_mixin.py:190} INFO - [2025-02-01T08:01:03.480+0000] {dagbag.py:588} INFO - Filling up the DagBag from /home/airflow/.local/lib/python3.12/site-packages/airflow/example_dags/tutorial_dag.py
[2025-02-01T08:01:03.493+0000] {processor.py:925} INFO - DAG(s) 'tutorial_dag' retrieved from /home/airflow/.local/lib/python3.12/site-packages/airflow/example_dags/tutorial_dag.py
[2025-02-01T08:01:03.524+0000] {logging_mixin.py:190} INFO - [2025-02-01T08:01:03.523+0000] {dag.py:3239} INFO - Sync 1 DAGs
[2025-02-01T08:01:03.548+0000] {logging_mixin.py:190} INFO - [2025-02-01T08:01:03.548+0000] {dag.py:4180} INFO - Setting next_dagrun for tutorial_dag to None, run_after=None
[2025-02-01T08:01:03.581+0000] {processor.py:208} INFO - Processing /home/airflow/.local/lib/python3.12/site-packages/airflow/example_dags/tutorial_dag.py took 0.115 seconds
[2025-02-01T08:01:35.176+0000] {processor.py:186} INFO - Started process (PID=3287) to work on /home/airflow/.local/lib/python3.12/site-packages/airflow/example_dags/tutorial_dag.py
[2025-02-01T08:01:35.177+0000] {processor.py:914} INFO - Processing file /home/airflow/.local/lib/python3.12/site-packages/airflow/example_dags/tutorial_dag.py for tasks to queue
[2025-02-01T08:01:35.180+0000] {logging_mixin.py:190} INFO - [2025-02-01T08:01:35.180+0000] {dagbag.py:588} INFO - Filling up the DagBag from /home/airflow/.local/lib/python3.12/site-packages/airflow/example_dags/tutorial_dag.py
[2025-02-01T08:01:35.190+0000] {processor.py:925} INFO - DAG(s) 'tutorial_dag' retrieved from /home/airflow/.local/lib/python3.12/site-packages/airflow/example_dags/tutorial_dag.py
[2025-02-01T08:01:35.216+0000] {logging_mixin.py:190} INFO - [2025-02-01T08:01:35.216+0000] {dag.py:3239} INFO - Sync 1 DAGs
[2025-02-01T08:01:35.237+0000] {logging_mixin.py:190} INFO - [2025-02-01T08:01:35.237+0000] {dag.py:4180} INFO - Setting next_dagrun for tutorial_dag to None, run_after=None
[2025-02-01T08:01:35.264+0000] {processor.py:208} INFO - Processing /home/airflow/.local/lib/python3.12/site-packages/airflow/example_dags/tutorial_dag.py took 0.098 seconds
