[2025-02-01T07:36:56.938+0000] {processor.py:186} INFO - Started process (PID=137) to work on /home/airflow/.local/lib/python3.12/site-packages/airflow/example_dags/tutorial.py
[2025-02-01T07:36:56.939+0000] {processor.py:914} INFO - Processing file /home/airflow/.local/lib/python3.12/site-packages/airflow/example_dags/tutorial.py for tasks to queue
[2025-02-01T07:36:56.943+0000] {logging_mixin.py:190} INFO - [2025-02-01T07:36:56.942+0000] {dagbag.py:588} INFO - Filling up the DagBag from /home/airflow/.local/lib/python3.12/site-packages/airflow/example_dags/tutorial.py
[2025-02-01T07:36:56.957+0000] {processor.py:925} INFO - DAG(s) 'tutorial' retrieved from /home/airflow/.local/lib/python3.12/site-packages/airflow/example_dags/tutorial.py
[2025-02-01T07:36:56.986+0000] {logging_mixin.py:190} INFO - [2025-02-01T07:36:56.985+0000] {dag.py:3239} INFO - Sync 1 DAGs
[2025-02-01T07:36:57.018+0000] {logging_mixin.py:190} INFO - [2025-02-01T07:36:57.018+0000] {dag.py:4180} INFO - Setting next_dagrun for tutorial to 2025-01-31 00:00:00+00:00, run_after=2025-02-01 00:00:00+00:00
[2025-02-01T07:36:57.056+0000] {processor.py:208} INFO - Processing /home/airflow/.local/lib/python3.12/site-packages/airflow/example_dags/tutorial.py took 0.129 seconds
[2025-02-01T07:37:27.650+0000] {processor.py:186} INFO - Started process (PID=206) to work on /home/airflow/.local/lib/python3.12/site-packages/airflow/example_dags/tutorial.py
[2025-02-01T07:37:27.651+0000] {processor.py:914} INFO - Processing file /home/airflow/.local/lib/python3.12/site-packages/airflow/example_dags/tutorial.py for tasks to queue
[2025-02-01T07:37:27.656+0000] {logging_mixin.py:190} INFO - [2025-02-01T07:37:27.656+0000] {dagbag.py:588} INFO - Filling up the DagBag from /home/airflow/.local/lib/python3.12/site-packages/airflow/example_dags/tutorial.py
[2025-02-01T07:37:27.667+0000] {processor.py:925} INFO - DAG(s) 'tutorial' retrieved from /home/airflow/.local/lib/python3.12/site-packages/airflow/example_dags/tutorial.py
[2025-02-01T07:37:27.701+0000] {logging_mixin.py:190} INFO - [2025-02-01T07:37:27.700+0000] {dag.py:3239} INFO - Sync 1 DAGs
[2025-02-01T07:37:27.762+0000] {logging_mixin.py:190} INFO - [2025-02-01T07:37:27.762+0000] {dag.py:4180} INFO - Setting next_dagrun for tutorial to 2025-01-31 00:00:00+00:00, run_after=2025-02-01 00:00:00+00:00
[2025-02-01T07:37:27.893+0000] {processor.py:208} INFO - Processing /home/airflow/.local/lib/python3.12/site-packages/airflow/example_dags/tutorial.py took 0.251 seconds
[2025-02-01T07:37:58.541+0000] {processor.py:186} INFO - Started process (PID=272) to work on /home/airflow/.local/lib/python3.12/site-packages/airflow/example_dags/tutorial.py
[2025-02-01T07:37:58.542+0000] {processor.py:914} INFO - Processing file /home/airflow/.local/lib/python3.12/site-packages/airflow/example_dags/tutorial.py for tasks to queue
[2025-02-01T07:37:58.547+0000] {logging_mixin.py:190} INFO - [2025-02-01T07:37:58.546+0000] {dagbag.py:588} INFO - Filling up the DagBag from /home/airflow/.local/lib/python3.12/site-packages/airflow/example_dags/tutorial.py
[2025-02-01T07:37:58.559+0000] {processor.py:925} INFO - DAG(s) 'tutorial' retrieved from /home/airflow/.local/lib/python3.12/site-packages/airflow/example_dags/tutorial.py
[2025-02-01T07:37:58.598+0000] {logging_mixin.py:190} INFO - [2025-02-01T07:37:58.598+0000] {dag.py:3239} INFO - Sync 1 DAGs
[2025-02-01T07:37:58.636+0000] {logging_mixin.py:190} INFO - [2025-02-01T07:37:58.636+0000] {dag.py:4180} INFO - Setting next_dagrun for tutorial to 2025-01-31 00:00:00+00:00, run_after=2025-02-01 00:00:00+00:00
[2025-02-01T07:37:58.666+0000] {processor.py:208} INFO - Processing /home/airflow/.local/lib/python3.12/site-packages/airflow/example_dags/tutorial.py took 0.136 seconds
[2025-02-01T07:38:29.303+0000] {processor.py:186} INFO - Started process (PID=338) to work on /home/airflow/.local/lib/python3.12/site-packages/airflow/example_dags/tutorial.py
[2025-02-01T07:38:29.304+0000] {processor.py:914} INFO - Processing file /home/airflow/.local/lib/python3.12/site-packages/airflow/example_dags/tutorial.py for tasks to queue
[2025-02-01T07:38:29.308+0000] {logging_mixin.py:190} INFO - [2025-02-01T07:38:29.308+0000] {dagbag.py:588} INFO - Filling up the DagBag from /home/airflow/.local/lib/python3.12/site-packages/airflow/example_dags/tutorial.py
[2025-02-01T07:38:29.319+0000] {processor.py:925} INFO - DAG(s) 'tutorial' retrieved from /home/airflow/.local/lib/python3.12/site-packages/airflow/example_dags/tutorial.py
[2025-02-01T07:38:29.348+0000] {logging_mixin.py:190} INFO - [2025-02-01T07:38:29.347+0000] {dag.py:3239} INFO - Sync 1 DAGs
[2025-02-01T07:38:29.378+0000] {logging_mixin.py:190} INFO - [2025-02-01T07:38:29.378+0000] {dag.py:4180} INFO - Setting next_dagrun for tutorial to 2025-01-31 00:00:00+00:00, run_after=2025-02-01 00:00:00+00:00
[2025-02-01T07:38:29.418+0000] {processor.py:208} INFO - Processing /home/airflow/.local/lib/python3.12/site-packages/airflow/example_dags/tutorial.py took 0.125 seconds
[2025-02-01T07:39:01.679+0000] {processor.py:186} INFO - Started process (PID=405) to work on /home/airflow/.local/lib/python3.12/site-packages/airflow/example_dags/tutorial.py
[2025-02-01T07:39:01.683+0000] {processor.py:914} INFO - Processing file /home/airflow/.local/lib/python3.12/site-packages/airflow/example_dags/tutorial.py for tasks to queue
[2025-02-01T07:39:01.687+0000] {logging_mixin.py:190} INFO - [2025-02-01T07:39:01.686+0000] {dagbag.py:588} INFO - Filling up the DagBag from /home/airflow/.local/lib/python3.12/site-packages/airflow/example_dags/tutorial.py
[2025-02-01T07:39:01.729+0000] {processor.py:925} INFO - DAG(s) 'tutorial' retrieved from /home/airflow/.local/lib/python3.12/site-packages/airflow/example_dags/tutorial.py
[2025-02-01T07:39:01.770+0000] {logging_mixin.py:190} INFO - [2025-02-01T07:39:01.770+0000] {dag.py:3239} INFO - Sync 1 DAGs
[2025-02-01T07:39:01.809+0000] {logging_mixin.py:190} INFO - [2025-02-01T07:39:01.808+0000] {dag.py:4180} INFO - Setting next_dagrun for tutorial to 2025-01-31 00:00:00+00:00, run_after=2025-02-01 00:00:00+00:00
[2025-02-01T07:39:01.835+0000] {processor.py:208} INFO - Processing /home/airflow/.local/lib/python3.12/site-packages/airflow/example_dags/tutorial.py took 0.169 seconds
[2025-02-01T07:39:33.675+0000] {processor.py:186} INFO - Started process (PID=471) to work on /home/airflow/.local/lib/python3.12/site-packages/airflow/example_dags/tutorial.py
[2025-02-01T07:39:33.676+0000] {processor.py:914} INFO - Processing file /home/airflow/.local/lib/python3.12/site-packages/airflow/example_dags/tutorial.py for tasks to queue
[2025-02-01T07:39:33.680+0000] {logging_mixin.py:190} INFO - [2025-02-01T07:39:33.679+0000] {dagbag.py:588} INFO - Filling up the DagBag from /home/airflow/.local/lib/python3.12/site-packages/airflow/example_dags/tutorial.py
[2025-02-01T07:39:33.692+0000] {processor.py:925} INFO - DAG(s) 'tutorial' retrieved from /home/airflow/.local/lib/python3.12/site-packages/airflow/example_dags/tutorial.py
[2025-02-01T07:39:33.718+0000] {logging_mixin.py:190} INFO - [2025-02-01T07:39:33.717+0000] {dag.py:3239} INFO - Sync 1 DAGs
[2025-02-01T07:39:33.753+0000] {logging_mixin.py:190} INFO - [2025-02-01T07:39:33.752+0000] {dag.py:4180} INFO - Setting next_dagrun for tutorial to 2025-01-31 00:00:00+00:00, run_after=2025-02-01 00:00:00+00:00
[2025-02-01T07:39:33.787+0000] {processor.py:208} INFO - Processing /home/airflow/.local/lib/python3.12/site-packages/airflow/example_dags/tutorial.py took 0.123 seconds
[2025-02-01T07:40:04.299+0000] {processor.py:186} INFO - Started process (PID=537) to work on /home/airflow/.local/lib/python3.12/site-packages/airflow/example_dags/tutorial.py
[2025-02-01T07:40:04.300+0000] {processor.py:914} INFO - Processing file /home/airflow/.local/lib/python3.12/site-packages/airflow/example_dags/tutorial.py for tasks to queue
[2025-02-01T07:40:04.304+0000] {logging_mixin.py:190} INFO - [2025-02-01T07:40:04.304+0000] {dagbag.py:588} INFO - Filling up the DagBag from /home/airflow/.local/lib/python3.12/site-packages/airflow/example_dags/tutorial.py
[2025-02-01T07:40:04.316+0000] {processor.py:925} INFO - DAG(s) 'tutorial' retrieved from /home/airflow/.local/lib/python3.12/site-packages/airflow/example_dags/tutorial.py
[2025-02-01T07:40:04.362+0000] {logging_mixin.py:190} INFO - [2025-02-01T07:40:04.361+0000] {dag.py:3239} INFO - Sync 1 DAGs
[2025-02-01T07:40:04.403+0000] {logging_mixin.py:190} INFO - [2025-02-01T07:40:04.403+0000] {dag.py:4180} INFO - Setting next_dagrun for tutorial to 2025-01-31 00:00:00+00:00, run_after=2025-02-01 00:00:00+00:00
[2025-02-01T07:40:04.436+0000] {processor.py:208} INFO - Processing /home/airflow/.local/lib/python3.12/site-packages/airflow/example_dags/tutorial.py took 0.146 seconds
[2025-02-01T07:40:34.774+0000] {processor.py:186} INFO - Started process (PID=608) to work on /home/airflow/.local/lib/python3.12/site-packages/airflow/example_dags/tutorial.py
[2025-02-01T07:40:34.775+0000] {processor.py:914} INFO - Processing file /home/airflow/.local/lib/python3.12/site-packages/airflow/example_dags/tutorial.py for tasks to queue
[2025-02-01T07:40:34.779+0000] {logging_mixin.py:190} INFO - [2025-02-01T07:40:34.778+0000] {dagbag.py:588} INFO - Filling up the DagBag from /home/airflow/.local/lib/python3.12/site-packages/airflow/example_dags/tutorial.py
[2025-02-01T07:40:34.795+0000] {processor.py:925} INFO - DAG(s) 'tutorial' retrieved from /home/airflow/.local/lib/python3.12/site-packages/airflow/example_dags/tutorial.py
[2025-02-01T07:40:34.839+0000] {logging_mixin.py:190} INFO - [2025-02-01T07:40:34.838+0000] {dag.py:3239} INFO - Sync 1 DAGs
[2025-02-01T07:40:34.882+0000] {logging_mixin.py:190} INFO - [2025-02-01T07:40:34.882+0000] {dag.py:4180} INFO - Setting next_dagrun for tutorial to 2025-01-31 00:00:00+00:00, run_after=2025-02-01 00:00:00+00:00
[2025-02-01T07:40:34.910+0000] {processor.py:208} INFO - Processing /home/airflow/.local/lib/python3.12/site-packages/airflow/example_dags/tutorial.py took 0.144 seconds
[2025-02-01T07:41:06.267+0000] {processor.py:186} INFO - Started process (PID=674) to work on /home/airflow/.local/lib/python3.12/site-packages/airflow/example_dags/tutorial.py
[2025-02-01T07:41:06.269+0000] {processor.py:914} INFO - Processing file /home/airflow/.local/lib/python3.12/site-packages/airflow/example_dags/tutorial.py for tasks to queue
[2025-02-01T07:41:06.272+0000] {logging_mixin.py:190} INFO - [2025-02-01T07:41:06.272+0000] {dagbag.py:588} INFO - Filling up the DagBag from /home/airflow/.local/lib/python3.12/site-packages/airflow/example_dags/tutorial.py
[2025-02-01T07:41:06.286+0000] {processor.py:925} INFO - DAG(s) 'tutorial' retrieved from /home/airflow/.local/lib/python3.12/site-packages/airflow/example_dags/tutorial.py
[2025-02-01T07:41:06.323+0000] {logging_mixin.py:190} INFO - [2025-02-01T07:41:06.322+0000] {dag.py:3239} INFO - Sync 1 DAGs
[2025-02-01T07:41:06.363+0000] {logging_mixin.py:190} INFO - [2025-02-01T07:41:06.363+0000] {dag.py:4180} INFO - Setting next_dagrun for tutorial to 2025-01-31 00:00:00+00:00, run_after=2025-02-01 00:00:00+00:00
[2025-02-01T07:41:06.393+0000] {processor.py:208} INFO - Processing /home/airflow/.local/lib/python3.12/site-packages/airflow/example_dags/tutorial.py took 0.138 seconds
[2025-02-01T07:41:37.933+0000] {processor.py:186} INFO - Started process (PID=740) to work on /home/airflow/.local/lib/python3.12/site-packages/airflow/example_dags/tutorial.py
[2025-02-01T07:41:37.935+0000] {processor.py:914} INFO - Processing file /home/airflow/.local/lib/python3.12/site-packages/airflow/example_dags/tutorial.py for tasks to queue
[2025-02-01T07:41:37.938+0000] {logging_mixin.py:190} INFO - [2025-02-01T07:41:37.938+0000] {dagbag.py:588} INFO - Filling up the DagBag from /home/airflow/.local/lib/python3.12/site-packages/airflow/example_dags/tutorial.py
[2025-02-01T07:41:37.950+0000] {processor.py:925} INFO - DAG(s) 'tutorial' retrieved from /home/airflow/.local/lib/python3.12/site-packages/airflow/example_dags/tutorial.py
[2025-02-01T07:41:38.007+0000] {logging_mixin.py:190} INFO - [2025-02-01T07:41:38.007+0000] {dag.py:3239} INFO - Sync 1 DAGs
[2025-02-01T07:41:38.054+0000] {logging_mixin.py:190} INFO - [2025-02-01T07:41:38.054+0000] {dag.py:4180} INFO - Setting next_dagrun for tutorial to 2025-01-31 00:00:00+00:00, run_after=2025-02-01 00:00:00+00:00
[2025-02-01T07:41:38.140+0000] {processor.py:208} INFO - Processing /home/airflow/.local/lib/python3.12/site-packages/airflow/example_dags/tutorial.py took 0.218 seconds
[2025-02-01T07:42:09.869+0000] {processor.py:186} INFO - Started process (PID=806) to work on /home/airflow/.local/lib/python3.12/site-packages/airflow/example_dags/tutorial.py
[2025-02-01T07:42:09.870+0000] {processor.py:914} INFO - Processing file /home/airflow/.local/lib/python3.12/site-packages/airflow/example_dags/tutorial.py for tasks to queue
[2025-02-01T07:42:09.873+0000] {logging_mixin.py:190} INFO - [2025-02-01T07:42:09.873+0000] {dagbag.py:588} INFO - Filling up the DagBag from /home/airflow/.local/lib/python3.12/site-packages/airflow/example_dags/tutorial.py
[2025-02-01T07:42:09.883+0000] {processor.py:925} INFO - DAG(s) 'tutorial' retrieved from /home/airflow/.local/lib/python3.12/site-packages/airflow/example_dags/tutorial.py
[2025-02-01T07:42:09.909+0000] {logging_mixin.py:190} INFO - [2025-02-01T07:42:09.909+0000] {dag.py:3239} INFO - Sync 1 DAGs
[2025-02-01T07:42:09.943+0000] {logging_mixin.py:190} INFO - [2025-02-01T07:42:09.943+0000] {dag.py:4180} INFO - Setting next_dagrun for tutorial to 2025-01-31 00:00:00+00:00, run_after=2025-02-01 00:00:00+00:00
[2025-02-01T07:42:09.972+0000] {processor.py:208} INFO - Processing /home/airflow/.local/lib/python3.12/site-packages/airflow/example_dags/tutorial.py took 0.111 seconds
[2025-02-01T07:42:41.319+0000] {processor.py:186} INFO - Started process (PID=872) to work on /home/airflow/.local/lib/python3.12/site-packages/airflow/example_dags/tutorial.py
[2025-02-01T07:42:41.320+0000] {processor.py:914} INFO - Processing file /home/airflow/.local/lib/python3.12/site-packages/airflow/example_dags/tutorial.py for tasks to queue
[2025-02-01T07:42:41.324+0000] {logging_mixin.py:190} INFO - [2025-02-01T07:42:41.324+0000] {dagbag.py:588} INFO - Filling up the DagBag from /home/airflow/.local/lib/python3.12/site-packages/airflow/example_dags/tutorial.py
[2025-02-01T07:42:41.335+0000] {processor.py:925} INFO - DAG(s) 'tutorial' retrieved from /home/airflow/.local/lib/python3.12/site-packages/airflow/example_dags/tutorial.py
[2025-02-01T07:42:41.363+0000] {logging_mixin.py:190} INFO - [2025-02-01T07:42:41.363+0000] {dag.py:3239} INFO - Sync 1 DAGs
[2025-02-01T07:42:41.396+0000] {logging_mixin.py:190} INFO - [2025-02-01T07:42:41.396+0000] {dag.py:4180} INFO - Setting next_dagrun for tutorial to 2025-01-31 00:00:00+00:00, run_after=2025-02-01 00:00:00+00:00
[2025-02-01T07:42:41.427+0000] {processor.py:208} INFO - Processing /home/airflow/.local/lib/python3.12/site-packages/airflow/example_dags/tutorial.py took 0.119 seconds
[2025-02-01T07:43:12.393+0000] {processor.py:186} INFO - Started process (PID=938) to work on /home/airflow/.local/lib/python3.12/site-packages/airflow/example_dags/tutorial.py
[2025-02-01T07:43:12.394+0000] {processor.py:914} INFO - Processing file /home/airflow/.local/lib/python3.12/site-packages/airflow/example_dags/tutorial.py for tasks to queue
[2025-02-01T07:43:12.398+0000] {logging_mixin.py:190} INFO - [2025-02-01T07:43:12.397+0000] {dagbag.py:588} INFO - Filling up the DagBag from /home/airflow/.local/lib/python3.12/site-packages/airflow/example_dags/tutorial.py
[2025-02-01T07:43:12.409+0000] {processor.py:925} INFO - DAG(s) 'tutorial' retrieved from /home/airflow/.local/lib/python3.12/site-packages/airflow/example_dags/tutorial.py
[2025-02-01T07:43:12.435+0000] {logging_mixin.py:190} INFO - [2025-02-01T07:43:12.435+0000] {dag.py:3239} INFO - Sync 1 DAGs
[2025-02-01T07:43:12.466+0000] {logging_mixin.py:190} INFO - [2025-02-01T07:43:12.466+0000] {dag.py:4180} INFO - Setting next_dagrun for tutorial to 2025-01-31 00:00:00+00:00, run_after=2025-02-01 00:00:00+00:00
[2025-02-01T07:43:12.496+0000] {processor.py:208} INFO - Processing /home/airflow/.local/lib/python3.12/site-packages/airflow/example_dags/tutorial.py took 0.113 seconds
[2025-02-01T07:43:44.119+0000] {processor.py:186} INFO - Started process (PID=1004) to work on /home/airflow/.local/lib/python3.12/site-packages/airflow/example_dags/tutorial.py
[2025-02-01T07:43:44.120+0000] {processor.py:914} INFO - Processing file /home/airflow/.local/lib/python3.12/site-packages/airflow/example_dags/tutorial.py for tasks to queue
[2025-02-01T07:43:44.124+0000] {logging_mixin.py:190} INFO - [2025-02-01T07:43:44.124+0000] {dagbag.py:588} INFO - Filling up the DagBag from /home/airflow/.local/lib/python3.12/site-packages/airflow/example_dags/tutorial.py
[2025-02-01T07:43:44.135+0000] {processor.py:925} INFO - DAG(s) 'tutorial' retrieved from /home/airflow/.local/lib/python3.12/site-packages/airflow/example_dags/tutorial.py
[2025-02-01T07:43:44.162+0000] {logging_mixin.py:190} INFO - [2025-02-01T07:43:44.161+0000] {dag.py:3239} INFO - Sync 1 DAGs
[2025-02-01T07:43:44.206+0000] {logging_mixin.py:190} INFO - [2025-02-01T07:43:44.205+0000] {dag.py:4180} INFO - Setting next_dagrun for tutorial to 2025-01-31 00:00:00+00:00, run_after=2025-02-01 00:00:00+00:00
[2025-02-01T07:43:44.238+0000] {processor.py:208} INFO - Processing /home/airflow/.local/lib/python3.12/site-packages/airflow/example_dags/tutorial.py took 0.128 seconds
[2025-02-01T07:44:16.026+0000] {processor.py:186} INFO - Started process (PID=1070) to work on /home/airflow/.local/lib/python3.12/site-packages/airflow/example_dags/tutorial.py
[2025-02-01T07:44:16.028+0000] {processor.py:914} INFO - Processing file /home/airflow/.local/lib/python3.12/site-packages/airflow/example_dags/tutorial.py for tasks to queue
[2025-02-01T07:44:16.033+0000] {logging_mixin.py:190} INFO - [2025-02-01T07:44:16.033+0000] {dagbag.py:588} INFO - Filling up the DagBag from /home/airflow/.local/lib/python3.12/site-packages/airflow/example_dags/tutorial.py
[2025-02-01T07:44:16.048+0000] {processor.py:925} INFO - DAG(s) 'tutorial' retrieved from /home/airflow/.local/lib/python3.12/site-packages/airflow/example_dags/tutorial.py
[2025-02-01T07:44:16.075+0000] {logging_mixin.py:190} INFO - [2025-02-01T07:44:16.075+0000] {dag.py:3239} INFO - Sync 1 DAGs
[2025-02-01T07:44:16.108+0000] {logging_mixin.py:190} INFO - [2025-02-01T07:44:16.108+0000] {dag.py:4180} INFO - Setting next_dagrun for tutorial to 2025-01-31 00:00:00+00:00, run_after=2025-02-01 00:00:00+00:00
[2025-02-01T07:44:16.136+0000] {processor.py:208} INFO - Processing /home/airflow/.local/lib/python3.12/site-packages/airflow/example_dags/tutorial.py took 0.121 seconds
[2025-02-01T07:44:47.193+0000] {processor.py:186} INFO - Started process (PID=1136) to work on /home/airflow/.local/lib/python3.12/site-packages/airflow/example_dags/tutorial.py
[2025-02-01T07:44:47.194+0000] {processor.py:914} INFO - Processing file /home/airflow/.local/lib/python3.12/site-packages/airflow/example_dags/tutorial.py for tasks to queue
[2025-02-01T07:44:47.198+0000] {logging_mixin.py:190} INFO - [2025-02-01T07:44:47.197+0000] {dagbag.py:588} INFO - Filling up the DagBag from /home/airflow/.local/lib/python3.12/site-packages/airflow/example_dags/tutorial.py
[2025-02-01T07:44:47.208+0000] {processor.py:925} INFO - DAG(s) 'tutorial' retrieved from /home/airflow/.local/lib/python3.12/site-packages/airflow/example_dags/tutorial.py
[2025-02-01T07:44:47.234+0000] {logging_mixin.py:190} INFO - [2025-02-01T07:44:47.233+0000] {dag.py:3239} INFO - Sync 1 DAGs
[2025-02-01T07:44:47.261+0000] {logging_mixin.py:190} INFO - [2025-02-01T07:44:47.261+0000] {dag.py:4180} INFO - Setting next_dagrun for tutorial to 2025-01-31 00:00:00+00:00, run_after=2025-02-01 00:00:00+00:00
[2025-02-01T07:44:47.288+0000] {processor.py:208} INFO - Processing /home/airflow/.local/lib/python3.12/site-packages/airflow/example_dags/tutorial.py took 0.103 seconds
[2025-02-01T07:45:19.077+0000] {processor.py:186} INFO - Started process (PID=1202) to work on /home/airflow/.local/lib/python3.12/site-packages/airflow/example_dags/tutorial.py
[2025-02-01T07:45:19.079+0000] {processor.py:914} INFO - Processing file /home/airflow/.local/lib/python3.12/site-packages/airflow/example_dags/tutorial.py for tasks to queue
[2025-02-01T07:45:19.083+0000] {logging_mixin.py:190} INFO - [2025-02-01T07:45:19.082+0000] {dagbag.py:588} INFO - Filling up the DagBag from /home/airflow/.local/lib/python3.12/site-packages/airflow/example_dags/tutorial.py
[2025-02-01T07:45:19.094+0000] {processor.py:925} INFO - DAG(s) 'tutorial' retrieved from /home/airflow/.local/lib/python3.12/site-packages/airflow/example_dags/tutorial.py
[2025-02-01T07:45:19.122+0000] {logging_mixin.py:190} INFO - [2025-02-01T07:45:19.122+0000] {dag.py:3239} INFO - Sync 1 DAGs
[2025-02-01T07:45:19.167+0000] {logging_mixin.py:190} INFO - [2025-02-01T07:45:19.167+0000] {dag.py:4180} INFO - Setting next_dagrun for tutorial to 2025-01-31 00:00:00+00:00, run_after=2025-02-01 00:00:00+00:00
[2025-02-01T07:45:19.202+0000] {processor.py:208} INFO - Processing /home/airflow/.local/lib/python3.12/site-packages/airflow/example_dags/tutorial.py took 0.133 seconds
[2025-02-01T07:45:50.254+0000] {processor.py:186} INFO - Started process (PID=1268) to work on /home/airflow/.local/lib/python3.12/site-packages/airflow/example_dags/tutorial.py
[2025-02-01T07:45:50.256+0000] {processor.py:914} INFO - Processing file /home/airflow/.local/lib/python3.12/site-packages/airflow/example_dags/tutorial.py for tasks to queue
[2025-02-01T07:45:50.260+0000] {logging_mixin.py:190} INFO - [2025-02-01T07:45:50.259+0000] {dagbag.py:588} INFO - Filling up the DagBag from /home/airflow/.local/lib/python3.12/site-packages/airflow/example_dags/tutorial.py
[2025-02-01T07:45:50.275+0000] {processor.py:925} INFO - DAG(s) 'tutorial' retrieved from /home/airflow/.local/lib/python3.12/site-packages/airflow/example_dags/tutorial.py
[2025-02-01T07:45:50.303+0000] {logging_mixin.py:190} INFO - [2025-02-01T07:45:50.302+0000] {dag.py:3239} INFO - Sync 1 DAGs
[2025-02-01T07:45:50.337+0000] {logging_mixin.py:190} INFO - [2025-02-01T07:45:50.336+0000] {dag.py:4180} INFO - Setting next_dagrun for tutorial to 2025-01-31 00:00:00+00:00, run_after=2025-02-01 00:00:00+00:00
[2025-02-01T07:45:50.385+0000] {processor.py:208} INFO - Processing /home/airflow/.local/lib/python3.12/site-packages/airflow/example_dags/tutorial.py took 0.148 seconds
[2025-02-01T07:46:21.507+0000] {processor.py:186} INFO - Started process (PID=1334) to work on /home/airflow/.local/lib/python3.12/site-packages/airflow/example_dags/tutorial.py
[2025-02-01T07:46:21.508+0000] {processor.py:914} INFO - Processing file /home/airflow/.local/lib/python3.12/site-packages/airflow/example_dags/tutorial.py for tasks to queue
[2025-02-01T07:46:21.512+0000] {logging_mixin.py:190} INFO - [2025-02-01T07:46:21.511+0000] {dagbag.py:588} INFO - Filling up the DagBag from /home/airflow/.local/lib/python3.12/site-packages/airflow/example_dags/tutorial.py
[2025-02-01T07:46:21.525+0000] {processor.py:925} INFO - DAG(s) 'tutorial' retrieved from /home/airflow/.local/lib/python3.12/site-packages/airflow/example_dags/tutorial.py
[2025-02-01T07:46:21.557+0000] {logging_mixin.py:190} INFO - [2025-02-01T07:46:21.557+0000] {dag.py:3239} INFO - Sync 1 DAGs
[2025-02-01T07:46:21.590+0000] {logging_mixin.py:190} INFO - [2025-02-01T07:46:21.590+0000] {dag.py:4180} INFO - Setting next_dagrun for tutorial to 2025-01-31 00:00:00+00:00, run_after=2025-02-01 00:00:00+00:00
[2025-02-01T07:46:21.628+0000] {processor.py:208} INFO - Processing /home/airflow/.local/lib/python3.12/site-packages/airflow/example_dags/tutorial.py took 0.134 seconds
[2025-02-01T07:46:53.024+0000] {processor.py:186} INFO - Started process (PID=1400) to work on /home/airflow/.local/lib/python3.12/site-packages/airflow/example_dags/tutorial.py
[2025-02-01T07:46:53.026+0000] {processor.py:914} INFO - Processing file /home/airflow/.local/lib/python3.12/site-packages/airflow/example_dags/tutorial.py for tasks to queue
[2025-02-01T07:46:53.030+0000] {logging_mixin.py:190} INFO - [2025-02-01T07:46:53.029+0000] {dagbag.py:588} INFO - Filling up the DagBag from /home/airflow/.local/lib/python3.12/site-packages/airflow/example_dags/tutorial.py
[2025-02-01T07:46:53.046+0000] {processor.py:925} INFO - DAG(s) 'tutorial' retrieved from /home/airflow/.local/lib/python3.12/site-packages/airflow/example_dags/tutorial.py
[2025-02-01T07:46:53.074+0000] {logging_mixin.py:190} INFO - [2025-02-01T07:46:53.074+0000] {dag.py:3239} INFO - Sync 1 DAGs
[2025-02-01T07:46:53.110+0000] {logging_mixin.py:190} INFO - [2025-02-01T07:46:53.110+0000] {dag.py:4180} INFO - Setting next_dagrun for tutorial to 2025-01-31 00:00:00+00:00, run_after=2025-02-01 00:00:00+00:00
[2025-02-01T07:46:53.138+0000] {processor.py:208} INFO - Processing /home/airflow/.local/lib/python3.12/site-packages/airflow/example_dags/tutorial.py took 0.125 seconds
[2025-02-01T07:47:24.467+0000] {processor.py:186} INFO - Started process (PID=1466) to work on /home/airflow/.local/lib/python3.12/site-packages/airflow/example_dags/tutorial.py
[2025-02-01T07:47:24.468+0000] {processor.py:914} INFO - Processing file /home/airflow/.local/lib/python3.12/site-packages/airflow/example_dags/tutorial.py for tasks to queue
[2025-02-01T07:47:24.473+0000] {logging_mixin.py:190} INFO - [2025-02-01T07:47:24.473+0000] {dagbag.py:588} INFO - Filling up the DagBag from /home/airflow/.local/lib/python3.12/site-packages/airflow/example_dags/tutorial.py
[2025-02-01T07:47:24.487+0000] {processor.py:925} INFO - DAG(s) 'tutorial' retrieved from /home/airflow/.local/lib/python3.12/site-packages/airflow/example_dags/tutorial.py
[2025-02-01T07:47:24.513+0000] {logging_mixin.py:190} INFO - [2025-02-01T07:47:24.513+0000] {dag.py:3239} INFO - Sync 1 DAGs
[2025-02-01T07:47:24.550+0000] {logging_mixin.py:190} INFO - [2025-02-01T07:47:24.549+0000] {dag.py:4180} INFO - Setting next_dagrun for tutorial to 2025-01-31 00:00:00+00:00, run_after=2025-02-01 00:00:00+00:00
[2025-02-01T07:47:24.577+0000] {processor.py:208} INFO - Processing /home/airflow/.local/lib/python3.12/site-packages/airflow/example_dags/tutorial.py took 0.121 seconds
[2025-02-01T07:47:55.968+0000] {processor.py:186} INFO - Started process (PID=1532) to work on /home/airflow/.local/lib/python3.12/site-packages/airflow/example_dags/tutorial.py
[2025-02-01T07:47:55.969+0000] {processor.py:914} INFO - Processing file /home/airflow/.local/lib/python3.12/site-packages/airflow/example_dags/tutorial.py for tasks to queue
[2025-02-01T07:47:55.974+0000] {logging_mixin.py:190} INFO - [2025-02-01T07:47:55.974+0000] {dagbag.py:588} INFO - Filling up the DagBag from /home/airflow/.local/lib/python3.12/site-packages/airflow/example_dags/tutorial.py
[2025-02-01T07:47:55.988+0000] {processor.py:925} INFO - DAG(s) 'tutorial' retrieved from /home/airflow/.local/lib/python3.12/site-packages/airflow/example_dags/tutorial.py
[2025-02-01T07:47:56.015+0000] {logging_mixin.py:190} INFO - [2025-02-01T07:47:56.015+0000] {dag.py:3239} INFO - Sync 1 DAGs
[2025-02-01T07:47:56.045+0000] {logging_mixin.py:190} INFO - [2025-02-01T07:47:56.045+0000] {dag.py:4180} INFO - Setting next_dagrun for tutorial to 2025-01-31 00:00:00+00:00, run_after=2025-02-01 00:00:00+00:00
[2025-02-01T07:47:56.089+0000] {processor.py:208} INFO - Processing /home/airflow/.local/lib/python3.12/site-packages/airflow/example_dags/tutorial.py took 0.131 seconds
[2025-02-01T07:48:27.101+0000] {processor.py:186} INFO - Started process (PID=1598) to work on /home/airflow/.local/lib/python3.12/site-packages/airflow/example_dags/tutorial.py
[2025-02-01T07:48:27.123+0000] {processor.py:914} INFO - Processing file /home/airflow/.local/lib/python3.12/site-packages/airflow/example_dags/tutorial.py for tasks to queue
[2025-02-01T07:48:27.137+0000] {logging_mixin.py:190} INFO - [2025-02-01T07:48:27.136+0000] {dagbag.py:588} INFO - Filling up the DagBag from /home/airflow/.local/lib/python3.12/site-packages/airflow/example_dags/tutorial.py
[2025-02-01T07:48:27.151+0000] {processor.py:925} INFO - DAG(s) 'tutorial' retrieved from /home/airflow/.local/lib/python3.12/site-packages/airflow/example_dags/tutorial.py
[2025-02-01T07:48:27.181+0000] {logging_mixin.py:190} INFO - [2025-02-01T07:48:27.181+0000] {dag.py:3239} INFO - Sync 1 DAGs
[2025-02-01T07:48:27.216+0000] {logging_mixin.py:190} INFO - [2025-02-01T07:48:27.216+0000] {dag.py:4180} INFO - Setting next_dagrun for tutorial to 2025-01-31 00:00:00+00:00, run_after=2025-02-01 00:00:00+00:00
[2025-02-01T07:48:27.246+0000] {processor.py:208} INFO - Processing /home/airflow/.local/lib/python3.12/site-packages/airflow/example_dags/tutorial.py took 0.157 seconds
[2025-02-01T07:48:58.518+0000] {processor.py:186} INFO - Started process (PID=1664) to work on /home/airflow/.local/lib/python3.12/site-packages/airflow/example_dags/tutorial.py
[2025-02-01T07:48:58.520+0000] {processor.py:914} INFO - Processing file /home/airflow/.local/lib/python3.12/site-packages/airflow/example_dags/tutorial.py for tasks to queue
[2025-02-01T07:48:58.523+0000] {logging_mixin.py:190} INFO - [2025-02-01T07:48:58.522+0000] {dagbag.py:588} INFO - Filling up the DagBag from /home/airflow/.local/lib/python3.12/site-packages/airflow/example_dags/tutorial.py
[2025-02-01T07:48:58.534+0000] {processor.py:925} INFO - DAG(s) 'tutorial' retrieved from /home/airflow/.local/lib/python3.12/site-packages/airflow/example_dags/tutorial.py
[2025-02-01T07:48:58.561+0000] {logging_mixin.py:190} INFO - [2025-02-01T07:48:58.561+0000] {dag.py:3239} INFO - Sync 1 DAGs
[2025-02-01T07:48:58.597+0000] {logging_mixin.py:190} INFO - [2025-02-01T07:48:58.597+0000] {dag.py:4180} INFO - Setting next_dagrun for tutorial to 2025-01-31 00:00:00+00:00, run_after=2025-02-01 00:00:00+00:00
[2025-02-01T07:48:58.625+0000] {processor.py:208} INFO - Processing /home/airflow/.local/lib/python3.12/site-packages/airflow/example_dags/tutorial.py took 0.115 seconds
[2025-02-01T07:49:29.961+0000] {processor.py:186} INFO - Started process (PID=1730) to work on /home/airflow/.local/lib/python3.12/site-packages/airflow/example_dags/tutorial.py
[2025-02-01T07:49:30.022+0000] {processor.py:914} INFO - Processing file /home/airflow/.local/lib/python3.12/site-packages/airflow/example_dags/tutorial.py for tasks to queue
[2025-02-01T07:49:30.027+0000] {logging_mixin.py:190} INFO - [2025-02-01T07:49:30.026+0000] {dagbag.py:588} INFO - Filling up the DagBag from /home/airflow/.local/lib/python3.12/site-packages/airflow/example_dags/tutorial.py
[2025-02-01T07:49:30.047+0000] {processor.py:925} INFO - DAG(s) 'tutorial' retrieved from /home/airflow/.local/lib/python3.12/site-packages/airflow/example_dags/tutorial.py
[2025-02-01T07:49:30.077+0000] {logging_mixin.py:190} INFO - [2025-02-01T07:49:30.076+0000] {dag.py:3239} INFO - Sync 1 DAGs
[2025-02-01T07:49:30.111+0000] {logging_mixin.py:190} INFO - [2025-02-01T07:49:30.111+0000] {dag.py:4180} INFO - Setting next_dagrun for tutorial to 2025-01-31 00:00:00+00:00, run_after=2025-02-01 00:00:00+00:00
[2025-02-01T07:49:30.140+0000] {processor.py:208} INFO - Processing /home/airflow/.local/lib/python3.12/site-packages/airflow/example_dags/tutorial.py took 0.193 seconds
[2025-02-01T07:50:01.423+0000] {processor.py:186} INFO - Started process (PID=1796) to work on /home/airflow/.local/lib/python3.12/site-packages/airflow/example_dags/tutorial.py
[2025-02-01T07:50:01.424+0000] {processor.py:914} INFO - Processing file /home/airflow/.local/lib/python3.12/site-packages/airflow/example_dags/tutorial.py for tasks to queue
[2025-02-01T07:50:01.427+0000] {logging_mixin.py:190} INFO - [2025-02-01T07:50:01.426+0000] {dagbag.py:588} INFO - Filling up the DagBag from /home/airflow/.local/lib/python3.12/site-packages/airflow/example_dags/tutorial.py
[2025-02-01T07:50:01.444+0000] {processor.py:925} INFO - DAG(s) 'tutorial' retrieved from /home/airflow/.local/lib/python3.12/site-packages/airflow/example_dags/tutorial.py
[2025-02-01T07:50:01.525+0000] {logging_mixin.py:190} INFO - [2025-02-01T07:50:01.525+0000] {dag.py:3239} INFO - Sync 1 DAGs
[2025-02-01T07:50:01.553+0000] {logging_mixin.py:190} INFO - [2025-02-01T07:50:01.553+0000] {dag.py:4180} INFO - Setting next_dagrun for tutorial to 2025-01-31 00:00:00+00:00, run_after=2025-02-01 00:00:00+00:00
[2025-02-01T07:50:01.577+0000] {processor.py:208} INFO - Processing /home/airflow/.local/lib/python3.12/site-packages/airflow/example_dags/tutorial.py took 0.163 seconds
[2025-02-01T07:50:33.364+0000] {processor.py:186} INFO - Started process (PID=1866) to work on /home/airflow/.local/lib/python3.12/site-packages/airflow/example_dags/tutorial.py
[2025-02-01T07:50:33.366+0000] {processor.py:914} INFO - Processing file /home/airflow/.local/lib/python3.12/site-packages/airflow/example_dags/tutorial.py for tasks to queue
[2025-02-01T07:50:33.368+0000] {logging_mixin.py:190} INFO - [2025-02-01T07:50:33.368+0000] {dagbag.py:588} INFO - Filling up the DagBag from /home/airflow/.local/lib/python3.12/site-packages/airflow/example_dags/tutorial.py
[2025-02-01T07:50:33.378+0000] {processor.py:925} INFO - DAG(s) 'tutorial' retrieved from /home/airflow/.local/lib/python3.12/site-packages/airflow/example_dags/tutorial.py
[2025-02-01T07:50:33.403+0000] {logging_mixin.py:190} INFO - [2025-02-01T07:50:33.402+0000] {dag.py:3239} INFO - Sync 1 DAGs
[2025-02-01T07:50:33.434+0000] {logging_mixin.py:190} INFO - [2025-02-01T07:50:33.433+0000] {dag.py:4180} INFO - Setting next_dagrun for tutorial to 2025-01-31 00:00:00+00:00, run_after=2025-02-01 00:00:00+00:00
[2025-02-01T07:50:33.461+0000] {processor.py:208} INFO - Processing /home/airflow/.local/lib/python3.12/site-packages/airflow/example_dags/tutorial.py took 0.105 seconds
[2025-02-01T07:51:04.387+0000] {processor.py:186} INFO - Started process (PID=1931) to work on /home/airflow/.local/lib/python3.12/site-packages/airflow/example_dags/tutorial.py
[2025-02-01T07:51:04.388+0000] {processor.py:914} INFO - Processing file /home/airflow/.local/lib/python3.12/site-packages/airflow/example_dags/tutorial.py for tasks to queue
[2025-02-01T07:51:04.391+0000] {logging_mixin.py:190} INFO - [2025-02-01T07:51:04.391+0000] {dagbag.py:588} INFO - Filling up the DagBag from /home/airflow/.local/lib/python3.12/site-packages/airflow/example_dags/tutorial.py
[2025-02-01T07:51:04.403+0000] {processor.py:925} INFO - DAG(s) 'tutorial' retrieved from /home/airflow/.local/lib/python3.12/site-packages/airflow/example_dags/tutorial.py
[2025-02-01T07:51:04.427+0000] {logging_mixin.py:190} INFO - [2025-02-01T07:51:04.427+0000] {dag.py:3239} INFO - Sync 1 DAGs
[2025-02-01T07:51:04.465+0000] {logging_mixin.py:190} INFO - [2025-02-01T07:51:04.465+0000] {dag.py:4180} INFO - Setting next_dagrun for tutorial to 2025-01-31 00:00:00+00:00, run_after=2025-02-01 00:00:00+00:00
[2025-02-01T07:51:04.489+0000] {processor.py:208} INFO - Processing /home/airflow/.local/lib/python3.12/site-packages/airflow/example_dags/tutorial.py took 0.110 seconds
[2025-02-01T07:51:35.497+0000] {processor.py:186} INFO - Started process (PID=1997) to work on /home/airflow/.local/lib/python3.12/site-packages/airflow/example_dags/tutorial.py
[2025-02-01T07:51:35.498+0000] {processor.py:914} INFO - Processing file /home/airflow/.local/lib/python3.12/site-packages/airflow/example_dags/tutorial.py for tasks to queue
[2025-02-01T07:51:35.502+0000] {logging_mixin.py:190} INFO - [2025-02-01T07:51:35.501+0000] {dagbag.py:588} INFO - Filling up the DagBag from /home/airflow/.local/lib/python3.12/site-packages/airflow/example_dags/tutorial.py
[2025-02-01T07:51:35.515+0000] {processor.py:925} INFO - DAG(s) 'tutorial' retrieved from /home/airflow/.local/lib/python3.12/site-packages/airflow/example_dags/tutorial.py
[2025-02-01T07:51:35.547+0000] {logging_mixin.py:190} INFO - [2025-02-01T07:51:35.547+0000] {dag.py:3239} INFO - Sync 1 DAGs
[2025-02-01T07:51:35.582+0000] {logging_mixin.py:190} INFO - [2025-02-01T07:51:35.581+0000] {dag.py:4180} INFO - Setting next_dagrun for tutorial to 2025-01-31 00:00:00+00:00, run_after=2025-02-01 00:00:00+00:00
[2025-02-01T07:51:35.607+0000] {processor.py:208} INFO - Processing /home/airflow/.local/lib/python3.12/site-packages/airflow/example_dags/tutorial.py took 0.120 seconds
[2025-02-01T07:52:07.821+0000] {processor.py:186} INFO - Started process (PID=2070) to work on /home/airflow/.local/lib/python3.12/site-packages/airflow/example_dags/tutorial.py
[2025-02-01T07:52:07.823+0000] {processor.py:914} INFO - Processing file /home/airflow/.local/lib/python3.12/site-packages/airflow/example_dags/tutorial.py for tasks to queue
[2025-02-01T07:52:07.826+0000] {logging_mixin.py:190} INFO - [2025-02-01T07:52:07.825+0000] {dagbag.py:588} INFO - Filling up the DagBag from /home/airflow/.local/lib/python3.12/site-packages/airflow/example_dags/tutorial.py
[2025-02-01T07:52:07.837+0000] {processor.py:925} INFO - DAG(s) 'tutorial' retrieved from /home/airflow/.local/lib/python3.12/site-packages/airflow/example_dags/tutorial.py
[2025-02-01T07:52:07.862+0000] {logging_mixin.py:190} INFO - [2025-02-01T07:52:07.862+0000] {dag.py:3239} INFO - Sync 1 DAGs
[2025-02-01T07:52:07.899+0000] {logging_mixin.py:190} INFO - [2025-02-01T07:52:07.899+0000] {dag.py:4180} INFO - Setting next_dagrun for tutorial to 2025-01-31 00:00:00+00:00, run_after=2025-02-01 00:00:00+00:00
[2025-02-01T07:52:07.930+0000] {processor.py:208} INFO - Processing /home/airflow/.local/lib/python3.12/site-packages/airflow/example_dags/tutorial.py took 0.119 seconds
[2025-02-01T07:52:40.161+0000] {processor.py:186} INFO - Started process (PID=2138) to work on /home/airflow/.local/lib/python3.12/site-packages/airflow/example_dags/tutorial.py
[2025-02-01T07:52:40.162+0000] {processor.py:914} INFO - Processing file /home/airflow/.local/lib/python3.12/site-packages/airflow/example_dags/tutorial.py for tasks to queue
[2025-02-01T07:52:40.166+0000] {logging_mixin.py:190} INFO - [2025-02-01T07:52:40.165+0000] {dagbag.py:588} INFO - Filling up the DagBag from /home/airflow/.local/lib/python3.12/site-packages/airflow/example_dags/tutorial.py
[2025-02-01T07:52:40.182+0000] {processor.py:925} INFO - DAG(s) 'tutorial' retrieved from /home/airflow/.local/lib/python3.12/site-packages/airflow/example_dags/tutorial.py
[2025-02-01T07:52:40.213+0000] {logging_mixin.py:190} INFO - [2025-02-01T07:52:40.212+0000] {dag.py:3239} INFO - Sync 1 DAGs
[2025-02-01T07:52:40.268+0000] {logging_mixin.py:190} INFO - [2025-02-01T07:52:40.268+0000] {dag.py:4180} INFO - Setting next_dagrun for tutorial to 2025-01-31 00:00:00+00:00, run_after=2025-02-01 00:00:00+00:00
[2025-02-01T07:52:40.303+0000] {processor.py:208} INFO - Processing /home/airflow/.local/lib/python3.12/site-packages/airflow/example_dags/tutorial.py took 0.155 seconds
[2025-02-01T07:53:12.176+0000] {processor.py:186} INFO - Started process (PID=2204) to work on /home/airflow/.local/lib/python3.12/site-packages/airflow/example_dags/tutorial.py
[2025-02-01T07:53:12.177+0000] {processor.py:914} INFO - Processing file /home/airflow/.local/lib/python3.12/site-packages/airflow/example_dags/tutorial.py for tasks to queue
[2025-02-01T07:53:12.181+0000] {logging_mixin.py:190} INFO - [2025-02-01T07:53:12.180+0000] {dagbag.py:588} INFO - Filling up the DagBag from /home/airflow/.local/lib/python3.12/site-packages/airflow/example_dags/tutorial.py
[2025-02-01T07:53:12.193+0000] {processor.py:925} INFO - DAG(s) 'tutorial' retrieved from /home/airflow/.local/lib/python3.12/site-packages/airflow/example_dags/tutorial.py
[2025-02-01T07:53:12.220+0000] {logging_mixin.py:190} INFO - [2025-02-01T07:53:12.219+0000] {dag.py:3239} INFO - Sync 1 DAGs
[2025-02-01T07:53:12.264+0000] {logging_mixin.py:190} INFO - [2025-02-01T07:53:12.264+0000] {dag.py:4180} INFO - Setting next_dagrun for tutorial to 2025-01-31 00:00:00+00:00, run_after=2025-02-01 00:00:00+00:00
[2025-02-01T07:53:12.294+0000] {processor.py:208} INFO - Processing /home/airflow/.local/lib/python3.12/site-packages/airflow/example_dags/tutorial.py took 0.127 seconds
[2025-02-01T07:53:43.762+0000] {processor.py:186} INFO - Started process (PID=2270) to work on /home/airflow/.local/lib/python3.12/site-packages/airflow/example_dags/tutorial.py
[2025-02-01T07:53:43.764+0000] {processor.py:914} INFO - Processing file /home/airflow/.local/lib/python3.12/site-packages/airflow/example_dags/tutorial.py for tasks to queue
[2025-02-01T07:53:43.771+0000] {logging_mixin.py:190} INFO - [2025-02-01T07:53:43.771+0000] {dagbag.py:588} INFO - Filling up the DagBag from /home/airflow/.local/lib/python3.12/site-packages/airflow/example_dags/tutorial.py
[2025-02-01T07:53:43.787+0000] {processor.py:925} INFO - DAG(s) 'tutorial' retrieved from /home/airflow/.local/lib/python3.12/site-packages/airflow/example_dags/tutorial.py
[2025-02-01T07:53:43.825+0000] {logging_mixin.py:190} INFO - [2025-02-01T07:53:43.825+0000] {dag.py:3239} INFO - Sync 1 DAGs
[2025-02-01T07:53:43.886+0000] {logging_mixin.py:190} INFO - [2025-02-01T07:53:43.886+0000] {dag.py:4180} INFO - Setting next_dagrun for tutorial to 2025-01-31 00:00:00+00:00, run_after=2025-02-01 00:00:00+00:00
[2025-02-01T07:53:43.929+0000] {processor.py:208} INFO - Processing /home/airflow/.local/lib/python3.12/site-packages/airflow/example_dags/tutorial.py took 0.182 seconds
[2025-02-01T07:54:14.127+0000] {processor.py:186} INFO - Started process (PID=2335) to work on /home/airflow/.local/lib/python3.12/site-packages/airflow/example_dags/tutorial.py
[2025-02-01T07:54:14.129+0000] {processor.py:914} INFO - Processing file /home/airflow/.local/lib/python3.12/site-packages/airflow/example_dags/tutorial.py for tasks to queue
[2025-02-01T07:54:14.132+0000] {logging_mixin.py:190} INFO - [2025-02-01T07:54:14.132+0000] {dagbag.py:588} INFO - Filling up the DagBag from /home/airflow/.local/lib/python3.12/site-packages/airflow/example_dags/tutorial.py
[2025-02-01T07:54:14.142+0000] {processor.py:925} INFO - DAG(s) 'tutorial' retrieved from /home/airflow/.local/lib/python3.12/site-packages/airflow/example_dags/tutorial.py
[2025-02-01T07:54:14.173+0000] {logging_mixin.py:190} INFO - [2025-02-01T07:54:14.172+0000] {dag.py:3239} INFO - Sync 1 DAGs
[2025-02-01T07:54:14.210+0000] {logging_mixin.py:190} INFO - [2025-02-01T07:54:14.210+0000] {dag.py:4180} INFO - Setting next_dagrun for tutorial to 2025-01-31 00:00:00+00:00, run_after=2025-02-01 00:00:00+00:00
[2025-02-01T07:54:14.248+0000] {processor.py:208} INFO - Processing /home/airflow/.local/lib/python3.12/site-packages/airflow/example_dags/tutorial.py took 0.132 seconds
[2025-02-01T07:54:45.050+0000] {processor.py:186} INFO - Started process (PID=2401) to work on /home/airflow/.local/lib/python3.12/site-packages/airflow/example_dags/tutorial.py
[2025-02-01T07:54:45.051+0000] {processor.py:914} INFO - Processing file /home/airflow/.local/lib/python3.12/site-packages/airflow/example_dags/tutorial.py for tasks to queue
[2025-02-01T07:54:45.055+0000] {logging_mixin.py:190} INFO - [2025-02-01T07:54:45.055+0000] {dagbag.py:588} INFO - Filling up the DagBag from /home/airflow/.local/lib/python3.12/site-packages/airflow/example_dags/tutorial.py
[2025-02-01T07:54:45.068+0000] {processor.py:925} INFO - DAG(s) 'tutorial' retrieved from /home/airflow/.local/lib/python3.12/site-packages/airflow/example_dags/tutorial.py
[2025-02-01T07:54:45.097+0000] {logging_mixin.py:190} INFO - [2025-02-01T07:54:45.097+0000] {dag.py:3239} INFO - Sync 1 DAGs
[2025-02-01T07:54:45.140+0000] {logging_mixin.py:190} INFO - [2025-02-01T07:54:45.140+0000] {dag.py:4180} INFO - Setting next_dagrun for tutorial to 2025-01-31 00:00:00+00:00, run_after=2025-02-01 00:00:00+00:00
[2025-02-01T07:54:45.168+0000] {processor.py:208} INFO - Processing /home/airflow/.local/lib/python3.12/site-packages/airflow/example_dags/tutorial.py took 0.127 seconds
[2025-02-01T07:55:16.154+0000] {processor.py:186} INFO - Started process (PID=2467) to work on /home/airflow/.local/lib/python3.12/site-packages/airflow/example_dags/tutorial.py
[2025-02-01T07:55:16.156+0000] {processor.py:914} INFO - Processing file /home/airflow/.local/lib/python3.12/site-packages/airflow/example_dags/tutorial.py for tasks to queue
[2025-02-01T07:55:16.160+0000] {logging_mixin.py:190} INFO - [2025-02-01T07:55:16.159+0000] {dagbag.py:588} INFO - Filling up the DagBag from /home/airflow/.local/lib/python3.12/site-packages/airflow/example_dags/tutorial.py
[2025-02-01T07:55:16.177+0000] {processor.py:925} INFO - DAG(s) 'tutorial' retrieved from /home/airflow/.local/lib/python3.12/site-packages/airflow/example_dags/tutorial.py
[2025-02-01T07:55:16.223+0000] {logging_mixin.py:190} INFO - [2025-02-01T07:55:16.223+0000] {dag.py:3239} INFO - Sync 1 DAGs
[2025-02-01T07:55:16.289+0000] {logging_mixin.py:190} INFO - [2025-02-01T07:55:16.289+0000] {dag.py:4180} INFO - Setting next_dagrun for tutorial to 2025-01-31 00:00:00+00:00, run_after=2025-02-01 00:00:00+00:00
[2025-02-01T07:55:16.317+0000] {processor.py:208} INFO - Processing /home/airflow/.local/lib/python3.12/site-packages/airflow/example_dags/tutorial.py took 0.180 seconds
[2025-02-01T07:55:46.469+0000] {processor.py:186} INFO - Started process (PID=2532) to work on /home/airflow/.local/lib/python3.12/site-packages/airflow/example_dags/tutorial.py
[2025-02-01T07:55:46.471+0000] {processor.py:914} INFO - Processing file /home/airflow/.local/lib/python3.12/site-packages/airflow/example_dags/tutorial.py for tasks to queue
[2025-02-01T07:55:46.475+0000] {logging_mixin.py:190} INFO - [2025-02-01T07:55:46.474+0000] {dagbag.py:588} INFO - Filling up the DagBag from /home/airflow/.local/lib/python3.12/site-packages/airflow/example_dags/tutorial.py
[2025-02-01T07:55:46.495+0000] {processor.py:925} INFO - DAG(s) 'tutorial' retrieved from /home/airflow/.local/lib/python3.12/site-packages/airflow/example_dags/tutorial.py
[2025-02-01T07:55:46.523+0000] {logging_mixin.py:190} INFO - [2025-02-01T07:55:46.522+0000] {dag.py:3239} INFO - Sync 1 DAGs
[2025-02-01T07:55:46.553+0000] {logging_mixin.py:190} INFO - [2025-02-01T07:55:46.553+0000] {dag.py:4180} INFO - Setting next_dagrun for tutorial to 2025-01-31 00:00:00+00:00, run_after=2025-02-01 00:00:00+00:00
[2025-02-01T07:55:46.578+0000] {processor.py:208} INFO - Processing /home/airflow/.local/lib/python3.12/site-packages/airflow/example_dags/tutorial.py took 0.119 seconds
[2025-02-01T07:56:17.928+0000] {processor.py:186} INFO - Started process (PID=2598) to work on /home/airflow/.local/lib/python3.12/site-packages/airflow/example_dags/tutorial.py
[2025-02-01T07:56:17.930+0000] {processor.py:914} INFO - Processing file /home/airflow/.local/lib/python3.12/site-packages/airflow/example_dags/tutorial.py for tasks to queue
[2025-02-01T07:56:17.933+0000] {logging_mixin.py:190} INFO - [2025-02-01T07:56:17.933+0000] {dagbag.py:588} INFO - Filling up the DagBag from /home/airflow/.local/lib/python3.12/site-packages/airflow/example_dags/tutorial.py
[2025-02-01T07:56:17.943+0000] {processor.py:925} INFO - DAG(s) 'tutorial' retrieved from /home/airflow/.local/lib/python3.12/site-packages/airflow/example_dags/tutorial.py
[2025-02-01T07:56:17.973+0000] {logging_mixin.py:190} INFO - [2025-02-01T07:56:17.973+0000] {dag.py:3239} INFO - Sync 1 DAGs
[2025-02-01T07:56:18.006+0000] {logging_mixin.py:190} INFO - [2025-02-01T07:56:18.006+0000] {dag.py:4180} INFO - Setting next_dagrun for tutorial to 2025-01-31 00:00:00+00:00, run_after=2025-02-01 00:00:00+00:00
[2025-02-01T07:56:18.033+0000] {processor.py:208} INFO - Processing /home/airflow/.local/lib/python3.12/site-packages/airflow/example_dags/tutorial.py took 0.113 seconds
[2025-02-01T07:56:49.397+0000] {processor.py:186} INFO - Started process (PID=2664) to work on /home/airflow/.local/lib/python3.12/site-packages/airflow/example_dags/tutorial.py
[2025-02-01T07:56:49.399+0000] {processor.py:914} INFO - Processing file /home/airflow/.local/lib/python3.12/site-packages/airflow/example_dags/tutorial.py for tasks to queue
[2025-02-01T07:56:49.403+0000] {logging_mixin.py:190} INFO - [2025-02-01T07:56:49.403+0000] {dagbag.py:588} INFO - Filling up the DagBag from /home/airflow/.local/lib/python3.12/site-packages/airflow/example_dags/tutorial.py
[2025-02-01T07:56:49.415+0000] {processor.py:925} INFO - DAG(s) 'tutorial' retrieved from /home/airflow/.local/lib/python3.12/site-packages/airflow/example_dags/tutorial.py
[2025-02-01T07:56:49.443+0000] {logging_mixin.py:190} INFO - [2025-02-01T07:56:49.443+0000] {dag.py:3239} INFO - Sync 1 DAGs
[2025-02-01T07:56:49.475+0000] {logging_mixin.py:190} INFO - [2025-02-01T07:56:49.475+0000] {dag.py:4180} INFO - Setting next_dagrun for tutorial to 2025-01-31 00:00:00+00:00, run_after=2025-02-01 00:00:00+00:00
[2025-02-01T07:56:49.503+0000] {processor.py:208} INFO - Processing /home/airflow/.local/lib/python3.12/site-packages/airflow/example_dags/tutorial.py took 0.118 seconds
[2025-02-01T07:57:21.170+0000] {processor.py:186} INFO - Started process (PID=2732) to work on /home/airflow/.local/lib/python3.12/site-packages/airflow/example_dags/tutorial.py
[2025-02-01T07:57:21.175+0000] {processor.py:914} INFO - Processing file /home/airflow/.local/lib/python3.12/site-packages/airflow/example_dags/tutorial.py for tasks to queue
[2025-02-01T07:57:21.179+0000] {logging_mixin.py:190} INFO - [2025-02-01T07:57:21.178+0000] {dagbag.py:588} INFO - Filling up the DagBag from /home/airflow/.local/lib/python3.12/site-packages/airflow/example_dags/tutorial.py
[2025-02-01T07:57:21.198+0000] {processor.py:925} INFO - DAG(s) 'tutorial' retrieved from /home/airflow/.local/lib/python3.12/site-packages/airflow/example_dags/tutorial.py
[2025-02-01T07:57:21.227+0000] {logging_mixin.py:190} INFO - [2025-02-01T07:57:21.227+0000] {dag.py:3239} INFO - Sync 1 DAGs
[2025-02-01T07:57:21.258+0000] {logging_mixin.py:190} INFO - [2025-02-01T07:57:21.257+0000] {dag.py:4180} INFO - Setting next_dagrun for tutorial to 2025-01-31 00:00:00+00:00, run_after=2025-02-01 00:00:00+00:00
[2025-02-01T07:57:21.285+0000] {processor.py:208} INFO - Processing /home/airflow/.local/lib/python3.12/site-packages/airflow/example_dags/tutorial.py took 0.126 seconds
[2025-02-01T07:57:52.475+0000] {processor.py:186} INFO - Started process (PID=2798) to work on /home/airflow/.local/lib/python3.12/site-packages/airflow/example_dags/tutorial.py
[2025-02-01T07:57:52.476+0000] {processor.py:914} INFO - Processing file /home/airflow/.local/lib/python3.12/site-packages/airflow/example_dags/tutorial.py for tasks to queue
[2025-02-01T07:57:52.479+0000] {logging_mixin.py:190} INFO - [2025-02-01T07:57:52.479+0000] {dagbag.py:588} INFO - Filling up the DagBag from /home/airflow/.local/lib/python3.12/site-packages/airflow/example_dags/tutorial.py
[2025-02-01T07:57:52.494+0000] {processor.py:925} INFO - DAG(s) 'tutorial' retrieved from /home/airflow/.local/lib/python3.12/site-packages/airflow/example_dags/tutorial.py
[2025-02-01T07:57:52.529+0000] {logging_mixin.py:190} INFO - [2025-02-01T07:57:52.529+0000] {dag.py:3239} INFO - Sync 1 DAGs
[2025-02-01T07:57:52.571+0000] {logging_mixin.py:190} INFO - [2025-02-01T07:57:52.570+0000] {dag.py:4180} INFO - Setting next_dagrun for tutorial to 2025-01-31 00:00:00+00:00, run_after=2025-02-01 00:00:00+00:00
[2025-02-01T07:57:52.618+0000] {processor.py:208} INFO - Processing /home/airflow/.local/lib/python3.12/site-packages/airflow/example_dags/tutorial.py took 0.155 seconds
[2025-02-01T07:58:23.753+0000] {processor.py:186} INFO - Started process (PID=2864) to work on /home/airflow/.local/lib/python3.12/site-packages/airflow/example_dags/tutorial.py
[2025-02-01T07:58:23.754+0000] {processor.py:914} INFO - Processing file /home/airflow/.local/lib/python3.12/site-packages/airflow/example_dags/tutorial.py for tasks to queue
[2025-02-01T07:58:23.758+0000] {logging_mixin.py:190} INFO - [2025-02-01T07:58:23.757+0000] {dagbag.py:588} INFO - Filling up the DagBag from /home/airflow/.local/lib/python3.12/site-packages/airflow/example_dags/tutorial.py
[2025-02-01T07:58:23.771+0000] {processor.py:925} INFO - DAG(s) 'tutorial' retrieved from /home/airflow/.local/lib/python3.12/site-packages/airflow/example_dags/tutorial.py
[2025-02-01T07:58:23.804+0000] {logging_mixin.py:190} INFO - [2025-02-01T07:58:23.803+0000] {dag.py:3239} INFO - Sync 1 DAGs
[2025-02-01T07:58:23.844+0000] {logging_mixin.py:190} INFO - [2025-02-01T07:58:23.843+0000] {dag.py:4180} INFO - Setting next_dagrun for tutorial to 2025-01-31 00:00:00+00:00, run_after=2025-02-01 00:00:00+00:00
[2025-02-01T07:58:23.875+0000] {processor.py:208} INFO - Processing /home/airflow/.local/lib/python3.12/site-packages/airflow/example_dags/tutorial.py took 0.131 seconds
[2025-02-01T07:58:54.973+0000] {processor.py:186} INFO - Started process (PID=2930) to work on /home/airflow/.local/lib/python3.12/site-packages/airflow/example_dags/tutorial.py
[2025-02-01T07:58:54.975+0000] {processor.py:914} INFO - Processing file /home/airflow/.local/lib/python3.12/site-packages/airflow/example_dags/tutorial.py for tasks to queue
[2025-02-01T07:58:54.980+0000] {logging_mixin.py:190} INFO - [2025-02-01T07:58:54.979+0000] {dagbag.py:588} INFO - Filling up the DagBag from /home/airflow/.local/lib/python3.12/site-packages/airflow/example_dags/tutorial.py
[2025-02-01T07:58:54.994+0000] {processor.py:925} INFO - DAG(s) 'tutorial' retrieved from /home/airflow/.local/lib/python3.12/site-packages/airflow/example_dags/tutorial.py
[2025-02-01T07:58:55.023+0000] {logging_mixin.py:190} INFO - [2025-02-01T07:58:55.022+0000] {dag.py:3239} INFO - Sync 1 DAGs
[2025-02-01T07:58:55.056+0000] {logging_mixin.py:190} INFO - [2025-02-01T07:58:55.055+0000] {dag.py:4180} INFO - Setting next_dagrun for tutorial to 2025-01-31 00:00:00+00:00, run_after=2025-02-01 00:00:00+00:00
[2025-02-01T07:58:55.084+0000] {processor.py:208} INFO - Processing /home/airflow/.local/lib/python3.12/site-packages/airflow/example_dags/tutorial.py took 0.122 seconds
[2025-02-01T07:59:27.310+0000] {processor.py:186} INFO - Started process (PID=2998) to work on /home/airflow/.local/lib/python3.12/site-packages/airflow/example_dags/tutorial.py
[2025-02-01T07:59:27.320+0000] {processor.py:914} INFO - Processing file /home/airflow/.local/lib/python3.12/site-packages/airflow/example_dags/tutorial.py for tasks to queue
[2025-02-01T07:59:27.325+0000] {logging_mixin.py:190} INFO - [2025-02-01T07:59:27.324+0000] {dagbag.py:588} INFO - Filling up the DagBag from /home/airflow/.local/lib/python3.12/site-packages/airflow/example_dags/tutorial.py
[2025-02-01T07:59:27.351+0000] {processor.py:925} INFO - DAG(s) 'tutorial' retrieved from /home/airflow/.local/lib/python3.12/site-packages/airflow/example_dags/tutorial.py
[2025-02-01T07:59:27.399+0000] {logging_mixin.py:190} INFO - [2025-02-01T07:59:27.398+0000] {dag.py:3239} INFO - Sync 1 DAGs
[2025-02-01T07:59:27.458+0000] {logging_mixin.py:190} INFO - [2025-02-01T07:59:27.458+0000] {dag.py:4180} INFO - Setting next_dagrun for tutorial to 2025-01-31 00:00:00+00:00, run_after=2025-02-01 00:00:00+00:00
[2025-02-01T07:59:27.511+0000] {processor.py:208} INFO - Processing /home/airflow/.local/lib/python3.12/site-packages/airflow/example_dags/tutorial.py took 0.221 seconds
[2025-02-01T07:59:58.606+0000] {processor.py:186} INFO - Started process (PID=3065) to work on /home/airflow/.local/lib/python3.12/site-packages/airflow/example_dags/tutorial.py
[2025-02-01T07:59:58.608+0000] {processor.py:914} INFO - Processing file /home/airflow/.local/lib/python3.12/site-packages/airflow/example_dags/tutorial.py for tasks to queue
[2025-02-01T07:59:58.612+0000] {logging_mixin.py:190} INFO - [2025-02-01T07:59:58.611+0000] {dagbag.py:588} INFO - Filling up the DagBag from /home/airflow/.local/lib/python3.12/site-packages/airflow/example_dags/tutorial.py
[2025-02-01T07:59:58.628+0000] {processor.py:925} INFO - DAG(s) 'tutorial' retrieved from /home/airflow/.local/lib/python3.12/site-packages/airflow/example_dags/tutorial.py
[2025-02-01T07:59:58.653+0000] {logging_mixin.py:190} INFO - [2025-02-01T07:59:58.653+0000] {dag.py:3239} INFO - Sync 1 DAGs
[2025-02-01T07:59:58.689+0000] {logging_mixin.py:190} INFO - [2025-02-01T07:59:58.688+0000] {dag.py:4180} INFO - Setting next_dagrun for tutorial to 2025-01-31 00:00:00+00:00, run_after=2025-02-01 00:00:00+00:00
[2025-02-01T07:59:58.711+0000] {processor.py:208} INFO - Processing /home/airflow/.local/lib/python3.12/site-packages/airflow/example_dags/tutorial.py took 0.115 seconds
[2025-02-01T08:00:29.264+0000] {processor.py:186} INFO - Started process (PID=3131) to work on /home/airflow/.local/lib/python3.12/site-packages/airflow/example_dags/tutorial.py
[2025-02-01T08:00:29.265+0000] {processor.py:914} INFO - Processing file /home/airflow/.local/lib/python3.12/site-packages/airflow/example_dags/tutorial.py for tasks to queue
[2025-02-01T08:00:29.270+0000] {logging_mixin.py:190} INFO - [2025-02-01T08:00:29.269+0000] {dagbag.py:588} INFO - Filling up the DagBag from /home/airflow/.local/lib/python3.12/site-packages/airflow/example_dags/tutorial.py
[2025-02-01T08:00:29.282+0000] {processor.py:925} INFO - DAG(s) 'tutorial' retrieved from /home/airflow/.local/lib/python3.12/site-packages/airflow/example_dags/tutorial.py
[2025-02-01T08:00:29.316+0000] {logging_mixin.py:190} INFO - [2025-02-01T08:00:29.315+0000] {dag.py:3239} INFO - Sync 1 DAGs
[2025-02-01T08:00:29.358+0000] {logging_mixin.py:190} INFO - [2025-02-01T08:00:29.357+0000] {dag.py:4180} INFO - Setting next_dagrun for tutorial to 2025-01-31 00:00:00+00:00, run_after=2025-02-01 00:00:00+00:00
[2025-02-01T08:00:29.389+0000] {processor.py:208} INFO - Processing /home/airflow/.local/lib/python3.12/site-packages/airflow/example_dags/tutorial.py took 0.135 seconds
[2025-02-01T08:01:00.313+0000] {processor.py:186} INFO - Started process (PID=3198) to work on /home/airflow/.local/lib/python3.12/site-packages/airflow/example_dags/tutorial.py
[2025-02-01T08:01:00.315+0000] {processor.py:914} INFO - Processing file /home/airflow/.local/lib/python3.12/site-packages/airflow/example_dags/tutorial.py for tasks to queue
[2025-02-01T08:01:00.320+0000] {logging_mixin.py:190} INFO - [2025-02-01T08:01:00.319+0000] {dagbag.py:588} INFO - Filling up the DagBag from /home/airflow/.local/lib/python3.12/site-packages/airflow/example_dags/tutorial.py
[2025-02-01T08:01:00.331+0000] {processor.py:925} INFO - DAG(s) 'tutorial' retrieved from /home/airflow/.local/lib/python3.12/site-packages/airflow/example_dags/tutorial.py
[2025-02-01T08:01:00.361+0000] {logging_mixin.py:190} INFO - [2025-02-01T08:01:00.361+0000] {dag.py:3239} INFO - Sync 1 DAGs
[2025-02-01T08:01:00.398+0000] {logging_mixin.py:190} INFO - [2025-02-01T08:01:00.397+0000] {dag.py:4180} INFO - Setting next_dagrun for tutorial to 2025-01-31 00:00:00+00:00, run_after=2025-02-01 00:00:00+00:00
[2025-02-01T08:01:00.446+0000] {processor.py:208} INFO - Processing /home/airflow/.local/lib/python3.12/site-packages/airflow/example_dags/tutorial.py took 0.143 seconds
[2025-02-01T08:01:32.029+0000] {processor.py:186} INFO - Started process (PID=3264) to work on /home/airflow/.local/lib/python3.12/site-packages/airflow/example_dags/tutorial.py
[2025-02-01T08:01:32.032+0000] {processor.py:914} INFO - Processing file /home/airflow/.local/lib/python3.12/site-packages/airflow/example_dags/tutorial.py for tasks to queue
[2025-02-01T08:01:32.036+0000] {logging_mixin.py:190} INFO - [2025-02-01T08:01:32.036+0000] {dagbag.py:588} INFO - Filling up the DagBag from /home/airflow/.local/lib/python3.12/site-packages/airflow/example_dags/tutorial.py
[2025-02-01T08:01:32.047+0000] {processor.py:925} INFO - DAG(s) 'tutorial' retrieved from /home/airflow/.local/lib/python3.12/site-packages/airflow/example_dags/tutorial.py
[2025-02-01T08:01:32.075+0000] {logging_mixin.py:190} INFO - [2025-02-01T08:01:32.075+0000] {dag.py:3239} INFO - Sync 1 DAGs
[2025-02-01T08:01:32.104+0000] {logging_mixin.py:190} INFO - [2025-02-01T08:01:32.104+0000] {dag.py:4180} INFO - Setting next_dagrun for tutorial to 2025-01-31 00:00:00+00:00, run_after=2025-02-01 00:00:00+00:00
[2025-02-01T08:01:32.131+0000] {processor.py:208} INFO - Processing /home/airflow/.local/lib/python3.12/site-packages/airflow/example_dags/tutorial.py took 0.113 seconds
