[2025-02-01T07:37:01.617+0000] {processor.py:186} INFO - Started process (PID=168) to work on /home/airflow/.local/lib/python3.12/site-packages/airflow/example_dags/tutorial_taskflow_api.py
[2025-02-01T07:37:01.618+0000] {processor.py:914} INFO - Processing file /home/airflow/.local/lib/python3.12/site-packages/airflow/example_dags/tutorial_taskflow_api.py for tasks to queue
[2025-02-01T07:37:01.622+0000] {logging_mixin.py:190} INFO - [2025-02-01T07:37:01.622+0000] {dagbag.py:588} INFO - Filling up the DagBag from /home/airflow/.local/lib/python3.12/site-packages/airflow/example_dags/tutorial_taskflow_api.py
[2025-02-01T07:37:01.645+0000] {processor.py:925} INFO - DAG(s) 'tutorial_taskflow_api' retrieved from /home/airflow/.local/lib/python3.12/site-packages/airflow/example_dags/tutorial_taskflow_api.py
[2025-02-01T07:37:01.670+0000] {logging_mixin.py:190} INFO - [2025-02-01T07:37:01.669+0000] {dag.py:3239} INFO - Sync 1 DAGs
[2025-02-01T07:37:01.695+0000] {logging_mixin.py:190} INFO - [2025-02-01T07:37:01.694+0000] {dag.py:4180} INFO - Setting next_dagrun for tutorial_taskflow_api to None, run_after=None
[2025-02-01T07:37:01.740+0000] {processor.py:208} INFO - Processing /home/airflow/.local/lib/python3.12/site-packages/airflow/example_dags/tutorial_taskflow_api.py took 0.135 seconds
[2025-02-01T07:37:32.893+0000] {processor.py:186} INFO - Started process (PID=234) to work on /home/airflow/.local/lib/python3.12/site-packages/airflow/example_dags/tutorial_taskflow_api.py
[2025-02-01T07:37:32.895+0000] {processor.py:914} INFO - Processing file /home/airflow/.local/lib/python3.12/site-packages/airflow/example_dags/tutorial_taskflow_api.py for tasks to queue
[2025-02-01T07:37:32.905+0000] {logging_mixin.py:190} INFO - [2025-02-01T07:37:32.903+0000] {dagbag.py:588} INFO - Filling up the DagBag from /home/airflow/.local/lib/python3.12/site-packages/airflow/example_dags/tutorial_taskflow_api.py
[2025-02-01T07:37:32.921+0000] {processor.py:925} INFO - DAG(s) 'tutorial_taskflow_api' retrieved from /home/airflow/.local/lib/python3.12/site-packages/airflow/example_dags/tutorial_taskflow_api.py
[2025-02-01T07:37:32.953+0000] {logging_mixin.py:190} INFO - [2025-02-01T07:37:32.953+0000] {dag.py:3239} INFO - Sync 1 DAGs
[2025-02-01T07:37:32.978+0000] {logging_mixin.py:190} INFO - [2025-02-01T07:37:32.978+0000] {dag.py:4180} INFO - Setting next_dagrun for tutorial_taskflow_api to None, run_after=None
[2025-02-01T07:37:33.019+0000] {processor.py:208} INFO - Processing /home/airflow/.local/lib/python3.12/site-packages/airflow/example_dags/tutorial_taskflow_api.py took 0.136 seconds
[2025-02-01T07:38:03.381+0000] {processor.py:186} INFO - Started process (PID=300) to work on /home/airflow/.local/lib/python3.12/site-packages/airflow/example_dags/tutorial_taskflow_api.py
[2025-02-01T07:38:03.382+0000] {processor.py:914} INFO - Processing file /home/airflow/.local/lib/python3.12/site-packages/airflow/example_dags/tutorial_taskflow_api.py for tasks to queue
[2025-02-01T07:38:03.385+0000] {logging_mixin.py:190} INFO - [2025-02-01T07:38:03.385+0000] {dagbag.py:588} INFO - Filling up the DagBag from /home/airflow/.local/lib/python3.12/site-packages/airflow/example_dags/tutorial_taskflow_api.py
[2025-02-01T07:38:03.396+0000] {processor.py:925} INFO - DAG(s) 'tutorial_taskflow_api' retrieved from /home/airflow/.local/lib/python3.12/site-packages/airflow/example_dags/tutorial_taskflow_api.py
[2025-02-01T07:38:03.422+0000] {logging_mixin.py:190} INFO - [2025-02-01T07:38:03.422+0000] {dag.py:3239} INFO - Sync 1 DAGs
[2025-02-01T07:38:03.445+0000] {logging_mixin.py:190} INFO - [2025-02-01T07:38:03.445+0000] {dag.py:4180} INFO - Setting next_dagrun for tutorial_taskflow_api to None, run_after=None
[2025-02-01T07:38:03.493+0000] {processor.py:208} INFO - Processing /home/airflow/.local/lib/python3.12/site-packages/airflow/example_dags/tutorial_taskflow_api.py took 0.123 seconds
[2025-02-01T07:38:34.587+0000] {processor.py:186} INFO - Started process (PID=372) to work on /home/airflow/.local/lib/python3.12/site-packages/airflow/example_dags/tutorial_taskflow_api.py
[2025-02-01T07:38:34.588+0000] {processor.py:914} INFO - Processing file /home/airflow/.local/lib/python3.12/site-packages/airflow/example_dags/tutorial_taskflow_api.py for tasks to queue
[2025-02-01T07:38:34.591+0000] {logging_mixin.py:190} INFO - [2025-02-01T07:38:34.591+0000] {dagbag.py:588} INFO - Filling up the DagBag from /home/airflow/.local/lib/python3.12/site-packages/airflow/example_dags/tutorial_taskflow_api.py
[2025-02-01T07:38:34.604+0000] {processor.py:925} INFO - DAG(s) 'tutorial_taskflow_api' retrieved from /home/airflow/.local/lib/python3.12/site-packages/airflow/example_dags/tutorial_taskflow_api.py
[2025-02-01T07:38:34.630+0000] {logging_mixin.py:190} INFO - [2025-02-01T07:38:34.630+0000] {dag.py:3239} INFO - Sync 1 DAGs
[2025-02-01T07:38:34.648+0000] {logging_mixin.py:190} INFO - [2025-02-01T07:38:34.648+0000] {dag.py:4180} INFO - Setting next_dagrun for tutorial_taskflow_api to None, run_after=None
[2025-02-01T07:38:34.681+0000] {processor.py:208} INFO - Processing /home/airflow/.local/lib/python3.12/site-packages/airflow/example_dags/tutorial_taskflow_api.py took 0.103 seconds
[2025-02-01T07:39:05.014+0000] {processor.py:186} INFO - Started process (PID=438) to work on /home/airflow/.local/lib/python3.12/site-packages/airflow/example_dags/tutorial_taskflow_api.py
[2025-02-01T07:39:05.016+0000] {processor.py:914} INFO - Processing file /home/airflow/.local/lib/python3.12/site-packages/airflow/example_dags/tutorial_taskflow_api.py for tasks to queue
[2025-02-01T07:39:05.022+0000] {logging_mixin.py:190} INFO - [2025-02-01T07:39:05.022+0000] {dagbag.py:588} INFO - Filling up the DagBag from /home/airflow/.local/lib/python3.12/site-packages/airflow/example_dags/tutorial_taskflow_api.py
[2025-02-01T07:39:05.041+0000] {processor.py:925} INFO - DAG(s) 'tutorial_taskflow_api' retrieved from /home/airflow/.local/lib/python3.12/site-packages/airflow/example_dags/tutorial_taskflow_api.py
[2025-02-01T07:39:05.075+0000] {logging_mixin.py:190} INFO - [2025-02-01T07:39:05.074+0000] {dag.py:3239} INFO - Sync 1 DAGs
[2025-02-01T07:39:05.171+0000] {logging_mixin.py:190} INFO - [2025-02-01T07:39:05.171+0000] {dag.py:4180} INFO - Setting next_dagrun for tutorial_taskflow_api to None, run_after=None
[2025-02-01T07:39:05.213+0000] {processor.py:208} INFO - Processing /home/airflow/.local/lib/python3.12/site-packages/airflow/example_dags/tutorial_taskflow_api.py took 0.214 seconds
[2025-02-01T07:39:36.909+0000] {processor.py:186} INFO - Started process (PID=503) to work on /home/airflow/.local/lib/python3.12/site-packages/airflow/example_dags/tutorial_taskflow_api.py
[2025-02-01T07:39:36.911+0000] {processor.py:914} INFO - Processing file /home/airflow/.local/lib/python3.12/site-packages/airflow/example_dags/tutorial_taskflow_api.py for tasks to queue
[2025-02-01T07:39:36.914+0000] {logging_mixin.py:190} INFO - [2025-02-01T07:39:36.914+0000] {dagbag.py:588} INFO - Filling up the DagBag from /home/airflow/.local/lib/python3.12/site-packages/airflow/example_dags/tutorial_taskflow_api.py
[2025-02-01T07:39:36.926+0000] {processor.py:925} INFO - DAG(s) 'tutorial_taskflow_api' retrieved from /home/airflow/.local/lib/python3.12/site-packages/airflow/example_dags/tutorial_taskflow_api.py
[2025-02-01T07:39:36.950+0000] {logging_mixin.py:190} INFO - [2025-02-01T07:39:36.950+0000] {dag.py:3239} INFO - Sync 1 DAGs
[2025-02-01T07:39:36.969+0000] {logging_mixin.py:190} INFO - [2025-02-01T07:39:36.969+0000] {dag.py:4180} INFO - Setting next_dagrun for tutorial_taskflow_api to None, run_after=None
[2025-02-01T07:39:37.042+0000] {processor.py:208} INFO - Processing /home/airflow/.local/lib/python3.12/site-packages/airflow/example_dags/tutorial_taskflow_api.py took 0.143 seconds
[2025-02-01T07:40:08.483+0000] {processor.py:186} INFO - Started process (PID=569) to work on /home/airflow/.local/lib/python3.12/site-packages/airflow/example_dags/tutorial_taskflow_api.py
[2025-02-01T07:40:08.484+0000] {processor.py:914} INFO - Processing file /home/airflow/.local/lib/python3.12/site-packages/airflow/example_dags/tutorial_taskflow_api.py for tasks to queue
[2025-02-01T07:40:08.488+0000] {logging_mixin.py:190} INFO - [2025-02-01T07:40:08.488+0000] {dagbag.py:588} INFO - Filling up the DagBag from /home/airflow/.local/lib/python3.12/site-packages/airflow/example_dags/tutorial_taskflow_api.py
[2025-02-01T07:40:08.498+0000] {processor.py:925} INFO - DAG(s) 'tutorial_taskflow_api' retrieved from /home/airflow/.local/lib/python3.12/site-packages/airflow/example_dags/tutorial_taskflow_api.py
[2025-02-01T07:40:08.520+0000] {logging_mixin.py:190} INFO - [2025-02-01T07:40:08.520+0000] {dag.py:3239} INFO - Sync 1 DAGs
[2025-02-01T07:40:08.538+0000] {logging_mixin.py:190} INFO - [2025-02-01T07:40:08.538+0000] {dag.py:4180} INFO - Setting next_dagrun for tutorial_taskflow_api to None, run_after=None
[2025-02-01T07:40:08.568+0000] {processor.py:208} INFO - Processing /home/airflow/.local/lib/python3.12/site-packages/airflow/example_dags/tutorial_taskflow_api.py took 0.094 seconds
[2025-02-01T07:40:38.963+0000] {processor.py:186} INFO - Started process (PID=635) to work on /home/airflow/.local/lib/python3.12/site-packages/airflow/example_dags/tutorial_taskflow_api.py
[2025-02-01T07:40:38.964+0000] {processor.py:914} INFO - Processing file /home/airflow/.local/lib/python3.12/site-packages/airflow/example_dags/tutorial_taskflow_api.py for tasks to queue
[2025-02-01T07:40:38.967+0000] {logging_mixin.py:190} INFO - [2025-02-01T07:40:38.967+0000] {dagbag.py:588} INFO - Filling up the DagBag from /home/airflow/.local/lib/python3.12/site-packages/airflow/example_dags/tutorial_taskflow_api.py
[2025-02-01T07:40:38.977+0000] {processor.py:925} INFO - DAG(s) 'tutorial_taskflow_api' retrieved from /home/airflow/.local/lib/python3.12/site-packages/airflow/example_dags/tutorial_taskflow_api.py
[2025-02-01T07:40:39.000+0000] {logging_mixin.py:190} INFO - [2025-02-01T07:40:39.000+0000] {dag.py:3239} INFO - Sync 1 DAGs
[2025-02-01T07:40:39.019+0000] {logging_mixin.py:190} INFO - [2025-02-01T07:40:39.019+0000] {dag.py:4180} INFO - Setting next_dagrun for tutorial_taskflow_api to None, run_after=None
[2025-02-01T07:40:39.045+0000] {processor.py:208} INFO - Processing /home/airflow/.local/lib/python3.12/site-packages/airflow/example_dags/tutorial_taskflow_api.py took 0.090 seconds
[2025-02-01T07:41:10.742+0000] {processor.py:186} INFO - Started process (PID=701) to work on /home/airflow/.local/lib/python3.12/site-packages/airflow/example_dags/tutorial_taskflow_api.py
[2025-02-01T07:41:10.744+0000] {processor.py:914} INFO - Processing file /home/airflow/.local/lib/python3.12/site-packages/airflow/example_dags/tutorial_taskflow_api.py for tasks to queue
[2025-02-01T07:41:10.747+0000] {logging_mixin.py:190} INFO - [2025-02-01T07:41:10.746+0000] {dagbag.py:588} INFO - Filling up the DagBag from /home/airflow/.local/lib/python3.12/site-packages/airflow/example_dags/tutorial_taskflow_api.py
[2025-02-01T07:41:10.757+0000] {processor.py:925} INFO - DAG(s) 'tutorial_taskflow_api' retrieved from /home/airflow/.local/lib/python3.12/site-packages/airflow/example_dags/tutorial_taskflow_api.py
[2025-02-01T07:41:10.781+0000] {logging_mixin.py:190} INFO - [2025-02-01T07:41:10.781+0000] {dag.py:3239} INFO - Sync 1 DAGs
[2025-02-01T07:41:10.801+0000] {logging_mixin.py:190} INFO - [2025-02-01T07:41:10.800+0000] {dag.py:4180} INFO - Setting next_dagrun for tutorial_taskflow_api to None, run_after=None
[2025-02-01T07:41:10.824+0000] {processor.py:208} INFO - Processing /home/airflow/.local/lib/python3.12/site-packages/airflow/example_dags/tutorial_taskflow_api.py took 0.091 seconds
[2025-02-01T07:41:42.682+0000] {processor.py:186} INFO - Started process (PID=767) to work on /home/airflow/.local/lib/python3.12/site-packages/airflow/example_dags/tutorial_taskflow_api.py
[2025-02-01T07:41:42.684+0000] {processor.py:914} INFO - Processing file /home/airflow/.local/lib/python3.12/site-packages/airflow/example_dags/tutorial_taskflow_api.py for tasks to queue
[2025-02-01T07:41:42.688+0000] {logging_mixin.py:190} INFO - [2025-02-01T07:41:42.687+0000] {dagbag.py:588} INFO - Filling up the DagBag from /home/airflow/.local/lib/python3.12/site-packages/airflow/example_dags/tutorial_taskflow_api.py
[2025-02-01T07:41:42.705+0000] {processor.py:925} INFO - DAG(s) 'tutorial_taskflow_api' retrieved from /home/airflow/.local/lib/python3.12/site-packages/airflow/example_dags/tutorial_taskflow_api.py
[2025-02-01T07:41:42.731+0000] {logging_mixin.py:190} INFO - [2025-02-01T07:41:42.730+0000] {dag.py:3239} INFO - Sync 1 DAGs
[2025-02-01T07:41:42.750+0000] {logging_mixin.py:190} INFO - [2025-02-01T07:41:42.750+0000] {dag.py:4180} INFO - Setting next_dagrun for tutorial_taskflow_api to None, run_after=None
[2025-02-01T07:41:42.782+0000] {processor.py:208} INFO - Processing /home/airflow/.local/lib/python3.12/site-packages/airflow/example_dags/tutorial_taskflow_api.py took 0.108 seconds
[2025-02-01T07:42:13.168+0000] {processor.py:186} INFO - Started process (PID=832) to work on /home/airflow/.local/lib/python3.12/site-packages/airflow/example_dags/tutorial_taskflow_api.py
[2025-02-01T07:42:13.169+0000] {processor.py:914} INFO - Processing file /home/airflow/.local/lib/python3.12/site-packages/airflow/example_dags/tutorial_taskflow_api.py for tasks to queue
[2025-02-01T07:42:13.175+0000] {logging_mixin.py:190} INFO - [2025-02-01T07:42:13.174+0000] {dagbag.py:588} INFO - Filling up the DagBag from /home/airflow/.local/lib/python3.12/site-packages/airflow/example_dags/tutorial_taskflow_api.py
[2025-02-01T07:42:13.188+0000] {processor.py:925} INFO - DAG(s) 'tutorial_taskflow_api' retrieved from /home/airflow/.local/lib/python3.12/site-packages/airflow/example_dags/tutorial_taskflow_api.py
[2025-02-01T07:42:13.226+0000] {logging_mixin.py:190} INFO - [2025-02-01T07:42:13.225+0000] {dag.py:3239} INFO - Sync 1 DAGs
[2025-02-01T07:42:13.271+0000] {logging_mixin.py:190} INFO - [2025-02-01T07:42:13.270+0000] {dag.py:4180} INFO - Setting next_dagrun for tutorial_taskflow_api to None, run_after=None
[2025-02-01T07:42:13.349+0000] {processor.py:208} INFO - Processing /home/airflow/.local/lib/python3.12/site-packages/airflow/example_dags/tutorial_taskflow_api.py took 0.191 seconds
[2025-02-01T07:42:44.024+0000] {processor.py:186} INFO - Started process (PID=897) to work on /home/airflow/.local/lib/python3.12/site-packages/airflow/example_dags/tutorial_taskflow_api.py
[2025-02-01T07:42:44.025+0000] {processor.py:914} INFO - Processing file /home/airflow/.local/lib/python3.12/site-packages/airflow/example_dags/tutorial_taskflow_api.py for tasks to queue
[2025-02-01T07:42:44.029+0000] {logging_mixin.py:190} INFO - [2025-02-01T07:42:44.028+0000] {dagbag.py:588} INFO - Filling up the DagBag from /home/airflow/.local/lib/python3.12/site-packages/airflow/example_dags/tutorial_taskflow_api.py
[2025-02-01T07:42:44.042+0000] {processor.py:925} INFO - DAG(s) 'tutorial_taskflow_api' retrieved from /home/airflow/.local/lib/python3.12/site-packages/airflow/example_dags/tutorial_taskflow_api.py
[2025-02-01T07:42:44.077+0000] {logging_mixin.py:190} INFO - [2025-02-01T07:42:44.077+0000] {dag.py:3239} INFO - Sync 1 DAGs
[2025-02-01T07:42:44.109+0000] {logging_mixin.py:190} INFO - [2025-02-01T07:42:44.109+0000] {dag.py:4180} INFO - Setting next_dagrun for tutorial_taskflow_api to None, run_after=None
[2025-02-01T07:42:44.143+0000] {processor.py:208} INFO - Processing /home/airflow/.local/lib/python3.12/site-packages/airflow/example_dags/tutorial_taskflow_api.py took 0.128 seconds
[2025-02-01T07:43:14.869+0000] {processor.py:186} INFO - Started process (PID=963) to work on /home/airflow/.local/lib/python3.12/site-packages/airflow/example_dags/tutorial_taskflow_api.py
[2025-02-01T07:43:14.871+0000] {processor.py:914} INFO - Processing file /home/airflow/.local/lib/python3.12/site-packages/airflow/example_dags/tutorial_taskflow_api.py for tasks to queue
[2025-02-01T07:43:14.875+0000] {logging_mixin.py:190} INFO - [2025-02-01T07:43:14.874+0000] {dagbag.py:588} INFO - Filling up the DagBag from /home/airflow/.local/lib/python3.12/site-packages/airflow/example_dags/tutorial_taskflow_api.py
[2025-02-01T07:43:14.886+0000] {processor.py:925} INFO - DAG(s) 'tutorial_taskflow_api' retrieved from /home/airflow/.local/lib/python3.12/site-packages/airflow/example_dags/tutorial_taskflow_api.py
[2025-02-01T07:43:14.912+0000] {logging_mixin.py:190} INFO - [2025-02-01T07:43:14.912+0000] {dag.py:3239} INFO - Sync 1 DAGs
[2025-02-01T07:43:14.934+0000] {logging_mixin.py:190} INFO - [2025-02-01T07:43:14.933+0000] {dag.py:4180} INFO - Setting next_dagrun for tutorial_taskflow_api to None, run_after=None
[2025-02-01T07:43:14.964+0000] {processor.py:208} INFO - Processing /home/airflow/.local/lib/python3.12/site-packages/airflow/example_dags/tutorial_taskflow_api.py took 0.105 seconds
[2025-02-01T07:43:46.374+0000] {processor.py:186} INFO - Started process (PID=1029) to work on /home/airflow/.local/lib/python3.12/site-packages/airflow/example_dags/tutorial_taskflow_api.py
[2025-02-01T07:43:46.376+0000] {processor.py:914} INFO - Processing file /home/airflow/.local/lib/python3.12/site-packages/airflow/example_dags/tutorial_taskflow_api.py for tasks to queue
[2025-02-01T07:43:46.380+0000] {logging_mixin.py:190} INFO - [2025-02-01T07:43:46.380+0000] {dagbag.py:588} INFO - Filling up the DagBag from /home/airflow/.local/lib/python3.12/site-packages/airflow/example_dags/tutorial_taskflow_api.py
[2025-02-01T07:43:46.395+0000] {processor.py:925} INFO - DAG(s) 'tutorial_taskflow_api' retrieved from /home/airflow/.local/lib/python3.12/site-packages/airflow/example_dags/tutorial_taskflow_api.py
[2025-02-01T07:43:46.422+0000] {logging_mixin.py:190} INFO - [2025-02-01T07:43:46.422+0000] {dag.py:3239} INFO - Sync 1 DAGs
[2025-02-01T07:43:46.443+0000] {logging_mixin.py:190} INFO - [2025-02-01T07:43:46.443+0000] {dag.py:4180} INFO - Setting next_dagrun for tutorial_taskflow_api to None, run_after=None
[2025-02-01T07:43:46.480+0000] {processor.py:208} INFO - Processing /home/airflow/.local/lib/python3.12/site-packages/airflow/example_dags/tutorial_taskflow_api.py took 0.118 seconds
[2025-02-01T07:44:19.143+0000] {processor.py:186} INFO - Started process (PID=1095) to work on /home/airflow/.local/lib/python3.12/site-packages/airflow/example_dags/tutorial_taskflow_api.py
[2025-02-01T07:44:19.145+0000] {processor.py:914} INFO - Processing file /home/airflow/.local/lib/python3.12/site-packages/airflow/example_dags/tutorial_taskflow_api.py for tasks to queue
[2025-02-01T07:44:19.149+0000] {logging_mixin.py:190} INFO - [2025-02-01T07:44:19.148+0000] {dagbag.py:588} INFO - Filling up the DagBag from /home/airflow/.local/lib/python3.12/site-packages/airflow/example_dags/tutorial_taskflow_api.py
[2025-02-01T07:44:19.160+0000] {processor.py:925} INFO - DAG(s) 'tutorial_taskflow_api' retrieved from /home/airflow/.local/lib/python3.12/site-packages/airflow/example_dags/tutorial_taskflow_api.py
[2025-02-01T07:44:19.185+0000] {logging_mixin.py:190} INFO - [2025-02-01T07:44:19.185+0000] {dag.py:3239} INFO - Sync 1 DAGs
[2025-02-01T07:44:19.206+0000] {logging_mixin.py:190} INFO - [2025-02-01T07:44:19.206+0000] {dag.py:4180} INFO - Setting next_dagrun for tutorial_taskflow_api to None, run_after=None
[2025-02-01T07:44:19.234+0000] {processor.py:208} INFO - Processing /home/airflow/.local/lib/python3.12/site-packages/airflow/example_dags/tutorial_taskflow_api.py took 0.102 seconds
[2025-02-01T07:44:50.159+0000] {processor.py:186} INFO - Started process (PID=1161) to work on /home/airflow/.local/lib/python3.12/site-packages/airflow/example_dags/tutorial_taskflow_api.py
[2025-02-01T07:44:50.161+0000] {processor.py:914} INFO - Processing file /home/airflow/.local/lib/python3.12/site-packages/airflow/example_dags/tutorial_taskflow_api.py for tasks to queue
[2025-02-01T07:44:50.165+0000] {logging_mixin.py:190} INFO - [2025-02-01T07:44:50.165+0000] {dagbag.py:588} INFO - Filling up the DagBag from /home/airflow/.local/lib/python3.12/site-packages/airflow/example_dags/tutorial_taskflow_api.py
[2025-02-01T07:44:50.178+0000] {processor.py:925} INFO - DAG(s) 'tutorial_taskflow_api' retrieved from /home/airflow/.local/lib/python3.12/site-packages/airflow/example_dags/tutorial_taskflow_api.py
[2025-02-01T07:44:50.207+0000] {logging_mixin.py:190} INFO - [2025-02-01T07:44:50.207+0000] {dag.py:3239} INFO - Sync 1 DAGs
[2025-02-01T07:44:50.229+0000] {logging_mixin.py:190} INFO - [2025-02-01T07:44:50.228+0000] {dag.py:4180} INFO - Setting next_dagrun for tutorial_taskflow_api to None, run_after=None
[2025-02-01T07:44:50.259+0000] {processor.py:208} INFO - Processing /home/airflow/.local/lib/python3.12/site-packages/airflow/example_dags/tutorial_taskflow_api.py took 0.110 seconds
[2025-02-01T07:45:21.628+0000] {processor.py:186} INFO - Started process (PID=1227) to work on /home/airflow/.local/lib/python3.12/site-packages/airflow/example_dags/tutorial_taskflow_api.py
[2025-02-01T07:45:21.630+0000] {processor.py:914} INFO - Processing file /home/airflow/.local/lib/python3.12/site-packages/airflow/example_dags/tutorial_taskflow_api.py for tasks to queue
[2025-02-01T07:45:21.634+0000] {logging_mixin.py:190} INFO - [2025-02-01T07:45:21.634+0000] {dagbag.py:588} INFO - Filling up the DagBag from /home/airflow/.local/lib/python3.12/site-packages/airflow/example_dags/tutorial_taskflow_api.py
[2025-02-01T07:45:21.646+0000] {processor.py:925} INFO - DAG(s) 'tutorial_taskflow_api' retrieved from /home/airflow/.local/lib/python3.12/site-packages/airflow/example_dags/tutorial_taskflow_api.py
[2025-02-01T07:45:21.675+0000] {logging_mixin.py:190} INFO - [2025-02-01T07:45:21.675+0000] {dag.py:3239} INFO - Sync 1 DAGs
[2025-02-01T07:45:21.696+0000] {logging_mixin.py:190} INFO - [2025-02-01T07:45:21.696+0000] {dag.py:4180} INFO - Setting next_dagrun for tutorial_taskflow_api to None, run_after=None
[2025-02-01T07:45:21.737+0000] {processor.py:208} INFO - Processing /home/airflow/.local/lib/python3.12/site-packages/airflow/example_dags/tutorial_taskflow_api.py took 0.120 seconds
[2025-02-01T07:45:53.692+0000] {processor.py:186} INFO - Started process (PID=1293) to work on /home/airflow/.local/lib/python3.12/site-packages/airflow/example_dags/tutorial_taskflow_api.py
[2025-02-01T07:45:53.693+0000] {processor.py:914} INFO - Processing file /home/airflow/.local/lib/python3.12/site-packages/airflow/example_dags/tutorial_taskflow_api.py for tasks to queue
[2025-02-01T07:45:53.700+0000] {logging_mixin.py:190} INFO - [2025-02-01T07:45:53.699+0000] {dagbag.py:588} INFO - Filling up the DagBag from /home/airflow/.local/lib/python3.12/site-packages/airflow/example_dags/tutorial_taskflow_api.py
[2025-02-01T07:45:53.712+0000] {processor.py:925} INFO - DAG(s) 'tutorial_taskflow_api' retrieved from /home/airflow/.local/lib/python3.12/site-packages/airflow/example_dags/tutorial_taskflow_api.py
[2025-02-01T07:45:53.738+0000] {logging_mixin.py:190} INFO - [2025-02-01T07:45:53.738+0000] {dag.py:3239} INFO - Sync 1 DAGs
[2025-02-01T07:45:53.761+0000] {logging_mixin.py:190} INFO - [2025-02-01T07:45:53.760+0000] {dag.py:4180} INFO - Setting next_dagrun for tutorial_taskflow_api to None, run_after=None
[2025-02-01T07:45:53.799+0000] {processor.py:208} INFO - Processing /home/airflow/.local/lib/python3.12/site-packages/airflow/example_dags/tutorial_taskflow_api.py took 0.119 seconds
[2025-02-01T07:46:24.056+0000] {processor.py:186} INFO - Started process (PID=1359) to work on /home/airflow/.local/lib/python3.12/site-packages/airflow/example_dags/tutorial_taskflow_api.py
[2025-02-01T07:46:24.057+0000] {processor.py:914} INFO - Processing file /home/airflow/.local/lib/python3.12/site-packages/airflow/example_dags/tutorial_taskflow_api.py for tasks to queue
[2025-02-01T07:46:24.061+0000] {logging_mixin.py:190} INFO - [2025-02-01T07:46:24.060+0000] {dagbag.py:588} INFO - Filling up the DagBag from /home/airflow/.local/lib/python3.12/site-packages/airflow/example_dags/tutorial_taskflow_api.py
[2025-02-01T07:46:24.072+0000] {processor.py:925} INFO - DAG(s) 'tutorial_taskflow_api' retrieved from /home/airflow/.local/lib/python3.12/site-packages/airflow/example_dags/tutorial_taskflow_api.py
[2025-02-01T07:46:24.098+0000] {logging_mixin.py:190} INFO - [2025-02-01T07:46:24.097+0000] {dag.py:3239} INFO - Sync 1 DAGs
[2025-02-01T07:46:24.120+0000] {logging_mixin.py:190} INFO - [2025-02-01T07:46:24.120+0000] {dag.py:4180} INFO - Setting next_dagrun for tutorial_taskflow_api to None, run_after=None
[2025-02-01T07:46:24.156+0000] {processor.py:208} INFO - Processing /home/airflow/.local/lib/python3.12/site-packages/airflow/example_dags/tutorial_taskflow_api.py took 0.111 seconds
[2025-02-01T07:46:55.276+0000] {processor.py:186} INFO - Started process (PID=1425) to work on /home/airflow/.local/lib/python3.12/site-packages/airflow/example_dags/tutorial_taskflow_api.py
[2025-02-01T07:46:55.277+0000] {processor.py:914} INFO - Processing file /home/airflow/.local/lib/python3.12/site-packages/airflow/example_dags/tutorial_taskflow_api.py for tasks to queue
[2025-02-01T07:46:55.280+0000] {logging_mixin.py:190} INFO - [2025-02-01T07:46:55.280+0000] {dagbag.py:588} INFO - Filling up the DagBag from /home/airflow/.local/lib/python3.12/site-packages/airflow/example_dags/tutorial_taskflow_api.py
[2025-02-01T07:46:55.290+0000] {processor.py:925} INFO - DAG(s) 'tutorial_taskflow_api' retrieved from /home/airflow/.local/lib/python3.12/site-packages/airflow/example_dags/tutorial_taskflow_api.py
[2025-02-01T07:46:55.316+0000] {logging_mixin.py:190} INFO - [2025-02-01T07:46:55.316+0000] {dag.py:3239} INFO - Sync 1 DAGs
[2025-02-01T07:46:55.339+0000] {logging_mixin.py:190} INFO - [2025-02-01T07:46:55.339+0000] {dag.py:4180} INFO - Setting next_dagrun for tutorial_taskflow_api to None, run_after=None
[2025-02-01T07:46:55.371+0000] {processor.py:208} INFO - Processing /home/airflow/.local/lib/python3.12/site-packages/airflow/example_dags/tutorial_taskflow_api.py took 0.105 seconds
[2025-02-01T07:47:27.187+0000] {processor.py:186} INFO - Started process (PID=1491) to work on /home/airflow/.local/lib/python3.12/site-packages/airflow/example_dags/tutorial_taskflow_api.py
[2025-02-01T07:47:27.190+0000] {processor.py:914} INFO - Processing file /home/airflow/.local/lib/python3.12/site-packages/airflow/example_dags/tutorial_taskflow_api.py for tasks to queue
[2025-02-01T07:47:27.197+0000] {logging_mixin.py:190} INFO - [2025-02-01T07:47:27.196+0000] {dagbag.py:588} INFO - Filling up the DagBag from /home/airflow/.local/lib/python3.12/site-packages/airflow/example_dags/tutorial_taskflow_api.py
[2025-02-01T07:47:27.209+0000] {processor.py:925} INFO - DAG(s) 'tutorial_taskflow_api' retrieved from /home/airflow/.local/lib/python3.12/site-packages/airflow/example_dags/tutorial_taskflow_api.py
[2025-02-01T07:47:27.232+0000] {logging_mixin.py:190} INFO - [2025-02-01T07:47:27.232+0000] {dag.py:3239} INFO - Sync 1 DAGs
[2025-02-01T07:47:27.248+0000] {logging_mixin.py:190} INFO - [2025-02-01T07:47:27.248+0000] {dag.py:4180} INFO - Setting next_dagrun for tutorial_taskflow_api to None, run_after=None
[2025-02-01T07:47:27.275+0000] {processor.py:208} INFO - Processing /home/airflow/.local/lib/python3.12/site-packages/airflow/example_dags/tutorial_taskflow_api.py took 0.099 seconds
[2025-02-01T07:47:59.023+0000] {processor.py:186} INFO - Started process (PID=1557) to work on /home/airflow/.local/lib/python3.12/site-packages/airflow/example_dags/tutorial_taskflow_api.py
[2025-02-01T07:47:59.026+0000] {processor.py:914} INFO - Processing file /home/airflow/.local/lib/python3.12/site-packages/airflow/example_dags/tutorial_taskflow_api.py for tasks to queue
[2025-02-01T07:47:59.030+0000] {logging_mixin.py:190} INFO - [2025-02-01T07:47:59.030+0000] {dagbag.py:588} INFO - Filling up the DagBag from /home/airflow/.local/lib/python3.12/site-packages/airflow/example_dags/tutorial_taskflow_api.py
[2025-02-01T07:47:59.049+0000] {processor.py:925} INFO - DAG(s) 'tutorial_taskflow_api' retrieved from /home/airflow/.local/lib/python3.12/site-packages/airflow/example_dags/tutorial_taskflow_api.py
[2025-02-01T07:47:59.082+0000] {logging_mixin.py:190} INFO - [2025-02-01T07:47:59.082+0000] {dag.py:3239} INFO - Sync 1 DAGs
[2025-02-01T07:47:59.106+0000] {logging_mixin.py:190} INFO - [2025-02-01T07:47:59.106+0000] {dag.py:4180} INFO - Setting next_dagrun for tutorial_taskflow_api to None, run_after=None
[2025-02-01T07:47:59.132+0000] {processor.py:208} INFO - Processing /home/airflow/.local/lib/python3.12/site-packages/airflow/example_dags/tutorial_taskflow_api.py took 0.126 seconds
[2025-02-01T07:48:29.683+0000] {processor.py:186} INFO - Started process (PID=1626) to work on /home/airflow/.local/lib/python3.12/site-packages/airflow/example_dags/tutorial_taskflow_api.py
[2025-02-01T07:48:29.684+0000] {processor.py:914} INFO - Processing file /home/airflow/.local/lib/python3.12/site-packages/airflow/example_dags/tutorial_taskflow_api.py for tasks to queue
[2025-02-01T07:48:29.688+0000] {logging_mixin.py:190} INFO - [2025-02-01T07:48:29.687+0000] {dagbag.py:588} INFO - Filling up the DagBag from /home/airflow/.local/lib/python3.12/site-packages/airflow/example_dags/tutorial_taskflow_api.py
[2025-02-01T07:48:29.700+0000] {processor.py:925} INFO - DAG(s) 'tutorial_taskflow_api' retrieved from /home/airflow/.local/lib/python3.12/site-packages/airflow/example_dags/tutorial_taskflow_api.py
[2025-02-01T07:48:29.732+0000] {logging_mixin.py:190} INFO - [2025-02-01T07:48:29.732+0000] {dag.py:3239} INFO - Sync 1 DAGs
[2025-02-01T07:48:29.751+0000] {logging_mixin.py:190} INFO - [2025-02-01T07:48:29.751+0000] {dag.py:4180} INFO - Setting next_dagrun for tutorial_taskflow_api to None, run_after=None
[2025-02-01T07:48:29.780+0000] {processor.py:208} INFO - Processing /home/airflow/.local/lib/python3.12/site-packages/airflow/example_dags/tutorial_taskflow_api.py took 0.107 seconds
[2025-02-01T07:49:01.634+0000] {processor.py:186} INFO - Started process (PID=1696) to work on /home/airflow/.local/lib/python3.12/site-packages/airflow/example_dags/tutorial_taskflow_api.py
[2025-02-01T07:49:01.635+0000] {processor.py:914} INFO - Processing file /home/airflow/.local/lib/python3.12/site-packages/airflow/example_dags/tutorial_taskflow_api.py for tasks to queue
[2025-02-01T07:49:01.637+0000] {logging_mixin.py:190} INFO - [2025-02-01T07:49:01.637+0000] {dagbag.py:588} INFO - Filling up the DagBag from /home/airflow/.local/lib/python3.12/site-packages/airflow/example_dags/tutorial_taskflow_api.py
[2025-02-01T07:49:01.649+0000] {processor.py:925} INFO - DAG(s) 'tutorial_taskflow_api' retrieved from /home/airflow/.local/lib/python3.12/site-packages/airflow/example_dags/tutorial_taskflow_api.py
[2025-02-01T07:49:01.676+0000] {logging_mixin.py:190} INFO - [2025-02-01T07:49:01.676+0000] {dag.py:3239} INFO - Sync 1 DAGs
[2025-02-01T07:49:01.696+0000] {logging_mixin.py:190} INFO - [2025-02-01T07:49:01.696+0000] {dag.py:4180} INFO - Setting next_dagrun for tutorial_taskflow_api to None, run_after=None
[2025-02-01T07:49:01.736+0000] {processor.py:208} INFO - Processing /home/airflow/.local/lib/python3.12/site-packages/airflow/example_dags/tutorial_taskflow_api.py took 0.114 seconds
[2025-02-01T07:49:33.051+0000] {processor.py:186} INFO - Started process (PID=1762) to work on /home/airflow/.local/lib/python3.12/site-packages/airflow/example_dags/tutorial_taskflow_api.py
[2025-02-01T07:49:33.052+0000] {processor.py:914} INFO - Processing file /home/airflow/.local/lib/python3.12/site-packages/airflow/example_dags/tutorial_taskflow_api.py for tasks to queue
[2025-02-01T07:49:33.055+0000] {logging_mixin.py:190} INFO - [2025-02-01T07:49:33.055+0000] {dagbag.py:588} INFO - Filling up the DagBag from /home/airflow/.local/lib/python3.12/site-packages/airflow/example_dags/tutorial_taskflow_api.py
[2025-02-01T07:49:33.067+0000] {processor.py:925} INFO - DAG(s) 'tutorial_taskflow_api' retrieved from /home/airflow/.local/lib/python3.12/site-packages/airflow/example_dags/tutorial_taskflow_api.py
[2025-02-01T07:49:33.100+0000] {logging_mixin.py:190} INFO - [2025-02-01T07:49:33.099+0000] {dag.py:3239} INFO - Sync 1 DAGs
[2025-02-01T07:49:33.128+0000] {logging_mixin.py:190} INFO - [2025-02-01T07:49:33.128+0000] {dag.py:4180} INFO - Setting next_dagrun for tutorial_taskflow_api to None, run_after=None
[2025-02-01T07:49:33.160+0000] {processor.py:208} INFO - Processing /home/airflow/.local/lib/python3.12/site-packages/airflow/example_dags/tutorial_taskflow_api.py took 0.118 seconds
[2025-02-01T07:50:03.992+0000] {processor.py:186} INFO - Started process (PID=1827) to work on /home/airflow/.local/lib/python3.12/site-packages/airflow/example_dags/tutorial_taskflow_api.py
[2025-02-01T07:50:03.993+0000] {processor.py:914} INFO - Processing file /home/airflow/.local/lib/python3.12/site-packages/airflow/example_dags/tutorial_taskflow_api.py for tasks to queue
[2025-02-01T07:50:03.996+0000] {logging_mixin.py:190} INFO - [2025-02-01T07:50:03.996+0000] {dagbag.py:588} INFO - Filling up the DagBag from /home/airflow/.local/lib/python3.12/site-packages/airflow/example_dags/tutorial_taskflow_api.py
[2025-02-01T07:50:04.008+0000] {processor.py:925} INFO - DAG(s) 'tutorial_taskflow_api' retrieved from /home/airflow/.local/lib/python3.12/site-packages/airflow/example_dags/tutorial_taskflow_api.py
[2025-02-01T07:50:04.032+0000] {logging_mixin.py:190} INFO - [2025-02-01T07:50:04.032+0000] {dag.py:3239} INFO - Sync 1 DAGs
[2025-02-01T07:50:04.049+0000] {logging_mixin.py:190} INFO - [2025-02-01T07:50:04.049+0000] {dag.py:4180} INFO - Setting next_dagrun for tutorial_taskflow_api to None, run_after=None
[2025-02-01T07:50:04.076+0000] {processor.py:208} INFO - Processing /home/airflow/.local/lib/python3.12/site-packages/airflow/example_dags/tutorial_taskflow_api.py took 0.094 seconds
[2025-02-01T07:50:35.881+0000] {processor.py:186} INFO - Started process (PID=1899) to work on /home/airflow/.local/lib/python3.12/site-packages/airflow/example_dags/tutorial_taskflow_api.py
[2025-02-01T07:50:35.883+0000] {processor.py:914} INFO - Processing file /home/airflow/.local/lib/python3.12/site-packages/airflow/example_dags/tutorial_taskflow_api.py for tasks to queue
[2025-02-01T07:50:35.886+0000] {logging_mixin.py:190} INFO - [2025-02-01T07:50:35.886+0000] {dagbag.py:588} INFO - Filling up the DagBag from /home/airflow/.local/lib/python3.12/site-packages/airflow/example_dags/tutorial_taskflow_api.py
[2025-02-01T07:50:35.902+0000] {processor.py:925} INFO - DAG(s) 'tutorial_taskflow_api' retrieved from /home/airflow/.local/lib/python3.12/site-packages/airflow/example_dags/tutorial_taskflow_api.py
[2025-02-01T07:50:35.952+0000] {logging_mixin.py:190} INFO - [2025-02-01T07:50:35.952+0000] {dag.py:3239} INFO - Sync 1 DAGs
[2025-02-01T07:50:35.978+0000] {logging_mixin.py:190} INFO - [2025-02-01T07:50:35.977+0000] {dag.py:4180} INFO - Setting next_dagrun for tutorial_taskflow_api to None, run_after=None
[2025-02-01T07:50:36.004+0000] {processor.py:208} INFO - Processing /home/airflow/.local/lib/python3.12/site-packages/airflow/example_dags/tutorial_taskflow_api.py took 0.131 seconds
[2025-02-01T07:51:06.839+0000] {processor.py:186} INFO - Started process (PID=1965) to work on /home/airflow/.local/lib/python3.12/site-packages/airflow/example_dags/tutorial_taskflow_api.py
[2025-02-01T07:51:06.841+0000] {processor.py:914} INFO - Processing file /home/airflow/.local/lib/python3.12/site-packages/airflow/example_dags/tutorial_taskflow_api.py for tasks to queue
[2025-02-01T07:51:06.846+0000] {logging_mixin.py:190} INFO - [2025-02-01T07:51:06.845+0000] {dagbag.py:588} INFO - Filling up the DagBag from /home/airflow/.local/lib/python3.12/site-packages/airflow/example_dags/tutorial_taskflow_api.py
[2025-02-01T07:51:06.860+0000] {processor.py:925} INFO - DAG(s) 'tutorial_taskflow_api' retrieved from /home/airflow/.local/lib/python3.12/site-packages/airflow/example_dags/tutorial_taskflow_api.py
[2025-02-01T07:51:06.885+0000] {logging_mixin.py:190} INFO - [2025-02-01T07:51:06.884+0000] {dag.py:3239} INFO - Sync 1 DAGs
[2025-02-01T07:51:06.905+0000] {logging_mixin.py:190} INFO - [2025-02-01T07:51:06.904+0000] {dag.py:4180} INFO - Setting next_dagrun for tutorial_taskflow_api to None, run_after=None
[2025-02-01T07:51:06.943+0000] {processor.py:208} INFO - Processing /home/airflow/.local/lib/python3.12/site-packages/airflow/example_dags/tutorial_taskflow_api.py took 0.118 seconds
[2025-02-01T07:51:37.987+0000] {processor.py:186} INFO - Started process (PID=2031) to work on /home/airflow/.local/lib/python3.12/site-packages/airflow/example_dags/tutorial_taskflow_api.py
[2025-02-01T07:51:37.989+0000] {processor.py:914} INFO - Processing file /home/airflow/.local/lib/python3.12/site-packages/airflow/example_dags/tutorial_taskflow_api.py for tasks to queue
[2025-02-01T07:51:38.000+0000] {logging_mixin.py:190} INFO - [2025-02-01T07:51:38.000+0000] {dagbag.py:588} INFO - Filling up the DagBag from /home/airflow/.local/lib/python3.12/site-packages/airflow/example_dags/tutorial_taskflow_api.py
[2025-02-01T07:51:38.015+0000] {processor.py:925} INFO - DAG(s) 'tutorial_taskflow_api' retrieved from /home/airflow/.local/lib/python3.12/site-packages/airflow/example_dags/tutorial_taskflow_api.py
[2025-02-01T07:51:38.046+0000] {logging_mixin.py:190} INFO - [2025-02-01T07:51:38.045+0000] {dag.py:3239} INFO - Sync 1 DAGs
[2025-02-01T07:51:38.071+0000] {logging_mixin.py:190} INFO - [2025-02-01T07:51:38.071+0000] {dag.py:4180} INFO - Setting next_dagrun for tutorial_taskflow_api to None, run_after=None
[2025-02-01T07:51:38.098+0000] {processor.py:208} INFO - Processing /home/airflow/.local/lib/python3.12/site-packages/airflow/example_dags/tutorial_taskflow_api.py took 0.122 seconds
[2025-02-01T07:52:10.802+0000] {processor.py:186} INFO - Started process (PID=2097) to work on /home/airflow/.local/lib/python3.12/site-packages/airflow/example_dags/tutorial_taskflow_api.py
[2025-02-01T07:52:10.805+0000] {processor.py:914} INFO - Processing file /home/airflow/.local/lib/python3.12/site-packages/airflow/example_dags/tutorial_taskflow_api.py for tasks to queue
[2025-02-01T07:52:10.809+0000] {logging_mixin.py:190} INFO - [2025-02-01T07:52:10.808+0000] {dagbag.py:588} INFO - Filling up the DagBag from /home/airflow/.local/lib/python3.12/site-packages/airflow/example_dags/tutorial_taskflow_api.py
[2025-02-01T07:52:10.820+0000] {processor.py:925} INFO - DAG(s) 'tutorial_taskflow_api' retrieved from /home/airflow/.local/lib/python3.12/site-packages/airflow/example_dags/tutorial_taskflow_api.py
[2025-02-01T07:52:10.844+0000] {logging_mixin.py:190} INFO - [2025-02-01T07:52:10.843+0000] {dag.py:3239} INFO - Sync 1 DAGs
[2025-02-01T07:52:10.864+0000] {logging_mixin.py:190} INFO - [2025-02-01T07:52:10.863+0000] {dag.py:4180} INFO - Setting next_dagrun for tutorial_taskflow_api to None, run_after=None
[2025-02-01T07:52:10.891+0000] {processor.py:208} INFO - Processing /home/airflow/.local/lib/python3.12/site-packages/airflow/example_dags/tutorial_taskflow_api.py took 0.098 seconds
[2025-02-01T07:52:43.025+0000] {processor.py:186} INFO - Started process (PID=2163) to work on /home/airflow/.local/lib/python3.12/site-packages/airflow/example_dags/tutorial_taskflow_api.py
[2025-02-01T07:52:43.026+0000] {processor.py:914} INFO - Processing file /home/airflow/.local/lib/python3.12/site-packages/airflow/example_dags/tutorial_taskflow_api.py for tasks to queue
[2025-02-01T07:52:43.030+0000] {logging_mixin.py:190} INFO - [2025-02-01T07:52:43.029+0000] {dagbag.py:588} INFO - Filling up the DagBag from /home/airflow/.local/lib/python3.12/site-packages/airflow/example_dags/tutorial_taskflow_api.py
[2025-02-01T07:52:43.042+0000] {processor.py:925} INFO - DAG(s) 'tutorial_taskflow_api' retrieved from /home/airflow/.local/lib/python3.12/site-packages/airflow/example_dags/tutorial_taskflow_api.py
[2025-02-01T07:52:43.070+0000] {logging_mixin.py:190} INFO - [2025-02-01T07:52:43.070+0000] {dag.py:3239} INFO - Sync 1 DAGs
[2025-02-01T07:52:43.094+0000] {logging_mixin.py:190} INFO - [2025-02-01T07:52:43.094+0000] {dag.py:4180} INFO - Setting next_dagrun for tutorial_taskflow_api to None, run_after=None
[2025-02-01T07:52:43.123+0000] {processor.py:208} INFO - Processing /home/airflow/.local/lib/python3.12/site-packages/airflow/example_dags/tutorial_taskflow_api.py took 0.107 seconds
