[2025-01-22T17:17:19.844+0000] {local_task_job_runner.py:123} INFO - ::group::Pre task execution logs
[2025-01-22T17:17:19.885+0000] {taskinstance.py:2613} INFO - Dependencies all met for dep_context=non-requeueable deps ti=<TaskInstance: my_dag.training_model_A scheduled__2025-01-21T00:00:00+00:00 [queued]>
[2025-01-22T17:17:19.900+0000] {taskinstance.py:2613} INFO - Dependencies all met for dep_context=requeueable deps ti=<TaskInstance: my_dag.training_model_A scheduled__2025-01-21T00:00:00+00:00 [queued]>
[2025-01-22T17:17:19.902+0000] {taskinstance.py:2866} INFO - Starting attempt 1 of 1
[2025-01-22T17:17:19.926+0000] {taskinstance.py:2889} INFO - Executing <Task(PythonOperator): training_model_A> on 2025-01-21 00:00:00+00:00
[2025-01-22T17:17:19.944+0000] {warnings.py:112} WARNING - /home/***/.local/lib/python3.12/site-packages/***/task/task_runner/standard_task_runner.py:70: DeprecationWarning: This process (pid=462) is multi-threaded, use of fork() may lead to deadlocks in the child.
  pid = os.fork()

[2025-01-22T17:17:19.947+0000] {standard_task_runner.py:72} INFO - Started process 474 to run task
[2025-01-22T17:17:19.948+0000] {standard_task_runner.py:104} INFO - Running: ['***', 'tasks', 'run', 'my_dag', 'training_model_A', 'scheduled__2025-01-21T00:00:00+00:00', '--job-id', '60', '--raw', '--subdir', 'DAGS_FOLDER/my_dags.py', '--cfg-path', '/tmp/tmp308rtece']
[2025-01-22T17:17:19.951+0000] {standard_task_runner.py:105} INFO - Job 60: Subtask training_model_A
[2025-01-22T17:17:21.946+0000] {task_command.py:467} INFO - Running <TaskInstance: my_dag.training_model_A scheduled__2025-01-21T00:00:00+00:00 [running]> on host f20f83373f6a
[2025-01-22T17:17:22.118+0000] {taskinstance.py:3132} INFO - Exporting env vars: AIRFLOW_CTX_DAG_OWNER='***' AIRFLOW_CTX_DAG_ID='my_dag' AIRFLOW_CTX_TASK_ID='training_model_A' AIRFLOW_CTX_EXECUTION_DATE='2025-01-21T00:00:00+00:00' AIRFLOW_CTX_TRY_NUMBER='1' AIRFLOW_CTX_DAG_RUN_ID='scheduled__2025-01-21T00:00:00+00:00'
[2025-01-22T17:17:22.120+0000] {logging_mixin.py:190} INFO - Task instance is in running state
[2025-01-22T17:17:22.121+0000] {logging_mixin.py:190} INFO -  Previous state of the Task instance: queued
[2025-01-22T17:17:22.122+0000] {logging_mixin.py:190} INFO - Current task name:training_model_A state:running start_date:2025-01-22 17:17:19.886890+00:00
[2025-01-22T17:17:22.123+0000] {logging_mixin.py:190} INFO - Dag name:my_dag and current dag run status:running
[2025-01-22T17:17:22.124+0000] {taskinstance.py:731} INFO - ::endgroup::
[2025-01-22T17:17:22.125+0000] {python.py:240} INFO - Done. Returned value was: 3
[2025-01-22T17:17:22.188+0000] {taskinstance.py:340} INFO - ::group::Post task execution logs
[2025-01-22T17:17:22.190+0000] {taskinstance.py:352} INFO - Marking task as SUCCESS. dag_id=my_dag, task_id=training_model_A, run_id=scheduled__2025-01-21T00:00:00+00:00, execution_date=20250121T000000, start_date=20250122T171719, end_date=20250122T171722
[2025-01-22T17:17:22.207+0000] {logging_mixin.py:190} INFO - Task instance in success state
[2025-01-22T17:17:22.208+0000] {logging_mixin.py:190} INFO -  Previous state of the Task instance: running
[2025-01-22T17:17:22.209+0000] {logging_mixin.py:190} INFO - Dag name:my_dag queued_at:2025-01-22 17:17:07.962986+00:00
[2025-01-22T17:17:22.211+0000] {logging_mixin.py:190} INFO - Task hostname:f20f83373f6a operator:PythonOperator
[2025-01-22T17:17:22.262+0000] {local_task_job_runner.py:266} INFO - Task exited with return code 0
[2025-01-22T17:17:22.285+0000] {local_task_job_runner.py:245} INFO - ::endgroup::
