[2025-01-22T17:17:19.843+0000] {local_task_job_runner.py:123} INFO - ::group::Pre task execution logs
[2025-01-22T17:17:19.882+0000] {taskinstance.py:2613} INFO - Dependencies all met for dep_context=non-requeueable deps ti=<TaskInstance: my_dag.training_model_B scheduled__2025-01-21T00:00:00+00:00 [queued]>
[2025-01-22T17:17:19.898+0000] {taskinstance.py:2613} INFO - Dependencies all met for dep_context=requeueable deps ti=<TaskInstance: my_dag.training_model_B scheduled__2025-01-21T00:00:00+00:00 [queued]>
[2025-01-22T17:17:19.899+0000] {taskinstance.py:2866} INFO - Starting attempt 1 of 1
[2025-01-22T17:17:19.931+0000] {taskinstance.py:2889} INFO - Executing <Task(PythonOperator): training_model_B> on 2025-01-21 00:00:00+00:00
[2025-01-22T17:17:19.957+0000] {warnings.py:112} WARNING - /home/***/.local/lib/python3.12/site-packages/***/task/task_runner/standard_task_runner.py:70: DeprecationWarning: This process (pid=463) is multi-threaded, use of fork() may lead to deadlocks in the child.
  pid = os.fork()

[2025-01-22T17:17:19.974+0000] {standard_task_runner.py:72} INFO - Started process 476 to run task
[2025-01-22T17:17:19.979+0000] {standard_task_runner.py:104} INFO - Running: ['***', 'tasks', 'run', 'my_dag', 'training_model_B', 'scheduled__2025-01-21T00:00:00+00:00', '--job-id', '59', '--raw', '--subdir', 'DAGS_FOLDER/my_dags.py', '--cfg-path', '/tmp/tmpylh_krny']
[2025-01-22T17:17:19.985+0000] {standard_task_runner.py:105} INFO - Job 59: Subtask training_model_B
[2025-01-22T17:17:22.031+0000] {task_command.py:467} INFO - Running <TaskInstance: my_dag.training_model_B scheduled__2025-01-21T00:00:00+00:00 [running]> on host f20f83373f6a
[2025-01-22T17:17:22.213+0000] {taskinstance.py:3132} INFO - Exporting env vars: AIRFLOW_CTX_DAG_OWNER='***' AIRFLOW_CTX_DAG_ID='my_dag' AIRFLOW_CTX_TASK_ID='training_model_B' AIRFLOW_CTX_EXECUTION_DATE='2025-01-21T00:00:00+00:00' AIRFLOW_CTX_TRY_NUMBER='1' AIRFLOW_CTX_DAG_RUN_ID='scheduled__2025-01-21T00:00:00+00:00'
[2025-01-22T17:17:22.215+0000] {logging_mixin.py:190} INFO - Task instance is in running state
[2025-01-22T17:17:22.217+0000] {logging_mixin.py:190} INFO -  Previous state of the Task instance: queued
[2025-01-22T17:17:22.218+0000] {logging_mixin.py:190} INFO - Current task name:training_model_B state:running start_date:2025-01-22 17:17:19.884305+00:00
[2025-01-22T17:17:22.219+0000] {logging_mixin.py:190} INFO - Dag name:my_dag and current dag run status:running
[2025-01-22T17:17:22.221+0000] {taskinstance.py:731} INFO - ::endgroup::
[2025-01-22T17:17:22.222+0000] {python.py:240} INFO - Done. Returned value was: 5
[2025-01-22T17:17:22.271+0000] {taskinstance.py:340} INFO - ::group::Post task execution logs
[2025-01-22T17:17:22.272+0000] {taskinstance.py:352} INFO - Marking task as SUCCESS. dag_id=my_dag, task_id=training_model_B, run_id=scheduled__2025-01-21T00:00:00+00:00, execution_date=20250121T000000, start_date=20250122T171719, end_date=20250122T171722
[2025-01-22T17:17:22.302+0000] {logging_mixin.py:190} INFO - Task instance in success state
[2025-01-22T17:17:22.304+0000] {logging_mixin.py:190} INFO -  Previous state of the Task instance: running
[2025-01-22T17:17:22.305+0000] {logging_mixin.py:190} INFO - Dag name:my_dag queued_at:2025-01-22 17:17:07.962986+00:00
[2025-01-22T17:17:22.306+0000] {logging_mixin.py:190} INFO - Task hostname:f20f83373f6a operator:PythonOperator
[2025-01-22T17:17:22.351+0000] {local_task_job_runner.py:266} INFO - Task exited with return code 0
[2025-01-22T17:17:22.379+0000] {local_task_job_runner.py:245} INFO - ::endgroup::
