[2025-01-26T02:08:23.970+0000] {local_task_job_runner.py:123} INFO - ::group::Pre task execution logs
[2025-01-26T02:08:24.003+0000] {taskinstance.py:2613} INFO - Dependencies all met for dep_context=non-requeueable deps ti=<TaskInstance: my_dag.choose_best_model scheduled__2025-01-25T00:00:00+00:00 [queued]>
[2025-01-26T02:08:24.023+0000] {taskinstance.py:2613} INFO - Dependencies all met for dep_context=requeueable deps ti=<TaskInstance: my_dag.choose_best_model scheduled__2025-01-25T00:00:00+00:00 [queued]>
[2025-01-26T02:08:24.024+0000] {taskinstance.py:2866} INFO - Starting attempt 1 of 1
[2025-01-26T02:08:24.317+0000] {taskinstance.py:2889} INFO - Executing <Task(BranchPythonOperator): choose_best_model> on 2025-01-25 00:00:00+00:00
[2025-01-26T02:08:24.331+0000] {warnings.py:112} WARNING - /home/***/.local/lib/python3.12/site-packages/***/task/task_runner/standard_task_runner.py:70: DeprecationWarning: This process (pid=23201) is multi-threaded, use of fork() may lead to deadlocks in the child.
  pid = os.fork()

[2025-01-26T02:08:24.335+0000] {standard_task_runner.py:72} INFO - Started process 23203 to run task
[2025-01-26T02:08:24.338+0000] {standard_task_runner.py:104} INFO - Running: ['***', 'tasks', 'run', 'my_dag', 'choose_best_model', 'scheduled__2025-01-25T00:00:00+00:00', '--job-id', '83', '--raw', '--subdir', 'DAGS_FOLDER/my_dags.py', '--cfg-path', '/tmp/tmp1eobsxgl']
[2025-01-26T02:08:24.341+0000] {standard_task_runner.py:105} INFO - Job 83: Subtask choose_best_model
[2025-01-26T02:08:24.445+0000] {task_command.py:467} INFO - Running <TaskInstance: my_dag.choose_best_model scheduled__2025-01-25T00:00:00+00:00 [running]> on host f20f83373f6a
[2025-01-26T02:08:24.611+0000] {taskinstance.py:3132} INFO - Exporting env vars: AIRFLOW_CTX_DAG_OWNER='***' AIRFLOW_CTX_DAG_ID='my_dag' AIRFLOW_CTX_TASK_ID='choose_best_model' AIRFLOW_CTX_EXECUTION_DATE='2025-01-25T00:00:00+00:00' AIRFLOW_CTX_TRY_NUMBER='1' AIRFLOW_CTX_DAG_RUN_ID='scheduled__2025-01-25T00:00:00+00:00'
[2025-01-26T02:08:24.615+0000] {logging_mixin.py:190} INFO - Task instance is in running state
[2025-01-26T02:08:24.616+0000] {logging_mixin.py:190} INFO -  Previous state of the Task instance: queued
[2025-01-26T02:08:24.617+0000] {logging_mixin.py:190} INFO - Current task name:choose_best_model state:running start_date:2025-01-26 02:08:24.004535+00:00
[2025-01-26T02:08:24.617+0000] {logging_mixin.py:190} INFO - Dag name:my_dag and current dag run status:running
[2025-01-26T02:08:24.618+0000] {taskinstance.py:731} INFO - ::endgroup::
[2025-01-26T02:08:24.619+0000] {baseoperator.py:421} WARNING - BranchPythonOperator.execute cannot be called outside TaskInstance!
[2025-01-26T02:08:24.645+0000] {python.py:240} INFO - Done. Returned value was: accurate
[2025-01-26T02:08:24.646+0000] {branch.py:38} INFO - Branch into accurate
[2025-01-26T02:08:24.648+0000] {skipmixin.py:230} INFO - Following branch ('accurate',)
[2025-01-26T02:08:24.658+0000] {skipmixin.py:278} INFO - Skipping tasks [('inaccurate', -1)]
[2025-01-26T02:08:24.717+0000] {taskinstance.py:340} INFO - ::group::Post task execution logs
[2025-01-26T02:08:24.718+0000] {taskinstance.py:352} INFO - Marking task as SUCCESS. dag_id=my_dag, task_id=choose_best_model, run_id=scheduled__2025-01-25T00:00:00+00:00, execution_date=20250125T000000, start_date=20250126T020824, end_date=20250126T020824
[2025-01-26T02:08:24.733+0000] {logging_mixin.py:190} INFO - Task instance in success state
[2025-01-26T02:08:24.734+0000] {logging_mixin.py:190} INFO -  Previous state of the Task instance: running
[2025-01-26T02:08:24.736+0000] {logging_mixin.py:190} INFO - Dag name:my_dag queued_at:2025-01-26 02:08:10.643460+00:00
[2025-01-26T02:08:24.737+0000] {logging_mixin.py:190} INFO - Task hostname:f20f83373f6a operator:BranchPythonOperator
[2025-01-26T02:08:24.757+0000] {local_task_job_runner.py:266} INFO - Task exited with return code 0
[2025-01-26T02:08:24.786+0000] {taskinstance.py:3895} INFO - 0 downstream tasks scheduled from follow-on schedule check
[2025-01-26T02:08:24.790+0000] {local_task_job_runner.py:245} INFO - ::endgroup::
