[2025-01-23T02:07:00.165+0000] {local_task_job_runner.py:123} INFO - ::group::Pre task execution logs
[2025-01-23T02:07:00.184+0000] {taskinstance.py:2613} INFO - Dependencies all met for dep_context=non-requeueable deps ti=<TaskInstance: my_dag.training_model_C scheduled__2025-01-22T00:00:00+00:00 [queued]>
[2025-01-23T02:07:00.193+0000] {taskinstance.py:2613} INFO - Dependencies all met for dep_context=requeueable deps ti=<TaskInstance: my_dag.training_model_C scheduled__2025-01-22T00:00:00+00:00 [queued]>
[2025-01-23T02:07:00.194+0000] {taskinstance.py:2866} INFO - Starting attempt 1 of 1
[2025-01-23T02:07:00.206+0000] {taskinstance.py:2889} INFO - Executing <Task(PythonOperator): training_model_C> on 2025-01-22 00:00:00+00:00
[2025-01-23T02:07:00.215+0000] {warnings.py:112} WARNING - /home/***/.local/lib/python3.12/site-packages/***/task/task_runner/standard_task_runner.py:70: DeprecationWarning: This process (pid=617) is multi-threaded, use of fork() may lead to deadlocks in the child.
  pid = os.fork()

[2025-01-23T02:07:00.217+0000] {standard_task_runner.py:72} INFO - Started process 625 to run task
[2025-01-23T02:07:00.217+0000] {standard_task_runner.py:104} INFO - Running: ['***', 'tasks', 'run', 'my_dag', 'training_model_C', 'scheduled__2025-01-22T00:00:00+00:00', '--job-id', '67', '--raw', '--subdir', 'DAGS_FOLDER/my_dags.py', '--cfg-path', '/tmp/tmp9ucn5dq3']
[2025-01-23T02:07:00.219+0000] {standard_task_runner.py:105} INFO - Job 67: Subtask training_model_C
[2025-01-23T02:07:00.270+0000] {task_command.py:467} INFO - Running <TaskInstance: my_dag.training_model_C scheduled__2025-01-22T00:00:00+00:00 [running]> on host f20f83373f6a
[2025-01-23T02:07:00.622+0000] {taskinstance.py:3132} INFO - Exporting env vars: AIRFLOW_CTX_DAG_OWNER='***' AIRFLOW_CTX_DAG_ID='my_dag' AIRFLOW_CTX_TASK_ID='training_model_C' AIRFLOW_CTX_EXECUTION_DATE='2025-01-22T00:00:00+00:00' AIRFLOW_CTX_TRY_NUMBER='1' AIRFLOW_CTX_DAG_RUN_ID='scheduled__2025-01-22T00:00:00+00:00'
[2025-01-23T02:07:00.624+0000] {logging_mixin.py:190} INFO - Task instance is in running state
[2025-01-23T02:07:00.625+0000] {logging_mixin.py:190} INFO -  Previous state of the Task instance: queued
[2025-01-23T02:07:00.626+0000] {logging_mixin.py:190} INFO - Current task name:training_model_C state:running start_date:2025-01-23 02:07:00.185798+00:00
[2025-01-23T02:07:00.627+0000] {logging_mixin.py:190} INFO - Dag name:my_dag and current dag run status:running
[2025-01-23T02:07:00.627+0000] {taskinstance.py:731} INFO - ::endgroup::
[2025-01-23T02:07:00.628+0000] {python.py:240} INFO - Done. Returned value was: 9
[2025-01-23T02:07:00.658+0000] {taskinstance.py:340} INFO - ::group::Post task execution logs
[2025-01-23T02:07:00.659+0000] {taskinstance.py:352} INFO - Marking task as SUCCESS. dag_id=my_dag, task_id=training_model_C, run_id=scheduled__2025-01-22T00:00:00+00:00, execution_date=20250122T000000, start_date=20250123T020700, end_date=20250123T020700
[2025-01-23T02:07:00.675+0000] {logging_mixin.py:190} INFO - Task instance in success state
[2025-01-23T02:07:00.676+0000] {logging_mixin.py:190} INFO -  Previous state of the Task instance: running
[2025-01-23T02:07:00.677+0000] {logging_mixin.py:190} INFO - Dag name:my_dag queued_at:2025-01-23 02:06:54.065934+00:00
[2025-01-23T02:07:00.678+0000] {logging_mixin.py:190} INFO - Task hostname:f20f83373f6a operator:PythonOperator
[2025-01-23T02:07:00.716+0000] {local_task_job_runner.py:266} INFO - Task exited with return code 0
[2025-01-23T02:07:00.907+0000] {taskinstance.py:3895} INFO - 1 downstream tasks scheduled from follow-on schedule check
[2025-01-23T02:07:00.911+0000] {local_task_job_runner.py:245} INFO - ::endgroup::
