[2025-01-25T02:00:18.934+0000] {local_task_job_runner.py:123} INFO - ::group::Pre task execution logs
[2025-01-25T02:00:18.951+0000] {taskinstance.py:2613} INFO - Dependencies all met for dep_context=non-requeueable deps ti=<TaskInstance: my_dag.choose_best_model scheduled__2025-01-24T00:00:00+00:00 [queued]>
[2025-01-25T02:00:18.959+0000] {taskinstance.py:2613} INFO - Dependencies all met for dep_context=requeueable deps ti=<TaskInstance: my_dag.choose_best_model scheduled__2025-01-24T00:00:00+00:00 [queued]>
[2025-01-25T02:00:18.960+0000] {taskinstance.py:2866} INFO - Starting attempt 1 of 1
[2025-01-25T02:00:19.154+0000] {taskinstance.py:2889} INFO - Executing <Task(BranchPythonOperator): choose_best_model> on 2025-01-24 00:00:00+00:00
[2025-01-25T02:00:19.164+0000] {warnings.py:112} WARNING - /home/***/.local/lib/python3.12/site-packages/***/task/task_runner/standard_task_runner.py:70: DeprecationWarning: This process (pid=14984) is multi-threaded, use of fork() may lead to deadlocks in the child.
  pid = os.fork()

[2025-01-25T02:00:19.166+0000] {standard_task_runner.py:72} INFO - Started process 14986 to run task
[2025-01-25T02:00:19.166+0000] {standard_task_runner.py:104} INFO - Running: ['***', 'tasks', 'run', 'my_dag', 'choose_best_model', 'scheduled__2025-01-24T00:00:00+00:00', '--job-id', '78', '--raw', '--subdir', 'DAGS_FOLDER/my_dags.py', '--cfg-path', '/tmp/tmpn2ow0op8']
[2025-01-25T02:00:19.168+0000] {standard_task_runner.py:105} INFO - Job 78: Subtask choose_best_model
[2025-01-25T02:00:19.231+0000] {task_command.py:467} INFO - Running <TaskInstance: my_dag.choose_best_model scheduled__2025-01-24T00:00:00+00:00 [running]> on host f20f83373f6a
[2025-01-25T02:00:19.362+0000] {taskinstance.py:3132} INFO - Exporting env vars: AIRFLOW_CTX_DAG_OWNER='***' AIRFLOW_CTX_DAG_ID='my_dag' AIRFLOW_CTX_TASK_ID='choose_best_model' AIRFLOW_CTX_EXECUTION_DATE='2025-01-24T00:00:00+00:00' AIRFLOW_CTX_TRY_NUMBER='1' AIRFLOW_CTX_DAG_RUN_ID='scheduled__2025-01-24T00:00:00+00:00'
[2025-01-25T02:00:19.365+0000] {logging_mixin.py:190} INFO - Task instance is in running state
[2025-01-25T02:00:19.366+0000] {logging_mixin.py:190} INFO -  Previous state of the Task instance: queued
[2025-01-25T02:00:19.368+0000] {logging_mixin.py:190} INFO - Current task name:choose_best_model state:running start_date:2025-01-25 02:00:18.952327+00:00
[2025-01-25T02:00:19.369+0000] {logging_mixin.py:190} INFO - Dag name:my_dag and current dag run status:running
[2025-01-25T02:00:19.370+0000] {taskinstance.py:731} INFO - ::endgroup::
[2025-01-25T02:00:19.371+0000] {baseoperator.py:421} WARNING - BranchPythonOperator.execute cannot be called outside TaskInstance!
[2025-01-25T02:00:19.385+0000] {python.py:240} INFO - Done. Returned value was: accurate
[2025-01-25T02:00:19.386+0000] {branch.py:38} INFO - Branch into accurate
[2025-01-25T02:00:19.387+0000] {skipmixin.py:230} INFO - Following branch ('accurate',)
[2025-01-25T02:00:19.395+0000] {skipmixin.py:278} INFO - Skipping tasks [('inaccurate', -1)]
[2025-01-25T02:00:19.455+0000] {taskinstance.py:340} INFO - ::group::Post task execution logs
[2025-01-25T02:00:19.456+0000] {taskinstance.py:352} INFO - Marking task as SUCCESS. dag_id=my_dag, task_id=choose_best_model, run_id=scheduled__2025-01-24T00:00:00+00:00, execution_date=20250124T000000, start_date=20250125T020018, end_date=20250125T020019
[2025-01-25T02:00:19.473+0000] {logging_mixin.py:190} INFO - Task instance in success state
[2025-01-25T02:00:19.474+0000] {logging_mixin.py:190} INFO -  Previous state of the Task instance: running
[2025-01-25T02:00:19.475+0000] {logging_mixin.py:190} INFO - Dag name:my_dag queued_at:2025-01-25 02:00:06.882662+00:00
[2025-01-25T02:00:19.475+0000] {logging_mixin.py:190} INFO - Task hostname:f20f83373f6a operator:BranchPythonOperator
[2025-01-25T02:00:19.506+0000] {local_task_job_runner.py:266} INFO - Task exited with return code 0
[2025-01-25T02:00:19.563+0000] {taskinstance.py:3895} INFO - 1 downstream tasks scheduled from follow-on schedule check
[2025-01-25T02:00:19.570+0000] {local_task_job_runner.py:245} INFO - ::endgroup::
