[2025-01-26T02:08:19.823+0000] {local_task_job_runner.py:123} INFO - ::group::Pre task execution logs
[2025-01-26T02:08:19.846+0000] {taskinstance.py:2613} INFO - Dependencies all met for dep_context=non-requeueable deps ti=<TaskInstance: my_dag.training_model_A scheduled__2025-01-25T00:00:00+00:00 [queued]>
[2025-01-26T02:08:19.858+0000] {taskinstance.py:2613} INFO - Dependencies all met for dep_context=requeueable deps ti=<TaskInstance: my_dag.training_model_A scheduled__2025-01-25T00:00:00+00:00 [queued]>
[2025-01-26T02:08:19.859+0000] {taskinstance.py:2866} INFO - Starting attempt 1 of 1
[2025-01-26T02:08:19.885+0000] {taskinstance.py:2889} INFO - Executing <Task(PythonOperator): training_model_A> on 2025-01-25 00:00:00+00:00
[2025-01-26T02:08:19.898+0000] {warnings.py:112} WARNING - /home/***/.local/lib/python3.12/site-packages/***/task/task_runner/standard_task_runner.py:70: DeprecationWarning: This process (pid=23190) is multi-threaded, use of fork() may lead to deadlocks in the child.
  pid = os.fork()

[2025-01-26T02:08:19.901+0000] {standard_task_runner.py:72} INFO - Started process 23195 to run task
[2025-01-26T02:08:19.901+0000] {standard_task_runner.py:104} INFO - Running: ['***', 'tasks', 'run', 'my_dag', 'training_model_A', 'scheduled__2025-01-25T00:00:00+00:00', '--job-id', '80', '--raw', '--subdir', 'DAGS_FOLDER/my_dags.py', '--cfg-path', '/tmp/tmpbizs03_u']
[2025-01-26T02:08:19.903+0000] {standard_task_runner.py:105} INFO - Job 80: Subtask training_model_A
[2025-01-26T02:08:19.984+0000] {task_command.py:467} INFO - Running <TaskInstance: my_dag.training_model_A scheduled__2025-01-25T00:00:00+00:00 [running]> on host f20f83373f6a
[2025-01-26T02:08:20.461+0000] {taskinstance.py:3132} INFO - Exporting env vars: AIRFLOW_CTX_DAG_OWNER='***' AIRFLOW_CTX_DAG_ID='my_dag' AIRFLOW_CTX_TASK_ID='training_model_A' AIRFLOW_CTX_EXECUTION_DATE='2025-01-25T00:00:00+00:00' AIRFLOW_CTX_TRY_NUMBER='1' AIRFLOW_CTX_DAG_RUN_ID='scheduled__2025-01-25T00:00:00+00:00'
[2025-01-26T02:08:20.463+0000] {logging_mixin.py:190} INFO - Task instance is in running state
[2025-01-26T02:08:20.464+0000] {logging_mixin.py:190} INFO -  Previous state of the Task instance: queued
[2025-01-26T02:08:20.465+0000] {logging_mixin.py:190} INFO - Current task name:training_model_A state:running start_date:2025-01-26 02:08:19.847487+00:00
[2025-01-26T02:08:20.466+0000] {logging_mixin.py:190} INFO - Dag name:my_dag and current dag run status:running
[2025-01-26T02:08:20.467+0000] {taskinstance.py:731} INFO - ::endgroup::
[2025-01-26T02:08:20.469+0000] {python.py:240} INFO - Done. Returned value was: 3
[2025-01-26T02:08:20.510+0000] {taskinstance.py:340} INFO - ::group::Post task execution logs
[2025-01-26T02:08:20.511+0000] {taskinstance.py:352} INFO - Marking task as SUCCESS. dag_id=my_dag, task_id=training_model_A, run_id=scheduled__2025-01-25T00:00:00+00:00, execution_date=20250125T000000, start_date=20250126T020819, end_date=20250126T020820
[2025-01-26T02:08:20.530+0000] {logging_mixin.py:190} INFO - Task instance in success state
[2025-01-26T02:08:20.531+0000] {logging_mixin.py:190} INFO -  Previous state of the Task instance: running
[2025-01-26T02:08:20.532+0000] {logging_mixin.py:190} INFO - Dag name:my_dag queued_at:2025-01-26 02:08:10.643460+00:00
[2025-01-26T02:08:20.533+0000] {logging_mixin.py:190} INFO - Task hostname:f20f83373f6a operator:PythonOperator
[2025-01-26T02:08:20.561+0000] {local_task_job_runner.py:266} INFO - Task exited with return code 0
[2025-01-26T02:08:20.792+0000] {taskinstance.py:3895} INFO - 0 downstream tasks scheduled from follow-on schedule check
[2025-01-26T02:08:20.796+0000] {local_task_job_runner.py:245} INFO - ::endgroup::
