[2025-01-24T02:06:13.909+0000] {local_task_job_runner.py:123} INFO - ::group::Pre task execution logs
[2025-01-24T02:06:13.926+0000] {taskinstance.py:2613} INFO - Dependencies all met for dep_context=non-requeueable deps ti=<TaskInstance: my_dag.choose_best_model scheduled__2025-01-23T00:00:00+00:00 [queued]>
[2025-01-24T02:06:13.934+0000] {taskinstance.py:2613} INFO - Dependencies all met for dep_context=requeueable deps ti=<TaskInstance: my_dag.choose_best_model scheduled__2025-01-23T00:00:00+00:00 [queued]>
[2025-01-24T02:06:13.935+0000] {taskinstance.py:2866} INFO - Starting attempt 1 of 1
[2025-01-24T02:06:14.090+0000] {taskinstance.py:2889} INFO - Executing <Task(BranchPythonOperator): choose_best_model> on 2025-01-23 00:00:00+00:00
[2025-01-24T02:06:14.098+0000] {warnings.py:112} WARNING - /home/***/.local/lib/python3.12/site-packages/***/task/task_runner/standard_task_runner.py:70: DeprecationWarning: This process (pid=8531) is multi-threaded, use of fork() may lead to deadlocks in the child.
  pid = os.fork()

[2025-01-24T02:06:14.100+0000] {standard_task_runner.py:72} INFO - Started process 8533 to run task
[2025-01-24T02:06:14.100+0000] {standard_task_runner.py:104} INFO - Running: ['***', 'tasks', 'run', 'my_dag', 'choose_best_model', 'scheduled__2025-01-23T00:00:00+00:00', '--job-id', '73', '--raw', '--subdir', 'DAGS_FOLDER/my_dags.py', '--cfg-path', '/tmp/tmpyyyy5av9']
[2025-01-24T02:06:14.102+0000] {standard_task_runner.py:105} INFO - Job 73: Subtask choose_best_model
[2025-01-24T02:06:14.164+0000] {task_command.py:467} INFO - Running <TaskInstance: my_dag.choose_best_model scheduled__2025-01-23T00:00:00+00:00 [running]> on host f20f83373f6a
[2025-01-24T02:06:14.276+0000] {taskinstance.py:3132} INFO - Exporting env vars: AIRFLOW_CTX_DAG_OWNER='***' AIRFLOW_CTX_DAG_ID='my_dag' AIRFLOW_CTX_TASK_ID='choose_best_model' AIRFLOW_CTX_EXECUTION_DATE='2025-01-23T00:00:00+00:00' AIRFLOW_CTX_TRY_NUMBER='1' AIRFLOW_CTX_DAG_RUN_ID='scheduled__2025-01-23T00:00:00+00:00'
[2025-01-24T02:06:14.280+0000] {logging_mixin.py:190} INFO - Task instance is in running state
[2025-01-24T02:06:14.284+0000] {logging_mixin.py:190} INFO -  Previous state of the Task instance: queued
[2025-01-24T02:06:14.287+0000] {logging_mixin.py:190} INFO - Current task name:choose_best_model state:running start_date:2025-01-24 02:06:13.927657+00:00
[2025-01-24T02:06:14.289+0000] {logging_mixin.py:190} INFO - Dag name:my_dag and current dag run status:running
[2025-01-24T02:06:14.290+0000] {taskinstance.py:731} INFO - ::endgroup::
[2025-01-24T02:06:14.292+0000] {baseoperator.py:421} WARNING - BranchPythonOperator.execute cannot be called outside TaskInstance!
[2025-01-24T02:06:14.308+0000] {python.py:240} INFO - Done. Returned value was: inaccurate
[2025-01-24T02:06:14.309+0000] {branch.py:38} INFO - Branch into inaccurate
[2025-01-24T02:06:14.310+0000] {skipmixin.py:230} INFO - Following branch ('inaccurate',)
[2025-01-24T02:06:14.321+0000] {skipmixin.py:278} INFO - Skipping tasks [('accurate', -1)]
[2025-01-24T02:06:14.376+0000] {taskinstance.py:340} INFO - ::group::Post task execution logs
[2025-01-24T02:06:14.377+0000] {taskinstance.py:352} INFO - Marking task as SUCCESS. dag_id=my_dag, task_id=choose_best_model, run_id=scheduled__2025-01-23T00:00:00+00:00, execution_date=20250123T000000, start_date=20250124T020613, end_date=20250124T020614
[2025-01-24T02:06:14.390+0000] {logging_mixin.py:190} INFO - Task instance in success state
[2025-01-24T02:06:14.391+0000] {logging_mixin.py:190} INFO -  Previous state of the Task instance: running
[2025-01-24T02:06:14.392+0000] {logging_mixin.py:190} INFO - Dag name:my_dag queued_at:2025-01-24 02:06:04.051979+00:00
[2025-01-24T02:06:14.393+0000] {logging_mixin.py:190} INFO - Task hostname:f20f83373f6a operator:BranchPythonOperator
[2025-01-24T02:06:14.439+0000] {local_task_job_runner.py:266} INFO - Task exited with return code 0
[2025-01-24T02:06:14.472+0000] {taskinstance.py:3895} INFO - 1 downstream tasks scheduled from follow-on schedule check
[2025-01-24T02:06:14.477+0000] {local_task_job_runner.py:245} INFO - ::endgroup::
