[2025-01-22T17:17:19.842+0000] {local_task_job_runner.py:123} INFO - ::group::Pre task execution logs
[2025-01-22T17:17:19.875+0000] {taskinstance.py:2613} INFO - Dependencies all met for dep_context=non-requeueable deps ti=<TaskInstance: my_dag.training_model_C manual__2025-01-22T17:17:07.209384+00:00 [queued]>
[2025-01-22T17:17:20.121+0000] {taskinstance.py:2613} INFO - Dependencies all met for dep_context=requeueable deps ti=<TaskInstance: my_dag.training_model_C manual__2025-01-22T17:17:07.209384+00:00 [queued]>
[2025-01-22T17:17:20.122+0000] {taskinstance.py:2866} INFO - Starting attempt 1 of 1
[2025-01-22T17:17:20.151+0000] {taskinstance.py:2889} INFO - Executing <Task(PythonOperator): training_model_C> on 2025-01-22 17:17:07.209384+00:00
[2025-01-22T17:17:20.173+0000] {warnings.py:112} WARNING - /home/***/.local/lib/python3.12/site-packages/***/task/task_runner/standard_task_runner.py:70: DeprecationWarning: This process (pid=466) is multi-threaded, use of fork() may lead to deadlocks in the child.
  pid = os.fork()

[2025-01-22T17:17:20.178+0000] {standard_task_runner.py:72} INFO - Started process 483 to run task
[2025-01-22T17:17:20.177+0000] {standard_task_runner.py:104} INFO - Running: ['***', 'tasks', 'run', 'my_dag', 'training_model_C', 'manual__2025-01-22T17:17:07.209384+00:00', '--job-id', '55', '--raw', '--subdir', 'DAGS_FOLDER/my_dags.py', '--cfg-path', '/tmp/tmpz1oyjq9w']
[2025-01-22T17:17:20.181+0000] {standard_task_runner.py:105} INFO - Job 55: Subtask training_model_C
[2025-01-22T17:17:20.601+0000] {task_command.py:467} INFO - Running <TaskInstance: my_dag.training_model_C manual__2025-01-22T17:17:07.209384+00:00 [running]> on host f20f83373f6a
[2025-01-22T17:17:20.949+0000] {taskinstance.py:3132} INFO - Exporting env vars: AIRFLOW_CTX_DAG_OWNER='***' AIRFLOW_CTX_DAG_ID='my_dag' AIRFLOW_CTX_TASK_ID='training_model_C' AIRFLOW_CTX_EXECUTION_DATE='2025-01-22T17:17:07.209384+00:00' AIRFLOW_CTX_TRY_NUMBER='1' AIRFLOW_CTX_DAG_RUN_ID='manual__2025-01-22T17:17:07.209384+00:00'
[2025-01-22T17:17:20.953+0000] {logging_mixin.py:190} INFO - Task instance is in running state
[2025-01-22T17:17:20.953+0000] {logging_mixin.py:190} INFO -  Previous state of the Task instance: queued
[2025-01-22T17:17:20.954+0000] {logging_mixin.py:190} INFO - Current task name:training_model_C state:running start_date:2025-01-22 17:17:19.876121+00:00
[2025-01-22T17:17:20.955+0000] {logging_mixin.py:190} INFO - Dag name:my_dag and current dag run status:running
[2025-01-22T17:17:20.956+0000] {taskinstance.py:731} INFO - ::endgroup::
[2025-01-22T17:17:20.965+0000] {python.py:240} INFO - Done. Returned value was: 6
[2025-01-22T17:17:21.105+0000] {taskinstance.py:340} INFO - ::group::Post task execution logs
[2025-01-22T17:17:21.106+0000] {taskinstance.py:352} INFO - Marking task as SUCCESS. dag_id=my_dag, task_id=training_model_C, run_id=manual__2025-01-22T17:17:07.209384+00:00, execution_date=20250122T171707, start_date=20250122T171719, end_date=20250122T171721
[2025-01-22T17:17:21.135+0000] {logging_mixin.py:190} INFO - Task instance in success state
[2025-01-22T17:17:21.136+0000] {logging_mixin.py:190} INFO -  Previous state of the Task instance: running
[2025-01-22T17:17:21.138+0000] {logging_mixin.py:190} INFO - Dag name:my_dag queued_at:2025-01-22 17:17:07.277508+00:00
[2025-01-22T17:17:21.139+0000] {logging_mixin.py:190} INFO - Task hostname:f20f83373f6a operator:PythonOperator
[2025-01-22T17:17:21.161+0000] {local_task_job_runner.py:266} INFO - Task exited with return code 0
[2025-01-22T17:17:21.246+0000] {taskinstance.py:3895} INFO - 0 downstream tasks scheduled from follow-on schedule check
[2025-01-22T17:17:21.250+0000] {local_task_job_runner.py:245} INFO - ::endgroup::
