[2025-01-25T02:00:14.862+0000] {local_task_job_runner.py:123} INFO - ::group::Pre task execution logs
[2025-01-25T02:00:14.897+0000] {taskinstance.py:2613} INFO - Dependencies all met for dep_context=non-requeueable deps ti=<TaskInstance: my_dag.training_model_A scheduled__2025-01-24T00:00:00+00:00 [queued]>
[2025-01-25T02:00:14.911+0000] {taskinstance.py:2613} INFO - Dependencies all met for dep_context=requeueable deps ti=<TaskInstance: my_dag.training_model_A scheduled__2025-01-24T00:00:00+00:00 [queued]>
[2025-01-25T02:00:14.912+0000] {taskinstance.py:2866} INFO - Starting attempt 1 of 1
[2025-01-25T02:00:15.142+0000] {taskinstance.py:2889} INFO - Executing <Task(PythonOperator): training_model_A> on 2025-01-24 00:00:00+00:00
[2025-01-25T02:00:15.174+0000] {warnings.py:112} WARNING - /home/***/.local/lib/python3.12/site-packages/***/task/task_runner/standard_task_runner.py:70: DeprecationWarning: This process (pid=14973) is multi-threaded, use of fork() may lead to deadlocks in the child.
  pid = os.fork()

[2025-01-25T02:00:15.190+0000] {standard_task_runner.py:72} INFO - Started process 14982 to run task
[2025-01-25T02:00:15.189+0000] {standard_task_runner.py:104} INFO - Running: ['***', 'tasks', 'run', 'my_dag', 'training_model_A', 'scheduled__2025-01-24T00:00:00+00:00', '--job-id', '77', '--raw', '--subdir', 'DAGS_FOLDER/my_dags.py', '--cfg-path', '/tmp/tmpu3a5r674']
[2025-01-25T02:00:15.191+0000] {standard_task_runner.py:105} INFO - Job 77: Subtask training_model_A
[2025-01-25T02:00:15.503+0000] {task_command.py:467} INFO - Running <TaskInstance: my_dag.training_model_A scheduled__2025-01-24T00:00:00+00:00 [running]> on host f20f83373f6a
[2025-01-25T02:00:15.801+0000] {taskinstance.py:3132} INFO - Exporting env vars: AIRFLOW_CTX_DAG_OWNER='***' AIRFLOW_CTX_DAG_ID='my_dag' AIRFLOW_CTX_TASK_ID='training_model_A' AIRFLOW_CTX_EXECUTION_DATE='2025-01-24T00:00:00+00:00' AIRFLOW_CTX_TRY_NUMBER='1' AIRFLOW_CTX_DAG_RUN_ID='scheduled__2025-01-24T00:00:00+00:00'
[2025-01-25T02:00:15.806+0000] {logging_mixin.py:190} INFO - Task instance is in running state
[2025-01-25T02:00:15.807+0000] {logging_mixin.py:190} INFO -  Previous state of the Task instance: queued
[2025-01-25T02:00:15.808+0000] {logging_mixin.py:190} INFO - Current task name:training_model_A state:running start_date:2025-01-25 02:00:14.898092+00:00
[2025-01-25T02:00:15.809+0000] {logging_mixin.py:190} INFO - Dag name:my_dag and current dag run status:running
[2025-01-25T02:00:15.812+0000] {taskinstance.py:731} INFO - ::endgroup::
[2025-01-25T02:00:15.818+0000] {python.py:240} INFO - Done. Returned value was: 3
[2025-01-25T02:00:15.868+0000] {taskinstance.py:340} INFO - ::group::Post task execution logs
[2025-01-25T02:00:15.869+0000] {taskinstance.py:352} INFO - Marking task as SUCCESS. dag_id=my_dag, task_id=training_model_A, run_id=scheduled__2025-01-24T00:00:00+00:00, execution_date=20250124T000000, start_date=20250125T020014, end_date=20250125T020015
[2025-01-25T02:00:15.894+0000] {logging_mixin.py:190} INFO - Task instance in success state
[2025-01-25T02:00:15.895+0000] {logging_mixin.py:190} INFO -  Previous state of the Task instance: running
[2025-01-25T02:00:15.896+0000] {logging_mixin.py:190} INFO - Dag name:my_dag queued_at:2025-01-25 02:00:06.882662+00:00
[2025-01-25T02:00:15.897+0000] {logging_mixin.py:190} INFO - Task hostname:f20f83373f6a operator:PythonOperator
[2025-01-25T02:00:15.945+0000] {local_task_job_runner.py:266} INFO - Task exited with return code 0
[2025-01-25T02:00:15.978+0000] {taskinstance.py:3895} INFO - 0 downstream tasks scheduled from follow-on schedule check
[2025-01-25T02:00:15.981+0000] {local_task_job_runner.py:245} INFO - ::endgroup::
