[2025-01-22T17:17:25.299+0000] {local_task_job_runner.py:123} INFO - ::group::Pre task execution logs
[2025-01-22T17:17:25.320+0000] {taskinstance.py:2613} INFO - Dependencies all met for dep_context=non-requeueable deps ti=<TaskInstance: my_dag.choose_best_model manual__2025-01-22T17:17:07.209384+00:00 [queued]>
[2025-01-22T17:17:25.334+0000] {taskinstance.py:2613} INFO - Dependencies all met for dep_context=requeueable deps ti=<TaskInstance: my_dag.choose_best_model manual__2025-01-22T17:17:07.209384+00:00 [queued]>
[2025-01-22T17:17:25.334+0000] {taskinstance.py:2866} INFO - Starting attempt 1 of 1
[2025-01-22T17:17:25.518+0000] {taskinstance.py:2889} INFO - Executing <Task(BranchPythonOperator): choose_best_model> on 2025-01-22 17:17:07.209384+00:00
[2025-01-22T17:17:25.527+0000] {warnings.py:112} WARNING - /home/***/.local/lib/python3.12/site-packages/***/task/task_runner/standard_task_runner.py:70: DeprecationWarning: This process (pid=486) is multi-threaded, use of fork() may lead to deadlocks in the child.
  pid = os.fork()

[2025-01-22T17:17:25.531+0000] {standard_task_runner.py:72} INFO - Started process 490 to run task
[2025-01-22T17:17:25.530+0000] {standard_task_runner.py:104} INFO - Running: ['***', 'tasks', 'run', 'my_dag', 'choose_best_model', 'manual__2025-01-22T17:17:07.209384+00:00', '--job-id', '61', '--raw', '--subdir', 'DAGS_FOLDER/my_dags.py', '--cfg-path', '/tmp/tmpcw_jivir']
[2025-01-22T17:17:25.533+0000] {standard_task_runner.py:105} INFO - Job 61: Subtask choose_best_model
[2025-01-22T17:17:25.599+0000] {task_command.py:467} INFO - Running <TaskInstance: my_dag.choose_best_model manual__2025-01-22T17:17:07.209384+00:00 [running]> on host f20f83373f6a
[2025-01-22T17:17:25.701+0000] {taskinstance.py:3132} INFO - Exporting env vars: AIRFLOW_CTX_DAG_OWNER='***' AIRFLOW_CTX_DAG_ID='my_dag' AIRFLOW_CTX_TASK_ID='choose_best_model' AIRFLOW_CTX_EXECUTION_DATE='2025-01-22T17:17:07.209384+00:00' AIRFLOW_CTX_TRY_NUMBER='1' AIRFLOW_CTX_DAG_RUN_ID='manual__2025-01-22T17:17:07.209384+00:00'
[2025-01-22T17:17:25.704+0000] {logging_mixin.py:190} INFO - Task instance is in running state
[2025-01-22T17:17:25.705+0000] {logging_mixin.py:190} INFO -  Previous state of the Task instance: queued
[2025-01-22T17:17:25.706+0000] {logging_mixin.py:190} INFO - Current task name:choose_best_model state:running start_date:2025-01-22 17:17:25.321390+00:00
[2025-01-22T17:17:25.707+0000] {logging_mixin.py:190} INFO - Dag name:my_dag and current dag run status:running
[2025-01-22T17:17:25.708+0000] {taskinstance.py:731} INFO - ::endgroup::
[2025-01-22T17:17:25.710+0000] {baseoperator.py:421} WARNING - BranchPythonOperator.execute cannot be called outside TaskInstance!
[2025-01-22T17:17:25.723+0000] {python.py:240} INFO - Done. Returned value was: inaccurate
[2025-01-22T17:17:25.724+0000] {branch.py:38} INFO - Branch into inaccurate
[2025-01-22T17:17:25.726+0000] {skipmixin.py:230} INFO - Following branch ('inaccurate',)
[2025-01-22T17:17:25.738+0000] {skipmixin.py:278} INFO - Skipping tasks [('accurate', -1)]
[2025-01-22T17:17:25.786+0000] {taskinstance.py:340} INFO - ::group::Post task execution logs
[2025-01-22T17:17:25.787+0000] {taskinstance.py:352} INFO - Marking task as SUCCESS. dag_id=my_dag, task_id=choose_best_model, run_id=manual__2025-01-22T17:17:07.209384+00:00, execution_date=20250122T171707, start_date=20250122T171725, end_date=20250122T171725
[2025-01-22T17:17:25.803+0000] {logging_mixin.py:190} INFO - Task instance in success state
[2025-01-22T17:17:25.804+0000] {logging_mixin.py:190} INFO -  Previous state of the Task instance: running
[2025-01-22T17:17:25.805+0000] {logging_mixin.py:190} INFO - Dag name:my_dag queued_at:2025-01-22 17:17:07.277508+00:00
[2025-01-22T17:17:25.806+0000] {logging_mixin.py:190} INFO - Task hostname:f20f83373f6a operator:BranchPythonOperator
[2025-01-22T17:17:25.830+0000] {local_task_job_runner.py:266} INFO - Task exited with return code 0
[2025-01-22T17:17:25.863+0000] {taskinstance.py:3895} INFO - 1 downstream tasks scheduled from follow-on schedule check
[2025-01-22T17:17:25.867+0000] {local_task_job_runner.py:245} INFO - ::endgroup::
