[2025-02-01T07:36:43.742+0000] {processor.py:186} INFO - Started process (PID=101) to work on /opt/airflow/dags/main.py
[2025-02-01T07:36:43.745+0000] {processor.py:914} INFO - Processing file /opt/airflow/dags/main.py for tasks to queue
[2025-02-01T07:36:43.751+0000] {logging_mixin.py:190} INFO - [2025-02-01T07:36:43.751+0000] {dagbag.py:588} INFO - Filling up the DagBag from /opt/airflow/dags/main.py
[2025-02-01T07:36:43.825+0000] {logging_mixin.py:190} INFO - Updated sys.path: ['/home/airflow/.local/bin', '/opt/airflow/all_project_2', '/opt/airflow/dags', '/usr/local/lib/python312.zip', '/usr/local/lib/python3.12', '/usr/local/lib/python3.12/lib-dynload', '/home/airflow/.local/lib/python3.12/site-packages', '/opt/airflow/config', '/opt/airflow/plugins', '/opt/airflow/dags/D:\\DE_project\\all_project_2']
[2025-02-01T07:36:48.188+0000] {processor.py:925} INFO - DAG(s) 'data_pipeline_dag' retrieved from /opt/airflow/dags/main.py
[2025-02-01T07:36:48.238+0000] {logging_mixin.py:190} INFO - [2025-02-01T07:36:48.237+0000] {dag.py:3239} INFO - Sync 1 DAGs
[2025-02-01T07:36:48.302+0000] {logging_mixin.py:190} INFO - [2025-02-01T07:36:48.302+0000] {dag.py:4180} INFO - Setting next_dagrun for data_pipeline_dag to 2025-01-31 00:00:00+00:00, run_after=2025-02-01 00:00:00+00:00
[2025-02-01T07:36:48.387+0000] {processor.py:208} INFO - Processing /opt/airflow/dags/main.py took 4.667 seconds
[2025-02-01T07:37:19.052+0000] {processor.py:186} INFO - Started process (PID=186) to work on /opt/airflow/dags/main.py
[2025-02-01T07:37:19.054+0000] {processor.py:914} INFO - Processing file /opt/airflow/dags/main.py for tasks to queue
[2025-02-01T07:37:19.064+0000] {logging_mixin.py:190} INFO - [2025-02-01T07:37:19.062+0000] {dagbag.py:588} INFO - Filling up the DagBag from /opt/airflow/dags/main.py
[2025-02-01T07:37:19.104+0000] {logging_mixin.py:190} INFO - Updated sys.path: ['/home/airflow/.local/bin', '/opt/airflow/all_project_2', '/opt/airflow/dags', '/usr/local/lib/python312.zip', '/usr/local/lib/python3.12', '/usr/local/lib/python3.12/lib-dynload', '/home/airflow/.local/lib/python3.12/site-packages', '/opt/airflow/config', '/opt/airflow/plugins', '/opt/airflow/dags/D:\\DE_project\\all_project_2']
[2025-02-01T07:37:21.426+0000] {processor.py:925} INFO - DAG(s) 'data_pipeline_dag' retrieved from /opt/airflow/dags/main.py
[2025-02-01T07:37:21.456+0000] {logging_mixin.py:190} INFO - [2025-02-01T07:37:21.455+0000] {dag.py:3239} INFO - Sync 1 DAGs
[2025-02-01T07:37:21.518+0000] {logging_mixin.py:190} INFO - [2025-02-01T07:37:21.518+0000] {dag.py:4180} INFO - Setting next_dagrun for data_pipeline_dag to 2025-01-31 00:00:00+00:00, run_after=2025-02-01 00:00:00+00:00
[2025-02-01T07:37:21.588+0000] {processor.py:208} INFO - Processing /opt/airflow/dags/main.py took 2.555 seconds
[2025-02-01T07:37:52.471+0000] {processor.py:186} INFO - Started process (PID=253) to work on /opt/airflow/dags/main.py
[2025-02-01T07:37:52.473+0000] {processor.py:914} INFO - Processing file /opt/airflow/dags/main.py for tasks to queue
[2025-02-01T07:37:52.477+0000] {logging_mixin.py:190} INFO - [2025-02-01T07:37:52.477+0000] {dagbag.py:588} INFO - Filling up the DagBag from /opt/airflow/dags/main.py
[2025-02-01T07:37:52.511+0000] {logging_mixin.py:190} INFO - Updated sys.path: ['/home/airflow/.local/bin', '/opt/airflow/all_project_2', '/opt/airflow/dags', '/usr/local/lib/python312.zip', '/usr/local/lib/python3.12', '/usr/local/lib/python3.12/lib-dynload', '/home/airflow/.local/lib/python3.12/site-packages', '/opt/airflow/config', '/opt/airflow/plugins', '/opt/airflow/dags/D:\\DE_project\\all_project_2']
[2025-02-01T07:37:54.730+0000] {processor.py:925} INFO - DAG(s) 'data_pipeline_dag' retrieved from /opt/airflow/dags/main.py
[2025-02-01T07:37:54.754+0000] {logging_mixin.py:190} INFO - [2025-02-01T07:37:54.754+0000] {dag.py:3239} INFO - Sync 1 DAGs
[2025-02-01T07:37:54.783+0000] {logging_mixin.py:190} INFO - [2025-02-01T07:37:54.783+0000] {dag.py:4180} INFO - Setting next_dagrun for data_pipeline_dag to 2025-01-31 00:00:00+00:00, run_after=2025-02-01 00:00:00+00:00
[2025-02-01T07:37:54.810+0000] {processor.py:208} INFO - Processing /opt/airflow/dags/main.py took 2.352 seconds
[2025-02-01T07:38:25.681+0000] {processor.py:186} INFO - Started process (PID=319) to work on /opt/airflow/dags/main.py
[2025-02-01T07:38:25.684+0000] {processor.py:914} INFO - Processing file /opt/airflow/dags/main.py for tasks to queue
[2025-02-01T07:38:25.689+0000] {logging_mixin.py:190} INFO - [2025-02-01T07:38:25.688+0000] {dagbag.py:588} INFO - Filling up the DagBag from /opt/airflow/dags/main.py
[2025-02-01T07:38:25.715+0000] {logging_mixin.py:190} INFO - Updated sys.path: ['/home/airflow/.local/bin', '/opt/airflow/all_project_2', '/opt/airflow/dags', '/usr/local/lib/python312.zip', '/usr/local/lib/python3.12', '/usr/local/lib/python3.12/lib-dynload', '/home/airflow/.local/lib/python3.12/site-packages', '/opt/airflow/config', '/opt/airflow/plugins', '/opt/airflow/dags/D:\\DE_project\\all_project_2']
[2025-02-01T07:38:27.785+0000] {processor.py:925} INFO - DAG(s) 'data_pipeline_dag' retrieved from /opt/airflow/dags/main.py
[2025-02-01T07:38:27.809+0000] {logging_mixin.py:190} INFO - [2025-02-01T07:38:27.808+0000] {dag.py:3239} INFO - Sync 1 DAGs
[2025-02-01T07:38:27.843+0000] {logging_mixin.py:190} INFO - [2025-02-01T07:38:27.842+0000] {dag.py:4180} INFO - Setting next_dagrun for data_pipeline_dag to 2025-01-31 00:00:00+00:00, run_after=2025-02-01 00:00:00+00:00
[2025-02-01T07:38:27.883+0000] {processor.py:208} INFO - Processing /opt/airflow/dags/main.py took 2.214 seconds
[2025-02-01T07:38:58.326+0000] {processor.py:186} INFO - Started process (PID=388) to work on /opt/airflow/dags/main.py
[2025-02-01T07:38:58.327+0000] {processor.py:914} INFO - Processing file /opt/airflow/dags/main.py for tasks to queue
[2025-02-01T07:38:58.331+0000] {logging_mixin.py:190} INFO - [2025-02-01T07:38:58.330+0000] {dagbag.py:588} INFO - Filling up the DagBag from /opt/airflow/dags/main.py
[2025-02-01T07:38:58.363+0000] {logging_mixin.py:190} INFO - Updated sys.path: ['/home/airflow/.local/bin', '/opt/airflow/all_project_2', '/opt/airflow/dags', '/usr/local/lib/python312.zip', '/usr/local/lib/python3.12', '/usr/local/lib/python3.12/lib-dynload', '/home/airflow/.local/lib/python3.12/site-packages', '/opt/airflow/config', '/opt/airflow/plugins', '/opt/airflow/dags/D:\\DE_project\\all_project_2']
[2025-02-01T07:39:00.630+0000] {processor.py:925} INFO - DAG(s) 'data_pipeline_dag' retrieved from /opt/airflow/dags/main.py
[2025-02-01T07:39:00.662+0000] {logging_mixin.py:190} INFO - [2025-02-01T07:39:00.660+0000] {dag.py:3239} INFO - Sync 1 DAGs
[2025-02-01T07:39:00.694+0000] {logging_mixin.py:190} INFO - [2025-02-01T07:39:00.694+0000] {dag.py:4180} INFO - Setting next_dagrun for data_pipeline_dag to 2025-01-31 00:00:00+00:00, run_after=2025-02-01 00:00:00+00:00
[2025-02-01T07:39:00.724+0000] {processor.py:208} INFO - Processing /opt/airflow/dags/main.py took 2.410 seconds
[2025-02-01T07:39:30.801+0000] {processor.py:186} INFO - Started process (PID=457) to work on /opt/airflow/dags/main.py
[2025-02-01T07:39:30.803+0000] {processor.py:914} INFO - Processing file /opt/airflow/dags/main.py for tasks to queue
[2025-02-01T07:39:30.807+0000] {logging_mixin.py:190} INFO - [2025-02-01T07:39:30.807+0000] {dagbag.py:588} INFO - Filling up the DagBag from /opt/airflow/dags/main.py
[2025-02-01T07:39:30.845+0000] {logging_mixin.py:190} INFO - Updated sys.path: ['/home/airflow/.local/bin', '/opt/airflow/all_project_2', '/opt/airflow/dags', '/usr/local/lib/python312.zip', '/usr/local/lib/python3.12', '/usr/local/lib/python3.12/lib-dynload', '/home/airflow/.local/lib/python3.12/site-packages', '/opt/airflow/config', '/opt/airflow/plugins', '/opt/airflow/dags/D:\\DE_project\\all_project_2']
[2025-02-01T07:39:33.320+0000] {processor.py:925} INFO - DAG(s) 'data_pipeline_dag' retrieved from /opt/airflow/dags/main.py
[2025-02-01T07:39:33.356+0000] {logging_mixin.py:190} INFO - [2025-02-01T07:39:33.355+0000] {dag.py:3239} INFO - Sync 1 DAGs
[2025-02-01T07:39:33.402+0000] {logging_mixin.py:190} INFO - [2025-02-01T07:39:33.401+0000] {dag.py:4180} INFO - Setting next_dagrun for data_pipeline_dag to 2025-01-31 00:00:00+00:00, run_after=2025-02-01 00:00:00+00:00
[2025-02-01T07:39:33.432+0000] {processor.py:208} INFO - Processing /opt/airflow/dags/main.py took 2.642 seconds
[2025-02-01T07:40:03.637+0000] {processor.py:186} INFO - Started process (PID=532) to work on /opt/airflow/dags/main.py
[2025-02-01T07:40:03.639+0000] {processor.py:914} INFO - Processing file /opt/airflow/dags/main.py for tasks to queue
[2025-02-01T07:40:03.643+0000] {logging_mixin.py:190} INFO - [2025-02-01T07:40:03.642+0000] {dagbag.py:588} INFO - Filling up the DagBag from /opt/airflow/dags/main.py
[2025-02-01T07:40:03.667+0000] {logging_mixin.py:190} INFO - Updated sys.path: ['/home/airflow/.local/bin', '/opt/airflow/all_project_2', '/opt/airflow/dags', '/usr/local/lib/python312.zip', '/usr/local/lib/python3.12', '/usr/local/lib/python3.12/lib-dynload', '/home/airflow/.local/lib/python3.12/site-packages', '/opt/airflow/config', '/opt/airflow/plugins', '/opt/airflow/dags/D:\\DE_project\\all_project_2']
[2025-02-01T07:40:05.671+0000] {processor.py:925} INFO - DAG(s) 'data_pipeline_dag' retrieved from /opt/airflow/dags/main.py
[2025-02-01T07:40:05.695+0000] {logging_mixin.py:190} INFO - [2025-02-01T07:40:05.694+0000] {dag.py:3239} INFO - Sync 1 DAGs
[2025-02-01T07:40:05.721+0000] {logging_mixin.py:190} INFO - [2025-02-01T07:40:05.720+0000] {dag.py:4180} INFO - Setting next_dagrun for data_pipeline_dag to 2025-01-31 00:00:00+00:00, run_after=2025-02-01 00:00:00+00:00
[2025-02-01T07:40:05.744+0000] {processor.py:208} INFO - Processing /opt/airflow/dags/main.py took 2.116 seconds
[2025-02-01T07:40:35.979+0000] {processor.py:186} INFO - Started process (PID=615) to work on /opt/airflow/dags/main.py
[2025-02-01T07:40:35.981+0000] {processor.py:914} INFO - Processing file /opt/airflow/dags/main.py for tasks to queue
[2025-02-01T07:40:35.985+0000] {logging_mixin.py:190} INFO - [2025-02-01T07:40:35.985+0000] {dagbag.py:588} INFO - Filling up the DagBag from /opt/airflow/dags/main.py
[2025-02-01T07:40:36.018+0000] {logging_mixin.py:190} INFO - Updated sys.path: ['/home/airflow/.local/bin', '/opt/airflow/all_project_2', '/opt/airflow/dags', '/usr/local/lib/python312.zip', '/usr/local/lib/python3.12', '/usr/local/lib/python3.12/lib-dynload', '/home/airflow/.local/lib/python3.12/site-packages', '/opt/airflow/config', '/opt/airflow/plugins', '/opt/airflow/dags/D:\\DE_project\\all_project_2']
[2025-02-01T07:40:38.185+0000] {processor.py:925} INFO - DAG(s) 'data_pipeline_dag' retrieved from /opt/airflow/dags/main.py
[2025-02-01T07:40:38.211+0000] {logging_mixin.py:190} INFO - [2025-02-01T07:40:38.210+0000] {dag.py:3239} INFO - Sync 1 DAGs
[2025-02-01T07:40:38.243+0000] {logging_mixin.py:190} INFO - [2025-02-01T07:40:38.243+0000] {dag.py:4180} INFO - Setting next_dagrun for data_pipeline_dag to 2025-01-31 00:00:00+00:00, run_after=2025-02-01 00:00:00+00:00
[2025-02-01T07:40:38.273+0000] {processor.py:208} INFO - Processing /opt/airflow/dags/main.py took 2.303 seconds
[2025-02-01T07:41:08.373+0000] {processor.py:186} INFO - Started process (PID=690) to work on /opt/airflow/dags/main.py
[2025-02-01T07:41:08.374+0000] {processor.py:914} INFO - Processing file /opt/airflow/dags/main.py for tasks to queue
[2025-02-01T07:41:08.377+0000] {logging_mixin.py:190} INFO - [2025-02-01T07:41:08.377+0000] {dagbag.py:588} INFO - Filling up the DagBag from /opt/airflow/dags/main.py
[2025-02-01T07:41:08.399+0000] {logging_mixin.py:190} INFO - Updated sys.path: ['/home/airflow/.local/bin', '/opt/airflow/all_project_2', '/opt/airflow/dags', '/usr/local/lib/python312.zip', '/usr/local/lib/python3.12', '/usr/local/lib/python3.12/lib-dynload', '/home/airflow/.local/lib/python3.12/site-packages', '/opt/airflow/config', '/opt/airflow/plugins', '/opt/airflow/dags/D:\\DE_project\\all_project_2']
[2025-02-01T07:41:10.527+0000] {processor.py:925} INFO - DAG(s) 'data_pipeline_dag' retrieved from /opt/airflow/dags/main.py
[2025-02-01T07:41:10.555+0000] {logging_mixin.py:190} INFO - [2025-02-01T07:41:10.554+0000] {dag.py:3239} INFO - Sync 1 DAGs
[2025-02-01T07:41:10.589+0000] {logging_mixin.py:190} INFO - [2025-02-01T07:41:10.589+0000] {dag.py:4180} INFO - Setting next_dagrun for data_pipeline_dag to 2025-01-31 00:00:00+00:00, run_after=2025-02-01 00:00:00+00:00
[2025-02-01T07:41:10.613+0000] {processor.py:208} INFO - Processing /opt/airflow/dags/main.py took 2.250 seconds
[2025-02-01T07:41:41.404+0000] {processor.py:186} INFO - Started process (PID=764) to work on /opt/airflow/dags/main.py
[2025-02-01T07:41:41.406+0000] {processor.py:914} INFO - Processing file /opt/airflow/dags/main.py for tasks to queue
[2025-02-01T07:41:41.410+0000] {logging_mixin.py:190} INFO - [2025-02-01T07:41:41.410+0000] {dagbag.py:588} INFO - Filling up the DagBag from /opt/airflow/dags/main.py
[2025-02-01T07:41:41.438+0000] {logging_mixin.py:190} INFO - Updated sys.path: ['/home/airflow/.local/bin', '/opt/airflow/all_project_2', '/opt/airflow/dags', '/usr/local/lib/python312.zip', '/usr/local/lib/python3.12', '/usr/local/lib/python3.12/lib-dynload', '/home/airflow/.local/lib/python3.12/site-packages', '/opt/airflow/config', '/opt/airflow/plugins', '/opt/airflow/dags/D:\\DE_project\\all_project_2']
[2025-02-01T07:41:43.690+0000] {processor.py:925} INFO - DAG(s) 'data_pipeline_dag' retrieved from /opt/airflow/dags/main.py
[2025-02-01T07:41:43.721+0000] {logging_mixin.py:190} INFO - [2025-02-01T07:41:43.718+0000] {dag.py:3239} INFO - Sync 1 DAGs
[2025-02-01T07:41:43.765+0000] {logging_mixin.py:190} INFO - [2025-02-01T07:41:43.765+0000] {dag.py:4180} INFO - Setting next_dagrun for data_pipeline_dag to 2025-01-31 00:00:00+00:00, run_after=2025-02-01 00:00:00+00:00
[2025-02-01T07:41:43.797+0000] {processor.py:208} INFO - Processing /opt/airflow/dags/main.py took 2.410 seconds
[2025-02-01T07:42:14.143+0000] {processor.py:186} INFO - Started process (PID=838) to work on /opt/airflow/dags/main.py
[2025-02-01T07:42:14.145+0000] {processor.py:914} INFO - Processing file /opt/airflow/dags/main.py for tasks to queue
[2025-02-01T07:42:14.148+0000] {logging_mixin.py:190} INFO - [2025-02-01T07:42:14.148+0000] {dagbag.py:588} INFO - Filling up the DagBag from /opt/airflow/dags/main.py
[2025-02-01T07:42:14.185+0000] {logging_mixin.py:190} INFO - Updated sys.path: ['/home/airflow/.local/bin', '/opt/airflow/all_project_2', '/opt/airflow/dags', '/usr/local/lib/python312.zip', '/usr/local/lib/python3.12', '/usr/local/lib/python3.12/lib-dynload', '/home/airflow/.local/lib/python3.12/site-packages', '/opt/airflow/config', '/opt/airflow/plugins', '/opt/airflow/dags/D:\\DE_project\\all_project_2']
[2025-02-01T07:42:16.132+0000] {processor.py:925} INFO - DAG(s) 'data_pipeline_dag' retrieved from /opt/airflow/dags/main.py
[2025-02-01T07:42:16.153+0000] {logging_mixin.py:190} INFO - [2025-02-01T07:42:16.152+0000] {dag.py:3239} INFO - Sync 1 DAGs
[2025-02-01T07:42:16.181+0000] {logging_mixin.py:190} INFO - [2025-02-01T07:42:16.180+0000] {dag.py:4180} INFO - Setting next_dagrun for data_pipeline_dag to 2025-01-31 00:00:00+00:00, run_after=2025-02-01 00:00:00+00:00
[2025-02-01T07:42:16.207+0000] {processor.py:208} INFO - Processing /opt/airflow/dags/main.py took 2.076 seconds
[2025-02-01T07:42:46.471+0000] {processor.py:186} INFO - Started process (PID=904) to work on /opt/airflow/dags/main.py
[2025-02-01T07:42:46.475+0000] {processor.py:914} INFO - Processing file /opt/airflow/dags/main.py for tasks to queue
[2025-02-01T07:42:46.479+0000] {logging_mixin.py:190} INFO - [2025-02-01T07:42:46.479+0000] {dagbag.py:588} INFO - Filling up the DagBag from /opt/airflow/dags/main.py
[2025-02-01T07:42:46.534+0000] {logging_mixin.py:190} INFO - Updated sys.path: ['/home/airflow/.local/bin', '/opt/airflow/all_project_2', '/opt/airflow/dags', '/usr/local/lib/python312.zip', '/usr/local/lib/python3.12', '/usr/local/lib/python3.12/lib-dynload', '/home/airflow/.local/lib/python3.12/site-packages', '/opt/airflow/config', '/opt/airflow/plugins', '/opt/airflow/dags/D:\\DE_project\\all_project_2']
[2025-02-01T07:42:48.826+0000] {processor.py:925} INFO - DAG(s) 'data_pipeline_dag' retrieved from /opt/airflow/dags/main.py
[2025-02-01T07:42:48.857+0000] {logging_mixin.py:190} INFO - [2025-02-01T07:42:48.856+0000] {dag.py:3239} INFO - Sync 1 DAGs
[2025-02-01T07:42:48.899+0000] {logging_mixin.py:190} INFO - [2025-02-01T07:42:48.898+0000] {dag.py:4180} INFO - Setting next_dagrun for data_pipeline_dag to 2025-01-31 00:00:00+00:00, run_after=2025-02-01 00:00:00+00:00
[2025-02-01T07:42:48.956+0000] {processor.py:208} INFO - Processing /opt/airflow/dags/main.py took 2.501 seconds
[2025-02-01T07:43:19.358+0000] {processor.py:186} INFO - Started process (PID=971) to work on /opt/airflow/dags/main.py
[2025-02-01T07:43:19.359+0000] {processor.py:914} INFO - Processing file /opt/airflow/dags/main.py for tasks to queue
[2025-02-01T07:43:19.364+0000] {logging_mixin.py:190} INFO - [2025-02-01T07:43:19.363+0000] {dagbag.py:588} INFO - Filling up the DagBag from /opt/airflow/dags/main.py
[2025-02-01T07:43:19.411+0000] {logging_mixin.py:190} INFO - Updated sys.path: ['/home/airflow/.local/bin', '/opt/airflow/all_project_2', '/opt/airflow/dags', '/usr/local/lib/python312.zip', '/usr/local/lib/python3.12', '/usr/local/lib/python3.12/lib-dynload', '/home/airflow/.local/lib/python3.12/site-packages', '/opt/airflow/config', '/opt/airflow/plugins', '/opt/airflow/dags/D:\\DE_project\\all_project_2']
[2025-02-01T07:43:21.419+0000] {processor.py:925} INFO - DAG(s) 'data_pipeline_dag' retrieved from /opt/airflow/dags/main.py
[2025-02-01T07:43:21.445+0000] {logging_mixin.py:190} INFO - [2025-02-01T07:43:21.445+0000] {dag.py:3239} INFO - Sync 1 DAGs
[2025-02-01T07:43:21.477+0000] {logging_mixin.py:190} INFO - [2025-02-01T07:43:21.477+0000] {dag.py:4180} INFO - Setting next_dagrun for data_pipeline_dag to 2025-01-31 00:00:00+00:00, run_after=2025-02-01 00:00:00+00:00
[2025-02-01T07:43:21.506+0000] {processor.py:208} INFO - Processing /opt/airflow/dags/main.py took 2.159 seconds
[2025-02-01T07:43:51.977+0000] {processor.py:186} INFO - Started process (PID=1037) to work on /opt/airflow/dags/main.py
[2025-02-01T07:43:51.979+0000] {processor.py:914} INFO - Processing file /opt/airflow/dags/main.py for tasks to queue
[2025-02-01T07:43:51.984+0000] {logging_mixin.py:190} INFO - [2025-02-01T07:43:51.983+0000] {dagbag.py:588} INFO - Filling up the DagBag from /opt/airflow/dags/main.py
[2025-02-01T07:43:52.021+0000] {logging_mixin.py:190} INFO - Updated sys.path: ['/home/airflow/.local/bin', '/opt/airflow/all_project_2', '/opt/airflow/dags', '/usr/local/lib/python312.zip', '/usr/local/lib/python3.12', '/usr/local/lib/python3.12/lib-dynload', '/home/airflow/.local/lib/python3.12/site-packages', '/opt/airflow/config', '/opt/airflow/plugins', '/opt/airflow/dags/D:\\DE_project\\all_project_2']
[2025-02-01T07:43:53.939+0000] {processor.py:925} INFO - DAG(s) 'data_pipeline_dag' retrieved from /opt/airflow/dags/main.py
[2025-02-01T07:43:53.971+0000] {logging_mixin.py:190} INFO - [2025-02-01T07:43:53.970+0000] {dag.py:3239} INFO - Sync 1 DAGs
[2025-02-01T07:43:54.003+0000] {logging_mixin.py:190} INFO - [2025-02-01T07:43:54.002+0000] {dag.py:4180} INFO - Setting next_dagrun for data_pipeline_dag to 2025-01-31 00:00:00+00:00, run_after=2025-02-01 00:00:00+00:00
[2025-02-01T07:43:54.029+0000] {processor.py:208} INFO - Processing /opt/airflow/dags/main.py took 2.065 seconds
[2025-02-01T07:44:24.167+0000] {processor.py:186} INFO - Started process (PID=1108) to work on /opt/airflow/dags/main.py
[2025-02-01T07:44:24.168+0000] {processor.py:914} INFO - Processing file /opt/airflow/dags/main.py for tasks to queue
[2025-02-01T07:44:24.173+0000] {logging_mixin.py:190} INFO - [2025-02-01T07:44:24.172+0000] {dagbag.py:588} INFO - Filling up the DagBag from /opt/airflow/dags/main.py
[2025-02-01T07:44:24.210+0000] {logging_mixin.py:190} INFO - Updated sys.path: ['/home/airflow/.local/bin', '/opt/airflow/all_project_2', '/opt/airflow/dags', '/usr/local/lib/python312.zip', '/usr/local/lib/python3.12', '/usr/local/lib/python3.12/lib-dynload', '/home/airflow/.local/lib/python3.12/site-packages', '/opt/airflow/config', '/opt/airflow/plugins', '/opt/airflow/dags/D:\\DE_project\\all_project_2']
[2025-02-01T07:44:26.095+0000] {processor.py:925} INFO - DAG(s) 'data_pipeline_dag' retrieved from /opt/airflow/dags/main.py
[2025-02-01T07:44:26.118+0000] {logging_mixin.py:190} INFO - [2025-02-01T07:44:26.118+0000] {dag.py:3239} INFO - Sync 1 DAGs
[2025-02-01T07:44:26.148+0000] {logging_mixin.py:190} INFO - [2025-02-01T07:44:26.148+0000] {dag.py:4180} INFO - Setting next_dagrun for data_pipeline_dag to 2025-01-31 00:00:00+00:00, run_after=2025-02-01 00:00:00+00:00
[2025-02-01T07:44:26.179+0000] {processor.py:208} INFO - Processing /opt/airflow/dags/main.py took 2.026 seconds
[2025-02-01T07:44:57.220+0000] {processor.py:186} INFO - Started process (PID=1175) to work on /opt/airflow/dags/main.py
[2025-02-01T07:44:57.223+0000] {processor.py:914} INFO - Processing file /opt/airflow/dags/main.py for tasks to queue
[2025-02-01T07:44:57.226+0000] {logging_mixin.py:190} INFO - [2025-02-01T07:44:57.226+0000] {dagbag.py:588} INFO - Filling up the DagBag from /opt/airflow/dags/main.py
[2025-02-01T07:44:57.254+0000] {logging_mixin.py:190} INFO - Updated sys.path: ['/home/airflow/.local/bin', '/opt/airflow/all_project_2', '/opt/airflow/dags', '/usr/local/lib/python312.zip', '/usr/local/lib/python3.12', '/usr/local/lib/python3.12/lib-dynload', '/home/airflow/.local/lib/python3.12/site-packages', '/opt/airflow/config', '/opt/airflow/plugins', '/opt/airflow/dags/D:\\DE_project\\all_project_2']
[2025-02-01T07:44:59.246+0000] {processor.py:925} INFO - DAG(s) 'data_pipeline_dag' retrieved from /opt/airflow/dags/main.py
[2025-02-01T07:44:59.269+0000] {logging_mixin.py:190} INFO - [2025-02-01T07:44:59.268+0000] {dag.py:3239} INFO - Sync 1 DAGs
[2025-02-01T07:44:59.297+0000] {logging_mixin.py:190} INFO - [2025-02-01T07:44:59.296+0000] {dag.py:4180} INFO - Setting next_dagrun for data_pipeline_dag to 2025-01-31 00:00:00+00:00, run_after=2025-02-01 00:00:00+00:00
[2025-02-01T07:44:59.335+0000] {processor.py:208} INFO - Processing /opt/airflow/dags/main.py took 2.129 seconds
[2025-02-01T07:45:29.651+0000] {processor.py:186} INFO - Started process (PID=1241) to work on /opt/airflow/dags/main.py
[2025-02-01T07:45:29.653+0000] {processor.py:914} INFO - Processing file /opt/airflow/dags/main.py for tasks to queue
[2025-02-01T07:45:29.658+0000] {logging_mixin.py:190} INFO - [2025-02-01T07:45:29.658+0000] {dagbag.py:588} INFO - Filling up the DagBag from /opt/airflow/dags/main.py
[2025-02-01T07:45:29.690+0000] {logging_mixin.py:190} INFO - Updated sys.path: ['/home/airflow/.local/bin', '/opt/airflow/all_project_2', '/opt/airflow/dags', '/usr/local/lib/python312.zip', '/usr/local/lib/python3.12', '/usr/local/lib/python3.12/lib-dynload', '/home/airflow/.local/lib/python3.12/site-packages', '/opt/airflow/config', '/opt/airflow/plugins', '/opt/airflow/dags/D:\\DE_project\\all_project_2']
[2025-02-01T07:45:31.925+0000] {processor.py:925} INFO - DAG(s) 'data_pipeline_dag' retrieved from /opt/airflow/dags/main.py
[2025-02-01T07:45:31.953+0000] {logging_mixin.py:190} INFO - [2025-02-01T07:45:31.951+0000] {dag.py:3239} INFO - Sync 1 DAGs
[2025-02-01T07:45:31.987+0000] {logging_mixin.py:190} INFO - [2025-02-01T07:45:31.987+0000] {dag.py:4180} INFO - Setting next_dagrun for data_pipeline_dag to 2025-01-31 00:00:00+00:00, run_after=2025-02-01 00:00:00+00:00
[2025-02-01T07:45:32.033+0000] {processor.py:208} INFO - Processing /opt/airflow/dags/main.py took 2.399 seconds
[2025-02-01T07:46:02.736+0000] {processor.py:186} INFO - Started process (PID=1307) to work on /opt/airflow/dags/main.py
[2025-02-01T07:46:02.738+0000] {processor.py:914} INFO - Processing file /opt/airflow/dags/main.py for tasks to queue
[2025-02-01T07:46:02.742+0000] {logging_mixin.py:190} INFO - [2025-02-01T07:46:02.742+0000] {dagbag.py:588} INFO - Filling up the DagBag from /opt/airflow/dags/main.py
[2025-02-01T07:46:02.785+0000] {logging_mixin.py:190} INFO - Updated sys.path: ['/home/airflow/.local/bin', '/opt/airflow/all_project_2', '/opt/airflow/dags', '/usr/local/lib/python312.zip', '/usr/local/lib/python3.12', '/usr/local/lib/python3.12/lib-dynload', '/home/airflow/.local/lib/python3.12/site-packages', '/opt/airflow/config', '/opt/airflow/plugins', '/opt/airflow/dags/D:\\DE_project\\all_project_2']
[2025-02-01T07:46:05.008+0000] {processor.py:925} INFO - DAG(s) 'data_pipeline_dag' retrieved from /opt/airflow/dags/main.py
[2025-02-01T07:46:05.056+0000] {logging_mixin.py:190} INFO - [2025-02-01T07:46:05.055+0000] {dag.py:3239} INFO - Sync 1 DAGs
[2025-02-01T07:46:05.102+0000] {logging_mixin.py:190} INFO - [2025-02-01T07:46:05.101+0000] {dag.py:4180} INFO - Setting next_dagrun for data_pipeline_dag to 2025-01-31 00:00:00+00:00, run_after=2025-02-01 00:00:00+00:00
[2025-02-01T07:46:05.144+0000] {processor.py:208} INFO - Processing /opt/airflow/dags/main.py took 2.421 seconds
[2025-02-01T07:46:35.377+0000] {processor.py:186} INFO - Started process (PID=1379) to work on /opt/airflow/dags/main.py
[2025-02-01T07:46:35.378+0000] {processor.py:914} INFO - Processing file /opt/airflow/dags/main.py for tasks to queue
[2025-02-01T07:46:35.383+0000] {logging_mixin.py:190} INFO - [2025-02-01T07:46:35.382+0000] {dagbag.py:588} INFO - Filling up the DagBag from /opt/airflow/dags/main.py
[2025-02-01T07:46:35.416+0000] {logging_mixin.py:190} INFO - Updated sys.path: ['/home/airflow/.local/bin', '/opt/airflow/all_project_2', '/opt/airflow/dags', '/usr/local/lib/python312.zip', '/usr/local/lib/python3.12', '/usr/local/lib/python3.12/lib-dynload', '/home/airflow/.local/lib/python3.12/site-packages', '/opt/airflow/config', '/opt/airflow/plugins', '/opt/airflow/dags/D:\\DE_project\\all_project_2']
[2025-02-01T07:46:37.686+0000] {processor.py:925} INFO - DAG(s) 'data_pipeline_dag' retrieved from /opt/airflow/dags/main.py
[2025-02-01T07:46:37.724+0000] {logging_mixin.py:190} INFO - [2025-02-01T07:46:37.723+0000] {dag.py:3239} INFO - Sync 1 DAGs
[2025-02-01T07:46:37.765+0000] {logging_mixin.py:190} INFO - [2025-02-01T07:46:37.765+0000] {dag.py:4180} INFO - Setting next_dagrun for data_pipeline_dag to 2025-01-31 00:00:00+00:00, run_after=2025-02-01 00:00:00+00:00
[2025-02-01T07:46:38.050+0000] {processor.py:208} INFO - Processing /opt/airflow/dags/main.py took 2.696 seconds
[2025-02-01T07:47:08.776+0000] {processor.py:186} INFO - Started process (PID=1447) to work on /opt/airflow/dags/main.py
[2025-02-01T07:47:08.778+0000] {processor.py:914} INFO - Processing file /opt/airflow/dags/main.py for tasks to queue
[2025-02-01T07:47:08.781+0000] {logging_mixin.py:190} INFO - [2025-02-01T07:47:08.781+0000] {dagbag.py:588} INFO - Filling up the DagBag from /opt/airflow/dags/main.py
[2025-02-01T07:47:08.810+0000] {logging_mixin.py:190} INFO - Updated sys.path: ['/home/airflow/.local/bin', '/opt/airflow/all_project_2', '/opt/airflow/dags', '/usr/local/lib/python312.zip', '/usr/local/lib/python3.12', '/usr/local/lib/python3.12/lib-dynload', '/home/airflow/.local/lib/python3.12/site-packages', '/opt/airflow/config', '/opt/airflow/plugins', '/opt/airflow/dags/D:\\DE_project\\all_project_2']
[2025-02-01T07:47:10.902+0000] {processor.py:925} INFO - DAG(s) 'data_pipeline_dag' retrieved from /opt/airflow/dags/main.py
[2025-02-01T07:47:10.926+0000] {logging_mixin.py:190} INFO - [2025-02-01T07:47:10.925+0000] {dag.py:3239} INFO - Sync 1 DAGs
[2025-02-01T07:47:10.953+0000] {logging_mixin.py:190} INFO - [2025-02-01T07:47:10.953+0000] {dag.py:4180} INFO - Setting next_dagrun for data_pipeline_dag to 2025-01-31 00:00:00+00:00, run_after=2025-02-01 00:00:00+00:00
[2025-02-01T07:47:11.146+0000] {processor.py:208} INFO - Processing /opt/airflow/dags/main.py took 2.381 seconds
[2025-02-01T07:47:41.597+0000] {processor.py:186} INFO - Started process (PID=1515) to work on /opt/airflow/dags/main.py
[2025-02-01T07:47:41.598+0000] {processor.py:914} INFO - Processing file /opt/airflow/dags/main.py for tasks to queue
[2025-02-01T07:47:41.602+0000] {logging_mixin.py:190} INFO - [2025-02-01T07:47:41.602+0000] {dagbag.py:588} INFO - Filling up the DagBag from /opt/airflow/dags/main.py
[2025-02-01T07:47:41.636+0000] {logging_mixin.py:190} INFO - Updated sys.path: ['/home/airflow/.local/bin', '/opt/airflow/all_project_2', '/opt/airflow/dags', '/usr/local/lib/python312.zip', '/usr/local/lib/python3.12', '/usr/local/lib/python3.12/lib-dynload', '/home/airflow/.local/lib/python3.12/site-packages', '/opt/airflow/config', '/opt/airflow/plugins', '/opt/airflow/dags/D:\\DE_project\\all_project_2']
[2025-02-01T07:47:43.595+0000] {processor.py:925} INFO - DAG(s) 'data_pipeline_dag' retrieved from /opt/airflow/dags/main.py
[2025-02-01T07:47:43.618+0000] {logging_mixin.py:190} INFO - [2025-02-01T07:47:43.617+0000] {dag.py:3239} INFO - Sync 1 DAGs
[2025-02-01T07:47:43.648+0000] {logging_mixin.py:190} INFO - [2025-02-01T07:47:43.648+0000] {dag.py:4180} INFO - Setting next_dagrun for data_pipeline_dag to 2025-01-31 00:00:00+00:00, run_after=2025-02-01 00:00:00+00:00
[2025-02-01T07:47:43.877+0000] {processor.py:208} INFO - Processing /opt/airflow/dags/main.py took 2.292 seconds
[2025-02-01T07:48:14.623+0000] {processor.py:186} INFO - Started process (PID=1583) to work on /opt/airflow/dags/main.py
[2025-02-01T07:48:14.625+0000] {processor.py:914} INFO - Processing file /opt/airflow/dags/main.py for tasks to queue
[2025-02-01T07:48:14.629+0000] {logging_mixin.py:190} INFO - [2025-02-01T07:48:14.628+0000] {dagbag.py:588} INFO - Filling up the DagBag from /opt/airflow/dags/main.py
[2025-02-01T07:48:14.668+0000] {logging_mixin.py:190} INFO - Updated sys.path: ['/home/airflow/.local/bin', '/opt/airflow/all_project_2', '/opt/airflow/dags', '/usr/local/lib/python312.zip', '/usr/local/lib/python3.12', '/usr/local/lib/python3.12/lib-dynload', '/home/airflow/.local/lib/python3.12/site-packages', '/opt/airflow/config', '/opt/airflow/plugins', '/opt/airflow/dags/D:\\DE_project\\all_project_2']
[2025-02-01T07:48:16.575+0000] {processor.py:925} INFO - DAG(s) 'data_pipeline_dag' retrieved from /opt/airflow/dags/main.py
[2025-02-01T07:48:16.600+0000] {logging_mixin.py:190} INFO - [2025-02-01T07:48:16.600+0000] {dag.py:3239} INFO - Sync 1 DAGs
[2025-02-01T07:48:16.636+0000] {logging_mixin.py:190} INFO - [2025-02-01T07:48:16.636+0000] {dag.py:4180} INFO - Setting next_dagrun for data_pipeline_dag to 2025-01-31 00:00:00+00:00, run_after=2025-02-01 00:00:00+00:00
[2025-02-01T07:48:16.953+0000] {processor.py:208} INFO - Processing /opt/airflow/dags/main.py took 2.344 seconds
[2025-02-01T07:48:47.756+0000] {processor.py:186} INFO - Started process (PID=1649) to work on /opt/airflow/dags/main.py
[2025-02-01T07:48:47.758+0000] {processor.py:914} INFO - Processing file /opt/airflow/dags/main.py for tasks to queue
[2025-02-01T07:48:47.762+0000] {logging_mixin.py:190} INFO - [2025-02-01T07:48:47.762+0000] {dagbag.py:588} INFO - Filling up the DagBag from /opt/airflow/dags/main.py
[2025-02-01T07:48:47.790+0000] {logging_mixin.py:190} INFO - Updated sys.path: ['/home/airflow/.local/bin', '/opt/airflow/all_project_2', '/opt/airflow/dags', '/usr/local/lib/python312.zip', '/usr/local/lib/python3.12', '/usr/local/lib/python3.12/lib-dynload', '/home/airflow/.local/lib/python3.12/site-packages', '/opt/airflow/config', '/opt/airflow/plugins', '/opt/airflow/dags/D:\\DE_project\\all_project_2']
[2025-02-01T07:48:50.038+0000] {processor.py:925} INFO - DAG(s) 'data_pipeline_dag' retrieved from /opt/airflow/dags/main.py
[2025-02-01T07:48:50.079+0000] {logging_mixin.py:190} INFO - [2025-02-01T07:48:50.078+0000] {dag.py:3239} INFO - Sync 1 DAGs
[2025-02-01T07:48:50.109+0000] {logging_mixin.py:190} INFO - [2025-02-01T07:48:50.109+0000] {dag.py:4180} INFO - Setting next_dagrun for data_pipeline_dag to 2025-01-31 00:00:00+00:00, run_after=2025-02-01 00:00:00+00:00
[2025-02-01T07:48:50.135+0000] {processor.py:208} INFO - Processing /opt/airflow/dags/main.py took 2.388 seconds
[2025-02-01T07:49:20.353+0000] {processor.py:186} INFO - Started process (PID=1715) to work on /opt/airflow/dags/main.py
[2025-02-01T07:49:20.354+0000] {processor.py:914} INFO - Processing file /opt/airflow/dags/main.py for tasks to queue
[2025-02-01T07:49:20.357+0000] {logging_mixin.py:190} INFO - [2025-02-01T07:49:20.356+0000] {dagbag.py:588} INFO - Filling up the DagBag from /opt/airflow/dags/main.py
[2025-02-01T07:49:20.387+0000] {logging_mixin.py:190} INFO - Updated sys.path: ['/home/airflow/.local/bin', '/opt/airflow/all_project_2', '/opt/airflow/dags', '/usr/local/lib/python312.zip', '/usr/local/lib/python3.12', '/usr/local/lib/python3.12/lib-dynload', '/home/airflow/.local/lib/python3.12/site-packages', '/opt/airflow/config', '/opt/airflow/plugins', '/opt/airflow/dags/D:\\DE_project\\all_project_2']
[2025-02-01T07:49:22.586+0000] {processor.py:925} INFO - DAG(s) 'data_pipeline_dag' retrieved from /opt/airflow/dags/main.py
[2025-02-01T07:49:22.616+0000] {logging_mixin.py:190} INFO - [2025-02-01T07:49:22.615+0000] {dag.py:3239} INFO - Sync 1 DAGs
[2025-02-01T07:49:22.644+0000] {logging_mixin.py:190} INFO - [2025-02-01T07:49:22.643+0000] {dag.py:4180} INFO - Setting next_dagrun for data_pipeline_dag to 2025-01-31 00:00:00+00:00, run_after=2025-02-01 00:00:00+00:00
[2025-02-01T07:49:22.670+0000] {processor.py:208} INFO - Processing /opt/airflow/dags/main.py took 2.327 seconds
[2025-02-01T07:49:53.344+0000] {processor.py:186} INFO - Started process (PID=1781) to work on /opt/airflow/dags/main.py
[2025-02-01T07:49:53.346+0000] {processor.py:914} INFO - Processing file /opt/airflow/dags/main.py for tasks to queue
[2025-02-01T07:49:53.350+0000] {logging_mixin.py:190} INFO - [2025-02-01T07:49:53.349+0000] {dagbag.py:588} INFO - Filling up the DagBag from /opt/airflow/dags/main.py
[2025-02-01T07:49:53.377+0000] {logging_mixin.py:190} INFO - Updated sys.path: ['/home/airflow/.local/bin', '/opt/airflow/all_project_2', '/opt/airflow/dags', '/usr/local/lib/python312.zip', '/usr/local/lib/python3.12', '/usr/local/lib/python3.12/lib-dynload', '/home/airflow/.local/lib/python3.12/site-packages', '/opt/airflow/config', '/opt/airflow/plugins', '/opt/airflow/dags/D:\\DE_project\\all_project_2']
[2025-02-01T07:49:55.490+0000] {processor.py:925} INFO - DAG(s) 'data_pipeline_dag' retrieved from /opt/airflow/dags/main.py
[2025-02-01T07:49:55.516+0000] {logging_mixin.py:190} INFO - [2025-02-01T07:49:55.516+0000] {dag.py:3239} INFO - Sync 1 DAGs
[2025-02-01T07:49:55.552+0000] {logging_mixin.py:190} INFO - [2025-02-01T07:49:55.551+0000] {dag.py:4180} INFO - Setting next_dagrun for data_pipeline_dag to 2025-01-31 00:00:00+00:00, run_after=2025-02-01 00:00:00+00:00
[2025-02-01T07:49:55.601+0000] {processor.py:208} INFO - Processing /opt/airflow/dags/main.py took 2.268 seconds
[2025-02-01T07:50:26.070+0000] {processor.py:186} INFO - Started process (PID=1850) to work on /opt/airflow/dags/main.py
[2025-02-01T07:50:26.071+0000] {processor.py:914} INFO - Processing file /opt/airflow/dags/main.py for tasks to queue
[2025-02-01T07:50:26.074+0000] {logging_mixin.py:190} INFO - [2025-02-01T07:50:26.074+0000] {dagbag.py:588} INFO - Filling up the DagBag from /opt/airflow/dags/main.py
[2025-02-01T07:50:26.100+0000] {logging_mixin.py:190} INFO - Updated sys.path: ['/home/airflow/.local/bin', '/opt/airflow/all_project_2', '/opt/airflow/dags', '/usr/local/lib/python312.zip', '/usr/local/lib/python3.12', '/usr/local/lib/python3.12/lib-dynload', '/home/airflow/.local/lib/python3.12/site-packages', '/opt/airflow/config', '/opt/airflow/plugins', '/opt/airflow/dags/D:\\DE_project\\all_project_2']
[2025-02-01T07:50:28.316+0000] {processor.py:925} INFO - DAG(s) 'data_pipeline_dag' retrieved from /opt/airflow/dags/main.py
[2025-02-01T07:50:28.342+0000] {logging_mixin.py:190} INFO - [2025-02-01T07:50:28.341+0000] {dag.py:3239} INFO - Sync 1 DAGs
[2025-02-01T07:50:28.378+0000] {logging_mixin.py:190} INFO - [2025-02-01T07:50:28.378+0000] {dag.py:4180} INFO - Setting next_dagrun for data_pipeline_dag to 2025-01-31 00:00:00+00:00, run_after=2025-02-01 00:00:00+00:00
[2025-02-01T07:50:28.408+0000] {processor.py:208} INFO - Processing /opt/airflow/dags/main.py took 2.348 seconds
[2025-02-01T07:50:58.521+0000] {processor.py:186} INFO - Started process (PID=1916) to work on /opt/airflow/dags/main.py
[2025-02-01T07:50:58.523+0000] {processor.py:914} INFO - Processing file /opt/airflow/dags/main.py for tasks to queue
[2025-02-01T07:50:58.526+0000] {logging_mixin.py:190} INFO - [2025-02-01T07:50:58.526+0000] {dagbag.py:588} INFO - Filling up the DagBag from /opt/airflow/dags/main.py
[2025-02-01T07:50:58.561+0000] {logging_mixin.py:190} INFO - Updated sys.path: ['/home/airflow/.local/bin', '/opt/airflow/all_project_2', '/opt/airflow/dags', '/usr/local/lib/python312.zip', '/usr/local/lib/python3.12', '/usr/local/lib/python3.12/lib-dynload', '/home/airflow/.local/lib/python3.12/site-packages', '/opt/airflow/config', '/opt/airflow/plugins', '/opt/airflow/dags/D:\\DE_project\\all_project_2']
[2025-02-01T07:51:00.861+0000] {processor.py:925} INFO - DAG(s) 'data_pipeline_dag' retrieved from /opt/airflow/dags/main.py
[2025-02-01T07:51:00.887+0000] {logging_mixin.py:190} INFO - [2025-02-01T07:51:00.886+0000] {dag.py:3239} INFO - Sync 1 DAGs
[2025-02-01T07:51:00.919+0000] {logging_mixin.py:190} INFO - [2025-02-01T07:51:00.918+0000] {dag.py:4180} INFO - Setting next_dagrun for data_pipeline_dag to 2025-01-31 00:00:00+00:00, run_after=2025-02-01 00:00:00+00:00
[2025-02-01T07:51:00.950+0000] {processor.py:208} INFO - Processing /opt/airflow/dags/main.py took 2.442 seconds
[2025-02-01T07:51:31.433+0000] {processor.py:186} INFO - Started process (PID=1982) to work on /opt/airflow/dags/main.py
[2025-02-01T07:51:31.435+0000] {processor.py:914} INFO - Processing file /opt/airflow/dags/main.py for tasks to queue
[2025-02-01T07:51:31.438+0000] {logging_mixin.py:190} INFO - [2025-02-01T07:51:31.437+0000] {dagbag.py:588} INFO - Filling up the DagBag from /opt/airflow/dags/main.py
[2025-02-01T07:51:31.473+0000] {logging_mixin.py:190} INFO - Updated sys.path: ['/home/airflow/.local/bin', '/opt/airflow/all_project_2', '/opt/airflow/dags', '/usr/local/lib/python312.zip', '/usr/local/lib/python3.12', '/usr/local/lib/python3.12/lib-dynload', '/home/airflow/.local/lib/python3.12/site-packages', '/opt/airflow/config', '/opt/airflow/plugins', '/opt/airflow/dags/D:\\DE_project\\all_project_2']
[2025-02-01T07:51:33.564+0000] {processor.py:925} INFO - DAG(s) 'data_pipeline_dag' retrieved from /opt/airflow/dags/main.py
[2025-02-01T07:51:33.589+0000] {logging_mixin.py:190} INFO - [2025-02-01T07:51:33.588+0000] {dag.py:3239} INFO - Sync 1 DAGs
[2025-02-01T07:51:33.617+0000] {logging_mixin.py:190} INFO - [2025-02-01T07:51:33.617+0000] {dag.py:4180} INFO - Setting next_dagrun for data_pipeline_dag to 2025-01-31 00:00:00+00:00, run_after=2025-02-01 00:00:00+00:00
[2025-02-01T07:51:33.642+0000] {processor.py:208} INFO - Processing /opt/airflow/dags/main.py took 2.220 seconds
[2025-02-01T07:52:03.977+0000] {processor.py:186} INFO - Started process (PID=2048) to work on /opt/airflow/dags/main.py
[2025-02-01T07:52:03.979+0000] {processor.py:914} INFO - Processing file /opt/airflow/dags/main.py for tasks to queue
[2025-02-01T07:52:03.984+0000] {logging_mixin.py:190} INFO - [2025-02-01T07:52:03.983+0000] {dagbag.py:588} INFO - Filling up the DagBag from /opt/airflow/dags/main.py
[2025-02-01T07:52:04.011+0000] {logging_mixin.py:190} INFO - Updated sys.path: ['/home/airflow/.local/bin', '/opt/airflow/all_project_2', '/opt/airflow/dags', '/usr/local/lib/python312.zip', '/usr/local/lib/python3.12', '/usr/local/lib/python3.12/lib-dynload', '/home/airflow/.local/lib/python3.12/site-packages', '/opt/airflow/config', '/opt/airflow/plugins', '/opt/airflow/dags/D:\\DE_project\\all_project_2']
[2025-02-01T07:52:06.175+0000] {processor.py:925} INFO - DAG(s) 'data_pipeline_dag' retrieved from /opt/airflow/dags/main.py
[2025-02-01T07:52:06.205+0000] {logging_mixin.py:190} INFO - [2025-02-01T07:52:06.204+0000] {dag.py:3239} INFO - Sync 1 DAGs
[2025-02-01T07:52:06.246+0000] {logging_mixin.py:190} INFO - [2025-02-01T07:52:06.246+0000] {dag.py:4180} INFO - Setting next_dagrun for data_pipeline_dag to 2025-01-31 00:00:00+00:00, run_after=2025-02-01 00:00:00+00:00
[2025-02-01T07:52:06.270+0000] {processor.py:208} INFO - Processing /opt/airflow/dags/main.py took 2.306 seconds
[2025-02-01T07:52:36.418+0000] {processor.py:186} INFO - Started process (PID=2122) to work on /opt/airflow/dags/main.py
[2025-02-01T07:52:36.420+0000] {processor.py:914} INFO - Processing file /opt/airflow/dags/main.py for tasks to queue
[2025-02-01T07:52:36.423+0000] {logging_mixin.py:190} INFO - [2025-02-01T07:52:36.422+0000] {dagbag.py:588} INFO - Filling up the DagBag from /opt/airflow/dags/main.py
[2025-02-01T07:52:36.445+0000] {logging_mixin.py:190} INFO - Updated sys.path: ['/home/airflow/.local/bin', '/opt/airflow/all_project_2', '/opt/airflow/dags', '/usr/local/lib/python312.zip', '/usr/local/lib/python3.12', '/usr/local/lib/python3.12/lib-dynload', '/home/airflow/.local/lib/python3.12/site-packages', '/opt/airflow/config', '/opt/airflow/plugins', '/opt/airflow/dags/D:\\DE_project\\all_project_2']
[2025-02-01T07:52:38.978+0000] {processor.py:925} INFO - DAG(s) 'data_pipeline_dag' retrieved from /opt/airflow/dags/main.py
[2025-02-01T07:52:39.001+0000] {logging_mixin.py:190} INFO - [2025-02-01T07:52:39.000+0000] {dag.py:3239} INFO - Sync 1 DAGs
[2025-02-01T07:52:39.036+0000] {logging_mixin.py:190} INFO - [2025-02-01T07:52:39.035+0000] {dag.py:4180} INFO - Setting next_dagrun for data_pipeline_dag to 2025-01-31 00:00:00+00:00, run_after=2025-02-01 00:00:00+00:00
[2025-02-01T07:52:39.060+0000] {processor.py:208} INFO - Processing /opt/airflow/dags/main.py took 2.652 seconds
