[2025-02-01T07:36:43.765+0000] {processor.py:186} INFO - Started process (PID=102) to work on /opt/airflow/dags/my_dags.py
[2025-02-01T07:36:43.767+0000] {processor.py:914} INFO - Processing file /opt/airflow/dags/my_dags.py for tasks to queue
[2025-02-01T07:36:43.773+0000] {logging_mixin.py:190} INFO - [2025-02-01T07:36:43.772+0000] {dagbag.py:588} INFO - Filling up the DagBag from /opt/airflow/dags/my_dags.py
[2025-02-01T07:36:43.848+0000] {processor.py:925} INFO - DAG(s) 'my_dag' retrieved from /opt/airflow/dags/my_dags.py
[2025-02-01T07:36:43.919+0000] {logging_mixin.py:190} INFO - [2025-02-01T07:36:43.919+0000] {dag.py:3239} INFO - Sync 1 DAGs
[2025-02-01T07:36:44.002+0000] {logging_mixin.py:190} INFO - [2025-02-01T07:36:44.002+0000] {dag.py:4180} INFO - Setting next_dagrun for my_dag to 2025-02-01 00:00:00+00:00, run_after=2025-02-02 00:00:00+00:00
[2025-02-01T07:36:44.039+0000] {processor.py:208} INFO - Processing /opt/airflow/dags/my_dags.py took 0.290 seconds
[2025-02-01T07:37:14.144+0000] {processor.py:186} INFO - Started process (PID=180) to work on /opt/airflow/dags/my_dags.py
[2025-02-01T07:37:14.149+0000] {processor.py:914} INFO - Processing file /opt/airflow/dags/my_dags.py for tasks to queue
[2025-02-01T07:37:14.154+0000] {logging_mixin.py:190} INFO - [2025-02-01T07:37:14.153+0000] {dagbag.py:588} INFO - Filling up the DagBag from /opt/airflow/dags/my_dags.py
[2025-02-01T07:37:14.209+0000] {processor.py:925} INFO - DAG(s) 'my_dag' retrieved from /opt/airflow/dags/my_dags.py
[2025-02-01T07:37:14.246+0000] {logging_mixin.py:190} INFO - [2025-02-01T07:37:14.246+0000] {dag.py:3239} INFO - Sync 1 DAGs
[2025-02-01T07:37:14.286+0000] {logging_mixin.py:190} INFO - [2025-02-01T07:37:14.286+0000] {dag.py:4180} INFO - Setting next_dagrun for my_dag to 2025-02-01 00:00:00+00:00, run_after=2025-02-02 00:00:00+00:00
[2025-02-01T07:37:14.334+0000] {processor.py:208} INFO - Processing /opt/airflow/dags/my_dags.py took 0.202 seconds
[2025-02-01T07:37:44.445+0000] {processor.py:186} INFO - Started process (PID=246) to work on /opt/airflow/dags/my_dags.py
[2025-02-01T07:37:44.446+0000] {processor.py:914} INFO - Processing file /opt/airflow/dags/my_dags.py for tasks to queue
[2025-02-01T07:37:44.450+0000] {logging_mixin.py:190} INFO - [2025-02-01T07:37:44.449+0000] {dagbag.py:588} INFO - Filling up the DagBag from /opt/airflow/dags/my_dags.py
[2025-02-01T07:37:44.481+0000] {processor.py:925} INFO - DAG(s) 'my_dag' retrieved from /opt/airflow/dags/my_dags.py
[2025-02-01T07:37:44.509+0000] {logging_mixin.py:190} INFO - [2025-02-01T07:37:44.509+0000] {dag.py:3239} INFO - Sync 1 DAGs
[2025-02-01T07:37:44.544+0000] {logging_mixin.py:190} INFO - [2025-02-01T07:37:44.544+0000] {dag.py:4180} INFO - Setting next_dagrun for my_dag to 2025-02-01 00:00:00+00:00, run_after=2025-02-02 00:00:00+00:00
[2025-02-01T07:37:44.580+0000] {processor.py:208} INFO - Processing /opt/airflow/dags/my_dags.py took 0.144 seconds
