[2025-01-26T02:08:19.855+0000] {local_task_job_runner.py:123} INFO - ::group::Pre task execution logs
[2025-01-26T02:08:19.879+0000] {taskinstance.py:2613} INFO - Dependencies all met for dep_context=non-requeueable deps ti=<TaskInstance: my_dag.training_model_B scheduled__2025-01-25T00:00:00+00:00 [queued]>
[2025-01-26T02:08:19.890+0000] {taskinstance.py:2613} INFO - Dependencies all met for dep_context=requeueable deps ti=<TaskInstance: my_dag.training_model_B scheduled__2025-01-25T00:00:00+00:00 [queued]>
[2025-01-26T02:08:19.892+0000] {taskinstance.py:2866} INFO - Starting attempt 1 of 1
[2025-01-26T02:08:20.132+0000] {taskinstance.py:2889} INFO - Executing <Task(PythonOperator): training_model_B> on 2025-01-25 00:00:00+00:00
[2025-01-26T02:08:20.151+0000] {warnings.py:112} WARNING - /home/***/.local/lib/python3.12/site-packages/***/task/task_runner/standard_task_runner.py:70: DeprecationWarning: This process (pid=23191) is multi-threaded, use of fork() may lead to deadlocks in the child.
  pid = os.fork()

[2025-01-26T02:08:20.153+0000] {standard_task_runner.py:104} INFO - Running: ['***', 'tasks', 'run', 'my_dag', 'training_model_B', 'scheduled__2025-01-25T00:00:00+00:00', '--job-id', '82', '--raw', '--subdir', 'DAGS_FOLDER/my_dags.py', '--cfg-path', '/tmp/tmp9re0_ps9']
[2025-01-26T02:08:20.154+0000] {standard_task_runner.py:72} INFO - Started process 23199 to run task
[2025-01-26T02:08:20.154+0000] {standard_task_runner.py:105} INFO - Job 82: Subtask training_model_B
[2025-01-26T02:08:20.393+0000] {task_command.py:467} INFO - Running <TaskInstance: my_dag.training_model_B scheduled__2025-01-25T00:00:00+00:00 [running]> on host f20f83373f6a
[2025-01-26T02:08:20.546+0000] {taskinstance.py:3132} INFO - Exporting env vars: AIRFLOW_CTX_DAG_OWNER='***' AIRFLOW_CTX_DAG_ID='my_dag' AIRFLOW_CTX_TASK_ID='training_model_B' AIRFLOW_CTX_EXECUTION_DATE='2025-01-25T00:00:00+00:00' AIRFLOW_CTX_TRY_NUMBER='1' AIRFLOW_CTX_DAG_RUN_ID='scheduled__2025-01-25T00:00:00+00:00'
[2025-01-26T02:08:20.549+0000] {logging_mixin.py:190} INFO - Task instance is in running state
[2025-01-26T02:08:20.550+0000] {logging_mixin.py:190} INFO -  Previous state of the Task instance: queued
[2025-01-26T02:08:20.551+0000] {logging_mixin.py:190} INFO - Current task name:training_model_B state:running start_date:2025-01-26 02:08:19.879868+00:00
[2025-01-26T02:08:20.552+0000] {logging_mixin.py:190} INFO - Dag name:my_dag and current dag run status:running
[2025-01-26T02:08:20.553+0000] {taskinstance.py:731} INFO - ::endgroup::
[2025-01-26T02:08:20.554+0000] {python.py:240} INFO - Done. Returned value was: 10
[2025-01-26T02:08:20.593+0000] {taskinstance.py:340} INFO - ::group::Post task execution logs
[2025-01-26T02:08:20.595+0000] {taskinstance.py:352} INFO - Marking task as SUCCESS. dag_id=my_dag, task_id=training_model_B, run_id=scheduled__2025-01-25T00:00:00+00:00, execution_date=20250125T000000, start_date=20250126T020819, end_date=20250126T020820
[2025-01-26T02:08:20.613+0000] {logging_mixin.py:190} INFO - Task instance in success state
[2025-01-26T02:08:20.614+0000] {logging_mixin.py:190} INFO -  Previous state of the Task instance: running
[2025-01-26T02:08:20.615+0000] {logging_mixin.py:190} INFO - Dag name:my_dag queued_at:2025-01-26 02:08:10.643460+00:00
[2025-01-26T02:08:20.616+0000] {logging_mixin.py:190} INFO - Task hostname:f20f83373f6a operator:PythonOperator
[2025-01-26T02:08:20.633+0000] {local_task_job_runner.py:266} INFO - Task exited with return code 0
[2025-01-26T02:08:20.658+0000] {local_task_job_runner.py:245} INFO - ::endgroup::
