[2025-01-23T02:07:06.205+0000] {local_task_job_runner.py:123} INFO - ::group::Pre task execution logs
[2025-01-23T02:07:06.231+0000] {taskinstance.py:2613} INFO - Dependencies all met for dep_context=non-requeueable deps ti=<TaskInstance: my_dag.accurate scheduled__2025-01-22T00:00:00+00:00 [queued]>
[2025-01-23T02:07:06.403+0000] {taskinstance.py:2613} INFO - Dependencies all met for dep_context=requeueable deps ti=<TaskInstance: my_dag.accurate scheduled__2025-01-22T00:00:00+00:00 [queued]>
[2025-01-23T02:07:06.405+0000] {taskinstance.py:2866} INFO - Starting attempt 1 of 1
[2025-01-23T02:07:06.426+0000] {taskinstance.py:2889} INFO - Executing <Task(BashOperator): accurate> on 2025-01-22 00:00:00+00:00
[2025-01-23T02:07:06.436+0000] {warnings.py:112} WARNING - /home/***/.local/lib/python3.12/site-packages/***/task/task_runner/standard_task_runner.py:70: DeprecationWarning: This process (pid=631) is multi-threaded, use of fork() may lead to deadlocks in the child.
  pid = os.fork()

[2025-01-23T02:07:06.438+0000] {standard_task_runner.py:72} INFO - Started process 633 to run task
[2025-01-23T02:07:06.438+0000] {standard_task_runner.py:104} INFO - Running: ['***', 'tasks', 'run', 'my_dag', 'accurate', 'scheduled__2025-01-22T00:00:00+00:00', '--job-id', '69', '--raw', '--subdir', 'DAGS_FOLDER/my_dags.py', '--cfg-path', '/tmp/tmp4wxdnczh']
[2025-01-23T02:07:06.440+0000] {standard_task_runner.py:105} INFO - Job 69: Subtask accurate
[2025-01-23T02:07:06.516+0000] {task_command.py:467} INFO - Running <TaskInstance: my_dag.accurate scheduled__2025-01-22T00:00:00+00:00 [running]> on host f20f83373f6a
[2025-01-23T02:07:06.642+0000] {taskinstance.py:3132} INFO - Exporting env vars: AIRFLOW_CTX_DAG_OWNER='***' AIRFLOW_CTX_DAG_ID='my_dag' AIRFLOW_CTX_TASK_ID='accurate' AIRFLOW_CTX_EXECUTION_DATE='2025-01-22T00:00:00+00:00' AIRFLOW_CTX_TRY_NUMBER='1' AIRFLOW_CTX_DAG_RUN_ID='scheduled__2025-01-22T00:00:00+00:00'
[2025-01-23T02:07:06.645+0000] {logging_mixin.py:190} INFO - Task instance is in running state
[2025-01-23T02:07:06.647+0000] {logging_mixin.py:190} INFO -  Previous state of the Task instance: queued
[2025-01-23T02:07:06.648+0000] {logging_mixin.py:190} INFO - Current task name:accurate state:running start_date:2025-01-23 02:07:06.231841+00:00
[2025-01-23T02:07:06.649+0000] {logging_mixin.py:190} INFO - Dag name:my_dag and current dag run status:running
[2025-01-23T02:07:06.650+0000] {taskinstance.py:731} INFO - ::endgroup::
[2025-01-23T02:07:06.652+0000] {subprocess.py:78} INFO - Tmp dir root location: /tmp
[2025-01-23T02:07:06.654+0000] {subprocess.py:88} INFO - Running command: ['/usr/bin/bash', '-c', "echo 'accurate'"]
[2025-01-23T02:07:06.670+0000] {subprocess.py:99} INFO - Output:
[2025-01-23T02:07:06.672+0000] {subprocess.py:106} INFO - accurate
[2025-01-23T02:07:06.674+0000] {subprocess.py:110} INFO - Command exited with return code 0
[2025-01-23T02:07:06.707+0000] {taskinstance.py:340} INFO - ::group::Post task execution logs
[2025-01-23T02:07:06.709+0000] {taskinstance.py:352} INFO - Marking task as SUCCESS. dag_id=my_dag, task_id=accurate, run_id=scheduled__2025-01-22T00:00:00+00:00, execution_date=20250122T000000, start_date=20250123T020706, end_date=20250123T020706
[2025-01-23T02:07:06.721+0000] {logging_mixin.py:190} INFO - Task instance in success state
[2025-01-23T02:07:06.722+0000] {logging_mixin.py:190} INFO -  Previous state of the Task instance: running
[2025-01-23T02:07:06.723+0000] {logging_mixin.py:190} INFO - Dag name:my_dag queued_at:2025-01-23 02:06:54.065934+00:00
[2025-01-23T02:07:06.724+0000] {logging_mixin.py:190} INFO - Task hostname:f20f83373f6a operator:BashOperator
[2025-01-23T02:07:06.737+0000] {local_task_job_runner.py:266} INFO - Task exited with return code 0
[2025-01-23T02:07:06.758+0000] {taskinstance.py:3895} INFO - 0 downstream tasks scheduled from follow-on schedule check
[2025-01-23T02:07:06.761+0000] {local_task_job_runner.py:245} INFO - ::endgroup::
