[2025-01-25T02:00:14.853+0000] {local_task_job_runner.py:123} INFO - ::group::Pre task execution logs
[2025-01-25T02:00:14.883+0000] {taskinstance.py:2613} INFO - Dependencies all met for dep_context=non-requeueable deps ti=<TaskInstance: my_dag.training_model_C scheduled__2025-01-24T00:00:00+00:00 [queued]>
[2025-01-25T02:00:14.902+0000] {taskinstance.py:2613} INFO - Dependencies all met for dep_context=requeueable deps ti=<TaskInstance: my_dag.training_model_C scheduled__2025-01-24T00:00:00+00:00 [queued]>
[2025-01-25T02:00:14.903+0000] {taskinstance.py:2866} INFO - Starting attempt 1 of 1
[2025-01-25T02:00:14.922+0000] {taskinstance.py:2889} INFO - Executing <Task(PythonOperator): training_model_C> on 2025-01-24 00:00:00+00:00
[2025-01-25T02:00:14.933+0000] {warnings.py:112} WARNING - /home/***/.local/lib/python3.12/site-packages/***/task/task_runner/standard_task_runner.py:70: DeprecationWarning: This process (pid=14974) is multi-threaded, use of fork() may lead to deadlocks in the child.
  pid = os.fork()

[2025-01-25T02:00:14.937+0000] {standard_task_runner.py:72} INFO - Started process 14978 to run task
[2025-01-25T02:00:14.937+0000] {standard_task_runner.py:104} INFO - Running: ['***', 'tasks', 'run', 'my_dag', 'training_model_C', 'scheduled__2025-01-24T00:00:00+00:00', '--job-id', '76', '--raw', '--subdir', 'DAGS_FOLDER/my_dags.py', '--cfg-path', '/tmp/tmpljee9g17']
[2025-01-25T02:00:14.939+0000] {standard_task_runner.py:105} INFO - Job 76: Subtask training_model_C
[2025-01-25T02:00:15.051+0000] {task_command.py:467} INFO - Running <TaskInstance: my_dag.training_model_C scheduled__2025-01-24T00:00:00+00:00 [running]> on host f20f83373f6a
[2025-01-25T02:00:15.962+0000] {taskinstance.py:3132} INFO - Exporting env vars: AIRFLOW_CTX_DAG_OWNER='***' AIRFLOW_CTX_DAG_ID='my_dag' AIRFLOW_CTX_TASK_ID='training_model_C' AIRFLOW_CTX_EXECUTION_DATE='2025-01-24T00:00:00+00:00' AIRFLOW_CTX_TRY_NUMBER='1' AIRFLOW_CTX_DAG_RUN_ID='scheduled__2025-01-24T00:00:00+00:00'
[2025-01-25T02:00:15.964+0000] {logging_mixin.py:190} INFO - Task instance is in running state
[2025-01-25T02:00:15.965+0000] {logging_mixin.py:190} INFO -  Previous state of the Task instance: queued
[2025-01-25T02:00:15.966+0000] {logging_mixin.py:190} INFO - Current task name:training_model_C state:running start_date:2025-01-25 02:00:14.885034+00:00
[2025-01-25T02:00:15.966+0000] {logging_mixin.py:190} INFO - Dag name:my_dag and current dag run status:running
[2025-01-25T02:00:15.967+0000] {taskinstance.py:731} INFO - ::endgroup::
[2025-01-25T02:00:15.968+0000] {python.py:240} INFO - Done. Returned value was: 1
[2025-01-25T02:00:16.000+0000] {taskinstance.py:340} INFO - ::group::Post task execution logs
[2025-01-25T02:00:16.001+0000] {taskinstance.py:352} INFO - Marking task as SUCCESS. dag_id=my_dag, task_id=training_model_C, run_id=scheduled__2025-01-24T00:00:00+00:00, execution_date=20250124T000000, start_date=20250125T020014, end_date=20250125T020016
[2025-01-25T02:00:16.015+0000] {logging_mixin.py:190} INFO - Task instance in success state
[2025-01-25T02:00:16.015+0000] {logging_mixin.py:190} INFO -  Previous state of the Task instance: running
[2025-01-25T02:00:16.016+0000] {logging_mixin.py:190} INFO - Dag name:my_dag queued_at:2025-01-25 02:00:06.882662+00:00
[2025-01-25T02:00:16.017+0000] {logging_mixin.py:190} INFO - Task hostname:f20f83373f6a operator:PythonOperator
[2025-01-25T02:00:16.080+0000] {local_task_job_runner.py:266} INFO - Task exited with return code 0
[2025-01-25T02:00:16.287+0000] {taskinstance.py:3895} INFO - 1 downstream tasks scheduled from follow-on schedule check
[2025-01-25T02:00:16.290+0000] {local_task_job_runner.py:245} INFO - ::endgroup::
