[2025-01-24T02:06:10.947+0000] {local_task_job_runner.py:123} INFO - ::group::Pre task execution logs
[2025-01-24T02:06:10.964+0000] {taskinstance.py:2613} INFO - Dependencies all met for dep_context=non-requeueable deps ti=<TaskInstance: my_dag.training_model_A scheduled__2025-01-23T00:00:00+00:00 [queued]>
[2025-01-24T02:06:10.974+0000] {taskinstance.py:2613} INFO - Dependencies all met for dep_context=requeueable deps ti=<TaskInstance: my_dag.training_model_A scheduled__2025-01-23T00:00:00+00:00 [queued]>
[2025-01-24T02:06:10.975+0000] {taskinstance.py:2866} INFO - Starting attempt 1 of 1
[2025-01-24T02:06:10.995+0000] {taskinstance.py:2889} INFO - Executing <Task(PythonOperator): training_model_A> on 2025-01-23 00:00:00+00:00
[2025-01-24T02:06:11.009+0000] {warnings.py:112} WARNING - /home/***/.local/lib/python3.12/site-packages/***/task/task_runner/standard_task_runner.py:70: DeprecationWarning: This process (pid=8521) is multi-threaded, use of fork() may lead to deadlocks in the child.
  pid = os.fork()

[2025-01-24T02:06:11.012+0000] {standard_task_runner.py:72} INFO - Started process 8525 to run task
[2025-01-24T02:06:11.013+0000] {standard_task_runner.py:104} INFO - Running: ['***', 'tasks', 'run', 'my_dag', 'training_model_A', 'scheduled__2025-01-23T00:00:00+00:00', '--job-id', '72', '--raw', '--subdir', 'DAGS_FOLDER/my_dags.py', '--cfg-path', '/tmp/tmpvsefvy0v']
[2025-01-24T02:06:11.015+0000] {standard_task_runner.py:105} INFO - Job 72: Subtask training_model_A
[2025-01-24T02:06:11.091+0000] {task_command.py:467} INFO - Running <TaskInstance: my_dag.training_model_A scheduled__2025-01-23T00:00:00+00:00 [running]> on host f20f83373f6a
[2025-01-24T02:06:11.456+0000] {taskinstance.py:3132} INFO - Exporting env vars: AIRFLOW_CTX_DAG_OWNER='***' AIRFLOW_CTX_DAG_ID='my_dag' AIRFLOW_CTX_TASK_ID='training_model_A' AIRFLOW_CTX_EXECUTION_DATE='2025-01-23T00:00:00+00:00' AIRFLOW_CTX_TRY_NUMBER='1' AIRFLOW_CTX_DAG_RUN_ID='scheduled__2025-01-23T00:00:00+00:00'
[2025-01-24T02:06:11.466+0000] {logging_mixin.py:190} INFO - Task instance is in running state
[2025-01-24T02:06:11.478+0000] {logging_mixin.py:190} INFO -  Previous state of the Task instance: queued
[2025-01-24T02:06:11.494+0000] {logging_mixin.py:190} INFO - Current task name:training_model_A state:running start_date:2025-01-24 02:06:10.965381+00:00
[2025-01-24T02:06:11.506+0000] {logging_mixin.py:190} INFO - Dag name:my_dag and current dag run status:running
[2025-01-24T02:06:11.511+0000] {taskinstance.py:731} INFO - ::endgroup::
[2025-01-24T02:06:11.516+0000] {python.py:240} INFO - Done. Returned value was: 1
[2025-01-24T02:06:11.546+0000] {taskinstance.py:340} INFO - ::group::Post task execution logs
[2025-01-24T02:06:11.547+0000] {taskinstance.py:352} INFO - Marking task as SUCCESS. dag_id=my_dag, task_id=training_model_A, run_id=scheduled__2025-01-23T00:00:00+00:00, execution_date=20250123T000000, start_date=20250124T020610, end_date=20250124T020611
[2025-01-24T02:06:11.574+0000] {logging_mixin.py:190} INFO - Task instance in success state
[2025-01-24T02:06:11.575+0000] {logging_mixin.py:190} INFO -  Previous state of the Task instance: running
[2025-01-24T02:06:11.576+0000] {logging_mixin.py:190} INFO - Dag name:my_dag queued_at:2025-01-24 02:06:04.051979+00:00
[2025-01-24T02:06:11.577+0000] {logging_mixin.py:190} INFO - Task hostname:f20f83373f6a operator:PythonOperator
[2025-01-24T02:06:11.596+0000] {local_task_job_runner.py:266} INFO - Task exited with return code 0
[2025-01-24T02:06:11.809+0000] {taskinstance.py:3895} INFO - 1 downstream tasks scheduled from follow-on schedule check
[2025-01-24T02:06:11.813+0000] {local_task_job_runner.py:245} INFO - ::endgroup::
