[2025-01-26T02:08:27.539+0000] {local_task_job_runner.py:123} INFO - ::group::Pre task execution logs
[2025-01-26T02:08:27.571+0000] {taskinstance.py:2613} INFO - Dependencies all met for dep_context=non-requeueable deps ti=<TaskInstance: my_dag.accurate scheduled__2025-01-25T00:00:00+00:00 [queued]>
[2025-01-26T02:08:27.766+0000] {taskinstance.py:2613} INFO - Dependencies all met for dep_context=requeueable deps ti=<TaskInstance: my_dag.accurate scheduled__2025-01-25T00:00:00+00:00 [queued]>
[2025-01-26T02:08:27.767+0000] {taskinstance.py:2866} INFO - Starting attempt 1 of 1
[2025-01-26T02:08:27.787+0000] {taskinstance.py:2889} INFO - Executing <Task(BashOperator): accurate> on 2025-01-25 00:00:00+00:00
[2025-01-26T02:08:27.808+0000] {warnings.py:112} WARNING - /home/***/.local/lib/python3.12/site-packages/***/task/task_runner/standard_task_runner.py:70: DeprecationWarning: This process (pid=23205) is multi-threaded, use of fork() may lead to deadlocks in the child.
  pid = os.fork()

[2025-01-26T02:08:27.810+0000] {standard_task_runner.py:72} INFO - Started process 23207 to run task
[2025-01-26T02:08:27.811+0000] {standard_task_runner.py:104} INFO - Running: ['***', 'tasks', 'run', 'my_dag', 'accurate', 'scheduled__2025-01-25T00:00:00+00:00', '--job-id', '84', '--raw', '--subdir', 'DAGS_FOLDER/my_dags.py', '--cfg-path', '/tmp/tmph2dkemso']
[2025-01-26T02:08:27.813+0000] {standard_task_runner.py:105} INFO - Job 84: Subtask accurate
[2025-01-26T02:08:27.885+0000] {task_command.py:467} INFO - Running <TaskInstance: my_dag.accurate scheduled__2025-01-25T00:00:00+00:00 [running]> on host f20f83373f6a
[2025-01-26T02:08:28.019+0000] {taskinstance.py:3132} INFO - Exporting env vars: AIRFLOW_CTX_DAG_OWNER='***' AIRFLOW_CTX_DAG_ID='my_dag' AIRFLOW_CTX_TASK_ID='accurate' AIRFLOW_CTX_EXECUTION_DATE='2025-01-25T00:00:00+00:00' AIRFLOW_CTX_TRY_NUMBER='1' AIRFLOW_CTX_DAG_RUN_ID='scheduled__2025-01-25T00:00:00+00:00'
[2025-01-26T02:08:28.023+0000] {logging_mixin.py:190} INFO - Task instance is in running state
[2025-01-26T02:08:28.025+0000] {logging_mixin.py:190} INFO -  Previous state of the Task instance: queued
[2025-01-26T02:08:28.026+0000] {logging_mixin.py:190} INFO - Current task name:accurate state:running start_date:2025-01-26 02:08:27.572832+00:00
[2025-01-26T02:08:28.027+0000] {logging_mixin.py:190} INFO - Dag name:my_dag and current dag run status:running
[2025-01-26T02:08:28.028+0000] {taskinstance.py:731} INFO - ::endgroup::
[2025-01-26T02:08:28.031+0000] {subprocess.py:78} INFO - Tmp dir root location: /tmp
[2025-01-26T02:08:28.038+0000] {subprocess.py:88} INFO - Running command: ['/usr/bin/bash', '-c', "echo 'accurate'"]
[2025-01-26T02:08:28.061+0000] {subprocess.py:99} INFO - Output:
[2025-01-26T02:08:28.176+0000] {subprocess.py:106} INFO - accurate
[2025-01-26T02:08:28.178+0000] {subprocess.py:110} INFO - Command exited with return code 0
[2025-01-26T02:08:28.215+0000] {taskinstance.py:340} INFO - ::group::Post task execution logs
[2025-01-26T02:08:28.217+0000] {taskinstance.py:352} INFO - Marking task as SUCCESS. dag_id=my_dag, task_id=accurate, run_id=scheduled__2025-01-25T00:00:00+00:00, execution_date=20250125T000000, start_date=20250126T020827, end_date=20250126T020828
[2025-01-26T02:08:28.230+0000] {logging_mixin.py:190} INFO - Task instance in success state
[2025-01-26T02:08:28.231+0000] {logging_mixin.py:190} INFO -  Previous state of the Task instance: running
[2025-01-26T02:08:28.232+0000] {logging_mixin.py:190} INFO - Dag name:my_dag queued_at:2025-01-26 02:08:10.643460+00:00
[2025-01-26T02:08:28.233+0000] {logging_mixin.py:190} INFO - Task hostname:f20f83373f6a operator:BashOperator
[2025-01-26T02:08:28.272+0000] {local_task_job_runner.py:266} INFO - Task exited with return code 0
[2025-01-26T02:08:28.293+0000] {taskinstance.py:3895} INFO - 0 downstream tasks scheduled from follow-on schedule check
[2025-01-26T02:08:28.300+0000] {local_task_job_runner.py:245} INFO - ::endgroup::
