[2025-02-01T07:36:55.067+0000] {local_task_job_runner.py:123} INFO - ::group::Pre task execution logs
[2025-02-01T07:36:55.122+0000] {taskinstance.py:2613} INFO - Dependencies all met for dep_context=non-requeueable deps ti=<TaskInstance: my_dag.training_model_A scheduled__2025-01-31T00:00:00+00:00 [queued]>
[2025-02-01T07:36:55.143+0000] {taskinstance.py:2613} INFO - Dependencies all met for dep_context=requeueable deps ti=<TaskInstance: my_dag.training_model_A scheduled__2025-01-31T00:00:00+00:00 [queued]>
[2025-02-01T07:36:55.145+0000] {taskinstance.py:2866} INFO - Starting attempt 1 of 1
[2025-02-01T07:36:55.487+0000] {taskinstance.py:2889} INFO - Executing <Task(PythonOperator): training_model_A> on 2025-01-31 00:00:00+00:00
[2025-02-01T07:36:55.504+0000] {warnings.py:112} WARNING - /home/***/.local/lib/python3.12/site-packages/***/task/task_runner/standard_task_runner.py:70: DeprecationWarning: This process (pid=97) is multi-threaded, use of fork() may lead to deadlocks in the child.
  pid = os.fork()

[2025-02-01T07:36:55.510+0000] {standard_task_runner.py:72} INFO - Started process 110 to run task
[2025-02-01T07:36:55.520+0000] {standard_task_runner.py:104} INFO - Running: ['***', 'tasks', 'run', 'my_dag', 'training_model_A', 'scheduled__2025-01-31T00:00:00+00:00', '--job-id', '90', '--raw', '--subdir', 'DAGS_FOLDER/my_dags.py', '--cfg-path', '/tmp/tmp95jxwte9']
[2025-02-01T07:36:55.526+0000] {standard_task_runner.py:105} INFO - Job 90: Subtask training_model_A
[2025-02-01T07:36:55.702+0000] {task_command.py:467} INFO - Running <TaskInstance: my_dag.training_model_A scheduled__2025-01-31T00:00:00+00:00 [running]> on host f20f83373f6a
[2025-02-01T07:36:55.983+0000] {taskinstance.py:3132} INFO - Exporting env vars: AIRFLOW_CTX_DAG_OWNER='***' AIRFLOW_CTX_DAG_ID='my_dag' AIRFLOW_CTX_TASK_ID='training_model_A' AIRFLOW_CTX_EXECUTION_DATE='2025-01-31T00:00:00+00:00' AIRFLOW_CTX_TRY_NUMBER='1' AIRFLOW_CTX_DAG_RUN_ID='scheduled__2025-01-31T00:00:00+00:00'
[2025-02-01T07:36:55.999+0000] {logging_mixin.py:190} INFO - Task instance is in running state
[2025-02-01T07:36:56.000+0000] {logging_mixin.py:190} INFO -  Previous state of the Task instance: queued
[2025-02-01T07:36:56.001+0000] {logging_mixin.py:190} INFO - Current task name:training_model_A state:running start_date:2025-02-01 07:36:55.124318+00:00
[2025-02-01T07:36:56.002+0000] {logging_mixin.py:190} INFO - Dag name:my_dag and current dag run status:running
[2025-02-01T07:36:56.003+0000] {taskinstance.py:731} INFO - ::endgroup::
[2025-02-01T07:36:56.006+0000] {python.py:240} INFO - Done. Returned value was: 2
[2025-02-01T07:36:56.109+0000] {taskinstance.py:340} INFO - ::group::Post task execution logs
[2025-02-01T07:36:56.112+0000] {taskinstance.py:352} INFO - Marking task as SUCCESS. dag_id=my_dag, task_id=training_model_A, run_id=scheduled__2025-01-31T00:00:00+00:00, execution_date=20250131T000000, start_date=20250201T073655, end_date=20250201T073656
[2025-02-01T07:36:56.155+0000] {logging_mixin.py:190} INFO - Task instance in success state
[2025-02-01T07:36:56.157+0000] {logging_mixin.py:190} INFO -  Previous state of the Task instance: running
[2025-02-01T07:36:56.158+0000] {logging_mixin.py:190} INFO - Dag name:my_dag queued_at:2025-02-01 07:36:43.935385+00:00
[2025-02-01T07:36:56.158+0000] {logging_mixin.py:190} INFO - Task hostname:f20f83373f6a operator:PythonOperator
[2025-02-01T07:36:56.191+0000] {local_task_job_runner.py:266} INFO - Task exited with return code 0
[2025-02-01T07:36:56.239+0000] {taskinstance.py:3895} INFO - 1 downstream tasks scheduled from follow-on schedule check
[2025-02-01T07:36:56.245+0000] {local_task_job_runner.py:245} INFO - ::endgroup::
